[2024-05-07T21:00:53.154-0300] {processor.py:161} INFO - Started process (PID=71369) to work on /home/patricia/Documentos/airflow/airflow_venv/lib/python3.10/site-packages/airflow/example_dags/example_latest_only.py
[2024-05-07T21:00:53.171-0300] {processor.py:830} INFO - Processing file /home/patricia/Documentos/airflow/airflow_venv/lib/python3.10/site-packages/airflow/example_dags/example_latest_only.py for tasks to queue
[2024-05-07T21:00:53.188-0300] {logging_mixin.py:188} INFO - [2024-05-07T21:00:53.185-0300] {dagbag.py:545} INFO - Filling up the DagBag from /home/patricia/Documentos/airflow/airflow_venv/lib/python3.10/site-packages/airflow/example_dags/example_latest_only.py
[2024-05-07T21:00:53.218-0300] {processor.py:840} INFO - DAG(s) 'latest_only' retrieved from /home/patricia/Documentos/airflow/airflow_venv/lib/python3.10/site-packages/airflow/example_dags/example_latest_only.py
[2024-05-07T21:00:53.270-0300] {logging_mixin.py:188} INFO - [2024-05-07T21:00:53.270-0300] {dag.py:3096} INFO - Sync 1 DAGs
[2024-05-07T21:00:53.383-0300] {logging_mixin.py:188} INFO - [2024-05-07T21:00:53.383-0300] {dag.py:3954} INFO - Setting next_dagrun for latest_only to 2024-05-07 20:00:00+00:00, run_after=2024-05-08 00:00:00+00:00
[2024-05-07T21:00:53.486-0300] {processor.py:183} INFO - Processing /home/patricia/Documentos/airflow/airflow_venv/lib/python3.10/site-packages/airflow/example_dags/example_latest_only.py took 0.350 seconds
[2024-05-07T21:02:13.239-0300] {processor.py:161} INFO - Started process (PID=71498) to work on /home/patricia/Documentos/airflow/airflow_venv/lib/python3.10/site-packages/airflow/example_dags/example_latest_only.py
[2024-05-07T21:02:13.242-0300] {processor.py:830} INFO - Processing file /home/patricia/Documentos/airflow/airflow_venv/lib/python3.10/site-packages/airflow/example_dags/example_latest_only.py for tasks to queue
[2024-05-07T21:02:13.247-0300] {logging_mixin.py:188} INFO - [2024-05-07T21:02:13.246-0300] {dagbag.py:545} INFO - Filling up the DagBag from /home/patricia/Documentos/airflow/airflow_venv/lib/python3.10/site-packages/airflow/example_dags/example_latest_only.py
[2024-05-07T21:02:13.269-0300] {processor.py:840} INFO - DAG(s) 'latest_only' retrieved from /home/patricia/Documentos/airflow/airflow_venv/lib/python3.10/site-packages/airflow/example_dags/example_latest_only.py
[2024-05-07T21:02:13.337-0300] {logging_mixin.py:188} INFO - [2024-05-07T21:02:13.336-0300] {dag.py:3096} INFO - Sync 1 DAGs
[2024-05-07T21:02:13.380-0300] {logging_mixin.py:188} INFO - [2024-05-07T21:02:13.380-0300] {dag.py:3954} INFO - Setting next_dagrun for latest_only to 2024-05-07 20:00:00+00:00, run_after=2024-05-08 00:00:00+00:00
[2024-05-07T21:02:13.516-0300] {processor.py:183} INFO - Processing /home/patricia/Documentos/airflow/airflow_venv/lib/python3.10/site-packages/airflow/example_dags/example_latest_only.py took 0.315 seconds
[2024-05-07T21:03:39.065-0300] {processor.py:161} INFO - Started process (PID=71636) to work on /home/patricia/Documentos/airflow/airflow_venv/lib/python3.10/site-packages/airflow/example_dags/example_latest_only.py
[2024-05-07T21:03:39.099-0300] {processor.py:830} INFO - Processing file /home/patricia/Documentos/airflow/airflow_venv/lib/python3.10/site-packages/airflow/example_dags/example_latest_only.py for tasks to queue
[2024-05-07T21:03:39.114-0300] {logging_mixin.py:188} INFO - [2024-05-07T21:03:39.113-0300] {dagbag.py:545} INFO - Filling up the DagBag from /home/patricia/Documentos/airflow/airflow_venv/lib/python3.10/site-packages/airflow/example_dags/example_latest_only.py
[2024-05-07T21:03:39.125-0300] {processor.py:840} INFO - DAG(s) 'latest_only' retrieved from /home/patricia/Documentos/airflow/airflow_venv/lib/python3.10/site-packages/airflow/example_dags/example_latest_only.py
[2024-05-07T21:03:39.161-0300] {logging_mixin.py:188} INFO - [2024-05-07T21:03:39.161-0300] {dag.py:3096} INFO - Sync 1 DAGs
[2024-05-07T21:03:39.203-0300] {logging_mixin.py:188} INFO - [2024-05-07T21:03:39.203-0300] {dag.py:3954} INFO - Setting next_dagrun for latest_only to 2024-05-07 20:00:00+00:00, run_after=2024-05-08 00:00:00+00:00
[2024-05-07T21:03:39.252-0300] {processor.py:183} INFO - Processing /home/patricia/Documentos/airflow/airflow_venv/lib/python3.10/site-packages/airflow/example_dags/example_latest_only.py took 0.211 seconds
[2024-05-07T21:05:17.705-0300] {processor.py:161} INFO - Started process (PID=71797) to work on /home/patricia/Documentos/airflow/airflow_venv/lib/python3.10/site-packages/airflow/example_dags/example_latest_only.py
[2024-05-07T21:05:17.709-0300] {processor.py:830} INFO - Processing file /home/patricia/Documentos/airflow/airflow_venv/lib/python3.10/site-packages/airflow/example_dags/example_latest_only.py for tasks to queue
[2024-05-07T21:05:17.711-0300] {logging_mixin.py:188} INFO - [2024-05-07T21:05:17.711-0300] {dagbag.py:545} INFO - Filling up the DagBag from /home/patricia/Documentos/airflow/airflow_venv/lib/python3.10/site-packages/airflow/example_dags/example_latest_only.py
[2024-05-07T21:05:17.719-0300] {processor.py:840} INFO - DAG(s) 'latest_only' retrieved from /home/patricia/Documentos/airflow/airflow_venv/lib/python3.10/site-packages/airflow/example_dags/example_latest_only.py
[2024-05-07T21:05:17.738-0300] {logging_mixin.py:188} INFO - [2024-05-07T21:05:17.738-0300] {dag.py:3096} INFO - Sync 1 DAGs
[2024-05-07T21:05:17.820-0300] {logging_mixin.py:188} INFO - [2024-05-07T21:05:17.819-0300] {dag.py:3954} INFO - Setting next_dagrun for latest_only to 2024-05-07 20:00:00+00:00, run_after=2024-05-08 00:00:00+00:00
[2024-05-07T21:05:17.915-0300] {processor.py:183} INFO - Processing /home/patricia/Documentos/airflow/airflow_venv/lib/python3.10/site-packages/airflow/example_dags/example_latest_only.py took 0.221 seconds
