[2024-05-07T21:00:28.678-0300] {processor.py:161} INFO - Started process (PID=71329) to work on /home/patricia/Documentos/airflow/airflow_venv/lib/python3.10/site-packages/airflow/example_dags/example_python_operator.py
[2024-05-07T21:00:28.679-0300] {processor.py:830} INFO - Processing file /home/patricia/Documentos/airflow/airflow_venv/lib/python3.10/site-packages/airflow/example_dags/example_python_operator.py for tasks to queue
[2024-05-07T21:00:28.710-0300] {logging_mixin.py:188} INFO - [2024-05-07T21:00:28.709-0300] {dagbag.py:545} INFO - Filling up the DagBag from /home/patricia/Documentos/airflow/airflow_venv/lib/python3.10/site-packages/airflow/example_dags/example_python_operator.py
[2024-05-07T21:00:28.749-0300] {processor.py:840} INFO - DAG(s) 'example_python_operator' retrieved from /home/patricia/Documentos/airflow/airflow_venv/lib/python3.10/site-packages/airflow/example_dags/example_python_operator.py
[2024-05-07T21:00:28.794-0300] {logging_mixin.py:188} INFO - [2024-05-07T21:00:28.794-0300] {dag.py:3096} INFO - Sync 1 DAGs
[2024-05-07T21:00:28.834-0300] {logging_mixin.py:188} INFO - [2024-05-07T21:00:28.834-0300] {dag.py:3954} INFO - Setting next_dagrun for example_python_operator to None, run_after=None
[2024-05-07T21:00:28.908-0300] {processor.py:183} INFO - Processing /home/patricia/Documentos/airflow/airflow_venv/lib/python3.10/site-packages/airflow/example_dags/example_python_operator.py took 0.265 seconds
[2024-05-07T21:01:16.835-0300] {processor.py:161} INFO - Started process (PID=71407) to work on /home/patricia/Documentos/airflow/airflow_venv/lib/python3.10/site-packages/airflow/example_dags/example_python_operator.py
[2024-05-07T21:01:16.838-0300] {processor.py:830} INFO - Processing file /home/patricia/Documentos/airflow/airflow_venv/lib/python3.10/site-packages/airflow/example_dags/example_python_operator.py for tasks to queue
[2024-05-07T21:01:16.841-0300] {logging_mixin.py:188} INFO - [2024-05-07T21:01:16.840-0300] {dagbag.py:545} INFO - Filling up the DagBag from /home/patricia/Documentos/airflow/airflow_venv/lib/python3.10/site-packages/airflow/example_dags/example_python_operator.py
[2024-05-07T21:01:16.862-0300] {processor.py:840} INFO - DAG(s) 'example_python_operator' retrieved from /home/patricia/Documentos/airflow/airflow_venv/lib/python3.10/site-packages/airflow/example_dags/example_python_operator.py
[2024-05-07T21:01:16.893-0300] {logging_mixin.py:188} INFO - [2024-05-07T21:01:16.892-0300] {dag.py:3096} INFO - Sync 1 DAGs
[2024-05-07T21:01:16.906-0300] {logging_mixin.py:188} INFO - [2024-05-07T21:01:16.905-0300] {dag.py:3954} INFO - Setting next_dagrun for example_python_operator to None, run_after=None
[2024-05-07T21:01:16.981-0300] {processor.py:183} INFO - Processing /home/patricia/Documentos/airflow/airflow_venv/lib/python3.10/site-packages/airflow/example_dags/example_python_operator.py took 0.159 seconds
[2024-05-07T21:01:57.865-0300] {processor.py:161} INFO - Started process (PID=71478) to work on /home/patricia/Documentos/airflow/airflow_venv/lib/python3.10/site-packages/airflow/example_dags/example_python_operator.py
[2024-05-07T21:01:57.911-0300] {processor.py:830} INFO - Processing file /home/patricia/Documentos/airflow/airflow_venv/lib/python3.10/site-packages/airflow/example_dags/example_python_operator.py for tasks to queue
[2024-05-07T21:01:57.916-0300] {logging_mixin.py:188} INFO - [2024-05-07T21:01:57.913-0300] {dagbag.py:545} INFO - Filling up the DagBag from /home/patricia/Documentos/airflow/airflow_venv/lib/python3.10/site-packages/airflow/example_dags/example_python_operator.py
[2024-05-07T21:01:57.977-0300] {processor.py:840} INFO - DAG(s) 'example_python_operator' retrieved from /home/patricia/Documentos/airflow/airflow_venv/lib/python3.10/site-packages/airflow/example_dags/example_python_operator.py
[2024-05-07T21:01:58.040-0300] {logging_mixin.py:188} INFO - [2024-05-07T21:01:58.040-0300] {dag.py:3096} INFO - Sync 1 DAGs
[2024-05-07T21:01:58.081-0300] {logging_mixin.py:188} INFO - [2024-05-07T21:01:58.081-0300] {dag.py:3954} INFO - Setting next_dagrun for example_python_operator to None, run_after=None
[2024-05-07T21:01:58.243-0300] {processor.py:183} INFO - Processing /home/patricia/Documentos/airflow/airflow_venv/lib/python3.10/site-packages/airflow/example_dags/example_python_operator.py took 0.407 seconds
[2024-05-07T21:02:38.194-0300] {processor.py:161} INFO - Started process (PID=71537) to work on /home/patricia/Documentos/airflow/airflow_venv/lib/python3.10/site-packages/airflow/example_dags/example_python_operator.py
[2024-05-07T21:02:38.197-0300] {processor.py:830} INFO - Processing file /home/patricia/Documentos/airflow/airflow_venv/lib/python3.10/site-packages/airflow/example_dags/example_python_operator.py for tasks to queue
[2024-05-07T21:02:38.200-0300] {logging_mixin.py:188} INFO - [2024-05-07T21:02:38.199-0300] {dagbag.py:545} INFO - Filling up the DagBag from /home/patricia/Documentos/airflow/airflow_venv/lib/python3.10/site-packages/airflow/example_dags/example_python_operator.py
[2024-05-07T21:02:38.224-0300] {processor.py:840} INFO - DAG(s) 'example_python_operator' retrieved from /home/patricia/Documentos/airflow/airflow_venv/lib/python3.10/site-packages/airflow/example_dags/example_python_operator.py
[2024-05-07T21:02:38.285-0300] {logging_mixin.py:188} INFO - [2024-05-07T21:02:38.285-0300] {dag.py:3096} INFO - Sync 1 DAGs
[2024-05-07T21:02:38.309-0300] {logging_mixin.py:188} INFO - [2024-05-07T21:02:38.309-0300] {dag.py:3954} INFO - Setting next_dagrun for example_python_operator to None, run_after=None
[2024-05-07T21:02:38.438-0300] {processor.py:183} INFO - Processing /home/patricia/Documentos/airflow/airflow_venv/lib/python3.10/site-packages/airflow/example_dags/example_python_operator.py took 0.271 seconds
[2024-05-07T21:03:20.687-0300] {processor.py:161} INFO - Started process (PID=71603) to work on /home/patricia/Documentos/airflow/airflow_venv/lib/python3.10/site-packages/airflow/example_dags/example_python_operator.py
[2024-05-07T21:03:20.690-0300] {processor.py:830} INFO - Processing file /home/patricia/Documentos/airflow/airflow_venv/lib/python3.10/site-packages/airflow/example_dags/example_python_operator.py for tasks to queue
[2024-05-07T21:03:20.700-0300] {logging_mixin.py:188} INFO - [2024-05-07T21:03:20.694-0300] {dagbag.py:545} INFO - Filling up the DagBag from /home/patricia/Documentos/airflow/airflow_venv/lib/python3.10/site-packages/airflow/example_dags/example_python_operator.py
[2024-05-07T21:03:20.733-0300] {processor.py:840} INFO - DAG(s) 'example_python_operator' retrieved from /home/patricia/Documentos/airflow/airflow_venv/lib/python3.10/site-packages/airflow/example_dags/example_python_operator.py
[2024-05-07T21:03:20.800-0300] {logging_mixin.py:188} INFO - [2024-05-07T21:03:20.799-0300] {dag.py:3096} INFO - Sync 1 DAGs
[2024-05-07T21:03:20.822-0300] {logging_mixin.py:188} INFO - [2024-05-07T21:03:20.822-0300] {dag.py:3954} INFO - Setting next_dagrun for example_python_operator to None, run_after=None
[2024-05-07T21:03:20.916-0300] {processor.py:183} INFO - Processing /home/patricia/Documentos/airflow/airflow_venv/lib/python3.10/site-packages/airflow/example_dags/example_python_operator.py took 0.249 seconds
[2024-05-07T21:04:00.318-0300] {processor.py:161} INFO - Started process (PID=71673) to work on /home/patricia/Documentos/airflow/airflow_venv/lib/python3.10/site-packages/airflow/example_dags/example_python_operator.py
[2024-05-07T21:04:00.321-0300] {processor.py:830} INFO - Processing file /home/patricia/Documentos/airflow/airflow_venv/lib/python3.10/site-packages/airflow/example_dags/example_python_operator.py for tasks to queue
[2024-05-07T21:04:00.324-0300] {logging_mixin.py:188} INFO - [2024-05-07T21:04:00.323-0300] {dagbag.py:545} INFO - Filling up the DagBag from /home/patricia/Documentos/airflow/airflow_venv/lib/python3.10/site-packages/airflow/example_dags/example_python_operator.py
[2024-05-07T21:04:00.343-0300] {processor.py:840} INFO - DAG(s) 'example_python_operator' retrieved from /home/patricia/Documentos/airflow/airflow_venv/lib/python3.10/site-packages/airflow/example_dags/example_python_operator.py
[2024-05-07T21:04:00.395-0300] {logging_mixin.py:188} INFO - [2024-05-07T21:04:00.394-0300] {dag.py:3096} INFO - Sync 1 DAGs
[2024-05-07T21:04:00.413-0300] {logging_mixin.py:188} INFO - [2024-05-07T21:04:00.411-0300] {dag.py:3954} INFO - Setting next_dagrun for example_python_operator to None, run_after=None
[2024-05-07T21:04:00.493-0300] {processor.py:183} INFO - Processing /home/patricia/Documentos/airflow/airflow_venv/lib/python3.10/site-packages/airflow/example_dags/example_python_operator.py took 0.191 seconds
[2024-05-07T21:04:52.954-0300] {processor.py:161} INFO - Started process (PID=71762) to work on /home/patricia/Documentos/airflow/airflow_venv/lib/python3.10/site-packages/airflow/example_dags/example_python_operator.py
[2024-05-07T21:04:52.958-0300] {processor.py:830} INFO - Processing file /home/patricia/Documentos/airflow/airflow_venv/lib/python3.10/site-packages/airflow/example_dags/example_python_operator.py for tasks to queue
[2024-05-07T21:04:52.961-0300] {logging_mixin.py:188} INFO - [2024-05-07T21:04:52.960-0300] {dagbag.py:545} INFO - Filling up the DagBag from /home/patricia/Documentos/airflow/airflow_venv/lib/python3.10/site-packages/airflow/example_dags/example_python_operator.py
[2024-05-07T21:04:52.985-0300] {processor.py:840} INFO - DAG(s) 'example_python_operator' retrieved from /home/patricia/Documentos/airflow/airflow_venv/lib/python3.10/site-packages/airflow/example_dags/example_python_operator.py
[2024-05-07T21:04:53.038-0300] {logging_mixin.py:188} INFO - [2024-05-07T21:04:53.037-0300] {dag.py:3096} INFO - Sync 1 DAGs
[2024-05-07T21:04:53.074-0300] {logging_mixin.py:188} INFO - [2024-05-07T21:04:53.074-0300] {dag.py:3954} INFO - Setting next_dagrun for example_python_operator to None, run_after=None
[2024-05-07T21:04:53.186-0300] {processor.py:183} INFO - Processing /home/patricia/Documentos/airflow/airflow_venv/lib/python3.10/site-packages/airflow/example_dags/example_python_operator.py took 0.248 seconds
[2024-05-07T21:05:38.934-0300] {processor.py:161} INFO - Started process (PID=71834) to work on /home/patricia/Documentos/airflow/airflow_venv/lib/python3.10/site-packages/airflow/example_dags/example_python_operator.py
[2024-05-07T21:05:38.937-0300] {processor.py:830} INFO - Processing file /home/patricia/Documentos/airflow/airflow_venv/lib/python3.10/site-packages/airflow/example_dags/example_python_operator.py for tasks to queue
[2024-05-07T21:05:38.940-0300] {logging_mixin.py:188} INFO - [2024-05-07T21:05:38.939-0300] {dagbag.py:545} INFO - Filling up the DagBag from /home/patricia/Documentos/airflow/airflow_venv/lib/python3.10/site-packages/airflow/example_dags/example_python_operator.py
[2024-05-07T21:05:38.974-0300] {processor.py:840} INFO - DAG(s) 'example_python_operator' retrieved from /home/patricia/Documentos/airflow/airflow_venv/lib/python3.10/site-packages/airflow/example_dags/example_python_operator.py
[2024-05-07T21:05:39.038-0300] {logging_mixin.py:188} INFO - [2024-05-07T21:05:39.038-0300] {dag.py:3096} INFO - Sync 1 DAGs
[2024-05-07T21:05:39.066-0300] {logging_mixin.py:188} INFO - [2024-05-07T21:05:39.066-0300] {dag.py:3954} INFO - Setting next_dagrun for example_python_operator to None, run_after=None
[2024-05-07T21:05:39.113-0300] {processor.py:183} INFO - Processing /home/patricia/Documentos/airflow/airflow_venv/lib/python3.10/site-packages/airflow/example_dags/example_python_operator.py took 0.260 seconds
