[2024-05-07T21:00:59.750-0300] {processor.py:161} INFO - Started process (PID=71375) to work on /home/patricia/Documentos/airflow/airflow_venv/lib/python3.10/site-packages/airflow/example_dags/example_branch_python_dop_operator_3.py
[2024-05-07T21:00:59.753-0300] {processor.py:830} INFO - Processing file /home/patricia/Documentos/airflow/airflow_venv/lib/python3.10/site-packages/airflow/example_dags/example_branch_python_dop_operator_3.py for tasks to queue
[2024-05-07T21:00:59.775-0300] {logging_mixin.py:188} INFO - [2024-05-07T21:00:59.775-0300] {dagbag.py:545} INFO - Filling up the DagBag from /home/patricia/Documentos/airflow/airflow_venv/lib/python3.10/site-packages/airflow/example_dags/example_branch_python_dop_operator_3.py
[2024-05-07T21:00:59.840-0300] {processor.py:840} INFO - DAG(s) 'example_branch_dop_operator_v3' retrieved from /home/patricia/Documentos/airflow/airflow_venv/lib/python3.10/site-packages/airflow/example_dags/example_branch_python_dop_operator_3.py
[2024-05-07T21:00:59.916-0300] {logging_mixin.py:188} INFO - [2024-05-07T21:00:59.915-0300] {dag.py:3096} INFO - Sync 1 DAGs
[2024-05-07T21:01:00.043-0300] {logging_mixin.py:188} INFO - [2024-05-07T21:01:00.043-0300] {dag.py:3954} INFO - Setting next_dagrun for example_branch_dop_operator_v3 to 2024-05-08 00:00:00+00:00, run_after=2024-05-08 00:01:00+00:00
[2024-05-07T21:01:00.198-0300] {processor.py:183} INFO - Processing /home/patricia/Documentos/airflow/airflow_venv/lib/python3.10/site-packages/airflow/example_dags/example_branch_python_dop_operator_3.py took 0.479 seconds
[2024-05-07T21:02:18.976-0300] {processor.py:161} INFO - Started process (PID=71509) to work on /home/patricia/Documentos/airflow/airflow_venv/lib/python3.10/site-packages/airflow/example_dags/example_branch_python_dop_operator_3.py
[2024-05-07T21:02:18.981-0300] {processor.py:830} INFO - Processing file /home/patricia/Documentos/airflow/airflow_venv/lib/python3.10/site-packages/airflow/example_dags/example_branch_python_dop_operator_3.py for tasks to queue
[2024-05-07T21:02:18.992-0300] {logging_mixin.py:188} INFO - [2024-05-07T21:02:18.991-0300] {dagbag.py:545} INFO - Filling up the DagBag from /home/patricia/Documentos/airflow/airflow_venv/lib/python3.10/site-packages/airflow/example_dags/example_branch_python_dop_operator_3.py
[2024-05-07T21:02:19.058-0300] {processor.py:840} INFO - DAG(s) 'example_branch_dop_operator_v3' retrieved from /home/patricia/Documentos/airflow/airflow_venv/lib/python3.10/site-packages/airflow/example_dags/example_branch_python_dop_operator_3.py
[2024-05-07T21:02:19.127-0300] {logging_mixin.py:188} INFO - [2024-05-07T21:02:19.126-0300] {dag.py:3096} INFO - Sync 1 DAGs
[2024-05-07T21:02:19.187-0300] {logging_mixin.py:188} INFO - [2024-05-07T21:02:19.187-0300] {dag.py:3954} INFO - Setting next_dagrun for example_branch_dop_operator_v3 to 2024-05-08 00:01:00+00:00, run_after=2024-05-08 00:02:00+00:00
[2024-05-07T21:02:19.321-0300] {processor.py:183} INFO - Processing /home/patricia/Documentos/airflow/airflow_venv/lib/python3.10/site-packages/airflow/example_dags/example_branch_python_dop_operator_3.py took 0.356 seconds
[2024-05-07T21:03:44.439-0300] {processor.py:161} INFO - Started process (PID=71642) to work on /home/patricia/Documentos/airflow/airflow_venv/lib/python3.10/site-packages/airflow/example_dags/example_branch_python_dop_operator_3.py
[2024-05-07T21:03:44.444-0300] {processor.py:830} INFO - Processing file /home/patricia/Documentos/airflow/airflow_venv/lib/python3.10/site-packages/airflow/example_dags/example_branch_python_dop_operator_3.py for tasks to queue
[2024-05-07T21:03:44.447-0300] {logging_mixin.py:188} INFO - [2024-05-07T21:03:44.447-0300] {dagbag.py:545} INFO - Filling up the DagBag from /home/patricia/Documentos/airflow/airflow_venv/lib/python3.10/site-packages/airflow/example_dags/example_branch_python_dop_operator_3.py
[2024-05-07T21:03:44.476-0300] {processor.py:840} INFO - DAG(s) 'example_branch_dop_operator_v3' retrieved from /home/patricia/Documentos/airflow/airflow_venv/lib/python3.10/site-packages/airflow/example_dags/example_branch_python_dop_operator_3.py
[2024-05-07T21:03:44.509-0300] {logging_mixin.py:188} INFO - [2024-05-07T21:03:44.509-0300] {dag.py:3096} INFO - Sync 1 DAGs
[2024-05-07T21:03:44.560-0300] {logging_mixin.py:188} INFO - [2024-05-07T21:03:44.559-0300] {dag.py:3954} INFO - Setting next_dagrun for example_branch_dop_operator_v3 to 2024-05-08 00:02:00+00:00, run_after=2024-05-08 00:03:00+00:00
[2024-05-07T21:03:44.602-0300] {processor.py:183} INFO - Processing /home/patricia/Documentos/airflow/airflow_venv/lib/python3.10/site-packages/airflow/example_dags/example_branch_python_dop_operator_3.py took 0.172 seconds
[2024-05-07T21:05:21.987-0300] {processor.py:161} INFO - Started process (PID=71807) to work on /home/patricia/Documentos/airflow/airflow_venv/lib/python3.10/site-packages/airflow/example_dags/example_branch_python_dop_operator_3.py
[2024-05-07T21:05:22.024-0300] {processor.py:830} INFO - Processing file /home/patricia/Documentos/airflow/airflow_venv/lib/python3.10/site-packages/airflow/example_dags/example_branch_python_dop_operator_3.py for tasks to queue
[2024-05-07T21:05:22.044-0300] {logging_mixin.py:188} INFO - [2024-05-07T21:05:22.031-0300] {dagbag.py:545} INFO - Filling up the DagBag from /home/patricia/Documentos/airflow/airflow_venv/lib/python3.10/site-packages/airflow/example_dags/example_branch_python_dop_operator_3.py
[2024-05-07T21:05:22.092-0300] {processor.py:840} INFO - DAG(s) 'example_branch_dop_operator_v3' retrieved from /home/patricia/Documentos/airflow/airflow_venv/lib/python3.10/site-packages/airflow/example_dags/example_branch_python_dop_operator_3.py
[2024-05-07T21:05:22.142-0300] {logging_mixin.py:188} INFO - [2024-05-07T21:05:22.139-0300] {dag.py:3096} INFO - Sync 1 DAGs
[2024-05-07T21:05:22.200-0300] {logging_mixin.py:188} INFO - [2024-05-07T21:05:22.200-0300] {dag.py:3954} INFO - Setting next_dagrun for example_branch_dop_operator_v3 to 2024-05-08 00:04:00+00:00, run_after=2024-05-08 00:05:00+00:00
[2024-05-07T21:05:22.268-0300] {processor.py:183} INFO - Processing /home/patricia/Documentos/airflow/airflow_venv/lib/python3.10/site-packages/airflow/example_dags/example_branch_python_dop_operator_3.py took 0.301 seconds
