[2024-05-07T21:00:45.211-0300] {processor.py:161} INFO - Started process (PID=71350) to work on /home/patricia/Documentos/airflow/airflow_venv/lib/python3.10/site-packages/airflow/example_dags/example_task_group_decorator.py
[2024-05-07T21:00:45.213-0300] {processor.py:830} INFO - Processing file /home/patricia/Documentos/airflow/airflow_venv/lib/python3.10/site-packages/airflow/example_dags/example_task_group_decorator.py for tasks to queue
[2024-05-07T21:00:45.220-0300] {logging_mixin.py:188} INFO - [2024-05-07T21:00:45.220-0300] {dagbag.py:545} INFO - Filling up the DagBag from /home/patricia/Documentos/airflow/airflow_venv/lib/python3.10/site-packages/airflow/example_dags/example_task_group_decorator.py
[2024-05-07T21:00:45.255-0300] {processor.py:840} INFO - DAG(s) 'example_task_group_decorator' retrieved from /home/patricia/Documentos/airflow/airflow_venv/lib/python3.10/site-packages/airflow/example_dags/example_task_group_decorator.py
[2024-05-07T21:00:45.332-0300] {logging_mixin.py:188} INFO - [2024-05-07T21:00:45.331-0300] {dag.py:3096} INFO - Sync 1 DAGs
[2024-05-07T21:00:45.392-0300] {logging_mixin.py:188} INFO - [2024-05-07T21:00:45.392-0300] {dag.py:3954} INFO - Setting next_dagrun for example_task_group_decorator to 2024-05-07 00:00:00+00:00, run_after=2024-05-08 00:00:00+00:00
[2024-05-07T21:00:45.499-0300] {processor.py:183} INFO - Processing /home/patricia/Documentos/airflow/airflow_venv/lib/python3.10/site-packages/airflow/example_dags/example_task_group_decorator.py took 0.339 seconds
[2024-05-07T21:02:05.319-0300] {processor.py:161} INFO - Started process (PID=71484) to work on /home/patricia/Documentos/airflow/airflow_venv/lib/python3.10/site-packages/airflow/example_dags/example_task_group_decorator.py
[2024-05-07T21:02:05.323-0300] {processor.py:830} INFO - Processing file /home/patricia/Documentos/airflow/airflow_venv/lib/python3.10/site-packages/airflow/example_dags/example_task_group_decorator.py for tasks to queue
[2024-05-07T21:02:05.325-0300] {logging_mixin.py:188} INFO - [2024-05-07T21:02:05.325-0300] {dagbag.py:545} INFO - Filling up the DagBag from /home/patricia/Documentos/airflow/airflow_venv/lib/python3.10/site-packages/airflow/example_dags/example_task_group_decorator.py
[2024-05-07T21:02:05.370-0300] {processor.py:840} INFO - DAG(s) 'example_task_group_decorator' retrieved from /home/patricia/Documentos/airflow/airflow_venv/lib/python3.10/site-packages/airflow/example_dags/example_task_group_decorator.py
[2024-05-07T21:02:05.440-0300] {logging_mixin.py:188} INFO - [2024-05-07T21:02:05.439-0300] {dag.py:3096} INFO - Sync 1 DAGs
[2024-05-07T21:02:05.502-0300] {logging_mixin.py:188} INFO - [2024-05-07T21:02:05.502-0300] {dag.py:3954} INFO - Setting next_dagrun for example_task_group_decorator to 2024-05-07 00:00:00+00:00, run_after=2024-05-08 00:00:00+00:00
[2024-05-07T21:02:05.595-0300] {processor.py:183} INFO - Processing /home/patricia/Documentos/airflow/airflow_venv/lib/python3.10/site-packages/airflow/example_dags/example_task_group_decorator.py took 0.289 seconds
[2024-05-07T21:03:31.128-0300] {processor.py:161} INFO - Started process (PID=71623) to work on /home/patricia/Documentos/airflow/airflow_venv/lib/python3.10/site-packages/airflow/example_dags/example_task_group_decorator.py
[2024-05-07T21:03:31.166-0300] {processor.py:830} INFO - Processing file /home/patricia/Documentos/airflow/airflow_venv/lib/python3.10/site-packages/airflow/example_dags/example_task_group_decorator.py for tasks to queue
[2024-05-07T21:03:31.171-0300] {logging_mixin.py:188} INFO - [2024-05-07T21:03:31.170-0300] {dagbag.py:545} INFO - Filling up the DagBag from /home/patricia/Documentos/airflow/airflow_venv/lib/python3.10/site-packages/airflow/example_dags/example_task_group_decorator.py
[2024-05-07T21:03:31.231-0300] {processor.py:840} INFO - DAG(s) 'example_task_group_decorator' retrieved from /home/patricia/Documentos/airflow/airflow_venv/lib/python3.10/site-packages/airflow/example_dags/example_task_group_decorator.py
[2024-05-07T21:03:31.275-0300] {logging_mixin.py:188} INFO - [2024-05-07T21:03:31.275-0300] {dag.py:3096} INFO - Sync 1 DAGs
[2024-05-07T21:03:31.312-0300] {logging_mixin.py:188} INFO - [2024-05-07T21:03:31.311-0300] {dag.py:3954} INFO - Setting next_dagrun for example_task_group_decorator to 2024-05-07 00:00:00+00:00, run_after=2024-05-08 00:00:00+00:00
[2024-05-07T21:03:31.371-0300] {processor.py:183} INFO - Processing /home/patricia/Documentos/airflow/airflow_venv/lib/python3.10/site-packages/airflow/example_dags/example_task_group_decorator.py took 0.264 seconds
[2024-05-07T21:05:08.889-0300] {processor.py:161} INFO - Started process (PID=71783) to work on /home/patricia/Documentos/airflow/airflow_venv/lib/python3.10/site-packages/airflow/example_dags/example_task_group_decorator.py
[2024-05-07T21:05:08.892-0300] {processor.py:830} INFO - Processing file /home/patricia/Documentos/airflow/airflow_venv/lib/python3.10/site-packages/airflow/example_dags/example_task_group_decorator.py for tasks to queue
[2024-05-07T21:05:08.894-0300] {logging_mixin.py:188} INFO - [2024-05-07T21:05:08.894-0300] {dagbag.py:545} INFO - Filling up the DagBag from /home/patricia/Documentos/airflow/airflow_venv/lib/python3.10/site-packages/airflow/example_dags/example_task_group_decorator.py
[2024-05-07T21:05:08.915-0300] {processor.py:840} INFO - DAG(s) 'example_task_group_decorator' retrieved from /home/patricia/Documentos/airflow/airflow_venv/lib/python3.10/site-packages/airflow/example_dags/example_task_group_decorator.py
[2024-05-07T21:05:08.948-0300] {logging_mixin.py:188} INFO - [2024-05-07T21:05:08.947-0300] {dag.py:3096} INFO - Sync 1 DAGs
[2024-05-07T21:05:08.993-0300] {logging_mixin.py:188} INFO - [2024-05-07T21:05:08.993-0300] {dag.py:3954} INFO - Setting next_dagrun for example_task_group_decorator to 2024-05-07 00:00:00+00:00, run_after=2024-05-08 00:00:00+00:00
[2024-05-07T21:05:09.114-0300] {processor.py:183} INFO - Processing /home/patricia/Documentos/airflow/airflow_venv/lib/python3.10/site-packages/airflow/example_dags/example_task_group_decorator.py took 0.249 seconds
