[2024-05-07T21:01:07.251-0300] {processor.py:161} INFO - Started process (PID=71388) to work on /home/patricia/Documentos/airflow/airflow_venv/lib/python3.10/site-packages/airflow/example_dags/example_bash_operator.py
[2024-05-07T21:01:07.254-0300] {processor.py:830} INFO - Processing file /home/patricia/Documentos/airflow/airflow_venv/lib/python3.10/site-packages/airflow/example_dags/example_bash_operator.py for tasks to queue
[2024-05-07T21:01:07.260-0300] {logging_mixin.py:188} INFO - [2024-05-07T21:01:07.258-0300] {dagbag.py:545} INFO - Filling up the DagBag from /home/patricia/Documentos/airflow/airflow_venv/lib/python3.10/site-packages/airflow/example_dags/example_bash_operator.py
[2024-05-07T21:01:07.334-0300] {processor.py:840} INFO - DAG(s) 'example_bash_operator' retrieved from /home/patricia/Documentos/airflow/airflow_venv/lib/python3.10/site-packages/airflow/example_dags/example_bash_operator.py
[2024-05-07T21:01:07.391-0300] {logging_mixin.py:188} INFO - [2024-05-07T21:01:07.391-0300] {dag.py:3096} INFO - Sync 1 DAGs
[2024-05-07T21:01:07.432-0300] {logging_mixin.py:188} INFO - [2024-05-07T21:01:07.432-0300] {dag.py:3954} INFO - Setting next_dagrun for example_bash_operator to 2024-05-07 00:00:00+00:00, run_after=2024-05-08 00:00:00+00:00
[2024-05-07T21:01:07.529-0300] {processor.py:183} INFO - Processing /home/patricia/Documentos/airflow/airflow_venv/lib/python3.10/site-packages/airflow/example_dags/example_bash_operator.py took 0.350 seconds
[2024-05-07T21:02:26.010-0300] {processor.py:161} INFO - Started process (PID=71515) to work on /home/patricia/Documentos/airflow/airflow_venv/lib/python3.10/site-packages/airflow/example_dags/example_bash_operator.py
[2024-05-07T21:02:26.012-0300] {processor.py:830} INFO - Processing file /home/patricia/Documentos/airflow/airflow_venv/lib/python3.10/site-packages/airflow/example_dags/example_bash_operator.py for tasks to queue
[2024-05-07T21:02:26.022-0300] {logging_mixin.py:188} INFO - [2024-05-07T21:02:26.021-0300] {dagbag.py:545} INFO - Filling up the DagBag from /home/patricia/Documentos/airflow/airflow_venv/lib/python3.10/site-packages/airflow/example_dags/example_bash_operator.py
[2024-05-07T21:02:26.053-0300] {processor.py:840} INFO - DAG(s) 'example_bash_operator' retrieved from /home/patricia/Documentos/airflow/airflow_venv/lib/python3.10/site-packages/airflow/example_dags/example_bash_operator.py
[2024-05-07T21:02:26.125-0300] {logging_mixin.py:188} INFO - [2024-05-07T21:02:26.124-0300] {dag.py:3096} INFO - Sync 1 DAGs
[2024-05-07T21:02:26.192-0300] {logging_mixin.py:188} INFO - [2024-05-07T21:02:26.191-0300] {dag.py:3954} INFO - Setting next_dagrun for example_bash_operator to 2024-05-07 00:00:00+00:00, run_after=2024-05-08 00:00:00+00:00
[2024-05-07T21:02:26.322-0300] {processor.py:183} INFO - Processing /home/patricia/Documentos/airflow/airflow_venv/lib/python3.10/site-packages/airflow/example_dags/example_bash_operator.py took 0.324 seconds
[2024-05-07T21:03:51.065-0300] {processor.py:161} INFO - Started process (PID=71660) to work on /home/patricia/Documentos/airflow/airflow_venv/lib/python3.10/site-packages/airflow/example_dags/example_bash_operator.py
[2024-05-07T21:03:51.071-0300] {processor.py:830} INFO - Processing file /home/patricia/Documentos/airflow/airflow_venv/lib/python3.10/site-packages/airflow/example_dags/example_bash_operator.py for tasks to queue
[2024-05-07T21:03:51.075-0300] {logging_mixin.py:188} INFO - [2024-05-07T21:03:51.074-0300] {dagbag.py:545} INFO - Filling up the DagBag from /home/patricia/Documentos/airflow/airflow_venv/lib/python3.10/site-packages/airflow/example_dags/example_bash_operator.py
[2024-05-07T21:03:51.112-0300] {processor.py:840} INFO - DAG(s) 'example_bash_operator' retrieved from /home/patricia/Documentos/airflow/airflow_venv/lib/python3.10/site-packages/airflow/example_dags/example_bash_operator.py
[2024-05-07T21:03:51.175-0300] {logging_mixin.py:188} INFO - [2024-05-07T21:03:51.175-0300] {dag.py:3096} INFO - Sync 1 DAGs
[2024-05-07T21:03:51.206-0300] {logging_mixin.py:188} INFO - [2024-05-07T21:03:51.205-0300] {dag.py:3954} INFO - Setting next_dagrun for example_bash_operator to 2024-05-07 00:00:00+00:00, run_after=2024-05-08 00:00:00+00:00
[2024-05-07T21:03:51.293-0300] {processor.py:183} INFO - Processing /home/patricia/Documentos/airflow/airflow_venv/lib/python3.10/site-packages/airflow/example_dags/example_bash_operator.py took 0.244 seconds
[2024-05-07T21:05:28.405-0300] {processor.py:161} INFO - Started process (PID=71817) to work on /home/patricia/Documentos/airflow/airflow_venv/lib/python3.10/site-packages/airflow/example_dags/example_bash_operator.py
[2024-05-07T21:05:28.408-0300] {processor.py:830} INFO - Processing file /home/patricia/Documentos/airflow/airflow_venv/lib/python3.10/site-packages/airflow/example_dags/example_bash_operator.py for tasks to queue
[2024-05-07T21:05:28.410-0300] {logging_mixin.py:188} INFO - [2024-05-07T21:05:28.410-0300] {dagbag.py:545} INFO - Filling up the DagBag from /home/patricia/Documentos/airflow/airflow_venv/lib/python3.10/site-packages/airflow/example_dags/example_bash_operator.py
[2024-05-07T21:05:28.435-0300] {processor.py:840} INFO - DAG(s) 'example_bash_operator' retrieved from /home/patricia/Documentos/airflow/airflow_venv/lib/python3.10/site-packages/airflow/example_dags/example_bash_operator.py
[2024-05-07T21:05:28.538-0300] {logging_mixin.py:188} INFO - [2024-05-07T21:05:28.537-0300] {dag.py:3096} INFO - Sync 1 DAGs
[2024-05-07T21:05:28.591-0300] {logging_mixin.py:188} INFO - [2024-05-07T21:05:28.591-0300] {dag.py:3954} INFO - Setting next_dagrun for example_bash_operator to 2024-05-07 00:00:00+00:00, run_after=2024-05-08 00:00:00+00:00
[2024-05-07T21:05:28.658-0300] {processor.py:183} INFO - Processing /home/patricia/Documentos/airflow/airflow_venv/lib/python3.10/site-packages/airflow/example_dags/example_bash_operator.py took 0.271 seconds
