[2024-05-07T21:00:46.829-0300] {processor.py:161} INFO - Started process (PID=71353) to work on /home/patricia/Documentos/airflow/airflow_venv/lib/python3.10/site-packages/airflow/example_dags/example_setup_teardown_taskflow.py
[2024-05-07T21:00:46.833-0300] {processor.py:830} INFO - Processing file /home/patricia/Documentos/airflow/airflow_venv/lib/python3.10/site-packages/airflow/example_dags/example_setup_teardown_taskflow.py for tasks to queue
[2024-05-07T21:00:46.839-0300] {logging_mixin.py:188} INFO - [2024-05-07T21:00:46.838-0300] {dagbag.py:545} INFO - Filling up the DagBag from /home/patricia/Documentos/airflow/airflow_venv/lib/python3.10/site-packages/airflow/example_dags/example_setup_teardown_taskflow.py
[2024-05-07T21:00:46.939-0300] {processor.py:840} INFO - DAG(s) 'example_setup_teardown_taskflow' retrieved from /home/patricia/Documentos/airflow/airflow_venv/lib/python3.10/site-packages/airflow/example_dags/example_setup_teardown_taskflow.py
[2024-05-07T21:00:46.990-0300] {logging_mixin.py:188} INFO - [2024-05-07T21:00:46.990-0300] {dag.py:3096} INFO - Sync 1 DAGs
[2024-05-07T21:00:47.097-0300] {logging_mixin.py:188} INFO - [2024-05-07T21:00:47.096-0300] {dag.py:3954} INFO - Setting next_dagrun for example_setup_teardown_taskflow to 2024-05-07 00:00:00+00:00, run_after=2024-05-08 00:00:00+00:00
[2024-05-07T21:00:47.207-0300] {processor.py:183} INFO - Processing /home/patricia/Documentos/airflow/airflow_venv/lib/python3.10/site-packages/airflow/example_dags/example_setup_teardown_taskflow.py took 0.398 seconds
[2024-05-07T21:02:05.984-0300] {processor.py:161} INFO - Started process (PID=71485) to work on /home/patricia/Documentos/airflow/airflow_venv/lib/python3.10/site-packages/airflow/example_dags/example_setup_teardown_taskflow.py
[2024-05-07T21:02:06.011-0300] {processor.py:830} INFO - Processing file /home/patricia/Documentos/airflow/airflow_venv/lib/python3.10/site-packages/airflow/example_dags/example_setup_teardown_taskflow.py for tasks to queue
[2024-05-07T21:02:06.023-0300] {logging_mixin.py:188} INFO - [2024-05-07T21:02:06.022-0300] {dagbag.py:545} INFO - Filling up the DagBag from /home/patricia/Documentos/airflow/airflow_venv/lib/python3.10/site-packages/airflow/example_dags/example_setup_teardown_taskflow.py
[2024-05-07T21:02:06.059-0300] {processor.py:840} INFO - DAG(s) 'example_setup_teardown_taskflow' retrieved from /home/patricia/Documentos/airflow/airflow_venv/lib/python3.10/site-packages/airflow/example_dags/example_setup_teardown_taskflow.py
[2024-05-07T21:02:06.115-0300] {logging_mixin.py:188} INFO - [2024-05-07T21:02:06.114-0300] {dag.py:3096} INFO - Sync 1 DAGs
[2024-05-07T21:02:06.222-0300] {logging_mixin.py:188} INFO - [2024-05-07T21:02:06.222-0300] {dag.py:3954} INFO - Setting next_dagrun for example_setup_teardown_taskflow to 2024-05-07 00:00:00+00:00, run_after=2024-05-08 00:00:00+00:00
[2024-05-07T21:02:06.334-0300] {processor.py:183} INFO - Processing /home/patricia/Documentos/airflow/airflow_venv/lib/python3.10/site-packages/airflow/example_dags/example_setup_teardown_taskflow.py took 0.369 seconds
[2024-05-07T21:03:32.581-0300] {processor.py:161} INFO - Started process (PID=71624) to work on /home/patricia/Documentos/airflow/airflow_venv/lib/python3.10/site-packages/airflow/example_dags/example_setup_teardown_taskflow.py
[2024-05-07T21:03:32.587-0300] {processor.py:830} INFO - Processing file /home/patricia/Documentos/airflow/airflow_venv/lib/python3.10/site-packages/airflow/example_dags/example_setup_teardown_taskflow.py for tasks to queue
[2024-05-07T21:03:32.590-0300] {logging_mixin.py:188} INFO - [2024-05-07T21:03:32.590-0300] {dagbag.py:545} INFO - Filling up the DagBag from /home/patricia/Documentos/airflow/airflow_venv/lib/python3.10/site-packages/airflow/example_dags/example_setup_teardown_taskflow.py
[2024-05-07T21:03:32.683-0300] {processor.py:840} INFO - DAG(s) 'example_setup_teardown_taskflow' retrieved from /home/patricia/Documentos/airflow/airflow_venv/lib/python3.10/site-packages/airflow/example_dags/example_setup_teardown_taskflow.py
[2024-05-07T21:03:32.733-0300] {logging_mixin.py:188} INFO - [2024-05-07T21:03:32.733-0300] {dag.py:3096} INFO - Sync 1 DAGs
[2024-05-07T21:03:32.774-0300] {logging_mixin.py:188} INFO - [2024-05-07T21:03:32.773-0300] {dag.py:3954} INFO - Setting next_dagrun for example_setup_teardown_taskflow to 2024-05-07 00:00:00+00:00, run_after=2024-05-08 00:00:00+00:00
[2024-05-07T21:03:32.861-0300] {processor.py:183} INFO - Processing /home/patricia/Documentos/airflow/airflow_venv/lib/python3.10/site-packages/airflow/example_dags/example_setup_teardown_taskflow.py took 0.291 seconds
[2024-05-07T21:05:09.512-0300] {processor.py:161} INFO - Started process (PID=71784) to work on /home/patricia/Documentos/airflow/airflow_venv/lib/python3.10/site-packages/airflow/example_dags/example_setup_teardown_taskflow.py
[2024-05-07T21:05:09.516-0300] {processor.py:830} INFO - Processing file /home/patricia/Documentos/airflow/airflow_venv/lib/python3.10/site-packages/airflow/example_dags/example_setup_teardown_taskflow.py for tasks to queue
[2024-05-07T21:05:09.519-0300] {logging_mixin.py:188} INFO - [2024-05-07T21:05:09.518-0300] {dagbag.py:545} INFO - Filling up the DagBag from /home/patricia/Documentos/airflow/airflow_venv/lib/python3.10/site-packages/airflow/example_dags/example_setup_teardown_taskflow.py
[2024-05-07T21:05:09.533-0300] {processor.py:840} INFO - DAG(s) 'example_setup_teardown_taskflow' retrieved from /home/patricia/Documentos/airflow/airflow_venv/lib/python3.10/site-packages/airflow/example_dags/example_setup_teardown_taskflow.py
[2024-05-07T21:05:09.563-0300] {logging_mixin.py:188} INFO - [2024-05-07T21:05:09.562-0300] {dag.py:3096} INFO - Sync 1 DAGs
[2024-05-07T21:05:09.586-0300] {logging_mixin.py:188} INFO - [2024-05-07T21:05:09.585-0300] {dag.py:3954} INFO - Setting next_dagrun for example_setup_teardown_taskflow to 2024-05-07 00:00:00+00:00, run_after=2024-05-08 00:00:00+00:00
[2024-05-07T21:05:09.649-0300] {processor.py:183} INFO - Processing /home/patricia/Documentos/airflow/airflow_venv/lib/python3.10/site-packages/airflow/example_dags/example_setup_teardown_taskflow.py took 0.148 seconds
