[2024-05-07T21:01:05.654-0300] {processor.py:161} INFO - Started process (PID=71387) to work on /home/patricia/Documentos/airflow/airflow_venv/lib/python3.10/site-packages/airflow/example_dags/example_datasets.py
[2024-05-07T21:01:05.669-0300] {processor.py:830} INFO - Processing file /home/patricia/Documentos/airflow/airflow_venv/lib/python3.10/site-packages/airflow/example_dags/example_datasets.py for tasks to queue
[2024-05-07T21:01:05.675-0300] {logging_mixin.py:188} INFO - [2024-05-07T21:01:05.671-0300] {dagbag.py:545} INFO - Filling up the DagBag from /home/patricia/Documentos/airflow/airflow_venv/lib/python3.10/site-packages/airflow/example_dags/example_datasets.py
[2024-05-07T21:01:05.696-0300] {processor.py:840} INFO - DAG(s) 'dataset_produces_1', 'consume_1_or_2_with_dataset_expressions', 'consume_1_or_both_2_and_3_with_dataset_expressions', 'dataset_consumes_1', 'dataset_consumes_1_and_2', 'dataset_produces_2', 'conditional_dataset_and_time_based_timetable', 'dataset_consumes_unknown_never_scheduled', 'consume_1_and_2_with_dataset_expressions', 'dataset_consumes_1_never_scheduled' retrieved from /home/patricia/Documentos/airflow/airflow_venv/lib/python3.10/site-packages/airflow/example_dags/example_datasets.py
[2024-05-07T21:01:05.790-0300] {logging_mixin.py:188} INFO - [2024-05-07T21:01:05.790-0300] {dag.py:3096} INFO - Sync 10 DAGs
[2024-05-07T21:01:05.819-0300] {logging_mixin.py:188} INFO - [2024-05-07T21:01:05.819-0300] {dag.py:3954} INFO - Setting next_dagrun for conditional_dataset_and_time_based_timetable to 2024-05-01 01:00:00+00:00, run_after=2024-05-01 01:00:00+00:00
[2024-05-07T21:01:05.823-0300] {logging_mixin.py:188} INFO - [2024-05-07T21:01:05.823-0300] {dag.py:3954} INFO - Setting next_dagrun for consume_1_and_2_with_dataset_expressions to None, run_after=None
[2024-05-07T21:01:05.824-0300] {logging_mixin.py:188} INFO - [2024-05-07T21:01:05.824-0300] {dag.py:3954} INFO - Setting next_dagrun for consume_1_or_2_with_dataset_expressions to None, run_after=None
[2024-05-07T21:01:05.826-0300] {logging_mixin.py:188} INFO - [2024-05-07T21:01:05.825-0300] {dag.py:3954} INFO - Setting next_dagrun for consume_1_or_both_2_and_3_with_dataset_expressions to None, run_after=None
[2024-05-07T21:01:05.827-0300] {logging_mixin.py:188} INFO - [2024-05-07T21:01:05.827-0300] {dag.py:3954} INFO - Setting next_dagrun for dataset_consumes_1 to None, run_after=None
[2024-05-07T21:01:05.828-0300] {logging_mixin.py:188} INFO - [2024-05-07T21:01:05.828-0300] {dag.py:3954} INFO - Setting next_dagrun for dataset_consumes_1_and_2 to None, run_after=None
[2024-05-07T21:01:05.829-0300] {logging_mixin.py:188} INFO - [2024-05-07T21:01:05.829-0300] {dag.py:3954} INFO - Setting next_dagrun for dataset_consumes_1_never_scheduled to None, run_after=None
[2024-05-07T21:01:05.830-0300] {logging_mixin.py:188} INFO - [2024-05-07T21:01:05.830-0300] {dag.py:3954} INFO - Setting next_dagrun for dataset_consumes_unknown_never_scheduled to None, run_after=None
[2024-05-07T21:01:05.833-0300] {logging_mixin.py:188} INFO - [2024-05-07T21:01:05.833-0300] {dag.py:3954} INFO - Setting next_dagrun for dataset_produces_1 to 2024-05-07 00:00:00+00:00, run_after=2024-05-08 00:00:00+00:00
[2024-05-07T21:01:05.834-0300] {logging_mixin.py:188} INFO - [2024-05-07T21:01:05.834-0300] {dag.py:3954} INFO - Setting next_dagrun for dataset_produces_2 to None, run_after=None
[2024-05-07T21:01:05.936-0300] {processor.py:183} INFO - Processing /home/patricia/Documentos/airflow/airflow_venv/lib/python3.10/site-packages/airflow/example_dags/example_datasets.py took 0.318 seconds
[2024-05-07T21:02:24.545-0300] {processor.py:161} INFO - Started process (PID=71514) to work on /home/patricia/Documentos/airflow/airflow_venv/lib/python3.10/site-packages/airflow/example_dags/example_datasets.py
[2024-05-07T21:02:24.547-0300] {processor.py:830} INFO - Processing file /home/patricia/Documentos/airflow/airflow_venv/lib/python3.10/site-packages/airflow/example_dags/example_datasets.py for tasks to queue
[2024-05-07T21:02:24.552-0300] {logging_mixin.py:188} INFO - [2024-05-07T21:02:24.551-0300] {dagbag.py:545} INFO - Filling up the DagBag from /home/patricia/Documentos/airflow/airflow_venv/lib/python3.10/site-packages/airflow/example_dags/example_datasets.py
[2024-05-07T21:02:24.587-0300] {processor.py:840} INFO - DAG(s) 'dataset_consumes_unknown_never_scheduled', 'consume_1_or_2_with_dataset_expressions', 'dataset_consumes_1', 'dataset_produces_1', 'conditional_dataset_and_time_based_timetable', 'consume_1_or_both_2_and_3_with_dataset_expressions', 'dataset_produces_2', 'dataset_consumes_1_and_2', 'dataset_consumes_1_never_scheduled', 'consume_1_and_2_with_dataset_expressions' retrieved from /home/patricia/Documentos/airflow/airflow_venv/lib/python3.10/site-packages/airflow/example_dags/example_datasets.py
[2024-05-07T21:02:24.710-0300] {logging_mixin.py:188} INFO - [2024-05-07T21:02:24.710-0300] {dag.py:3096} INFO - Sync 10 DAGs
[2024-05-07T21:02:24.787-0300] {logging_mixin.py:188} INFO - [2024-05-07T21:02:24.787-0300] {dag.py:3954} INFO - Setting next_dagrun for conditional_dataset_and_time_based_timetable to 2024-05-01 01:00:00+00:00, run_after=2024-05-01 01:00:00+00:00
[2024-05-07T21:02:24.793-0300] {logging_mixin.py:188} INFO - [2024-05-07T21:02:24.793-0300] {dag.py:3954} INFO - Setting next_dagrun for consume_1_and_2_with_dataset_expressions to None, run_after=None
[2024-05-07T21:02:24.795-0300] {logging_mixin.py:188} INFO - [2024-05-07T21:02:24.795-0300] {dag.py:3954} INFO - Setting next_dagrun for consume_1_or_2_with_dataset_expressions to None, run_after=None
[2024-05-07T21:02:24.796-0300] {logging_mixin.py:188} INFO - [2024-05-07T21:02:24.796-0300] {dag.py:3954} INFO - Setting next_dagrun for consume_1_or_both_2_and_3_with_dataset_expressions to None, run_after=None
[2024-05-07T21:02:24.797-0300] {logging_mixin.py:188} INFO - [2024-05-07T21:02:24.797-0300] {dag.py:3954} INFO - Setting next_dagrun for dataset_consumes_1 to None, run_after=None
[2024-05-07T21:02:24.799-0300] {logging_mixin.py:188} INFO - [2024-05-07T21:02:24.799-0300] {dag.py:3954} INFO - Setting next_dagrun for dataset_consumes_1_and_2 to None, run_after=None
[2024-05-07T21:02:24.802-0300] {logging_mixin.py:188} INFO - [2024-05-07T21:02:24.801-0300] {dag.py:3954} INFO - Setting next_dagrun for dataset_consumes_1_never_scheduled to None, run_after=None
[2024-05-07T21:02:24.804-0300] {logging_mixin.py:188} INFO - [2024-05-07T21:02:24.804-0300] {dag.py:3954} INFO - Setting next_dagrun for dataset_consumes_unknown_never_scheduled to None, run_after=None
[2024-05-07T21:02:24.808-0300] {logging_mixin.py:188} INFO - [2024-05-07T21:02:24.808-0300] {dag.py:3954} INFO - Setting next_dagrun for dataset_produces_1 to 2024-05-07 00:00:00+00:00, run_after=2024-05-08 00:00:00+00:00
[2024-05-07T21:02:24.811-0300] {logging_mixin.py:188} INFO - [2024-05-07T21:02:24.810-0300] {dag.py:3954} INFO - Setting next_dagrun for dataset_produces_2 to None, run_after=None
[2024-05-07T21:02:24.899-0300] {processor.py:183} INFO - Processing /home/patricia/Documentos/airflow/airflow_venv/lib/python3.10/site-packages/airflow/example_dags/example_datasets.py took 0.379 seconds
[2024-05-07T21:03:49.359-0300] {processor.py:161} INFO - Started process (PID=71656) to work on /home/patricia/Documentos/airflow/airflow_venv/lib/python3.10/site-packages/airflow/example_dags/example_datasets.py
[2024-05-07T21:03:49.367-0300] {processor.py:830} INFO - Processing file /home/patricia/Documentos/airflow/airflow_venv/lib/python3.10/site-packages/airflow/example_dags/example_datasets.py for tasks to queue
[2024-05-07T21:03:49.370-0300] {logging_mixin.py:188} INFO - [2024-05-07T21:03:49.370-0300] {dagbag.py:545} INFO - Filling up the DagBag from /home/patricia/Documentos/airflow/airflow_venv/lib/python3.10/site-packages/airflow/example_dags/example_datasets.py
[2024-05-07T21:03:49.402-0300] {processor.py:840} INFO - DAG(s) 'dataset_consumes_1', 'dataset_consumes_1_never_scheduled', 'dataset_consumes_1_and_2', 'consume_1_or_2_with_dataset_expressions', 'dataset_produces_2', 'dataset_consumes_unknown_never_scheduled', 'conditional_dataset_and_time_based_timetable', 'consume_1_and_2_with_dataset_expressions', 'consume_1_or_both_2_and_3_with_dataset_expressions', 'dataset_produces_1' retrieved from /home/patricia/Documentos/airflow/airflow_venv/lib/python3.10/site-packages/airflow/example_dags/example_datasets.py
[2024-05-07T21:03:49.521-0300] {logging_mixin.py:188} INFO - [2024-05-07T21:03:49.517-0300] {dag.py:3096} INFO - Sync 10 DAGs
[2024-05-07T21:03:49.591-0300] {logging_mixin.py:188} INFO - [2024-05-07T21:03:49.591-0300] {dag.py:3954} INFO - Setting next_dagrun for conditional_dataset_and_time_based_timetable to 2024-05-01 01:00:00+00:00, run_after=2024-05-01 01:00:00+00:00
[2024-05-07T21:03:49.597-0300] {logging_mixin.py:188} INFO - [2024-05-07T21:03:49.597-0300] {dag.py:3954} INFO - Setting next_dagrun for consume_1_and_2_with_dataset_expressions to None, run_after=None
[2024-05-07T21:03:49.598-0300] {logging_mixin.py:188} INFO - [2024-05-07T21:03:49.598-0300] {dag.py:3954} INFO - Setting next_dagrun for consume_1_or_2_with_dataset_expressions to None, run_after=None
[2024-05-07T21:03:49.599-0300] {logging_mixin.py:188} INFO - [2024-05-07T21:03:49.599-0300] {dag.py:3954} INFO - Setting next_dagrun for consume_1_or_both_2_and_3_with_dataset_expressions to None, run_after=None
[2024-05-07T21:03:49.603-0300] {logging_mixin.py:188} INFO - [2024-05-07T21:03:49.600-0300] {dag.py:3954} INFO - Setting next_dagrun for dataset_consumes_1 to None, run_after=None
[2024-05-07T21:03:49.604-0300] {logging_mixin.py:188} INFO - [2024-05-07T21:03:49.604-0300] {dag.py:3954} INFO - Setting next_dagrun for dataset_consumes_1_and_2 to None, run_after=None
[2024-05-07T21:03:49.611-0300] {logging_mixin.py:188} INFO - [2024-05-07T21:03:49.611-0300] {dag.py:3954} INFO - Setting next_dagrun for dataset_consumes_1_never_scheduled to None, run_after=None
[2024-05-07T21:03:49.615-0300] {logging_mixin.py:188} INFO - [2024-05-07T21:03:49.615-0300] {dag.py:3954} INFO - Setting next_dagrun for dataset_consumes_unknown_never_scheduled to None, run_after=None
[2024-05-07T21:03:49.621-0300] {logging_mixin.py:188} INFO - [2024-05-07T21:03:49.620-0300] {dag.py:3954} INFO - Setting next_dagrun for dataset_produces_1 to 2024-05-07 00:00:00+00:00, run_after=2024-05-08 00:00:00+00:00
[2024-05-07T21:03:49.622-0300] {logging_mixin.py:188} INFO - [2024-05-07T21:03:49.622-0300] {dag.py:3954} INFO - Setting next_dagrun for dataset_produces_2 to None, run_after=None
[2024-05-07T21:03:49.740-0300] {processor.py:183} INFO - Processing /home/patricia/Documentos/airflow/airflow_venv/lib/python3.10/site-packages/airflow/example_dags/example_datasets.py took 0.417 seconds
[2024-05-07T21:05:26.795-0300] {processor.py:161} INFO - Started process (PID=71816) to work on /home/patricia/Documentos/airflow/airflow_venv/lib/python3.10/site-packages/airflow/example_dags/example_datasets.py
[2024-05-07T21:05:26.799-0300] {processor.py:830} INFO - Processing file /home/patricia/Documentos/airflow/airflow_venv/lib/python3.10/site-packages/airflow/example_dags/example_datasets.py for tasks to queue
[2024-05-07T21:05:26.802-0300] {logging_mixin.py:188} INFO - [2024-05-07T21:05:26.801-0300] {dagbag.py:545} INFO - Filling up the DagBag from /home/patricia/Documentos/airflow/airflow_venv/lib/python3.10/site-packages/airflow/example_dags/example_datasets.py
[2024-05-07T21:05:26.853-0300] {processor.py:840} INFO - DAG(s) 'conditional_dataset_and_time_based_timetable', 'dataset_consumes_1_and_2', 'dataset_produces_1', 'dataset_consumes_unknown_never_scheduled', 'consume_1_and_2_with_dataset_expressions', 'dataset_produces_2', 'dataset_consumes_1', 'consume_1_or_both_2_and_3_with_dataset_expressions', 'dataset_consumes_1_never_scheduled', 'consume_1_or_2_with_dataset_expressions' retrieved from /home/patricia/Documentos/airflow/airflow_venv/lib/python3.10/site-packages/airflow/example_dags/example_datasets.py
[2024-05-07T21:05:26.931-0300] {logging_mixin.py:188} INFO - [2024-05-07T21:05:26.930-0300] {dag.py:3096} INFO - Sync 10 DAGs
[2024-05-07T21:05:26.973-0300] {logging_mixin.py:188} INFO - [2024-05-07T21:05:26.972-0300] {dag.py:3954} INFO - Setting next_dagrun for conditional_dataset_and_time_based_timetable to 2024-05-01 01:00:00+00:00, run_after=2024-05-01 01:00:00+00:00
[2024-05-07T21:05:26.978-0300] {logging_mixin.py:188} INFO - [2024-05-07T21:05:26.978-0300] {dag.py:3954} INFO - Setting next_dagrun for consume_1_and_2_with_dataset_expressions to None, run_after=None
[2024-05-07T21:05:26.987-0300] {logging_mixin.py:188} INFO - [2024-05-07T21:05:26.987-0300] {dag.py:3954} INFO - Setting next_dagrun for consume_1_or_2_with_dataset_expressions to None, run_after=None
[2024-05-07T21:05:26.996-0300] {logging_mixin.py:188} INFO - [2024-05-07T21:05:26.992-0300] {dag.py:3954} INFO - Setting next_dagrun for consume_1_or_both_2_and_3_with_dataset_expressions to None, run_after=None
[2024-05-07T21:05:27.001-0300] {logging_mixin.py:188} INFO - [2024-05-07T21:05:27.000-0300] {dag.py:3954} INFO - Setting next_dagrun for dataset_consumes_1 to None, run_after=None
[2024-05-07T21:05:27.007-0300] {logging_mixin.py:188} INFO - [2024-05-07T21:05:27.006-0300] {dag.py:3954} INFO - Setting next_dagrun for dataset_consumes_1_and_2 to None, run_after=None
[2024-05-07T21:05:27.012-0300] {logging_mixin.py:188} INFO - [2024-05-07T21:05:27.012-0300] {dag.py:3954} INFO - Setting next_dagrun for dataset_consumes_1_never_scheduled to None, run_after=None
[2024-05-07T21:05:27.014-0300] {logging_mixin.py:188} INFO - [2024-05-07T21:05:27.014-0300] {dag.py:3954} INFO - Setting next_dagrun for dataset_consumes_unknown_never_scheduled to None, run_after=None
[2024-05-07T21:05:27.019-0300] {logging_mixin.py:188} INFO - [2024-05-07T21:05:27.018-0300] {dag.py:3954} INFO - Setting next_dagrun for dataset_produces_1 to 2024-05-07 00:00:00+00:00, run_after=2024-05-08 00:00:00+00:00
[2024-05-07T21:05:27.020-0300] {logging_mixin.py:188} INFO - [2024-05-07T21:05:27.020-0300] {dag.py:3954} INFO - Setting next_dagrun for dataset_produces_2 to None, run_after=None
[2024-05-07T21:05:27.171-0300] {processor.py:183} INFO - Processing /home/patricia/Documentos/airflow/airflow_venv/lib/python3.10/site-packages/airflow/example_dags/example_datasets.py took 0.395 seconds
