[2024-05-07T21:00:25.745-0300] {processor.py:161} INFO - Started process (PID=71322) to work on /home/patricia/Documentos/airflow/airflow_venv/lib/python3.10/site-packages/airflow/example_dags/example_trigger_controller_dag.py
[2024-05-07T21:00:25.747-0300] {processor.py:830} INFO - Processing file /home/patricia/Documentos/airflow/airflow_venv/lib/python3.10/site-packages/airflow/example_dags/example_trigger_controller_dag.py for tasks to queue
[2024-05-07T21:00:25.769-0300] {logging_mixin.py:188} INFO - [2024-05-07T21:00:25.768-0300] {dagbag.py:545} INFO - Filling up the DagBag from /home/patricia/Documentos/airflow/airflow_venv/lib/python3.10/site-packages/airflow/example_dags/example_trigger_controller_dag.py
[2024-05-07T21:00:25.782-0300] {processor.py:840} INFO - DAG(s) 'example_trigger_controller_dag' retrieved from /home/patricia/Documentos/airflow/airflow_venv/lib/python3.10/site-packages/airflow/example_dags/example_trigger_controller_dag.py
[2024-05-07T21:00:25.825-0300] {logging_mixin.py:188} INFO - [2024-05-07T21:00:25.825-0300] {dag.py:3096} INFO - Sync 1 DAGs
[2024-05-07T21:00:25.916-0300] {logging_mixin.py:188} INFO - [2024-05-07T21:00:25.915-0300] {dag.py:3954} INFO - Setting next_dagrun for example_trigger_controller_dag to 2021-01-01 00:00:00+00:00, run_after=2021-01-01 00:00:00+00:00
[2024-05-07T21:00:26.135-0300] {processor.py:183} INFO - Processing /home/patricia/Documentos/airflow/airflow_venv/lib/python3.10/site-packages/airflow/example_dags/example_trigger_controller_dag.py took 0.440 seconds
[2024-05-07T21:01:14.438-0300] {processor.py:161} INFO - Started process (PID=71404) to work on /home/patricia/Documentos/airflow/airflow_venv/lib/python3.10/site-packages/airflow/example_dags/example_trigger_controller_dag.py
[2024-05-07T21:01:14.464-0300] {processor.py:830} INFO - Processing file /home/patricia/Documentos/airflow/airflow_venv/lib/python3.10/site-packages/airflow/example_dags/example_trigger_controller_dag.py for tasks to queue
[2024-05-07T21:01:14.476-0300] {logging_mixin.py:188} INFO - [2024-05-07T21:01:14.467-0300] {dagbag.py:545} INFO - Filling up the DagBag from /home/patricia/Documentos/airflow/airflow_venv/lib/python3.10/site-packages/airflow/example_dags/example_trigger_controller_dag.py
[2024-05-07T21:01:14.489-0300] {processor.py:840} INFO - DAG(s) 'example_trigger_controller_dag' retrieved from /home/patricia/Documentos/airflow/airflow_venv/lib/python3.10/site-packages/airflow/example_dags/example_trigger_controller_dag.py
[2024-05-07T21:01:14.522-0300] {logging_mixin.py:188} INFO - [2024-05-07T21:01:14.521-0300] {dag.py:3096} INFO - Sync 1 DAGs
[2024-05-07T21:01:14.568-0300] {logging_mixin.py:188} INFO - [2024-05-07T21:01:14.567-0300] {dag.py:3954} INFO - Setting next_dagrun for example_trigger_controller_dag to 2021-01-01 00:00:00+00:00, run_after=2021-01-01 00:00:00+00:00
[2024-05-07T21:01:14.678-0300] {processor.py:183} INFO - Processing /home/patricia/Documentos/airflow/airflow_venv/lib/python3.10/site-packages/airflow/example_dags/example_trigger_controller_dag.py took 0.251 seconds
[2024-05-07T21:01:54.646-0300] {processor.py:161} INFO - Started process (PID=71469) to work on /home/patricia/Documentos/airflow/airflow_venv/lib/python3.10/site-packages/airflow/example_dags/example_trigger_controller_dag.py
[2024-05-07T21:01:54.649-0300] {processor.py:830} INFO - Processing file /home/patricia/Documentos/airflow/airflow_venv/lib/python3.10/site-packages/airflow/example_dags/example_trigger_controller_dag.py for tasks to queue
[2024-05-07T21:01:54.655-0300] {logging_mixin.py:188} INFO - [2024-05-07T21:01:54.654-0300] {dagbag.py:545} INFO - Filling up the DagBag from /home/patricia/Documentos/airflow/airflow_venv/lib/python3.10/site-packages/airflow/example_dags/example_trigger_controller_dag.py
[2024-05-07T21:01:54.680-0300] {processor.py:840} INFO - DAG(s) 'example_trigger_controller_dag' retrieved from /home/patricia/Documentos/airflow/airflow_venv/lib/python3.10/site-packages/airflow/example_dags/example_trigger_controller_dag.py
[2024-05-07T21:01:54.720-0300] {logging_mixin.py:188} INFO - [2024-05-07T21:01:54.719-0300] {dag.py:3096} INFO - Sync 1 DAGs
[2024-05-07T21:01:54.813-0300] {logging_mixin.py:188} INFO - [2024-05-07T21:01:54.813-0300] {dag.py:3954} INFO - Setting next_dagrun for example_trigger_controller_dag to 2021-01-01 00:00:00+00:00, run_after=2021-01-01 00:00:00+00:00
[2024-05-07T21:01:54.914-0300] {processor.py:183} INFO - Processing /home/patricia/Documentos/airflow/airflow_venv/lib/python3.10/site-packages/airflow/example_dags/example_trigger_controller_dag.py took 0.293 seconds
[2024-05-07T21:02:35.353-0300] {processor.py:161} INFO - Started process (PID=71535) to work on /home/patricia/Documentos/airflow/airflow_venv/lib/python3.10/site-packages/airflow/example_dags/example_trigger_controller_dag.py
[2024-05-07T21:02:35.357-0300] {processor.py:830} INFO - Processing file /home/patricia/Documentos/airflow/airflow_venv/lib/python3.10/site-packages/airflow/example_dags/example_trigger_controller_dag.py for tasks to queue
[2024-05-07T21:02:35.363-0300] {logging_mixin.py:188} INFO - [2024-05-07T21:02:35.362-0300] {dagbag.py:545} INFO - Filling up the DagBag from /home/patricia/Documentos/airflow/airflow_venv/lib/python3.10/site-packages/airflow/example_dags/example_trigger_controller_dag.py
[2024-05-07T21:02:35.379-0300] {processor.py:840} INFO - DAG(s) 'example_trigger_controller_dag' retrieved from /home/patricia/Documentos/airflow/airflow_venv/lib/python3.10/site-packages/airflow/example_dags/example_trigger_controller_dag.py
[2024-05-07T21:02:35.464-0300] {logging_mixin.py:188} INFO - [2024-05-07T21:02:35.463-0300] {dag.py:3096} INFO - Sync 1 DAGs
[2024-05-07T21:02:35.561-0300] {logging_mixin.py:188} INFO - [2024-05-07T21:02:35.560-0300] {dag.py:3954} INFO - Setting next_dagrun for example_trigger_controller_dag to 2021-01-01 00:00:00+00:00, run_after=2021-01-01 00:00:00+00:00
[2024-05-07T21:02:35.647-0300] {processor.py:183} INFO - Processing /home/patricia/Documentos/airflow/airflow_venv/lib/python3.10/site-packages/airflow/example_dags/example_trigger_controller_dag.py took 0.319 seconds
[2024-05-07T21:03:18.127-0300] {processor.py:161} INFO - Started process (PID=71600) to work on /home/patricia/Documentos/airflow/airflow_venv/lib/python3.10/site-packages/airflow/example_dags/example_trigger_controller_dag.py
[2024-05-07T21:03:18.130-0300] {processor.py:830} INFO - Processing file /home/patricia/Documentos/airflow/airflow_venv/lib/python3.10/site-packages/airflow/example_dags/example_trigger_controller_dag.py for tasks to queue
[2024-05-07T21:03:18.133-0300] {logging_mixin.py:188} INFO - [2024-05-07T21:03:18.132-0300] {dagbag.py:545} INFO - Filling up the DagBag from /home/patricia/Documentos/airflow/airflow_venv/lib/python3.10/site-packages/airflow/example_dags/example_trigger_controller_dag.py
[2024-05-07T21:03:18.140-0300] {processor.py:840} INFO - DAG(s) 'example_trigger_controller_dag' retrieved from /home/patricia/Documentos/airflow/airflow_venv/lib/python3.10/site-packages/airflow/example_dags/example_trigger_controller_dag.py
[2024-05-07T21:03:18.176-0300] {logging_mixin.py:188} INFO - [2024-05-07T21:03:18.176-0300] {dag.py:3096} INFO - Sync 1 DAGs
[2024-05-07T21:03:18.200-0300] {logging_mixin.py:188} INFO - [2024-05-07T21:03:18.200-0300] {dag.py:3954} INFO - Setting next_dagrun for example_trigger_controller_dag to 2021-01-01 00:00:00+00:00, run_after=2021-01-01 00:00:00+00:00
[2024-05-07T21:03:18.343-0300] {processor.py:183} INFO - Processing /home/patricia/Documentos/airflow/airflow_venv/lib/python3.10/site-packages/airflow/example_dags/example_trigger_controller_dag.py took 0.227 seconds
[2024-05-07T21:03:58.099-0300] {processor.py:161} INFO - Started process (PID=71666) to work on /home/patricia/Documentos/airflow/airflow_venv/lib/python3.10/site-packages/airflow/example_dags/example_trigger_controller_dag.py
[2024-05-07T21:03:58.102-0300] {processor.py:830} INFO - Processing file /home/patricia/Documentos/airflow/airflow_venv/lib/python3.10/site-packages/airflow/example_dags/example_trigger_controller_dag.py for tasks to queue
[2024-05-07T21:03:58.106-0300] {logging_mixin.py:188} INFO - [2024-05-07T21:03:58.105-0300] {dagbag.py:545} INFO - Filling up the DagBag from /home/patricia/Documentos/airflow/airflow_venv/lib/python3.10/site-packages/airflow/example_dags/example_trigger_controller_dag.py
[2024-05-07T21:03:58.116-0300] {processor.py:840} INFO - DAG(s) 'example_trigger_controller_dag' retrieved from /home/patricia/Documentos/airflow/airflow_venv/lib/python3.10/site-packages/airflow/example_dags/example_trigger_controller_dag.py
[2024-05-07T21:03:58.176-0300] {logging_mixin.py:188} INFO - [2024-05-07T21:03:58.176-0300] {dag.py:3096} INFO - Sync 1 DAGs
[2024-05-07T21:03:58.228-0300] {logging_mixin.py:188} INFO - [2024-05-07T21:03:58.228-0300] {dag.py:3954} INFO - Setting next_dagrun for example_trigger_controller_dag to 2021-01-01 00:00:00+00:00, run_after=2021-01-01 00:00:00+00:00
[2024-05-07T21:03:58.336-0300] {processor.py:183} INFO - Processing /home/patricia/Documentos/airflow/airflow_venv/lib/python3.10/site-packages/airflow/example_dags/example_trigger_controller_dag.py took 0.256 seconds
[2024-05-07T21:04:50.092-0300] {processor.py:161} INFO - Started process (PID=71758) to work on /home/patricia/Documentos/airflow/airflow_venv/lib/python3.10/site-packages/airflow/example_dags/example_trigger_controller_dag.py
[2024-05-07T21:04:50.102-0300] {processor.py:830} INFO - Processing file /home/patricia/Documentos/airflow/airflow_venv/lib/python3.10/site-packages/airflow/example_dags/example_trigger_controller_dag.py for tasks to queue
[2024-05-07T21:04:50.117-0300] {logging_mixin.py:188} INFO - [2024-05-07T21:04:50.116-0300] {dagbag.py:545} INFO - Filling up the DagBag from /home/patricia/Documentos/airflow/airflow_venv/lib/python3.10/site-packages/airflow/example_dags/example_trigger_controller_dag.py
[2024-05-07T21:04:50.154-0300] {processor.py:840} INFO - DAG(s) 'example_trigger_controller_dag' retrieved from /home/patricia/Documentos/airflow/airflow_venv/lib/python3.10/site-packages/airflow/example_dags/example_trigger_controller_dag.py
[2024-05-07T21:04:50.190-0300] {logging_mixin.py:188} INFO - [2024-05-07T21:04:50.190-0300] {dag.py:3096} INFO - Sync 1 DAGs
[2024-05-07T21:04:50.272-0300] {logging_mixin.py:188} INFO - [2024-05-07T21:04:50.272-0300] {dag.py:3954} INFO - Setting next_dagrun for example_trigger_controller_dag to 2021-01-01 00:00:00+00:00, run_after=2021-01-01 00:00:00+00:00
[2024-05-07T21:04:50.343-0300] {processor.py:183} INFO - Processing /home/patricia/Documentos/airflow/airflow_venv/lib/python3.10/site-packages/airflow/example_dags/example_trigger_controller_dag.py took 0.281 seconds
[2024-05-07T21:05:36.485-0300] {processor.py:161} INFO - Started process (PID=71832) to work on /home/patricia/Documentos/airflow/airflow_venv/lib/python3.10/site-packages/airflow/example_dags/example_trigger_controller_dag.py
[2024-05-07T21:05:36.488-0300] {processor.py:830} INFO - Processing file /home/patricia/Documentos/airflow/airflow_venv/lib/python3.10/site-packages/airflow/example_dags/example_trigger_controller_dag.py for tasks to queue
[2024-05-07T21:05:36.491-0300] {logging_mixin.py:188} INFO - [2024-05-07T21:05:36.491-0300] {dagbag.py:545} INFO - Filling up the DagBag from /home/patricia/Documentos/airflow/airflow_venv/lib/python3.10/site-packages/airflow/example_dags/example_trigger_controller_dag.py
[2024-05-07T21:05:36.503-0300] {processor.py:840} INFO - DAG(s) 'example_trigger_controller_dag' retrieved from /home/patricia/Documentos/airflow/airflow_venv/lib/python3.10/site-packages/airflow/example_dags/example_trigger_controller_dag.py
[2024-05-07T21:05:36.537-0300] {logging_mixin.py:188} INFO - [2024-05-07T21:05:36.536-0300] {dag.py:3096} INFO - Sync 1 DAGs
[2024-05-07T21:05:36.580-0300] {logging_mixin.py:188} INFO - [2024-05-07T21:05:36.580-0300] {dag.py:3954} INFO - Setting next_dagrun for example_trigger_controller_dag to 2021-01-01 00:00:00+00:00, run_after=2021-01-01 00:00:00+00:00
[2024-05-07T21:05:36.649-0300] {processor.py:183} INFO - Processing /home/patricia/Documentos/airflow/airflow_venv/lib/python3.10/site-packages/airflow/example_dags/example_trigger_controller_dag.py took 0.178 seconds
