[2024-05-07T21:01:02.215-0300] {processor.py:161} INFO - Started process (PID=71384) to work on /home/patricia/Documentos/airflow/airflow_venv/lib/python3.10/site-packages/airflow/example_dags/example_params_ui_tutorial.py
[2024-05-07T21:01:02.216-0300] {processor.py:830} INFO - Processing file /home/patricia/Documentos/airflow/airflow_venv/lib/python3.10/site-packages/airflow/example_dags/example_params_ui_tutorial.py for tasks to queue
[2024-05-07T21:01:02.220-0300] {logging_mixin.py:188} INFO - [2024-05-07T21:01:02.219-0300] {dagbag.py:545} INFO - Filling up the DagBag from /home/patricia/Documentos/airflow/airflow_venv/lib/python3.10/site-packages/airflow/example_dags/example_params_ui_tutorial.py
[2024-05-07T21:01:02.289-0300] {processor.py:840} INFO - DAG(s) 'example_params_ui_tutorial' retrieved from /home/patricia/Documentos/airflow/airflow_venv/lib/python3.10/site-packages/airflow/example_dags/example_params_ui_tutorial.py
[2024-05-07T21:01:02.489-0300] {logging_mixin.py:188} INFO - [2024-05-07T21:01:02.484-0300] {dag.py:3096} INFO - Sync 1 DAGs
[2024-05-07T21:01:02.574-0300] {logging_mixin.py:188} INFO - [2024-05-07T21:01:02.556-0300] {dag.py:3954} INFO - Setting next_dagrun for example_params_ui_tutorial to None, run_after=None
[2024-05-07T21:01:02.756-0300] {processor.py:183} INFO - Processing /home/patricia/Documentos/airflow/airflow_venv/lib/python3.10/site-packages/airflow/example_dags/example_params_ui_tutorial.py took 0.592 seconds
[2024-05-07T21:02:21.755-0300] {processor.py:161} INFO - Started process (PID=71511) to work on /home/patricia/Documentos/airflow/airflow_venv/lib/python3.10/site-packages/airflow/example_dags/example_params_ui_tutorial.py
[2024-05-07T21:02:21.779-0300] {processor.py:830} INFO - Processing file /home/patricia/Documentos/airflow/airflow_venv/lib/python3.10/site-packages/airflow/example_dags/example_params_ui_tutorial.py for tasks to queue
[2024-05-07T21:02:21.791-0300] {logging_mixin.py:188} INFO - [2024-05-07T21:02:21.784-0300] {dagbag.py:545} INFO - Filling up the DagBag from /home/patricia/Documentos/airflow/airflow_venv/lib/python3.10/site-packages/airflow/example_dags/example_params_ui_tutorial.py
[2024-05-07T21:02:21.823-0300] {processor.py:840} INFO - DAG(s) 'example_params_ui_tutorial' retrieved from /home/patricia/Documentos/airflow/airflow_venv/lib/python3.10/site-packages/airflow/example_dags/example_params_ui_tutorial.py
[2024-05-07T21:02:22.005-0300] {logging_mixin.py:188} INFO - [2024-05-07T21:02:22.004-0300] {dag.py:3096} INFO - Sync 1 DAGs
[2024-05-07T21:02:22.045-0300] {logging_mixin.py:188} INFO - [2024-05-07T21:02:22.045-0300] {dag.py:3954} INFO - Setting next_dagrun for example_params_ui_tutorial to None, run_after=None
[2024-05-07T21:02:22.139-0300] {processor.py:183} INFO - Processing /home/patricia/Documentos/airflow/airflow_venv/lib/python3.10/site-packages/airflow/example_dags/example_params_ui_tutorial.py took 0.400 seconds
[2024-05-07T21:03:46.480-0300] {processor.py:161} INFO - Started process (PID=71645) to work on /home/patricia/Documentos/airflow/airflow_venv/lib/python3.10/site-packages/airflow/example_dags/example_params_ui_tutorial.py
[2024-05-07T21:03:46.485-0300] {processor.py:830} INFO - Processing file /home/patricia/Documentos/airflow/airflow_venv/lib/python3.10/site-packages/airflow/example_dags/example_params_ui_tutorial.py for tasks to queue
[2024-05-07T21:03:46.490-0300] {logging_mixin.py:188} INFO - [2024-05-07T21:03:46.489-0300] {dagbag.py:545} INFO - Filling up the DagBag from /home/patricia/Documentos/airflow/airflow_venv/lib/python3.10/site-packages/airflow/example_dags/example_params_ui_tutorial.py
[2024-05-07T21:03:46.537-0300] {processor.py:840} INFO - DAG(s) 'example_params_ui_tutorial' retrieved from /home/patricia/Documentos/airflow/airflow_venv/lib/python3.10/site-packages/airflow/example_dags/example_params_ui_tutorial.py
[2024-05-07T21:03:46.643-0300] {logging_mixin.py:188} INFO - [2024-05-07T21:03:46.643-0300] {dag.py:3096} INFO - Sync 1 DAGs
[2024-05-07T21:03:46.661-0300] {logging_mixin.py:188} INFO - [2024-05-07T21:03:46.661-0300] {dag.py:3954} INFO - Setting next_dagrun for example_params_ui_tutorial to None, run_after=None
[2024-05-07T21:03:46.709-0300] {processor.py:183} INFO - Processing /home/patricia/Documentos/airflow/airflow_venv/lib/python3.10/site-packages/airflow/example_dags/example_params_ui_tutorial.py took 0.245 seconds
[2024-05-07T21:05:24.809-0300] {processor.py:161} INFO - Started process (PID=71810) to work on /home/patricia/Documentos/airflow/airflow_venv/lib/python3.10/site-packages/airflow/example_dags/example_params_ui_tutorial.py
[2024-05-07T21:05:24.812-0300] {processor.py:830} INFO - Processing file /home/patricia/Documentos/airflow/airflow_venv/lib/python3.10/site-packages/airflow/example_dags/example_params_ui_tutorial.py for tasks to queue
[2024-05-07T21:05:24.815-0300] {logging_mixin.py:188} INFO - [2024-05-07T21:05:24.814-0300] {dagbag.py:545} INFO - Filling up the DagBag from /home/patricia/Documentos/airflow/airflow_venv/lib/python3.10/site-packages/airflow/example_dags/example_params_ui_tutorial.py
[2024-05-07T21:05:24.839-0300] {processor.py:840} INFO - DAG(s) 'example_params_ui_tutorial' retrieved from /home/patricia/Documentos/airflow/airflow_venv/lib/python3.10/site-packages/airflow/example_dags/example_params_ui_tutorial.py
[2024-05-07T21:05:24.914-0300] {logging_mixin.py:188} INFO - [2024-05-07T21:05:24.913-0300] {dag.py:3096} INFO - Sync 1 DAGs
[2024-05-07T21:05:24.930-0300] {logging_mixin.py:188} INFO - [2024-05-07T21:05:24.930-0300] {dag.py:3954} INFO - Setting next_dagrun for example_params_ui_tutorial to None, run_after=None
[2024-05-07T21:05:25.005-0300] {processor.py:183} INFO - Processing /home/patricia/Documentos/airflow/airflow_venv/lib/python3.10/site-packages/airflow/example_dags/example_params_ui_tutorial.py took 0.207 seconds
