[2024-05-07T21:00:56.385-0300] {processor.py:161} INFO - Started process (PID=71372) to work on /home/patricia/Documentos/airflow/airflow_venv/lib/python3.10/site-packages/airflow/example_dags/example_kubernetes_executor.py
[2024-05-07T21:00:56.389-0300] {processor.py:830} INFO - Processing file /home/patricia/Documentos/airflow/airflow_venv/lib/python3.10/site-packages/airflow/example_dags/example_kubernetes_executor.py for tasks to queue
[2024-05-07T21:00:56.425-0300] {logging_mixin.py:188} INFO - [2024-05-07T21:00:56.425-0300] {dagbag.py:545} INFO - Filling up the DagBag from /home/patricia/Documentos/airflow/airflow_venv/lib/python3.10/site-packages/airflow/example_dags/example_kubernetes_executor.py
[2024-05-07T21:00:56.437-0300] {logging_mixin.py:188} INFO - [2024-05-07T21:00:56.436-0300] {example_kubernetes_executor.py:39} WARNING - The example_kubernetes_executor example DAG requires the kubernetes provider. Please install it with: pip install apache-airflow[cncf.kubernetes]
[2024-05-07T21:00:56.478-0300] {processor.py:842} WARNING - No viable dags retrieved from /home/patricia/Documentos/airflow/airflow_venv/lib/python3.10/site-packages/airflow/example_dags/example_kubernetes_executor.py
[2024-05-07T21:00:56.517-0300] {processor.py:183} INFO - Processing /home/patricia/Documentos/airflow/airflow_venv/lib/python3.10/site-packages/airflow/example_dags/example_kubernetes_executor.py took 0.158 seconds
[2024-05-07T21:02:15.805-0300] {processor.py:161} INFO - Started process (PID=71500) to work on /home/patricia/Documentos/airflow/airflow_venv/lib/python3.10/site-packages/airflow/example_dags/example_kubernetes_executor.py
[2024-05-07T21:02:15.808-0300] {processor.py:830} INFO - Processing file /home/patricia/Documentos/airflow/airflow_venv/lib/python3.10/site-packages/airflow/example_dags/example_kubernetes_executor.py for tasks to queue
[2024-05-07T21:02:15.814-0300] {logging_mixin.py:188} INFO - [2024-05-07T21:02:15.813-0300] {dagbag.py:545} INFO - Filling up the DagBag from /home/patricia/Documentos/airflow/airflow_venv/lib/python3.10/site-packages/airflow/example_dags/example_kubernetes_executor.py
[2024-05-07T21:02:15.823-0300] {logging_mixin.py:188} INFO - [2024-05-07T21:02:15.823-0300] {example_kubernetes_executor.py:39} WARNING - The example_kubernetes_executor example DAG requires the kubernetes provider. Please install it with: pip install apache-airflow[cncf.kubernetes]
[2024-05-07T21:02:15.825-0300] {processor.py:842} WARNING - No viable dags retrieved from /home/patricia/Documentos/airflow/airflow_venv/lib/python3.10/site-packages/airflow/example_dags/example_kubernetes_executor.py
[2024-05-07T21:02:15.871-0300] {processor.py:183} INFO - Processing /home/patricia/Documentos/airflow/airflow_venv/lib/python3.10/site-packages/airflow/example_dags/example_kubernetes_executor.py took 0.079 seconds
[2024-05-07T21:03:41.758-0300] {processor.py:161} INFO - Started process (PID=71638) to work on /home/patricia/Documentos/airflow/airflow_venv/lib/python3.10/site-packages/airflow/example_dags/example_kubernetes_executor.py
[2024-05-07T21:03:41.761-0300] {processor.py:830} INFO - Processing file /home/patricia/Documentos/airflow/airflow_venv/lib/python3.10/site-packages/airflow/example_dags/example_kubernetes_executor.py for tasks to queue
[2024-05-07T21:03:41.797-0300] {logging_mixin.py:188} INFO - [2024-05-07T21:03:41.797-0300] {dagbag.py:545} INFO - Filling up the DagBag from /home/patricia/Documentos/airflow/airflow_venv/lib/python3.10/site-packages/airflow/example_dags/example_kubernetes_executor.py
[2024-05-07T21:03:41.804-0300] {logging_mixin.py:188} INFO - [2024-05-07T21:03:41.804-0300] {example_kubernetes_executor.py:39} WARNING - The example_kubernetes_executor example DAG requires the kubernetes provider. Please install it with: pip install apache-airflow[cncf.kubernetes]
[2024-05-07T21:03:41.805-0300] {processor.py:842} WARNING - No viable dags retrieved from /home/patricia/Documentos/airflow/airflow_venv/lib/python3.10/site-packages/airflow/example_dags/example_kubernetes_executor.py
[2024-05-07T21:03:41.824-0300] {processor.py:183} INFO - Processing /home/patricia/Documentos/airflow/airflow_venv/lib/python3.10/site-packages/airflow/example_dags/example_kubernetes_executor.py took 0.082 seconds
[2024-05-07T21:05:20.502-0300] {processor.py:161} INFO - Started process (PID=71799) to work on /home/patricia/Documentos/airflow/airflow_venv/lib/python3.10/site-packages/airflow/example_dags/example_kubernetes_executor.py
[2024-05-07T21:05:20.521-0300] {processor.py:830} INFO - Processing file /home/patricia/Documentos/airflow/airflow_venv/lib/python3.10/site-packages/airflow/example_dags/example_kubernetes_executor.py for tasks to queue
[2024-05-07T21:05:20.528-0300] {logging_mixin.py:188} INFO - [2024-05-07T21:05:20.523-0300] {dagbag.py:545} INFO - Filling up the DagBag from /home/patricia/Documentos/airflow/airflow_venv/lib/python3.10/site-packages/airflow/example_dags/example_kubernetes_executor.py
[2024-05-07T21:05:20.559-0300] {logging_mixin.py:188} INFO - [2024-05-07T21:05:20.558-0300] {example_kubernetes_executor.py:39} WARNING - The example_kubernetes_executor example DAG requires the kubernetes provider. Please install it with: pip install apache-airflow[cncf.kubernetes]
[2024-05-07T21:05:20.559-0300] {processor.py:842} WARNING - No viable dags retrieved from /home/patricia/Documentos/airflow/airflow_venv/lib/python3.10/site-packages/airflow/example_dags/example_kubernetes_executor.py
[2024-05-07T21:05:20.629-0300] {processor.py:183} INFO - Processing /home/patricia/Documentos/airflow/airflow_venv/lib/python3.10/site-packages/airflow/example_dags/example_kubernetes_executor.py took 0.146 seconds
