[2024-05-07T21:00:03.623-0300] {processor.py:161} INFO - Started process (PID=71289) to work on /home/patricia/Documentos/airflow/airflow_venv/lib/python3.10/site-packages/airflow/example_dags/example_python_decorator.py
[2024-05-07T21:00:03.625-0300] {processor.py:830} INFO - Processing file /home/patricia/Documentos/airflow/airflow_venv/lib/python3.10/site-packages/airflow/example_dags/example_python_decorator.py for tasks to queue
[2024-05-07T21:00:03.630-0300] {logging_mixin.py:188} INFO - [2024-05-07T21:00:03.629-0300] {dagbag.py:545} INFO - Filling up the DagBag from /home/patricia/Documentos/airflow/airflow_venv/lib/python3.10/site-packages/airflow/example_dags/example_python_decorator.py
[2024-05-07T21:00:03.689-0300] {processor.py:840} INFO - DAG(s) 'example_python_decorator' retrieved from /home/patricia/Documentos/airflow/airflow_venv/lib/python3.10/site-packages/airflow/example_dags/example_python_decorator.py
[2024-05-07T21:00:03.789-0300] {logging_mixin.py:188} INFO - [2024-05-07T21:00:03.788-0300] {dag.py:3096} INFO - Sync 1 DAGs
[2024-05-07T21:00:03.834-0300] {logging_mixin.py:188} INFO - [2024-05-07T21:00:03.833-0300] {dag.py:3954} INFO - Setting next_dagrun for example_python_decorator to None, run_after=None
[2024-05-07T21:00:03.877-0300] {processor.py:183} INFO - Processing /home/patricia/Documentos/airflow/airflow_venv/lib/python3.10/site-packages/airflow/example_dags/example_python_decorator.py took 0.270 seconds
[2024-05-07T21:01:40.072-0300] {processor.py:161} INFO - Started process (PID=71448) to work on /home/patricia/Documentos/airflow/airflow_venv/lib/python3.10/site-packages/airflow/example_dags/example_python_decorator.py
[2024-05-07T21:01:40.113-0300] {processor.py:830} INFO - Processing file /home/patricia/Documentos/airflow/airflow_venv/lib/python3.10/site-packages/airflow/example_dags/example_python_decorator.py for tasks to queue
[2024-05-07T21:01:40.116-0300] {logging_mixin.py:188} INFO - [2024-05-07T21:01:40.115-0300] {dagbag.py:545} INFO - Filling up the DagBag from /home/patricia/Documentos/airflow/airflow_venv/lib/python3.10/site-packages/airflow/example_dags/example_python_decorator.py
[2024-05-07T21:01:40.157-0300] {processor.py:840} INFO - DAG(s) 'example_python_decorator' retrieved from /home/patricia/Documentos/airflow/airflow_venv/lib/python3.10/site-packages/airflow/example_dags/example_python_decorator.py
[2024-05-07T21:01:40.205-0300] {logging_mixin.py:188} INFO - [2024-05-07T21:01:40.205-0300] {dag.py:3096} INFO - Sync 1 DAGs
[2024-05-07T21:01:40.252-0300] {logging_mixin.py:188} INFO - [2024-05-07T21:01:40.251-0300] {dag.py:3954} INFO - Setting next_dagrun for example_python_decorator to None, run_after=None
[2024-05-07T21:01:40.348-0300] {processor.py:183} INFO - Processing /home/patricia/Documentos/airflow/airflow_venv/lib/python3.10/site-packages/airflow/example_dags/example_python_decorator.py took 0.287 seconds
[2024-05-07T21:03:01.388-0300] {processor.py:161} INFO - Started process (PID=71573) to work on /home/patricia/Documentos/airflow/airflow_venv/lib/python3.10/site-packages/airflow/example_dags/example_python_decorator.py
[2024-05-07T21:03:01.392-0300] {processor.py:830} INFO - Processing file /home/patricia/Documentos/airflow/airflow_venv/lib/python3.10/site-packages/airflow/example_dags/example_python_decorator.py for tasks to queue
[2024-05-07T21:03:01.395-0300] {logging_mixin.py:188} INFO - [2024-05-07T21:03:01.394-0300] {dagbag.py:545} INFO - Filling up the DagBag from /home/patricia/Documentos/airflow/airflow_venv/lib/python3.10/site-packages/airflow/example_dags/example_python_decorator.py
[2024-05-07T21:03:01.444-0300] {processor.py:840} INFO - DAG(s) 'example_python_decorator' retrieved from /home/patricia/Documentos/airflow/airflow_venv/lib/python3.10/site-packages/airflow/example_dags/example_python_decorator.py
[2024-05-07T21:03:01.510-0300] {logging_mixin.py:188} INFO - [2024-05-07T21:03:01.509-0300] {dag.py:3096} INFO - Sync 1 DAGs
[2024-05-07T21:03:01.547-0300] {logging_mixin.py:188} INFO - [2024-05-07T21:03:01.546-0300] {dag.py:3954} INFO - Setting next_dagrun for example_python_decorator to None, run_after=None
[2024-05-07T21:03:01.674-0300] {processor.py:183} INFO - Processing /home/patricia/Documentos/airflow/airflow_venv/lib/python3.10/site-packages/airflow/example_dags/example_python_decorator.py took 0.309 seconds
[2024-05-07T21:04:33.422-0300] {processor.py:161} INFO - Started process (PID=71729) to work on /home/patricia/Documentos/airflow/airflow_venv/lib/python3.10/site-packages/airflow/example_dags/example_python_decorator.py
[2024-05-07T21:04:33.544-0300] {processor.py:830} INFO - Processing file /home/patricia/Documentos/airflow/airflow_venv/lib/python3.10/site-packages/airflow/example_dags/example_python_decorator.py for tasks to queue
[2024-05-07T21:04:33.549-0300] {logging_mixin.py:188} INFO - [2024-05-07T21:04:33.548-0300] {dagbag.py:545} INFO - Filling up the DagBag from /home/patricia/Documentos/airflow/airflow_venv/lib/python3.10/site-packages/airflow/example_dags/example_python_decorator.py
[2024-05-07T21:04:33.583-0300] {processor.py:840} INFO - DAG(s) 'example_python_decorator' retrieved from /home/patricia/Documentos/airflow/airflow_venv/lib/python3.10/site-packages/airflow/example_dags/example_python_decorator.py
[2024-05-07T21:04:33.621-0300] {logging_mixin.py:188} INFO - [2024-05-07T21:04:33.621-0300] {dag.py:3096} INFO - Sync 1 DAGs
[2024-05-07T21:04:33.651-0300] {logging_mixin.py:188} INFO - [2024-05-07T21:04:33.651-0300] {dag.py:3954} INFO - Setting next_dagrun for example_python_decorator to None, run_after=None
[2024-05-07T21:04:34.265-0300] {processor.py:183} INFO - Processing /home/patricia/Documentos/airflow/airflow_venv/lib/python3.10/site-packages/airflow/example_dags/example_python_decorator.py took 0.853 seconds
