[2024-05-07T21:00:24.865-0300] {processor.py:161} INFO - Started process (PID=71320) to work on /home/patricia/Documentos/airflow/airflow_venv/lib/python3.10/site-packages/airflow/example_dags/example_trigger_target_dag.py
[2024-05-07T21:00:24.867-0300] {processor.py:830} INFO - Processing file /home/patricia/Documentos/airflow/airflow_venv/lib/python3.10/site-packages/airflow/example_dags/example_trigger_target_dag.py for tasks to queue
[2024-05-07T21:00:24.871-0300] {logging_mixin.py:188} INFO - [2024-05-07T21:00:24.871-0300] {dagbag.py:545} INFO - Filling up the DagBag from /home/patricia/Documentos/airflow/airflow_venv/lib/python3.10/site-packages/airflow/example_dags/example_trigger_target_dag.py
[2024-05-07T21:00:24.886-0300] {processor.py:840} INFO - DAG(s) 'example_trigger_target_dag' retrieved from /home/patricia/Documentos/airflow/airflow_venv/lib/python3.10/site-packages/airflow/example_dags/example_trigger_target_dag.py
[2024-05-07T21:00:24.917-0300] {logging_mixin.py:188} INFO - [2024-05-07T21:00:24.916-0300] {dag.py:3096} INFO - Sync 1 DAGs
[2024-05-07T21:00:24.960-0300] {logging_mixin.py:188} INFO - [2024-05-07T21:00:24.959-0300] {dag.py:3954} INFO - Setting next_dagrun for example_trigger_target_dag to None, run_after=None
[2024-05-07T21:00:25.057-0300] {processor.py:183} INFO - Processing /home/patricia/Documentos/airflow/airflow_venv/lib/python3.10/site-packages/airflow/example_dags/example_trigger_target_dag.py took 0.213 seconds
[2024-05-07T21:01:13.003-0300] {processor.py:161} INFO - Started process (PID=71403) to work on /home/patricia/Documentos/airflow/airflow_venv/lib/python3.10/site-packages/airflow/example_dags/example_trigger_target_dag.py
[2024-05-07T21:01:13.006-0300] {processor.py:830} INFO - Processing file /home/patricia/Documentos/airflow/airflow_venv/lib/python3.10/site-packages/airflow/example_dags/example_trigger_target_dag.py for tasks to queue
[2024-05-07T21:01:13.009-0300] {logging_mixin.py:188} INFO - [2024-05-07T21:01:13.008-0300] {dagbag.py:545} INFO - Filling up the DagBag from /home/patricia/Documentos/airflow/airflow_venv/lib/python3.10/site-packages/airflow/example_dags/example_trigger_target_dag.py
[2024-05-07T21:01:13.031-0300] {processor.py:840} INFO - DAG(s) 'example_trigger_target_dag' retrieved from /home/patricia/Documentos/airflow/airflow_venv/lib/python3.10/site-packages/airflow/example_dags/example_trigger_target_dag.py
[2024-05-07T21:01:13.062-0300] {logging_mixin.py:188} INFO - [2024-05-07T21:01:13.061-0300] {dag.py:3096} INFO - Sync 1 DAGs
[2024-05-07T21:01:13.106-0300] {logging_mixin.py:188} INFO - [2024-05-07T21:01:13.106-0300] {dag.py:3954} INFO - Setting next_dagrun for example_trigger_target_dag to None, run_after=None
[2024-05-07T21:01:13.218-0300] {processor.py:183} INFO - Processing /home/patricia/Documentos/airflow/airflow_venv/lib/python3.10/site-packages/airflow/example_dags/example_trigger_target_dag.py took 0.225 seconds
[2024-05-07T21:01:53.760-0300] {processor.py:161} INFO - Started process (PID=71468) to work on /home/patricia/Documentos/airflow/airflow_venv/lib/python3.10/site-packages/airflow/example_dags/example_trigger_target_dag.py
[2024-05-07T21:01:53.782-0300] {processor.py:830} INFO - Processing file /home/patricia/Documentos/airflow/airflow_venv/lib/python3.10/site-packages/airflow/example_dags/example_trigger_target_dag.py for tasks to queue
[2024-05-07T21:01:53.798-0300] {logging_mixin.py:188} INFO - [2024-05-07T21:01:53.798-0300] {dagbag.py:545} INFO - Filling up the DagBag from /home/patricia/Documentos/airflow/airflow_venv/lib/python3.10/site-packages/airflow/example_dags/example_trigger_target_dag.py
[2024-05-07T21:01:53.816-0300] {processor.py:840} INFO - DAG(s) 'example_trigger_target_dag' retrieved from /home/patricia/Documentos/airflow/airflow_venv/lib/python3.10/site-packages/airflow/example_dags/example_trigger_target_dag.py
[2024-05-07T21:01:53.839-0300] {logging_mixin.py:188} INFO - [2024-05-07T21:01:53.838-0300] {dag.py:3096} INFO - Sync 1 DAGs
[2024-05-07T21:01:53.856-0300] {logging_mixin.py:188} INFO - [2024-05-07T21:01:53.855-0300] {dag.py:3954} INFO - Setting next_dagrun for example_trigger_target_dag to None, run_after=None
[2024-05-07T21:01:53.934-0300] {processor.py:183} INFO - Processing /home/patricia/Documentos/airflow/airflow_venv/lib/python3.10/site-packages/airflow/example_dags/example_trigger_target_dag.py took 0.183 seconds
[2024-05-07T21:02:33.531-0300] {processor.py:161} INFO - Started process (PID=71531) to work on /home/patricia/Documentos/airflow/airflow_venv/lib/python3.10/site-packages/airflow/example_dags/example_trigger_target_dag.py
[2024-05-07T21:02:33.534-0300] {processor.py:830} INFO - Processing file /home/patricia/Documentos/airflow/airflow_venv/lib/python3.10/site-packages/airflow/example_dags/example_trigger_target_dag.py for tasks to queue
[2024-05-07T21:02:33.538-0300] {logging_mixin.py:188} INFO - [2024-05-07T21:02:33.536-0300] {dagbag.py:545} INFO - Filling up the DagBag from /home/patricia/Documentos/airflow/airflow_venv/lib/python3.10/site-packages/airflow/example_dags/example_trigger_target_dag.py
[2024-05-07T21:02:33.550-0300] {processor.py:840} INFO - DAG(s) 'example_trigger_target_dag' retrieved from /home/patricia/Documentos/airflow/airflow_venv/lib/python3.10/site-packages/airflow/example_dags/example_trigger_target_dag.py
[2024-05-07T21:02:33.582-0300] {logging_mixin.py:188} INFO - [2024-05-07T21:02:33.582-0300] {dag.py:3096} INFO - Sync 1 DAGs
[2024-05-07T21:02:33.663-0300] {logging_mixin.py:188} INFO - [2024-05-07T21:02:33.662-0300] {dag.py:3954} INFO - Setting next_dagrun for example_trigger_target_dag to None, run_after=None
[2024-05-07T21:02:33.881-0300] {processor.py:183} INFO - Processing /home/patricia/Documentos/airflow/airflow_venv/lib/python3.10/site-packages/airflow/example_dags/example_trigger_target_dag.py took 0.366 seconds
[2024-05-07T21:03:17.320-0300] {processor.py:161} INFO - Started process (PID=71598) to work on /home/patricia/Documentos/airflow/airflow_venv/lib/python3.10/site-packages/airflow/example_dags/example_trigger_target_dag.py
[2024-05-07T21:03:17.336-0300] {processor.py:830} INFO - Processing file /home/patricia/Documentos/airflow/airflow_venv/lib/python3.10/site-packages/airflow/example_dags/example_trigger_target_dag.py for tasks to queue
[2024-05-07T21:03:17.339-0300] {logging_mixin.py:188} INFO - [2024-05-07T21:03:17.338-0300] {dagbag.py:545} INFO - Filling up the DagBag from /home/patricia/Documentos/airflow/airflow_venv/lib/python3.10/site-packages/airflow/example_dags/example_trigger_target_dag.py
[2024-05-07T21:03:17.365-0300] {processor.py:840} INFO - DAG(s) 'example_trigger_target_dag' retrieved from /home/patricia/Documentos/airflow/airflow_venv/lib/python3.10/site-packages/airflow/example_dags/example_trigger_target_dag.py
[2024-05-07T21:03:17.399-0300] {logging_mixin.py:188} INFO - [2024-05-07T21:03:17.399-0300] {dag.py:3096} INFO - Sync 1 DAGs
[2024-05-07T21:03:17.469-0300] {logging_mixin.py:188} INFO - [2024-05-07T21:03:17.469-0300] {dag.py:3954} INFO - Setting next_dagrun for example_trigger_target_dag to None, run_after=None
[2024-05-07T21:03:17.555-0300] {processor.py:183} INFO - Processing /home/patricia/Documentos/airflow/airflow_venv/lib/python3.10/site-packages/airflow/example_dags/example_trigger_target_dag.py took 0.244 seconds
[2024-05-07T21:03:56.685-0300] {processor.py:161} INFO - Started process (PID=71665) to work on /home/patricia/Documentos/airflow/airflow_venv/lib/python3.10/site-packages/airflow/example_dags/example_trigger_target_dag.py
[2024-05-07T21:03:56.708-0300] {processor.py:830} INFO - Processing file /home/patricia/Documentos/airflow/airflow_venv/lib/python3.10/site-packages/airflow/example_dags/example_trigger_target_dag.py for tasks to queue
[2024-05-07T21:03:56.713-0300] {logging_mixin.py:188} INFO - [2024-05-07T21:03:56.712-0300] {dagbag.py:545} INFO - Filling up the DagBag from /home/patricia/Documentos/airflow/airflow_venv/lib/python3.10/site-packages/airflow/example_dags/example_trigger_target_dag.py
[2024-05-07T21:03:56.782-0300] {processor.py:840} INFO - DAG(s) 'example_trigger_target_dag' retrieved from /home/patricia/Documentos/airflow/airflow_venv/lib/python3.10/site-packages/airflow/example_dags/example_trigger_target_dag.py
[2024-05-07T21:03:56.827-0300] {logging_mixin.py:188} INFO - [2024-05-07T21:03:56.826-0300] {dag.py:3096} INFO - Sync 1 DAGs
[2024-05-07T21:03:56.861-0300] {logging_mixin.py:188} INFO - [2024-05-07T21:03:56.860-0300] {dag.py:3954} INFO - Setting next_dagrun for example_trigger_target_dag to None, run_after=None
[2024-05-07T21:03:56.910-0300] {processor.py:183} INFO - Processing /home/patricia/Documentos/airflow/airflow_venv/lib/python3.10/site-packages/airflow/example_dags/example_trigger_target_dag.py took 0.234 seconds
[2024-05-07T21:04:49.412-0300] {processor.py:161} INFO - Started process (PID=71755) to work on /home/patricia/Documentos/airflow/airflow_venv/lib/python3.10/site-packages/airflow/example_dags/example_trigger_target_dag.py
[2024-05-07T21:04:49.416-0300] {processor.py:830} INFO - Processing file /home/patricia/Documentos/airflow/airflow_venv/lib/python3.10/site-packages/airflow/example_dags/example_trigger_target_dag.py for tasks to queue
[2024-05-07T21:04:49.420-0300] {logging_mixin.py:188} INFO - [2024-05-07T21:04:49.419-0300] {dagbag.py:545} INFO - Filling up the DagBag from /home/patricia/Documentos/airflow/airflow_venv/lib/python3.10/site-packages/airflow/example_dags/example_trigger_target_dag.py
[2024-05-07T21:04:49.444-0300] {processor.py:840} INFO - DAG(s) 'example_trigger_target_dag' retrieved from /home/patricia/Documentos/airflow/airflow_venv/lib/python3.10/site-packages/airflow/example_dags/example_trigger_target_dag.py
[2024-05-07T21:04:49.499-0300] {logging_mixin.py:188} INFO - [2024-05-07T21:04:49.498-0300] {dag.py:3096} INFO - Sync 1 DAGs
[2024-05-07T21:04:49.530-0300] {logging_mixin.py:188} INFO - [2024-05-07T21:04:49.530-0300] {dag.py:3954} INFO - Setting next_dagrun for example_trigger_target_dag to None, run_after=None
[2024-05-07T21:04:49.638-0300] {processor.py:183} INFO - Processing /home/patricia/Documentos/airflow/airflow_venv/lib/python3.10/site-packages/airflow/example_dags/example_trigger_target_dag.py took 0.239 seconds
[2024-05-07T21:05:35.501-0300] {processor.py:161} INFO - Started process (PID=71829) to work on /home/patricia/Documentos/airflow/airflow_venv/lib/python3.10/site-packages/airflow/example_dags/example_trigger_target_dag.py
[2024-05-07T21:05:35.504-0300] {processor.py:830} INFO - Processing file /home/patricia/Documentos/airflow/airflow_venv/lib/python3.10/site-packages/airflow/example_dags/example_trigger_target_dag.py for tasks to queue
[2024-05-07T21:05:35.507-0300] {logging_mixin.py:188} INFO - [2024-05-07T21:05:35.507-0300] {dagbag.py:545} INFO - Filling up the DagBag from /home/patricia/Documentos/airflow/airflow_venv/lib/python3.10/site-packages/airflow/example_dags/example_trigger_target_dag.py
[2024-05-07T21:05:35.523-0300] {processor.py:840} INFO - DAG(s) 'example_trigger_target_dag' retrieved from /home/patricia/Documentos/airflow/airflow_venv/lib/python3.10/site-packages/airflow/example_dags/example_trigger_target_dag.py
[2024-05-07T21:05:35.546-0300] {logging_mixin.py:188} INFO - [2024-05-07T21:05:35.545-0300] {dag.py:3096} INFO - Sync 1 DAGs
[2024-05-07T21:05:35.570-0300] {logging_mixin.py:188} INFO - [2024-05-07T21:05:35.570-0300] {dag.py:3954} INFO - Setting next_dagrun for example_trigger_target_dag to None, run_after=None
[2024-05-07T21:05:35.620-0300] {processor.py:183} INFO - Processing /home/patricia/Documentos/airflow/airflow_venv/lib/python3.10/site-packages/airflow/example_dags/example_trigger_target_dag.py took 0.158 seconds
