[2024-05-07T21:00:15.822-0300] {processor.py:161} INFO - Started process (PID=71308) to work on /home/patricia/Documentos/airflow/airflow_venv/lib/python3.10/site-packages/airflow/example_dags/example_branch_labels.py
[2024-05-07T21:00:15.829-0300] {processor.py:830} INFO - Processing file /home/patricia/Documentos/airflow/airflow_venv/lib/python3.10/site-packages/airflow/example_dags/example_branch_labels.py for tasks to queue
[2024-05-07T21:00:15.833-0300] {logging_mixin.py:188} INFO - [2024-05-07T21:00:15.832-0300] {dagbag.py:545} INFO - Filling up the DagBag from /home/patricia/Documentos/airflow/airflow_venv/lib/python3.10/site-packages/airflow/example_dags/example_branch_labels.py
[2024-05-07T21:00:15.851-0300] {processor.py:840} INFO - DAG(s) 'example_branch_labels' retrieved from /home/patricia/Documentos/airflow/airflow_venv/lib/python3.10/site-packages/airflow/example_dags/example_branch_labels.py
[2024-05-07T21:00:15.902-0300] {logging_mixin.py:188} INFO - [2024-05-07T21:00:15.902-0300] {dag.py:3096} INFO - Sync 1 DAGs
[2024-05-07T21:00:15.982-0300] {logging_mixin.py:188} INFO - [2024-05-07T21:00:15.982-0300] {dag.py:3954} INFO - Setting next_dagrun for example_branch_labels to 2024-05-07 00:00:00+00:00, run_after=2024-05-08 00:00:00+00:00
[2024-05-07T21:00:16.088-0300] {processor.py:183} INFO - Processing /home/patricia/Documentos/airflow/airflow_venv/lib/python3.10/site-packages/airflow/example_dags/example_branch_labels.py took 0.339 seconds
[2024-05-07T21:01:45.647-0300] {processor.py:161} INFO - Started process (PID=71459) to work on /home/patricia/Documentos/airflow/airflow_venv/lib/python3.10/site-packages/airflow/example_dags/example_branch_labels.py
[2024-05-07T21:01:45.651-0300] {processor.py:830} INFO - Processing file /home/patricia/Documentos/airflow/airflow_venv/lib/python3.10/site-packages/airflow/example_dags/example_branch_labels.py for tasks to queue
[2024-05-07T21:01:45.656-0300] {logging_mixin.py:188} INFO - [2024-05-07T21:01:45.655-0300] {dagbag.py:545} INFO - Filling up the DagBag from /home/patricia/Documentos/airflow/airflow_venv/lib/python3.10/site-packages/airflow/example_dags/example_branch_labels.py
[2024-05-07T21:01:45.688-0300] {processor.py:840} INFO - DAG(s) 'example_branch_labels' retrieved from /home/patricia/Documentos/airflow/airflow_venv/lib/python3.10/site-packages/airflow/example_dags/example_branch_labels.py
[2024-05-07T21:01:45.734-0300] {logging_mixin.py:188} INFO - [2024-05-07T21:01:45.734-0300] {dag.py:3096} INFO - Sync 1 DAGs
[2024-05-07T21:01:45.761-0300] {logging_mixin.py:188} INFO - [2024-05-07T21:01:45.760-0300] {dag.py:3954} INFO - Setting next_dagrun for example_branch_labels to 2024-05-07 00:00:00+00:00, run_after=2024-05-08 00:00:00+00:00
[2024-05-07T21:01:45.833-0300] {processor.py:183} INFO - Processing /home/patricia/Documentos/airflow/airflow_venv/lib/python3.10/site-packages/airflow/example_dags/example_branch_labels.py took 0.200 seconds
[2024-05-07T21:03:07.948-0300] {processor.py:161} INFO - Started process (PID=71584) to work on /home/patricia/Documentos/airflow/airflow_venv/lib/python3.10/site-packages/airflow/example_dags/example_branch_labels.py
[2024-05-07T21:03:07.967-0300] {processor.py:830} INFO - Processing file /home/patricia/Documentos/airflow/airflow_venv/lib/python3.10/site-packages/airflow/example_dags/example_branch_labels.py for tasks to queue
[2024-05-07T21:03:07.972-0300] {logging_mixin.py:188} INFO - [2024-05-07T21:03:07.971-0300] {dagbag.py:545} INFO - Filling up the DagBag from /home/patricia/Documentos/airflow/airflow_venv/lib/python3.10/site-packages/airflow/example_dags/example_branch_labels.py
[2024-05-07T21:03:07.988-0300] {processor.py:840} INFO - DAG(s) 'example_branch_labels' retrieved from /home/patricia/Documentos/airflow/airflow_venv/lib/python3.10/site-packages/airflow/example_dags/example_branch_labels.py
[2024-05-07T21:03:08.051-0300] {logging_mixin.py:188} INFO - [2024-05-07T21:03:08.051-0300] {dag.py:3096} INFO - Sync 1 DAGs
[2024-05-07T21:03:08.177-0300] {logging_mixin.py:188} INFO - [2024-05-07T21:03:08.177-0300] {dag.py:3954} INFO - Setting next_dagrun for example_branch_labels to 2024-05-07 00:00:00+00:00, run_after=2024-05-08 00:00:00+00:00
[2024-05-07T21:03:08.275-0300] {processor.py:183} INFO - Processing /home/patricia/Documentos/airflow/airflow_venv/lib/python3.10/site-packages/airflow/example_dags/example_branch_labels.py took 0.370 seconds
[2024-05-07T21:04:40.981-0300] {processor.py:161} INFO - Started process (PID=71743) to work on /home/patricia/Documentos/airflow/airflow_venv/lib/python3.10/site-packages/airflow/example_dags/example_branch_labels.py
[2024-05-07T21:04:40.999-0300] {processor.py:830} INFO - Processing file /home/patricia/Documentos/airflow/airflow_venv/lib/python3.10/site-packages/airflow/example_dags/example_branch_labels.py for tasks to queue
[2024-05-07T21:04:41.005-0300] {logging_mixin.py:188} INFO - [2024-05-07T21:04:41.001-0300] {dagbag.py:545} INFO - Filling up the DagBag from /home/patricia/Documentos/airflow/airflow_venv/lib/python3.10/site-packages/airflow/example_dags/example_branch_labels.py
[2024-05-07T21:04:41.024-0300] {processor.py:840} INFO - DAG(s) 'example_branch_labels' retrieved from /home/patricia/Documentos/airflow/airflow_venv/lib/python3.10/site-packages/airflow/example_dags/example_branch_labels.py
[2024-05-07T21:04:41.052-0300] {logging_mixin.py:188} INFO - [2024-05-07T21:04:41.052-0300] {dag.py:3096} INFO - Sync 1 DAGs
[2024-05-07T21:04:41.084-0300] {logging_mixin.py:188} INFO - [2024-05-07T21:04:41.084-0300] {dag.py:3954} INFO - Setting next_dagrun for example_branch_labels to 2024-05-07 00:00:00+00:00, run_after=2024-05-08 00:00:00+00:00
[2024-05-07T21:04:41.136-0300] {processor.py:183} INFO - Processing /home/patricia/Documentos/airflow/airflow_venv/lib/python3.10/site-packages/airflow/example_dags/example_branch_labels.py took 0.188 seconds
