[2024-05-07T21:00:35.743-0300] {processor.py:161} INFO - Started process (PID=71335) to work on /home/patricia/Documentos/airflow/airflow_venv/lib/python3.10/site-packages/airflow/example_dags/example_task_group.py
[2024-05-07T21:00:35.749-0300] {processor.py:830} INFO - Processing file /home/patricia/Documentos/airflow/airflow_venv/lib/python3.10/site-packages/airflow/example_dags/example_task_group.py for tasks to queue
[2024-05-07T21:00:35.778-0300] {logging_mixin.py:188} INFO - [2024-05-07T21:00:35.756-0300] {dagbag.py:545} INFO - Filling up the DagBag from /home/patricia/Documentos/airflow/airflow_venv/lib/python3.10/site-packages/airflow/example_dags/example_task_group.py
[2024-05-07T21:00:35.808-0300] {processor.py:840} INFO - DAG(s) 'example_task_group' retrieved from /home/patricia/Documentos/airflow/airflow_venv/lib/python3.10/site-packages/airflow/example_dags/example_task_group.py
[2024-05-07T21:00:35.847-0300] {logging_mixin.py:188} INFO - [2024-05-07T21:00:35.847-0300] {dag.py:3096} INFO - Sync 1 DAGs
[2024-05-07T21:00:35.939-0300] {logging_mixin.py:188} INFO - [2024-05-07T21:00:35.938-0300] {dag.py:3954} INFO - Setting next_dagrun for example_task_group to 2024-05-07 00:00:00+00:00, run_after=2024-05-08 00:00:00+00:00
[2024-05-07T21:00:36.098-0300] {processor.py:183} INFO - Processing /home/patricia/Documentos/airflow/airflow_venv/lib/python3.10/site-packages/airflow/example_dags/example_task_group.py took 0.392 seconds
[2024-05-07T21:01:23.435-0300] {processor.py:161} INFO - Started process (PID=71419) to work on /home/patricia/Documentos/airflow/airflow_venv/lib/python3.10/site-packages/airflow/example_dags/example_task_group.py
[2024-05-07T21:01:23.465-0300] {processor.py:830} INFO - Processing file /home/patricia/Documentos/airflow/airflow_venv/lib/python3.10/site-packages/airflow/example_dags/example_task_group.py for tasks to queue
[2024-05-07T21:01:23.468-0300] {logging_mixin.py:188} INFO - [2024-05-07T21:01:23.467-0300] {dagbag.py:545} INFO - Filling up the DagBag from /home/patricia/Documentos/airflow/airflow_venv/lib/python3.10/site-packages/airflow/example_dags/example_task_group.py
[2024-05-07T21:01:23.485-0300] {processor.py:840} INFO - DAG(s) 'example_task_group' retrieved from /home/patricia/Documentos/airflow/airflow_venv/lib/python3.10/site-packages/airflow/example_dags/example_task_group.py
[2024-05-07T21:01:23.512-0300] {logging_mixin.py:188} INFO - [2024-05-07T21:01:23.511-0300] {dag.py:3096} INFO - Sync 1 DAGs
[2024-05-07T21:01:23.593-0300] {logging_mixin.py:188} INFO - [2024-05-07T21:01:23.593-0300] {dag.py:3954} INFO - Setting next_dagrun for example_task_group to 2024-05-07 00:00:00+00:00, run_after=2024-05-08 00:00:00+00:00
[2024-05-07T21:01:23.700-0300] {processor.py:183} INFO - Processing /home/patricia/Documentos/airflow/airflow_venv/lib/python3.10/site-packages/airflow/example_dags/example_task_group.py took 0.274 seconds
[2024-05-07T21:02:43.805-0300] {processor.py:161} INFO - Started process (PID=71548) to work on /home/patricia/Documentos/airflow/airflow_venv/lib/python3.10/site-packages/airflow/example_dags/example_task_group.py
[2024-05-07T21:02:43.815-0300] {processor.py:830} INFO - Processing file /home/patricia/Documentos/airflow/airflow_venv/lib/python3.10/site-packages/airflow/example_dags/example_task_group.py for tasks to queue
[2024-05-07T21:02:43.818-0300] {logging_mixin.py:188} INFO - [2024-05-07T21:02:43.818-0300] {dagbag.py:545} INFO - Filling up the DagBag from /home/patricia/Documentos/airflow/airflow_venv/lib/python3.10/site-packages/airflow/example_dags/example_task_group.py
[2024-05-07T21:02:43.831-0300] {processor.py:840} INFO - DAG(s) 'example_task_group' retrieved from /home/patricia/Documentos/airflow/airflow_venv/lib/python3.10/site-packages/airflow/example_dags/example_task_group.py
[2024-05-07T21:02:43.866-0300] {logging_mixin.py:188} INFO - [2024-05-07T21:02:43.866-0300] {dag.py:3096} INFO - Sync 1 DAGs
[2024-05-07T21:02:43.900-0300] {logging_mixin.py:188} INFO - [2024-05-07T21:02:43.899-0300] {dag.py:3954} INFO - Setting next_dagrun for example_task_group to 2024-05-07 00:00:00+00:00, run_after=2024-05-08 00:00:00+00:00
[2024-05-07T21:02:44.074-0300] {processor.py:183} INFO - Processing /home/patricia/Documentos/airflow/airflow_venv/lib/python3.10/site-packages/airflow/example_dags/example_task_group.py took 0.278 seconds
[2024-05-07T21:04:04.669-0300] {processor.py:161} INFO - Started process (PID=71677) to work on /home/patricia/Documentos/airflow/airflow_venv/lib/python3.10/site-packages/airflow/example_dags/example_task_group.py
[2024-05-07T21:04:04.672-0300] {processor.py:830} INFO - Processing file /home/patricia/Documentos/airflow/airflow_venv/lib/python3.10/site-packages/airflow/example_dags/example_task_group.py for tasks to queue
[2024-05-07T21:04:04.675-0300] {logging_mixin.py:188} INFO - [2024-05-07T21:04:04.674-0300] {dagbag.py:545} INFO - Filling up the DagBag from /home/patricia/Documentos/airflow/airflow_venv/lib/python3.10/site-packages/airflow/example_dags/example_task_group.py
[2024-05-07T21:04:04.692-0300] {processor.py:840} INFO - DAG(s) 'example_task_group' retrieved from /home/patricia/Documentos/airflow/airflow_venv/lib/python3.10/site-packages/airflow/example_dags/example_task_group.py
[2024-05-07T21:04:04.742-0300] {logging_mixin.py:188} INFO - [2024-05-07T21:04:04.742-0300] {dag.py:3096} INFO - Sync 1 DAGs
[2024-05-07T21:04:04.778-0300] {logging_mixin.py:188} INFO - [2024-05-07T21:04:04.778-0300] {dag.py:3954} INFO - Setting next_dagrun for example_task_group to 2024-05-07 00:00:00+00:00, run_after=2024-05-08 00:00:00+00:00
[2024-05-07T21:04:04.855-0300] {processor.py:183} INFO - Processing /home/patricia/Documentos/airflow/airflow_venv/lib/python3.10/site-packages/airflow/example_dags/example_task_group.py took 0.208 seconds
[2024-05-07T21:05:00.028-0300] {processor.py:161} INFO - Started process (PID=71774) to work on /home/patricia/Documentos/airflow/airflow_venv/lib/python3.10/site-packages/airflow/example_dags/example_task_group.py
[2024-05-07T21:05:00.032-0300] {processor.py:830} INFO - Processing file /home/patricia/Documentos/airflow/airflow_venv/lib/python3.10/site-packages/airflow/example_dags/example_task_group.py for tasks to queue
[2024-05-07T21:05:00.035-0300] {logging_mixin.py:188} INFO - [2024-05-07T21:05:00.034-0300] {dagbag.py:545} INFO - Filling up the DagBag from /home/patricia/Documentos/airflow/airflow_venv/lib/python3.10/site-packages/airflow/example_dags/example_task_group.py
[2024-05-07T21:05:00.051-0300] {processor.py:840} INFO - DAG(s) 'example_task_group' retrieved from /home/patricia/Documentos/airflow/airflow_venv/lib/python3.10/site-packages/airflow/example_dags/example_task_group.py
[2024-05-07T21:05:00.094-0300] {logging_mixin.py:188} INFO - [2024-05-07T21:05:00.093-0300] {dag.py:3096} INFO - Sync 1 DAGs
[2024-05-07T21:05:00.135-0300] {logging_mixin.py:188} INFO - [2024-05-07T21:05:00.134-0300] {dag.py:3954} INFO - Setting next_dagrun for example_task_group to 2024-05-07 00:00:00+00:00, run_after=2024-05-08 00:00:00+00:00
[2024-05-07T21:05:00.200-0300] {processor.py:183} INFO - Processing /home/patricia/Documentos/airflow/airflow_venv/lib/python3.10/site-packages/airflow/example_dags/example_task_group.py took 0.210 seconds
[2024-05-07T21:05:45.918-0300] {processor.py:161} INFO - Started process (PID=71848) to work on /home/patricia/Documentos/airflow/airflow_venv/lib/python3.10/site-packages/airflow/example_dags/example_task_group.py
[2024-05-07T21:05:45.920-0300] {processor.py:830} INFO - Processing file /home/patricia/Documentos/airflow/airflow_venv/lib/python3.10/site-packages/airflow/example_dags/example_task_group.py for tasks to queue
[2024-05-07T21:05:45.923-0300] {logging_mixin.py:188} INFO - [2024-05-07T21:05:45.922-0300] {dagbag.py:545} INFO - Filling up the DagBag from /home/patricia/Documentos/airflow/airflow_venv/lib/python3.10/site-packages/airflow/example_dags/example_task_group.py
[2024-05-07T21:05:45.954-0300] {processor.py:840} INFO - DAG(s) 'example_task_group' retrieved from /home/patricia/Documentos/airflow/airflow_venv/lib/python3.10/site-packages/airflow/example_dags/example_task_group.py
[2024-05-07T21:05:46.008-0300] {logging_mixin.py:188} INFO - [2024-05-07T21:05:46.007-0300] {dag.py:3096} INFO - Sync 1 DAGs
[2024-05-07T21:05:46.038-0300] {logging_mixin.py:188} INFO - [2024-05-07T21:05:46.037-0300] {dag.py:3954} INFO - Setting next_dagrun for example_task_group to 2024-05-07 00:00:00+00:00, run_after=2024-05-08 00:00:00+00:00
[2024-05-07T21:05:46.133-0300] {processor.py:183} INFO - Processing /home/patricia/Documentos/airflow/airflow_venv/lib/python3.10/site-packages/airflow/example_dags/example_task_group.py took 0.228 seconds
