[2024-05-07T21:00:39.627-0300] {processor.py:161} INFO - Started process (PID=71345) to work on /home/patricia/Documentos/airflow/airflow_venv/lib/python3.10/site-packages/airflow/example_dags/example_time_delta_sensor_async.py
[2024-05-07T21:00:39.629-0300] {processor.py:830} INFO - Processing file /home/patricia/Documentos/airflow/airflow_venv/lib/python3.10/site-packages/airflow/example_dags/example_time_delta_sensor_async.py for tasks to queue
[2024-05-07T21:00:39.634-0300] {logging_mixin.py:188} INFO - [2024-05-07T21:00:39.633-0300] {dagbag.py:545} INFO - Filling up the DagBag from /home/patricia/Documentos/airflow/airflow_venv/lib/python3.10/site-packages/airflow/example_dags/example_time_delta_sensor_async.py
[2024-05-07T21:00:39.649-0300] {processor.py:840} INFO - DAG(s) 'example_time_delta_sensor_async' retrieved from /home/patricia/Documentos/airflow/airflow_venv/lib/python3.10/site-packages/airflow/example_dags/example_time_delta_sensor_async.py
[2024-05-07T21:00:39.749-0300] {logging_mixin.py:188} INFO - [2024-05-07T21:00:39.748-0300] {dag.py:3096} INFO - Sync 1 DAGs
[2024-05-07T21:00:39.792-0300] {logging_mixin.py:188} INFO - [2024-05-07T21:00:39.791-0300] {dag.py:3954} INFO - Setting next_dagrun for example_time_delta_sensor_async to None, run_after=None
[2024-05-07T21:00:39.882-0300] {processor.py:183} INFO - Processing /home/patricia/Documentos/airflow/airflow_venv/lib/python3.10/site-packages/airflow/example_dags/example_time_delta_sensor_async.py took 0.279 seconds
[2024-05-07T21:01:27.583-0300] {processor.py:161} INFO - Started process (PID=71424) to work on /home/patricia/Documentos/airflow/airflow_venv/lib/python3.10/site-packages/airflow/example_dags/example_time_delta_sensor_async.py
[2024-05-07T21:01:27.594-0300] {processor.py:830} INFO - Processing file /home/patricia/Documentos/airflow/airflow_venv/lib/python3.10/site-packages/airflow/example_dags/example_time_delta_sensor_async.py for tasks to queue
[2024-05-07T21:01:27.597-0300] {logging_mixin.py:188} INFO - [2024-05-07T21:01:27.596-0300] {dagbag.py:545} INFO - Filling up the DagBag from /home/patricia/Documentos/airflow/airflow_venv/lib/python3.10/site-packages/airflow/example_dags/example_time_delta_sensor_async.py
[2024-05-07T21:01:27.603-0300] {processor.py:840} INFO - DAG(s) 'example_time_delta_sensor_async' retrieved from /home/patricia/Documentos/airflow/airflow_venv/lib/python3.10/site-packages/airflow/example_dags/example_time_delta_sensor_async.py
[2024-05-07T21:01:27.631-0300] {logging_mixin.py:188} INFO - [2024-05-07T21:01:27.631-0300] {dag.py:3096} INFO - Sync 1 DAGs
[2024-05-07T21:01:27.662-0300] {logging_mixin.py:188} INFO - [2024-05-07T21:01:27.662-0300] {dag.py:3954} INFO - Setting next_dagrun for example_time_delta_sensor_async to None, run_after=None
[2024-05-07T21:01:27.735-0300] {processor.py:183} INFO - Processing /home/patricia/Documentos/airflow/airflow_venv/lib/python3.10/site-packages/airflow/example_dags/example_time_delta_sensor_async.py took 0.179 seconds
[2024-05-07T21:02:47.159-0300] {processor.py:161} INFO - Started process (PID=71552) to work on /home/patricia/Documentos/airflow/airflow_venv/lib/python3.10/site-packages/airflow/example_dags/example_time_delta_sensor_async.py
[2024-05-07T21:02:47.196-0300] {processor.py:830} INFO - Processing file /home/patricia/Documentos/airflow/airflow_venv/lib/python3.10/site-packages/airflow/example_dags/example_time_delta_sensor_async.py for tasks to queue
[2024-05-07T21:02:47.205-0300] {logging_mixin.py:188} INFO - [2024-05-07T21:02:47.204-0300] {dagbag.py:545} INFO - Filling up the DagBag from /home/patricia/Documentos/airflow/airflow_venv/lib/python3.10/site-packages/airflow/example_dags/example_time_delta_sensor_async.py
[2024-05-07T21:02:47.217-0300] {processor.py:840} INFO - DAG(s) 'example_time_delta_sensor_async' retrieved from /home/patricia/Documentos/airflow/airflow_venv/lib/python3.10/site-packages/airflow/example_dags/example_time_delta_sensor_async.py
[2024-05-07T21:02:47.279-0300] {logging_mixin.py:188} INFO - [2024-05-07T21:02:47.278-0300] {dag.py:3096} INFO - Sync 1 DAGs
[2024-05-07T21:02:47.329-0300] {logging_mixin.py:188} INFO - [2024-05-07T21:02:47.329-0300] {dag.py:3954} INFO - Setting next_dagrun for example_time_delta_sensor_async to None, run_after=None
[2024-05-07T21:02:47.473-0300] {processor.py:183} INFO - Processing /home/patricia/Documentos/airflow/airflow_venv/lib/python3.10/site-packages/airflow/example_dags/example_time_delta_sensor_async.py took 0.328 seconds
[2024-05-07T21:04:10.120-0300] {processor.py:161} INFO - Started process (PID=71686) to work on /home/patricia/Documentos/airflow/airflow_venv/lib/python3.10/site-packages/airflow/example_dags/example_time_delta_sensor_async.py
[2024-05-07T21:04:10.202-0300] {processor.py:830} INFO - Processing file /home/patricia/Documentos/airflow/airflow_venv/lib/python3.10/site-packages/airflow/example_dags/example_time_delta_sensor_async.py for tasks to queue
[2024-05-07T21:04:10.207-0300] {logging_mixin.py:188} INFO - [2024-05-07T21:04:10.205-0300] {dagbag.py:545} INFO - Filling up the DagBag from /home/patricia/Documentos/airflow/airflow_venv/lib/python3.10/site-packages/airflow/example_dags/example_time_delta_sensor_async.py
[2024-05-07T21:04:10.234-0300] {processor.py:840} INFO - DAG(s) 'example_time_delta_sensor_async' retrieved from /home/patricia/Documentos/airflow/airflow_venv/lib/python3.10/site-packages/airflow/example_dags/example_time_delta_sensor_async.py
[2024-05-07T21:04:10.340-0300] {logging_mixin.py:188} INFO - [2024-05-07T21:04:10.339-0300] {dag.py:3096} INFO - Sync 1 DAGs
[2024-05-07T21:04:10.449-0300] {logging_mixin.py:188} INFO - [2024-05-07T21:04:10.448-0300] {dag.py:3954} INFO - Setting next_dagrun for example_time_delta_sensor_async to None, run_after=None
[2024-05-07T21:04:11.373-0300] {processor.py:183} INFO - Processing /home/patricia/Documentos/airflow/airflow_venv/lib/python3.10/site-packages/airflow/example_dags/example_time_delta_sensor_async.py took 1.268 seconds
[2024-05-07T21:05:04.043-0300] {processor.py:161} INFO - Started process (PID=71778) to work on /home/patricia/Documentos/airflow/airflow_venv/lib/python3.10/site-packages/airflow/example_dags/example_time_delta_sensor_async.py
[2024-05-07T21:05:04.051-0300] {processor.py:830} INFO - Processing file /home/patricia/Documentos/airflow/airflow_venv/lib/python3.10/site-packages/airflow/example_dags/example_time_delta_sensor_async.py for tasks to queue
[2024-05-07T21:05:04.058-0300] {logging_mixin.py:188} INFO - [2024-05-07T21:05:04.054-0300] {dagbag.py:545} INFO - Filling up the DagBag from /home/patricia/Documentos/airflow/airflow_venv/lib/python3.10/site-packages/airflow/example_dags/example_time_delta_sensor_async.py
[2024-05-07T21:05:04.068-0300] {processor.py:840} INFO - DAG(s) 'example_time_delta_sensor_async' retrieved from /home/patricia/Documentos/airflow/airflow_venv/lib/python3.10/site-packages/airflow/example_dags/example_time_delta_sensor_async.py
[2024-05-07T21:05:04.113-0300] {logging_mixin.py:188} INFO - [2024-05-07T21:05:04.112-0300] {dag.py:3096} INFO - Sync 1 DAGs
[2024-05-07T21:05:04.166-0300] {logging_mixin.py:188} INFO - [2024-05-07T21:05:04.166-0300] {dag.py:3954} INFO - Setting next_dagrun for example_time_delta_sensor_async to None, run_after=None
[2024-05-07T21:05:04.234-0300] {processor.py:183} INFO - Processing /home/patricia/Documentos/airflow/airflow_venv/lib/python3.10/site-packages/airflow/example_dags/example_time_delta_sensor_async.py took 0.236 seconds
