[2024-05-07T21:00:02.656-0300] {processor.py:161} INFO - Started process (PID=71281) to work on /home/patricia/Documentos/airflow/airflow_venv/lib/python3.10/site-packages/airflow/example_dags/example_display_name.py
[2024-05-07T21:00:02.658-0300] {processor.py:830} INFO - Processing file /home/patricia/Documentos/airflow/airflow_venv/lib/python3.10/site-packages/airflow/example_dags/example_display_name.py for tasks to queue
[2024-05-07T21:00:02.667-0300] {logging_mixin.py:188} INFO - [2024-05-07T21:00:02.663-0300] {dagbag.py:545} INFO - Filling up the DagBag from /home/patricia/Documentos/airflow/airflow_venv/lib/python3.10/site-packages/airflow/example_dags/example_display_name.py
[2024-05-07T21:00:02.713-0300] {processor.py:840} INFO - DAG(s) 'example_display_name' retrieved from /home/patricia/Documentos/airflow/airflow_venv/lib/python3.10/site-packages/airflow/example_dags/example_display_name.py
[2024-05-07T21:00:02.757-0300] {logging_mixin.py:188} INFO - [2024-05-07T21:00:02.757-0300] {dag.py:3096} INFO - Sync 1 DAGs
[2024-05-07T21:00:02.794-0300] {logging_mixin.py:188} INFO - [2024-05-07T21:00:02.794-0300] {dag.py:3954} INFO - Setting next_dagrun for example_display_name to None, run_after=None
[2024-05-07T21:00:02.894-0300] {processor.py:183} INFO - Processing /home/patricia/Documentos/airflow/airflow_venv/lib/python3.10/site-packages/airflow/example_dags/example_display_name.py took 0.289 seconds
[2024-05-07T21:01:38.624-0300] {processor.py:161} INFO - Started process (PID=71445) to work on /home/patricia/Documentos/airflow/airflow_venv/lib/python3.10/site-packages/airflow/example_dags/example_display_name.py
[2024-05-07T21:01:38.641-0300] {processor.py:830} INFO - Processing file /home/patricia/Documentos/airflow/airflow_venv/lib/python3.10/site-packages/airflow/example_dags/example_display_name.py for tasks to queue
[2024-05-07T21:01:38.645-0300] {logging_mixin.py:188} INFO - [2024-05-07T21:01:38.644-0300] {dagbag.py:545} INFO - Filling up the DagBag from /home/patricia/Documentos/airflow/airflow_venv/lib/python3.10/site-packages/airflow/example_dags/example_display_name.py
[2024-05-07T21:01:38.665-0300] {processor.py:840} INFO - DAG(s) 'example_display_name' retrieved from /home/patricia/Documentos/airflow/airflow_venv/lib/python3.10/site-packages/airflow/example_dags/example_display_name.py
[2024-05-07T21:01:38.711-0300] {logging_mixin.py:188} INFO - [2024-05-07T21:01:38.708-0300] {dag.py:3096} INFO - Sync 1 DAGs
[2024-05-07T21:01:38.738-0300] {logging_mixin.py:188} INFO - [2024-05-07T21:01:38.737-0300] {dag.py:3954} INFO - Setting next_dagrun for example_display_name to None, run_after=None
[2024-05-07T21:01:38.826-0300] {processor.py:183} INFO - Processing /home/patricia/Documentos/airflow/airflow_venv/lib/python3.10/site-packages/airflow/example_dags/example_display_name.py took 0.245 seconds
[2024-05-07T21:03:00.609-0300] {processor.py:161} INFO - Started process (PID=71569) to work on /home/patricia/Documentos/airflow/airflow_venv/lib/python3.10/site-packages/airflow/example_dags/example_display_name.py
[2024-05-07T21:03:00.614-0300] {processor.py:830} INFO - Processing file /home/patricia/Documentos/airflow/airflow_venv/lib/python3.10/site-packages/airflow/example_dags/example_display_name.py for tasks to queue
[2024-05-07T21:03:00.618-0300] {logging_mixin.py:188} INFO - [2024-05-07T21:03:00.617-0300] {dagbag.py:545} INFO - Filling up the DagBag from /home/patricia/Documentos/airflow/airflow_venv/lib/python3.10/site-packages/airflow/example_dags/example_display_name.py
[2024-05-07T21:03:00.632-0300] {processor.py:840} INFO - DAG(s) 'example_display_name' retrieved from /home/patricia/Documentos/airflow/airflow_venv/lib/python3.10/site-packages/airflow/example_dags/example_display_name.py
[2024-05-07T21:03:00.708-0300] {logging_mixin.py:188} INFO - [2024-05-07T21:03:00.706-0300] {dag.py:3096} INFO - Sync 1 DAGs
[2024-05-07T21:03:00.735-0300] {logging_mixin.py:188} INFO - [2024-05-07T21:03:00.734-0300] {dag.py:3954} INFO - Setting next_dagrun for example_display_name to None, run_after=None
[2024-05-07T21:03:00.979-0300] {processor.py:183} INFO - Processing /home/patricia/Documentos/airflow/airflow_venv/lib/python3.10/site-packages/airflow/example_dags/example_display_name.py took 0.386 seconds
[2024-05-07T21:04:32.409-0300] {processor.py:161} INFO - Started process (PID=71728) to work on /home/patricia/Documentos/airflow/airflow_venv/lib/python3.10/site-packages/airflow/example_dags/example_display_name.py
[2024-05-07T21:04:32.456-0300] {processor.py:830} INFO - Processing file /home/patricia/Documentos/airflow/airflow_venv/lib/python3.10/site-packages/airflow/example_dags/example_display_name.py for tasks to queue
[2024-05-07T21:04:32.467-0300] {logging_mixin.py:188} INFO - [2024-05-07T21:04:32.467-0300] {dagbag.py:545} INFO - Filling up the DagBag from /home/patricia/Documentos/airflow/airflow_venv/lib/python3.10/site-packages/airflow/example_dags/example_display_name.py
[2024-05-07T21:04:32.478-0300] {processor.py:840} INFO - DAG(s) 'example_display_name' retrieved from /home/patricia/Documentos/airflow/airflow_venv/lib/python3.10/site-packages/airflow/example_dags/example_display_name.py
[2024-05-07T21:04:32.518-0300] {logging_mixin.py:188} INFO - [2024-05-07T21:04:32.517-0300] {dag.py:3096} INFO - Sync 1 DAGs
[2024-05-07T21:04:32.541-0300] {logging_mixin.py:188} INFO - [2024-05-07T21:04:32.540-0300] {dag.py:3954} INFO - Setting next_dagrun for example_display_name to None, run_after=None
[2024-05-07T21:04:32.883-0300] {processor.py:183} INFO - Processing /home/patricia/Documentos/airflow/airflow_venv/lib/python3.10/site-packages/airflow/example_dags/example_display_name.py took 0.500 seconds
