[2024-05-07T21:00:34.076-0300] {processor.py:161} INFO - Started process (PID=71334) to work on /home/patricia/Documentos/airflow/airflow_venv/lib/python3.10/site-packages/airflow/example_dags/example_short_circuit_operator.py
[2024-05-07T21:00:34.113-0300] {processor.py:830} INFO - Processing file /home/patricia/Documentos/airflow/airflow_venv/lib/python3.10/site-packages/airflow/example_dags/example_short_circuit_operator.py for tasks to queue
[2024-05-07T21:00:34.129-0300] {logging_mixin.py:188} INFO - [2024-05-07T21:00:34.122-0300] {dagbag.py:545} INFO - Filling up the DagBag from /home/patricia/Documentos/airflow/airflow_venv/lib/python3.10/site-packages/airflow/example_dags/example_short_circuit_operator.py
[2024-05-07T21:00:34.206-0300] {processor.py:840} INFO - DAG(s) 'example_short_circuit_operator' retrieved from /home/patricia/Documentos/airflow/airflow_venv/lib/python3.10/site-packages/airflow/example_dags/example_short_circuit_operator.py
[2024-05-07T21:00:34.274-0300] {logging_mixin.py:188} INFO - [2024-05-07T21:00:34.273-0300] {dag.py:3096} INFO - Sync 1 DAGs
[2024-05-07T21:00:34.332-0300] {logging_mixin.py:188} INFO - [2024-05-07T21:00:34.331-0300] {dag.py:3954} INFO - Setting next_dagrun for example_short_circuit_operator to 2024-05-07 00:00:00+00:00, run_after=2024-05-08 00:00:00+00:00
[2024-05-07T21:00:34.413-0300] {processor.py:183} INFO - Processing /home/patricia/Documentos/airflow/airflow_venv/lib/python3.10/site-packages/airflow/example_dags/example_short_circuit_operator.py took 0.434 seconds
[2024-05-07T21:01:22.199-0300] {processor.py:161} INFO - Started process (PID=71412) to work on /home/patricia/Documentos/airflow/airflow_venv/lib/python3.10/site-packages/airflow/example_dags/example_short_circuit_operator.py
[2024-05-07T21:01:22.214-0300] {processor.py:830} INFO - Processing file /home/patricia/Documentos/airflow/airflow_venv/lib/python3.10/site-packages/airflow/example_dags/example_short_circuit_operator.py for tasks to queue
[2024-05-07T21:01:22.220-0300] {logging_mixin.py:188} INFO - [2024-05-07T21:01:22.219-0300] {dagbag.py:545} INFO - Filling up the DagBag from /home/patricia/Documentos/airflow/airflow_venv/lib/python3.10/site-packages/airflow/example_dags/example_short_circuit_operator.py
[2024-05-07T21:01:22.234-0300] {processor.py:840} INFO - DAG(s) 'example_short_circuit_operator' retrieved from /home/patricia/Documentos/airflow/airflow_venv/lib/python3.10/site-packages/airflow/example_dags/example_short_circuit_operator.py
[2024-05-07T21:01:22.299-0300] {logging_mixin.py:188} INFO - [2024-05-07T21:01:22.298-0300] {dag.py:3096} INFO - Sync 1 DAGs
[2024-05-07T21:01:22.322-0300] {logging_mixin.py:188} INFO - [2024-05-07T21:01:22.322-0300] {dag.py:3954} INFO - Setting next_dagrun for example_short_circuit_operator to 2024-05-07 00:00:00+00:00, run_after=2024-05-08 00:00:00+00:00
[2024-05-07T21:01:22.419-0300] {processor.py:183} INFO - Processing /home/patricia/Documentos/airflow/airflow_venv/lib/python3.10/site-packages/airflow/example_dags/example_short_circuit_operator.py took 0.228 seconds
[2024-05-07T21:02:42.358-0300] {processor.py:161} INFO - Started process (PID=71547) to work on /home/patricia/Documentos/airflow/airflow_venv/lib/python3.10/site-packages/airflow/example_dags/example_short_circuit_operator.py
[2024-05-07T21:02:42.362-0300] {processor.py:830} INFO - Processing file /home/patricia/Documentos/airflow/airflow_venv/lib/python3.10/site-packages/airflow/example_dags/example_short_circuit_operator.py for tasks to queue
[2024-05-07T21:02:42.366-0300] {logging_mixin.py:188} INFO - [2024-05-07T21:02:42.365-0300] {dagbag.py:545} INFO - Filling up the DagBag from /home/patricia/Documentos/airflow/airflow_venv/lib/python3.10/site-packages/airflow/example_dags/example_short_circuit_operator.py
[2024-05-07T21:02:42.382-0300] {processor.py:840} INFO - DAG(s) 'example_short_circuit_operator' retrieved from /home/patricia/Documentos/airflow/airflow_venv/lib/python3.10/site-packages/airflow/example_dags/example_short_circuit_operator.py
[2024-05-07T21:02:42.449-0300] {logging_mixin.py:188} INFO - [2024-05-07T21:02:42.448-0300] {dag.py:3096} INFO - Sync 1 DAGs
[2024-05-07T21:02:42.487-0300] {logging_mixin.py:188} INFO - [2024-05-07T21:02:42.487-0300] {dag.py:3954} INFO - Setting next_dagrun for example_short_circuit_operator to 2024-05-07 00:00:00+00:00, run_after=2024-05-08 00:00:00+00:00
[2024-05-07T21:02:42.651-0300] {processor.py:183} INFO - Processing /home/patricia/Documentos/airflow/airflow_venv/lib/python3.10/site-packages/airflow/example_dags/example_short_circuit_operator.py took 0.324 seconds
[2024-05-07T21:03:26.362-0300] {processor.py:161} INFO - Started process (PID=71615) to work on /home/patricia/Documentos/airflow/airflow_venv/lib/python3.10/site-packages/airflow/example_dags/example_short_circuit_operator.py
[2024-05-07T21:03:26.391-0300] {processor.py:830} INFO - Processing file /home/patricia/Documentos/airflow/airflow_venv/lib/python3.10/site-packages/airflow/example_dags/example_short_circuit_operator.py for tasks to queue
[2024-05-07T21:03:26.404-0300] {logging_mixin.py:188} INFO - [2024-05-07T21:03:26.403-0300] {dagbag.py:545} INFO - Filling up the DagBag from /home/patricia/Documentos/airflow/airflow_venv/lib/python3.10/site-packages/airflow/example_dags/example_short_circuit_operator.py
[2024-05-07T21:03:26.443-0300] {processor.py:840} INFO - DAG(s) 'example_short_circuit_operator' retrieved from /home/patricia/Documentos/airflow/airflow_venv/lib/python3.10/site-packages/airflow/example_dags/example_short_circuit_operator.py
[2024-05-07T21:03:26.534-0300] {logging_mixin.py:188} INFO - [2024-05-07T21:03:26.534-0300] {dag.py:3096} INFO - Sync 1 DAGs
[2024-05-07T21:03:26.605-0300] {logging_mixin.py:188} INFO - [2024-05-07T21:03:26.605-0300] {dag.py:3954} INFO - Setting next_dagrun for example_short_circuit_operator to 2024-05-07 00:00:00+00:00, run_after=2024-05-08 00:00:00+00:00
[2024-05-07T21:03:26.765-0300] {processor.py:183} INFO - Processing /home/patricia/Documentos/airflow/airflow_venv/lib/python3.10/site-packages/airflow/example_dags/example_short_circuit_operator.py took 0.416 seconds
[2024-05-07T21:04:58.444-0300] {processor.py:161} INFO - Started process (PID=71767) to work on /home/patricia/Documentos/airflow/airflow_venv/lib/python3.10/site-packages/airflow/example_dags/example_short_circuit_operator.py
[2024-05-07T21:04:58.447-0300] {processor.py:830} INFO - Processing file /home/patricia/Documentos/airflow/airflow_venv/lib/python3.10/site-packages/airflow/example_dags/example_short_circuit_operator.py for tasks to queue
[2024-05-07T21:04:58.450-0300] {logging_mixin.py:188} INFO - [2024-05-07T21:04:58.449-0300] {dagbag.py:545} INFO - Filling up the DagBag from /home/patricia/Documentos/airflow/airflow_venv/lib/python3.10/site-packages/airflow/example_dags/example_short_circuit_operator.py
[2024-05-07T21:04:58.466-0300] {processor.py:840} INFO - DAG(s) 'example_short_circuit_operator' retrieved from /home/patricia/Documentos/airflow/airflow_venv/lib/python3.10/site-packages/airflow/example_dags/example_short_circuit_operator.py
[2024-05-07T21:04:58.495-0300] {logging_mixin.py:188} INFO - [2024-05-07T21:04:58.494-0300] {dag.py:3096} INFO - Sync 1 DAGs
[2024-05-07T21:04:58.525-0300] {logging_mixin.py:188} INFO - [2024-05-07T21:04:58.525-0300] {dag.py:3954} INFO - Setting next_dagrun for example_short_circuit_operator to 2024-05-07 00:00:00+00:00, run_after=2024-05-08 00:00:00+00:00
[2024-05-07T21:04:58.661-0300] {processor.py:183} INFO - Processing /home/patricia/Documentos/airflow/airflow_venv/lib/python3.10/site-packages/airflow/example_dags/example_short_circuit_operator.py took 0.246 seconds
[2024-05-07T21:05:44.484-0300] {processor.py:161} INFO - Started process (PID=71845) to work on /home/patricia/Documentos/airflow/airflow_venv/lib/python3.10/site-packages/airflow/example_dags/example_short_circuit_operator.py
[2024-05-07T21:05:44.486-0300] {processor.py:830} INFO - Processing file /home/patricia/Documentos/airflow/airflow_venv/lib/python3.10/site-packages/airflow/example_dags/example_short_circuit_operator.py for tasks to queue
[2024-05-07T21:05:44.499-0300] {logging_mixin.py:188} INFO - [2024-05-07T21:05:44.499-0300] {dagbag.py:545} INFO - Filling up the DagBag from /home/patricia/Documentos/airflow/airflow_venv/lib/python3.10/site-packages/airflow/example_dags/example_short_circuit_operator.py
[2024-05-07T21:05:44.526-0300] {processor.py:840} INFO - DAG(s) 'example_short_circuit_operator' retrieved from /home/patricia/Documentos/airflow/airflow_venv/lib/python3.10/site-packages/airflow/example_dags/example_short_circuit_operator.py
[2024-05-07T21:05:44.597-0300] {logging_mixin.py:188} INFO - [2024-05-07T21:05:44.597-0300] {dag.py:3096} INFO - Sync 1 DAGs
[2024-05-07T21:05:44.634-0300] {logging_mixin.py:188} INFO - [2024-05-07T21:05:44.634-0300] {dag.py:3954} INFO - Setting next_dagrun for example_short_circuit_operator to 2024-05-07 00:00:00+00:00, run_after=2024-05-08 00:00:00+00:00
[2024-05-07T21:05:44.703-0300] {processor.py:183} INFO - Processing /home/patricia/Documentos/airflow/airflow_venv/lib/python3.10/site-packages/airflow/example_dags/example_short_circuit_operator.py took 0.237 seconds
