[2024-05-07T21:01:10.291-0300] {processor.py:161} INFO - Started process (PID=71392) to work on /home/patricia/Documentos/airflow/airflow_venv/lib/python3.10/site-packages/airflow/example_dags/example_branch_datetime_operator.py
[2024-05-07T21:01:10.294-0300] {processor.py:830} INFO - Processing file /home/patricia/Documentos/airflow/airflow_venv/lib/python3.10/site-packages/airflow/example_dags/example_branch_datetime_operator.py for tasks to queue
[2024-05-07T21:01:10.303-0300] {logging_mixin.py:188} INFO - [2024-05-07T21:01:10.302-0300] {dagbag.py:545} INFO - Filling up the DagBag from /home/patricia/Documentos/airflow/airflow_venv/lib/python3.10/site-packages/airflow/example_dags/example_branch_datetime_operator.py
[2024-05-07T21:01:10.346-0300] {processor.py:840} INFO - DAG(s) 'example_branch_datetime_operator_3', 'example_branch_datetime_operator', 'example_branch_datetime_operator_2' retrieved from /home/patricia/Documentos/airflow/airflow_venv/lib/python3.10/site-packages/airflow/example_dags/example_branch_datetime_operator.py
[2024-05-07T21:01:10.402-0300] {logging_mixin.py:188} INFO - [2024-05-07T21:01:10.401-0300] {dag.py:3096} INFO - Sync 3 DAGs
[2024-05-07T21:01:10.469-0300] {logging_mixin.py:188} INFO - [2024-05-07T21:01:10.469-0300] {dag.py:3954} INFO - Setting next_dagrun for example_branch_datetime_operator to 2024-05-07 00:00:00+00:00, run_after=2024-05-08 00:00:00+00:00
[2024-05-07T21:01:10.497-0300] {logging_mixin.py:188} INFO - [2024-05-07T21:01:10.497-0300] {dag.py:3954} INFO - Setting next_dagrun for example_branch_datetime_operator_2 to 2024-05-07 00:00:00+00:00, run_after=2024-05-08 00:00:00+00:00
[2024-05-07T21:01:10.504-0300] {logging_mixin.py:188} INFO - [2024-05-07T21:01:10.503-0300] {dag.py:3954} INFO - Setting next_dagrun for example_branch_datetime_operator_3 to 2024-05-07 00:00:00+00:00, run_after=2024-05-08 00:00:00+00:00
[2024-05-07T21:01:10.605-0300] {processor.py:183} INFO - Processing /home/patricia/Documentos/airflow/airflow_venv/lib/python3.10/site-packages/airflow/example_dags/example_branch_datetime_operator.py took 0.344 seconds
[2024-05-07T21:02:28.512-0300] {processor.py:161} INFO - Started process (PID=71518) to work on /home/patricia/Documentos/airflow/airflow_venv/lib/python3.10/site-packages/airflow/example_dags/example_branch_datetime_operator.py
[2024-05-07T21:02:28.516-0300] {processor.py:830} INFO - Processing file /home/patricia/Documentos/airflow/airflow_venv/lib/python3.10/site-packages/airflow/example_dags/example_branch_datetime_operator.py for tasks to queue
[2024-05-07T21:02:28.520-0300] {logging_mixin.py:188} INFO - [2024-05-07T21:02:28.519-0300] {dagbag.py:545} INFO - Filling up the DagBag from /home/patricia/Documentos/airflow/airflow_venv/lib/python3.10/site-packages/airflow/example_dags/example_branch_datetime_operator.py
[2024-05-07T21:02:28.541-0300] {processor.py:840} INFO - DAG(s) 'example_branch_datetime_operator_2', 'example_branch_datetime_operator', 'example_branch_datetime_operator_3' retrieved from /home/patricia/Documentos/airflow/airflow_venv/lib/python3.10/site-packages/airflow/example_dags/example_branch_datetime_operator.py
[2024-05-07T21:02:28.579-0300] {logging_mixin.py:188} INFO - [2024-05-07T21:02:28.579-0300] {dag.py:3096} INFO - Sync 3 DAGs
[2024-05-07T21:02:28.628-0300] {logging_mixin.py:188} INFO - [2024-05-07T21:02:28.628-0300] {dag.py:3954} INFO - Setting next_dagrun for example_branch_datetime_operator to 2024-05-07 00:00:00+00:00, run_after=2024-05-08 00:00:00+00:00
[2024-05-07T21:02:28.640-0300] {logging_mixin.py:188} INFO - [2024-05-07T21:02:28.639-0300] {dag.py:3954} INFO - Setting next_dagrun for example_branch_datetime_operator_2 to 2024-05-07 00:00:00+00:00, run_after=2024-05-08 00:00:00+00:00
[2024-05-07T21:02:28.646-0300] {logging_mixin.py:188} INFO - [2024-05-07T21:02:28.645-0300] {dag.py:3954} INFO - Setting next_dagrun for example_branch_datetime_operator_3 to 2024-05-07 00:00:00+00:00, run_after=2024-05-08 00:00:00+00:00
[2024-05-07T21:02:28.728-0300] {processor.py:183} INFO - Processing /home/patricia/Documentos/airflow/airflow_venv/lib/python3.10/site-packages/airflow/example_dags/example_branch_datetime_operator.py took 0.229 seconds
[2024-05-07T21:03:53.336-0300] {processor.py:161} INFO - Started process (PID=71662) to work on /home/patricia/Documentos/airflow/airflow_venv/lib/python3.10/site-packages/airflow/example_dags/example_branch_datetime_operator.py
[2024-05-07T21:03:53.340-0300] {processor.py:830} INFO - Processing file /home/patricia/Documentos/airflow/airflow_venv/lib/python3.10/site-packages/airflow/example_dags/example_branch_datetime_operator.py for tasks to queue
[2024-05-07T21:03:53.343-0300] {logging_mixin.py:188} INFO - [2024-05-07T21:03:53.342-0300] {dagbag.py:545} INFO - Filling up the DagBag from /home/patricia/Documentos/airflow/airflow_venv/lib/python3.10/site-packages/airflow/example_dags/example_branch_datetime_operator.py
[2024-05-07T21:03:53.361-0300] {processor.py:840} INFO - DAG(s) 'example_branch_datetime_operator_3', 'example_branch_datetime_operator', 'example_branch_datetime_operator_2' retrieved from /home/patricia/Documentos/airflow/airflow_venv/lib/python3.10/site-packages/airflow/example_dags/example_branch_datetime_operator.py
[2024-05-07T21:03:53.389-0300] {logging_mixin.py:188} INFO - [2024-05-07T21:03:53.388-0300] {dag.py:3096} INFO - Sync 3 DAGs
[2024-05-07T21:03:53.453-0300] {logging_mixin.py:188} INFO - [2024-05-07T21:03:53.452-0300] {dag.py:3954} INFO - Setting next_dagrun for example_branch_datetime_operator to 2024-05-07 00:00:00+00:00, run_after=2024-05-08 00:00:00+00:00
[2024-05-07T21:03:53.464-0300] {logging_mixin.py:188} INFO - [2024-05-07T21:03:53.464-0300] {dag.py:3954} INFO - Setting next_dagrun for example_branch_datetime_operator_2 to 2024-05-07 00:00:00+00:00, run_after=2024-05-08 00:00:00+00:00
[2024-05-07T21:03:53.467-0300] {logging_mixin.py:188} INFO - [2024-05-07T21:03:53.467-0300] {dag.py:3954} INFO - Setting next_dagrun for example_branch_datetime_operator_3 to 2024-05-07 00:00:00+00:00, run_after=2024-05-08 00:00:00+00:00
[2024-05-07T21:03:53.516-0300] {processor.py:183} INFO - Processing /home/patricia/Documentos/airflow/airflow_venv/lib/python3.10/site-packages/airflow/example_dags/example_branch_datetime_operator.py took 0.193 seconds
[2024-05-07T21:05:31.373-0300] {processor.py:161} INFO - Started process (PID=71820) to work on /home/patricia/Documentos/airflow/airflow_venv/lib/python3.10/site-packages/airflow/example_dags/example_branch_datetime_operator.py
[2024-05-07T21:05:31.376-0300] {processor.py:830} INFO - Processing file /home/patricia/Documentos/airflow/airflow_venv/lib/python3.10/site-packages/airflow/example_dags/example_branch_datetime_operator.py for tasks to queue
[2024-05-07T21:05:31.378-0300] {logging_mixin.py:188} INFO - [2024-05-07T21:05:31.378-0300] {dagbag.py:545} INFO - Filling up the DagBag from /home/patricia/Documentos/airflow/airflow_venv/lib/python3.10/site-packages/airflow/example_dags/example_branch_datetime_operator.py
[2024-05-07T21:05:31.405-0300] {processor.py:840} INFO - DAG(s) 'example_branch_datetime_operator', 'example_branch_datetime_operator_2', 'example_branch_datetime_operator_3' retrieved from /home/patricia/Documentos/airflow/airflow_venv/lib/python3.10/site-packages/airflow/example_dags/example_branch_datetime_operator.py
[2024-05-07T21:05:31.459-0300] {logging_mixin.py:188} INFO - [2024-05-07T21:05:31.459-0300] {dag.py:3096} INFO - Sync 3 DAGs
[2024-05-07T21:05:31.493-0300] {logging_mixin.py:188} INFO - [2024-05-07T21:05:31.492-0300] {dag.py:3954} INFO - Setting next_dagrun for example_branch_datetime_operator to 2024-05-07 00:00:00+00:00, run_after=2024-05-08 00:00:00+00:00
[2024-05-07T21:05:31.499-0300] {logging_mixin.py:188} INFO - [2024-05-07T21:05:31.498-0300] {dag.py:3954} INFO - Setting next_dagrun for example_branch_datetime_operator_2 to 2024-05-07 00:00:00+00:00, run_after=2024-05-08 00:00:00+00:00
[2024-05-07T21:05:31.502-0300] {logging_mixin.py:188} INFO - [2024-05-07T21:05:31.502-0300] {dag.py:3954} INFO - Setting next_dagrun for example_branch_datetime_operator_3 to 2024-05-07 00:00:00+00:00, run_after=2024-05-08 00:00:00+00:00
[2024-05-07T21:05:31.583-0300] {processor.py:183} INFO - Processing /home/patricia/Documentos/airflow/airflow_venv/lib/python3.10/site-packages/airflow/example_dags/example_branch_datetime_operator.py took 0.240 seconds
