[2024-05-07T21:01:04.024-0300] {processor.py:161} INFO - Started process (PID=71386) to work on /home/patricia/Documentos/airflow/airflow_venv/lib/python3.10/site-packages/airflow/example_dags/example_external_task_marker_dag.py
[2024-05-07T21:01:04.025-0300] {processor.py:830} INFO - Processing file /home/patricia/Documentos/airflow/airflow_venv/lib/python3.10/site-packages/airflow/example_dags/example_external_task_marker_dag.py for tasks to queue
[2024-05-07T21:01:04.070-0300] {logging_mixin.py:188} INFO - [2024-05-07T21:01:04.061-0300] {dagbag.py:545} INFO - Filling up the DagBag from /home/patricia/Documentos/airflow/airflow_venv/lib/python3.10/site-packages/airflow/example_dags/example_external_task_marker_dag.py
[2024-05-07T21:01:04.145-0300] {processor.py:840} INFO - DAG(s) 'example_external_task_marker_parent', 'example_external_task_marker_child' retrieved from /home/patricia/Documentos/airflow/airflow_venv/lib/python3.10/site-packages/airflow/example_dags/example_external_task_marker_dag.py
[2024-05-07T21:01:04.238-0300] {logging_mixin.py:188} INFO - [2024-05-07T21:01:04.237-0300] {dag.py:3096} INFO - Sync 2 DAGs
[2024-05-07T21:01:04.270-0300] {logging_mixin.py:188} INFO - [2024-05-07T21:01:04.269-0300] {dag.py:3954} INFO - Setting next_dagrun for example_external_task_marker_child to None, run_after=None
[2024-05-07T21:01:04.284-0300] {logging_mixin.py:188} INFO - [2024-05-07T21:01:04.283-0300] {dag.py:3954} INFO - Setting next_dagrun for example_external_task_marker_parent to None, run_after=None
[2024-05-07T21:01:04.397-0300] {processor.py:183} INFO - Processing /home/patricia/Documentos/airflow/airflow_venv/lib/python3.10/site-packages/airflow/example_dags/example_external_task_marker_dag.py took 0.401 seconds
[2024-05-07T21:02:22.971-0300] {processor.py:161} INFO - Started process (PID=71513) to work on /home/patricia/Documentos/airflow/airflow_venv/lib/python3.10/site-packages/airflow/example_dags/example_external_task_marker_dag.py
[2024-05-07T21:02:22.977-0300] {processor.py:830} INFO - Processing file /home/patricia/Documentos/airflow/airflow_venv/lib/python3.10/site-packages/airflow/example_dags/example_external_task_marker_dag.py for tasks to queue
[2024-05-07T21:02:22.983-0300] {logging_mixin.py:188} INFO - [2024-05-07T21:02:22.980-0300] {dagbag.py:545} INFO - Filling up the DagBag from /home/patricia/Documentos/airflow/airflow_venv/lib/python3.10/site-packages/airflow/example_dags/example_external_task_marker_dag.py
[2024-05-07T21:02:23.036-0300] {processor.py:840} INFO - DAG(s) 'example_external_task_marker_child', 'example_external_task_marker_parent' retrieved from /home/patricia/Documentos/airflow/airflow_venv/lib/python3.10/site-packages/airflow/example_dags/example_external_task_marker_dag.py
[2024-05-07T21:02:23.106-0300] {logging_mixin.py:188} INFO - [2024-05-07T21:02:23.106-0300] {dag.py:3096} INFO - Sync 2 DAGs
[2024-05-07T21:02:23.136-0300] {logging_mixin.py:188} INFO - [2024-05-07T21:02:23.136-0300] {dag.py:3954} INFO - Setting next_dagrun for example_external_task_marker_child to None, run_after=None
[2024-05-07T21:02:23.142-0300] {logging_mixin.py:188} INFO - [2024-05-07T21:02:23.142-0300] {dag.py:3954} INFO - Setting next_dagrun for example_external_task_marker_parent to None, run_after=None
[2024-05-07T21:02:23.248-0300] {processor.py:183} INFO - Processing /home/patricia/Documentos/airflow/airflow_venv/lib/python3.10/site-packages/airflow/example_dags/example_external_task_marker_dag.py took 0.303 seconds
[2024-05-07T21:03:47.914-0300] {processor.py:161} INFO - Started process (PID=71653) to work on /home/patricia/Documentos/airflow/airflow_venv/lib/python3.10/site-packages/airflow/example_dags/example_external_task_marker_dag.py
[2024-05-07T21:03:47.934-0300] {processor.py:830} INFO - Processing file /home/patricia/Documentos/airflow/airflow_venv/lib/python3.10/site-packages/airflow/example_dags/example_external_task_marker_dag.py for tasks to queue
[2024-05-07T21:03:47.939-0300] {logging_mixin.py:188} INFO - [2024-05-07T21:03:47.938-0300] {dagbag.py:545} INFO - Filling up the DagBag from /home/patricia/Documentos/airflow/airflow_venv/lib/python3.10/site-packages/airflow/example_dags/example_external_task_marker_dag.py
[2024-05-07T21:03:47.963-0300] {processor.py:840} INFO - DAG(s) 'example_external_task_marker_parent', 'example_external_task_marker_child' retrieved from /home/patricia/Documentos/airflow/airflow_venv/lib/python3.10/site-packages/airflow/example_dags/example_external_task_marker_dag.py
[2024-05-07T21:03:48.024-0300] {logging_mixin.py:188} INFO - [2024-05-07T21:03:48.024-0300] {dag.py:3096} INFO - Sync 2 DAGs
[2024-05-07T21:03:48.040-0300] {logging_mixin.py:188} INFO - [2024-05-07T21:03:48.040-0300] {dag.py:3954} INFO - Setting next_dagrun for example_external_task_marker_child to None, run_after=None
[2024-05-07T21:03:48.046-0300] {logging_mixin.py:188} INFO - [2024-05-07T21:03:48.046-0300] {dag.py:3954} INFO - Setting next_dagrun for example_external_task_marker_parent to None, run_after=None
[2024-05-07T21:03:48.111-0300] {processor.py:183} INFO - Processing /home/patricia/Documentos/airflow/airflow_venv/lib/python3.10/site-packages/airflow/example_dags/example_external_task_marker_dag.py took 0.209 seconds
[2024-05-07T21:05:25.836-0300] {processor.py:161} INFO - Started process (PID=71811) to work on /home/patricia/Documentos/airflow/airflow_venv/lib/python3.10/site-packages/airflow/example_dags/example_external_task_marker_dag.py
[2024-05-07T21:05:25.843-0300] {processor.py:830} INFO - Processing file /home/patricia/Documentos/airflow/airflow_venv/lib/python3.10/site-packages/airflow/example_dags/example_external_task_marker_dag.py for tasks to queue
[2024-05-07T21:05:25.853-0300] {logging_mixin.py:188} INFO - [2024-05-07T21:05:25.853-0300] {dagbag.py:545} INFO - Filling up the DagBag from /home/patricia/Documentos/airflow/airflow_venv/lib/python3.10/site-packages/airflow/example_dags/example_external_task_marker_dag.py
[2024-05-07T21:05:25.885-0300] {processor.py:840} INFO - DAG(s) 'example_external_task_marker_parent', 'example_external_task_marker_child' retrieved from /home/patricia/Documentos/airflow/airflow_venv/lib/python3.10/site-packages/airflow/example_dags/example_external_task_marker_dag.py
[2024-05-07T21:05:25.912-0300] {logging_mixin.py:188} INFO - [2024-05-07T21:05:25.912-0300] {dag.py:3096} INFO - Sync 2 DAGs
[2024-05-07T21:05:25.992-0300] {logging_mixin.py:188} INFO - [2024-05-07T21:05:25.991-0300] {dag.py:3954} INFO - Setting next_dagrun for example_external_task_marker_child to None, run_after=None
[2024-05-07T21:05:26.008-0300] {logging_mixin.py:188} INFO - [2024-05-07T21:05:26.007-0300] {dag.py:3954} INFO - Setting next_dagrun for example_external_task_marker_parent to None, run_after=None
[2024-05-07T21:05:26.103-0300] {processor.py:183} INFO - Processing /home/patricia/Documentos/airflow/airflow_venv/lib/python3.10/site-packages/airflow/example_dags/example_external_task_marker_dag.py took 0.287 seconds
