[2024-05-07T21:00:31.043-0300] {processor.py:161} INFO - Started process (PID=71331) to work on /home/patricia/Documentos/airflow/airflow_venv/lib/python3.10/site-packages/airflow/example_dags/example_sla_dag.py
[2024-05-07T21:00:31.053-0300] {processor.py:830} INFO - Processing file /home/patricia/Documentos/airflow/airflow_venv/lib/python3.10/site-packages/airflow/example_dags/example_sla_dag.py for tasks to queue
[2024-05-07T21:00:31.062-0300] {logging_mixin.py:188} INFO - [2024-05-07T21:00:31.056-0300] {dagbag.py:545} INFO - Filling up the DagBag from /home/patricia/Documentos/airflow/airflow_venv/lib/python3.10/site-packages/airflow/example_dags/example_sla_dag.py
[2024-05-07T21:00:31.081-0300] {processor.py:840} INFO - DAG(s) 'example_sla_dag' retrieved from /home/patricia/Documentos/airflow/airflow_venv/lib/python3.10/site-packages/airflow/example_dags/example_sla_dag.py
[2024-05-07T21:00:31.125-0300] {logging_mixin.py:188} INFO - [2024-05-07T21:00:31.125-0300] {dag.py:3096} INFO - Sync 1 DAGs
[2024-05-07T21:00:31.186-0300] {logging_mixin.py:188} INFO - [2024-05-07T21:00:31.185-0300] {dag.py:3954} INFO - Setting next_dagrun for example_sla_dag to 2024-05-07 23:58:00+00:00, run_after=2024-05-08 00:00:00+00:00
[2024-05-07T21:00:31.308-0300] {processor.py:183} INFO - Processing /home/patricia/Documentos/airflow/airflow_venv/lib/python3.10/site-packages/airflow/example_dags/example_sla_dag.py took 0.277 seconds
[2024-05-07T21:01:19.693-0300] {processor.py:161} INFO - Started process (PID=71409) to work on /home/patricia/Documentos/airflow/airflow_venv/lib/python3.10/site-packages/airflow/example_dags/example_sla_dag.py
[2024-05-07T21:01:19.696-0300] {processor.py:830} INFO - Processing file /home/patricia/Documentos/airflow/airflow_venv/lib/python3.10/site-packages/airflow/example_dags/example_sla_dag.py for tasks to queue
[2024-05-07T21:01:19.699-0300] {logging_mixin.py:188} INFO - [2024-05-07T21:01:19.699-0300] {dagbag.py:545} INFO - Filling up the DagBag from /home/patricia/Documentos/airflow/airflow_venv/lib/python3.10/site-packages/airflow/example_dags/example_sla_dag.py
[2024-05-07T21:01:19.718-0300] {processor.py:840} INFO - DAG(s) 'example_sla_dag' retrieved from /home/patricia/Documentos/airflow/airflow_venv/lib/python3.10/site-packages/airflow/example_dags/example_sla_dag.py
[2024-05-07T21:01:19.776-0300] {logging_mixin.py:188} INFO - [2024-05-07T21:01:19.775-0300] {dag.py:3096} INFO - Sync 1 DAGs
[2024-05-07T21:01:19.834-0300] {logging_mixin.py:188} INFO - [2024-05-07T21:01:19.833-0300] {dag.py:3954} INFO - Setting next_dagrun for example_sla_dag to 2024-05-07 23:58:00+00:00, run_after=2024-05-08 00:00:00+00:00
[2024-05-07T21:01:19.939-0300] {processor.py:183} INFO - Processing /home/patricia/Documentos/airflow/airflow_venv/lib/python3.10/site-packages/airflow/example_dags/example_sla_dag.py took 0.288 seconds
[2024-05-07T21:02:00.324-0300] {processor.py:161} INFO - Started process (PID=71480) to work on /home/patricia/Documentos/airflow/airflow_venv/lib/python3.10/site-packages/airflow/example_dags/example_sla_dag.py
[2024-05-07T21:02:00.327-0300] {processor.py:830} INFO - Processing file /home/patricia/Documentos/airflow/airflow_venv/lib/python3.10/site-packages/airflow/example_dags/example_sla_dag.py for tasks to queue
[2024-05-07T21:02:00.333-0300] {logging_mixin.py:188} INFO - [2024-05-07T21:02:00.331-0300] {dagbag.py:545} INFO - Filling up the DagBag from /home/patricia/Documentos/airflow/airflow_venv/lib/python3.10/site-packages/airflow/example_dags/example_sla_dag.py
[2024-05-07T21:02:00.358-0300] {processor.py:840} INFO - DAG(s) 'example_sla_dag' retrieved from /home/patricia/Documentos/airflow/airflow_venv/lib/python3.10/site-packages/airflow/example_dags/example_sla_dag.py
[2024-05-07T21:02:00.406-0300] {logging_mixin.py:188} INFO - [2024-05-07T21:02:00.406-0300] {dag.py:3096} INFO - Sync 1 DAGs
[2024-05-07T21:02:00.462-0300] {logging_mixin.py:188} INFO - [2024-05-07T21:02:00.461-0300] {dag.py:3954} INFO - Setting next_dagrun for example_sla_dag to 2024-05-08 00:00:00+00:00, run_after=2024-05-08 00:02:00+00:00
[2024-05-07T21:02:00.624-0300] {processor.py:183} INFO - Processing /home/patricia/Documentos/airflow/airflow_venv/lib/python3.10/site-packages/airflow/example_dags/example_sla_dag.py took 0.319 seconds
[2024-05-07T21:03:23.523-0300] {processor.py:161} INFO - Started process (PID=71606) to work on /home/patricia/Documentos/airflow/airflow_venv/lib/python3.10/site-packages/airflow/example_dags/example_sla_dag.py
[2024-05-07T21:03:23.562-0300] {processor.py:830} INFO - Processing file /home/patricia/Documentos/airflow/airflow_venv/lib/python3.10/site-packages/airflow/example_dags/example_sla_dag.py for tasks to queue
[2024-05-07T21:03:23.578-0300] {logging_mixin.py:188} INFO - [2024-05-07T21:03:23.569-0300] {dagbag.py:545} INFO - Filling up the DagBag from /home/patricia/Documentos/airflow/airflow_venv/lib/python3.10/site-packages/airflow/example_dags/example_sla_dag.py
[2024-05-07T21:03:23.600-0300] {processor.py:840} INFO - DAG(s) 'example_sla_dag' retrieved from /home/patricia/Documentos/airflow/airflow_venv/lib/python3.10/site-packages/airflow/example_dags/example_sla_dag.py
[2024-05-07T21:03:23.647-0300] {logging_mixin.py:188} INFO - [2024-05-07T21:03:23.647-0300] {dag.py:3096} INFO - Sync 1 DAGs
[2024-05-07T21:03:23.705-0300] {logging_mixin.py:188} INFO - [2024-05-07T21:03:23.705-0300] {dag.py:3954} INFO - Setting next_dagrun for example_sla_dag to 2024-05-08 00:00:00+00:00, run_after=2024-05-08 00:02:00+00:00
[2024-05-07T21:03:23.790-0300] {processor.py:183} INFO - Processing /home/patricia/Documentos/airflow/airflow_venv/lib/python3.10/site-packages/airflow/example_dags/example_sla_dag.py took 0.281 seconds
[2024-05-07T21:04:03.319-0300] {processor.py:161} INFO - Started process (PID=71676) to work on /home/patricia/Documentos/airflow/airflow_venv/lib/python3.10/site-packages/airflow/example_dags/example_sla_dag.py
[2024-05-07T21:04:03.354-0300] {processor.py:830} INFO - Processing file /home/patricia/Documentos/airflow/airflow_venv/lib/python3.10/site-packages/airflow/example_dags/example_sla_dag.py for tasks to queue
[2024-05-07T21:04:03.359-0300] {logging_mixin.py:188} INFO - [2024-05-07T21:04:03.356-0300] {dagbag.py:545} INFO - Filling up the DagBag from /home/patricia/Documentos/airflow/airflow_venv/lib/python3.10/site-packages/airflow/example_dags/example_sla_dag.py
[2024-05-07T21:04:03.372-0300] {processor.py:840} INFO - DAG(s) 'example_sla_dag' retrieved from /home/patricia/Documentos/airflow/airflow_venv/lib/python3.10/site-packages/airflow/example_dags/example_sla_dag.py
[2024-05-07T21:04:03.400-0300] {logging_mixin.py:188} INFO - [2024-05-07T21:04:03.400-0300] {dag.py:3096} INFO - Sync 1 DAGs
[2024-05-07T21:04:03.437-0300] {logging_mixin.py:188} INFO - [2024-05-07T21:04:03.436-0300] {dag.py:3954} INFO - Setting next_dagrun for example_sla_dag to 2024-05-08 00:02:00+00:00, run_after=2024-05-08 00:04:00+00:00
[2024-05-07T21:04:03.495-0300] {processor.py:183} INFO - Processing /home/patricia/Documentos/airflow/airflow_venv/lib/python3.10/site-packages/airflow/example_dags/example_sla_dag.py took 0.194 seconds
[2024-05-07T21:04:55.517-0300] {processor.py:161} INFO - Started process (PID=71765) to work on /home/patricia/Documentos/airflow/airflow_venv/lib/python3.10/site-packages/airflow/example_dags/example_sla_dag.py
[2024-05-07T21:04:55.522-0300] {processor.py:830} INFO - Processing file /home/patricia/Documentos/airflow/airflow_venv/lib/python3.10/site-packages/airflow/example_dags/example_sla_dag.py for tasks to queue
[2024-05-07T21:04:55.524-0300] {logging_mixin.py:188} INFO - [2024-05-07T21:04:55.523-0300] {dagbag.py:545} INFO - Filling up the DagBag from /home/patricia/Documentos/airflow/airflow_venv/lib/python3.10/site-packages/airflow/example_dags/example_sla_dag.py
[2024-05-07T21:04:55.539-0300] {processor.py:840} INFO - DAG(s) 'example_sla_dag' retrieved from /home/patricia/Documentos/airflow/airflow_venv/lib/python3.10/site-packages/airflow/example_dags/example_sla_dag.py
[2024-05-07T21:04:55.567-0300] {logging_mixin.py:188} INFO - [2024-05-07T21:04:55.567-0300] {dag.py:3096} INFO - Sync 1 DAGs
[2024-05-07T21:04:55.607-0300] {logging_mixin.py:188} INFO - [2024-05-07T21:04:55.606-0300] {dag.py:3954} INFO - Setting next_dagrun for example_sla_dag to 2024-05-08 00:02:00+00:00, run_after=2024-05-08 00:04:00+00:00
[2024-05-07T21:04:55.748-0300] {processor.py:183} INFO - Processing /home/patricia/Documentos/airflow/airflow_venv/lib/python3.10/site-packages/airflow/example_dags/example_sla_dag.py took 0.256 seconds
[2024-05-07T21:05:41.591-0300] {processor.py:161} INFO - Started process (PID=71837) to work on /home/patricia/Documentos/airflow/airflow_venv/lib/python3.10/site-packages/airflow/example_dags/example_sla_dag.py
[2024-05-07T21:05:41.595-0300] {processor.py:830} INFO - Processing file /home/patricia/Documentos/airflow/airflow_venv/lib/python3.10/site-packages/airflow/example_dags/example_sla_dag.py for tasks to queue
[2024-05-07T21:05:41.597-0300] {logging_mixin.py:188} INFO - [2024-05-07T21:05:41.597-0300] {dagbag.py:545} INFO - Filling up the DagBag from /home/patricia/Documentos/airflow/airflow_venv/lib/python3.10/site-packages/airflow/example_dags/example_sla_dag.py
[2024-05-07T21:05:41.631-0300] {processor.py:840} INFO - DAG(s) 'example_sla_dag' retrieved from /home/patricia/Documentos/airflow/airflow_venv/lib/python3.10/site-packages/airflow/example_dags/example_sla_dag.py
[2024-05-07T21:05:41.655-0300] {logging_mixin.py:188} INFO - [2024-05-07T21:05:41.655-0300] {dag.py:3096} INFO - Sync 1 DAGs
[2024-05-07T21:05:41.709-0300] {logging_mixin.py:188} INFO - [2024-05-07T21:05:41.709-0300] {dag.py:3954} INFO - Setting next_dagrun for example_sla_dag to 2024-05-08 00:02:00+00:00, run_after=2024-05-08 00:04:00+00:00
[2024-05-07T21:05:41.796-0300] {processor.py:183} INFO - Processing /home/patricia/Documentos/airflow/airflow_venv/lib/python3.10/site-packages/airflow/example_dags/example_sla_dag.py took 0.213 seconds
