[2024-05-07T21:00:57.968-0300] {processor.py:161} INFO - Started process (PID=71373) to work on /home/patricia/Documentos/airflow/airflow_venv/lib/python3.10/site-packages/airflow/example_dags/example_branch_operator.py
[2024-05-07T21:00:57.971-0300] {processor.py:830} INFO - Processing file /home/patricia/Documentos/airflow/airflow_venv/lib/python3.10/site-packages/airflow/example_dags/example_branch_operator.py for tasks to queue
[2024-05-07T21:00:57.981-0300] {logging_mixin.py:188} INFO - [2024-05-07T21:00:57.978-0300] {dagbag.py:545} INFO - Filling up the DagBag from /home/patricia/Documentos/airflow/airflow_venv/lib/python3.10/site-packages/airflow/example_dags/example_branch_operator.py
[2024-05-07T21:00:58.081-0300] {processor.py:840} INFO - DAG(s) 'example_branch_operator' retrieved from /home/patricia/Documentos/airflow/airflow_venv/lib/python3.10/site-packages/airflow/example_dags/example_branch_operator.py
[2024-05-07T21:00:58.203-0300] {logging_mixin.py:188} INFO - [2024-05-07T21:00:58.203-0300] {dag.py:3096} INFO - Sync 1 DAGs
[2024-05-07T21:00:58.310-0300] {logging_mixin.py:188} INFO - [2024-05-07T21:00:58.310-0300] {dag.py:3954} INFO - Setting next_dagrun for example_branch_operator to 2024-05-07 00:00:00+00:00, run_after=2024-05-08 00:00:00+00:00
[2024-05-07T21:00:58.457-0300] {processor.py:183} INFO - Processing /home/patricia/Documentos/airflow/airflow_venv/lib/python3.10/site-packages/airflow/example_dags/example_branch_operator.py took 0.547 seconds
[2024-05-07T21:02:17.157-0300] {processor.py:161} INFO - Started process (PID=71501) to work on /home/patricia/Documentos/airflow/airflow_venv/lib/python3.10/site-packages/airflow/example_dags/example_branch_operator.py
[2024-05-07T21:02:17.181-0300] {processor.py:830} INFO - Processing file /home/patricia/Documentos/airflow/airflow_venv/lib/python3.10/site-packages/airflow/example_dags/example_branch_operator.py for tasks to queue
[2024-05-07T21:02:17.185-0300] {logging_mixin.py:188} INFO - [2024-05-07T21:02:17.184-0300] {dagbag.py:545} INFO - Filling up the DagBag from /home/patricia/Documentos/airflow/airflow_venv/lib/python3.10/site-packages/airflow/example_dags/example_branch_operator.py
[2024-05-07T21:02:17.228-0300] {processor.py:840} INFO - DAG(s) 'example_branch_operator' retrieved from /home/patricia/Documentos/airflow/airflow_venv/lib/python3.10/site-packages/airflow/example_dags/example_branch_operator.py
[2024-05-07T21:02:17.290-0300] {logging_mixin.py:188} INFO - [2024-05-07T21:02:17.289-0300] {dag.py:3096} INFO - Sync 1 DAGs
[2024-05-07T21:02:17.368-0300] {logging_mixin.py:188} INFO - [2024-05-07T21:02:17.368-0300] {dag.py:3954} INFO - Setting next_dagrun for example_branch_operator to 2024-05-07 00:00:00+00:00, run_after=2024-05-08 00:00:00+00:00
[2024-05-07T21:02:17.650-0300] {processor.py:183} INFO - Processing /home/patricia/Documentos/airflow/airflow_venv/lib/python3.10/site-packages/airflow/example_dags/example_branch_operator.py took 0.514 seconds
[2024-05-07T21:03:43.051-0300] {processor.py:161} INFO - Started process (PID=71639) to work on /home/patricia/Documentos/airflow/airflow_venv/lib/python3.10/site-packages/airflow/example_dags/example_branch_operator.py
[2024-05-07T21:03:43.054-0300] {processor.py:830} INFO - Processing file /home/patricia/Documentos/airflow/airflow_venv/lib/python3.10/site-packages/airflow/example_dags/example_branch_operator.py for tasks to queue
[2024-05-07T21:03:43.058-0300] {logging_mixin.py:188} INFO - [2024-05-07T21:03:43.057-0300] {dagbag.py:545} INFO - Filling up the DagBag from /home/patricia/Documentos/airflow/airflow_venv/lib/python3.10/site-packages/airflow/example_dags/example_branch_operator.py
[2024-05-07T21:03:43.118-0300] {processor.py:840} INFO - DAG(s) 'example_branch_operator' retrieved from /home/patricia/Documentos/airflow/airflow_venv/lib/python3.10/site-packages/airflow/example_dags/example_branch_operator.py
[2024-05-07T21:03:43.200-0300] {logging_mixin.py:188} INFO - [2024-05-07T21:03:43.196-0300] {dag.py:3096} INFO - Sync 1 DAGs
[2024-05-07T21:03:43.241-0300] {logging_mixin.py:188} INFO - [2024-05-07T21:03:43.240-0300] {dag.py:3954} INFO - Setting next_dagrun for example_branch_operator to 2024-05-07 00:00:00+00:00, run_after=2024-05-08 00:00:00+00:00
[2024-05-07T21:03:43.323-0300] {processor.py:183} INFO - Processing /home/patricia/Documentos/airflow/airflow_venv/lib/python3.10/site-packages/airflow/example_dags/example_branch_operator.py took 0.281 seconds
[2024-05-07T21:05:20.998-0300] {processor.py:161} INFO - Started process (PID=71806) to work on /home/patricia/Documentos/airflow/airflow_venv/lib/python3.10/site-packages/airflow/example_dags/example_branch_operator.py
[2024-05-07T21:05:21.016-0300] {processor.py:830} INFO - Processing file /home/patricia/Documentos/airflow/airflow_venv/lib/python3.10/site-packages/airflow/example_dags/example_branch_operator.py for tasks to queue
[2024-05-07T21:05:21.025-0300] {logging_mixin.py:188} INFO - [2024-05-07T21:05:21.024-0300] {dagbag.py:545} INFO - Filling up the DagBag from /home/patricia/Documentos/airflow/airflow_venv/lib/python3.10/site-packages/airflow/example_dags/example_branch_operator.py
[2024-05-07T21:05:21.103-0300] {processor.py:840} INFO - DAG(s) 'example_branch_operator' retrieved from /home/patricia/Documentos/airflow/airflow_venv/lib/python3.10/site-packages/airflow/example_dags/example_branch_operator.py
[2024-05-07T21:05:21.155-0300] {logging_mixin.py:188} INFO - [2024-05-07T21:05:21.154-0300] {dag.py:3096} INFO - Sync 1 DAGs
[2024-05-07T21:05:21.196-0300] {logging_mixin.py:188} INFO - [2024-05-07T21:05:21.195-0300] {dag.py:3954} INFO - Setting next_dagrun for example_branch_operator to 2024-05-07 00:00:00+00:00, run_after=2024-05-08 00:00:00+00:00
[2024-05-07T21:05:21.259-0300] {processor.py:183} INFO - Processing /home/patricia/Documentos/airflow/airflow_venv/lib/python3.10/site-packages/airflow/example_dags/example_branch_operator.py took 0.279 seconds
