[2024-05-07T21:00:23.195-0300] {processor.py:161} INFO - Started process (PID=71318) to work on /home/patricia/Documentos/airflow/airflow_venv/lib/python3.10/site-packages/airflow/example_dags/example_subdag_operator.py
[2024-05-07T21:00:23.197-0300] {processor.py:830} INFO - Processing file /home/patricia/Documentos/airflow/airflow_venv/lib/python3.10/site-packages/airflow/example_dags/example_subdag_operator.py for tasks to queue
[2024-05-07T21:00:23.227-0300] {logging_mixin.py:188} INFO - [2024-05-07T21:00:23.226-0300] {dagbag.py:545} INFO - Filling up the DagBag from /home/patricia/Documentos/airflow/airflow_venv/lib/python3.10/site-packages/airflow/example_dags/example_subdag_operator.py
[2024-05-07T21:00:23.352-0300] {processor.py:840} INFO - DAG(s) 'example_subdag_operator.section-1', 'example_subdag_operator.section-2', 'example_subdag_operator' retrieved from /home/patricia/Documentos/airflow/airflow_venv/lib/python3.10/site-packages/airflow/example_dags/example_subdag_operator.py
[2024-05-07T21:00:23.417-0300] {logging_mixin.py:188} INFO - [2024-05-07T21:00:23.416-0300] {dag.py:3096} INFO - Sync 3 DAGs
[2024-05-07T21:00:23.470-0300] {logging_mixin.py:188} INFO - [2024-05-07T21:00:23.470-0300] {dag.py:3954} INFO - Setting next_dagrun for example_subdag_operator to 2022-01-01 00:00:00+00:00, run_after=2022-01-01 00:00:00+00:00
[2024-05-07T21:00:23.490-0300] {logging_mixin.py:188} INFO - [2024-05-07T21:00:23.490-0300] {dag.py:3954} INFO - Setting next_dagrun for example_subdag_operator.section-1 to None, run_after=None
[2024-05-07T21:00:23.491-0300] {logging_mixin.py:188} INFO - [2024-05-07T21:00:23.491-0300] {dag.py:3954} INFO - Setting next_dagrun for example_subdag_operator.section-2 to None, run_after=None
[2024-05-07T21:00:23.507-0300] {logging_mixin.py:188} INFO - [2024-05-07T21:00:23.507-0300] {dag.py:3096} INFO - Sync 2 DAGs
[2024-05-07T21:00:23.518-0300] {logging_mixin.py:188} INFO - [2024-05-07T21:00:23.517-0300] {dag.py:3954} INFO - Setting next_dagrun for example_subdag_operator.section-1 to None, run_after=None
[2024-05-07T21:00:23.518-0300] {logging_mixin.py:188} INFO - [2024-05-07T21:00:23.518-0300] {dag.py:3954} INFO - Setting next_dagrun for example_subdag_operator.section-2 to None, run_after=None
[2024-05-07T21:00:23.566-0300] {processor.py:183} INFO - Processing /home/patricia/Documentos/airflow/airflow_venv/lib/python3.10/site-packages/airflow/example_dags/example_subdag_operator.py took 0.401 seconds
[2024-05-07T21:01:11.961-0300] {processor.py:161} INFO - Started process (PID=71397) to work on /home/patricia/Documentos/airflow/airflow_venv/lib/python3.10/site-packages/airflow/example_dags/example_subdag_operator.py
[2024-05-07T21:01:11.965-0300] {processor.py:830} INFO - Processing file /home/patricia/Documentos/airflow/airflow_venv/lib/python3.10/site-packages/airflow/example_dags/example_subdag_operator.py for tasks to queue
[2024-05-07T21:01:11.968-0300] {logging_mixin.py:188} INFO - [2024-05-07T21:01:11.967-0300] {dagbag.py:545} INFO - Filling up the DagBag from /home/patricia/Documentos/airflow/airflow_venv/lib/python3.10/site-packages/airflow/example_dags/example_subdag_operator.py
[2024-05-07T21:01:12.037-0300] {processor.py:840} INFO - DAG(s) 'example_subdag_operator.section-1', 'example_subdag_operator.section-2', 'example_subdag_operator' retrieved from /home/patricia/Documentos/airflow/airflow_venv/lib/python3.10/site-packages/airflow/example_dags/example_subdag_operator.py
[2024-05-07T21:01:12.127-0300] {logging_mixin.py:188} INFO - [2024-05-07T21:01:12.126-0300] {dag.py:3096} INFO - Sync 3 DAGs
[2024-05-07T21:01:12.227-0300] {logging_mixin.py:188} INFO - [2024-05-07T21:01:12.227-0300] {dag.py:3954} INFO - Setting next_dagrun for example_subdag_operator to 2022-01-01 00:00:00+00:00, run_after=2022-01-01 00:00:00+00:00
[2024-05-07T21:01:12.243-0300] {logging_mixin.py:188} INFO - [2024-05-07T21:01:12.243-0300] {dag.py:3954} INFO - Setting next_dagrun for example_subdag_operator.section-1 to None, run_after=None
[2024-05-07T21:01:12.245-0300] {logging_mixin.py:188} INFO - [2024-05-07T21:01:12.245-0300] {dag.py:3954} INFO - Setting next_dagrun for example_subdag_operator.section-2 to None, run_after=None
[2024-05-07T21:01:12.258-0300] {logging_mixin.py:188} INFO - [2024-05-07T21:01:12.258-0300] {dag.py:3096} INFO - Sync 2 DAGs
[2024-05-07T21:01:12.265-0300] {logging_mixin.py:188} INFO - [2024-05-07T21:01:12.264-0300] {dag.py:3954} INFO - Setting next_dagrun for example_subdag_operator.section-1 to None, run_after=None
[2024-05-07T21:01:12.265-0300] {logging_mixin.py:188} INFO - [2024-05-07T21:01:12.265-0300] {dag.py:3954} INFO - Setting next_dagrun for example_subdag_operator.section-2 to None, run_after=None
[2024-05-07T21:01:12.347-0300] {processor.py:183} INFO - Processing /home/patricia/Documentos/airflow/airflow_venv/lib/python3.10/site-packages/airflow/example_dags/example_subdag_operator.py took 0.410 seconds
[2024-05-07T21:01:52.477-0300] {processor.py:161} INFO - Started process (PID=71467) to work on /home/patricia/Documentos/airflow/airflow_venv/lib/python3.10/site-packages/airflow/example_dags/example_subdag_operator.py
[2024-05-07T21:01:52.502-0300] {processor.py:830} INFO - Processing file /home/patricia/Documentos/airflow/airflow_venv/lib/python3.10/site-packages/airflow/example_dags/example_subdag_operator.py for tasks to queue
[2024-05-07T21:01:52.507-0300] {logging_mixin.py:188} INFO - [2024-05-07T21:01:52.506-0300] {dagbag.py:545} INFO - Filling up the DagBag from /home/patricia/Documentos/airflow/airflow_venv/lib/python3.10/site-packages/airflow/example_dags/example_subdag_operator.py
[2024-05-07T21:01:52.543-0300] {processor.py:840} INFO - DAG(s) 'example_subdag_operator.section-1', 'example_subdag_operator.section-2', 'example_subdag_operator' retrieved from /home/patricia/Documentos/airflow/airflow_venv/lib/python3.10/site-packages/airflow/example_dags/example_subdag_operator.py
[2024-05-07T21:01:52.563-0300] {logging_mixin.py:188} INFO - [2024-05-07T21:01:52.563-0300] {dag.py:3096} INFO - Sync 3 DAGs
[2024-05-07T21:01:52.624-0300] {logging_mixin.py:188} INFO - [2024-05-07T21:01:52.624-0300] {dag.py:3954} INFO - Setting next_dagrun for example_subdag_operator to 2022-01-01 00:00:00+00:00, run_after=2022-01-01 00:00:00+00:00
[2024-05-07T21:01:52.628-0300] {logging_mixin.py:188} INFO - [2024-05-07T21:01:52.628-0300] {dag.py:3954} INFO - Setting next_dagrun for example_subdag_operator.section-1 to None, run_after=None
[2024-05-07T21:01:52.629-0300] {logging_mixin.py:188} INFO - [2024-05-07T21:01:52.629-0300] {dag.py:3954} INFO - Setting next_dagrun for example_subdag_operator.section-2 to None, run_after=None
[2024-05-07T21:01:52.642-0300] {logging_mixin.py:188} INFO - [2024-05-07T21:01:52.642-0300] {dag.py:3096} INFO - Sync 2 DAGs
[2024-05-07T21:01:52.648-0300] {logging_mixin.py:188} INFO - [2024-05-07T21:01:52.648-0300] {dag.py:3954} INFO - Setting next_dagrun for example_subdag_operator.section-1 to None, run_after=None
[2024-05-07T21:01:52.649-0300] {logging_mixin.py:188} INFO - [2024-05-07T21:01:52.649-0300] {dag.py:3954} INFO - Setting next_dagrun for example_subdag_operator.section-2 to None, run_after=None
[2024-05-07T21:01:52.677-0300] {processor.py:183} INFO - Processing /home/patricia/Documentos/airflow/airflow_venv/lib/python3.10/site-packages/airflow/example_dags/example_subdag_operator.py took 0.209 seconds
[2024-05-07T21:02:31.829-0300] {processor.py:161} INFO - Started process (PID=71530) to work on /home/patricia/Documentos/airflow/airflow_venv/lib/python3.10/site-packages/airflow/example_dags/example_subdag_operator.py
[2024-05-07T21:02:31.832-0300] {processor.py:830} INFO - Processing file /home/patricia/Documentos/airflow/airflow_venv/lib/python3.10/site-packages/airflow/example_dags/example_subdag_operator.py for tasks to queue
[2024-05-07T21:02:31.836-0300] {logging_mixin.py:188} INFO - [2024-05-07T21:02:31.835-0300] {dagbag.py:545} INFO - Filling up the DagBag from /home/patricia/Documentos/airflow/airflow_venv/lib/python3.10/site-packages/airflow/example_dags/example_subdag_operator.py
[2024-05-07T21:02:31.912-0300] {processor.py:840} INFO - DAG(s) 'example_subdag_operator.section-1', 'example_subdag_operator.section-2', 'example_subdag_operator' retrieved from /home/patricia/Documentos/airflow/airflow_venv/lib/python3.10/site-packages/airflow/example_dags/example_subdag_operator.py
[2024-05-07T21:02:31.963-0300] {logging_mixin.py:188} INFO - [2024-05-07T21:02:31.963-0300] {dag.py:3096} INFO - Sync 3 DAGs
[2024-05-07T21:02:32.015-0300] {logging_mixin.py:188} INFO - [2024-05-07T21:02:32.014-0300] {dag.py:3954} INFO - Setting next_dagrun for example_subdag_operator to 2022-01-01 00:00:00+00:00, run_after=2022-01-01 00:00:00+00:00
[2024-05-07T21:02:32.037-0300] {logging_mixin.py:188} INFO - [2024-05-07T21:02:32.036-0300] {dag.py:3954} INFO - Setting next_dagrun for example_subdag_operator.section-1 to None, run_after=None
[2024-05-07T21:02:32.051-0300] {logging_mixin.py:188} INFO - [2024-05-07T21:02:32.051-0300] {dag.py:3954} INFO - Setting next_dagrun for example_subdag_operator.section-2 to None, run_after=None
[2024-05-07T21:02:32.065-0300] {logging_mixin.py:188} INFO - [2024-05-07T21:02:32.065-0300] {dag.py:3096} INFO - Sync 2 DAGs
[2024-05-07T21:02:32.075-0300] {logging_mixin.py:188} INFO - [2024-05-07T21:02:32.074-0300] {dag.py:3954} INFO - Setting next_dagrun for example_subdag_operator.section-1 to None, run_after=None
[2024-05-07T21:02:32.077-0300] {logging_mixin.py:188} INFO - [2024-05-07T21:02:32.077-0300] {dag.py:3954} INFO - Setting next_dagrun for example_subdag_operator.section-2 to None, run_after=None
[2024-05-07T21:02:32.176-0300] {processor.py:183} INFO - Processing /home/patricia/Documentos/airflow/airflow_venv/lib/python3.10/site-packages/airflow/example_dags/example_subdag_operator.py took 0.373 seconds
[2024-05-07T21:03:15.760-0300] {processor.py:161} INFO - Started process (PID=71595) to work on /home/patricia/Documentos/airflow/airflow_venv/lib/python3.10/site-packages/airflow/example_dags/example_subdag_operator.py
[2024-05-07T21:03:15.784-0300] {processor.py:830} INFO - Processing file /home/patricia/Documentos/airflow/airflow_venv/lib/python3.10/site-packages/airflow/example_dags/example_subdag_operator.py for tasks to queue
[2024-05-07T21:03:15.788-0300] {logging_mixin.py:188} INFO - [2024-05-07T21:03:15.787-0300] {dagbag.py:545} INFO - Filling up the DagBag from /home/patricia/Documentos/airflow/airflow_venv/lib/python3.10/site-packages/airflow/example_dags/example_subdag_operator.py
[2024-05-07T21:03:15.841-0300] {processor.py:840} INFO - DAG(s) 'example_subdag_operator.section-1', 'example_subdag_operator.section-2', 'example_subdag_operator' retrieved from /home/patricia/Documentos/airflow/airflow_venv/lib/python3.10/site-packages/airflow/example_dags/example_subdag_operator.py
[2024-05-07T21:03:15.887-0300] {logging_mixin.py:188} INFO - [2024-05-07T21:03:15.887-0300] {dag.py:3096} INFO - Sync 3 DAGs
[2024-05-07T21:03:15.981-0300] {logging_mixin.py:188} INFO - [2024-05-07T21:03:15.981-0300] {dag.py:3954} INFO - Setting next_dagrun for example_subdag_operator to 2022-01-01 00:00:00+00:00, run_after=2022-01-01 00:00:00+00:00
[2024-05-07T21:03:15.988-0300] {logging_mixin.py:188} INFO - [2024-05-07T21:03:15.988-0300] {dag.py:3954} INFO - Setting next_dagrun for example_subdag_operator.section-1 to None, run_after=None
[2024-05-07T21:03:15.997-0300] {logging_mixin.py:188} INFO - [2024-05-07T21:03:15.997-0300] {dag.py:3954} INFO - Setting next_dagrun for example_subdag_operator.section-2 to None, run_after=None
[2024-05-07T21:03:16.021-0300] {logging_mixin.py:188} INFO - [2024-05-07T21:03:16.020-0300] {dag.py:3096} INFO - Sync 2 DAGs
[2024-05-07T21:03:16.035-0300] {logging_mixin.py:188} INFO - [2024-05-07T21:03:16.034-0300] {dag.py:3954} INFO - Setting next_dagrun for example_subdag_operator.section-1 to None, run_after=None
[2024-05-07T21:03:16.035-0300] {logging_mixin.py:188} INFO - [2024-05-07T21:03:16.035-0300] {dag.py:3954} INFO - Setting next_dagrun for example_subdag_operator.section-2 to None, run_after=None
[2024-05-07T21:03:16.134-0300] {processor.py:183} INFO - Processing /home/patricia/Documentos/airflow/airflow_venv/lib/python3.10/site-packages/airflow/example_dags/example_subdag_operator.py took 0.387 seconds
[2024-05-07T21:03:55.287-0300] {processor.py:161} INFO - Started process (PID=71664) to work on /home/patricia/Documentos/airflow/airflow_venv/lib/python3.10/site-packages/airflow/example_dags/example_subdag_operator.py
[2024-05-07T21:03:55.311-0300] {processor.py:830} INFO - Processing file /home/patricia/Documentos/airflow/airflow_venv/lib/python3.10/site-packages/airflow/example_dags/example_subdag_operator.py for tasks to queue
[2024-05-07T21:03:55.313-0300] {logging_mixin.py:188} INFO - [2024-05-07T21:03:55.313-0300] {dagbag.py:545} INFO - Filling up the DagBag from /home/patricia/Documentos/airflow/airflow_venv/lib/python3.10/site-packages/airflow/example_dags/example_subdag_operator.py
[2024-05-07T21:03:55.350-0300] {processor.py:840} INFO - DAG(s) 'example_subdag_operator.section-1', 'example_subdag_operator.section-2', 'example_subdag_operator' retrieved from /home/patricia/Documentos/airflow/airflow_venv/lib/python3.10/site-packages/airflow/example_dags/example_subdag_operator.py
[2024-05-07T21:03:55.367-0300] {logging_mixin.py:188} INFO - [2024-05-07T21:03:55.367-0300] {dag.py:3096} INFO - Sync 3 DAGs
[2024-05-07T21:03:55.399-0300] {logging_mixin.py:188} INFO - [2024-05-07T21:03:55.398-0300] {dag.py:3954} INFO - Setting next_dagrun for example_subdag_operator to 2022-01-01 00:00:00+00:00, run_after=2022-01-01 00:00:00+00:00
[2024-05-07T21:03:55.404-0300] {logging_mixin.py:188} INFO - [2024-05-07T21:03:55.404-0300] {dag.py:3954} INFO - Setting next_dagrun for example_subdag_operator.section-1 to None, run_after=None
[2024-05-07T21:03:55.406-0300] {logging_mixin.py:188} INFO - [2024-05-07T21:03:55.405-0300] {dag.py:3954} INFO - Setting next_dagrun for example_subdag_operator.section-2 to None, run_after=None
[2024-05-07T21:03:55.453-0300] {logging_mixin.py:188} INFO - [2024-05-07T21:03:55.452-0300] {dag.py:3096} INFO - Sync 2 DAGs
[2024-05-07T21:03:55.463-0300] {logging_mixin.py:188} INFO - [2024-05-07T21:03:55.463-0300] {dag.py:3954} INFO - Setting next_dagrun for example_subdag_operator.section-1 to None, run_after=None
[2024-05-07T21:03:55.464-0300] {logging_mixin.py:188} INFO - [2024-05-07T21:03:55.463-0300] {dag.py:3954} INFO - Setting next_dagrun for example_subdag_operator.section-2 to None, run_after=None
[2024-05-07T21:03:55.495-0300] {processor.py:183} INFO - Processing /home/patricia/Documentos/airflow/airflow_venv/lib/python3.10/site-packages/airflow/example_dags/example_subdag_operator.py took 0.219 seconds
[2024-05-07T21:04:47.939-0300] {processor.py:161} INFO - Started process (PID=71749) to work on /home/patricia/Documentos/airflow/airflow_venv/lib/python3.10/site-packages/airflow/example_dags/example_subdag_operator.py
[2024-05-07T21:04:47.941-0300] {processor.py:830} INFO - Processing file /home/patricia/Documentos/airflow/airflow_venv/lib/python3.10/site-packages/airflow/example_dags/example_subdag_operator.py for tasks to queue
[2024-05-07T21:04:47.945-0300] {logging_mixin.py:188} INFO - [2024-05-07T21:04:47.944-0300] {dagbag.py:545} INFO - Filling up the DagBag from /home/patricia/Documentos/airflow/airflow_venv/lib/python3.10/site-packages/airflow/example_dags/example_subdag_operator.py
[2024-05-07T21:04:48.024-0300] {processor.py:840} INFO - DAG(s) 'example_subdag_operator.section-1', 'example_subdag_operator.section-2', 'example_subdag_operator' retrieved from /home/patricia/Documentos/airflow/airflow_venv/lib/python3.10/site-packages/airflow/example_dags/example_subdag_operator.py
[2024-05-07T21:04:48.056-0300] {logging_mixin.py:188} INFO - [2024-05-07T21:04:48.055-0300] {dag.py:3096} INFO - Sync 3 DAGs
[2024-05-07T21:04:48.103-0300] {logging_mixin.py:188} INFO - [2024-05-07T21:04:48.102-0300] {dag.py:3954} INFO - Setting next_dagrun for example_subdag_operator to 2022-01-01 00:00:00+00:00, run_after=2022-01-01 00:00:00+00:00
[2024-05-07T21:04:48.115-0300] {logging_mixin.py:188} INFO - [2024-05-07T21:04:48.115-0300] {dag.py:3954} INFO - Setting next_dagrun for example_subdag_operator.section-1 to None, run_after=None
[2024-05-07T21:04:48.118-0300] {logging_mixin.py:188} INFO - [2024-05-07T21:04:48.117-0300] {dag.py:3954} INFO - Setting next_dagrun for example_subdag_operator.section-2 to None, run_after=None
[2024-05-07T21:04:48.130-0300] {logging_mixin.py:188} INFO - [2024-05-07T21:04:48.129-0300] {dag.py:3096} INFO - Sync 2 DAGs
[2024-05-07T21:04:48.136-0300] {logging_mixin.py:188} INFO - [2024-05-07T21:04:48.136-0300] {dag.py:3954} INFO - Setting next_dagrun for example_subdag_operator.section-1 to None, run_after=None
[2024-05-07T21:04:48.137-0300] {logging_mixin.py:188} INFO - [2024-05-07T21:04:48.137-0300] {dag.py:3954} INFO - Setting next_dagrun for example_subdag_operator.section-2 to None, run_after=None
[2024-05-07T21:04:48.204-0300] {processor.py:183} INFO - Processing /home/patricia/Documentos/airflow/airflow_venv/lib/python3.10/site-packages/airflow/example_dags/example_subdag_operator.py took 0.281 seconds
[2024-05-07T21:05:34.054-0300] {processor.py:161} INFO - Started process (PID=71828) to work on /home/patricia/Documentos/airflow/airflow_venv/lib/python3.10/site-packages/airflow/example_dags/example_subdag_operator.py
[2024-05-07T21:05:34.064-0300] {processor.py:830} INFO - Processing file /home/patricia/Documentos/airflow/airflow_venv/lib/python3.10/site-packages/airflow/example_dags/example_subdag_operator.py for tasks to queue
[2024-05-07T21:05:34.078-0300] {logging_mixin.py:188} INFO - [2024-05-07T21:05:34.077-0300] {dagbag.py:545} INFO - Filling up the DagBag from /home/patricia/Documentos/airflow/airflow_venv/lib/python3.10/site-packages/airflow/example_dags/example_subdag_operator.py
[2024-05-07T21:05:34.127-0300] {processor.py:840} INFO - DAG(s) 'example_subdag_operator.section-1', 'example_subdag_operator.section-2', 'example_subdag_operator' retrieved from /home/patricia/Documentos/airflow/airflow_venv/lib/python3.10/site-packages/airflow/example_dags/example_subdag_operator.py
[2024-05-07T21:05:34.155-0300] {logging_mixin.py:188} INFO - [2024-05-07T21:05:34.154-0300] {dag.py:3096} INFO - Sync 3 DAGs
[2024-05-07T21:05:34.189-0300] {logging_mixin.py:188} INFO - [2024-05-07T21:05:34.188-0300] {dag.py:3954} INFO - Setting next_dagrun for example_subdag_operator to 2022-01-01 00:00:00+00:00, run_after=2022-01-01 00:00:00+00:00
[2024-05-07T21:05:34.197-0300] {logging_mixin.py:188} INFO - [2024-05-07T21:05:34.197-0300] {dag.py:3954} INFO - Setting next_dagrun for example_subdag_operator.section-1 to None, run_after=None
[2024-05-07T21:05:34.198-0300] {logging_mixin.py:188} INFO - [2024-05-07T21:05:34.198-0300] {dag.py:3954} INFO - Setting next_dagrun for example_subdag_operator.section-2 to None, run_after=None
[2024-05-07T21:05:34.231-0300] {logging_mixin.py:188} INFO - [2024-05-07T21:05:34.230-0300] {dag.py:3096} INFO - Sync 2 DAGs
[2024-05-07T21:05:34.237-0300] {logging_mixin.py:188} INFO - [2024-05-07T21:05:34.237-0300] {dag.py:3954} INFO - Setting next_dagrun for example_subdag_operator.section-1 to None, run_after=None
[2024-05-07T21:05:34.237-0300] {logging_mixin.py:188} INFO - [2024-05-07T21:05:34.237-0300] {dag.py:3954} INFO - Setting next_dagrun for example_subdag_operator.section-2 to None, run_after=None
[2024-05-07T21:05:34.270-0300] {processor.py:183} INFO - Processing /home/patricia/Documentos/airflow/airflow_venv/lib/python3.10/site-packages/airflow/example_dags/example_subdag_operator.py took 0.227 seconds
