[2024-05-07T21:00:41.168-0300] {processor.py:161} INFO - Started process (PID=71346) to work on /home/patricia/Documentos/airflow/airflow_venv/lib/python3.10/site-packages/airflow/example_dags/example_skip_dag.py
[2024-05-07T21:00:41.178-0300] {processor.py:830} INFO - Processing file /home/patricia/Documentos/airflow/airflow_venv/lib/python3.10/site-packages/airflow/example_dags/example_skip_dag.py for tasks to queue
[2024-05-07T21:00:41.213-0300] {logging_mixin.py:188} INFO - [2024-05-07T21:00:41.213-0300] {dagbag.py:545} INFO - Filling up the DagBag from /home/patricia/Documentos/airflow/airflow_venv/lib/python3.10/site-packages/airflow/example_dags/example_skip_dag.py
[2024-05-07T21:00:41.257-0300] {processor.py:840} INFO - DAG(s) 'example_skip_dag' retrieved from /home/patricia/Documentos/airflow/airflow_venv/lib/python3.10/site-packages/airflow/example_dags/example_skip_dag.py
[2024-05-07T21:00:41.344-0300] {logging_mixin.py:188} INFO - [2024-05-07T21:00:41.344-0300] {dag.py:3096} INFO - Sync 1 DAGs
[2024-05-07T21:00:41.382-0300] {logging_mixin.py:188} INFO - [2024-05-07T21:00:41.382-0300] {dag.py:3954} INFO - Setting next_dagrun for example_skip_dag to 2024-05-07 00:00:00+00:00, run_after=2024-05-08 00:00:00+00:00
[2024-05-07T21:00:41.483-0300] {processor.py:183} INFO - Processing /home/patricia/Documentos/airflow/airflow_venv/lib/python3.10/site-packages/airflow/example_dags/example_skip_dag.py took 0.380 seconds
[2024-05-07T21:02:01.964-0300] {processor.py:161} INFO - Started process (PID=71481) to work on /home/patricia/Documentos/airflow/airflow_venv/lib/python3.10/site-packages/airflow/example_dags/example_skip_dag.py
[2024-05-07T21:02:01.991-0300] {processor.py:830} INFO - Processing file /home/patricia/Documentos/airflow/airflow_venv/lib/python3.10/site-packages/airflow/example_dags/example_skip_dag.py for tasks to queue
[2024-05-07T21:02:02.014-0300] {logging_mixin.py:188} INFO - [2024-05-07T21:02:01.997-0300] {dagbag.py:545} INFO - Filling up the DagBag from /home/patricia/Documentos/airflow/airflow_venv/lib/python3.10/site-packages/airflow/example_dags/example_skip_dag.py
[2024-05-07T21:02:02.037-0300] {processor.py:840} INFO - DAG(s) 'example_skip_dag' retrieved from /home/patricia/Documentos/airflow/airflow_venv/lib/python3.10/site-packages/airflow/example_dags/example_skip_dag.py
[2024-05-07T21:02:02.094-0300] {logging_mixin.py:188} INFO - [2024-05-07T21:02:02.094-0300] {dag.py:3096} INFO - Sync 1 DAGs
[2024-05-07T21:02:02.214-0300] {logging_mixin.py:188} INFO - [2024-05-07T21:02:02.214-0300] {dag.py:3954} INFO - Setting next_dagrun for example_skip_dag to 2024-05-07 00:00:00+00:00, run_after=2024-05-08 00:00:00+00:00
[2024-05-07T21:02:02.316-0300] {processor.py:183} INFO - Processing /home/patricia/Documentos/airflow/airflow_venv/lib/python3.10/site-packages/airflow/example_dags/example_skip_dag.py took 0.365 seconds
[2024-05-07T21:03:28.139-0300] {processor.py:161} INFO - Started process (PID=71618) to work on /home/patricia/Documentos/airflow/airflow_venv/lib/python3.10/site-packages/airflow/example_dags/example_skip_dag.py
[2024-05-07T21:03:28.143-0300] {processor.py:830} INFO - Processing file /home/patricia/Documentos/airflow/airflow_venv/lib/python3.10/site-packages/airflow/example_dags/example_skip_dag.py for tasks to queue
[2024-05-07T21:03:28.153-0300] {logging_mixin.py:188} INFO - [2024-05-07T21:03:28.148-0300] {dagbag.py:545} INFO - Filling up the DagBag from /home/patricia/Documentos/airflow/airflow_venv/lib/python3.10/site-packages/airflow/example_dags/example_skip_dag.py
[2024-05-07T21:03:28.167-0300] {processor.py:840} INFO - DAG(s) 'example_skip_dag' retrieved from /home/patricia/Documentos/airflow/airflow_venv/lib/python3.10/site-packages/airflow/example_dags/example_skip_dag.py
[2024-05-07T21:03:28.265-0300] {logging_mixin.py:188} INFO - [2024-05-07T21:03:28.265-0300] {dag.py:3096} INFO - Sync 1 DAGs
[2024-05-07T21:03:28.320-0300] {logging_mixin.py:188} INFO - [2024-05-07T21:03:28.319-0300] {dag.py:3954} INFO - Setting next_dagrun for example_skip_dag to 2024-05-07 00:00:00+00:00, run_after=2024-05-08 00:00:00+00:00
[2024-05-07T21:03:28.450-0300] {processor.py:183} INFO - Processing /home/patricia/Documentos/airflow/airflow_venv/lib/python3.10/site-packages/airflow/example_dags/example_skip_dag.py took 0.372 seconds
[2024-05-07T21:05:05.531-0300] {processor.py:161} INFO - Started process (PID=71779) to work on /home/patricia/Documentos/airflow/airflow_venv/lib/python3.10/site-packages/airflow/example_dags/example_skip_dag.py
[2024-05-07T21:05:05.534-0300] {processor.py:830} INFO - Processing file /home/patricia/Documentos/airflow/airflow_venv/lib/python3.10/site-packages/airflow/example_dags/example_skip_dag.py for tasks to queue
[2024-05-07T21:05:05.542-0300] {logging_mixin.py:188} INFO - [2024-05-07T21:05:05.541-0300] {dagbag.py:545} INFO - Filling up the DagBag from /home/patricia/Documentos/airflow/airflow_venv/lib/python3.10/site-packages/airflow/example_dags/example_skip_dag.py
[2024-05-07T21:05:05.553-0300] {processor.py:840} INFO - DAG(s) 'example_skip_dag' retrieved from /home/patricia/Documentos/airflow/airflow_venv/lib/python3.10/site-packages/airflow/example_dags/example_skip_dag.py
[2024-05-07T21:05:05.595-0300] {logging_mixin.py:188} INFO - [2024-05-07T21:05:05.594-0300] {dag.py:3096} INFO - Sync 1 DAGs
[2024-05-07T21:05:05.645-0300] {logging_mixin.py:188} INFO - [2024-05-07T21:05:05.645-0300] {dag.py:3954} INFO - Setting next_dagrun for example_skip_dag to 2024-05-07 00:00:00+00:00, run_after=2024-05-08 00:00:00+00:00
[2024-05-07T21:05:05.798-0300] {processor.py:183} INFO - Processing /home/patricia/Documentos/airflow/airflow_venv/lib/python3.10/site-packages/airflow/example_dags/example_skip_dag.py took 0.283 seconds
