[2024-05-07T21:00:14.637-0300] {processor.py:161} INFO - Started process (PID=71306) to work on /home/patricia/Documentos/airflow/airflow_venv/lib/python3.10/site-packages/airflow/example_dags/example_dynamic_task_mapping.py
[2024-05-07T21:00:14.756-0300] {processor.py:830} INFO - Processing file /home/patricia/Documentos/airflow/airflow_venv/lib/python3.10/site-packages/airflow/example_dags/example_dynamic_task_mapping.py for tasks to queue
[2024-05-07T21:00:14.794-0300] {logging_mixin.py:188} INFO - [2024-05-07T21:00:14.787-0300] {dagbag.py:545} INFO - Filling up the DagBag from /home/patricia/Documentos/airflow/airflow_venv/lib/python3.10/site-packages/airflow/example_dags/example_dynamic_task_mapping.py
[2024-05-07T21:00:14.818-0300] {processor.py:840} INFO - DAG(s) 'example_dynamic_task_mapping' retrieved from /home/patricia/Documentos/airflow/airflow_venv/lib/python3.10/site-packages/airflow/example_dags/example_dynamic_task_mapping.py
[2024-05-07T21:00:14.861-0300] {logging_mixin.py:188} INFO - [2024-05-07T21:00:14.860-0300] {dag.py:3096} INFO - Sync 1 DAGs
[2024-05-07T21:00:14.945-0300] {logging_mixin.py:188} INFO - [2024-05-07T21:00:14.945-0300] {dag.py:3954} INFO - Setting next_dagrun for example_dynamic_task_mapping to 2022-03-04 00:00:00+00:00, run_after=2022-03-05 00:00:00+00:00
[2024-05-07T21:00:15.166-0300] {processor.py:183} INFO - Processing /home/patricia/Documentos/airflow/airflow_venv/lib/python3.10/site-packages/airflow/example_dags/example_dynamic_task_mapping.py took 0.575 seconds
[2024-05-07T21:01:44.068-0300] {processor.py:161} INFO - Started process (PID=71452) to work on /home/patricia/Documentos/airflow/airflow_venv/lib/python3.10/site-packages/airflow/example_dags/example_dynamic_task_mapping.py
[2024-05-07T21:01:44.072-0300] {processor.py:830} INFO - Processing file /home/patricia/Documentos/airflow/airflow_venv/lib/python3.10/site-packages/airflow/example_dags/example_dynamic_task_mapping.py for tasks to queue
[2024-05-07T21:01:44.075-0300] {logging_mixin.py:188} INFO - [2024-05-07T21:01:44.074-0300] {dagbag.py:545} INFO - Filling up the DagBag from /home/patricia/Documentos/airflow/airflow_venv/lib/python3.10/site-packages/airflow/example_dags/example_dynamic_task_mapping.py
[2024-05-07T21:01:44.097-0300] {processor.py:840} INFO - DAG(s) 'example_dynamic_task_mapping' retrieved from /home/patricia/Documentos/airflow/airflow_venv/lib/python3.10/site-packages/airflow/example_dags/example_dynamic_task_mapping.py
[2024-05-07T21:01:44.124-0300] {logging_mixin.py:188} INFO - [2024-05-07T21:01:44.124-0300] {dag.py:3096} INFO - Sync 1 DAGs
[2024-05-07T21:01:44.179-0300] {logging_mixin.py:188} INFO - [2024-05-07T21:01:44.178-0300] {dag.py:3954} INFO - Setting next_dagrun for example_dynamic_task_mapping to 2022-03-04 00:00:00+00:00, run_after=2022-03-05 00:00:00+00:00
[2024-05-07T21:01:44.309-0300] {processor.py:183} INFO - Processing /home/patricia/Documentos/airflow/airflow_venv/lib/python3.10/site-packages/airflow/example_dags/example_dynamic_task_mapping.py took 0.252 seconds
[2024-05-07T21:03:07.061-0300] {processor.py:161} INFO - Started process (PID=71582) to work on /home/patricia/Documentos/airflow/airflow_venv/lib/python3.10/site-packages/airflow/example_dags/example_dynamic_task_mapping.py
[2024-05-07T21:03:07.064-0300] {processor.py:830} INFO - Processing file /home/patricia/Documentos/airflow/airflow_venv/lib/python3.10/site-packages/airflow/example_dags/example_dynamic_task_mapping.py for tasks to queue
[2024-05-07T21:03:07.067-0300] {logging_mixin.py:188} INFO - [2024-05-07T21:03:07.066-0300] {dagbag.py:545} INFO - Filling up the DagBag from /home/patricia/Documentos/airflow/airflow_venv/lib/python3.10/site-packages/airflow/example_dags/example_dynamic_task_mapping.py
[2024-05-07T21:03:07.096-0300] {processor.py:840} INFO - DAG(s) 'example_dynamic_task_mapping' retrieved from /home/patricia/Documentos/airflow/airflow_venv/lib/python3.10/site-packages/airflow/example_dags/example_dynamic_task_mapping.py
[2024-05-07T21:03:07.177-0300] {logging_mixin.py:188} INFO - [2024-05-07T21:03:07.175-0300] {dag.py:3096} INFO - Sync 1 DAGs
[2024-05-07T21:03:07.238-0300] {logging_mixin.py:188} INFO - [2024-05-07T21:03:07.237-0300] {dag.py:3954} INFO - Setting next_dagrun for example_dynamic_task_mapping to 2022-03-04 00:00:00+00:00, run_after=2022-03-05 00:00:00+00:00
[2024-05-07T21:03:07.305-0300] {processor.py:183} INFO - Processing /home/patricia/Documentos/airflow/airflow_venv/lib/python3.10/site-packages/airflow/example_dags/example_dynamic_task_mapping.py took 0.261 seconds
[2024-05-07T21:04:39.503-0300] {processor.py:161} INFO - Started process (PID=71740) to work on /home/patricia/Documentos/airflow/airflow_venv/lib/python3.10/site-packages/airflow/example_dags/example_dynamic_task_mapping.py
[2024-05-07T21:04:39.506-0300] {processor.py:830} INFO - Processing file /home/patricia/Documentos/airflow/airflow_venv/lib/python3.10/site-packages/airflow/example_dags/example_dynamic_task_mapping.py for tasks to queue
[2024-05-07T21:04:39.509-0300] {logging_mixin.py:188} INFO - [2024-05-07T21:04:39.508-0300] {dagbag.py:545} INFO - Filling up the DagBag from /home/patricia/Documentos/airflow/airflow_venv/lib/python3.10/site-packages/airflow/example_dags/example_dynamic_task_mapping.py
[2024-05-07T21:04:39.544-0300] {processor.py:840} INFO - DAG(s) 'example_dynamic_task_mapping' retrieved from /home/patricia/Documentos/airflow/airflow_venv/lib/python3.10/site-packages/airflow/example_dags/example_dynamic_task_mapping.py
[2024-05-07T21:04:39.610-0300] {logging_mixin.py:188} INFO - [2024-05-07T21:04:39.609-0300] {dag.py:3096} INFO - Sync 1 DAGs
[2024-05-07T21:04:39.640-0300] {logging_mixin.py:188} INFO - [2024-05-07T21:04:39.640-0300] {dag.py:3954} INFO - Setting next_dagrun for example_dynamic_task_mapping to 2022-03-04 00:00:00+00:00, run_after=2022-03-05 00:00:00+00:00
[2024-05-07T21:04:39.741-0300] {processor.py:183} INFO - Processing /home/patricia/Documentos/airflow/airflow_venv/lib/python3.10/site-packages/airflow/example_dags/example_dynamic_task_mapping.py took 0.251 seconds
