[2024-05-07T21:00:27.174-0300] {processor.py:161} INFO - Started process (PID=71328) to work on /home/patricia/Documentos/airflow/airflow_venv/lib/python3.10/site-packages/airflow/example_dags/example_sensor_decorator.py
[2024-05-07T21:00:27.190-0300] {processor.py:830} INFO - Processing file /home/patricia/Documentos/airflow/airflow_venv/lib/python3.10/site-packages/airflow/example_dags/example_sensor_decorator.py for tasks to queue
[2024-05-07T21:00:27.194-0300] {logging_mixin.py:188} INFO - [2024-05-07T21:00:27.193-0300] {dagbag.py:545} INFO - Filling up the DagBag from /home/patricia/Documentos/airflow/airflow_venv/lib/python3.10/site-packages/airflow/example_dags/example_sensor_decorator.py
[2024-05-07T21:00:27.214-0300] {processor.py:840} INFO - DAG(s) 'example_sensor_decorator' retrieved from /home/patricia/Documentos/airflow/airflow_venv/lib/python3.10/site-packages/airflow/example_dags/example_sensor_decorator.py
[2024-05-07T21:00:27.276-0300] {logging_mixin.py:188} INFO - [2024-05-07T21:00:27.276-0300] {dag.py:3096} INFO - Sync 1 DAGs
[2024-05-07T21:00:27.301-0300] {logging_mixin.py:188} INFO - [2024-05-07T21:00:27.301-0300] {dag.py:3954} INFO - Setting next_dagrun for example_sensor_decorator to None, run_after=None
[2024-05-07T21:00:27.436-0300] {processor.py:183} INFO - Processing /home/patricia/Documentos/airflow/airflow_venv/lib/python3.10/site-packages/airflow/example_dags/example_sensor_decorator.py took 0.288 seconds
[2024-05-07T21:01:15.870-0300] {processor.py:161} INFO - Started process (PID=71405) to work on /home/patricia/Documentos/airflow/airflow_venv/lib/python3.10/site-packages/airflow/example_dags/example_sensor_decorator.py
[2024-05-07T21:01:15.873-0300] {processor.py:830} INFO - Processing file /home/patricia/Documentos/airflow/airflow_venv/lib/python3.10/site-packages/airflow/example_dags/example_sensor_decorator.py for tasks to queue
[2024-05-07T21:01:15.878-0300] {logging_mixin.py:188} INFO - [2024-05-07T21:01:15.877-0300] {dagbag.py:545} INFO - Filling up the DagBag from /home/patricia/Documentos/airflow/airflow_venv/lib/python3.10/site-packages/airflow/example_dags/example_sensor_decorator.py
[2024-05-07T21:01:15.903-0300] {processor.py:840} INFO - DAG(s) 'example_sensor_decorator' retrieved from /home/patricia/Documentos/airflow/airflow_venv/lib/python3.10/site-packages/airflow/example_dags/example_sensor_decorator.py
[2024-05-07T21:01:15.979-0300] {logging_mixin.py:188} INFO - [2024-05-07T21:01:15.978-0300] {dag.py:3096} INFO - Sync 1 DAGs
[2024-05-07T21:01:16.004-0300] {logging_mixin.py:188} INFO - [2024-05-07T21:01:16.000-0300] {dag.py:3954} INFO - Setting next_dagrun for example_sensor_decorator to None, run_after=None
[2024-05-07T21:01:16.106-0300] {processor.py:183} INFO - Processing /home/patricia/Documentos/airflow/airflow_venv/lib/python3.10/site-packages/airflow/example_dags/example_sensor_decorator.py took 0.250 seconds
[2024-05-07T21:01:56.363-0300] {processor.py:161} INFO - Started process (PID=71477) to work on /home/patricia/Documentos/airflow/airflow_venv/lib/python3.10/site-packages/airflow/example_dags/example_sensor_decorator.py
[2024-05-07T21:01:56.397-0300] {processor.py:830} INFO - Processing file /home/patricia/Documentos/airflow/airflow_venv/lib/python3.10/site-packages/airflow/example_dags/example_sensor_decorator.py for tasks to queue
[2024-05-07T21:01:56.412-0300] {logging_mixin.py:188} INFO - [2024-05-07T21:01:56.399-0300] {dagbag.py:545} INFO - Filling up the DagBag from /home/patricia/Documentos/airflow/airflow_venv/lib/python3.10/site-packages/airflow/example_dags/example_sensor_decorator.py
[2024-05-07T21:01:56.441-0300] {processor.py:840} INFO - DAG(s) 'example_sensor_decorator' retrieved from /home/patricia/Documentos/airflow/airflow_venv/lib/python3.10/site-packages/airflow/example_dags/example_sensor_decorator.py
[2024-05-07T21:01:56.511-0300] {logging_mixin.py:188} INFO - [2024-05-07T21:01:56.511-0300] {dag.py:3096} INFO - Sync 1 DAGs
[2024-05-07T21:01:56.543-0300] {logging_mixin.py:188} INFO - [2024-05-07T21:01:56.538-0300] {dag.py:3954} INFO - Setting next_dagrun for example_sensor_decorator to None, run_after=None
[2024-05-07T21:01:56.628-0300] {processor.py:183} INFO - Processing /home/patricia/Documentos/airflow/airflow_venv/lib/python3.10/site-packages/airflow/example_dags/example_sensor_decorator.py took 0.280 seconds
[2024-05-07T21:02:36.610-0300] {processor.py:161} INFO - Started process (PID=71536) to work on /home/patricia/Documentos/airflow/airflow_venv/lib/python3.10/site-packages/airflow/example_dags/example_sensor_decorator.py
[2024-05-07T21:02:36.631-0300] {processor.py:830} INFO - Processing file /home/patricia/Documentos/airflow/airflow_venv/lib/python3.10/site-packages/airflow/example_dags/example_sensor_decorator.py for tasks to queue
[2024-05-07T21:02:36.644-0300] {logging_mixin.py:188} INFO - [2024-05-07T21:02:36.643-0300] {dagbag.py:545} INFO - Filling up the DagBag from /home/patricia/Documentos/airflow/airflow_venv/lib/python3.10/site-packages/airflow/example_dags/example_sensor_decorator.py
[2024-05-07T21:02:36.659-0300] {processor.py:840} INFO - DAG(s) 'example_sensor_decorator' retrieved from /home/patricia/Documentos/airflow/airflow_venv/lib/python3.10/site-packages/airflow/example_dags/example_sensor_decorator.py
[2024-05-07T21:02:36.693-0300] {logging_mixin.py:188} INFO - [2024-05-07T21:02:36.692-0300] {dag.py:3096} INFO - Sync 1 DAGs
[2024-05-07T21:02:36.721-0300] {logging_mixin.py:188} INFO - [2024-05-07T21:02:36.720-0300] {dag.py:3954} INFO - Setting next_dagrun for example_sensor_decorator to None, run_after=None
[2024-05-07T21:02:36.900-0300] {processor.py:183} INFO - Processing /home/patricia/Documentos/airflow/airflow_venv/lib/python3.10/site-packages/airflow/example_dags/example_sensor_decorator.py took 0.337 seconds
[2024-05-07T21:03:19.711-0300] {processor.py:161} INFO - Started process (PID=71602) to work on /home/patricia/Documentos/airflow/airflow_venv/lib/python3.10/site-packages/airflow/example_dags/example_sensor_decorator.py
[2024-05-07T21:03:19.762-0300] {processor.py:830} INFO - Processing file /home/patricia/Documentos/airflow/airflow_venv/lib/python3.10/site-packages/airflow/example_dags/example_sensor_decorator.py for tasks to queue
[2024-05-07T21:03:19.764-0300] {logging_mixin.py:188} INFO - [2024-05-07T21:03:19.764-0300] {dagbag.py:545} INFO - Filling up the DagBag from /home/patricia/Documentos/airflow/airflow_venv/lib/python3.10/site-packages/airflow/example_dags/example_sensor_decorator.py
[2024-05-07T21:03:19.789-0300] {processor.py:840} INFO - DAG(s) 'example_sensor_decorator' retrieved from /home/patricia/Documentos/airflow/airflow_venv/lib/python3.10/site-packages/airflow/example_dags/example_sensor_decorator.py
[2024-05-07T21:03:19.838-0300] {logging_mixin.py:188} INFO - [2024-05-07T21:03:19.837-0300] {dag.py:3096} INFO - Sync 1 DAGs
[2024-05-07T21:03:19.892-0300] {logging_mixin.py:188} INFO - [2024-05-07T21:03:19.888-0300] {dag.py:3954} INFO - Setting next_dagrun for example_sensor_decorator to None, run_after=None
[2024-05-07T21:03:20.117-0300] {processor.py:183} INFO - Processing /home/patricia/Documentos/airflow/airflow_venv/lib/python3.10/site-packages/airflow/example_dags/example_sensor_decorator.py took 0.417 seconds
[2024-05-07T21:03:59.701-0300] {processor.py:161} INFO - Started process (PID=71672) to work on /home/patricia/Documentos/airflow/airflow_venv/lib/python3.10/site-packages/airflow/example_dags/example_sensor_decorator.py
[2024-05-07T21:03:59.708-0300] {processor.py:830} INFO - Processing file /home/patricia/Documentos/airflow/airflow_venv/lib/python3.10/site-packages/airflow/example_dags/example_sensor_decorator.py for tasks to queue
[2024-05-07T21:03:59.711-0300] {logging_mixin.py:188} INFO - [2024-05-07T21:03:59.710-0300] {dagbag.py:545} INFO - Filling up the DagBag from /home/patricia/Documentos/airflow/airflow_venv/lib/python3.10/site-packages/airflow/example_dags/example_sensor_decorator.py
[2024-05-07T21:03:59.740-0300] {processor.py:840} INFO - DAG(s) 'example_sensor_decorator' retrieved from /home/patricia/Documentos/airflow/airflow_venv/lib/python3.10/site-packages/airflow/example_dags/example_sensor_decorator.py
[2024-05-07T21:03:59.767-0300] {logging_mixin.py:188} INFO - [2024-05-07T21:03:59.767-0300] {dag.py:3096} INFO - Sync 1 DAGs
[2024-05-07T21:03:59.795-0300] {logging_mixin.py:188} INFO - [2024-05-07T21:03:59.794-0300] {dag.py:3954} INFO - Setting next_dagrun for example_sensor_decorator to None, run_after=None
[2024-05-07T21:03:59.855-0300] {processor.py:183} INFO - Processing /home/patricia/Documentos/airflow/airflow_venv/lib/python3.10/site-packages/airflow/example_dags/example_sensor_decorator.py took 0.186 seconds
[2024-05-07T21:04:51.577-0300] {processor.py:161} INFO - Started process (PID=71759) to work on /home/patricia/Documentos/airflow/airflow_venv/lib/python3.10/site-packages/airflow/example_dags/example_sensor_decorator.py
[2024-05-07T21:04:51.580-0300] {processor.py:830} INFO - Processing file /home/patricia/Documentos/airflow/airflow_venv/lib/python3.10/site-packages/airflow/example_dags/example_sensor_decorator.py for tasks to queue
[2024-05-07T21:04:51.584-0300] {logging_mixin.py:188} INFO - [2024-05-07T21:04:51.583-0300] {dagbag.py:545} INFO - Filling up the DagBag from /home/patricia/Documentos/airflow/airflow_venv/lib/python3.10/site-packages/airflow/example_dags/example_sensor_decorator.py
[2024-05-07T21:04:51.595-0300] {processor.py:840} INFO - DAG(s) 'example_sensor_decorator' retrieved from /home/patricia/Documentos/airflow/airflow_venv/lib/python3.10/site-packages/airflow/example_dags/example_sensor_decorator.py
[2024-05-07T21:04:51.628-0300] {logging_mixin.py:188} INFO - [2024-05-07T21:04:51.627-0300] {dag.py:3096} INFO - Sync 1 DAGs
[2024-05-07T21:04:51.647-0300] {logging_mixin.py:188} INFO - [2024-05-07T21:04:51.647-0300] {dag.py:3954} INFO - Setting next_dagrun for example_sensor_decorator to None, run_after=None
[2024-05-07T21:04:51.702-0300] {processor.py:183} INFO - Processing /home/patricia/Documentos/airflow/airflow_venv/lib/python3.10/site-packages/airflow/example_dags/example_sensor_decorator.py took 0.136 seconds
[2024-05-07T21:05:37.412-0300] {processor.py:161} INFO - Started process (PID=71833) to work on /home/patricia/Documentos/airflow/airflow_venv/lib/python3.10/site-packages/airflow/example_dags/example_sensor_decorator.py
[2024-05-07T21:05:37.442-0300] {processor.py:830} INFO - Processing file /home/patricia/Documentos/airflow/airflow_venv/lib/python3.10/site-packages/airflow/example_dags/example_sensor_decorator.py for tasks to queue
[2024-05-07T21:05:37.446-0300] {logging_mixin.py:188} INFO - [2024-05-07T21:05:37.446-0300] {dagbag.py:545} INFO - Filling up the DagBag from /home/patricia/Documentos/airflow/airflow_venv/lib/python3.10/site-packages/airflow/example_dags/example_sensor_decorator.py
[2024-05-07T21:05:37.462-0300] {processor.py:840} INFO - DAG(s) 'example_sensor_decorator' retrieved from /home/patricia/Documentos/airflow/airflow_venv/lib/python3.10/site-packages/airflow/example_dags/example_sensor_decorator.py
[2024-05-07T21:05:37.505-0300] {logging_mixin.py:188} INFO - [2024-05-07T21:05:37.504-0300] {dag.py:3096} INFO - Sync 1 DAGs
[2024-05-07T21:05:37.539-0300] {logging_mixin.py:188} INFO - [2024-05-07T21:05:37.538-0300] {dag.py:3954} INFO - Setting next_dagrun for example_sensor_decorator to None, run_after=None
[2024-05-07T21:05:37.657-0300] {processor.py:183} INFO - Processing /home/patricia/Documentos/airflow/airflow_venv/lib/python3.10/site-packages/airflow/example_dags/example_sensor_decorator.py took 0.253 seconds
