[2024-05-07T21:00:30.133-0300] {processor.py:161} INFO - Started process (PID=71330) to work on /home/patricia/Documentos/airflow/airflow_venv/lib/python3.10/site-packages/airflow/example_dags/example_short_circuit_decorator.py
[2024-05-07T21:00:30.136-0300] {processor.py:830} INFO - Processing file /home/patricia/Documentos/airflow/airflow_venv/lib/python3.10/site-packages/airflow/example_dags/example_short_circuit_decorator.py for tasks to queue
[2024-05-07T21:00:30.154-0300] {logging_mixin.py:188} INFO - [2024-05-07T21:00:30.153-0300] {dagbag.py:545} INFO - Filling up the DagBag from /home/patricia/Documentos/airflow/airflow_venv/lib/python3.10/site-packages/airflow/example_dags/example_short_circuit_decorator.py
[2024-05-07T21:00:30.187-0300] {processor.py:840} INFO - DAG(s) 'example_short_circuit_decorator' retrieved from /home/patricia/Documentos/airflow/airflow_venv/lib/python3.10/site-packages/airflow/example_dags/example_short_circuit_decorator.py
[2024-05-07T21:00:30.255-0300] {logging_mixin.py:188} INFO - [2024-05-07T21:00:30.254-0300] {dag.py:3096} INFO - Sync 1 DAGs
[2024-05-07T21:00:30.326-0300] {logging_mixin.py:188} INFO - [2024-05-07T21:00:30.326-0300] {dag.py:3954} INFO - Setting next_dagrun for example_short_circuit_decorator to 2024-05-07 00:00:00+00:00, run_after=2024-05-08 00:00:00+00:00
[2024-05-07T21:00:30.417-0300] {processor.py:183} INFO - Processing /home/patricia/Documentos/airflow/airflow_venv/lib/python3.10/site-packages/airflow/example_dags/example_short_circuit_decorator.py took 0.311 seconds
[2024-05-07T21:01:18.218-0300] {processor.py:161} INFO - Started process (PID=71408) to work on /home/patricia/Documentos/airflow/airflow_venv/lib/python3.10/site-packages/airflow/example_dags/example_short_circuit_decorator.py
[2024-05-07T21:01:18.221-0300] {processor.py:830} INFO - Processing file /home/patricia/Documentos/airflow/airflow_venv/lib/python3.10/site-packages/airflow/example_dags/example_short_circuit_decorator.py for tasks to queue
[2024-05-07T21:01:18.223-0300] {logging_mixin.py:188} INFO - [2024-05-07T21:01:18.223-0300] {dagbag.py:545} INFO - Filling up the DagBag from /home/patricia/Documentos/airflow/airflow_venv/lib/python3.10/site-packages/airflow/example_dags/example_short_circuit_decorator.py
[2024-05-07T21:01:18.249-0300] {processor.py:840} INFO - DAG(s) 'example_short_circuit_decorator' retrieved from /home/patricia/Documentos/airflow/airflow_venv/lib/python3.10/site-packages/airflow/example_dags/example_short_circuit_decorator.py
[2024-05-07T21:01:18.282-0300] {logging_mixin.py:188} INFO - [2024-05-07T21:01:18.282-0300] {dag.py:3096} INFO - Sync 1 DAGs
[2024-05-07T21:01:18.395-0300] {logging_mixin.py:188} INFO - [2024-05-07T21:01:18.395-0300] {dag.py:3954} INFO - Setting next_dagrun for example_short_circuit_decorator to 2024-05-07 00:00:00+00:00, run_after=2024-05-08 00:00:00+00:00
[2024-05-07T21:01:18.550-0300] {processor.py:183} INFO - Processing /home/patricia/Documentos/airflow/airflow_venv/lib/python3.10/site-packages/airflow/example_dags/example_short_circuit_decorator.py took 0.399 seconds
[2024-05-07T21:01:59.539-0300] {processor.py:161} INFO - Started process (PID=71479) to work on /home/patricia/Documentos/airflow/airflow_venv/lib/python3.10/site-packages/airflow/example_dags/example_short_circuit_decorator.py
[2024-05-07T21:01:59.571-0300] {processor.py:830} INFO - Processing file /home/patricia/Documentos/airflow/airflow_venv/lib/python3.10/site-packages/airflow/example_dags/example_short_circuit_decorator.py for tasks to queue
[2024-05-07T21:01:59.587-0300] {logging_mixin.py:188} INFO - [2024-05-07T21:01:59.574-0300] {dagbag.py:545} INFO - Filling up the DagBag from /home/patricia/Documentos/airflow/airflow_venv/lib/python3.10/site-packages/airflow/example_dags/example_short_circuit_decorator.py
[2024-05-07T21:01:59.633-0300] {processor.py:840} INFO - DAG(s) 'example_short_circuit_decorator' retrieved from /home/patricia/Documentos/airflow/airflow_venv/lib/python3.10/site-packages/airflow/example_dags/example_short_circuit_decorator.py
[2024-05-07T21:01:59.674-0300] {logging_mixin.py:188} INFO - [2024-05-07T21:01:59.673-0300] {dag.py:3096} INFO - Sync 1 DAGs
[2024-05-07T21:01:59.718-0300] {logging_mixin.py:188} INFO - [2024-05-07T21:01:59.718-0300] {dag.py:3954} INFO - Setting next_dagrun for example_short_circuit_decorator to 2024-05-07 00:00:00+00:00, run_after=2024-05-08 00:00:00+00:00
[2024-05-07T21:01:59.785-0300] {processor.py:183} INFO - Processing /home/patricia/Documentos/airflow/airflow_venv/lib/python3.10/site-packages/airflow/example_dags/example_short_circuit_decorator.py took 0.262 seconds
[2024-05-07T21:02:39.318-0300] {processor.py:161} INFO - Started process (PID=71539) to work on /home/patricia/Documentos/airflow/airflow_venv/lib/python3.10/site-packages/airflow/example_dags/example_short_circuit_decorator.py
[2024-05-07T21:02:39.357-0300] {processor.py:830} INFO - Processing file /home/patricia/Documentos/airflow/airflow_venv/lib/python3.10/site-packages/airflow/example_dags/example_short_circuit_decorator.py for tasks to queue
[2024-05-07T21:02:39.360-0300] {logging_mixin.py:188} INFO - [2024-05-07T21:02:39.359-0300] {dagbag.py:545} INFO - Filling up the DagBag from /home/patricia/Documentos/airflow/airflow_venv/lib/python3.10/site-packages/airflow/example_dags/example_short_circuit_decorator.py
[2024-05-07T21:02:39.400-0300] {processor.py:840} INFO - DAG(s) 'example_short_circuit_decorator' retrieved from /home/patricia/Documentos/airflow/airflow_venv/lib/python3.10/site-packages/airflow/example_dags/example_short_circuit_decorator.py
[2024-05-07T21:02:39.463-0300] {logging_mixin.py:188} INFO - [2024-05-07T21:02:39.463-0300] {dag.py:3096} INFO - Sync 1 DAGs
[2024-05-07T21:02:39.521-0300] {logging_mixin.py:188} INFO - [2024-05-07T21:02:39.521-0300] {dag.py:3954} INFO - Setting next_dagrun for example_short_circuit_decorator to 2024-05-07 00:00:00+00:00, run_after=2024-05-08 00:00:00+00:00
[2024-05-07T21:02:39.664-0300] {processor.py:183} INFO - Processing /home/patricia/Documentos/airflow/airflow_venv/lib/python3.10/site-packages/airflow/example_dags/example_short_circuit_decorator.py took 0.375 seconds
[2024-05-07T21:03:22.194-0300] {processor.py:161} INFO - Started process (PID=71604) to work on /home/patricia/Documentos/airflow/airflow_venv/lib/python3.10/site-packages/airflow/example_dags/example_short_circuit_decorator.py
[2024-05-07T21:03:22.196-0300] {processor.py:830} INFO - Processing file /home/patricia/Documentos/airflow/airflow_venv/lib/python3.10/site-packages/airflow/example_dags/example_short_circuit_decorator.py for tasks to queue
[2024-05-07T21:03:22.199-0300] {logging_mixin.py:188} INFO - [2024-05-07T21:03:22.198-0300] {dagbag.py:545} INFO - Filling up the DagBag from /home/patricia/Documentos/airflow/airflow_venv/lib/python3.10/site-packages/airflow/example_dags/example_short_circuit_decorator.py
[2024-05-07T21:03:22.218-0300] {processor.py:840} INFO - DAG(s) 'example_short_circuit_decorator' retrieved from /home/patricia/Documentos/airflow/airflow_venv/lib/python3.10/site-packages/airflow/example_dags/example_short_circuit_decorator.py
[2024-05-07T21:03:22.241-0300] {logging_mixin.py:188} INFO - [2024-05-07T21:03:22.241-0300] {dag.py:3096} INFO - Sync 1 DAGs
[2024-05-07T21:03:22.264-0300] {logging_mixin.py:188} INFO - [2024-05-07T21:03:22.264-0300] {dag.py:3954} INFO - Setting next_dagrun for example_short_circuit_decorator to 2024-05-07 00:00:00+00:00, run_after=2024-05-08 00:00:00+00:00
[2024-05-07T21:03:22.328-0300] {processor.py:183} INFO - Processing /home/patricia/Documentos/airflow/airflow_venv/lib/python3.10/site-packages/airflow/example_dags/example_short_circuit_decorator.py took 0.147 seconds
[2024-05-07T21:04:01.813-0300] {processor.py:161} INFO - Started process (PID=71674) to work on /home/patricia/Documentos/airflow/airflow_venv/lib/python3.10/site-packages/airflow/example_dags/example_short_circuit_decorator.py
[2024-05-07T21:04:01.834-0300] {processor.py:830} INFO - Processing file /home/patricia/Documentos/airflow/airflow_venv/lib/python3.10/site-packages/airflow/example_dags/example_short_circuit_decorator.py for tasks to queue
[2024-05-07T21:04:01.844-0300] {logging_mixin.py:188} INFO - [2024-05-07T21:04:01.843-0300] {dagbag.py:545} INFO - Filling up the DagBag from /home/patricia/Documentos/airflow/airflow_venv/lib/python3.10/site-packages/airflow/example_dags/example_short_circuit_decorator.py
[2024-05-07T21:04:01.871-0300] {processor.py:840} INFO - DAG(s) 'example_short_circuit_decorator' retrieved from /home/patricia/Documentos/airflow/airflow_venv/lib/python3.10/site-packages/airflow/example_dags/example_short_circuit_decorator.py
[2024-05-07T21:04:01.930-0300] {logging_mixin.py:188} INFO - [2024-05-07T21:04:01.929-0300] {dag.py:3096} INFO - Sync 1 DAGs
[2024-05-07T21:04:01.965-0300] {logging_mixin.py:188} INFO - [2024-05-07T21:04:01.964-0300] {dag.py:3954} INFO - Setting next_dagrun for example_short_circuit_decorator to 2024-05-07 00:00:00+00:00, run_after=2024-05-08 00:00:00+00:00
[2024-05-07T21:04:02.084-0300] {processor.py:183} INFO - Processing /home/patricia/Documentos/airflow/airflow_venv/lib/python3.10/site-packages/airflow/example_dags/example_short_circuit_decorator.py took 0.286 seconds
[2024-05-07T21:04:54.498-0300] {processor.py:161} INFO - Started process (PID=71763) to work on /home/patricia/Documentos/airflow/airflow_venv/lib/python3.10/site-packages/airflow/example_dags/example_short_circuit_decorator.py
[2024-05-07T21:04:54.503-0300] {processor.py:830} INFO - Processing file /home/patricia/Documentos/airflow/airflow_venv/lib/python3.10/site-packages/airflow/example_dags/example_short_circuit_decorator.py for tasks to queue
[2024-05-07T21:04:54.509-0300] {logging_mixin.py:188} INFO - [2024-05-07T21:04:54.507-0300] {dagbag.py:545} INFO - Filling up the DagBag from /home/patricia/Documentos/airflow/airflow_venv/lib/python3.10/site-packages/airflow/example_dags/example_short_circuit_decorator.py
[2024-05-07T21:04:54.619-0300] {processor.py:840} INFO - DAG(s) 'example_short_circuit_decorator' retrieved from /home/patricia/Documentos/airflow/airflow_venv/lib/python3.10/site-packages/airflow/example_dags/example_short_circuit_decorator.py
[2024-05-07T21:04:54.658-0300] {logging_mixin.py:188} INFO - [2024-05-07T21:04:54.656-0300] {dag.py:3096} INFO - Sync 1 DAGs
[2024-05-07T21:04:54.727-0300] {logging_mixin.py:188} INFO - [2024-05-07T21:04:54.727-0300] {dag.py:3954} INFO - Setting next_dagrun for example_short_circuit_decorator to 2024-05-07 00:00:00+00:00, run_after=2024-05-08 00:00:00+00:00
[2024-05-07T21:04:54.859-0300] {processor.py:183} INFO - Processing /home/patricia/Documentos/airflow/airflow_venv/lib/python3.10/site-packages/airflow/example_dags/example_short_circuit_decorator.py took 0.422 seconds
[2024-05-07T21:05:40.272-0300] {processor.py:161} INFO - Started process (PID=71835) to work on /home/patricia/Documentos/airflow/airflow_venv/lib/python3.10/site-packages/airflow/example_dags/example_short_circuit_decorator.py
[2024-05-07T21:05:40.277-0300] {processor.py:830} INFO - Processing file /home/patricia/Documentos/airflow/airflow_venv/lib/python3.10/site-packages/airflow/example_dags/example_short_circuit_decorator.py for tasks to queue
[2024-05-07T21:05:40.281-0300] {logging_mixin.py:188} INFO - [2024-05-07T21:05:40.280-0300] {dagbag.py:545} INFO - Filling up the DagBag from /home/patricia/Documentos/airflow/airflow_venv/lib/python3.10/site-packages/airflow/example_dags/example_short_circuit_decorator.py
[2024-05-07T21:05:40.297-0300] {processor.py:840} INFO - DAG(s) 'example_short_circuit_decorator' retrieved from /home/patricia/Documentos/airflow/airflow_venv/lib/python3.10/site-packages/airflow/example_dags/example_short_circuit_decorator.py
[2024-05-07T21:05:40.343-0300] {logging_mixin.py:188} INFO - [2024-05-07T21:05:40.343-0300] {dag.py:3096} INFO - Sync 1 DAGs
[2024-05-07T21:05:40.369-0300] {logging_mixin.py:188} INFO - [2024-05-07T21:05:40.369-0300] {dag.py:3954} INFO - Setting next_dagrun for example_short_circuit_decorator to 2024-05-07 00:00:00+00:00, run_after=2024-05-08 00:00:00+00:00
[2024-05-07T21:05:40.420-0300] {processor.py:183} INFO - Processing /home/patricia/Documentos/airflow/airflow_venv/lib/python3.10/site-packages/airflow/example_dags/example_short_circuit_decorator.py took 0.161 seconds
