[2024-05-07T21:01:29.006-0300] {processor.py:161} INFO - Started process (PID=71428) to work on /home/patricia/Documentos/airflow/airflow_venv/lib/python3.10/site-packages/airflow/example_dags/example_setup_teardown.py
[2024-05-07T21:01:29.007-0300] {processor.py:830} INFO - Processing file /home/patricia/Documentos/airflow/airflow_venv/lib/python3.10/site-packages/airflow/example_dags/example_setup_teardown.py for tasks to queue
[2024-05-07T21:01:29.009-0300] {logging_mixin.py:188} INFO - [2024-05-07T21:01:29.009-0300] {dagbag.py:545} INFO - Filling up the DagBag from /home/patricia/Documentos/airflow/airflow_venv/lib/python3.10/site-packages/airflow/example_dags/example_setup_teardown.py
[2024-05-07T21:01:29.021-0300] {processor.py:840} INFO - DAG(s) 'example_setup_teardown' retrieved from /home/patricia/Documentos/airflow/airflow_venv/lib/python3.10/site-packages/airflow/example_dags/example_setup_teardown.py
[2024-05-07T21:01:29.070-0300] {logging_mixin.py:188} INFO - [2024-05-07T21:01:29.070-0300] {dag.py:3096} INFO - Sync 1 DAGs
[2024-05-07T21:01:29.133-0300] {logging_mixin.py:188} INFO - [2024-05-07T21:01:29.132-0300] {dag.py:3954} INFO - Setting next_dagrun for example_setup_teardown to 2024-05-07 00:00:00+00:00, run_after=2024-05-08 00:00:00+00:00
[2024-05-07T21:01:29.222-0300] {processor.py:183} INFO - Processing /home/patricia/Documentos/airflow/airflow_venv/lib/python3.10/site-packages/airflow/example_dags/example_setup_teardown.py took 0.223 seconds
[2024-05-07T21:02:48.709-0300] {processor.py:161} INFO - Started process (PID=71553) to work on /home/patricia/Documentos/airflow/airflow_venv/lib/python3.10/site-packages/airflow/example_dags/example_setup_teardown.py
[2024-05-07T21:02:48.712-0300] {processor.py:830} INFO - Processing file /home/patricia/Documentos/airflow/airflow_venv/lib/python3.10/site-packages/airflow/example_dags/example_setup_teardown.py for tasks to queue
[2024-05-07T21:02:48.718-0300] {logging_mixin.py:188} INFO - [2024-05-07T21:02:48.717-0300] {dagbag.py:545} INFO - Filling up the DagBag from /home/patricia/Documentos/airflow/airflow_venv/lib/python3.10/site-packages/airflow/example_dags/example_setup_teardown.py
[2024-05-07T21:02:48.740-0300] {processor.py:840} INFO - DAG(s) 'example_setup_teardown' retrieved from /home/patricia/Documentos/airflow/airflow_venv/lib/python3.10/site-packages/airflow/example_dags/example_setup_teardown.py
[2024-05-07T21:02:48.798-0300] {logging_mixin.py:188} INFO - [2024-05-07T21:02:48.797-0300] {dag.py:3096} INFO - Sync 1 DAGs
[2024-05-07T21:02:48.835-0300] {logging_mixin.py:188} INFO - [2024-05-07T21:02:48.835-0300] {dag.py:3954} INFO - Setting next_dagrun for example_setup_teardown to 2024-05-07 00:00:00+00:00, run_after=2024-05-08 00:00:00+00:00
[2024-05-07T21:02:48.986-0300] {processor.py:183} INFO - Processing /home/patricia/Documentos/airflow/airflow_venv/lib/python3.10/site-packages/airflow/example_dags/example_setup_teardown.py took 0.292 seconds
[2024-05-07T21:04:14.022-0300] {processor.py:161} INFO - Started process (PID=71695) to work on /home/patricia/Documentos/airflow/airflow_venv/lib/python3.10/site-packages/airflow/example_dags/example_setup_teardown.py
[2024-05-07T21:04:14.028-0300] {processor.py:830} INFO - Processing file /home/patricia/Documentos/airflow/airflow_venv/lib/python3.10/site-packages/airflow/example_dags/example_setup_teardown.py for tasks to queue
[2024-05-07T21:04:14.032-0300] {logging_mixin.py:188} INFO - [2024-05-07T21:04:14.031-0300] {dagbag.py:545} INFO - Filling up the DagBag from /home/patricia/Documentos/airflow/airflow_venv/lib/python3.10/site-packages/airflow/example_dags/example_setup_teardown.py
[2024-05-07T21:04:14.098-0300] {processor.py:840} INFO - DAG(s) 'example_setup_teardown' retrieved from /home/patricia/Documentos/airflow/airflow_venv/lib/python3.10/site-packages/airflow/example_dags/example_setup_teardown.py
[2024-05-07T21:04:14.156-0300] {logging_mixin.py:188} INFO - [2024-05-07T21:04:14.156-0300] {dag.py:3096} INFO - Sync 1 DAGs
[2024-05-07T21:04:14.263-0300] {logging_mixin.py:188} INFO - [2024-05-07T21:04:14.262-0300] {dag.py:3954} INFO - Setting next_dagrun for example_setup_teardown to 2024-05-07 00:00:00+00:00, run_after=2024-05-08 00:00:00+00:00
[2024-05-07T21:04:14.692-0300] {processor.py:183} INFO - Processing /home/patricia/Documentos/airflow/airflow_venv/lib/python3.10/site-packages/airflow/example_dags/example_setup_teardown.py took 0.682 seconds
[2024-05-07T21:05:10.971-0300] {processor.py:161} INFO - Started process (PID=71790) to work on /home/patricia/Documentos/airflow/airflow_venv/lib/python3.10/site-packages/airflow/example_dags/example_setup_teardown.py
[2024-05-07T21:05:10.993-0300] {processor.py:830} INFO - Processing file /home/patricia/Documentos/airflow/airflow_venv/lib/python3.10/site-packages/airflow/example_dags/example_setup_teardown.py for tasks to queue
[2024-05-07T21:05:10.996-0300] {logging_mixin.py:188} INFO - [2024-05-07T21:05:10.995-0300] {dagbag.py:545} INFO - Filling up the DagBag from /home/patricia/Documentos/airflow/airflow_venv/lib/python3.10/site-packages/airflow/example_dags/example_setup_teardown.py
[2024-05-07T21:05:11.012-0300] {processor.py:840} INFO - DAG(s) 'example_setup_teardown' retrieved from /home/patricia/Documentos/airflow/airflow_venv/lib/python3.10/site-packages/airflow/example_dags/example_setup_teardown.py
[2024-05-07T21:05:11.062-0300] {logging_mixin.py:188} INFO - [2024-05-07T21:05:11.062-0300] {dag.py:3096} INFO - Sync 1 DAGs
[2024-05-07T21:05:11.101-0300] {logging_mixin.py:188} INFO - [2024-05-07T21:05:11.101-0300] {dag.py:3954} INFO - Setting next_dagrun for example_setup_teardown to 2024-05-07 00:00:00+00:00, run_after=2024-05-08 00:00:00+00:00
[2024-05-07T21:05:11.190-0300] {processor.py:183} INFO - Processing /home/patricia/Documentos/airflow/airflow_venv/lib/python3.10/site-packages/airflow/example_dags/example_setup_teardown.py took 0.238 seconds
