[2024-05-07T21:01:35.194-0300] {processor.py:161} INFO - Started process (PID=71442) to work on /home/patricia/Documentos/airflow/airflow_venv/lib/python3.10/site-packages/airflow/example_dags/example_branch_day_of_week_operator.py
[2024-05-07T21:01:35.203-0300] {processor.py:830} INFO - Processing file /home/patricia/Documentos/airflow/airflow_venv/lib/python3.10/site-packages/airflow/example_dags/example_branch_day_of_week_operator.py for tasks to queue
[2024-05-07T21:01:35.218-0300] {logging_mixin.py:188} INFO - [2024-05-07T21:01:35.217-0300] {dagbag.py:545} INFO - Filling up the DagBag from /home/patricia/Documentos/airflow/airflow_venv/lib/python3.10/site-packages/airflow/example_dags/example_branch_day_of_week_operator.py
[2024-05-07T21:01:35.271-0300] {processor.py:840} INFO - DAG(s) 'example_weekday_branch_operator' retrieved from /home/patricia/Documentos/airflow/airflow_venv/lib/python3.10/site-packages/airflow/example_dags/example_branch_day_of_week_operator.py
[2024-05-07T21:01:35.303-0300] {logging_mixin.py:188} INFO - [2024-05-07T21:01:35.303-0300] {dag.py:3096} INFO - Sync 1 DAGs
[2024-05-07T21:01:35.343-0300] {logging_mixin.py:188} INFO - [2024-05-07T21:01:35.343-0300] {dag.py:3954} INFO - Setting next_dagrun for example_weekday_branch_operator to 2024-05-07 00:00:00+00:00, run_after=2024-05-08 00:00:00+00:00
[2024-05-07T21:01:35.419-0300] {processor.py:183} INFO - Processing /home/patricia/Documentos/airflow/airflow_venv/lib/python3.10/site-packages/airflow/example_dags/example_branch_day_of_week_operator.py took 0.245 seconds
[2024-05-07T21:02:55.717-0300] {processor.py:161} INFO - Started process (PID=71564) to work on /home/patricia/Documentos/airflow/airflow_venv/lib/python3.10/site-packages/airflow/example_dags/example_branch_day_of_week_operator.py
[2024-05-07T21:02:55.763-0300] {processor.py:830} INFO - Processing file /home/patricia/Documentos/airflow/airflow_venv/lib/python3.10/site-packages/airflow/example_dags/example_branch_day_of_week_operator.py for tasks to queue
[2024-05-07T21:02:55.789-0300] {logging_mixin.py:188} INFO - [2024-05-07T21:02:55.788-0300] {dagbag.py:545} INFO - Filling up the DagBag from /home/patricia/Documentos/airflow/airflow_venv/lib/python3.10/site-packages/airflow/example_dags/example_branch_day_of_week_operator.py
[2024-05-07T21:02:55.828-0300] {processor.py:840} INFO - DAG(s) 'example_weekday_branch_operator' retrieved from /home/patricia/Documentos/airflow/airflow_venv/lib/python3.10/site-packages/airflow/example_dags/example_branch_day_of_week_operator.py
[2024-05-07T21:02:55.919-0300] {logging_mixin.py:188} INFO - [2024-05-07T21:02:55.918-0300] {dag.py:3096} INFO - Sync 1 DAGs
[2024-05-07T21:02:55.974-0300] {logging_mixin.py:188} INFO - [2024-05-07T21:02:55.974-0300] {dag.py:3954} INFO - Setting next_dagrun for example_weekday_branch_operator to 2024-05-07 00:00:00+00:00, run_after=2024-05-08 00:00:00+00:00
[2024-05-07T21:02:56.043-0300] {processor.py:183} INFO - Processing /home/patricia/Documentos/airflow/airflow_venv/lib/python3.10/site-packages/airflow/example_dags/example_branch_day_of_week_operator.py took 0.353 seconds
[2024-05-07T21:04:25.414-0300] {processor.py:161} INFO - Started process (PID=71716) to work on /home/patricia/Documentos/airflow/airflow_venv/lib/python3.10/site-packages/airflow/example_dags/example_branch_day_of_week_operator.py
[2024-05-07T21:04:25.426-0300] {processor.py:830} INFO - Processing file /home/patricia/Documentos/airflow/airflow_venv/lib/python3.10/site-packages/airflow/example_dags/example_branch_day_of_week_operator.py for tasks to queue
[2024-05-07T21:04:25.429-0300] {logging_mixin.py:188} INFO - [2024-05-07T21:04:25.428-0300] {dagbag.py:545} INFO - Filling up the DagBag from /home/patricia/Documentos/airflow/airflow_venv/lib/python3.10/site-packages/airflow/example_dags/example_branch_day_of_week_operator.py
[2024-05-07T21:04:25.486-0300] {processor.py:840} INFO - DAG(s) 'example_weekday_branch_operator' retrieved from /home/patricia/Documentos/airflow/airflow_venv/lib/python3.10/site-packages/airflow/example_dags/example_branch_day_of_week_operator.py
[2024-05-07T21:04:25.543-0300] {logging_mixin.py:188} INFO - [2024-05-07T21:04:25.543-0300] {dag.py:3096} INFO - Sync 1 DAGs
[2024-05-07T21:04:25.586-0300] {logging_mixin.py:188} INFO - [2024-05-07T21:04:25.585-0300] {dag.py:3954} INFO - Setting next_dagrun for example_weekday_branch_operator to 2024-05-07 00:00:00+00:00, run_after=2024-05-08 00:00:00+00:00
[2024-05-07T21:04:26.187-0300] {processor.py:183} INFO - Processing /home/patricia/Documentos/airflow/airflow_venv/lib/python3.10/site-packages/airflow/example_dags/example_branch_day_of_week_operator.py took 0.798 seconds
[2024-05-07T21:05:52.718-0300] {processor.py:161} INFO - Started process (PID=71855) to work on /home/patricia/Documentos/airflow/airflow_venv/lib/python3.10/site-packages/airflow/example_dags/example_branch_day_of_week_operator.py
[2024-05-07T21:05:52.721-0300] {processor.py:830} INFO - Processing file /home/patricia/Documentos/airflow/airflow_venv/lib/python3.10/site-packages/airflow/example_dags/example_branch_day_of_week_operator.py for tasks to queue
[2024-05-07T21:05:52.724-0300] {logging_mixin.py:188} INFO - [2024-05-07T21:05:52.723-0300] {dagbag.py:545} INFO - Filling up the DagBag from /home/patricia/Documentos/airflow/airflow_venv/lib/python3.10/site-packages/airflow/example_dags/example_branch_day_of_week_operator.py
[2024-05-07T21:05:52.737-0300] {processor.py:840} INFO - DAG(s) 'example_weekday_branch_operator' retrieved from /home/patricia/Documentos/airflow/airflow_venv/lib/python3.10/site-packages/airflow/example_dags/example_branch_day_of_week_operator.py
[2024-05-07T21:05:52.770-0300] {logging_mixin.py:188} INFO - [2024-05-07T21:05:52.770-0300] {dag.py:3096} INFO - Sync 1 DAGs
[2024-05-07T21:05:52.819-0300] {logging_mixin.py:188} INFO - [2024-05-07T21:05:52.819-0300] {dag.py:3954} INFO - Setting next_dagrun for example_weekday_branch_operator to 2024-05-07 00:00:00+00:00, run_after=2024-05-08 00:00:00+00:00
[2024-05-07T21:05:52.864-0300] {processor.py:183} INFO - Processing /home/patricia/Documentos/airflow/airflow_venv/lib/python3.10/site-packages/airflow/example_dags/example_branch_day_of_week_operator.py took 0.185 seconds
