[2024-05-07T21:00:54.560-0300] {processor.py:161} INFO - Started process (PID=71370) to work on /home/patricia/Documentos/airflow/airflow_venv/lib/python3.10/site-packages/airflow/example_dags/example_latest_only_with_trigger.py
[2024-05-07T21:00:54.564-0300] {processor.py:830} INFO - Processing file /home/patricia/Documentos/airflow/airflow_venv/lib/python3.10/site-packages/airflow/example_dags/example_latest_only_with_trigger.py for tasks to queue
[2024-05-07T21:00:54.570-0300] {logging_mixin.py:188} INFO - [2024-05-07T21:00:54.567-0300] {dagbag.py:545} INFO - Filling up the DagBag from /home/patricia/Documentos/airflow/airflow_venv/lib/python3.10/site-packages/airflow/example_dags/example_latest_only_with_trigger.py
[2024-05-07T21:00:54.590-0300] {processor.py:840} INFO - DAG(s) 'latest_only_with_trigger' retrieved from /home/patricia/Documentos/airflow/airflow_venv/lib/python3.10/site-packages/airflow/example_dags/example_latest_only_with_trigger.py
[2024-05-07T21:00:54.673-0300] {logging_mixin.py:188} INFO - [2024-05-07T21:00:54.672-0300] {dag.py:3096} INFO - Sync 1 DAGs
[2024-05-07T21:00:54.748-0300] {logging_mixin.py:188} INFO - [2024-05-07T21:00:54.747-0300] {dag.py:3954} INFO - Setting next_dagrun for latest_only_with_trigger to 2024-05-07 20:00:00+00:00, run_after=2024-05-08 00:00:00+00:00
[2024-05-07T21:00:54.909-0300] {processor.py:183} INFO - Processing /home/patricia/Documentos/airflow/airflow_venv/lib/python3.10/site-packages/airflow/example_dags/example_latest_only_with_trigger.py took 0.418 seconds
[2024-05-07T21:02:14.926-0300] {processor.py:161} INFO - Started process (PID=71499) to work on /home/patricia/Documentos/airflow/airflow_venv/lib/python3.10/site-packages/airflow/example_dags/example_latest_only_with_trigger.py
[2024-05-07T21:02:14.930-0300] {processor.py:830} INFO - Processing file /home/patricia/Documentos/airflow/airflow_venv/lib/python3.10/site-packages/airflow/example_dags/example_latest_only_with_trigger.py for tasks to queue
[2024-05-07T21:02:14.935-0300] {logging_mixin.py:188} INFO - [2024-05-07T21:02:14.934-0300] {dagbag.py:545} INFO - Filling up the DagBag from /home/patricia/Documentos/airflow/airflow_venv/lib/python3.10/site-packages/airflow/example_dags/example_latest_only_with_trigger.py
[2024-05-07T21:02:14.966-0300] {processor.py:840} INFO - DAG(s) 'latest_only_with_trigger' retrieved from /home/patricia/Documentos/airflow/airflow_venv/lib/python3.10/site-packages/airflow/example_dags/example_latest_only_with_trigger.py
[2024-05-07T21:02:15.028-0300] {logging_mixin.py:188} INFO - [2024-05-07T21:02:15.028-0300] {dag.py:3096} INFO - Sync 1 DAGs
[2024-05-07T21:02:15.127-0300] {logging_mixin.py:188} INFO - [2024-05-07T21:02:15.127-0300] {dag.py:3954} INFO - Setting next_dagrun for latest_only_with_trigger to 2024-05-07 20:00:00+00:00, run_after=2024-05-08 00:00:00+00:00
[2024-05-07T21:02:15.234-0300] {processor.py:183} INFO - Processing /home/patricia/Documentos/airflow/airflow_venv/lib/python3.10/site-packages/airflow/example_dags/example_latest_only_with_trigger.py took 0.373 seconds
[2024-05-07T21:03:40.478-0300] {processor.py:161} INFO - Started process (PID=71637) to work on /home/patricia/Documentos/airflow/airflow_venv/lib/python3.10/site-packages/airflow/example_dags/example_latest_only_with_trigger.py
[2024-05-07T21:03:40.483-0300] {processor.py:830} INFO - Processing file /home/patricia/Documentos/airflow/airflow_venv/lib/python3.10/site-packages/airflow/example_dags/example_latest_only_with_trigger.py for tasks to queue
[2024-05-07T21:03:40.486-0300] {logging_mixin.py:188} INFO - [2024-05-07T21:03:40.485-0300] {dagbag.py:545} INFO - Filling up the DagBag from /home/patricia/Documentos/airflow/airflow_venv/lib/python3.10/site-packages/airflow/example_dags/example_latest_only_with_trigger.py
[2024-05-07T21:03:40.495-0300] {processor.py:840} INFO - DAG(s) 'latest_only_with_trigger' retrieved from /home/patricia/Documentos/airflow/airflow_venv/lib/python3.10/site-packages/airflow/example_dags/example_latest_only_with_trigger.py
[2024-05-07T21:03:40.559-0300] {logging_mixin.py:188} INFO - [2024-05-07T21:03:40.559-0300] {dag.py:3096} INFO - Sync 1 DAGs
[2024-05-07T21:03:40.586-0300] {logging_mixin.py:188} INFO - [2024-05-07T21:03:40.585-0300] {dag.py:3954} INFO - Setting next_dagrun for latest_only_with_trigger to 2024-05-07 20:00:00+00:00, run_after=2024-05-08 00:00:00+00:00
[2024-05-07T21:03:40.627-0300] {processor.py:183} INFO - Processing /home/patricia/Documentos/airflow/airflow_venv/lib/python3.10/site-packages/airflow/example_dags/example_latest_only_with_trigger.py took 0.197 seconds
[2024-05-07T21:05:19.139-0300] {processor.py:161} INFO - Started process (PID=71798) to work on /home/patricia/Documentos/airflow/airflow_venv/lib/python3.10/site-packages/airflow/example_dags/example_latest_only_with_trigger.py
[2024-05-07T21:05:19.142-0300] {processor.py:830} INFO - Processing file /home/patricia/Documentos/airflow/airflow_venv/lib/python3.10/site-packages/airflow/example_dags/example_latest_only_with_trigger.py for tasks to queue
[2024-05-07T21:05:19.146-0300] {logging_mixin.py:188} INFO - [2024-05-07T21:05:19.145-0300] {dagbag.py:545} INFO - Filling up the DagBag from /home/patricia/Documentos/airflow/airflow_venv/lib/python3.10/site-packages/airflow/example_dags/example_latest_only_with_trigger.py
[2024-05-07T21:05:19.155-0300] {processor.py:840} INFO - DAG(s) 'latest_only_with_trigger' retrieved from /home/patricia/Documentos/airflow/airflow_venv/lib/python3.10/site-packages/airflow/example_dags/example_latest_only_with_trigger.py
[2024-05-07T21:05:19.206-0300] {logging_mixin.py:188} INFO - [2024-05-07T21:05:19.206-0300] {dag.py:3096} INFO - Sync 1 DAGs
[2024-05-07T21:05:19.250-0300] {logging_mixin.py:188} INFO - [2024-05-07T21:05:19.249-0300] {dag.py:3954} INFO - Setting next_dagrun for latest_only_with_trigger to 2024-05-07 20:00:00+00:00, run_after=2024-05-08 00:00:00+00:00
[2024-05-07T21:05:19.402-0300] {processor.py:183} INFO - Processing /home/patricia/Documentos/airflow/airflow_venv/lib/python3.10/site-packages/airflow/example_dags/example_latest_only_with_trigger.py took 0.277 seconds
