[2024-05-07T21:00:10.752-0300] {processor.py:161} INFO - Started process (PID=71295) to work on /home/patricia/Documentos/airflow/airflow_venv/lib/python3.10/site-packages/airflow/example_dags/example_dag_decorator.py
[2024-05-07T21:00:10.754-0300] {processor.py:830} INFO - Processing file /home/patricia/Documentos/airflow/airflow_venv/lib/python3.10/site-packages/airflow/example_dags/example_dag_decorator.py for tasks to queue
[2024-05-07T21:00:10.770-0300] {logging_mixin.py:188} INFO - [2024-05-07T21:00:10.769-0300] {dagbag.py:545} INFO - Filling up the DagBag from /home/patricia/Documentos/airflow/airflow_venv/lib/python3.10/site-packages/airflow/example_dags/example_dag_decorator.py
[2024-05-07T21:00:11.123-0300] {processor.py:840} INFO - DAG(s) 'example_dag_decorator' retrieved from /home/patricia/Documentos/airflow/airflow_venv/lib/python3.10/site-packages/airflow/example_dags/example_dag_decorator.py
[2024-05-07T21:00:11.637-0300] {logging_mixin.py:188} INFO - [2024-05-07T21:00:11.636-0300] {dag.py:3096} INFO - Sync 1 DAGs
[2024-05-07T21:00:11.659-0300] {logging_mixin.py:188} INFO - [2024-05-07T21:00:11.659-0300] {dag.py:3954} INFO - Setting next_dagrun for example_dag_decorator to None, run_after=None
[2024-05-07T21:00:11.788-0300] {processor.py:183} INFO - Processing /home/patricia/Documentos/airflow/airflow_venv/lib/python3.10/site-packages/airflow/example_dags/example_dag_decorator.py took 1.098 seconds
[2024-05-07T21:01:41.519-0300] {processor.py:161} INFO - Started process (PID=71450) to work on /home/patricia/Documentos/airflow/airflow_venv/lib/python3.10/site-packages/airflow/example_dags/example_dag_decorator.py
[2024-05-07T21:01:41.522-0300] {processor.py:830} INFO - Processing file /home/patricia/Documentos/airflow/airflow_venv/lib/python3.10/site-packages/airflow/example_dags/example_dag_decorator.py for tasks to queue
[2024-05-07T21:01:41.524-0300] {logging_mixin.py:188} INFO - [2024-05-07T21:01:41.523-0300] {dagbag.py:545} INFO - Filling up the DagBag from /home/patricia/Documentos/airflow/airflow_venv/lib/python3.10/site-packages/airflow/example_dags/example_dag_decorator.py
[2024-05-07T21:01:41.631-0300] {processor.py:840} INFO - DAG(s) 'example_dag_decorator' retrieved from /home/patricia/Documentos/airflow/airflow_venv/lib/python3.10/site-packages/airflow/example_dags/example_dag_decorator.py
[2024-05-07T21:01:41.654-0300] {logging_mixin.py:188} INFO - [2024-05-07T21:01:41.654-0300] {dag.py:3096} INFO - Sync 1 DAGs
[2024-05-07T21:01:41.675-0300] {logging_mixin.py:188} INFO - [2024-05-07T21:01:41.674-0300] {dag.py:3954} INFO - Setting next_dagrun for example_dag_decorator to None, run_after=None
[2024-05-07T21:01:41.720-0300] {processor.py:183} INFO - Processing /home/patricia/Documentos/airflow/airflow_venv/lib/python3.10/site-packages/airflow/example_dags/example_dag_decorator.py took 0.211 seconds
[2024-05-07T21:03:03.153-0300] {processor.py:161} INFO - Started process (PID=71580) to work on /home/patricia/Documentos/airflow/airflow_venv/lib/python3.10/site-packages/airflow/example_dags/example_dag_decorator.py
[2024-05-07T21:03:03.160-0300] {processor.py:830} INFO - Processing file /home/patricia/Documentos/airflow/airflow_venv/lib/python3.10/site-packages/airflow/example_dags/example_dag_decorator.py for tasks to queue
[2024-05-07T21:03:03.165-0300] {logging_mixin.py:188} INFO - [2024-05-07T21:03:03.164-0300] {dagbag.py:545} INFO - Filling up the DagBag from /home/patricia/Documentos/airflow/airflow_venv/lib/python3.10/site-packages/airflow/example_dags/example_dag_decorator.py
[2024-05-07T21:03:03.428-0300] {processor.py:840} INFO - DAG(s) 'example_dag_decorator' retrieved from /home/patricia/Documentos/airflow/airflow_venv/lib/python3.10/site-packages/airflow/example_dags/example_dag_decorator.py
[2024-05-07T21:03:04.062-0300] {logging_mixin.py:188} INFO - [2024-05-07T21:03:04.062-0300] {dag.py:3096} INFO - Sync 1 DAGs
[2024-05-07T21:03:04.154-0300] {logging_mixin.py:188} INFO - [2024-05-07T21:03:04.154-0300] {dag.py:3954} INFO - Setting next_dagrun for example_dag_decorator to None, run_after=None
[2024-05-07T21:03:04.302-0300] {processor.py:183} INFO - Processing /home/patricia/Documentos/airflow/airflow_venv/lib/python3.10/site-packages/airflow/example_dags/example_dag_decorator.py took 1.177 seconds
[2024-05-07T21:04:36.126-0300] {processor.py:161} INFO - Started process (PID=71732) to work on /home/patricia/Documentos/airflow/airflow_venv/lib/python3.10/site-packages/airflow/example_dags/example_dag_decorator.py
[2024-05-07T21:04:36.130-0300] {processor.py:830} INFO - Processing file /home/patricia/Documentos/airflow/airflow_venv/lib/python3.10/site-packages/airflow/example_dags/example_dag_decorator.py for tasks to queue
[2024-05-07T21:04:36.138-0300] {logging_mixin.py:188} INFO - [2024-05-07T21:04:36.137-0300] {dagbag.py:545} INFO - Filling up the DagBag from /home/patricia/Documentos/airflow/airflow_venv/lib/python3.10/site-packages/airflow/example_dags/example_dag_decorator.py
[2024-05-07T21:04:36.363-0300] {processor.py:840} INFO - DAG(s) 'example_dag_decorator' retrieved from /home/patricia/Documentos/airflow/airflow_venv/lib/python3.10/site-packages/airflow/example_dags/example_dag_decorator.py
[2024-05-07T21:04:36.773-0300] {logging_mixin.py:188} INFO - [2024-05-07T21:04:36.773-0300] {dag.py:3096} INFO - Sync 1 DAGs
[2024-05-07T21:04:36.807-0300] {logging_mixin.py:188} INFO - [2024-05-07T21:04:36.807-0300] {dag.py:3954} INFO - Setting next_dagrun for example_dag_decorator to None, run_after=None
[2024-05-07T21:04:36.867-0300] {processor.py:183} INFO - Processing /home/patricia/Documentos/airflow/airflow_venv/lib/python3.10/site-packages/airflow/example_dags/example_dag_decorator.py took 0.761 seconds
