[2024-05-07T21:00:32.571-0300] {processor.py:161} INFO - Started process (PID=71332) to work on /home/patricia/Documentos/airflow/airflow_venv/lib/python3.10/site-packages/airflow/example_dags/example_xcom.py
[2024-05-07T21:00:32.573-0300] {processor.py:830} INFO - Processing file /home/patricia/Documentos/airflow/airflow_venv/lib/python3.10/site-packages/airflow/example_dags/example_xcom.py for tasks to queue
[2024-05-07T21:00:32.576-0300] {logging_mixin.py:188} INFO - [2024-05-07T21:00:32.575-0300] {dagbag.py:545} INFO - Filling up the DagBag from /home/patricia/Documentos/airflow/airflow_venv/lib/python3.10/site-packages/airflow/example_dags/example_xcom.py
[2024-05-07T21:00:32.590-0300] {processor.py:840} INFO - DAG(s) 'example_xcom' retrieved from /home/patricia/Documentos/airflow/airflow_venv/lib/python3.10/site-packages/airflow/example_dags/example_xcom.py
[2024-05-07T21:00:32.641-0300] {logging_mixin.py:188} INFO - [2024-05-07T21:00:32.641-0300] {dag.py:3096} INFO - Sync 1 DAGs
[2024-05-07T21:00:32.673-0300] {logging_mixin.py:188} INFO - [2024-05-07T21:00:32.672-0300] {dag.py:3954} INFO - Setting next_dagrun for example_xcom to 2021-01-01 00:00:00+00:00, run_after=2021-01-01 00:00:00+00:00
[2024-05-07T21:00:32.760-0300] {processor.py:183} INFO - Processing /home/patricia/Documentos/airflow/airflow_venv/lib/python3.10/site-packages/airflow/example_dags/example_xcom.py took 0.206 seconds
[2024-05-07T21:01:21.243-0300] {processor.py:161} INFO - Started process (PID=71411) to work on /home/patricia/Documentos/airflow/airflow_venv/lib/python3.10/site-packages/airflow/example_dags/example_xcom.py
[2024-05-07T21:01:21.249-0300] {processor.py:830} INFO - Processing file /home/patricia/Documentos/airflow/airflow_venv/lib/python3.10/site-packages/airflow/example_dags/example_xcom.py for tasks to queue
[2024-05-07T21:01:21.262-0300] {logging_mixin.py:188} INFO - [2024-05-07T21:01:21.256-0300] {dagbag.py:545} INFO - Filling up the DagBag from /home/patricia/Documentos/airflow/airflow_venv/lib/python3.10/site-packages/airflow/example_dags/example_xcom.py
[2024-05-07T21:01:21.274-0300] {processor.py:840} INFO - DAG(s) 'example_xcom' retrieved from /home/patricia/Documentos/airflow/airflow_venv/lib/python3.10/site-packages/airflow/example_dags/example_xcom.py
[2024-05-07T21:01:21.302-0300] {logging_mixin.py:188} INFO - [2024-05-07T21:01:21.302-0300] {dag.py:3096} INFO - Sync 1 DAGs
[2024-05-07T21:01:21.331-0300] {logging_mixin.py:188} INFO - [2024-05-07T21:01:21.330-0300] {dag.py:3954} INFO - Setting next_dagrun for example_xcom to 2021-01-01 00:00:00+00:00, run_after=2021-01-01 00:00:00+00:00
[2024-05-07T21:01:21.414-0300] {processor.py:183} INFO - Processing /home/patricia/Documentos/airflow/airflow_venv/lib/python3.10/site-packages/airflow/example_dags/example_xcom.py took 0.180 seconds
[2024-05-07T21:02:40.936-0300] {processor.py:161} INFO - Started process (PID=71546) to work on /home/patricia/Documentos/airflow/airflow_venv/lib/python3.10/site-packages/airflow/example_dags/example_xcom.py
[2024-05-07T21:02:40.939-0300] {processor.py:830} INFO - Processing file /home/patricia/Documentos/airflow/airflow_venv/lib/python3.10/site-packages/airflow/example_dags/example_xcom.py for tasks to queue
[2024-05-07T21:02:40.944-0300] {logging_mixin.py:188} INFO - [2024-05-07T21:02:40.943-0300] {dagbag.py:545} INFO - Filling up the DagBag from /home/patricia/Documentos/airflow/airflow_venv/lib/python3.10/site-packages/airflow/example_dags/example_xcom.py
[2024-05-07T21:02:40.956-0300] {processor.py:840} INFO - DAG(s) 'example_xcom' retrieved from /home/patricia/Documentos/airflow/airflow_venv/lib/python3.10/site-packages/airflow/example_dags/example_xcom.py
[2024-05-07T21:02:41.000-0300] {logging_mixin.py:188} INFO - [2024-05-07T21:02:40.999-0300] {dag.py:3096} INFO - Sync 1 DAGs
[2024-05-07T21:02:41.040-0300] {logging_mixin.py:188} INFO - [2024-05-07T21:02:41.039-0300] {dag.py:3954} INFO - Setting next_dagrun for example_xcom to 2021-01-01 00:00:00+00:00, run_after=2021-01-01 00:00:00+00:00
[2024-05-07T21:02:41.151-0300] {processor.py:183} INFO - Processing /home/patricia/Documentos/airflow/airflow_venv/lib/python3.10/site-packages/airflow/example_dags/example_xcom.py took 0.226 seconds
[2024-05-07T21:03:25.021-0300] {processor.py:161} INFO - Started process (PID=71613) to work on /home/patricia/Documentos/airflow/airflow_venv/lib/python3.10/site-packages/airflow/example_dags/example_xcom.py
[2024-05-07T21:03:25.025-0300] {processor.py:830} INFO - Processing file /home/patricia/Documentos/airflow/airflow_venv/lib/python3.10/site-packages/airflow/example_dags/example_xcom.py for tasks to queue
[2024-05-07T21:03:25.029-0300] {logging_mixin.py:188} INFO - [2024-05-07T21:03:25.028-0300] {dagbag.py:545} INFO - Filling up the DagBag from /home/patricia/Documentos/airflow/airflow_venv/lib/python3.10/site-packages/airflow/example_dags/example_xcom.py
[2024-05-07T21:03:25.042-0300] {processor.py:840} INFO - DAG(s) 'example_xcom' retrieved from /home/patricia/Documentos/airflow/airflow_venv/lib/python3.10/site-packages/airflow/example_dags/example_xcom.py
[2024-05-07T21:03:25.067-0300] {logging_mixin.py:188} INFO - [2024-05-07T21:03:25.067-0300] {dag.py:3096} INFO - Sync 1 DAGs
[2024-05-07T21:03:25.106-0300] {logging_mixin.py:188} INFO - [2024-05-07T21:03:25.106-0300] {dag.py:3954} INFO - Setting next_dagrun for example_xcom to 2021-01-01 00:00:00+00:00, run_after=2021-01-01 00:00:00+00:00
[2024-05-07T21:03:25.171-0300] {processor.py:183} INFO - Processing /home/patricia/Documentos/airflow/airflow_venv/lib/python3.10/site-packages/airflow/example_dags/example_xcom.py took 0.176 seconds
[2024-05-07T21:04:57.126-0300] {processor.py:161} INFO - Started process (PID=71766) to work on /home/patricia/Documentos/airflow/airflow_venv/lib/python3.10/site-packages/airflow/example_dags/example_xcom.py
[2024-05-07T21:04:57.129-0300] {processor.py:830} INFO - Processing file /home/patricia/Documentos/airflow/airflow_venv/lib/python3.10/site-packages/airflow/example_dags/example_xcom.py for tasks to queue
[2024-05-07T21:04:57.132-0300] {logging_mixin.py:188} INFO - [2024-05-07T21:04:57.132-0300] {dagbag.py:545} INFO - Filling up the DagBag from /home/patricia/Documentos/airflow/airflow_venv/lib/python3.10/site-packages/airflow/example_dags/example_xcom.py
[2024-05-07T21:04:57.174-0300] {processor.py:840} INFO - DAG(s) 'example_xcom' retrieved from /home/patricia/Documentos/airflow/airflow_venv/lib/python3.10/site-packages/airflow/example_dags/example_xcom.py
[2024-05-07T21:04:57.212-0300] {logging_mixin.py:188} INFO - [2024-05-07T21:04:57.211-0300] {dag.py:3096} INFO - Sync 1 DAGs
[2024-05-07T21:04:57.244-0300] {logging_mixin.py:188} INFO - [2024-05-07T21:04:57.244-0300] {dag.py:3954} INFO - Setting next_dagrun for example_xcom to 2021-01-01 00:00:00+00:00, run_after=2021-01-01 00:00:00+00:00
[2024-05-07T21:04:57.390-0300] {processor.py:183} INFO - Processing /home/patricia/Documentos/airflow/airflow_venv/lib/python3.10/site-packages/airflow/example_dags/example_xcom.py took 0.279 seconds
[2024-05-07T21:05:43.027-0300] {processor.py:161} INFO - Started process (PID=71839) to work on /home/patricia/Documentos/airflow/airflow_venv/lib/python3.10/site-packages/airflow/example_dags/example_xcom.py
[2024-05-07T21:05:43.031-0300] {processor.py:830} INFO - Processing file /home/patricia/Documentos/airflow/airflow_venv/lib/python3.10/site-packages/airflow/example_dags/example_xcom.py for tasks to queue
[2024-05-07T21:05:43.044-0300] {logging_mixin.py:188} INFO - [2024-05-07T21:05:43.043-0300] {dagbag.py:545} INFO - Filling up the DagBag from /home/patricia/Documentos/airflow/airflow_venv/lib/python3.10/site-packages/airflow/example_dags/example_xcom.py
[2024-05-07T21:05:43.071-0300] {processor.py:840} INFO - DAG(s) 'example_xcom' retrieved from /home/patricia/Documentos/airflow/airflow_venv/lib/python3.10/site-packages/airflow/example_dags/example_xcom.py
[2024-05-07T21:05:43.111-0300] {logging_mixin.py:188} INFO - [2024-05-07T21:05:43.111-0300] {dag.py:3096} INFO - Sync 1 DAGs
[2024-05-07T21:05:43.156-0300] {logging_mixin.py:188} INFO - [2024-05-07T21:05:43.155-0300] {dag.py:3954} INFO - Setting next_dagrun for example_xcom to 2021-01-01 00:00:00+00:00, run_after=2021-01-01 00:00:00+00:00
[2024-05-07T21:05:43.227-0300] {processor.py:183} INFO - Processing /home/patricia/Documentos/airflow/airflow_venv/lib/python3.10/site-packages/airflow/example_dags/example_xcom.py took 0.237 seconds
