[2024-05-07T21:01:08.770-0300] {processor.py:161} INFO - Started process (PID=71389) to work on /home/patricia/Documentos/airflow/airflow_venv/lib/python3.10/site-packages/airflow/example_dags/example_bash_decorator.py
[2024-05-07T21:01:08.772-0300] {processor.py:830} INFO - Processing file /home/patricia/Documentos/airflow/airflow_venv/lib/python3.10/site-packages/airflow/example_dags/example_bash_decorator.py for tasks to queue
[2024-05-07T21:01:08.779-0300] {logging_mixin.py:188} INFO - [2024-05-07T21:01:08.779-0300] {dagbag.py:545} INFO - Filling up the DagBag from /home/patricia/Documentos/airflow/airflow_venv/lib/python3.10/site-packages/airflow/example_dags/example_bash_decorator.py
[2024-05-07T21:01:08.823-0300] {processor.py:840} INFO - DAG(s) 'example_bash_decorator' retrieved from /home/patricia/Documentos/airflow/airflow_venv/lib/python3.10/site-packages/airflow/example_dags/example_bash_decorator.py
[2024-05-07T21:01:08.869-0300] {logging_mixin.py:188} INFO - [2024-05-07T21:01:08.868-0300] {dag.py:3096} INFO - Sync 1 DAGs
[2024-05-07T21:01:08.953-0300] {logging_mixin.py:188} INFO - [2024-05-07T21:01:08.952-0300] {dag.py:3954} INFO - Setting next_dagrun for example_bash_decorator to None, run_after=None
[2024-05-07T21:01:09.039-0300] {processor.py:183} INFO - Processing /home/patricia/Documentos/airflow/airflow_venv/lib/python3.10/site-packages/airflow/example_dags/example_bash_decorator.py took 0.312 seconds
[2024-05-07T21:02:27.568-0300] {processor.py:161} INFO - Started process (PID=71517) to work on /home/patricia/Documentos/airflow/airflow_venv/lib/python3.10/site-packages/airflow/example_dags/example_bash_decorator.py
[2024-05-07T21:02:27.571-0300] {processor.py:830} INFO - Processing file /home/patricia/Documentos/airflow/airflow_venv/lib/python3.10/site-packages/airflow/example_dags/example_bash_decorator.py for tasks to queue
[2024-05-07T21:02:27.575-0300] {logging_mixin.py:188} INFO - [2024-05-07T21:02:27.574-0300] {dagbag.py:545} INFO - Filling up the DagBag from /home/patricia/Documentos/airflow/airflow_venv/lib/python3.10/site-packages/airflow/example_dags/example_bash_decorator.py
[2024-05-07T21:02:27.621-0300] {processor.py:840} INFO - DAG(s) 'example_bash_decorator' retrieved from /home/patricia/Documentos/airflow/airflow_venv/lib/python3.10/site-packages/airflow/example_dags/example_bash_decorator.py
[2024-05-07T21:02:27.715-0300] {logging_mixin.py:188} INFO - [2024-05-07T21:02:27.715-0300] {dag.py:3096} INFO - Sync 1 DAGs
[2024-05-07T21:02:27.742-0300] {logging_mixin.py:188} INFO - [2024-05-07T21:02:27.742-0300] {dag.py:3954} INFO - Setting next_dagrun for example_bash_decorator to None, run_after=None
[2024-05-07T21:02:27.899-0300] {processor.py:183} INFO - Processing /home/patricia/Documentos/airflow/airflow_venv/lib/python3.10/site-packages/airflow/example_dags/example_bash_decorator.py took 0.356 seconds
[2024-05-07T21:03:51.867-0300] {processor.py:161} INFO - Started process (PID=71661) to work on /home/patricia/Documentos/airflow/airflow_venv/lib/python3.10/site-packages/airflow/example_dags/example_bash_decorator.py
[2024-05-07T21:03:51.877-0300] {processor.py:830} INFO - Processing file /home/patricia/Documentos/airflow/airflow_venv/lib/python3.10/site-packages/airflow/example_dags/example_bash_decorator.py for tasks to queue
[2024-05-07T21:03:51.883-0300] {logging_mixin.py:188} INFO - [2024-05-07T21:03:51.882-0300] {dagbag.py:545} INFO - Filling up the DagBag from /home/patricia/Documentos/airflow/airflow_venv/lib/python3.10/site-packages/airflow/example_dags/example_bash_decorator.py
[2024-05-07T21:03:51.927-0300] {processor.py:840} INFO - DAG(s) 'example_bash_decorator' retrieved from /home/patricia/Documentos/airflow/airflow_venv/lib/python3.10/site-packages/airflow/example_dags/example_bash_decorator.py
[2024-05-07T21:03:51.993-0300] {logging_mixin.py:188} INFO - [2024-05-07T21:03:51.992-0300] {dag.py:3096} INFO - Sync 1 DAGs
[2024-05-07T21:03:52.009-0300] {logging_mixin.py:188} INFO - [2024-05-07T21:03:52.009-0300] {dag.py:3954} INFO - Setting next_dagrun for example_bash_decorator to None, run_after=None
[2024-05-07T21:03:52.084-0300] {processor.py:183} INFO - Processing /home/patricia/Documentos/airflow/airflow_venv/lib/python3.10/site-packages/airflow/example_dags/example_bash_decorator.py took 0.248 seconds
[2024-05-07T21:05:29.867-0300] {processor.py:161} INFO - Started process (PID=71818) to work on /home/patricia/Documentos/airflow/airflow_venv/lib/python3.10/site-packages/airflow/example_dags/example_bash_decorator.py
[2024-05-07T21:05:29.870-0300] {processor.py:830} INFO - Processing file /home/patricia/Documentos/airflow/airflow_venv/lib/python3.10/site-packages/airflow/example_dags/example_bash_decorator.py for tasks to queue
[2024-05-07T21:05:29.883-0300] {logging_mixin.py:188} INFO - [2024-05-07T21:05:29.880-0300] {dagbag.py:545} INFO - Filling up the DagBag from /home/patricia/Documentos/airflow/airflow_venv/lib/python3.10/site-packages/airflow/example_dags/example_bash_decorator.py
[2024-05-07T21:05:29.906-0300] {processor.py:840} INFO - DAG(s) 'example_bash_decorator' retrieved from /home/patricia/Documentos/airflow/airflow_venv/lib/python3.10/site-packages/airflow/example_dags/example_bash_decorator.py
[2024-05-07T21:05:29.958-0300] {logging_mixin.py:188} INFO - [2024-05-07T21:05:29.957-0300] {dag.py:3096} INFO - Sync 1 DAGs
[2024-05-07T21:05:29.989-0300] {logging_mixin.py:188} INFO - [2024-05-07T21:05:29.989-0300] {dag.py:3954} INFO - Setting next_dagrun for example_bash_decorator to None, run_after=None
[2024-05-07T21:05:30.105-0300] {processor.py:183} INFO - Processing /home/patricia/Documentos/airflow/airflow_venv/lib/python3.10/site-packages/airflow/example_dags/example_bash_decorator.py took 0.247 seconds
