[2024-05-07T21:01:36.619-0300] {processor.py:161} INFO - Started process (PID=71443) to work on /home/patricia/Documentos/airflow/airflow_venv/lib/python3.10/site-packages/airflow/example_dags/example_params_trigger_ui.py
[2024-05-07T21:01:36.622-0300] {processor.py:830} INFO - Processing file /home/patricia/Documentos/airflow/airflow_venv/lib/python3.10/site-packages/airflow/example_dags/example_params_trigger_ui.py for tasks to queue
[2024-05-07T21:01:36.630-0300] {logging_mixin.py:188} INFO - [2024-05-07T21:01:36.629-0300] {dagbag.py:545} INFO - Filling up the DagBag from /home/patricia/Documentos/airflow/airflow_venv/lib/python3.10/site-packages/airflow/example_dags/example_params_trigger_ui.py
[2024-05-07T21:01:36.679-0300] {processor.py:840} INFO - DAG(s) 'example_params_trigger_ui' retrieved from /home/patricia/Documentos/airflow/airflow_venv/lib/python3.10/site-packages/airflow/example_dags/example_params_trigger_ui.py
[2024-05-07T21:01:36.753-0300] {logging_mixin.py:188} INFO - [2024-05-07T21:01:36.753-0300] {dag.py:3096} INFO - Sync 1 DAGs
[2024-05-07T21:01:36.778-0300] {logging_mixin.py:188} INFO - [2024-05-07T21:01:36.778-0300] {dag.py:3954} INFO - Setting next_dagrun for example_params_trigger_ui to None, run_after=None
[2024-05-07T21:01:36.841-0300] {processor.py:183} INFO - Processing /home/patricia/Documentos/airflow/airflow_venv/lib/python3.10/site-packages/airflow/example_dags/example_params_trigger_ui.py took 0.245 seconds
[2024-05-07T21:02:57.338-0300] {processor.py:161} INFO - Started process (PID=71565) to work on /home/patricia/Documentos/airflow/airflow_venv/lib/python3.10/site-packages/airflow/example_dags/example_params_trigger_ui.py
[2024-05-07T21:02:57.356-0300] {processor.py:830} INFO - Processing file /home/patricia/Documentos/airflow/airflow_venv/lib/python3.10/site-packages/airflow/example_dags/example_params_trigger_ui.py for tasks to queue
[2024-05-07T21:02:57.360-0300] {logging_mixin.py:188} INFO - [2024-05-07T21:02:57.359-0300] {dagbag.py:545} INFO - Filling up the DagBag from /home/patricia/Documentos/airflow/airflow_venv/lib/python3.10/site-packages/airflow/example_dags/example_params_trigger_ui.py
[2024-05-07T21:02:57.388-0300] {processor.py:840} INFO - DAG(s) 'example_params_trigger_ui' retrieved from /home/patricia/Documentos/airflow/airflow_venv/lib/python3.10/site-packages/airflow/example_dags/example_params_trigger_ui.py
[2024-05-07T21:02:57.493-0300] {logging_mixin.py:188} INFO - [2024-05-07T21:02:57.493-0300] {dag.py:3096} INFO - Sync 1 DAGs
[2024-05-07T21:02:57.515-0300] {logging_mixin.py:188} INFO - [2024-05-07T21:02:57.514-0300] {dag.py:3954} INFO - Setting next_dagrun for example_params_trigger_ui to None, run_after=None
[2024-05-07T21:02:57.676-0300] {processor.py:183} INFO - Processing /home/patricia/Documentos/airflow/airflow_venv/lib/python3.10/site-packages/airflow/example_dags/example_params_trigger_ui.py took 0.370 seconds
[2024-05-07T21:04:27.360-0300] {processor.py:161} INFO - Started process (PID=71719) to work on /home/patricia/Documentos/airflow/airflow_venv/lib/python3.10/site-packages/airflow/example_dags/example_params_trigger_ui.py
[2024-05-07T21:04:27.472-0300] {processor.py:830} INFO - Processing file /home/patricia/Documentos/airflow/airflow_venv/lib/python3.10/site-packages/airflow/example_dags/example_params_trigger_ui.py for tasks to queue
[2024-05-07T21:04:27.497-0300] {logging_mixin.py:188} INFO - [2024-05-07T21:04:27.497-0300] {dagbag.py:545} INFO - Filling up the DagBag from /home/patricia/Documentos/airflow/airflow_venv/lib/python3.10/site-packages/airflow/example_dags/example_params_trigger_ui.py
[2024-05-07T21:04:27.529-0300] {processor.py:840} INFO - DAG(s) 'example_params_trigger_ui' retrieved from /home/patricia/Documentos/airflow/airflow_venv/lib/python3.10/site-packages/airflow/example_dags/example_params_trigger_ui.py
[2024-05-07T21:04:27.651-0300] {logging_mixin.py:188} INFO - [2024-05-07T21:04:27.640-0300] {dag.py:3096} INFO - Sync 1 DAGs
[2024-05-07T21:04:27.685-0300] {logging_mixin.py:188} INFO - [2024-05-07T21:04:27.685-0300] {dag.py:3954} INFO - Setting next_dagrun for example_params_trigger_ui to None, run_after=None
[2024-05-07T21:04:27.990-0300] {processor.py:183} INFO - Processing /home/patricia/Documentos/airflow/airflow_venv/lib/python3.10/site-packages/airflow/example_dags/example_params_trigger_ui.py took 0.647 seconds
[2024-05-07T21:05:54.036-0300] {processor.py:161} INFO - Started process (PID=71859) to work on /home/patricia/Documentos/airflow/airflow_venv/lib/python3.10/site-packages/airflow/example_dags/example_params_trigger_ui.py
[2024-05-07T21:05:54.039-0300] {processor.py:830} INFO - Processing file /home/patricia/Documentos/airflow/airflow_venv/lib/python3.10/site-packages/airflow/example_dags/example_params_trigger_ui.py for tasks to queue
[2024-05-07T21:05:54.043-0300] {logging_mixin.py:188} INFO - [2024-05-07T21:05:54.042-0300] {dagbag.py:545} INFO - Filling up the DagBag from /home/patricia/Documentos/airflow/airflow_venv/lib/python3.10/site-packages/airflow/example_dags/example_params_trigger_ui.py
[2024-05-07T21:05:54.095-0300] {processor.py:840} INFO - DAG(s) 'example_params_trigger_ui' retrieved from /home/patricia/Documentos/airflow/airflow_venv/lib/python3.10/site-packages/airflow/example_dags/example_params_trigger_ui.py
[2024-05-07T21:05:54.242-0300] {logging_mixin.py:188} INFO - [2024-05-07T21:05:54.242-0300] {dag.py:3096} INFO - Sync 1 DAGs
[2024-05-07T21:05:54.262-0300] {logging_mixin.py:188} INFO - [2024-05-07T21:05:54.262-0300] {dag.py:3954} INFO - Setting next_dagrun for example_params_trigger_ui to None, run_after=None
[2024-05-07T21:05:54.314-0300] {processor.py:183} INFO - Processing /home/patricia/Documentos/airflow/airflow_venv/lib/python3.10/site-packages/airflow/example_dags/example_params_trigger_ui.py took 0.292 seconds
