[2024-05-07T21:00:00.795-0300] {processor.py:161} INFO - Started process (PID=71279) to work on /home/patricia/Documentos/airflow/airflow_venv/lib/python3.10/site-packages/airflow/example_dags/example_nested_branch_dag.py
[2024-05-07T21:00:00.796-0300] {processor.py:830} INFO - Processing file /home/patricia/Documentos/airflow/airflow_venv/lib/python3.10/site-packages/airflow/example_dags/example_nested_branch_dag.py for tasks to queue
[2024-05-07T21:00:00.804-0300] {logging_mixin.py:188} INFO - [2024-05-07T21:00:00.804-0300] {dagbag.py:545} INFO - Filling up the DagBag from /home/patricia/Documentos/airflow/airflow_venv/lib/python3.10/site-packages/airflow/example_dags/example_nested_branch_dag.py
[2024-05-07T21:00:00.837-0300] {processor.py:840} INFO - DAG(s) 'example_nested_branch_dag' retrieved from /home/patricia/Documentos/airflow/airflow_venv/lib/python3.10/site-packages/airflow/example_dags/example_nested_branch_dag.py
[2024-05-07T21:00:00.921-0300] {logging_mixin.py:188} INFO - [2024-05-07T21:00:00.918-0300] {dag.py:3096} INFO - Sync 1 DAGs
[2024-05-07T21:00:00.989-0300] {logging_mixin.py:188} INFO - [2024-05-07T21:00:00.988-0300] {dag.py:3954} INFO - Setting next_dagrun for example_nested_branch_dag to 2024-05-07 00:00:00+00:00, run_after=2024-05-08 00:00:00+00:00
[2024-05-07T21:00:01.121-0300] {processor.py:183} INFO - Processing /home/patricia/Documentos/airflow/airflow_venv/lib/python3.10/site-packages/airflow/example_dags/example_nested_branch_dag.py took 0.346 seconds
[2024-05-07T21:01:37.997-0300] {processor.py:161} INFO - Started process (PID=71444) to work on /home/patricia/Documentos/airflow/airflow_venv/lib/python3.10/site-packages/airflow/example_dags/example_nested_branch_dag.py
[2024-05-07T21:01:38.008-0300] {processor.py:830} INFO - Processing file /home/patricia/Documentos/airflow/airflow_venv/lib/python3.10/site-packages/airflow/example_dags/example_nested_branch_dag.py for tasks to queue
[2024-05-07T21:01:38.010-0300] {logging_mixin.py:188} INFO - [2024-05-07T21:01:38.010-0300] {dagbag.py:545} INFO - Filling up the DagBag from /home/patricia/Documentos/airflow/airflow_venv/lib/python3.10/site-packages/airflow/example_dags/example_nested_branch_dag.py
[2024-05-07T21:01:38.063-0300] {processor.py:840} INFO - DAG(s) 'example_nested_branch_dag' retrieved from /home/patricia/Documentos/airflow/airflow_venv/lib/python3.10/site-packages/airflow/example_dags/example_nested_branch_dag.py
[2024-05-07T21:01:38.090-0300] {logging_mixin.py:188} INFO - [2024-05-07T21:01:38.090-0300] {dag.py:3096} INFO - Sync 1 DAGs
[2024-05-07T21:01:38.117-0300] {logging_mixin.py:188} INFO - [2024-05-07T21:01:38.116-0300] {dag.py:3954} INFO - Setting next_dagrun for example_nested_branch_dag to 2024-05-07 00:00:00+00:00, run_after=2024-05-08 00:00:00+00:00
[2024-05-07T21:01:38.202-0300] {processor.py:183} INFO - Processing /home/patricia/Documentos/airflow/airflow_venv/lib/python3.10/site-packages/airflow/example_dags/example_nested_branch_dag.py took 0.216 seconds
[2024-05-07T21:02:58.937-0300] {processor.py:161} INFO - Started process (PID=71567) to work on /home/patricia/Documentos/airflow/airflow_venv/lib/python3.10/site-packages/airflow/example_dags/example_nested_branch_dag.py
[2024-05-07T21:02:58.940-0300] {processor.py:830} INFO - Processing file /home/patricia/Documentos/airflow/airflow_venv/lib/python3.10/site-packages/airflow/example_dags/example_nested_branch_dag.py for tasks to queue
[2024-05-07T21:02:58.944-0300] {logging_mixin.py:188} INFO - [2024-05-07T21:02:58.943-0300] {dagbag.py:545} INFO - Filling up the DagBag from /home/patricia/Documentos/airflow/airflow_venv/lib/python3.10/site-packages/airflow/example_dags/example_nested_branch_dag.py
[2024-05-07T21:02:58.967-0300] {processor.py:840} INFO - DAG(s) 'example_nested_branch_dag' retrieved from /home/patricia/Documentos/airflow/airflow_venv/lib/python3.10/site-packages/airflow/example_dags/example_nested_branch_dag.py
[2024-05-07T21:02:59.045-0300] {logging_mixin.py:188} INFO - [2024-05-07T21:02:59.045-0300] {dag.py:3096} INFO - Sync 1 DAGs
[2024-05-07T21:02:59.095-0300] {logging_mixin.py:188} INFO - [2024-05-07T21:02:59.095-0300] {dag.py:3954} INFO - Setting next_dagrun for example_nested_branch_dag to 2024-05-07 00:00:00+00:00, run_after=2024-05-08 00:00:00+00:00
[2024-05-07T21:02:59.212-0300] {processor.py:183} INFO - Processing /home/patricia/Documentos/airflow/airflow_venv/lib/python3.10/site-packages/airflow/example_dags/example_nested_branch_dag.py took 0.310 seconds
[2024-05-07T21:04:29.639-0300] {processor.py:161} INFO - Started process (PID=71722) to work on /home/patricia/Documentos/airflow/airflow_venv/lib/python3.10/site-packages/airflow/example_dags/example_nested_branch_dag.py
[2024-05-07T21:04:29.769-0300] {processor.py:830} INFO - Processing file /home/patricia/Documentos/airflow/airflow_venv/lib/python3.10/site-packages/airflow/example_dags/example_nested_branch_dag.py for tasks to queue
[2024-05-07T21:04:29.778-0300] {logging_mixin.py:188} INFO - [2024-05-07T21:04:29.775-0300] {dagbag.py:545} INFO - Filling up the DagBag from /home/patricia/Documentos/airflow/airflow_venv/lib/python3.10/site-packages/airflow/example_dags/example_nested_branch_dag.py
[2024-05-07T21:04:29.812-0300] {processor.py:840} INFO - DAG(s) 'example_nested_branch_dag' retrieved from /home/patricia/Documentos/airflow/airflow_venv/lib/python3.10/site-packages/airflow/example_dags/example_nested_branch_dag.py
[2024-05-07T21:04:29.857-0300] {logging_mixin.py:188} INFO - [2024-05-07T21:04:29.857-0300] {dag.py:3096} INFO - Sync 1 DAGs
[2024-05-07T21:04:29.928-0300] {logging_mixin.py:188} INFO - [2024-05-07T21:04:29.927-0300] {dag.py:3954} INFO - Setting next_dagrun for example_nested_branch_dag to 2024-05-07 00:00:00+00:00, run_after=2024-05-08 00:00:00+00:00
[2024-05-07T21:04:30.627-0300] {processor.py:183} INFO - Processing /home/patricia/Documentos/airflow/airflow_venv/lib/python3.10/site-packages/airflow/example_dags/example_nested_branch_dag.py took 0.998 seconds
[2024-05-07T21:05:55.468-0300] {processor.py:161} INFO - Started process (PID=71867) to work on /home/patricia/Documentos/airflow/airflow_venv/lib/python3.10/site-packages/airflow/example_dags/example_nested_branch_dag.py
[2024-05-07T21:05:55.472-0300] {processor.py:830} INFO - Processing file /home/patricia/Documentos/airflow/airflow_venv/lib/python3.10/site-packages/airflow/example_dags/example_nested_branch_dag.py for tasks to queue
[2024-05-07T21:05:55.475-0300] {logging_mixin.py:188} INFO - [2024-05-07T21:05:55.474-0300] {dagbag.py:545} INFO - Filling up the DagBag from /home/patricia/Documentos/airflow/airflow_venv/lib/python3.10/site-packages/airflow/example_dags/example_nested_branch_dag.py
[2024-05-07T21:05:55.517-0300] {processor.py:840} INFO - DAG(s) 'example_nested_branch_dag' retrieved from /home/patricia/Documentos/airflow/airflow_venv/lib/python3.10/site-packages/airflow/example_dags/example_nested_branch_dag.py
[2024-05-07T21:05:55.563-0300] {logging_mixin.py:188} INFO - [2024-05-07T21:05:55.563-0300] {dag.py:3096} INFO - Sync 1 DAGs
[2024-05-07T21:05:55.618-0300] {logging_mixin.py:188} INFO - [2024-05-07T21:05:55.617-0300] {dag.py:3954} INFO - Setting next_dagrun for example_nested_branch_dag to 2024-05-07 00:00:00+00:00, run_after=2024-05-08 00:00:00+00:00
[2024-05-07T21:05:55.683-0300] {processor.py:183} INFO - Processing /home/patricia/Documentos/airflow/airflow_venv/lib/python3.10/site-packages/airflow/example_dags/example_nested_branch_dag.py took 0.231 seconds
