[2024-05-07T21:00:20.686-0300] {processor.py:161} INFO - Started process (PID=71315) to work on /home/patricia/Documentos/airflow/airflow_venv/lib/python3.10/site-packages/airflow/example_dags/example_branch_operator_decorator.py
[2024-05-07T21:00:20.688-0300] {processor.py:830} INFO - Processing file /home/patricia/Documentos/airflow/airflow_venv/lib/python3.10/site-packages/airflow/example_dags/example_branch_operator_decorator.py for tasks to queue
[2024-05-07T21:00:20.691-0300] {logging_mixin.py:188} INFO - [2024-05-07T21:00:20.690-0300] {dagbag.py:545} INFO - Filling up the DagBag from /home/patricia/Documentos/airflow/airflow_venv/lib/python3.10/site-packages/airflow/example_dags/example_branch_operator_decorator.py
[2024-05-07T21:00:20.755-0300] {processor.py:840} INFO - DAG(s) 'example_branch_python_operator_decorator' retrieved from /home/patricia/Documentos/airflow/airflow_venv/lib/python3.10/site-packages/airflow/example_dags/example_branch_operator_decorator.py
[2024-05-07T21:00:20.783-0300] {logging_mixin.py:188} INFO - [2024-05-07T21:00:20.783-0300] {dag.py:3096} INFO - Sync 1 DAGs
[2024-05-07T21:00:20.815-0300] {logging_mixin.py:188} INFO - [2024-05-07T21:00:20.814-0300] {dag.py:3954} INFO - Setting next_dagrun for example_branch_python_operator_decorator to 2024-05-07 00:00:00+00:00, run_after=2024-05-08 00:00:00+00:00
[2024-05-07T21:00:20.892-0300] {processor.py:183} INFO - Processing /home/patricia/Documentos/airflow/airflow_venv/lib/python3.10/site-packages/airflow/example_dags/example_branch_operator_decorator.py took 0.223 seconds
[2024-05-07T21:01:49.630-0300] {processor.py:161} INFO - Started process (PID=71464) to work on /home/patricia/Documentos/airflow/airflow_venv/lib/python3.10/site-packages/airflow/example_dags/example_branch_operator_decorator.py
[2024-05-07T21:01:49.633-0300] {processor.py:830} INFO - Processing file /home/patricia/Documentos/airflow/airflow_venv/lib/python3.10/site-packages/airflow/example_dags/example_branch_operator_decorator.py for tasks to queue
[2024-05-07T21:01:49.637-0300] {logging_mixin.py:188} INFO - [2024-05-07T21:01:49.636-0300] {dagbag.py:545} INFO - Filling up the DagBag from /home/patricia/Documentos/airflow/airflow_venv/lib/python3.10/site-packages/airflow/example_dags/example_branch_operator_decorator.py
[2024-05-07T21:01:49.678-0300] {processor.py:840} INFO - DAG(s) 'example_branch_python_operator_decorator' retrieved from /home/patricia/Documentos/airflow/airflow_venv/lib/python3.10/site-packages/airflow/example_dags/example_branch_operator_decorator.py
[2024-05-07T21:01:49.720-0300] {logging_mixin.py:188} INFO - [2024-05-07T21:01:49.719-0300] {dag.py:3096} INFO - Sync 1 DAGs
[2024-05-07T21:01:49.767-0300] {logging_mixin.py:188} INFO - [2024-05-07T21:01:49.767-0300] {dag.py:3954} INFO - Setting next_dagrun for example_branch_python_operator_decorator to 2024-05-07 00:00:00+00:00, run_after=2024-05-08 00:00:00+00:00
[2024-05-07T21:01:49.838-0300] {processor.py:183} INFO - Processing /home/patricia/Documentos/airflow/airflow_venv/lib/python3.10/site-packages/airflow/example_dags/example_branch_operator_decorator.py took 0.224 seconds
[2024-05-07T21:03:12.658-0300] {processor.py:161} INFO - Started process (PID=71588) to work on /home/patricia/Documentos/airflow/airflow_venv/lib/python3.10/site-packages/airflow/example_dags/example_branch_operator_decorator.py
[2024-05-07T21:03:12.660-0300] {processor.py:830} INFO - Processing file /home/patricia/Documentos/airflow/airflow_venv/lib/python3.10/site-packages/airflow/example_dags/example_branch_operator_decorator.py for tasks to queue
[2024-05-07T21:03:12.663-0300] {logging_mixin.py:188} INFO - [2024-05-07T21:03:12.662-0300] {dagbag.py:545} INFO - Filling up the DagBag from /home/patricia/Documentos/airflow/airflow_venv/lib/python3.10/site-packages/airflow/example_dags/example_branch_operator_decorator.py
[2024-05-07T21:03:12.701-0300] {processor.py:840} INFO - DAG(s) 'example_branch_python_operator_decorator' retrieved from /home/patricia/Documentos/airflow/airflow_venv/lib/python3.10/site-packages/airflow/example_dags/example_branch_operator_decorator.py
[2024-05-07T21:03:12.801-0300] {logging_mixin.py:188} INFO - [2024-05-07T21:03:12.801-0300] {dag.py:3096} INFO - Sync 1 DAGs
[2024-05-07T21:03:12.868-0300] {logging_mixin.py:188} INFO - [2024-05-07T21:03:12.864-0300] {dag.py:3954} INFO - Setting next_dagrun for example_branch_python_operator_decorator to 2024-05-07 00:00:00+00:00, run_after=2024-05-08 00:00:00+00:00
[2024-05-07T21:03:12.946-0300] {processor.py:183} INFO - Processing /home/patricia/Documentos/airflow/airflow_venv/lib/python3.10/site-packages/airflow/example_dags/example_branch_operator_decorator.py took 0.302 seconds
[2024-05-07T21:04:45.073-0300] {processor.py:161} INFO - Started process (PID=71746) to work on /home/patricia/Documentos/airflow/airflow_venv/lib/python3.10/site-packages/airflow/example_dags/example_branch_operator_decorator.py
[2024-05-07T21:04:45.084-0300] {processor.py:830} INFO - Processing file /home/patricia/Documentos/airflow/airflow_venv/lib/python3.10/site-packages/airflow/example_dags/example_branch_operator_decorator.py for tasks to queue
[2024-05-07T21:04:45.089-0300] {logging_mixin.py:188} INFO - [2024-05-07T21:04:45.088-0300] {dagbag.py:545} INFO - Filling up the DagBag from /home/patricia/Documentos/airflow/airflow_venv/lib/python3.10/site-packages/airflow/example_dags/example_branch_operator_decorator.py
[2024-05-07T21:04:45.157-0300] {processor.py:840} INFO - DAG(s) 'example_branch_python_operator_decorator' retrieved from /home/patricia/Documentos/airflow/airflow_venv/lib/python3.10/site-packages/airflow/example_dags/example_branch_operator_decorator.py
[2024-05-07T21:04:45.209-0300] {logging_mixin.py:188} INFO - [2024-05-07T21:04:45.208-0300] {dag.py:3096} INFO - Sync 1 DAGs
[2024-05-07T21:04:45.256-0300] {logging_mixin.py:188} INFO - [2024-05-07T21:04:45.256-0300] {dag.py:3954} INFO - Setting next_dagrun for example_branch_python_operator_decorator to 2024-05-07 00:00:00+00:00, run_after=2024-05-08 00:00:00+00:00
[2024-05-07T21:04:45.300-0300] {processor.py:183} INFO - Processing /home/patricia/Documentos/airflow/airflow_venv/lib/python3.10/site-packages/airflow/example_dags/example_branch_operator_decorator.py took 0.246 seconds
