[2024-05-07T21:00:42.772-0300] {processor.py:161} INFO - Started process (PID=71348) to work on /home/patricia/Documentos/airflow/airflow_venv/lib/python3.10/site-packages/airflow/example_dags/tutorial_objectstorage.py
[2024-05-07T21:00:42.782-0300] {processor.py:830} INFO - Processing file /home/patricia/Documentos/airflow/airflow_venv/lib/python3.10/site-packages/airflow/example_dags/tutorial_objectstorage.py for tasks to queue
[2024-05-07T21:00:42.828-0300] {logging_mixin.py:188} INFO - [2024-05-07T21:00:42.827-0300] {dagbag.py:545} INFO - Filling up the DagBag from /home/patricia/Documentos/airflow/airflow_venv/lib/python3.10/site-packages/airflow/example_dags/tutorial_objectstorage.py
[2024-05-07T21:00:42.886-0300] {processor.py:840} INFO - DAG(s) 'tutorial_objectstorage' retrieved from /home/patricia/Documentos/airflow/airflow_venv/lib/python3.10/site-packages/airflow/example_dags/tutorial_objectstorage.py
[2024-05-07T21:00:42.980-0300] {logging_mixin.py:188} INFO - [2024-05-07T21:00:42.969-0300] {dag.py:3096} INFO - Sync 1 DAGs
[2024-05-07T21:00:43.014-0300] {logging_mixin.py:188} INFO - [2024-05-07T21:00:43.013-0300] {dag.py:3954} INFO - Setting next_dagrun for tutorial_objectstorage to None, run_after=None
[2024-05-07T21:00:43.086-0300] {processor.py:183} INFO - Processing /home/patricia/Documentos/airflow/airflow_venv/lib/python3.10/site-packages/airflow/example_dags/tutorial_objectstorage.py took 0.332 seconds
[2024-05-07T21:02:03.496-0300] {processor.py:161} INFO - Started process (PID=71482) to work on /home/patricia/Documentos/airflow/airflow_venv/lib/python3.10/site-packages/airflow/example_dags/tutorial_objectstorage.py
[2024-05-07T21:02:03.507-0300] {processor.py:830} INFO - Processing file /home/patricia/Documentos/airflow/airflow_venv/lib/python3.10/site-packages/airflow/example_dags/tutorial_objectstorage.py for tasks to queue
[2024-05-07T21:02:03.511-0300] {logging_mixin.py:188} INFO - [2024-05-07T21:02:03.510-0300] {dagbag.py:545} INFO - Filling up the DagBag from /home/patricia/Documentos/airflow/airflow_venv/lib/python3.10/site-packages/airflow/example_dags/tutorial_objectstorage.py
[2024-05-07T21:02:03.532-0300] {processor.py:840} INFO - DAG(s) 'tutorial_objectstorage' retrieved from /home/patricia/Documentos/airflow/airflow_venv/lib/python3.10/site-packages/airflow/example_dags/tutorial_objectstorage.py
[2024-05-07T21:02:03.568-0300] {logging_mixin.py:188} INFO - [2024-05-07T21:02:03.567-0300] {dag.py:3096} INFO - Sync 1 DAGs
[2024-05-07T21:02:03.591-0300] {logging_mixin.py:188} INFO - [2024-05-07T21:02:03.590-0300] {dag.py:3954} INFO - Setting next_dagrun for tutorial_objectstorage to None, run_after=None
[2024-05-07T21:02:03.652-0300] {processor.py:183} INFO - Processing /home/patricia/Documentos/airflow/airflow_venv/lib/python3.10/site-packages/airflow/example_dags/tutorial_objectstorage.py took 0.175 seconds
[2024-05-07T21:03:28.717-0300] {processor.py:161} INFO - Started process (PID=71620) to work on /home/patricia/Documentos/airflow/airflow_venv/lib/python3.10/site-packages/airflow/example_dags/tutorial_objectstorage.py
[2024-05-07T21:03:28.739-0300] {processor.py:830} INFO - Processing file /home/patricia/Documentos/airflow/airflow_venv/lib/python3.10/site-packages/airflow/example_dags/tutorial_objectstorage.py for tasks to queue
[2024-05-07T21:03:28.742-0300] {logging_mixin.py:188} INFO - [2024-05-07T21:03:28.742-0300] {dagbag.py:545} INFO - Filling up the DagBag from /home/patricia/Documentos/airflow/airflow_venv/lib/python3.10/site-packages/airflow/example_dags/tutorial_objectstorage.py
[2024-05-07T21:03:28.758-0300] {processor.py:840} INFO - DAG(s) 'tutorial_objectstorage' retrieved from /home/patricia/Documentos/airflow/airflow_venv/lib/python3.10/site-packages/airflow/example_dags/tutorial_objectstorage.py
[2024-05-07T21:03:28.802-0300] {logging_mixin.py:188} INFO - [2024-05-07T21:03:28.801-0300] {dag.py:3096} INFO - Sync 1 DAGs
[2024-05-07T21:03:28.834-0300] {logging_mixin.py:188} INFO - [2024-05-07T21:03:28.833-0300] {dag.py:3954} INFO - Setting next_dagrun for tutorial_objectstorage to None, run_after=None
[2024-05-07T21:03:28.894-0300] {processor.py:183} INFO - Processing /home/patricia/Documentos/airflow/airflow_venv/lib/python3.10/site-packages/airflow/example_dags/tutorial_objectstorage.py took 0.199 seconds
[2024-05-07T21:05:06.147-0300] {processor.py:161} INFO - Started process (PID=71781) to work on /home/patricia/Documentos/airflow/airflow_venv/lib/python3.10/site-packages/airflow/example_dags/tutorial_objectstorage.py
[2024-05-07T21:05:06.160-0300] {processor.py:830} INFO - Processing file /home/patricia/Documentos/airflow/airflow_venv/lib/python3.10/site-packages/airflow/example_dags/tutorial_objectstorage.py for tasks to queue
[2024-05-07T21:05:06.169-0300] {logging_mixin.py:188} INFO - [2024-05-07T21:05:06.163-0300] {dagbag.py:545} INFO - Filling up the DagBag from /home/patricia/Documentos/airflow/airflow_venv/lib/python3.10/site-packages/airflow/example_dags/tutorial_objectstorage.py
[2024-05-07T21:05:06.197-0300] {processor.py:840} INFO - DAG(s) 'tutorial_objectstorage' retrieved from /home/patricia/Documentos/airflow/airflow_venv/lib/python3.10/site-packages/airflow/example_dags/tutorial_objectstorage.py
[2024-05-07T21:05:06.246-0300] {logging_mixin.py:188} INFO - [2024-05-07T21:05:06.246-0300] {dag.py:3096} INFO - Sync 1 DAGs
[2024-05-07T21:05:06.267-0300] {logging_mixin.py:188} INFO - [2024-05-07T21:05:06.267-0300] {dag.py:3954} INFO - Setting next_dagrun for tutorial_objectstorage to None, run_after=None
[2024-05-07T21:05:06.337-0300] {processor.py:183} INFO - Processing /home/patricia/Documentos/airflow/airflow_venv/lib/python3.10/site-packages/airflow/example_dags/tutorial_objectstorage.py took 0.223 seconds
