[2024-05-07T21:01:33.028-0300] {processor.py:161} INFO - Started process (PID=71433) to work on /home/patricia/Documentos/airflow/airflow_venv/lib/python3.10/site-packages/airflow/example_dags/tutorial_taskflow_api_virtualenv.py
[2024-05-07T21:01:33.031-0300] {processor.py:830} INFO - Processing file /home/patricia/Documentos/airflow/airflow_venv/lib/python3.10/site-packages/airflow/example_dags/tutorial_taskflow_api_virtualenv.py for tasks to queue
[2024-05-07T21:01:33.035-0300] {logging_mixin.py:188} INFO - [2024-05-07T21:01:33.034-0300] {dagbag.py:545} INFO - Filling up the DagBag from /home/patricia/Documentos/airflow/airflow_venv/lib/python3.10/site-packages/airflow/example_dags/tutorial_taskflow_api_virtualenv.py
[2024-05-07T21:01:33.053-0300] {processor.py:840} INFO - DAG(s) 'tutorial_taskflow_api_virtualenv' retrieved from /home/patricia/Documentos/airflow/airflow_venv/lib/python3.10/site-packages/airflow/example_dags/tutorial_taskflow_api_virtualenv.py
[2024-05-07T21:01:33.142-0300] {logging_mixin.py:188} INFO - [2024-05-07T21:01:33.142-0300] {dag.py:3096} INFO - Sync 1 DAGs
[2024-05-07T21:01:33.169-0300] {logging_mixin.py:188} INFO - [2024-05-07T21:01:33.169-0300] {dag.py:3954} INFO - Setting next_dagrun for tutorial_taskflow_api_virtualenv to None, run_after=None
[2024-05-07T21:01:33.265-0300] {processor.py:183} INFO - Processing /home/patricia/Documentos/airflow/airflow_venv/lib/python3.10/site-packages/airflow/example_dags/tutorial_taskflow_api_virtualenv.py took 0.251 seconds
[2024-05-07T21:02:53.104-0300] {processor.py:161} INFO - Started process (PID=71562) to work on /home/patricia/Documentos/airflow/airflow_venv/lib/python3.10/site-packages/airflow/example_dags/tutorial_taskflow_api_virtualenv.py
[2024-05-07T21:02:53.107-0300] {processor.py:830} INFO - Processing file /home/patricia/Documentos/airflow/airflow_venv/lib/python3.10/site-packages/airflow/example_dags/tutorial_taskflow_api_virtualenv.py for tasks to queue
[2024-05-07T21:02:53.109-0300] {logging_mixin.py:188} INFO - [2024-05-07T21:02:53.109-0300] {dagbag.py:545} INFO - Filling up the DagBag from /home/patricia/Documentos/airflow/airflow_venv/lib/python3.10/site-packages/airflow/example_dags/tutorial_taskflow_api_virtualenv.py
[2024-05-07T21:02:53.132-0300] {processor.py:840} INFO - DAG(s) 'tutorial_taskflow_api_virtualenv' retrieved from /home/patricia/Documentos/airflow/airflow_venv/lib/python3.10/site-packages/airflow/example_dags/tutorial_taskflow_api_virtualenv.py
[2024-05-07T21:02:53.187-0300] {logging_mixin.py:188} INFO - [2024-05-07T21:02:53.187-0300] {dag.py:3096} INFO - Sync 1 DAGs
[2024-05-07T21:02:53.238-0300] {logging_mixin.py:188} INFO - [2024-05-07T21:02:53.237-0300] {dag.py:3954} INFO - Setting next_dagrun for tutorial_taskflow_api_virtualenv to None, run_after=None
[2024-05-07T21:02:53.394-0300] {processor.py:183} INFO - Processing /home/patricia/Documentos/airflow/airflow_venv/lib/python3.10/site-packages/airflow/example_dags/tutorial_taskflow_api_virtualenv.py took 0.303 seconds
[2024-05-07T21:04:21.176-0300] {processor.py:161} INFO - Started process (PID=71706) to work on /home/patricia/Documentos/airflow/airflow_venv/lib/python3.10/site-packages/airflow/example_dags/tutorial_taskflow_api_virtualenv.py
[2024-05-07T21:04:21.287-0300] {processor.py:830} INFO - Processing file /home/patricia/Documentos/airflow/airflow_venv/lib/python3.10/site-packages/airflow/example_dags/tutorial_taskflow_api_virtualenv.py for tasks to queue
[2024-05-07T21:04:21.310-0300] {logging_mixin.py:188} INFO - [2024-05-07T21:04:21.309-0300] {dagbag.py:545} INFO - Filling up the DagBag from /home/patricia/Documentos/airflow/airflow_venv/lib/python3.10/site-packages/airflow/example_dags/tutorial_taskflow_api_virtualenv.py
[2024-05-07T21:04:21.331-0300] {processor.py:840} INFO - DAG(s) 'tutorial_taskflow_api_virtualenv' retrieved from /home/patricia/Documentos/airflow/airflow_venv/lib/python3.10/site-packages/airflow/example_dags/tutorial_taskflow_api_virtualenv.py
[2024-05-07T21:04:21.381-0300] {logging_mixin.py:188} INFO - [2024-05-07T21:04:21.381-0300] {dag.py:3096} INFO - Sync 1 DAGs
[2024-05-07T21:04:21.426-0300] {logging_mixin.py:188} INFO - [2024-05-07T21:04:21.426-0300] {dag.py:3954} INFO - Setting next_dagrun for tutorial_taskflow_api_virtualenv to None, run_after=None
[2024-05-07T21:04:21.749-0300] {processor.py:183} INFO - Processing /home/patricia/Documentos/airflow/airflow_venv/lib/python3.10/site-packages/airflow/example_dags/tutorial_taskflow_api_virtualenv.py took 0.597 seconds
[2024-05-07T21:05:50.619-0300] {processor.py:161} INFO - Started process (PID=71853) to work on /home/patricia/Documentos/airflow/airflow_venv/lib/python3.10/site-packages/airflow/example_dags/tutorial_taskflow_api_virtualenv.py
[2024-05-07T21:05:50.674-0300] {processor.py:830} INFO - Processing file /home/patricia/Documentos/airflow/airflow_venv/lib/python3.10/site-packages/airflow/example_dags/tutorial_taskflow_api_virtualenv.py for tasks to queue
[2024-05-07T21:05:50.689-0300] {logging_mixin.py:188} INFO - [2024-05-07T21:05:50.688-0300] {dagbag.py:545} INFO - Filling up the DagBag from /home/patricia/Documentos/airflow/airflow_venv/lib/python3.10/site-packages/airflow/example_dags/tutorial_taskflow_api_virtualenv.py
[2024-05-07T21:05:50.728-0300] {processor.py:840} INFO - DAG(s) 'tutorial_taskflow_api_virtualenv' retrieved from /home/patricia/Documentos/airflow/airflow_venv/lib/python3.10/site-packages/airflow/example_dags/tutorial_taskflow_api_virtualenv.py
[2024-05-07T21:05:50.799-0300] {logging_mixin.py:188} INFO - [2024-05-07T21:05:50.799-0300] {dag.py:3096} INFO - Sync 1 DAGs
[2024-05-07T21:05:50.831-0300] {logging_mixin.py:188} INFO - [2024-05-07T21:05:50.830-0300] {dag.py:3954} INFO - Setting next_dagrun for tutorial_taskflow_api_virtualenv to None, run_after=None
[2024-05-07T21:05:50.951-0300] {processor.py:183} INFO - Processing /home/patricia/Documentos/airflow/airflow_venv/lib/python3.10/site-packages/airflow/example_dags/tutorial_taskflow_api_virtualenv.py took 0.345 seconds
