[2024-05-13T09:46:11.088-0300] {local_task_job_runner.py:120} INFO - ::group::Pre task execution logs
[2024-05-13T09:46:11.180-0300] {taskinstance.py:2076} INFO - Dependencies all met for dep_context=non-requeueable deps ti=<TaskInstance: meu_dag.Cria_pasta scheduled__2024-05-11T00:00:00+00:00 [queued]>
[2024-05-13T09:46:11.189-0300] {taskinstance.py:2076} INFO - Dependencies all met for dep_context=requeueable deps ti=<TaskInstance: meu_dag.Cria_pasta scheduled__2024-05-11T00:00:00+00:00 [queued]>
[2024-05-13T09:46:11.190-0300] {taskinstance.py:2306} INFO - Starting attempt 1 of 1
[2024-05-13T09:46:11.327-0300] {taskinstance.py:2330} INFO - Executing <Task(BashOperator): Cria_pasta> on 2024-05-11 00:00:00+00:00
[2024-05-13T09:46:11.335-0300] {standard_task_runner.py:63} INFO - Started process 4152 to run task
[2024-05-13T09:46:11.350-0300] {standard_task_runner.py:90} INFO - Running: ['airflow', 'tasks', 'run', 'meu_dag', 'Cria_pasta', 'scheduled__2024-05-11T00:00:00+00:00', '--job-id', '44', '--raw', '--subdir', 'DAGS_FOLDER/meu_dag.py', '--cfg-path', '/tmp/tmpwp3bect1']
[2024-05-13T09:46:11.353-0300] {standard_task_runner.py:91} INFO - Job 44: Subtask Cria_pasta
[2024-05-13T09:46:11.463-0300] {task_command.py:426} INFO - Running <TaskInstance: meu_dag.Cria_pasta scheduled__2024-05-11T00:00:00+00:00 [running]> on host patricia-VirtualBox
[2024-05-13T09:46:11.823-0300] {taskinstance.py:2648} INFO - Exporting env vars: AIRFLOW_CTX_DAG_OWNER='airflow' AIRFLOW_CTX_DAG_ID='meu_dag' AIRFLOW_CTX_TASK_ID='Cria_pasta' AIRFLOW_CTX_EXECUTION_DATE='2024-05-11T00:00:00+00:00' AIRFLOW_CTX_TRY_NUMBER='1' AIRFLOW_CTX_DAG_RUN_ID='scheduled__2024-05-11T00:00:00+00:00'
[2024-05-13T09:46:11.832-0300] {taskinstance.py:430} INFO - ::endgroup::
[2024-05-13T09:46:11.843-0300] {subprocess.py:63} INFO - Tmp dir root location: /tmp
[2024-05-13T09:46:11.847-0300] {subprocess.py:75} INFO - Running command: ['/usr/bin/bash', '-c', 'mkdir -p "/home/patricia/Documentos/airflow/pasta=2024-05-12 00:00:00+00:00"']
[2024-05-13T09:46:11.870-0300] {subprocess.py:86} INFO - Output:
[2024-05-13T09:46:11.897-0300] {subprocess.py:97} INFO - Command exited with return code 0
[2024-05-13T09:46:11.898-0300] {taskinstance.py:441} INFO - ::group::Post task execution logs
[2024-05-13T09:46:11.949-0300] {taskinstance.py:1206} INFO - Marking task as SUCCESS. dag_id=meu_dag, task_id=Cria_pasta, run_id=scheduled__2024-05-11T00:00:00+00:00, execution_date=20240511T000000, start_date=20240513T124611, end_date=20240513T124611
[2024-05-13T09:46:12.043-0300] {local_task_job_runner.py:240} INFO - Task exited with return code 0
[2024-05-13T09:46:12.062-0300] {taskinstance.py:3498} INFO - 0 downstream tasks scheduled from follow-on schedule check
[2024-05-13T09:46:12.063-0300] {local_task_job_runner.py:222} INFO - ::endgroup::
[2024-05-13T13:03:26.413-0300] {local_task_job_runner.py:120} INFO - ::group::Pre task execution logs
[2024-05-13T13:03:26.438-0300] {taskinstance.py:2076} INFO - Dependencies all met for dep_context=non-requeueable deps ti=<TaskInstance: meu_dag.Cria_pasta scheduled__2024-05-11T00:00:00+00:00 [queued]>
[2024-05-13T13:03:26.451-0300] {taskinstance.py:2076} INFO - Dependencies all met for dep_context=requeueable deps ti=<TaskInstance: meu_dag.Cria_pasta scheduled__2024-05-11T00:00:00+00:00 [queued]>
[2024-05-13T13:03:26.452-0300] {taskinstance.py:2306} INFO - Starting attempt 1 of 1
[2024-05-13T13:03:26.597-0300] {taskinstance.py:2330} INFO - Executing <Task(BashOperator): Cria_pasta> on 2024-05-11 00:00:00+00:00
[2024-05-13T13:03:26.606-0300] {standard_task_runner.py:63} INFO - Started process 22576 to run task
[2024-05-13T13:03:26.638-0300] {standard_task_runner.py:90} INFO - Running: ['airflow', 'tasks', 'run', 'meu_dag', 'Cria_pasta', 'scheduled__2024-05-11T00:00:00+00:00', '--job-id', '84', '--raw', '--subdir', 'DAGS_FOLDER/dados_climaticos.py', '--cfg-path', '/tmp/tmprlje3gr1']
[2024-05-13T13:03:26.639-0300] {standard_task_runner.py:91} INFO - Job 84: Subtask Cria_pasta
[2024-05-13T13:03:26.835-0300] {task_command.py:426} INFO - Running <TaskInstance: meu_dag.Cria_pasta scheduled__2024-05-11T00:00:00+00:00 [running]> on host patricia-VirtualBox
[2024-05-13T13:03:27.005-0300] {taskinstance.py:2648} INFO - Exporting env vars: AIRFLOW_CTX_DAG_OWNER='airflow' AIRFLOW_CTX_DAG_ID='meu_dag' AIRFLOW_CTX_TASK_ID='Cria_pasta' AIRFLOW_CTX_EXECUTION_DATE='2024-05-11T00:00:00+00:00' AIRFLOW_CTX_TRY_NUMBER='1' AIRFLOW_CTX_DAG_RUN_ID='scheduled__2024-05-11T00:00:00+00:00'
[2024-05-13T13:03:27.020-0300] {taskinstance.py:430} INFO - ::endgroup::
[2024-05-13T13:03:27.021-0300] {subprocess.py:63} INFO - Tmp dir root location: /tmp
[2024-05-13T13:03:27.044-0300] {subprocess.py:75} INFO - Running command: ['/usr/bin/bash', '-c', 'mkdir -p "/home/patricia/Documentos/airflow/pasta_2024-05-11"']
[2024-05-13T13:03:27.059-0300] {subprocess.py:86} INFO - Output:
[2024-05-13T13:03:27.067-0300] {subprocess.py:97} INFO - Command exited with return code 0
[2024-05-13T13:03:27.068-0300] {taskinstance.py:441} INFO - ::group::Post task execution logs
[2024-05-13T13:03:27.188-0300] {taskinstance.py:1206} INFO - Marking task as SUCCESS. dag_id=meu_dag, task_id=Cria_pasta, run_id=scheduled__2024-05-11T00:00:00+00:00, execution_date=20240511T000000, start_date=20240513T160326, end_date=20240513T160327
[2024-05-13T13:03:27.237-0300] {local_task_job_runner.py:240} INFO - Task exited with return code 0
[2024-05-13T13:03:27.304-0300] {taskinstance.py:3498} INFO - 1 downstream tasks scheduled from follow-on schedule check
[2024-05-13T13:03:27.334-0300] {local_task_job_runner.py:222} INFO - ::endgroup::
