[2024-05-09T22:03:33.848-0300] {local_task_job_runner.py:120} INFO - ::group::Pre task execution logs
[2024-05-09T22:03:33.865-0300] {taskinstance.py:2076} INFO - Dependencies all met for dep_context=non-requeueable deps ti=<TaskInstance: meu_dag.Cria_pasta scheduled__2024-05-08T00:00:00+00:00 [queued]>
[2024-05-09T22:03:33.871-0300] {taskinstance.py:2076} INFO - Dependencies all met for dep_context=requeueable deps ti=<TaskInstance: meu_dag.Cria_pasta scheduled__2024-05-08T00:00:00+00:00 [queued]>
[2024-05-09T22:03:33.872-0300] {taskinstance.py:2306} INFO - Starting attempt 1 of 1
[2024-05-09T22:03:33.953-0300] {taskinstance.py:2330} INFO - Executing <Task(BashOperator): Cria_pasta> on 2024-05-08 00:00:00+00:00
[2024-05-09T22:03:33.959-0300] {standard_task_runner.py:63} INFO - Started process 4337 to run task
[2024-05-09T22:03:33.991-0300] {standard_task_runner.py:90} INFO - Running: ['airflow', 'tasks', 'run', 'meu_dag', 'Cria_pasta', 'scheduled__2024-05-08T00:00:00+00:00', '--job-id', '25', '--raw', '--subdir', 'DAGS_FOLDER/meu_dag.py', '--cfg-path', '/tmp/tmppgwkg4qb']
[2024-05-09T22:03:33.992-0300] {standard_task_runner.py:91} INFO - Job 25: Subtask Cria_pasta
[2024-05-09T22:03:34.422-0300] {task_command.py:426} INFO - Running <TaskInstance: meu_dag.Cria_pasta scheduled__2024-05-08T00:00:00+00:00 [running]> on host patricia-VirtualBox
[2024-05-09T22:03:35.683-0300] {taskinstance.py:2648} INFO - Exporting env vars: AIRFLOW_CTX_DAG_OWNER='airflow' AIRFLOW_CTX_DAG_ID='meu_dag' AIRFLOW_CTX_TASK_ID='Cria_pasta' AIRFLOW_CTX_EXECUTION_DATE='2024-05-08T00:00:00+00:00' AIRFLOW_CTX_TRY_NUMBER='1' AIRFLOW_CTX_DAG_RUN_ID='scheduled__2024-05-08T00:00:00+00:00'
[2024-05-09T22:03:35.742-0300] {taskinstance.py:430} INFO - ::endgroup::
[2024-05-09T22:03:35.746-0300] {subprocess.py:63} INFO - Tmp dir root location: /tmp
[2024-05-09T22:03:35.778-0300] {subprocess.py:75} INFO - Running command: ['/usr/bin/bash', '-c', 'mkdir -p "/home/patricia/Documentos/airflow/pasta=2024-05-09 00:00:00+00:00"']
[2024-05-09T22:03:35.833-0300] {subprocess.py:86} INFO - Output:
[2024-05-09T22:03:35.848-0300] {subprocess.py:97} INFO - Command exited with return code 0
[2024-05-09T22:03:35.859-0300] {taskinstance.py:441} INFO - ::group::Post task execution logs
[2024-05-09T22:03:36.059-0300] {taskinstance.py:1206} INFO - Marking task as SUCCESS. dag_id=meu_dag, task_id=Cria_pasta, run_id=scheduled__2024-05-08T00:00:00+00:00, execution_date=20240508T000000, start_date=20240510T010333, end_date=20240510T010336
[2024-05-09T22:03:36.166-0300] {local_task_job_runner.py:240} INFO - Task exited with return code 0
[2024-05-09T22:03:36.204-0300] {taskinstance.py:3498} INFO - 0 downstream tasks scheduled from follow-on schedule check
[2024-05-09T22:03:36.206-0300] {local_task_job_runner.py:222} INFO - ::endgroup::
[2024-05-13T13:01:55.196-0300] {local_task_job_runner.py:120} INFO - ::group::Pre task execution logs
[2024-05-13T13:01:55.227-0300] {taskinstance.py:2076} INFO - Dependencies all met for dep_context=non-requeueable deps ti=<TaskInstance: meu_dag.Cria_pasta scheduled__2024-05-08T00:00:00+00:00 [queued]>
[2024-05-13T13:01:55.237-0300] {taskinstance.py:2076} INFO - Dependencies all met for dep_context=requeueable deps ti=<TaskInstance: meu_dag.Cria_pasta scheduled__2024-05-08T00:00:00+00:00 [queued]>
[2024-05-13T13:01:55.237-0300] {taskinstance.py:2306} INFO - Starting attempt 1 of 1
[2024-05-13T13:01:55.315-0300] {taskinstance.py:2330} INFO - Executing <Task(BashOperator): Cria_pasta> on 2024-05-08 00:00:00+00:00
[2024-05-13T13:01:55.325-0300] {standard_task_runner.py:63} INFO - Started process 22452 to run task
[2024-05-13T13:01:55.331-0300] {standard_task_runner.py:90} INFO - Running: ['airflow', 'tasks', 'run', 'meu_dag', 'Cria_pasta', 'scheduled__2024-05-08T00:00:00+00:00', '--job-id', '77', '--raw', '--subdir', 'DAGS_FOLDER/dados_climaticos.py', '--cfg-path', '/tmp/tmp3w4wswtz']
[2024-05-13T13:01:55.332-0300] {standard_task_runner.py:91} INFO - Job 77: Subtask Cria_pasta
[2024-05-13T13:01:55.454-0300] {task_command.py:426} INFO - Running <TaskInstance: meu_dag.Cria_pasta scheduled__2024-05-08T00:00:00+00:00 [running]> on host patricia-VirtualBox
[2024-05-13T13:01:55.718-0300] {taskinstance.py:2648} INFO - Exporting env vars: AIRFLOW_CTX_DAG_OWNER='airflow' AIRFLOW_CTX_DAG_ID='meu_dag' AIRFLOW_CTX_TASK_ID='Cria_pasta' AIRFLOW_CTX_EXECUTION_DATE='2024-05-08T00:00:00+00:00' AIRFLOW_CTX_TRY_NUMBER='1' AIRFLOW_CTX_DAG_RUN_ID='scheduled__2024-05-08T00:00:00+00:00'
[2024-05-13T13:01:55.722-0300] {taskinstance.py:430} INFO - ::endgroup::
[2024-05-13T13:01:55.762-0300] {subprocess.py:63} INFO - Tmp dir root location: /tmp
[2024-05-13T13:01:55.765-0300] {subprocess.py:75} INFO - Running command: ['/usr/bin/bash', '-c', 'mkdir -p "/home/patricia/Documentos/airflow/pasta_2024-05-08"']
[2024-05-13T13:01:55.784-0300] {subprocess.py:86} INFO - Output:
[2024-05-13T13:01:55.799-0300] {subprocess.py:97} INFO - Command exited with return code 0
[2024-05-13T13:01:55.800-0300] {taskinstance.py:441} INFO - ::group::Post task execution logs
[2024-05-13T13:01:55.875-0300] {taskinstance.py:1206} INFO - Marking task as SUCCESS. dag_id=meu_dag, task_id=Cria_pasta, run_id=scheduled__2024-05-08T00:00:00+00:00, execution_date=20240508T000000, start_date=20240513T160155, end_date=20240513T160155
[2024-05-13T13:01:56.083-0300] {local_task_job_runner.py:240} INFO - Task exited with return code 0
[2024-05-13T13:01:56.169-0300] {taskinstance.py:3498} INFO - 1 downstream tasks scheduled from follow-on schedule check
[2024-05-13T13:01:56.266-0300] {local_task_job_runner.py:222} INFO - ::endgroup::
