[2024-05-13T09:46:17.157-0300] {local_task_job_runner.py:120} INFO - ::group::Pre task execution logs
[2024-05-13T09:46:17.190-0300] {taskinstance.py:2076} INFO - Dependencies all met for dep_context=non-requeueable deps ti=<TaskInstance: meu_dag.Cria_pasta scheduled__2024-05-12T00:00:00+00:00 [queued]>
[2024-05-13T09:46:17.206-0300] {taskinstance.py:2076} INFO - Dependencies all met for dep_context=requeueable deps ti=<TaskInstance: meu_dag.Cria_pasta scheduled__2024-05-12T00:00:00+00:00 [queued]>
[2024-05-13T09:46:17.207-0300] {taskinstance.py:2306} INFO - Starting attempt 1 of 1
[2024-05-13T09:46:17.263-0300] {taskinstance.py:2330} INFO - Executing <Task(BashOperator): Cria_pasta> on 2024-05-12 00:00:00+00:00
[2024-05-13T09:46:17.273-0300] {standard_task_runner.py:63} INFO - Started process 4166 to run task
[2024-05-13T09:46:17.278-0300] {standard_task_runner.py:90} INFO - Running: ['airflow', 'tasks', 'run', 'meu_dag', 'Cria_pasta', 'scheduled__2024-05-12T00:00:00+00:00', '--job-id', '45', '--raw', '--subdir', 'DAGS_FOLDER/meu_dag.py', '--cfg-path', '/tmp/tmp104kt3l5']
[2024-05-13T09:46:17.280-0300] {standard_task_runner.py:91} INFO - Job 45: Subtask Cria_pasta
[2024-05-13T09:46:17.382-0300] {task_command.py:426} INFO - Running <TaskInstance: meu_dag.Cria_pasta scheduled__2024-05-12T00:00:00+00:00 [running]> on host patricia-VirtualBox
[2024-05-13T09:46:17.525-0300] {taskinstance.py:2648} INFO - Exporting env vars: AIRFLOW_CTX_DAG_OWNER='airflow' AIRFLOW_CTX_DAG_ID='meu_dag' AIRFLOW_CTX_TASK_ID='Cria_pasta' AIRFLOW_CTX_EXECUTION_DATE='2024-05-12T00:00:00+00:00' AIRFLOW_CTX_TRY_NUMBER='1' AIRFLOW_CTX_DAG_RUN_ID='scheduled__2024-05-12T00:00:00+00:00'
[2024-05-13T09:46:17.527-0300] {taskinstance.py:430} INFO - ::endgroup::
[2024-05-13T09:46:17.529-0300] {subprocess.py:63} INFO - Tmp dir root location: /tmp
[2024-05-13T09:46:17.530-0300] {subprocess.py:75} INFO - Running command: ['/usr/bin/bash', '-c', 'mkdir -p "/home/patricia/Documentos/airflow/pasta=2024-05-13 00:00:00+00:00"']
[2024-05-13T09:46:17.552-0300] {subprocess.py:86} INFO - Output:
[2024-05-13T09:46:17.571-0300] {subprocess.py:97} INFO - Command exited with return code 0
[2024-05-13T09:46:17.572-0300] {taskinstance.py:441} INFO - ::group::Post task execution logs
[2024-05-13T09:46:17.608-0300] {taskinstance.py:1206} INFO - Marking task as SUCCESS. dag_id=meu_dag, task_id=Cria_pasta, run_id=scheduled__2024-05-12T00:00:00+00:00, execution_date=20240512T000000, start_date=20240513T124617, end_date=20240513T124617
[2024-05-13T09:46:17.739-0300] {local_task_job_runner.py:240} INFO - Task exited with return code 0
[2024-05-13T09:46:17.846-0300] {taskinstance.py:3498} INFO - 0 downstream tasks scheduled from follow-on schedule check
[2024-05-13T09:46:17.847-0300] {local_task_job_runner.py:222} INFO - ::endgroup::
[2024-05-13T13:03:32.119-0300] {local_task_job_runner.py:120} INFO - ::group::Pre task execution logs
[2024-05-13T13:03:32.166-0300] {taskinstance.py:2076} INFO - Dependencies all met for dep_context=non-requeueable deps ti=<TaskInstance: meu_dag.Cria_pasta scheduled__2024-05-12T00:00:00+00:00 [queued]>
[2024-05-13T13:03:32.176-0300] {taskinstance.py:2076} INFO - Dependencies all met for dep_context=requeueable deps ti=<TaskInstance: meu_dag.Cria_pasta scheduled__2024-05-12T00:00:00+00:00 [queued]>
[2024-05-13T13:03:32.176-0300] {taskinstance.py:2306} INFO - Starting attempt 1 of 1
[2024-05-13T13:03:32.275-0300] {taskinstance.py:2330} INFO - Executing <Task(BashOperator): Cria_pasta> on 2024-05-12 00:00:00+00:00
[2024-05-13T13:03:32.288-0300] {standard_task_runner.py:63} INFO - Started process 22587 to run task
[2024-05-13T13:03:32.294-0300] {standard_task_runner.py:90} INFO - Running: ['airflow', 'tasks', 'run', 'meu_dag', 'Cria_pasta', 'scheduled__2024-05-12T00:00:00+00:00', '--job-id', '85', '--raw', '--subdir', 'DAGS_FOLDER/dados_climaticos.py', '--cfg-path', '/tmp/tmp_myh4gj4']
[2024-05-13T13:03:32.295-0300] {standard_task_runner.py:91} INFO - Job 85: Subtask Cria_pasta
[2024-05-13T13:03:32.486-0300] {task_command.py:426} INFO - Running <TaskInstance: meu_dag.Cria_pasta scheduled__2024-05-12T00:00:00+00:00 [running]> on host patricia-VirtualBox
[2024-05-13T13:03:32.739-0300] {taskinstance.py:2648} INFO - Exporting env vars: AIRFLOW_CTX_DAG_OWNER='airflow' AIRFLOW_CTX_DAG_ID='meu_dag' AIRFLOW_CTX_TASK_ID='Cria_pasta' AIRFLOW_CTX_EXECUTION_DATE='2024-05-12T00:00:00+00:00' AIRFLOW_CTX_TRY_NUMBER='1' AIRFLOW_CTX_DAG_RUN_ID='scheduled__2024-05-12T00:00:00+00:00'
[2024-05-13T13:03:32.742-0300] {taskinstance.py:430} INFO - ::endgroup::
[2024-05-13T13:03:32.743-0300] {subprocess.py:63} INFO - Tmp dir root location: /tmp
[2024-05-13T13:03:32.745-0300] {subprocess.py:75} INFO - Running command: ['/usr/bin/bash', '-c', 'mkdir -p "/home/patricia/Documentos/airflow/pasta_2024-05-12"']
[2024-05-13T13:03:32.763-0300] {subprocess.py:86} INFO - Output:
[2024-05-13T13:03:32.796-0300] {subprocess.py:97} INFO - Command exited with return code 0
[2024-05-13T13:03:32.798-0300] {taskinstance.py:441} INFO - ::group::Post task execution logs
[2024-05-13T13:03:32.941-0300] {taskinstance.py:1206} INFO - Marking task as SUCCESS. dag_id=meu_dag, task_id=Cria_pasta, run_id=scheduled__2024-05-12T00:00:00+00:00, execution_date=20240512T000000, start_date=20240513T160332, end_date=20240513T160332
[2024-05-13T13:03:33.062-0300] {local_task_job_runner.py:240} INFO - Task exited with return code 0
[2024-05-13T13:03:33.115-0300] {taskinstance.py:3498} INFO - 1 downstream tasks scheduled from follow-on schedule check
[2024-05-13T13:03:33.311-0300] {local_task_job_runner.py:222} INFO - ::endgroup::
