[2024-06-04T17:06:39.352-0300] {local_task_job_runner.py:120} INFO - ::group::Pre task execution logs
[2024-06-04T17:06:39.369-0300] {taskinstance.py:2076} INFO - Dependencies all met for dep_context=non-requeueable deps ti=<TaskInstance: meu_dag.Cria_pasta scheduled__2024-05-28T09:00:00+00:00 [queued]>
[2024-06-04T17:06:39.380-0300] {taskinstance.py:2076} INFO - Dependencies all met for dep_context=requeueable deps ti=<TaskInstance: meu_dag.Cria_pasta scheduled__2024-05-28T09:00:00+00:00 [queued]>
[2024-06-04T17:06:39.380-0300] {taskinstance.py:2306} INFO - Starting attempt 1 of 1
[2024-06-04T17:06:39.411-0300] {taskinstance.py:2330} INFO - Executing <Task(BashOperator): Cria_pasta> on 2024-05-28 09:00:00+00:00
[2024-06-04T17:06:39.416-0300] {standard_task_runner.py:63} INFO - Started process 29947 to run task
[2024-06-04T17:06:39.422-0300] {standard_task_runner.py:90} INFO - Running: ['airflow', 'tasks', 'run', 'meu_dag', 'Cria_pasta', 'scheduled__2024-05-28T09:00:00+00:00', '--job-id', '128', '--raw', '--subdir', 'DAGS_FOLDER/meu_dag.py', '--cfg-path', '/tmp/tmp4dae7h1m']
[2024-06-04T17:06:39.437-0300] {standard_task_runner.py:91} INFO - Job 128: Subtask Cria_pasta
[2024-06-04T17:06:39.549-0300] {task_command.py:426} INFO - Running <TaskInstance: meu_dag.Cria_pasta scheduled__2024-05-28T09:00:00+00:00 [running]> on host patricia-VirtualBox
[2024-06-04T17:06:39.848-0300] {taskinstance.py:2648} INFO - Exporting env vars: AIRFLOW_CTX_DAG_OWNER='airflow' AIRFLOW_CTX_DAG_ID='meu_dag' AIRFLOW_CTX_TASK_ID='Cria_pasta' AIRFLOW_CTX_EXECUTION_DATE='2024-05-28T09:00:00+00:00' AIRFLOW_CTX_TRY_NUMBER='1' AIRFLOW_CTX_DAG_RUN_ID='scheduled__2024-05-28T09:00:00+00:00'
[2024-06-04T17:06:39.850-0300] {taskinstance.py:430} INFO - ::endgroup::
[2024-06-04T17:06:39.851-0300] {subprocess.py:63} INFO - Tmp dir root location: /tmp
[2024-06-04T17:06:39.852-0300] {subprocess.py:75} INFO - Running command: ['/usr/bin/bash', '-c', 'mkdir -p "/home/patricia/Documentos/airflow/pasta_2024-05-28"']
[2024-06-04T17:06:39.888-0300] {subprocess.py:86} INFO - Output:
[2024-06-04T17:06:39.925-0300] {subprocess.py:97} INFO - Command exited with return code 0
[2024-06-04T17:06:39.941-0300] {taskinstance.py:441} INFO - ::group::Post task execution logs
[2024-06-04T17:06:40.134-0300] {taskinstance.py:1206} INFO - Marking task as SUCCESS. dag_id=meu_dag, task_id=Cria_pasta, run_id=scheduled__2024-05-28T09:00:00+00:00, execution_date=20240528T090000, start_date=20240604T200639, end_date=20240604T200640
[2024-06-04T17:06:40.365-0300] {local_task_job_runner.py:240} INFO - Task exited with return code 0
[2024-06-04T17:06:40.428-0300] {taskinstance.py:3498} INFO - 1 downstream tasks scheduled from follow-on schedule check
[2024-06-04T17:06:40.507-0300] {local_task_job_runner.py:222} INFO - ::endgroup::
[2024-06-04T19:52:51.519-0300] {local_task_job_runner.py:120} INFO - ::group::Pre task execution logs
[2024-06-04T19:52:51.554-0300] {taskinstance.py:2076} INFO - Dependencies all met for dep_context=non-requeueable deps ti=<TaskInstance: meu_dag.Cria_pasta scheduled__2024-05-28T09:00:00+00:00 [queued]>
[2024-06-04T19:52:51.566-0300] {taskinstance.py:2076} INFO - Dependencies all met for dep_context=requeueable deps ti=<TaskInstance: meu_dag.Cria_pasta scheduled__2024-05-28T09:00:00+00:00 [queued]>
[2024-06-04T19:52:51.567-0300] {taskinstance.py:2306} INFO - Starting attempt 1 of 1
[2024-06-04T19:52:51.629-0300] {taskinstance.py:2330} INFO - Executing <Task(BashOperator): Cria_pasta> on 2024-05-28 09:00:00+00:00
[2024-06-04T19:52:51.640-0300] {standard_task_runner.py:63} INFO - Started process 53369 to run task
[2024-06-04T19:52:51.648-0300] {standard_task_runner.py:90} INFO - Running: ['airflow', 'tasks', 'run', 'meu_dag', 'Cria_pasta', 'scheduled__2024-05-28T09:00:00+00:00', '--job-id', '175', '--raw', '--subdir', 'DAGS_FOLDER/meu_dag.py', '--cfg-path', '/tmp/tmpo9p195yb']
[2024-06-04T19:52:51.649-0300] {standard_task_runner.py:91} INFO - Job 175: Subtask Cria_pasta
[2024-06-04T19:52:51.789-0300] {task_command.py:426} INFO - Running <TaskInstance: meu_dag.Cria_pasta scheduled__2024-05-28T09:00:00+00:00 [running]> on host patricia-VirtualBox
[2024-06-04T19:52:52.217-0300] {taskinstance.py:2648} INFO - Exporting env vars: AIRFLOW_CTX_DAG_OWNER='airflow' AIRFLOW_CTX_DAG_ID='meu_dag' AIRFLOW_CTX_TASK_ID='Cria_pasta' AIRFLOW_CTX_EXECUTION_DATE='2024-05-28T09:00:00+00:00' AIRFLOW_CTX_TRY_NUMBER='1' AIRFLOW_CTX_DAG_RUN_ID='scheduled__2024-05-28T09:00:00+00:00'
[2024-06-04T19:52:52.225-0300] {taskinstance.py:430} INFO - ::endgroup::
[2024-06-04T19:52:52.226-0300] {subprocess.py:63} INFO - Tmp dir root location: /tmp
[2024-06-04T19:52:52.234-0300] {subprocess.py:75} INFO - Running command: ['/usr/bin/bash', '-c', 'mkdir -p "/home/patricia/Documentos/airflow/pasta_2024-05-28"']
[2024-06-04T19:52:52.267-0300] {subprocess.py:86} INFO - Output:
[2024-06-04T19:52:52.303-0300] {subprocess.py:97} INFO - Command exited with return code 0
[2024-06-04T19:52:52.304-0300] {taskinstance.py:441} INFO - ::group::Post task execution logs
[2024-06-04T19:52:52.512-0300] {taskinstance.py:1206} INFO - Marking task as SUCCESS. dag_id=meu_dag, task_id=Cria_pasta, run_id=scheduled__2024-05-28T09:00:00+00:00, execution_date=20240528T090000, start_date=20240604T225251, end_date=20240604T225252
[2024-06-04T19:52:52.704-0300] {local_task_job_runner.py:240} INFO - Task exited with return code 0
[2024-06-04T19:52:52.776-0300] {taskinstance.py:3498} INFO - 1 downstream tasks scheduled from follow-on schedule check
[2024-06-04T19:52:52.805-0300] {local_task_job_runner.py:222} INFO - ::endgroup::
[2024-06-04T20:13:12.457-0300] {local_task_job_runner.py:120} INFO - ::group::Pre task execution logs
[2024-06-04T20:13:12.483-0300] {taskinstance.py:2076} INFO - Dependencies all met for dep_context=non-requeueable deps ti=<TaskInstance: meu_dag.Cria_pasta scheduled__2024-05-28T09:00:00+00:00 [queued]>
[2024-06-04T20:13:12.491-0300] {taskinstance.py:2076} INFO - Dependencies all met for dep_context=requeueable deps ti=<TaskInstance: meu_dag.Cria_pasta scheduled__2024-05-28T09:00:00+00:00 [queued]>
[2024-06-04T20:13:12.492-0300] {taskinstance.py:2306} INFO - Starting attempt 1 of 1
[2024-06-04T20:13:12.553-0300] {taskinstance.py:2330} INFO - Executing <Task(BashOperator): Cria_pasta> on 2024-05-28 09:00:00+00:00
[2024-06-04T20:13:12.557-0300] {standard_task_runner.py:63} INFO - Started process 58110 to run task
[2024-06-04T20:13:12.567-0300] {standard_task_runner.py:90} INFO - Running: ['airflow', 'tasks', 'run', 'meu_dag', 'Cria_pasta', 'scheduled__2024-05-28T09:00:00+00:00', '--job-id', '185', '--raw', '--subdir', 'DAGS_FOLDER/dados_climaticos.py', '--cfg-path', '/tmp/tmpixacvpev']
[2024-06-04T20:13:12.568-0300] {standard_task_runner.py:91} INFO - Job 185: Subtask Cria_pasta
[2024-06-04T20:13:12.684-0300] {task_command.py:426} INFO - Running <TaskInstance: meu_dag.Cria_pasta scheduled__2024-05-28T09:00:00+00:00 [running]> on host patricia-VirtualBox
[2024-06-04T20:13:12.781-0300] {taskinstance.py:2648} INFO - Exporting env vars: AIRFLOW_CTX_DAG_OWNER='airflow' AIRFLOW_CTX_DAG_ID='meu_dag' AIRFLOW_CTX_TASK_ID='Cria_pasta' AIRFLOW_CTX_EXECUTION_DATE='2024-05-28T09:00:00+00:00' AIRFLOW_CTX_TRY_NUMBER='1' AIRFLOW_CTX_DAG_RUN_ID='scheduled__2024-05-28T09:00:00+00:00'
[2024-06-04T20:13:12.782-0300] {taskinstance.py:430} INFO - ::endgroup::
[2024-06-04T20:13:12.783-0300] {subprocess.py:63} INFO - Tmp dir root location: /tmp
[2024-06-04T20:13:12.783-0300] {subprocess.py:75} INFO - Running command: ['/usr/bin/bash', '-c', 'mkdir -p "/home/patricia/Documentos/airflow/pasta_2024-05-28"']
[2024-06-04T20:13:12.797-0300] {subprocess.py:86} INFO - Output:
[2024-06-04T20:13:12.808-0300] {subprocess.py:97} INFO - Command exited with return code 0
[2024-06-04T20:13:12.809-0300] {taskinstance.py:441} INFO - ::group::Post task execution logs
[2024-06-04T20:13:12.860-0300] {taskinstance.py:1206} INFO - Marking task as SUCCESS. dag_id=meu_dag, task_id=Cria_pasta, run_id=scheduled__2024-05-28T09:00:00+00:00, execution_date=20240528T090000, start_date=20240604T231312, end_date=20240604T231312
[2024-06-04T20:13:12.986-0300] {local_task_job_runner.py:240} INFO - Task exited with return code 0
[2024-06-04T20:13:13.019-0300] {taskinstance.py:3498} INFO - 1 downstream tasks scheduled from follow-on schedule check
[2024-06-04T20:13:13.076-0300] {local_task_job_runner.py:222} INFO - ::endgroup::
[2024-06-04T20:15:22.467-0300] {local_task_job_runner.py:120} INFO - ::group::Pre task execution logs
[2024-06-04T20:15:22.487-0300] {taskinstance.py:2076} INFO - Dependencies all met for dep_context=non-requeueable deps ti=<TaskInstance: meu_dag.Cria_pasta scheduled__2024-05-28T09:00:00+00:00 [queued]>
[2024-06-04T20:15:22.493-0300] {taskinstance.py:2076} INFO - Dependencies all met for dep_context=requeueable deps ti=<TaskInstance: meu_dag.Cria_pasta scheduled__2024-05-28T09:00:00+00:00 [queued]>
[2024-06-04T20:15:22.493-0300] {taskinstance.py:2306} INFO - Starting attempt 1 of 1
[2024-06-04T20:15:22.521-0300] {taskinstance.py:2330} INFO - Executing <Task(BashOperator): Cria_pasta> on 2024-05-28 09:00:00+00:00
[2024-06-04T20:15:22.525-0300] {standard_task_runner.py:63} INFO - Started process 58692 to run task
[2024-06-04T20:15:22.529-0300] {standard_task_runner.py:90} INFO - Running: ['airflow', 'tasks', 'run', 'meu_dag', 'Cria_pasta', 'scheduled__2024-05-28T09:00:00+00:00', '--job-id', '187', '--raw', '--subdir', 'DAGS_FOLDER/dados_climaticos.py', '--cfg-path', '/tmp/tmp_kr9xer9']
[2024-06-04T20:15:22.530-0300] {standard_task_runner.py:91} INFO - Job 187: Subtask Cria_pasta
[2024-06-04T20:15:22.689-0300] {task_command.py:426} INFO - Running <TaskInstance: meu_dag.Cria_pasta scheduled__2024-05-28T09:00:00+00:00 [running]> on host patricia-VirtualBox
[2024-06-04T20:15:22.999-0300] {taskinstance.py:2648} INFO - Exporting env vars: AIRFLOW_CTX_DAG_OWNER='airflow' AIRFLOW_CTX_DAG_ID='meu_dag' AIRFLOW_CTX_TASK_ID='Cria_pasta' AIRFLOW_CTX_EXECUTION_DATE='2024-05-28T09:00:00+00:00' AIRFLOW_CTX_TRY_NUMBER='1' AIRFLOW_CTX_DAG_RUN_ID='scheduled__2024-05-28T09:00:00+00:00'
[2024-06-04T20:15:23.000-0300] {taskinstance.py:430} INFO - ::endgroup::
[2024-06-04T20:15:23.001-0300] {subprocess.py:63} INFO - Tmp dir root location: /tmp
[2024-06-04T20:15:23.002-0300] {subprocess.py:75} INFO - Running command: ['/usr/bin/bash', '-c', 'mkdir -p "/home/patricia/Documentos/airflow/pasta_2024-05-28"']
[2024-06-04T20:15:23.012-0300] {subprocess.py:86} INFO - Output:
[2024-06-04T20:15:23.018-0300] {subprocess.py:97} INFO - Command exited with return code 0
[2024-06-04T20:15:23.019-0300] {taskinstance.py:441} INFO - ::group::Post task execution logs
[2024-06-04T20:15:23.097-0300] {taskinstance.py:1206} INFO - Marking task as SUCCESS. dag_id=meu_dag, task_id=Cria_pasta, run_id=scheduled__2024-05-28T09:00:00+00:00, execution_date=20240528T090000, start_date=20240604T231522, end_date=20240604T231523
[2024-06-04T20:15:23.165-0300] {local_task_job_runner.py:240} INFO - Task exited with return code 0
[2024-06-04T20:15:23.187-0300] {taskinstance.py:3498} INFO - 1 downstream tasks scheduled from follow-on schedule check
[2024-06-04T20:15:23.203-0300] {local_task_job_runner.py:222} INFO - ::endgroup::
[2024-06-04T20:44:13.097-0300] {local_task_job_runner.py:120} INFO - ::group::Pre task execution logs
[2024-06-04T20:44:13.153-0300] {taskinstance.py:2076} INFO - Dependencies all met for dep_context=non-requeueable deps ti=<TaskInstance: meu_dag.Cria_pasta scheduled__2024-05-28T09:00:00+00:00 [queued]>
[2024-06-04T20:44:13.164-0300] {taskinstance.py:2076} INFO - Dependencies all met for dep_context=requeueable deps ti=<TaskInstance: meu_dag.Cria_pasta scheduled__2024-05-28T09:00:00+00:00 [queued]>
[2024-06-04T20:44:13.164-0300] {taskinstance.py:2306} INFO - Starting attempt 1 of 1
[2024-06-04T20:44:13.212-0300] {taskinstance.py:2330} INFO - Executing <Task(BashOperator): Cria_pasta> on 2024-05-28 09:00:00+00:00
[2024-06-04T20:44:13.255-0300] {standard_task_runner.py:63} INFO - Started process 62663 to run task
[2024-06-04T20:44:13.272-0300] {standard_task_runner.py:90} INFO - Running: ['airflow', 'tasks', 'run', 'meu_dag', 'Cria_pasta', 'scheduled__2024-05-28T09:00:00+00:00', '--job-id', '195', '--raw', '--subdir', 'DAGS_FOLDER/meu_dag.py', '--cfg-path', '/tmp/tmp6sns9sns']
[2024-06-04T20:44:13.273-0300] {standard_task_runner.py:91} INFO - Job 195: Subtask Cria_pasta
[2024-06-04T20:44:13.358-0300] {task_command.py:426} INFO - Running <TaskInstance: meu_dag.Cria_pasta scheduled__2024-05-28T09:00:00+00:00 [running]> on host patricia-VirtualBox
[2024-06-04T20:44:13.530-0300] {taskinstance.py:2648} INFO - Exporting env vars: AIRFLOW_CTX_DAG_OWNER='airflow' AIRFLOW_CTX_DAG_ID='meu_dag' AIRFLOW_CTX_TASK_ID='Cria_pasta' AIRFLOW_CTX_EXECUTION_DATE='2024-05-28T09:00:00+00:00' AIRFLOW_CTX_TRY_NUMBER='1' AIRFLOW_CTX_DAG_RUN_ID='scheduled__2024-05-28T09:00:00+00:00'
[2024-06-04T20:44:13.532-0300] {taskinstance.py:430} INFO - ::endgroup::
[2024-06-04T20:44:13.533-0300] {subprocess.py:63} INFO - Tmp dir root location: /tmp
[2024-06-04T20:44:13.534-0300] {subprocess.py:75} INFO - Running command: ['/usr/bin/bash', '-c', 'mkdir -p "/home/patricia/Documentos/airflow/pasta_2024-05-28"']
[2024-06-04T20:44:13.548-0300] {subprocess.py:86} INFO - Output:
[2024-06-04T20:44:13.559-0300] {subprocess.py:97} INFO - Command exited with return code 0
[2024-06-04T20:44:13.560-0300] {taskinstance.py:441} INFO - ::group::Post task execution logs
[2024-06-04T20:44:13.597-0300] {taskinstance.py:1206} INFO - Marking task as SUCCESS. dag_id=meu_dag, task_id=Cria_pasta, run_id=scheduled__2024-05-28T09:00:00+00:00, execution_date=20240528T090000, start_date=20240604T234413, end_date=20240604T234413
[2024-06-04T20:44:13.663-0300] {local_task_job_runner.py:240} INFO - Task exited with return code 0
[2024-06-04T20:44:13.700-0300] {taskinstance.py:3498} INFO - 1 downstream tasks scheduled from follow-on schedule check
[2024-06-04T20:44:13.730-0300] {local_task_job_runner.py:222} INFO - ::endgroup::
[2024-06-04T20:49:26.143-0300] {local_task_job_runner.py:120} INFO - ::group::Pre task execution logs
[2024-06-04T20:49:26.192-0300] {taskinstance.py:2076} INFO - Dependencies all met for dep_context=non-requeueable deps ti=<TaskInstance: meu_dag.Cria_pasta scheduled__2024-05-28T09:00:00+00:00 [queued]>
[2024-06-04T20:49:26.199-0300] {taskinstance.py:2076} INFO - Dependencies all met for dep_context=requeueable deps ti=<TaskInstance: meu_dag.Cria_pasta scheduled__2024-05-28T09:00:00+00:00 [queued]>
[2024-06-04T20:49:26.199-0300] {taskinstance.py:2306} INFO - Starting attempt 1 of 1
[2024-06-04T20:49:26.231-0300] {taskinstance.py:2330} INFO - Executing <Task(BashOperator): Cria_pasta> on 2024-05-28 09:00:00+00:00
[2024-06-04T20:49:26.235-0300] {standard_task_runner.py:63} INFO - Started process 63711 to run task
[2024-06-04T20:49:26.253-0300] {standard_task_runner.py:90} INFO - Running: ['airflow', 'tasks', 'run', 'meu_dag', 'Cria_pasta', 'scheduled__2024-05-28T09:00:00+00:00', '--job-id', '201', '--raw', '--subdir', 'DAGS_FOLDER/meu_dag.py', '--cfg-path', '/tmp/tmp1oxjyjt5']
[2024-06-04T20:49:26.254-0300] {standard_task_runner.py:91} INFO - Job 201: Subtask Cria_pasta
[2024-06-04T20:49:26.368-0300] {task_command.py:426} INFO - Running <TaskInstance: meu_dag.Cria_pasta scheduled__2024-05-28T09:00:00+00:00 [running]> on host patricia-VirtualBox
[2024-06-04T20:49:26.603-0300] {taskinstance.py:2648} INFO - Exporting env vars: AIRFLOW_CTX_DAG_OWNER='airflow' AIRFLOW_CTX_DAG_ID='meu_dag' AIRFLOW_CTX_TASK_ID='Cria_pasta' AIRFLOW_CTX_EXECUTION_DATE='2024-05-28T09:00:00+00:00' AIRFLOW_CTX_TRY_NUMBER='1' AIRFLOW_CTX_DAG_RUN_ID='scheduled__2024-05-28T09:00:00+00:00'
[2024-06-04T20:49:26.605-0300] {taskinstance.py:430} INFO - ::endgroup::
[2024-06-04T20:49:26.605-0300] {subprocess.py:63} INFO - Tmp dir root location: /tmp
[2024-06-04T20:49:26.606-0300] {subprocess.py:75} INFO - Running command: ['/usr/bin/bash', '-c', 'mkdir -p "/home/patricia/Documentos/airflow/pasta_2024-05-28"']
[2024-06-04T20:49:26.618-0300] {subprocess.py:86} INFO - Output:
[2024-06-04T20:49:26.626-0300] {subprocess.py:97} INFO - Command exited with return code 0
[2024-06-04T20:49:26.627-0300] {taskinstance.py:441} INFO - ::group::Post task execution logs
[2024-06-04T20:49:26.674-0300] {taskinstance.py:1206} INFO - Marking task as SUCCESS. dag_id=meu_dag, task_id=Cria_pasta, run_id=scheduled__2024-05-28T09:00:00+00:00, execution_date=20240528T090000, start_date=20240604T234926, end_date=20240604T234926
[2024-06-04T20:49:26.901-0300] {local_task_job_runner.py:240} INFO - Task exited with return code 0
[2024-06-04T20:49:26.941-0300] {taskinstance.py:3498} INFO - 1 downstream tasks scheduled from follow-on schedule check
[2024-06-04T20:49:26.966-0300] {local_task_job_runner.py:222} INFO - ::endgroup::
[2024-06-04T20:58:58.070-0300] {local_task_job_runner.py:120} INFO - ::group::Pre task execution logs
[2024-06-04T20:58:58.098-0300] {taskinstance.py:2076} INFO - Dependencies all met for dep_context=non-requeueable deps ti=<TaskInstance: meu_dag.Cria_pasta scheduled__2024-05-28T09:00:00+00:00 [queued]>
[2024-06-04T20:58:58.123-0300] {taskinstance.py:2076} INFO - Dependencies all met for dep_context=requeueable deps ti=<TaskInstance: meu_dag.Cria_pasta scheduled__2024-05-28T09:00:00+00:00 [queued]>
[2024-06-04T20:58:58.124-0300] {taskinstance.py:2306} INFO - Starting attempt 1 of 1
[2024-06-04T20:58:58.181-0300] {taskinstance.py:2330} INFO - Executing <Task(BashOperator): Cria_pasta> on 2024-05-28 09:00:00+00:00
[2024-06-04T20:58:58.186-0300] {standard_task_runner.py:63} INFO - Started process 66046 to run task
[2024-06-04T20:58:58.190-0300] {standard_task_runner.py:90} INFO - Running: ['airflow', 'tasks', 'run', 'meu_dag', 'Cria_pasta', 'scheduled__2024-05-28T09:00:00+00:00', '--job-id', '207', '--raw', '--subdir', 'DAGS_FOLDER/meu_dag.py', '--cfg-path', '/tmp/tmp3d179toe']
[2024-06-04T20:58:58.192-0300] {standard_task_runner.py:91} INFO - Job 207: Subtask Cria_pasta
[2024-06-04T20:58:58.304-0300] {task_command.py:426} INFO - Running <TaskInstance: meu_dag.Cria_pasta scheduled__2024-05-28T09:00:00+00:00 [running]> on host patricia-VirtualBox
[2024-06-04T20:58:58.456-0300] {taskinstance.py:2648} INFO - Exporting env vars: AIRFLOW_CTX_DAG_OWNER='airflow' AIRFLOW_CTX_DAG_ID='meu_dag' AIRFLOW_CTX_TASK_ID='Cria_pasta' AIRFLOW_CTX_EXECUTION_DATE='2024-05-28T09:00:00+00:00' AIRFLOW_CTX_TRY_NUMBER='1' AIRFLOW_CTX_DAG_RUN_ID='scheduled__2024-05-28T09:00:00+00:00'
[2024-06-04T20:58:58.457-0300] {taskinstance.py:430} INFO - ::endgroup::
[2024-06-04T20:58:58.458-0300] {subprocess.py:63} INFO - Tmp dir root location: /tmp
[2024-06-04T20:58:58.459-0300] {subprocess.py:75} INFO - Running command: ['/usr/bin/bash', '-c', 'mkdir -p "/home/patricia/Documentos/airflow/pasta_2024-05-28"']
[2024-06-04T20:58:58.469-0300] {subprocess.py:86} INFO - Output:
[2024-06-04T20:58:58.483-0300] {subprocess.py:97} INFO - Command exited with return code 0
[2024-06-04T20:58:58.484-0300] {taskinstance.py:441} INFO - ::group::Post task execution logs
[2024-06-04T20:58:58.538-0300] {taskinstance.py:1206} INFO - Marking task as SUCCESS. dag_id=meu_dag, task_id=Cria_pasta, run_id=scheduled__2024-05-28T09:00:00+00:00, execution_date=20240528T090000, start_date=20240604T235858, end_date=20240604T235858
[2024-06-04T20:58:58.595-0300] {local_task_job_runner.py:240} INFO - Task exited with return code 0
[2024-06-04T20:58:58.632-0300] {taskinstance.py:3498} INFO - 1 downstream tasks scheduled from follow-on schedule check
[2024-06-04T20:58:58.653-0300] {local_task_job_runner.py:222} INFO - ::endgroup::
