[2024-06-04T17:06:46.098-0300] {local_task_job_runner.py:120} INFO - ::group::Pre task execution logs
[2024-06-04T17:06:46.153-0300] {taskinstance.py:2076} INFO - Dependencies all met for dep_context=non-requeueable deps ti=<TaskInstance: meu_dag.extrai_dados scheduled__2024-05-21T09:00:00+00:00 [queued]>
[2024-06-04T17:06:46.178-0300] {taskinstance.py:2076} INFO - Dependencies all met for dep_context=requeueable deps ti=<TaskInstance: meu_dag.extrai_dados scheduled__2024-05-21T09:00:00+00:00 [queued]>
[2024-06-04T17:06:46.178-0300] {taskinstance.py:2306} INFO - Starting attempt 1 of 1
[2024-06-04T17:06:46.212-0300] {taskinstance.py:2330} INFO - Executing <Task(PythonOperator): extrai_dados> on 2024-05-21 09:00:00+00:00
[2024-06-04T17:06:46.218-0300] {standard_task_runner.py:63} INFO - Started process 29966 to run task
[2024-06-04T17:06:46.229-0300] {standard_task_runner.py:90} INFO - Running: ['airflow', 'tasks', 'run', 'meu_dag', 'extrai_dados', 'scheduled__2024-05-21T09:00:00+00:00', '--job-id', '129', '--raw', '--subdir', 'DAGS_FOLDER/meu_dag.py', '--cfg-path', '/tmp/tmp75e7ah1g']
[2024-06-04T17:06:46.241-0300] {standard_task_runner.py:91} INFO - Job 129: Subtask extrai_dados
[2024-06-04T17:06:46.510-0300] {task_command.py:426} INFO - Running <TaskInstance: meu_dag.extrai_dados scheduled__2024-05-21T09:00:00+00:00 [running]> on host patricia-VirtualBox
[2024-06-04T17:06:46.787-0300] {taskinstance.py:2648} INFO - Exporting env vars: AIRFLOW_CTX_DAG_OWNER='airflow' AIRFLOW_CTX_DAG_ID='meu_dag' AIRFLOW_CTX_TASK_ID='extrai_dados' AIRFLOW_CTX_EXECUTION_DATE='2024-05-21T09:00:00+00:00' AIRFLOW_CTX_TRY_NUMBER='1' AIRFLOW_CTX_DAG_RUN_ID='scheduled__2024-05-21T09:00:00+00:00'
[2024-06-04T17:06:46.788-0300] {taskinstance.py:430} INFO - ::endgroup::
[2024-06-04T17:06:46.789-0300] {meu_dag.py:41} INFO - Baixando dados de https://weather.visualcrossing.com/VisualCrossingWebServices/rest/services/timeline/Boston/2024-05-21/2024-05-21?unitGroup=metric&include=days&key=LBGDWPHK4ZVDH8AJL5KDVAJC5&contentType=csv
[2024-06-04T17:06:47.589-0300] {meu_dag.py:47} INFO - Dados salvos em /home/patricia/Documentos/airflow/pasta_2024-05-21/
[2024-06-04T17:06:47.590-0300] {python.py:237} INFO - Done. Returned value was: None
[2024-06-04T17:06:47.593-0300] {taskinstance.py:441} INFO - ::group::Post task execution logs
[2024-06-04T17:06:47.645-0300] {taskinstance.py:1206} INFO - Marking task as SUCCESS. dag_id=meu_dag, task_id=extrai_dados, run_id=scheduled__2024-05-21T09:00:00+00:00, execution_date=20240521T090000, start_date=20240604T200646, end_date=20240604T200647
[2024-06-04T17:06:47.791-0300] {local_task_job_runner.py:240} INFO - Task exited with return code 0
[2024-06-04T17:06:47.823-0300] {taskinstance.py:3498} INFO - 0 downstream tasks scheduled from follow-on schedule check
[2024-06-04T17:06:47.830-0300] {local_task_job_runner.py:222} INFO - ::endgroup::
[2024-06-04T19:52:59.766-0300] {local_task_job_runner.py:120} INFO - ::group::Pre task execution logs
[2024-06-04T19:52:59.831-0300] {taskinstance.py:2076} INFO - Dependencies all met for dep_context=non-requeueable deps ti=<TaskInstance: meu_dag.extrai_dados scheduled__2024-05-21T09:00:00+00:00 [queued]>
[2024-06-04T19:52:59.851-0300] {taskinstance.py:2076} INFO - Dependencies all met for dep_context=requeueable deps ti=<TaskInstance: meu_dag.extrai_dados scheduled__2024-05-21T09:00:00+00:00 [queued]>
[2024-06-04T19:52:59.852-0300] {taskinstance.py:2306} INFO - Starting attempt 1 of 1
[2024-06-04T19:52:59.938-0300] {taskinstance.py:2330} INFO - Executing <Task(PythonOperator): extrai_dados> on 2024-05-21 09:00:00+00:00
[2024-06-04T19:52:59.950-0300] {standard_task_runner.py:63} INFO - Started process 53427 to run task
[2024-06-04T19:52:59.967-0300] {standard_task_runner.py:90} INFO - Running: ['airflow', 'tasks', 'run', 'meu_dag', 'extrai_dados', 'scheduled__2024-05-21T09:00:00+00:00', '--job-id', '176', '--raw', '--subdir', 'DAGS_FOLDER/meu_dag.py', '--cfg-path', '/tmp/tmpjp8m91ml']
[2024-06-04T19:52:59.969-0300] {standard_task_runner.py:91} INFO - Job 176: Subtask extrai_dados
[2024-06-04T19:53:00.264-0300] {task_command.py:426} INFO - Running <TaskInstance: meu_dag.extrai_dados scheduled__2024-05-21T09:00:00+00:00 [running]> on host patricia-VirtualBox
[2024-06-04T19:53:00.764-0300] {taskinstance.py:2648} INFO - Exporting env vars: AIRFLOW_CTX_DAG_OWNER='airflow' AIRFLOW_CTX_DAG_ID='meu_dag' AIRFLOW_CTX_TASK_ID='extrai_dados' AIRFLOW_CTX_EXECUTION_DATE='2024-05-21T09:00:00+00:00' AIRFLOW_CTX_TRY_NUMBER='1' AIRFLOW_CTX_DAG_RUN_ID='scheduled__2024-05-21T09:00:00+00:00'
[2024-06-04T19:53:00.768-0300] {taskinstance.py:430} INFO - ::endgroup::
[2024-06-04T19:53:00.770-0300] {meu_dag.py:41} INFO - Baixando dados de https://weather.visualcrossing.com/VisualCrossingWebServices/rest/services/timeline/Boston/2024-05-21/2024-05-21?unitGroup=metric&include=days&key=LBGDWPHK4ZVDH8AJL5KDVAJC5&contentType=csv
[2024-06-04T19:53:01.828-0300] {meu_dag.py:47} INFO - Dados salvos em /home/patricia/Documentos/airflow/pasta_2024-05-21/
[2024-06-04T19:53:01.829-0300] {python.py:237} INFO - Done. Returned value was: None
[2024-06-04T19:53:01.829-0300] {taskinstance.py:441} INFO - ::group::Post task execution logs
[2024-06-04T19:53:01.841-0300] {taskinstance.py:1206} INFO - Marking task as SUCCESS. dag_id=meu_dag, task_id=extrai_dados, run_id=scheduled__2024-05-21T09:00:00+00:00, execution_date=20240521T090000, start_date=20240604T225259, end_date=20240604T225301
[2024-06-04T19:53:02.017-0300] {local_task_job_runner.py:240} INFO - Task exited with return code 0
[2024-06-04T19:53:02.093-0300] {taskinstance.py:3498} INFO - 0 downstream tasks scheduled from follow-on schedule check
[2024-06-04T19:53:02.095-0300] {local_task_job_runner.py:222} INFO - ::endgroup::
