[2024-05-11T15:11:58.347-0300] {processor.py:161} INFO - Started process (PID=4612) to work on /home/patricia/Documentos/airflow/airflow_venv/lib/python3.10/site-packages/airflow/example_dags/plugins/event_listener.py
[2024-05-11T15:11:58.350-0300] {processor.py:830} INFO - Processing file /home/patricia/Documentos/airflow/airflow_venv/lib/python3.10/site-packages/airflow/example_dags/plugins/event_listener.py for tasks to queue
[2024-05-11T15:11:58.356-0300] {logging_mixin.py:188} INFO - [2024-05-11T15:11:58.353-0300] {dagbag.py:545} INFO - Filling up the DagBag from /home/patricia/Documentos/airflow/airflow_venv/lib/python3.10/site-packages/airflow/example_dags/plugins/event_listener.py
[2024-05-11T15:11:58.361-0300] {processor.py:842} WARNING - No viable dags retrieved from /home/patricia/Documentos/airflow/airflow_venv/lib/python3.10/site-packages/airflow/example_dags/plugins/event_listener.py
[2024-05-11T15:11:58.388-0300] {processor.py:183} INFO - Processing /home/patricia/Documentos/airflow/airflow_venv/lib/python3.10/site-packages/airflow/example_dags/plugins/event_listener.py took 0.052 seconds
[2024-05-11T15:14:24.334-0300] {processor.py:161} INFO - Started process (PID=4858) to work on /home/patricia/Documentos/airflow/airflow_venv/lib/python3.10/site-packages/airflow/example_dags/plugins/event_listener.py
[2024-05-11T15:14:24.338-0300] {processor.py:830} INFO - Processing file /home/patricia/Documentos/airflow/airflow_venv/lib/python3.10/site-packages/airflow/example_dags/plugins/event_listener.py for tasks to queue
[2024-05-11T15:14:24.340-0300] {logging_mixin.py:188} INFO - [2024-05-11T15:14:24.340-0300] {dagbag.py:545} INFO - Filling up the DagBag from /home/patricia/Documentos/airflow/airflow_venv/lib/python3.10/site-packages/airflow/example_dags/plugins/event_listener.py
[2024-05-11T15:14:24.343-0300] {processor.py:842} WARNING - No viable dags retrieved from /home/patricia/Documentos/airflow/airflow_venv/lib/python3.10/site-packages/airflow/example_dags/plugins/event_listener.py
[2024-05-11T15:14:24.357-0300] {processor.py:183} INFO - Processing /home/patricia/Documentos/airflow/airflow_venv/lib/python3.10/site-packages/airflow/example_dags/plugins/event_listener.py took 0.030 seconds
[2024-05-11T15:15:41.780-0300] {processor.py:161} INFO - Started process (PID=5029) to work on /home/patricia/Documentos/airflow/airflow_venv/lib/python3.10/site-packages/airflow/example_dags/plugins/event_listener.py
[2024-05-11T15:15:41.783-0300] {processor.py:830} INFO - Processing file /home/patricia/Documentos/airflow/airflow_venv/lib/python3.10/site-packages/airflow/example_dags/plugins/event_listener.py for tasks to queue
[2024-05-11T15:15:41.786-0300] {logging_mixin.py:188} INFO - [2024-05-11T15:15:41.786-0300] {dagbag.py:545} INFO - Filling up the DagBag from /home/patricia/Documentos/airflow/airflow_venv/lib/python3.10/site-packages/airflow/example_dags/plugins/event_listener.py
[2024-05-11T15:15:41.789-0300] {processor.py:842} WARNING - No viable dags retrieved from /home/patricia/Documentos/airflow/airflow_venv/lib/python3.10/site-packages/airflow/example_dags/plugins/event_listener.py
[2024-05-11T15:15:41.801-0300] {processor.py:183} INFO - Processing /home/patricia/Documentos/airflow/airflow_venv/lib/python3.10/site-packages/airflow/example_dags/plugins/event_listener.py took 0.028 seconds
[2024-05-11T15:16:40.380-0300] {processor.py:161} INFO - Started process (PID=5144) to work on /home/patricia/Documentos/airflow/airflow_venv/lib/python3.10/site-packages/airflow/example_dags/plugins/event_listener.py
[2024-05-11T15:16:40.385-0300] {processor.py:830} INFO - Processing file /home/patricia/Documentos/airflow/airflow_venv/lib/python3.10/site-packages/airflow/example_dags/plugins/event_listener.py for tasks to queue
[2024-05-11T15:16:40.387-0300] {logging_mixin.py:188} INFO - [2024-05-11T15:16:40.387-0300] {dagbag.py:545} INFO - Filling up the DagBag from /home/patricia/Documentos/airflow/airflow_venv/lib/python3.10/site-packages/airflow/example_dags/plugins/event_listener.py
[2024-05-11T15:16:40.390-0300] {processor.py:842} WARNING - No viable dags retrieved from /home/patricia/Documentos/airflow/airflow_venv/lib/python3.10/site-packages/airflow/example_dags/plugins/event_listener.py
[2024-05-11T15:16:40.410-0300] {processor.py:183} INFO - Processing /home/patricia/Documentos/airflow/airflow_venv/lib/python3.10/site-packages/airflow/example_dags/plugins/event_listener.py took 0.037 seconds
[2024-05-11T15:17:45.989-0300] {processor.py:161} INFO - Started process (PID=5302) to work on /home/patricia/Documentos/airflow/airflow_venv/lib/python3.10/site-packages/airflow/example_dags/plugins/event_listener.py
[2024-05-11T15:17:45.992-0300] {processor.py:830} INFO - Processing file /home/patricia/Documentos/airflow/airflow_venv/lib/python3.10/site-packages/airflow/example_dags/plugins/event_listener.py for tasks to queue
[2024-05-11T15:17:45.994-0300] {logging_mixin.py:188} INFO - [2024-05-11T15:17:45.994-0300] {dagbag.py:545} INFO - Filling up the DagBag from /home/patricia/Documentos/airflow/airflow_venv/lib/python3.10/site-packages/airflow/example_dags/plugins/event_listener.py
[2024-05-11T15:17:45.999-0300] {processor.py:842} WARNING - No viable dags retrieved from /home/patricia/Documentos/airflow/airflow_venv/lib/python3.10/site-packages/airflow/example_dags/plugins/event_listener.py
[2024-05-11T15:17:46.012-0300] {processor.py:183} INFO - Processing /home/patricia/Documentos/airflow/airflow_venv/lib/python3.10/site-packages/airflow/example_dags/plugins/event_listener.py took 0.029 seconds
[2024-05-11T15:18:56.543-0300] {processor.py:161} INFO - Started process (PID=5914) to work on /home/patricia/Documentos/airflow/airflow_venv/lib/python3.10/site-packages/airflow/example_dags/plugins/event_listener.py
[2024-05-11T15:18:56.547-0300] {processor.py:830} INFO - Processing file /home/patricia/Documentos/airflow/airflow_venv/lib/python3.10/site-packages/airflow/example_dags/plugins/event_listener.py for tasks to queue
[2024-05-11T15:18:56.551-0300] {logging_mixin.py:188} INFO - [2024-05-11T15:18:56.550-0300] {dagbag.py:545} INFO - Filling up the DagBag from /home/patricia/Documentos/airflow/airflow_venv/lib/python3.10/site-packages/airflow/example_dags/plugins/event_listener.py
[2024-05-11T15:18:56.558-0300] {processor.py:842} WARNING - No viable dags retrieved from /home/patricia/Documentos/airflow/airflow_venv/lib/python3.10/site-packages/airflow/example_dags/plugins/event_listener.py
[2024-05-11T15:18:56.587-0300] {processor.py:183} INFO - Processing /home/patricia/Documentos/airflow/airflow_venv/lib/python3.10/site-packages/airflow/example_dags/plugins/event_listener.py took 0.063 seconds
[2024-05-11T15:20:04.828-0300] {processor.py:161} INFO - Started process (PID=6061) to work on /home/patricia/Documentos/airflow/airflow_venv/lib/python3.10/site-packages/airflow/example_dags/plugins/event_listener.py
[2024-05-11T15:20:04.831-0300] {processor.py:830} INFO - Processing file /home/patricia/Documentos/airflow/airflow_venv/lib/python3.10/site-packages/airflow/example_dags/plugins/event_listener.py for tasks to queue
[2024-05-11T15:20:04.833-0300] {logging_mixin.py:188} INFO - [2024-05-11T15:20:04.833-0300] {dagbag.py:545} INFO - Filling up the DagBag from /home/patricia/Documentos/airflow/airflow_venv/lib/python3.10/site-packages/airflow/example_dags/plugins/event_listener.py
[2024-05-11T15:20:04.836-0300] {processor.py:842} WARNING - No viable dags retrieved from /home/patricia/Documentos/airflow/airflow_venv/lib/python3.10/site-packages/airflow/example_dags/plugins/event_listener.py
[2024-05-11T15:20:04.848-0300] {processor.py:183} INFO - Processing /home/patricia/Documentos/airflow/airflow_venv/lib/python3.10/site-packages/airflow/example_dags/plugins/event_listener.py took 0.028 seconds
[2024-05-11T15:22:00.486-0300] {processor.py:161} INFO - Started process (PID=6260) to work on /home/patricia/Documentos/airflow/airflow_venv/lib/python3.10/site-packages/airflow/example_dags/plugins/event_listener.py
[2024-05-11T15:22:00.489-0300] {processor.py:830} INFO - Processing file /home/patricia/Documentos/airflow/airflow_venv/lib/python3.10/site-packages/airflow/example_dags/plugins/event_listener.py for tasks to queue
[2024-05-11T15:22:00.492-0300] {logging_mixin.py:188} INFO - [2024-05-11T15:22:00.491-0300] {dagbag.py:545} INFO - Filling up the DagBag from /home/patricia/Documentos/airflow/airflow_venv/lib/python3.10/site-packages/airflow/example_dags/plugins/event_listener.py
[2024-05-11T15:22:00.495-0300] {processor.py:842} WARNING - No viable dags retrieved from /home/patricia/Documentos/airflow/airflow_venv/lib/python3.10/site-packages/airflow/example_dags/plugins/event_listener.py
[2024-05-11T15:22:00.509-0300] {processor.py:183} INFO - Processing /home/patricia/Documentos/airflow/airflow_venv/lib/python3.10/site-packages/airflow/example_dags/plugins/event_listener.py took 0.030 seconds
[2024-05-11T15:23:05.988-0300] {processor.py:161} INFO - Started process (PID=6402) to work on /home/patricia/Documentos/airflow/airflow_venv/lib/python3.10/site-packages/airflow/example_dags/plugins/event_listener.py
[2024-05-11T15:23:05.997-0300] {processor.py:830} INFO - Processing file /home/patricia/Documentos/airflow/airflow_venv/lib/python3.10/site-packages/airflow/example_dags/plugins/event_listener.py for tasks to queue
[2024-05-11T15:23:06.005-0300] {logging_mixin.py:188} INFO - [2024-05-11T15:23:06.003-0300] {dagbag.py:545} INFO - Filling up the DagBag from /home/patricia/Documentos/airflow/airflow_venv/lib/python3.10/site-packages/airflow/example_dags/plugins/event_listener.py
[2024-05-11T15:23:06.013-0300] {processor.py:842} WARNING - No viable dags retrieved from /home/patricia/Documentos/airflow/airflow_venv/lib/python3.10/site-packages/airflow/example_dags/plugins/event_listener.py
[2024-05-11T15:23:06.041-0300] {processor.py:183} INFO - Processing /home/patricia/Documentos/airflow/airflow_venv/lib/python3.10/site-packages/airflow/example_dags/plugins/event_listener.py took 0.066 seconds
[2024-05-11T15:24:07.279-0300] {processor.py:161} INFO - Started process (PID=6524) to work on /home/patricia/Documentos/airflow/airflow_venv/lib/python3.10/site-packages/airflow/example_dags/plugins/event_listener.py
[2024-05-11T15:24:07.281-0300] {processor.py:830} INFO - Processing file /home/patricia/Documentos/airflow/airflow_venv/lib/python3.10/site-packages/airflow/example_dags/plugins/event_listener.py for tasks to queue
[2024-05-11T15:24:07.284-0300] {logging_mixin.py:188} INFO - [2024-05-11T15:24:07.284-0300] {dagbag.py:545} INFO - Filling up the DagBag from /home/patricia/Documentos/airflow/airflow_venv/lib/python3.10/site-packages/airflow/example_dags/plugins/event_listener.py
[2024-05-11T15:24:07.289-0300] {processor.py:842} WARNING - No viable dags retrieved from /home/patricia/Documentos/airflow/airflow_venv/lib/python3.10/site-packages/airflow/example_dags/plugins/event_listener.py
[2024-05-11T15:24:07.301-0300] {processor.py:183} INFO - Processing /home/patricia/Documentos/airflow/airflow_venv/lib/python3.10/site-packages/airflow/example_dags/plugins/event_listener.py took 0.044 seconds
[2024-05-11T15:26:56.710-0300] {processor.py:161} INFO - Started process (PID=7580) to work on /home/patricia/Documentos/airflow/airflow_venv/lib/python3.10/site-packages/airflow/example_dags/plugins/event_listener.py
[2024-05-11T15:26:56.718-0300] {processor.py:830} INFO - Processing file /home/patricia/Documentos/airflow/airflow_venv/lib/python3.10/site-packages/airflow/example_dags/plugins/event_listener.py for tasks to queue
[2024-05-11T15:26:56.722-0300] {logging_mixin.py:188} INFO - [2024-05-11T15:26:56.721-0300] {dagbag.py:545} INFO - Filling up the DagBag from /home/patricia/Documentos/airflow/airflow_venv/lib/python3.10/site-packages/airflow/example_dags/plugins/event_listener.py
[2024-05-11T15:26:56.725-0300] {processor.py:842} WARNING - No viable dags retrieved from /home/patricia/Documentos/airflow/airflow_venv/lib/python3.10/site-packages/airflow/example_dags/plugins/event_listener.py
[2024-05-11T15:26:56.769-0300] {processor.py:183} INFO - Processing /home/patricia/Documentos/airflow/airflow_venv/lib/python3.10/site-packages/airflow/example_dags/plugins/event_listener.py took 0.065 seconds
[2024-05-11T15:28:29.494-0300] {processor.py:161} INFO - Started process (PID=7769) to work on /home/patricia/Documentos/airflow/airflow_venv/lib/python3.10/site-packages/airflow/example_dags/plugins/event_listener.py
[2024-05-11T15:28:29.497-0300] {processor.py:830} INFO - Processing file /home/patricia/Documentos/airflow/airflow_venv/lib/python3.10/site-packages/airflow/example_dags/plugins/event_listener.py for tasks to queue
[2024-05-11T15:28:29.499-0300] {logging_mixin.py:188} INFO - [2024-05-11T15:28:29.499-0300] {dagbag.py:545} INFO - Filling up the DagBag from /home/patricia/Documentos/airflow/airflow_venv/lib/python3.10/site-packages/airflow/example_dags/plugins/event_listener.py
[2024-05-11T15:28:29.503-0300] {processor.py:842} WARNING - No viable dags retrieved from /home/patricia/Documentos/airflow/airflow_venv/lib/python3.10/site-packages/airflow/example_dags/plugins/event_listener.py
[2024-05-11T15:28:29.518-0300] {processor.py:183} INFO - Processing /home/patricia/Documentos/airflow/airflow_venv/lib/python3.10/site-packages/airflow/example_dags/plugins/event_listener.py took 0.032 seconds
[2024-05-11T15:29:50.892-0300] {processor.py:161} INFO - Started process (PID=7928) to work on /home/patricia/Documentos/airflow/airflow_venv/lib/python3.10/site-packages/airflow/example_dags/plugins/event_listener.py
[2024-05-11T15:29:50.897-0300] {processor.py:830} INFO - Processing file /home/patricia/Documentos/airflow/airflow_venv/lib/python3.10/site-packages/airflow/example_dags/plugins/event_listener.py for tasks to queue
[2024-05-11T15:29:50.900-0300] {logging_mixin.py:188} INFO - [2024-05-11T15:29:50.900-0300] {dagbag.py:545} INFO - Filling up the DagBag from /home/patricia/Documentos/airflow/airflow_venv/lib/python3.10/site-packages/airflow/example_dags/plugins/event_listener.py
[2024-05-11T15:29:50.905-0300] {processor.py:842} WARNING - No viable dags retrieved from /home/patricia/Documentos/airflow/airflow_venv/lib/python3.10/site-packages/airflow/example_dags/plugins/event_listener.py
[2024-05-11T15:29:50.923-0300] {processor.py:183} INFO - Processing /home/patricia/Documentos/airflow/airflow_venv/lib/python3.10/site-packages/airflow/example_dags/plugins/event_listener.py took 0.039 seconds
[2024-05-11T15:31:17.924-0300] {processor.py:161} INFO - Started process (PID=8155) to work on /home/patricia/Documentos/airflow/airflow_venv/lib/python3.10/site-packages/airflow/example_dags/plugins/event_listener.py
[2024-05-11T15:31:17.930-0300] {processor.py:830} INFO - Processing file /home/patricia/Documentos/airflow/airflow_venv/lib/python3.10/site-packages/airflow/example_dags/plugins/event_listener.py for tasks to queue
[2024-05-11T15:31:17.937-0300] {logging_mixin.py:188} INFO - [2024-05-11T15:31:17.936-0300] {dagbag.py:545} INFO - Filling up the DagBag from /home/patricia/Documentos/airflow/airflow_venv/lib/python3.10/site-packages/airflow/example_dags/plugins/event_listener.py
[2024-05-11T15:31:17.943-0300] {processor.py:842} WARNING - No viable dags retrieved from /home/patricia/Documentos/airflow/airflow_venv/lib/python3.10/site-packages/airflow/example_dags/plugins/event_listener.py
[2024-05-11T15:31:17.970-0300] {processor.py:183} INFO - Processing /home/patricia/Documentos/airflow/airflow_venv/lib/python3.10/site-packages/airflow/example_dags/plugins/event_listener.py took 0.066 seconds
[2024-05-11T15:32:22.762-0300] {processor.py:161} INFO - Started process (PID=8405) to work on /home/patricia/Documentos/airflow/airflow_venv/lib/python3.10/site-packages/airflow/example_dags/plugins/event_listener.py
[2024-05-11T15:32:22.764-0300] {processor.py:830} INFO - Processing file /home/patricia/Documentos/airflow/airflow_venv/lib/python3.10/site-packages/airflow/example_dags/plugins/event_listener.py for tasks to queue
[2024-05-11T15:32:22.766-0300] {logging_mixin.py:188} INFO - [2024-05-11T15:32:22.766-0300] {dagbag.py:545} INFO - Filling up the DagBag from /home/patricia/Documentos/airflow/airflow_venv/lib/python3.10/site-packages/airflow/example_dags/plugins/event_listener.py
[2024-05-11T15:32:22.769-0300] {processor.py:842} WARNING - No viable dags retrieved from /home/patricia/Documentos/airflow/airflow_venv/lib/python3.10/site-packages/airflow/example_dags/plugins/event_listener.py
[2024-05-11T15:32:22.781-0300] {processor.py:183} INFO - Processing /home/patricia/Documentos/airflow/airflow_venv/lib/python3.10/site-packages/airflow/example_dags/plugins/event_listener.py took 0.026 seconds
[2024-05-11T15:33:28.543-0300] {processor.py:161} INFO - Started process (PID=8702) to work on /home/patricia/Documentos/airflow/airflow_venv/lib/python3.10/site-packages/airflow/example_dags/plugins/event_listener.py
[2024-05-11T15:33:28.551-0300] {processor.py:830} INFO - Processing file /home/patricia/Documentos/airflow/airflow_venv/lib/python3.10/site-packages/airflow/example_dags/plugins/event_listener.py for tasks to queue
[2024-05-11T15:33:28.559-0300] {logging_mixin.py:188} INFO - [2024-05-11T15:33:28.557-0300] {dagbag.py:545} INFO - Filling up the DagBag from /home/patricia/Documentos/airflow/airflow_venv/lib/python3.10/site-packages/airflow/example_dags/plugins/event_listener.py
[2024-05-11T15:33:28.568-0300] {processor.py:842} WARNING - No viable dags retrieved from /home/patricia/Documentos/airflow/airflow_venv/lib/python3.10/site-packages/airflow/example_dags/plugins/event_listener.py
[2024-05-11T15:33:28.598-0300] {processor.py:183} INFO - Processing /home/patricia/Documentos/airflow/airflow_venv/lib/python3.10/site-packages/airflow/example_dags/plugins/event_listener.py took 0.082 seconds
[2024-05-11T15:34:46.907-0300] {processor.py:161} INFO - Started process (PID=9354) to work on /home/patricia/Documentos/airflow/airflow_venv/lib/python3.10/site-packages/airflow/example_dags/plugins/event_listener.py
[2024-05-11T15:34:46.914-0300] {processor.py:830} INFO - Processing file /home/patricia/Documentos/airflow/airflow_venv/lib/python3.10/site-packages/airflow/example_dags/plugins/event_listener.py for tasks to queue
[2024-05-11T15:34:46.919-0300] {logging_mixin.py:188} INFO - [2024-05-11T15:34:46.918-0300] {dagbag.py:545} INFO - Filling up the DagBag from /home/patricia/Documentos/airflow/airflow_venv/lib/python3.10/site-packages/airflow/example_dags/plugins/event_listener.py
[2024-05-11T15:34:46.926-0300] {processor.py:842} WARNING - No viable dags retrieved from /home/patricia/Documentos/airflow/airflow_venv/lib/python3.10/site-packages/airflow/example_dags/plugins/event_listener.py
[2024-05-11T15:34:46.954-0300] {processor.py:183} INFO - Processing /home/patricia/Documentos/airflow/airflow_venv/lib/python3.10/site-packages/airflow/example_dags/plugins/event_listener.py took 0.081 seconds
[2024-05-11T15:36:02.409-0300] {processor.py:161} INFO - Started process (PID=9551) to work on /home/patricia/Documentos/airflow/airflow_venv/lib/python3.10/site-packages/airflow/example_dags/plugins/event_listener.py
[2024-05-11T15:36:02.411-0300] {processor.py:830} INFO - Processing file /home/patricia/Documentos/airflow/airflow_venv/lib/python3.10/site-packages/airflow/example_dags/plugins/event_listener.py for tasks to queue
[2024-05-11T15:36:02.415-0300] {logging_mixin.py:188} INFO - [2024-05-11T15:36:02.414-0300] {dagbag.py:545} INFO - Filling up the DagBag from /home/patricia/Documentos/airflow/airflow_venv/lib/python3.10/site-packages/airflow/example_dags/plugins/event_listener.py
[2024-05-11T15:36:02.418-0300] {processor.py:842} WARNING - No viable dags retrieved from /home/patricia/Documentos/airflow/airflow_venv/lib/python3.10/site-packages/airflow/example_dags/plugins/event_listener.py
[2024-05-11T15:36:02.431-0300] {processor.py:183} INFO - Processing /home/patricia/Documentos/airflow/airflow_venv/lib/python3.10/site-packages/airflow/example_dags/plugins/event_listener.py took 0.030 seconds
[2024-05-11T15:37:25.668-0300] {processor.py:161} INFO - Started process (PID=9836) to work on /home/patricia/Documentos/airflow/airflow_venv/lib/python3.10/site-packages/airflow/example_dags/plugins/event_listener.py
[2024-05-11T15:37:25.674-0300] {processor.py:830} INFO - Processing file /home/patricia/Documentos/airflow/airflow_venv/lib/python3.10/site-packages/airflow/example_dags/plugins/event_listener.py for tasks to queue
[2024-05-11T15:37:25.681-0300] {logging_mixin.py:188} INFO - [2024-05-11T15:37:25.677-0300] {dagbag.py:545} INFO - Filling up the DagBag from /home/patricia/Documentos/airflow/airflow_venv/lib/python3.10/site-packages/airflow/example_dags/plugins/event_listener.py
[2024-05-11T15:37:25.687-0300] {processor.py:842} WARNING - No viable dags retrieved from /home/patricia/Documentos/airflow/airflow_venv/lib/python3.10/site-packages/airflow/example_dags/plugins/event_listener.py
[2024-05-11T15:37:25.727-0300] {processor.py:183} INFO - Processing /home/patricia/Documentos/airflow/airflow_venv/lib/python3.10/site-packages/airflow/example_dags/plugins/event_listener.py took 0.099 seconds
[2024-05-11T15:39:12.456-0300] {processor.py:161} INFO - Started process (PID=10019) to work on /home/patricia/Documentos/airflow/airflow_venv/lib/python3.10/site-packages/airflow/example_dags/plugins/event_listener.py
[2024-05-11T15:39:12.459-0300] {processor.py:830} INFO - Processing file /home/patricia/Documentos/airflow/airflow_venv/lib/python3.10/site-packages/airflow/example_dags/plugins/event_listener.py for tasks to queue
[2024-05-11T15:39:12.463-0300] {logging_mixin.py:188} INFO - [2024-05-11T15:39:12.462-0300] {dagbag.py:545} INFO - Filling up the DagBag from /home/patricia/Documentos/airflow/airflow_venv/lib/python3.10/site-packages/airflow/example_dags/plugins/event_listener.py
[2024-05-11T15:39:12.468-0300] {processor.py:842} WARNING - No viable dags retrieved from /home/patricia/Documentos/airflow/airflow_venv/lib/python3.10/site-packages/airflow/example_dags/plugins/event_listener.py
[2024-05-11T15:39:12.501-0300] {processor.py:183} INFO - Processing /home/patricia/Documentos/airflow/airflow_venv/lib/python3.10/site-packages/airflow/example_dags/plugins/event_listener.py took 0.057 seconds
[2024-05-11T15:40:30.680-0300] {processor.py:161} INFO - Started process (PID=10559) to work on /home/patricia/Documentos/airflow/airflow_venv/lib/python3.10/site-packages/airflow/example_dags/plugins/event_listener.py
[2024-05-11T15:40:30.688-0300] {processor.py:830} INFO - Processing file /home/patricia/Documentos/airflow/airflow_venv/lib/python3.10/site-packages/airflow/example_dags/plugins/event_listener.py for tasks to queue
[2024-05-11T15:40:30.707-0300] {logging_mixin.py:188} INFO - [2024-05-11T15:40:30.706-0300] {dagbag.py:545} INFO - Filling up the DagBag from /home/patricia/Documentos/airflow/airflow_venv/lib/python3.10/site-packages/airflow/example_dags/plugins/event_listener.py
[2024-05-11T15:40:30.713-0300] {processor.py:842} WARNING - No viable dags retrieved from /home/patricia/Documentos/airflow/airflow_venv/lib/python3.10/site-packages/airflow/example_dags/plugins/event_listener.py
[2024-05-11T15:40:30.802-0300] {processor.py:183} INFO - Processing /home/patricia/Documentos/airflow/airflow_venv/lib/python3.10/site-packages/airflow/example_dags/plugins/event_listener.py took 0.155 seconds
[2024-05-11T16:29:02.795-0300] {processor.py:161} INFO - Started process (PID=11083) to work on /home/patricia/Documentos/airflow/airflow_venv/lib/python3.10/site-packages/airflow/example_dags/plugins/event_listener.py
[2024-05-11T16:29:02.807-0300] {processor.py:830} INFO - Processing file /home/patricia/Documentos/airflow/airflow_venv/lib/python3.10/site-packages/airflow/example_dags/plugins/event_listener.py for tasks to queue
[2024-05-11T16:29:02.814-0300] {logging_mixin.py:188} INFO - [2024-05-11T16:29:02.813-0300] {dagbag.py:545} INFO - Filling up the DagBag from /home/patricia/Documentos/airflow/airflow_venv/lib/python3.10/site-packages/airflow/example_dags/plugins/event_listener.py
[2024-05-11T16:29:02.820-0300] {processor.py:842} WARNING - No viable dags retrieved from /home/patricia/Documentos/airflow/airflow_venv/lib/python3.10/site-packages/airflow/example_dags/plugins/event_listener.py
[2024-05-11T16:29:02.875-0300] {processor.py:183} INFO - Processing /home/patricia/Documentos/airflow/airflow_venv/lib/python3.10/site-packages/airflow/example_dags/plugins/event_listener.py took 0.294 seconds
[2024-05-11T16:31:09.055-0300] {processor.py:161} INFO - Started process (PID=11327) to work on /home/patricia/Documentos/airflow/airflow_venv/lib/python3.10/site-packages/airflow/example_dags/plugins/event_listener.py
[2024-05-11T16:31:09.062-0300] {processor.py:830} INFO - Processing file /home/patricia/Documentos/airflow/airflow_venv/lib/python3.10/site-packages/airflow/example_dags/plugins/event_listener.py for tasks to queue
[2024-05-11T16:31:09.069-0300] {logging_mixin.py:188} INFO - [2024-05-11T16:31:09.067-0300] {dagbag.py:545} INFO - Filling up the DagBag from /home/patricia/Documentos/airflow/airflow_venv/lib/python3.10/site-packages/airflow/example_dags/plugins/event_listener.py
[2024-05-11T16:31:09.078-0300] {processor.py:842} WARNING - No viable dags retrieved from /home/patricia/Documentos/airflow/airflow_venv/lib/python3.10/site-packages/airflow/example_dags/plugins/event_listener.py
[2024-05-11T16:31:09.111-0300] {processor.py:183} INFO - Processing /home/patricia/Documentos/airflow/airflow_venv/lib/python3.10/site-packages/airflow/example_dags/plugins/event_listener.py took 0.077 seconds
[2024-05-11T16:33:12.251-0300] {processor.py:161} INFO - Started process (PID=11578) to work on /home/patricia/Documentos/airflow/airflow_venv/lib/python3.10/site-packages/airflow/example_dags/plugins/event_listener.py
[2024-05-11T16:33:12.258-0300] {processor.py:830} INFO - Processing file /home/patricia/Documentos/airflow/airflow_venv/lib/python3.10/site-packages/airflow/example_dags/plugins/event_listener.py for tasks to queue
[2024-05-11T16:33:12.266-0300] {logging_mixin.py:188} INFO - [2024-05-11T16:33:12.264-0300] {dagbag.py:545} INFO - Filling up the DagBag from /home/patricia/Documentos/airflow/airflow_venv/lib/python3.10/site-packages/airflow/example_dags/plugins/event_listener.py
[2024-05-11T16:33:12.275-0300] {processor.py:842} WARNING - No viable dags retrieved from /home/patricia/Documentos/airflow/airflow_venv/lib/python3.10/site-packages/airflow/example_dags/plugins/event_listener.py
[2024-05-11T16:33:12.319-0300] {processor.py:183} INFO - Processing /home/patricia/Documentos/airflow/airflow_venv/lib/python3.10/site-packages/airflow/example_dags/plugins/event_listener.py took 0.096 seconds
[2024-05-11T16:34:53.442-0300] {processor.py:161} INFO - Started process (PID=11766) to work on /home/patricia/Documentos/airflow/airflow_venv/lib/python3.10/site-packages/airflow/example_dags/plugins/event_listener.py
[2024-05-11T16:34:53.447-0300] {processor.py:830} INFO - Processing file /home/patricia/Documentos/airflow/airflow_venv/lib/python3.10/site-packages/airflow/example_dags/plugins/event_listener.py for tasks to queue
[2024-05-11T16:34:53.452-0300] {logging_mixin.py:188} INFO - [2024-05-11T16:34:53.451-0300] {dagbag.py:545} INFO - Filling up the DagBag from /home/patricia/Documentos/airflow/airflow_venv/lib/python3.10/site-packages/airflow/example_dags/plugins/event_listener.py
[2024-05-11T16:34:53.464-0300] {processor.py:842} WARNING - No viable dags retrieved from /home/patricia/Documentos/airflow/airflow_venv/lib/python3.10/site-packages/airflow/example_dags/plugins/event_listener.py
[2024-05-11T16:34:53.496-0300] {processor.py:183} INFO - Processing /home/patricia/Documentos/airflow/airflow_venv/lib/python3.10/site-packages/airflow/example_dags/plugins/event_listener.py took 0.074 seconds
[2024-05-11T16:36:31.666-0300] {processor.py:161} INFO - Started process (PID=11911) to work on /home/patricia/Documentos/airflow/airflow_venv/lib/python3.10/site-packages/airflow/example_dags/plugins/event_listener.py
[2024-05-11T16:36:31.689-0300] {processor.py:830} INFO - Processing file /home/patricia/Documentos/airflow/airflow_venv/lib/python3.10/site-packages/airflow/example_dags/plugins/event_listener.py for tasks to queue
[2024-05-11T16:36:31.698-0300] {logging_mixin.py:188} INFO - [2024-05-11T16:36:31.696-0300] {dagbag.py:545} INFO - Filling up the DagBag from /home/patricia/Documentos/airflow/airflow_venv/lib/python3.10/site-packages/airflow/example_dags/plugins/event_listener.py
[2024-05-11T16:36:31.706-0300] {processor.py:842} WARNING - No viable dags retrieved from /home/patricia/Documentos/airflow/airflow_venv/lib/python3.10/site-packages/airflow/example_dags/plugins/event_listener.py
[2024-05-11T16:36:31.734-0300] {processor.py:183} INFO - Processing /home/patricia/Documentos/airflow/airflow_venv/lib/python3.10/site-packages/airflow/example_dags/plugins/event_listener.py took 0.100 seconds
