[2024-05-11T15:11:55.566-0300] {processor.py:161} INFO - Started process (PID=4604) to work on /home/patricia/Documentos/airflow/airflow_venv/lib/python3.10/site-packages/airflow/example_dags/plugins/listener_plugin.py
[2024-05-11T15:11:55.569-0300] {processor.py:830} INFO - Processing file /home/patricia/Documentos/airflow/airflow_venv/lib/python3.10/site-packages/airflow/example_dags/plugins/listener_plugin.py for tasks to queue
[2024-05-11T15:11:55.572-0300] {logging_mixin.py:188} INFO - [2024-05-11T15:11:55.571-0300] {dagbag.py:545} INFO - Filling up the DagBag from /home/patricia/Documentos/airflow/airflow_venv/lib/python3.10/site-packages/airflow/example_dags/plugins/listener_plugin.py
[2024-05-11T15:11:55.576-0300] {processor.py:842} WARNING - No viable dags retrieved from /home/patricia/Documentos/airflow/airflow_venv/lib/python3.10/site-packages/airflow/example_dags/plugins/listener_plugin.py
[2024-05-11T15:11:55.933-0300] {processor.py:183} INFO - Processing /home/patricia/Documentos/airflow/airflow_venv/lib/python3.10/site-packages/airflow/example_dags/plugins/listener_plugin.py took 0.378 seconds
[2024-05-11T15:14:17.198-0300] {processor.py:161} INFO - Started process (PID=4838) to work on /home/patricia/Documentos/airflow/airflow_venv/lib/python3.10/site-packages/airflow/example_dags/plugins/listener_plugin.py
[2024-05-11T15:14:17.201-0300] {processor.py:830} INFO - Processing file /home/patricia/Documentos/airflow/airflow_venv/lib/python3.10/site-packages/airflow/example_dags/plugins/listener_plugin.py for tasks to queue
[2024-05-11T15:14:17.205-0300] {logging_mixin.py:188} INFO - [2024-05-11T15:14:17.204-0300] {dagbag.py:545} INFO - Filling up the DagBag from /home/patricia/Documentos/airflow/airflow_venv/lib/python3.10/site-packages/airflow/example_dags/plugins/listener_plugin.py
[2024-05-11T15:14:17.208-0300] {processor.py:842} WARNING - No viable dags retrieved from /home/patricia/Documentos/airflow/airflow_venv/lib/python3.10/site-packages/airflow/example_dags/plugins/listener_plugin.py
[2024-05-11T15:14:17.222-0300] {processor.py:183} INFO - Processing /home/patricia/Documentos/airflow/airflow_venv/lib/python3.10/site-packages/airflow/example_dags/plugins/listener_plugin.py took 0.031 seconds
[2024-05-11T15:15:39.438-0300] {processor.py:161} INFO - Started process (PID=5025) to work on /home/patricia/Documentos/airflow/airflow_venv/lib/python3.10/site-packages/airflow/example_dags/plugins/listener_plugin.py
[2024-05-11T15:15:39.441-0300] {processor.py:830} INFO - Processing file /home/patricia/Documentos/airflow/airflow_venv/lib/python3.10/site-packages/airflow/example_dags/plugins/listener_plugin.py for tasks to queue
[2024-05-11T15:15:39.445-0300] {logging_mixin.py:188} INFO - [2024-05-11T15:15:39.444-0300] {dagbag.py:545} INFO - Filling up the DagBag from /home/patricia/Documentos/airflow/airflow_venv/lib/python3.10/site-packages/airflow/example_dags/plugins/listener_plugin.py
[2024-05-11T15:15:39.449-0300] {processor.py:842} WARNING - No viable dags retrieved from /home/patricia/Documentos/airflow/airflow_venv/lib/python3.10/site-packages/airflow/example_dags/plugins/listener_plugin.py
[2024-05-11T15:15:39.479-0300] {processor.py:183} INFO - Processing /home/patricia/Documentos/airflow/airflow_venv/lib/python3.10/site-packages/airflow/example_dags/plugins/listener_plugin.py took 0.054 seconds
[2024-05-11T15:16:38.424-0300] {processor.py:161} INFO - Started process (PID=5142) to work on /home/patricia/Documentos/airflow/airflow_venv/lib/python3.10/site-packages/airflow/example_dags/plugins/listener_plugin.py
[2024-05-11T15:16:38.427-0300] {processor.py:830} INFO - Processing file /home/patricia/Documentos/airflow/airflow_venv/lib/python3.10/site-packages/airflow/example_dags/plugins/listener_plugin.py for tasks to queue
[2024-05-11T15:16:38.430-0300] {logging_mixin.py:188} INFO - [2024-05-11T15:16:38.429-0300] {dagbag.py:545} INFO - Filling up the DagBag from /home/patricia/Documentos/airflow/airflow_venv/lib/python3.10/site-packages/airflow/example_dags/plugins/listener_plugin.py
[2024-05-11T15:16:38.434-0300] {processor.py:842} WARNING - No viable dags retrieved from /home/patricia/Documentos/airflow/airflow_venv/lib/python3.10/site-packages/airflow/example_dags/plugins/listener_plugin.py
[2024-05-11T15:16:38.486-0300] {processor.py:183} INFO - Processing /home/patricia/Documentos/airflow/airflow_venv/lib/python3.10/site-packages/airflow/example_dags/plugins/listener_plugin.py took 0.072 seconds
[2024-05-11T15:17:43.544-0300] {processor.py:161} INFO - Started process (PID=5299) to work on /home/patricia/Documentos/airflow/airflow_venv/lib/python3.10/site-packages/airflow/example_dags/plugins/listener_plugin.py
[2024-05-11T15:17:43.550-0300] {processor.py:830} INFO - Processing file /home/patricia/Documentos/airflow/airflow_venv/lib/python3.10/site-packages/airflow/example_dags/plugins/listener_plugin.py for tasks to queue
[2024-05-11T15:17:43.557-0300] {logging_mixin.py:188} INFO - [2024-05-11T15:17:43.556-0300] {dagbag.py:545} INFO - Filling up the DagBag from /home/patricia/Documentos/airflow/airflow_venv/lib/python3.10/site-packages/airflow/example_dags/plugins/listener_plugin.py
[2024-05-11T15:17:43.571-0300] {processor.py:842} WARNING - No viable dags retrieved from /home/patricia/Documentos/airflow/airflow_venv/lib/python3.10/site-packages/airflow/example_dags/plugins/listener_plugin.py
[2024-05-11T15:17:43.695-0300] {processor.py:183} INFO - Processing /home/patricia/Documentos/airflow/airflow_venv/lib/python3.10/site-packages/airflow/example_dags/plugins/listener_plugin.py took 0.172 seconds
[2024-05-11T15:18:55.170-0300] {processor.py:161} INFO - Started process (PID=5912) to work on /home/patricia/Documentos/airflow/airflow_venv/lib/python3.10/site-packages/airflow/example_dags/plugins/listener_plugin.py
[2024-05-11T15:18:55.173-0300] {processor.py:830} INFO - Processing file /home/patricia/Documentos/airflow/airflow_venv/lib/python3.10/site-packages/airflow/example_dags/plugins/listener_plugin.py for tasks to queue
[2024-05-11T15:18:55.176-0300] {logging_mixin.py:188} INFO - [2024-05-11T15:18:55.175-0300] {dagbag.py:545} INFO - Filling up the DagBag from /home/patricia/Documentos/airflow/airflow_venv/lib/python3.10/site-packages/airflow/example_dags/plugins/listener_plugin.py
[2024-05-11T15:18:55.189-0300] {processor.py:842} WARNING - No viable dags retrieved from /home/patricia/Documentos/airflow/airflow_venv/lib/python3.10/site-packages/airflow/example_dags/plugins/listener_plugin.py
[2024-05-11T15:18:55.215-0300] {processor.py:183} INFO - Processing /home/patricia/Documentos/airflow/airflow_venv/lib/python3.10/site-packages/airflow/example_dags/plugins/listener_plugin.py took 0.062 seconds
[2024-05-11T15:20:03.322-0300] {processor.py:161} INFO - Started process (PID=6059) to work on /home/patricia/Documentos/airflow/airflow_venv/lib/python3.10/site-packages/airflow/example_dags/plugins/listener_plugin.py
[2024-05-11T15:20:03.325-0300] {processor.py:830} INFO - Processing file /home/patricia/Documentos/airflow/airflow_venv/lib/python3.10/site-packages/airflow/example_dags/plugins/listener_plugin.py for tasks to queue
[2024-05-11T15:20:03.327-0300] {logging_mixin.py:188} INFO - [2024-05-11T15:20:03.326-0300] {dagbag.py:545} INFO - Filling up the DagBag from /home/patricia/Documentos/airflow/airflow_venv/lib/python3.10/site-packages/airflow/example_dags/plugins/listener_plugin.py
[2024-05-11T15:20:03.331-0300] {processor.py:842} WARNING - No viable dags retrieved from /home/patricia/Documentos/airflow/airflow_venv/lib/python3.10/site-packages/airflow/example_dags/plugins/listener_plugin.py
[2024-05-11T15:20:03.343-0300] {processor.py:183} INFO - Processing /home/patricia/Documentos/airflow/airflow_venv/lib/python3.10/site-packages/airflow/example_dags/plugins/listener_plugin.py took 0.029 seconds
[2024-05-11T15:21:58.902-0300] {processor.py:161} INFO - Started process (PID=6257) to work on /home/patricia/Documentos/airflow/airflow_venv/lib/python3.10/site-packages/airflow/example_dags/plugins/listener_plugin.py
[2024-05-11T15:21:58.906-0300] {processor.py:830} INFO - Processing file /home/patricia/Documentos/airflow/airflow_venv/lib/python3.10/site-packages/airflow/example_dags/plugins/listener_plugin.py for tasks to queue
[2024-05-11T15:21:58.910-0300] {logging_mixin.py:188} INFO - [2024-05-11T15:21:58.909-0300] {dagbag.py:545} INFO - Filling up the DagBag from /home/patricia/Documentos/airflow/airflow_venv/lib/python3.10/site-packages/airflow/example_dags/plugins/listener_plugin.py
[2024-05-11T15:21:58.914-0300] {processor.py:842} WARNING - No viable dags retrieved from /home/patricia/Documentos/airflow/airflow_venv/lib/python3.10/site-packages/airflow/example_dags/plugins/listener_plugin.py
[2024-05-11T15:21:58.933-0300] {processor.py:183} INFO - Processing /home/patricia/Documentos/airflow/airflow_venv/lib/python3.10/site-packages/airflow/example_dags/plugins/listener_plugin.py took 0.043 seconds
[2024-05-11T15:23:03.632-0300] {processor.py:161} INFO - Started process (PID=6393) to work on /home/patricia/Documentos/airflow/airflow_venv/lib/python3.10/site-packages/airflow/example_dags/plugins/listener_plugin.py
[2024-05-11T15:23:03.634-0300] {processor.py:830} INFO - Processing file /home/patricia/Documentos/airflow/airflow_venv/lib/python3.10/site-packages/airflow/example_dags/plugins/listener_plugin.py for tasks to queue
[2024-05-11T15:23:03.637-0300] {logging_mixin.py:188} INFO - [2024-05-11T15:23:03.637-0300] {dagbag.py:545} INFO - Filling up the DagBag from /home/patricia/Documentos/airflow/airflow_venv/lib/python3.10/site-packages/airflow/example_dags/plugins/listener_plugin.py
[2024-05-11T15:23:03.640-0300] {processor.py:842} WARNING - No viable dags retrieved from /home/patricia/Documentos/airflow/airflow_venv/lib/python3.10/site-packages/airflow/example_dags/plugins/listener_plugin.py
[2024-05-11T15:23:03.653-0300] {processor.py:183} INFO - Processing /home/patricia/Documentos/airflow/airflow_venv/lib/python3.10/site-packages/airflow/example_dags/plugins/listener_plugin.py took 0.028 seconds
[2024-05-11T15:24:06.373-0300] {processor.py:161} INFO - Started process (PID=6522) to work on /home/patricia/Documentos/airflow/airflow_venv/lib/python3.10/site-packages/airflow/example_dags/plugins/listener_plugin.py
[2024-05-11T15:24:06.376-0300] {processor.py:830} INFO - Processing file /home/patricia/Documentos/airflow/airflow_venv/lib/python3.10/site-packages/airflow/example_dags/plugins/listener_plugin.py for tasks to queue
[2024-05-11T15:24:06.379-0300] {logging_mixin.py:188} INFO - [2024-05-11T15:24:06.379-0300] {dagbag.py:545} INFO - Filling up the DagBag from /home/patricia/Documentos/airflow/airflow_venv/lib/python3.10/site-packages/airflow/example_dags/plugins/listener_plugin.py
[2024-05-11T15:24:06.383-0300] {processor.py:842} WARNING - No viable dags retrieved from /home/patricia/Documentos/airflow/airflow_venv/lib/python3.10/site-packages/airflow/example_dags/plugins/listener_plugin.py
[2024-05-11T15:24:06.395-0300] {processor.py:183} INFO - Processing /home/patricia/Documentos/airflow/airflow_venv/lib/python3.10/site-packages/airflow/example_dags/plugins/listener_plugin.py took 0.030 seconds
[2024-05-11T15:25:04.595-0300] {processor.py:161} INFO - Started process (PID=6635) to work on /home/patricia/Documentos/airflow/airflow_venv/lib/python3.10/site-packages/airflow/example_dags/plugins/listener_plugin.py
[2024-05-11T15:25:04.598-0300] {processor.py:830} INFO - Processing file /home/patricia/Documentos/airflow/airflow_venv/lib/python3.10/site-packages/airflow/example_dags/plugins/listener_plugin.py for tasks to queue
[2024-05-11T15:25:04.601-0300] {logging_mixin.py:188} INFO - [2024-05-11T15:25:04.601-0300] {dagbag.py:545} INFO - Filling up the DagBag from /home/patricia/Documentos/airflow/airflow_venv/lib/python3.10/site-packages/airflow/example_dags/plugins/listener_plugin.py
[2024-05-11T15:25:04.604-0300] {processor.py:842} WARNING - No viable dags retrieved from /home/patricia/Documentos/airflow/airflow_venv/lib/python3.10/site-packages/airflow/example_dags/plugins/listener_plugin.py
[2024-05-11T15:25:04.617-0300] {processor.py:183} INFO - Processing /home/patricia/Documentos/airflow/airflow_venv/lib/python3.10/site-packages/airflow/example_dags/plugins/listener_plugin.py took 0.028 seconds
[2024-05-11T15:26:54.342-0300] {processor.py:161} INFO - Started process (PID=7576) to work on /home/patricia/Documentos/airflow/airflow_venv/lib/python3.10/site-packages/airflow/example_dags/plugins/listener_plugin.py
[2024-05-11T15:26:54.374-0300] {processor.py:830} INFO - Processing file /home/patricia/Documentos/airflow/airflow_venv/lib/python3.10/site-packages/airflow/example_dags/plugins/listener_plugin.py for tasks to queue
[2024-05-11T15:26:54.376-0300] {logging_mixin.py:188} INFO - [2024-05-11T15:26:54.376-0300] {dagbag.py:545} INFO - Filling up the DagBag from /home/patricia/Documentos/airflow/airflow_venv/lib/python3.10/site-packages/airflow/example_dags/plugins/listener_plugin.py
[2024-05-11T15:26:54.392-0300] {processor.py:842} WARNING - No viable dags retrieved from /home/patricia/Documentos/airflow/airflow_venv/lib/python3.10/site-packages/airflow/example_dags/plugins/listener_plugin.py
[2024-05-11T15:26:54.424-0300] {processor.py:183} INFO - Processing /home/patricia/Documentos/airflow/airflow_venv/lib/python3.10/site-packages/airflow/example_dags/plugins/listener_plugin.py took 0.092 seconds
[2024-05-11T15:28:27.088-0300] {processor.py:161} INFO - Started process (PID=7767) to work on /home/patricia/Documentos/airflow/airflow_venv/lib/python3.10/site-packages/airflow/example_dags/plugins/listener_plugin.py
[2024-05-11T15:28:27.091-0300] {processor.py:830} INFO - Processing file /home/patricia/Documentos/airflow/airflow_venv/lib/python3.10/site-packages/airflow/example_dags/plugins/listener_plugin.py for tasks to queue
[2024-05-11T15:28:27.103-0300] {logging_mixin.py:188} INFO - [2024-05-11T15:28:27.102-0300] {dagbag.py:545} INFO - Filling up the DagBag from /home/patricia/Documentos/airflow/airflow_venv/lib/python3.10/site-packages/airflow/example_dags/plugins/listener_plugin.py
[2024-05-11T15:28:27.109-0300] {processor.py:842} WARNING - No viable dags retrieved from /home/patricia/Documentos/airflow/airflow_venv/lib/python3.10/site-packages/airflow/example_dags/plugins/listener_plugin.py
[2024-05-11T15:28:27.125-0300] {processor.py:183} INFO - Processing /home/patricia/Documentos/airflow/airflow_venv/lib/python3.10/site-packages/airflow/example_dags/plugins/listener_plugin.py took 0.047 seconds
[2024-05-11T15:29:48.400-0300] {processor.py:161} INFO - Started process (PID=7926) to work on /home/patricia/Documentos/airflow/airflow_venv/lib/python3.10/site-packages/airflow/example_dags/plugins/listener_plugin.py
[2024-05-11T15:29:48.450-0300] {processor.py:830} INFO - Processing file /home/patricia/Documentos/airflow/airflow_venv/lib/python3.10/site-packages/airflow/example_dags/plugins/listener_plugin.py for tasks to queue
[2024-05-11T15:29:48.454-0300] {logging_mixin.py:188} INFO - [2024-05-11T15:29:48.453-0300] {dagbag.py:545} INFO - Filling up the DagBag from /home/patricia/Documentos/airflow/airflow_venv/lib/python3.10/site-packages/airflow/example_dags/plugins/listener_plugin.py
[2024-05-11T15:29:48.458-0300] {processor.py:842} WARNING - No viable dags retrieved from /home/patricia/Documentos/airflow/airflow_venv/lib/python3.10/site-packages/airflow/example_dags/plugins/listener_plugin.py
[2024-05-11T15:29:48.489-0300] {processor.py:183} INFO - Processing /home/patricia/Documentos/airflow/airflow_venv/lib/python3.10/site-packages/airflow/example_dags/plugins/listener_plugin.py took 0.101 seconds
[2024-05-11T15:31:15.590-0300] {processor.py:161} INFO - Started process (PID=8152) to work on /home/patricia/Documentos/airflow/airflow_venv/lib/python3.10/site-packages/airflow/example_dags/plugins/listener_plugin.py
[2024-05-11T15:31:15.593-0300] {processor.py:830} INFO - Processing file /home/patricia/Documentos/airflow/airflow_venv/lib/python3.10/site-packages/airflow/example_dags/plugins/listener_plugin.py for tasks to queue
[2024-05-11T15:31:15.595-0300] {logging_mixin.py:188} INFO - [2024-05-11T15:31:15.595-0300] {dagbag.py:545} INFO - Filling up the DagBag from /home/patricia/Documentos/airflow/airflow_venv/lib/python3.10/site-packages/airflow/example_dags/plugins/listener_plugin.py
[2024-05-11T15:31:15.599-0300] {processor.py:842} WARNING - No viable dags retrieved from /home/patricia/Documentos/airflow/airflow_venv/lib/python3.10/site-packages/airflow/example_dags/plugins/listener_plugin.py
[2024-05-11T15:31:15.612-0300] {processor.py:183} INFO - Processing /home/patricia/Documentos/airflow/airflow_venv/lib/python3.10/site-packages/airflow/example_dags/plugins/listener_plugin.py took 0.030 seconds
[2024-05-11T15:32:20.510-0300] {processor.py:161} INFO - Started process (PID=8400) to work on /home/patricia/Documentos/airflow/airflow_venv/lib/python3.10/site-packages/airflow/example_dags/plugins/listener_plugin.py
[2024-05-11T15:32:20.513-0300] {processor.py:830} INFO - Processing file /home/patricia/Documentos/airflow/airflow_venv/lib/python3.10/site-packages/airflow/example_dags/plugins/listener_plugin.py for tasks to queue
[2024-05-11T15:32:20.515-0300] {logging_mixin.py:188} INFO - [2024-05-11T15:32:20.515-0300] {dagbag.py:545} INFO - Filling up the DagBag from /home/patricia/Documentos/airflow/airflow_venv/lib/python3.10/site-packages/airflow/example_dags/plugins/listener_plugin.py
[2024-05-11T15:32:20.519-0300] {processor.py:842} WARNING - No viable dags retrieved from /home/patricia/Documentos/airflow/airflow_venv/lib/python3.10/site-packages/airflow/example_dags/plugins/listener_plugin.py
[2024-05-11T15:32:20.531-0300] {processor.py:183} INFO - Processing /home/patricia/Documentos/airflow/airflow_venv/lib/python3.10/site-packages/airflow/example_dags/plugins/listener_plugin.py took 0.028 seconds
[2024-05-11T15:33:26.419-0300] {processor.py:161} INFO - Started process (PID=8694) to work on /home/patricia/Documentos/airflow/airflow_venv/lib/python3.10/site-packages/airflow/example_dags/plugins/listener_plugin.py
[2024-05-11T15:33:26.422-0300] {processor.py:830} INFO - Processing file /home/patricia/Documentos/airflow/airflow_venv/lib/python3.10/site-packages/airflow/example_dags/plugins/listener_plugin.py for tasks to queue
[2024-05-11T15:33:26.425-0300] {logging_mixin.py:188} INFO - [2024-05-11T15:33:26.424-0300] {dagbag.py:545} INFO - Filling up the DagBag from /home/patricia/Documentos/airflow/airflow_venv/lib/python3.10/site-packages/airflow/example_dags/plugins/listener_plugin.py
[2024-05-11T15:33:26.428-0300] {processor.py:842} WARNING - No viable dags retrieved from /home/patricia/Documentos/airflow/airflow_venv/lib/python3.10/site-packages/airflow/example_dags/plugins/listener_plugin.py
[2024-05-11T15:33:26.441-0300] {processor.py:183} INFO - Processing /home/patricia/Documentos/airflow/airflow_venv/lib/python3.10/site-packages/airflow/example_dags/plugins/listener_plugin.py took 0.029 seconds
[2024-05-11T15:34:44.263-0300] {processor.py:161} INFO - Started process (PID=9345) to work on /home/patricia/Documentos/airflow/airflow_venv/lib/python3.10/site-packages/airflow/example_dags/plugins/listener_plugin.py
[2024-05-11T15:34:44.267-0300] {processor.py:830} INFO - Processing file /home/patricia/Documentos/airflow/airflow_venv/lib/python3.10/site-packages/airflow/example_dags/plugins/listener_plugin.py for tasks to queue
[2024-05-11T15:34:44.273-0300] {logging_mixin.py:188} INFO - [2024-05-11T15:34:44.271-0300] {dagbag.py:545} INFO - Filling up the DagBag from /home/patricia/Documentos/airflow/airflow_venv/lib/python3.10/site-packages/airflow/example_dags/plugins/listener_plugin.py
[2024-05-11T15:34:44.280-0300] {processor.py:842} WARNING - No viable dags retrieved from /home/patricia/Documentos/airflow/airflow_venv/lib/python3.10/site-packages/airflow/example_dags/plugins/listener_plugin.py
[2024-05-11T15:34:44.299-0300] {processor.py:183} INFO - Processing /home/patricia/Documentos/airflow/airflow_venv/lib/python3.10/site-packages/airflow/example_dags/plugins/listener_plugin.py took 0.048 seconds
[2024-05-11T15:36:00.233-0300] {processor.py:161} INFO - Started process (PID=9549) to work on /home/patricia/Documentos/airflow/airflow_venv/lib/python3.10/site-packages/airflow/example_dags/plugins/listener_plugin.py
[2024-05-11T15:36:00.249-0300] {processor.py:830} INFO - Processing file /home/patricia/Documentos/airflow/airflow_venv/lib/python3.10/site-packages/airflow/example_dags/plugins/listener_plugin.py for tasks to queue
[2024-05-11T15:36:00.254-0300] {logging_mixin.py:188} INFO - [2024-05-11T15:36:00.253-0300] {dagbag.py:545} INFO - Filling up the DagBag from /home/patricia/Documentos/airflow/airflow_venv/lib/python3.10/site-packages/airflow/example_dags/plugins/listener_plugin.py
[2024-05-11T15:36:00.260-0300] {processor.py:842} WARNING - No viable dags retrieved from /home/patricia/Documentos/airflow/airflow_venv/lib/python3.10/site-packages/airflow/example_dags/plugins/listener_plugin.py
[2024-05-11T15:36:00.283-0300] {processor.py:183} INFO - Processing /home/patricia/Documentos/airflow/airflow_venv/lib/python3.10/site-packages/airflow/example_dags/plugins/listener_plugin.py took 0.062 seconds
[2024-05-11T15:37:23.306-0300] {processor.py:161} INFO - Started process (PID=9834) to work on /home/patricia/Documentos/airflow/airflow_venv/lib/python3.10/site-packages/airflow/example_dags/plugins/listener_plugin.py
[2024-05-11T15:37:23.309-0300] {processor.py:830} INFO - Processing file /home/patricia/Documentos/airflow/airflow_venv/lib/python3.10/site-packages/airflow/example_dags/plugins/listener_plugin.py for tasks to queue
[2024-05-11T15:37:23.311-0300] {logging_mixin.py:188} INFO - [2024-05-11T15:37:23.311-0300] {dagbag.py:545} INFO - Filling up the DagBag from /home/patricia/Documentos/airflow/airflow_venv/lib/python3.10/site-packages/airflow/example_dags/plugins/listener_plugin.py
[2024-05-11T15:37:23.315-0300] {processor.py:842} WARNING - No viable dags retrieved from /home/patricia/Documentos/airflow/airflow_venv/lib/python3.10/site-packages/airflow/example_dags/plugins/listener_plugin.py
[2024-05-11T15:37:23.329-0300] {processor.py:183} INFO - Processing /home/patricia/Documentos/airflow/airflow_venv/lib/python3.10/site-packages/airflow/example_dags/plugins/listener_plugin.py took 0.030 seconds
[2024-05-11T15:39:09.765-0300] {processor.py:161} INFO - Started process (PID=10011) to work on /home/patricia/Documentos/airflow/airflow_venv/lib/python3.10/site-packages/airflow/example_dags/plugins/listener_plugin.py
[2024-05-11T15:39:09.770-0300] {processor.py:830} INFO - Processing file /home/patricia/Documentos/airflow/airflow_venv/lib/python3.10/site-packages/airflow/example_dags/plugins/listener_plugin.py for tasks to queue
[2024-05-11T15:39:09.777-0300] {logging_mixin.py:188} INFO - [2024-05-11T15:39:09.775-0300] {dagbag.py:545} INFO - Filling up the DagBag from /home/patricia/Documentos/airflow/airflow_venv/lib/python3.10/site-packages/airflow/example_dags/plugins/listener_plugin.py
[2024-05-11T15:39:09.788-0300] {processor.py:842} WARNING - No viable dags retrieved from /home/patricia/Documentos/airflow/airflow_venv/lib/python3.10/site-packages/airflow/example_dags/plugins/listener_plugin.py
[2024-05-11T15:39:09.826-0300] {processor.py:183} INFO - Processing /home/patricia/Documentos/airflow/airflow_venv/lib/python3.10/site-packages/airflow/example_dags/plugins/listener_plugin.py took 0.101 seconds
[2024-05-11T15:40:28.087-0300] {processor.py:161} INFO - Started process (PID=10552) to work on /home/patricia/Documentos/airflow/airflow_venv/lib/python3.10/site-packages/airflow/example_dags/plugins/listener_plugin.py
[2024-05-11T15:40:28.089-0300] {processor.py:830} INFO - Processing file /home/patricia/Documentos/airflow/airflow_venv/lib/python3.10/site-packages/airflow/example_dags/plugins/listener_plugin.py for tasks to queue
[2024-05-11T15:40:28.095-0300] {logging_mixin.py:188} INFO - [2024-05-11T15:40:28.092-0300] {dagbag.py:545} INFO - Filling up the DagBag from /home/patricia/Documentos/airflow/airflow_venv/lib/python3.10/site-packages/airflow/example_dags/plugins/listener_plugin.py
[2024-05-11T15:40:28.101-0300] {processor.py:842} WARNING - No viable dags retrieved from /home/patricia/Documentos/airflow/airflow_venv/lib/python3.10/site-packages/airflow/example_dags/plugins/listener_plugin.py
[2024-05-11T15:40:28.121-0300] {processor.py:183} INFO - Processing /home/patricia/Documentos/airflow/airflow_venv/lib/python3.10/site-packages/airflow/example_dags/plugins/listener_plugin.py took 0.050 seconds
[2024-05-11T16:29:00.047-0300] {processor.py:161} INFO - Started process (PID=11075) to work on /home/patricia/Documentos/airflow/airflow_venv/lib/python3.10/site-packages/airflow/example_dags/plugins/listener_plugin.py
[2024-05-11T16:29:00.063-0300] {processor.py:830} INFO - Processing file /home/patricia/Documentos/airflow/airflow_venv/lib/python3.10/site-packages/airflow/example_dags/plugins/listener_plugin.py for tasks to queue
[2024-05-11T16:29:00.074-0300] {logging_mixin.py:188} INFO - [2024-05-11T16:29:00.072-0300] {dagbag.py:545} INFO - Filling up the DagBag from /home/patricia/Documentos/airflow/airflow_venv/lib/python3.10/site-packages/airflow/example_dags/plugins/listener_plugin.py
[2024-05-11T16:29:00.089-0300] {processor.py:842} WARNING - No viable dags retrieved from /home/patricia/Documentos/airflow/airflow_venv/lib/python3.10/site-packages/airflow/example_dags/plugins/listener_plugin.py
[2024-05-11T16:29:00.152-0300] {processor.py:183} INFO - Processing /home/patricia/Documentos/airflow/airflow_venv/lib/python3.10/site-packages/airflow/example_dags/plugins/listener_plugin.py took 0.125 seconds
[2024-05-11T16:31:06.625-0300] {processor.py:161} INFO - Started process (PID=11324) to work on /home/patricia/Documentos/airflow/airflow_venv/lib/python3.10/site-packages/airflow/example_dags/plugins/listener_plugin.py
[2024-05-11T16:31:06.630-0300] {processor.py:830} INFO - Processing file /home/patricia/Documentos/airflow/airflow_venv/lib/python3.10/site-packages/airflow/example_dags/plugins/listener_plugin.py for tasks to queue
[2024-05-11T16:31:06.635-0300] {logging_mixin.py:188} INFO - [2024-05-11T16:31:06.634-0300] {dagbag.py:545} INFO - Filling up the DagBag from /home/patricia/Documentos/airflow/airflow_venv/lib/python3.10/site-packages/airflow/example_dags/plugins/listener_plugin.py
[2024-05-11T16:31:06.642-0300] {processor.py:842} WARNING - No viable dags retrieved from /home/patricia/Documentos/airflow/airflow_venv/lib/python3.10/site-packages/airflow/example_dags/plugins/listener_plugin.py
[2024-05-11T16:31:06.704-0300] {processor.py:183} INFO - Processing /home/patricia/Documentos/airflow/airflow_venv/lib/python3.10/site-packages/airflow/example_dags/plugins/listener_plugin.py took 0.104 seconds
[2024-05-11T16:33:09.641-0300] {processor.py:161} INFO - Started process (PID=11565) to work on /home/patricia/Documentos/airflow/airflow_venv/lib/python3.10/site-packages/airflow/example_dags/plugins/listener_plugin.py
[2024-05-11T16:33:09.648-0300] {processor.py:830} INFO - Processing file /home/patricia/Documentos/airflow/airflow_venv/lib/python3.10/site-packages/airflow/example_dags/plugins/listener_plugin.py for tasks to queue
[2024-05-11T16:33:09.654-0300] {logging_mixin.py:188} INFO - [2024-05-11T16:33:09.653-0300] {dagbag.py:545} INFO - Filling up the DagBag from /home/patricia/Documentos/airflow/airflow_venv/lib/python3.10/site-packages/airflow/example_dags/plugins/listener_plugin.py
[2024-05-11T16:33:09.661-0300] {processor.py:842} WARNING - No viable dags retrieved from /home/patricia/Documentos/airflow/airflow_venv/lib/python3.10/site-packages/airflow/example_dags/plugins/listener_plugin.py
[2024-05-11T16:33:09.692-0300] {processor.py:183} INFO - Processing /home/patricia/Documentos/airflow/airflow_venv/lib/python3.10/site-packages/airflow/example_dags/plugins/listener_plugin.py took 0.078 seconds
[2024-05-11T16:34:50.750-0300] {processor.py:161} INFO - Started process (PID=11764) to work on /home/patricia/Documentos/airflow/airflow_venv/lib/python3.10/site-packages/airflow/example_dags/plugins/listener_plugin.py
[2024-05-11T16:34:50.795-0300] {processor.py:830} INFO - Processing file /home/patricia/Documentos/airflow/airflow_venv/lib/python3.10/site-packages/airflow/example_dags/plugins/listener_plugin.py for tasks to queue
[2024-05-11T16:34:50.804-0300] {logging_mixin.py:188} INFO - [2024-05-11T16:34:50.802-0300] {dagbag.py:545} INFO - Filling up the DagBag from /home/patricia/Documentos/airflow/airflow_venv/lib/python3.10/site-packages/airflow/example_dags/plugins/listener_plugin.py
[2024-05-11T16:34:50.811-0300] {processor.py:842} WARNING - No viable dags retrieved from /home/patricia/Documentos/airflow/airflow_venv/lib/python3.10/site-packages/airflow/example_dags/plugins/listener_plugin.py
[2024-05-11T16:34:50.842-0300] {processor.py:183} INFO - Processing /home/patricia/Documentos/airflow/airflow_venv/lib/python3.10/site-packages/airflow/example_dags/plugins/listener_plugin.py took 0.110 seconds
[2024-05-11T16:36:29.706-0300] {processor.py:161} INFO - Started process (PID=11909) to work on /home/patricia/Documentos/airflow/airflow_venv/lib/python3.10/site-packages/airflow/example_dags/plugins/listener_plugin.py
[2024-05-11T16:36:29.711-0300] {processor.py:830} INFO - Processing file /home/patricia/Documentos/airflow/airflow_venv/lib/python3.10/site-packages/airflow/example_dags/plugins/listener_plugin.py for tasks to queue
[2024-05-11T16:36:29.716-0300] {logging_mixin.py:188} INFO - [2024-05-11T16:36:29.715-0300] {dagbag.py:545} INFO - Filling up the DagBag from /home/patricia/Documentos/airflow/airflow_venv/lib/python3.10/site-packages/airflow/example_dags/plugins/listener_plugin.py
[2024-05-11T16:36:29.723-0300] {processor.py:842} WARNING - No viable dags retrieved from /home/patricia/Documentos/airflow/airflow_venv/lib/python3.10/site-packages/airflow/example_dags/plugins/listener_plugin.py
[2024-05-11T16:36:29.750-0300] {processor.py:183} INFO - Processing /home/patricia/Documentos/airflow/airflow_venv/lib/python3.10/site-packages/airflow/example_dags/plugins/listener_plugin.py took 0.060 seconds
