[2024-05-11T15:11:58.607-0300] {processor.py:161} INFO - Started process (PID=4613) to work on /home/patricia/Documentos/airflow/airflow_venv/lib/python3.10/site-packages/airflow/example_dags/plugins/workday.py
[2024-05-11T15:11:58.613-0300] {processor.py:830} INFO - Processing file /home/patricia/Documentos/airflow/airflow_venv/lib/python3.10/site-packages/airflow/example_dags/plugins/workday.py for tasks to queue
[2024-05-11T15:11:58.619-0300] {logging_mixin.py:188} INFO - [2024-05-11T15:11:58.618-0300] {dagbag.py:545} INFO - Filling up the DagBag from /home/patricia/Documentos/airflow/airflow_venv/lib/python3.10/site-packages/airflow/example_dags/plugins/workday.py
[2024-05-11T15:11:59.950-0300] {processor.py:842} WARNING - No viable dags retrieved from /home/patricia/Documentos/airflow/airflow_venv/lib/python3.10/site-packages/airflow/example_dags/plugins/workday.py
[2024-05-11T15:11:59.960-0300] {processor.py:183} INFO - Processing /home/patricia/Documentos/airflow/airflow_venv/lib/python3.10/site-packages/airflow/example_dags/plugins/workday.py took 1.365 seconds
[2024-05-11T15:14:25.544-0300] {processor.py:161} INFO - Started process (PID=4859) to work on /home/patricia/Documentos/airflow/airflow_venv/lib/python3.10/site-packages/airflow/example_dags/plugins/workday.py
[2024-05-11T15:14:25.546-0300] {processor.py:830} INFO - Processing file /home/patricia/Documentos/airflow/airflow_venv/lib/python3.10/site-packages/airflow/example_dags/plugins/workday.py for tasks to queue
[2024-05-11T15:14:25.549-0300] {logging_mixin.py:188} INFO - [2024-05-11T15:14:25.548-0300] {dagbag.py:545} INFO - Filling up the DagBag from /home/patricia/Documentos/airflow/airflow_venv/lib/python3.10/site-packages/airflow/example_dags/plugins/workday.py
[2024-05-11T15:14:26.053-0300] {processor.py:842} WARNING - No viable dags retrieved from /home/patricia/Documentos/airflow/airflow_venv/lib/python3.10/site-packages/airflow/example_dags/plugins/workday.py
[2024-05-11T15:14:26.061-0300] {processor.py:183} INFO - Processing /home/patricia/Documentos/airflow/airflow_venv/lib/python3.10/site-packages/airflow/example_dags/plugins/workday.py took 0.527 seconds
[2024-05-11T15:15:42.982-0300] {processor.py:161} INFO - Started process (PID=5030) to work on /home/patricia/Documentos/airflow/airflow_venv/lib/python3.10/site-packages/airflow/example_dags/plugins/workday.py
[2024-05-11T15:15:42.984-0300] {processor.py:830} INFO - Processing file /home/patricia/Documentos/airflow/airflow_venv/lib/python3.10/site-packages/airflow/example_dags/plugins/workday.py for tasks to queue
[2024-05-11T15:15:42.990-0300] {logging_mixin.py:188} INFO - [2024-05-11T15:15:42.990-0300] {dagbag.py:545} INFO - Filling up the DagBag from /home/patricia/Documentos/airflow/airflow_venv/lib/python3.10/site-packages/airflow/example_dags/plugins/workday.py
[2024-05-11T15:15:43.641-0300] {processor.py:842} WARNING - No viable dags retrieved from /home/patricia/Documentos/airflow/airflow_venv/lib/python3.10/site-packages/airflow/example_dags/plugins/workday.py
[2024-05-11T15:15:43.659-0300] {processor.py:183} INFO - Processing /home/patricia/Documentos/airflow/airflow_venv/lib/python3.10/site-packages/airflow/example_dags/plugins/workday.py took 0.711 seconds
[2024-05-11T15:16:41.554-0300] {processor.py:161} INFO - Started process (PID=5146) to work on /home/patricia/Documentos/airflow/airflow_venv/lib/python3.10/site-packages/airflow/example_dags/plugins/workday.py
[2024-05-11T15:16:41.557-0300] {processor.py:830} INFO - Processing file /home/patricia/Documentos/airflow/airflow_venv/lib/python3.10/site-packages/airflow/example_dags/plugins/workday.py for tasks to queue
[2024-05-11T15:16:41.560-0300] {logging_mixin.py:188} INFO - [2024-05-11T15:16:41.559-0300] {dagbag.py:545} INFO - Filling up the DagBag from /home/patricia/Documentos/airflow/airflow_venv/lib/python3.10/site-packages/airflow/example_dags/plugins/workday.py
[2024-05-11T15:16:42.039-0300] {processor.py:842} WARNING - No viable dags retrieved from /home/patricia/Documentos/airflow/airflow_venv/lib/python3.10/site-packages/airflow/example_dags/plugins/workday.py
[2024-05-11T15:16:42.063-0300] {processor.py:183} INFO - Processing /home/patricia/Documentos/airflow/airflow_venv/lib/python3.10/site-packages/airflow/example_dags/plugins/workday.py took 0.519 seconds
[2024-05-11T15:17:46.706-0300] {processor.py:161} INFO - Started process (PID=5303) to work on /home/patricia/Documentos/airflow/airflow_venv/lib/python3.10/site-packages/airflow/example_dags/plugins/workday.py
[2024-05-11T15:17:46.709-0300] {processor.py:830} INFO - Processing file /home/patricia/Documentos/airflow/airflow_venv/lib/python3.10/site-packages/airflow/example_dags/plugins/workday.py for tasks to queue
[2024-05-11T15:17:46.711-0300] {logging_mixin.py:188} INFO - [2024-05-11T15:17:46.710-0300] {dagbag.py:545} INFO - Filling up the DagBag from /home/patricia/Documentos/airflow/airflow_venv/lib/python3.10/site-packages/airflow/example_dags/plugins/workday.py
[2024-05-11T15:17:47.383-0300] {processor.py:842} WARNING - No viable dags retrieved from /home/patricia/Documentos/airflow/airflow_venv/lib/python3.10/site-packages/airflow/example_dags/plugins/workday.py
[2024-05-11T15:17:47.405-0300] {processor.py:183} INFO - Processing /home/patricia/Documentos/airflow/airflow_venv/lib/python3.10/site-packages/airflow/example_dags/plugins/workday.py took 0.707 seconds
[2024-05-11T15:18:57.714-0300] {processor.py:161} INFO - Started process (PID=5916) to work on /home/patricia/Documentos/airflow/airflow_venv/lib/python3.10/site-packages/airflow/example_dags/plugins/workday.py
[2024-05-11T15:18:57.718-0300] {processor.py:830} INFO - Processing file /home/patricia/Documentos/airflow/airflow_venv/lib/python3.10/site-packages/airflow/example_dags/plugins/workday.py for tasks to queue
[2024-05-11T15:18:57.721-0300] {logging_mixin.py:188} INFO - [2024-05-11T15:18:57.720-0300] {dagbag.py:545} INFO - Filling up the DagBag from /home/patricia/Documentos/airflow/airflow_venv/lib/python3.10/site-packages/airflow/example_dags/plugins/workday.py
[2024-05-11T15:18:58.363-0300] {processor.py:842} WARNING - No viable dags retrieved from /home/patricia/Documentos/airflow/airflow_venv/lib/python3.10/site-packages/airflow/example_dags/plugins/workday.py
[2024-05-11T15:18:58.383-0300] {processor.py:183} INFO - Processing /home/patricia/Documentos/airflow/airflow_venv/lib/python3.10/site-packages/airflow/example_dags/plugins/workday.py took 0.696 seconds
[2024-05-11T15:20:05.662-0300] {processor.py:161} INFO - Started process (PID=6062) to work on /home/patricia/Documentos/airflow/airflow_venv/lib/python3.10/site-packages/airflow/example_dags/plugins/workday.py
[2024-05-11T15:20:05.671-0300] {processor.py:830} INFO - Processing file /home/patricia/Documentos/airflow/airflow_venv/lib/python3.10/site-packages/airflow/example_dags/plugins/workday.py for tasks to queue
[2024-05-11T15:20:05.678-0300] {logging_mixin.py:188} INFO - [2024-05-11T15:20:05.677-0300] {dagbag.py:545} INFO - Filling up the DagBag from /home/patricia/Documentos/airflow/airflow_venv/lib/python3.10/site-packages/airflow/example_dags/plugins/workday.py
[2024-05-11T15:20:06.132-0300] {processor.py:842} WARNING - No viable dags retrieved from /home/patricia/Documentos/airflow/airflow_venv/lib/python3.10/site-packages/airflow/example_dags/plugins/workday.py
[2024-05-11T15:20:06.149-0300] {processor.py:183} INFO - Processing /home/patricia/Documentos/airflow/airflow_venv/lib/python3.10/site-packages/airflow/example_dags/plugins/workday.py took 0.516 seconds
[2024-05-11T15:22:01.660-0300] {processor.py:161} INFO - Started process (PID=6261) to work on /home/patricia/Documentos/airflow/airflow_venv/lib/python3.10/site-packages/airflow/example_dags/plugins/workday.py
[2024-05-11T15:22:01.666-0300] {processor.py:830} INFO - Processing file /home/patricia/Documentos/airflow/airflow_venv/lib/python3.10/site-packages/airflow/example_dags/plugins/workday.py for tasks to queue
[2024-05-11T15:22:01.670-0300] {logging_mixin.py:188} INFO - [2024-05-11T15:22:01.669-0300] {dagbag.py:545} INFO - Filling up the DagBag from /home/patricia/Documentos/airflow/airflow_venv/lib/python3.10/site-packages/airflow/example_dags/plugins/workday.py
[2024-05-11T15:22:02.492-0300] {processor.py:842} WARNING - No viable dags retrieved from /home/patricia/Documentos/airflow/airflow_venv/lib/python3.10/site-packages/airflow/example_dags/plugins/workday.py
[2024-05-11T15:22:02.517-0300] {processor.py:183} INFO - Processing /home/patricia/Documentos/airflow/airflow_venv/lib/python3.10/site-packages/airflow/example_dags/plugins/workday.py took 0.871 seconds
[2024-05-11T15:23:06.695-0300] {processor.py:161} INFO - Started process (PID=6403) to work on /home/patricia/Documentos/airflow/airflow_venv/lib/python3.10/site-packages/airflow/example_dags/plugins/workday.py
[2024-05-11T15:23:06.697-0300] {processor.py:830} INFO - Processing file /home/patricia/Documentos/airflow/airflow_venv/lib/python3.10/site-packages/airflow/example_dags/plugins/workday.py for tasks to queue
[2024-05-11T15:23:06.699-0300] {logging_mixin.py:188} INFO - [2024-05-11T15:23:06.699-0300] {dagbag.py:545} INFO - Filling up the DagBag from /home/patricia/Documentos/airflow/airflow_venv/lib/python3.10/site-packages/airflow/example_dags/plugins/workday.py
[2024-05-11T15:23:07.143-0300] {processor.py:842} WARNING - No viable dags retrieved from /home/patricia/Documentos/airflow/airflow_venv/lib/python3.10/site-packages/airflow/example_dags/plugins/workday.py
[2024-05-11T15:23:07.154-0300] {processor.py:183} INFO - Processing /home/patricia/Documentos/airflow/airflow_venv/lib/python3.10/site-packages/airflow/example_dags/plugins/workday.py took 0.466 seconds
[2024-05-11T15:24:08.457-0300] {processor.py:161} INFO - Started process (PID=6525) to work on /home/patricia/Documentos/airflow/airflow_venv/lib/python3.10/site-packages/airflow/example_dags/plugins/workday.py
[2024-05-11T15:24:08.460-0300] {processor.py:830} INFO - Processing file /home/patricia/Documentos/airflow/airflow_venv/lib/python3.10/site-packages/airflow/example_dags/plugins/workday.py for tasks to queue
[2024-05-11T15:24:08.463-0300] {logging_mixin.py:188} INFO - [2024-05-11T15:24:08.462-0300] {dagbag.py:545} INFO - Filling up the DagBag from /home/patricia/Documentos/airflow/airflow_venv/lib/python3.10/site-packages/airflow/example_dags/plugins/workday.py
[2024-05-11T15:24:08.891-0300] {processor.py:842} WARNING - No viable dags retrieved from /home/patricia/Documentos/airflow/airflow_venv/lib/python3.10/site-packages/airflow/example_dags/plugins/workday.py
[2024-05-11T15:24:08.903-0300] {processor.py:183} INFO - Processing /home/patricia/Documentos/airflow/airflow_venv/lib/python3.10/site-packages/airflow/example_dags/plugins/workday.py took 0.455 seconds
[2024-05-11T15:26:57.435-0300] {processor.py:161} INFO - Started process (PID=7581) to work on /home/patricia/Documentos/airflow/airflow_venv/lib/python3.10/site-packages/airflow/example_dags/plugins/workday.py
[2024-05-11T15:26:57.442-0300] {processor.py:830} INFO - Processing file /home/patricia/Documentos/airflow/airflow_venv/lib/python3.10/site-packages/airflow/example_dags/plugins/workday.py for tasks to queue
[2024-05-11T15:26:57.478-0300] {logging_mixin.py:188} INFO - [2024-05-11T15:26:57.477-0300] {dagbag.py:545} INFO - Filling up the DagBag from /home/patricia/Documentos/airflow/airflow_venv/lib/python3.10/site-packages/airflow/example_dags/plugins/workday.py
[2024-05-11T15:26:58.905-0300] {processor.py:842} WARNING - No viable dags retrieved from /home/patricia/Documentos/airflow/airflow_venv/lib/python3.10/site-packages/airflow/example_dags/plugins/workday.py
[2024-05-11T15:26:58.919-0300] {processor.py:183} INFO - Processing /home/patricia/Documentos/airflow/airflow_venv/lib/python3.10/site-packages/airflow/example_dags/plugins/workday.py took 1.665 seconds
[2024-05-11T15:28:30.700-0300] {processor.py:161} INFO - Started process (PID=7770) to work on /home/patricia/Documentos/airflow/airflow_venv/lib/python3.10/site-packages/airflow/example_dags/plugins/workday.py
[2024-05-11T15:28:30.703-0300] {processor.py:830} INFO - Processing file /home/patricia/Documentos/airflow/airflow_venv/lib/python3.10/site-packages/airflow/example_dags/plugins/workday.py for tasks to queue
[2024-05-11T15:28:30.706-0300] {logging_mixin.py:188} INFO - [2024-05-11T15:28:30.705-0300] {dagbag.py:545} INFO - Filling up the DagBag from /home/patricia/Documentos/airflow/airflow_venv/lib/python3.10/site-packages/airflow/example_dags/plugins/workday.py
[2024-05-11T15:28:31.292-0300] {processor.py:842} WARNING - No viable dags retrieved from /home/patricia/Documentos/airflow/airflow_venv/lib/python3.10/site-packages/airflow/example_dags/plugins/workday.py
[2024-05-11T15:28:31.314-0300] {processor.py:183} INFO - Processing /home/patricia/Documentos/airflow/airflow_venv/lib/python3.10/site-packages/airflow/example_dags/plugins/workday.py took 0.629 seconds
[2024-05-11T15:29:52.109-0300] {processor.py:161} INFO - Started process (PID=7930) to work on /home/patricia/Documentos/airflow/airflow_venv/lib/python3.10/site-packages/airflow/example_dags/plugins/workday.py
[2024-05-11T15:29:52.189-0300] {processor.py:830} INFO - Processing file /home/patricia/Documentos/airflow/airflow_venv/lib/python3.10/site-packages/airflow/example_dags/plugins/workday.py for tasks to queue
[2024-05-11T15:29:52.192-0300] {logging_mixin.py:188} INFO - [2024-05-11T15:29:52.192-0300] {dagbag.py:545} INFO - Filling up the DagBag from /home/patricia/Documentos/airflow/airflow_venv/lib/python3.10/site-packages/airflow/example_dags/plugins/workday.py
[2024-05-11T15:29:52.930-0300] {processor.py:842} WARNING - No viable dags retrieved from /home/patricia/Documentos/airflow/airflow_venv/lib/python3.10/site-packages/airflow/example_dags/plugins/workday.py
[2024-05-11T15:29:53.002-0300] {processor.py:183} INFO - Processing /home/patricia/Documentos/airflow/airflow_venv/lib/python3.10/site-packages/airflow/example_dags/plugins/workday.py took 0.901 seconds
[2024-05-11T15:31:19.098-0300] {processor.py:161} INFO - Started process (PID=8157) to work on /home/patricia/Documentos/airflow/airflow_venv/lib/python3.10/site-packages/airflow/example_dags/plugins/workday.py
[2024-05-11T15:31:19.104-0300] {processor.py:830} INFO - Processing file /home/patricia/Documentos/airflow/airflow_venv/lib/python3.10/site-packages/airflow/example_dags/plugins/workday.py for tasks to queue
[2024-05-11T15:31:19.109-0300] {logging_mixin.py:188} INFO - [2024-05-11T15:31:19.108-0300] {dagbag.py:545} INFO - Filling up the DagBag from /home/patricia/Documentos/airflow/airflow_venv/lib/python3.10/site-packages/airflow/example_dags/plugins/workday.py
[2024-05-11T15:31:19.712-0300] {processor.py:842} WARNING - No viable dags retrieved from /home/patricia/Documentos/airflow/airflow_venv/lib/python3.10/site-packages/airflow/example_dags/plugins/workday.py
[2024-05-11T15:31:19.724-0300] {processor.py:183} INFO - Processing /home/patricia/Documentos/airflow/airflow_venv/lib/python3.10/site-packages/airflow/example_dags/plugins/workday.py took 0.641 seconds
[2024-05-11T15:32:23.904-0300] {processor.py:161} INFO - Started process (PID=8406) to work on /home/patricia/Documentos/airflow/airflow_venv/lib/python3.10/site-packages/airflow/example_dags/plugins/workday.py
[2024-05-11T15:32:23.909-0300] {processor.py:830} INFO - Processing file /home/patricia/Documentos/airflow/airflow_venv/lib/python3.10/site-packages/airflow/example_dags/plugins/workday.py for tasks to queue
[2024-05-11T15:32:23.912-0300] {logging_mixin.py:188} INFO - [2024-05-11T15:32:23.911-0300] {dagbag.py:545} INFO - Filling up the DagBag from /home/patricia/Documentos/airflow/airflow_venv/lib/python3.10/site-packages/airflow/example_dags/plugins/workday.py
[2024-05-11T15:32:24.429-0300] {processor.py:842} WARNING - No viable dags retrieved from /home/patricia/Documentos/airflow/airflow_venv/lib/python3.10/site-packages/airflow/example_dags/plugins/workday.py
[2024-05-11T15:32:24.441-0300] {processor.py:183} INFO - Processing /home/patricia/Documentos/airflow/airflow_venv/lib/python3.10/site-packages/airflow/example_dags/plugins/workday.py took 0.544 seconds
[2024-05-11T15:33:29.789-0300] {processor.py:161} INFO - Started process (PID=8705) to work on /home/patricia/Documentos/airflow/airflow_venv/lib/python3.10/site-packages/airflow/example_dags/plugins/workday.py
[2024-05-11T15:33:29.792-0300] {processor.py:830} INFO - Processing file /home/patricia/Documentos/airflow/airflow_venv/lib/python3.10/site-packages/airflow/example_dags/plugins/workday.py for tasks to queue
[2024-05-11T15:33:29.795-0300] {logging_mixin.py:188} INFO - [2024-05-11T15:33:29.795-0300] {dagbag.py:545} INFO - Filling up the DagBag from /home/patricia/Documentos/airflow/airflow_venv/lib/python3.10/site-packages/airflow/example_dags/plugins/workday.py
[2024-05-11T15:33:30.365-0300] {processor.py:842} WARNING - No viable dags retrieved from /home/patricia/Documentos/airflow/airflow_venv/lib/python3.10/site-packages/airflow/example_dags/plugins/workday.py
[2024-05-11T15:33:30.388-0300] {processor.py:183} INFO - Processing /home/patricia/Documentos/airflow/airflow_venv/lib/python3.10/site-packages/airflow/example_dags/plugins/workday.py took 0.609 seconds
[2024-05-11T15:34:48.254-0300] {processor.py:161} INFO - Started process (PID=9355) to work on /home/patricia/Documentos/airflow/airflow_venv/lib/python3.10/site-packages/airflow/example_dags/plugins/workday.py
[2024-05-11T15:34:48.270-0300] {processor.py:830} INFO - Processing file /home/patricia/Documentos/airflow/airflow_venv/lib/python3.10/site-packages/airflow/example_dags/plugins/workday.py for tasks to queue
[2024-05-11T15:34:48.276-0300] {logging_mixin.py:188} INFO - [2024-05-11T15:34:48.275-0300] {dagbag.py:545} INFO - Filling up the DagBag from /home/patricia/Documentos/airflow/airflow_venv/lib/python3.10/site-packages/airflow/example_dags/plugins/workday.py
[2024-05-11T15:34:49.149-0300] {processor.py:842} WARNING - No viable dags retrieved from /home/patricia/Documentos/airflow/airflow_venv/lib/python3.10/site-packages/airflow/example_dags/plugins/workday.py
[2024-05-11T15:34:49.169-0300] {processor.py:183} INFO - Processing /home/patricia/Documentos/airflow/airflow_venv/lib/python3.10/site-packages/airflow/example_dags/plugins/workday.py took 0.937 seconds
[2024-05-11T15:36:03.700-0300] {processor.py:161} INFO - Started process (PID=9552) to work on /home/patricia/Documentos/airflow/airflow_venv/lib/python3.10/site-packages/airflow/example_dags/plugins/workday.py
[2024-05-11T15:36:03.704-0300] {processor.py:830} INFO - Processing file /home/patricia/Documentos/airflow/airflow_venv/lib/python3.10/site-packages/airflow/example_dags/plugins/workday.py for tasks to queue
[2024-05-11T15:36:03.707-0300] {logging_mixin.py:188} INFO - [2024-05-11T15:36:03.707-0300] {dagbag.py:545} INFO - Filling up the DagBag from /home/patricia/Documentos/airflow/airflow_venv/lib/python3.10/site-packages/airflow/example_dags/plugins/workday.py
[2024-05-11T15:36:04.231-0300] {processor.py:842} WARNING - No viable dags retrieved from /home/patricia/Documentos/airflow/airflow_venv/lib/python3.10/site-packages/airflow/example_dags/plugins/workday.py
[2024-05-11T15:36:04.248-0300] {processor.py:183} INFO - Processing /home/patricia/Documentos/airflow/airflow_venv/lib/python3.10/site-packages/airflow/example_dags/plugins/workday.py took 0.581 seconds
[2024-05-11T15:37:26.447-0300] {processor.py:161} INFO - Started process (PID=9837) to work on /home/patricia/Documentos/airflow/airflow_venv/lib/python3.10/site-packages/airflow/example_dags/plugins/workday.py
[2024-05-11T15:37:26.453-0300] {processor.py:830} INFO - Processing file /home/patricia/Documentos/airflow/airflow_venv/lib/python3.10/site-packages/airflow/example_dags/plugins/workday.py for tasks to queue
[2024-05-11T15:37:26.459-0300] {logging_mixin.py:188} INFO - [2024-05-11T15:37:26.457-0300] {dagbag.py:545} INFO - Filling up the DagBag from /home/patricia/Documentos/airflow/airflow_venv/lib/python3.10/site-packages/airflow/example_dags/plugins/workday.py
[2024-05-11T15:37:27.896-0300] {processor.py:842} WARNING - No viable dags retrieved from /home/patricia/Documentos/airflow/airflow_venv/lib/python3.10/site-packages/airflow/example_dags/plugins/workday.py
[2024-05-11T15:37:27.950-0300] {processor.py:183} INFO - Processing /home/patricia/Documentos/airflow/airflow_venv/lib/python3.10/site-packages/airflow/example_dags/plugins/workday.py took 1.652 seconds
[2024-05-11T15:39:13.601-0300] {processor.py:161} INFO - Started process (PID=10020) to work on /home/patricia/Documentos/airflow/airflow_venv/lib/python3.10/site-packages/airflow/example_dags/plugins/workday.py
[2024-05-11T15:39:13.603-0300] {processor.py:830} INFO - Processing file /home/patricia/Documentos/airflow/airflow_venv/lib/python3.10/site-packages/airflow/example_dags/plugins/workday.py for tasks to queue
[2024-05-11T15:39:13.606-0300] {logging_mixin.py:188} INFO - [2024-05-11T15:39:13.605-0300] {dagbag.py:545} INFO - Filling up the DagBag from /home/patricia/Documentos/airflow/airflow_venv/lib/python3.10/site-packages/airflow/example_dags/plugins/workday.py
[2024-05-11T15:39:14.029-0300] {processor.py:842} WARNING - No viable dags retrieved from /home/patricia/Documentos/airflow/airflow_venv/lib/python3.10/site-packages/airflow/example_dags/plugins/workday.py
[2024-05-11T15:39:14.040-0300] {processor.py:183} INFO - Processing /home/patricia/Documentos/airflow/airflow_venv/lib/python3.10/site-packages/airflow/example_dags/plugins/workday.py took 0.450 seconds
[2024-05-11T15:40:32.059-0300] {processor.py:161} INFO - Started process (PID=10563) to work on /home/patricia/Documentos/airflow/airflow_venv/lib/python3.10/site-packages/airflow/example_dags/plugins/workday.py
[2024-05-11T15:40:32.063-0300] {processor.py:830} INFO - Processing file /home/patricia/Documentos/airflow/airflow_venv/lib/python3.10/site-packages/airflow/example_dags/plugins/workday.py for tasks to queue
[2024-05-11T15:40:32.065-0300] {logging_mixin.py:188} INFO - [2024-05-11T15:40:32.065-0300] {dagbag.py:545} INFO - Filling up the DagBag from /home/patricia/Documentos/airflow/airflow_venv/lib/python3.10/site-packages/airflow/example_dags/plugins/workday.py
[2024-05-11T15:40:32.546-0300] {processor.py:842} WARNING - No viable dags retrieved from /home/patricia/Documentos/airflow/airflow_venv/lib/python3.10/site-packages/airflow/example_dags/plugins/workday.py
[2024-05-11T15:40:32.560-0300] {processor.py:183} INFO - Processing /home/patricia/Documentos/airflow/airflow_venv/lib/python3.10/site-packages/airflow/example_dags/plugins/workday.py took 0.523 seconds
[2024-05-11T16:29:04.069-0300] {processor.py:161} INFO - Started process (PID=11084) to work on /home/patricia/Documentos/airflow/airflow_venv/lib/python3.10/site-packages/airflow/example_dags/plugins/workday.py
[2024-05-11T16:29:04.079-0300] {processor.py:830} INFO - Processing file /home/patricia/Documentos/airflow/airflow_venv/lib/python3.10/site-packages/airflow/example_dags/plugins/workday.py for tasks to queue
[2024-05-11T16:29:04.087-0300] {logging_mixin.py:188} INFO - [2024-05-11T16:29:04.084-0300] {dagbag.py:545} INFO - Filling up the DagBag from /home/patricia/Documentos/airflow/airflow_venv/lib/python3.10/site-packages/airflow/example_dags/plugins/workday.py
[2024-05-11T16:29:05.141-0300] {processor.py:842} WARNING - No viable dags retrieved from /home/patricia/Documentos/airflow/airflow_venv/lib/python3.10/site-packages/airflow/example_dags/plugins/workday.py
[2024-05-11T16:29:05.180-0300] {processor.py:183} INFO - Processing /home/patricia/Documentos/airflow/airflow_venv/lib/python3.10/site-packages/airflow/example_dags/plugins/workday.py took 1.120 seconds
[2024-05-11T16:31:10.090-0300] {processor.py:161} INFO - Started process (PID=11328) to work on /home/patricia/Documentos/airflow/airflow_venv/lib/python3.10/site-packages/airflow/example_dags/plugins/workday.py
[2024-05-11T16:31:10.094-0300] {processor.py:830} INFO - Processing file /home/patricia/Documentos/airflow/airflow_venv/lib/python3.10/site-packages/airflow/example_dags/plugins/workday.py for tasks to queue
[2024-05-11T16:31:10.140-0300] {logging_mixin.py:188} INFO - [2024-05-11T16:31:10.099-0300] {dagbag.py:545} INFO - Filling up the DagBag from /home/patricia/Documentos/airflow/airflow_venv/lib/python3.10/site-packages/airflow/example_dags/plugins/workday.py
[2024-05-11T16:31:12.192-0300] {processor.py:842} WARNING - No viable dags retrieved from /home/patricia/Documentos/airflow/airflow_venv/lib/python3.10/site-packages/airflow/example_dags/plugins/workday.py
[2024-05-11T16:31:12.261-0300] {processor.py:183} INFO - Processing /home/patricia/Documentos/airflow/airflow_venv/lib/python3.10/site-packages/airflow/example_dags/plugins/workday.py took 2.201 seconds
[2024-05-11T16:33:13.603-0300] {processor.py:161} INFO - Started process (PID=11581) to work on /home/patricia/Documentos/airflow/airflow_venv/lib/python3.10/site-packages/airflow/example_dags/plugins/workday.py
[2024-05-11T16:33:13.612-0300] {processor.py:830} INFO - Processing file /home/patricia/Documentos/airflow/airflow_venv/lib/python3.10/site-packages/airflow/example_dags/plugins/workday.py for tasks to queue
[2024-05-11T16:33:13.619-0300] {logging_mixin.py:188} INFO - [2024-05-11T16:33:13.617-0300] {dagbag.py:545} INFO - Filling up the DagBag from /home/patricia/Documentos/airflow/airflow_venv/lib/python3.10/site-packages/airflow/example_dags/plugins/workday.py
[2024-05-11T16:33:14.940-0300] {processor.py:842} WARNING - No viable dags retrieved from /home/patricia/Documentos/airflow/airflow_venv/lib/python3.10/site-packages/airflow/example_dags/plugins/workday.py
[2024-05-11T16:33:14.989-0300] {processor.py:183} INFO - Processing /home/patricia/Documentos/airflow/airflow_venv/lib/python3.10/site-packages/airflow/example_dags/plugins/workday.py took 1.402 seconds
[2024-05-11T16:34:54.270-0300] {processor.py:161} INFO - Started process (PID=11767) to work on /home/patricia/Documentos/airflow/airflow_venv/lib/python3.10/site-packages/airflow/example_dags/plugins/workday.py
[2024-05-11T16:34:54.275-0300] {processor.py:830} INFO - Processing file /home/patricia/Documentos/airflow/airflow_venv/lib/python3.10/site-packages/airflow/example_dags/plugins/workday.py for tasks to queue
[2024-05-11T16:34:54.281-0300] {logging_mixin.py:188} INFO - [2024-05-11T16:34:54.280-0300] {dagbag.py:545} INFO - Filling up the DagBag from /home/patricia/Documentos/airflow/airflow_venv/lib/python3.10/site-packages/airflow/example_dags/plugins/workday.py
[2024-05-11T16:34:55.714-0300] {processor.py:842} WARNING - No viable dags retrieved from /home/patricia/Documentos/airflow/airflow_venv/lib/python3.10/site-packages/airflow/example_dags/plugins/workday.py
[2024-05-11T16:34:55.737-0300] {processor.py:183} INFO - Processing /home/patricia/Documentos/airflow/airflow_venv/lib/python3.10/site-packages/airflow/example_dags/plugins/workday.py took 1.501 seconds
[2024-05-11T16:36:33.056-0300] {processor.py:161} INFO - Started process (PID=11912) to work on /home/patricia/Documentos/airflow/airflow_venv/lib/python3.10/site-packages/airflow/example_dags/plugins/workday.py
[2024-05-11T16:36:33.264-0300] {processor.py:830} INFO - Processing file /home/patricia/Documentos/airflow/airflow_venv/lib/python3.10/site-packages/airflow/example_dags/plugins/workday.py for tasks to queue
[2024-05-11T16:36:33.320-0300] {logging_mixin.py:188} INFO - [2024-05-11T16:36:33.318-0300] {dagbag.py:545} INFO - Filling up the DagBag from /home/patricia/Documentos/airflow/airflow_venv/lib/python3.10/site-packages/airflow/example_dags/plugins/workday.py
[2024-05-11T16:36:34.108-0300] {processor.py:842} WARNING - No viable dags retrieved from /home/patricia/Documentos/airflow/airflow_venv/lib/python3.10/site-packages/airflow/example_dags/plugins/workday.py
[2024-05-11T16:36:34.129-0300] {processor.py:183} INFO - Processing /home/patricia/Documentos/airflow/airflow_venv/lib/python3.10/site-packages/airflow/example_dags/plugins/workday.py took 1.107 seconds
