[2024-06-04T17:06:34.491-0300] {local_task_job_runner.py:120} INFO - ::group::Pre task execution logs
[2024-06-04T17:06:34.517-0300] {taskinstance.py:2076} INFO - Dependencies all met for dep_context=non-requeueable deps ti=<TaskInstance: meu_dag.Cria_pasta scheduled__2024-05-21T09:00:00+00:00 [queued]>
[2024-06-04T17:06:34.542-0300] {taskinstance.py:2076} INFO - Dependencies all met for dep_context=requeueable deps ti=<TaskInstance: meu_dag.Cria_pasta scheduled__2024-05-21T09:00:00+00:00 [queued]>
[2024-06-04T17:06:34.545-0300] {taskinstance.py:2306} INFO - Starting attempt 1 of 1
[2024-06-04T17:06:34.591-0300] {taskinstance.py:2330} INFO - Executing <Task(BashOperator): Cria_pasta> on 2024-05-21 09:00:00+00:00
[2024-06-04T17:06:34.597-0300] {standard_task_runner.py:63} INFO - Started process 29929 to run task
[2024-06-04T17:06:34.605-0300] {standard_task_runner.py:90} INFO - Running: ['airflow', 'tasks', 'run', 'meu_dag', 'Cria_pasta', 'scheduled__2024-05-21T09:00:00+00:00', '--job-id', '127', '--raw', '--subdir', 'DAGS_FOLDER/meu_dag.py', '--cfg-path', '/tmp/tmpraciynsr']
[2024-06-04T17:06:34.606-0300] {standard_task_runner.py:91} INFO - Job 127: Subtask Cria_pasta
[2024-06-04T17:06:34.815-0300] {task_command.py:426} INFO - Running <TaskInstance: meu_dag.Cria_pasta scheduled__2024-05-21T09:00:00+00:00 [running]> on host patricia-VirtualBox
[2024-06-04T17:06:35.025-0300] {taskinstance.py:2648} INFO - Exporting env vars: AIRFLOW_CTX_DAG_OWNER='airflow' AIRFLOW_CTX_DAG_ID='meu_dag' AIRFLOW_CTX_TASK_ID='Cria_pasta' AIRFLOW_CTX_EXECUTION_DATE='2024-05-21T09:00:00+00:00' AIRFLOW_CTX_TRY_NUMBER='1' AIRFLOW_CTX_DAG_RUN_ID='scheduled__2024-05-21T09:00:00+00:00'
[2024-06-04T17:06:35.029-0300] {taskinstance.py:430} INFO - ::endgroup::
[2024-06-04T17:06:35.031-0300] {subprocess.py:63} INFO - Tmp dir root location: /tmp
[2024-06-04T17:06:35.032-0300] {subprocess.py:75} INFO - Running command: ['/usr/bin/bash', '-c', 'mkdir -p "/home/patricia/Documentos/airflow/pasta_2024-05-21"']
[2024-06-04T17:06:35.054-0300] {subprocess.py:86} INFO - Output:
[2024-06-04T17:06:35.061-0300] {subprocess.py:97} INFO - Command exited with return code 0
[2024-06-04T17:06:35.062-0300] {taskinstance.py:441} INFO - ::group::Post task execution logs
[2024-06-04T17:06:35.114-0300] {taskinstance.py:1206} INFO - Marking task as SUCCESS. dag_id=meu_dag, task_id=Cria_pasta, run_id=scheduled__2024-05-21T09:00:00+00:00, execution_date=20240521T090000, start_date=20240604T200634, end_date=20240604T200635
[2024-06-04T17:06:35.169-0300] {local_task_job_runner.py:240} INFO - Task exited with return code 0
[2024-06-04T17:06:35.252-0300] {taskinstance.py:3498} INFO - 1 downstream tasks scheduled from follow-on schedule check
[2024-06-04T17:06:35.269-0300] {local_task_job_runner.py:222} INFO - ::endgroup::
[2024-06-04T19:52:42.335-0300] {local_task_job_runner.py:120} INFO - ::group::Pre task execution logs
[2024-06-04T19:52:42.449-0300] {taskinstance.py:2076} INFO - Dependencies all met for dep_context=non-requeueable deps ti=<TaskInstance: meu_dag.Cria_pasta scheduled__2024-05-21T09:00:00+00:00 [queued]>
[2024-06-04T19:52:42.487-0300] {taskinstance.py:2076} INFO - Dependencies all met for dep_context=requeueable deps ti=<TaskInstance: meu_dag.Cria_pasta scheduled__2024-05-21T09:00:00+00:00 [queued]>
[2024-06-04T19:52:42.488-0300] {taskinstance.py:2306} INFO - Starting attempt 1 of 1
[2024-06-04T19:52:42.584-0300] {taskinstance.py:2330} INFO - Executing <Task(BashOperator): Cria_pasta> on 2024-05-21 09:00:00+00:00
[2024-06-04T19:52:42.608-0300] {standard_task_runner.py:63} INFO - Started process 53320 to run task
[2024-06-04T19:52:42.639-0300] {standard_task_runner.py:90} INFO - Running: ['airflow', 'tasks', 'run', 'meu_dag', 'Cria_pasta', 'scheduled__2024-05-21T09:00:00+00:00', '--job-id', '174', '--raw', '--subdir', 'DAGS_FOLDER/meu_dag.py', '--cfg-path', '/tmp/tmpbf7_6_wv']
[2024-06-04T19:52:42.641-0300] {standard_task_runner.py:91} INFO - Job 174: Subtask Cria_pasta
[2024-06-04T19:52:42.771-0300] {task_command.py:426} INFO - Running <TaskInstance: meu_dag.Cria_pasta scheduled__2024-05-21T09:00:00+00:00 [running]> on host patricia-VirtualBox
[2024-06-04T19:52:43.092-0300] {taskinstance.py:2648} INFO - Exporting env vars: AIRFLOW_CTX_DAG_OWNER='airflow' AIRFLOW_CTX_DAG_ID='meu_dag' AIRFLOW_CTX_TASK_ID='Cria_pasta' AIRFLOW_CTX_EXECUTION_DATE='2024-05-21T09:00:00+00:00' AIRFLOW_CTX_TRY_NUMBER='1' AIRFLOW_CTX_DAG_RUN_ID='scheduled__2024-05-21T09:00:00+00:00'
[2024-06-04T19:52:43.094-0300] {taskinstance.py:430} INFO - ::endgroup::
[2024-06-04T19:52:43.096-0300] {subprocess.py:63} INFO - Tmp dir root location: /tmp
[2024-06-04T19:52:43.097-0300] {subprocess.py:75} INFO - Running command: ['/usr/bin/bash', '-c', 'mkdir -p "/home/patricia/Documentos/airflow/pasta_2024-05-21"']
[2024-06-04T19:52:43.125-0300] {subprocess.py:86} INFO - Output:
[2024-06-04T19:52:43.129-0300] {subprocess.py:97} INFO - Command exited with return code 0
[2024-06-04T19:52:43.130-0300] {taskinstance.py:441} INFO - ::group::Post task execution logs
[2024-06-04T19:52:43.205-0300] {taskinstance.py:1206} INFO - Marking task as SUCCESS. dag_id=meu_dag, task_id=Cria_pasta, run_id=scheduled__2024-05-21T09:00:00+00:00, execution_date=20240521T090000, start_date=20240604T225242, end_date=20240604T225243
[2024-06-04T19:52:43.354-0300] {local_task_job_runner.py:240} INFO - Task exited with return code 0
[2024-06-04T19:52:43.406-0300] {taskinstance.py:3498} INFO - 1 downstream tasks scheduled from follow-on schedule check
[2024-06-04T19:52:43.433-0300] {local_task_job_runner.py:222} INFO - ::endgroup::
