[2024-05-13T13:00:22.857-0300] {local_task_job_runner.py:120} INFO - ::group::Pre task execution logs
[2024-05-13T13:00:22.906-0300] {taskinstance.py:2076} INFO - Dependencies all met for dep_context=non-requeueable deps ti=<TaskInstance: meu_dag.Cria_pasta scheduled__2024-04-30T00:00:00+00:00 [queued]>
[2024-05-13T13:00:22.918-0300] {taskinstance.py:2076} INFO - Dependencies all met for dep_context=requeueable deps ti=<TaskInstance: meu_dag.Cria_pasta scheduled__2024-04-30T00:00:00+00:00 [queued]>
[2024-05-13T13:00:22.919-0300] {taskinstance.py:2306} INFO - Starting attempt 1 of 1
[2024-05-13T13:00:22.986-0300] {taskinstance.py:2330} INFO - Executing <Task(BashOperator): Cria_pasta> on 2024-04-30 00:00:00+00:00
[2024-05-13T13:00:22.998-0300] {standard_task_runner.py:63} INFO - Started process 22258 to run task
[2024-05-13T13:00:23.005-0300] {standard_task_runner.py:90} INFO - Running: ['airflow', 'tasks', 'run', 'meu_dag', 'Cria_pasta', 'scheduled__2024-04-30T00:00:00+00:00', '--job-id', '61', '--raw', '--subdir', 'DAGS_FOLDER/dados_climaticos.py', '--cfg-path', '/tmp/tmp3lpqjxkr']
[2024-05-13T13:00:23.006-0300] {standard_task_runner.py:91} INFO - Job 61: Subtask Cria_pasta
[2024-05-13T13:00:23.093-0300] {task_command.py:426} INFO - Running <TaskInstance: meu_dag.Cria_pasta scheduled__2024-04-30T00:00:00+00:00 [running]> on host patricia-VirtualBox
[2024-05-13T13:00:23.225-0300] {taskinstance.py:2648} INFO - Exporting env vars: AIRFLOW_CTX_DAG_OWNER='airflow' AIRFLOW_CTX_DAG_ID='meu_dag' AIRFLOW_CTX_TASK_ID='Cria_pasta' AIRFLOW_CTX_EXECUTION_DATE='2024-04-30T00:00:00+00:00' AIRFLOW_CTX_TRY_NUMBER='1' AIRFLOW_CTX_DAG_RUN_ID='scheduled__2024-04-30T00:00:00+00:00'
[2024-05-13T13:00:23.226-0300] {taskinstance.py:430} INFO - ::endgroup::
[2024-05-13T13:00:23.231-0300] {subprocess.py:63} INFO - Tmp dir root location: /tmp
[2024-05-13T13:00:23.232-0300] {subprocess.py:75} INFO - Running command: ['/usr/bin/bash', '-c', 'mkdir -p "/home/patricia/Documentos/airflow/pasta_2024-04-30"']
[2024-05-13T13:00:23.252-0300] {subprocess.py:86} INFO - Output:
[2024-05-13T13:00:23.258-0300] {subprocess.py:97} INFO - Command exited with return code 0
[2024-05-13T13:00:23.259-0300] {taskinstance.py:441} INFO - ::group::Post task execution logs
[2024-05-13T13:00:23.317-0300] {taskinstance.py:1206} INFO - Marking task as SUCCESS. dag_id=meu_dag, task_id=Cria_pasta, run_id=scheduled__2024-04-30T00:00:00+00:00, execution_date=20240430T000000, start_date=20240513T160022, end_date=20240513T160023
[2024-05-13T13:00:23.408-0300] {local_task_job_runner.py:240} INFO - Task exited with return code 0
[2024-05-13T13:00:23.445-0300] {taskinstance.py:3498} INFO - 1 downstream tasks scheduled from follow-on schedule check
[2024-05-13T13:00:23.469-0300] {local_task_job_runner.py:222} INFO - ::endgroup::
