[2024-05-09T22:03:41.515-0300] {local_task_job_runner.py:120} INFO - ::group::Pre task execution logs
[2024-05-09T22:03:41.540-0300] {taskinstance.py:2076} INFO - Dependencies all met for dep_context=non-requeueable deps ti=<TaskInstance: meu_dag.Cria_pasta scheduled__2024-05-09T00:00:00+00:00 [queued]>
[2024-05-09T22:03:41.548-0300] {taskinstance.py:2076} INFO - Dependencies all met for dep_context=requeueable deps ti=<TaskInstance: meu_dag.Cria_pasta scheduled__2024-05-09T00:00:00+00:00 [queued]>
[2024-05-09T22:03:41.548-0300] {taskinstance.py:2306} INFO - Starting attempt 1 of 1
[2024-05-09T22:03:41.594-0300] {taskinstance.py:2330} INFO - Executing <Task(BashOperator): Cria_pasta> on 2024-05-09 00:00:00+00:00
[2024-05-09T22:03:41.604-0300] {standard_task_runner.py:63} INFO - Started process 4439 to run task
[2024-05-09T22:03:41.635-0300] {standard_task_runner.py:90} INFO - Running: ['airflow', 'tasks', 'run', 'meu_dag', 'Cria_pasta', 'scheduled__2024-05-09T00:00:00+00:00', '--job-id', '26', '--raw', '--subdir', 'DAGS_FOLDER/meu_dag.py', '--cfg-path', '/tmp/tmp98xz8onz']
[2024-05-09T22:03:41.635-0300] {standard_task_runner.py:91} INFO - Job 26: Subtask Cria_pasta
[2024-05-09T22:03:41.807-0300] {task_command.py:426} INFO - Running <TaskInstance: meu_dag.Cria_pasta scheduled__2024-05-09T00:00:00+00:00 [running]> on host patricia-VirtualBox
[2024-05-09T22:03:41.984-0300] {taskinstance.py:2648} INFO - Exporting env vars: AIRFLOW_CTX_DAG_OWNER='airflow' AIRFLOW_CTX_DAG_ID='meu_dag' AIRFLOW_CTX_TASK_ID='Cria_pasta' AIRFLOW_CTX_EXECUTION_DATE='2024-05-09T00:00:00+00:00' AIRFLOW_CTX_TRY_NUMBER='1' AIRFLOW_CTX_DAG_RUN_ID='scheduled__2024-05-09T00:00:00+00:00'
[2024-05-09T22:03:41.987-0300] {taskinstance.py:430} INFO - ::endgroup::
[2024-05-09T22:03:41.990-0300] {subprocess.py:63} INFO - Tmp dir root location: /tmp
[2024-05-09T22:03:41.993-0300] {subprocess.py:75} INFO - Running command: ['/usr/bin/bash', '-c', 'mkdir -p "/home/patricia/Documentos/airflow/pasta=2024-05-10 00:00:00+00:00"']
[2024-05-09T22:03:42.013-0300] {subprocess.py:86} INFO - Output:
[2024-05-09T22:03:42.041-0300] {subprocess.py:97} INFO - Command exited with return code 0
[2024-05-09T22:03:42.042-0300] {taskinstance.py:441} INFO - ::group::Post task execution logs
[2024-05-09T22:03:42.091-0300] {taskinstance.py:1206} INFO - Marking task as SUCCESS. dag_id=meu_dag, task_id=Cria_pasta, run_id=scheduled__2024-05-09T00:00:00+00:00, execution_date=20240509T000000, start_date=20240510T010341, end_date=20240510T010342
[2024-05-09T22:03:42.215-0300] {local_task_job_runner.py:240} INFO - Task exited with return code 0
[2024-05-09T22:03:42.241-0300] {taskinstance.py:3498} INFO - 0 downstream tasks scheduled from follow-on schedule check
[2024-05-09T22:03:42.242-0300] {local_task_job_runner.py:222} INFO - ::endgroup::
[2024-05-13T13:02:50.305-0300] {local_task_job_runner.py:120} INFO - ::group::Pre task execution logs
[2024-05-13T13:02:52.436-0300] {taskinstance.py:2076} INFO - Dependencies all met for dep_context=non-requeueable deps ti=<TaskInstance: meu_dag.Cria_pasta scheduled__2024-05-09T00:00:00+00:00 [queued]>
[2024-05-13T13:02:53.836-0300] {taskinstance.py:2076} INFO - Dependencies all met for dep_context=requeueable deps ti=<TaskInstance: meu_dag.Cria_pasta scheduled__2024-05-09T00:00:00+00:00 [queued]>
[2024-05-13T13:02:53.845-0300] {taskinstance.py:2306} INFO - Starting attempt 1 of 1
[2024-05-13T13:02:54.845-0300] {taskinstance.py:2330} INFO - Executing <Task(BashOperator): Cria_pasta> on 2024-05-09 00:00:00+00:00
[2024-05-13T13:02:54.859-0300] {standard_task_runner.py:63} INFO - Started process 22513 to run task
[2024-05-13T13:02:54.877-0300] {standard_task_runner.py:90} INFO - Running: ['airflow', 'tasks', 'run', 'meu_dag', 'Cria_pasta', 'scheduled__2024-05-09T00:00:00+00:00', '--job-id', '80', '--raw', '--subdir', 'DAGS_FOLDER/dados_climaticos.py', '--cfg-path', '/tmp/tmp_0wjvuri']
[2024-05-13T13:02:54.878-0300] {standard_task_runner.py:91} INFO - Job 80: Subtask Cria_pasta
[2024-05-13T13:02:58.321-0300] {task_command.py:426} INFO - Running <TaskInstance: meu_dag.Cria_pasta scheduled__2024-05-09T00:00:00+00:00 [running]> on host patricia-VirtualBox
[2024-05-13T13:02:58.893-0300] {taskinstance.py:2648} INFO - Exporting env vars: AIRFLOW_CTX_DAG_OWNER='airflow' AIRFLOW_CTX_DAG_ID='meu_dag' AIRFLOW_CTX_TASK_ID='Cria_pasta' AIRFLOW_CTX_EXECUTION_DATE='2024-05-09T00:00:00+00:00' AIRFLOW_CTX_TRY_NUMBER='1' AIRFLOW_CTX_DAG_RUN_ID='scheduled__2024-05-09T00:00:00+00:00'
[2024-05-13T13:02:58.899-0300] {taskinstance.py:430} INFO - ::endgroup::
[2024-05-13T13:02:58.902-0300] {subprocess.py:63} INFO - Tmp dir root location: /tmp
[2024-05-13T13:02:58.904-0300] {subprocess.py:75} INFO - Running command: ['/usr/bin/bash', '-c', 'mkdir -p "/home/patricia/Documentos/airflow/pasta_2024-05-09"']
[2024-05-13T13:02:58.929-0300] {subprocess.py:86} INFO - Output:
[2024-05-13T13:02:58.939-0300] {subprocess.py:97} INFO - Command exited with return code 0
[2024-05-13T13:02:58.940-0300] {taskinstance.py:441} INFO - ::group::Post task execution logs
[2024-05-13T13:02:59.213-0300] {taskinstance.py:1206} INFO - Marking task as SUCCESS. dag_id=meu_dag, task_id=Cria_pasta, run_id=scheduled__2024-05-09T00:00:00+00:00, execution_date=20240509T000000, start_date=20240513T160252, end_date=20240513T160259
[2024-05-13T13:02:59.271-0300] {local_task_job_runner.py:240} INFO - Task exited with return code 0
[2024-05-13T13:02:59.416-0300] {taskinstance.py:3498} INFO - 1 downstream tasks scheduled from follow-on schedule check
[2024-05-13T13:02:59.452-0300] {local_task_job_runner.py:222} INFO - ::endgroup::
