[2024-05-07T21:00:48.401-0300] {processor.py:161} INFO - Started process (PID=71356) to work on /home/patricia/Documentos/airflow/airflow_venv/lib/python3.10/site-packages/airflow/example_dags/subdags/subdag.py
[2024-05-07T21:00:48.418-0300] {processor.py:830} INFO - Processing file /home/patricia/Documentos/airflow/airflow_venv/lib/python3.10/site-packages/airflow/example_dags/subdags/subdag.py for tasks to queue
[2024-05-07T21:00:48.422-0300] {logging_mixin.py:188} INFO - [2024-05-07T21:00:48.422-0300] {dagbag.py:545} INFO - Filling up the DagBag from /home/patricia/Documentos/airflow/airflow_venv/lib/python3.10/site-packages/airflow/example_dags/subdags/subdag.py
[2024-05-07T21:00:48.427-0300] {processor.py:842} WARNING - No viable dags retrieved from /home/patricia/Documentos/airflow/airflow_venv/lib/python3.10/site-packages/airflow/example_dags/subdags/subdag.py
[2024-05-07T21:00:48.477-0300] {processor.py:183} INFO - Processing /home/patricia/Documentos/airflow/airflow_venv/lib/python3.10/site-packages/airflow/example_dags/subdags/subdag.py took 0.110 seconds
[2024-05-07T21:02:07.781-0300] {processor.py:161} INFO - Started process (PID=71492) to work on /home/patricia/Documentos/airflow/airflow_venv/lib/python3.10/site-packages/airflow/example_dags/subdags/subdag.py
[2024-05-07T21:02:07.818-0300] {processor.py:830} INFO - Processing file /home/patricia/Documentos/airflow/airflow_venv/lib/python3.10/site-packages/airflow/example_dags/subdags/subdag.py for tasks to queue
[2024-05-07T21:02:07.835-0300] {logging_mixin.py:188} INFO - [2024-05-07T21:02:07.820-0300] {dagbag.py:545} INFO - Filling up the DagBag from /home/patricia/Documentos/airflow/airflow_venv/lib/python3.10/site-packages/airflow/example_dags/subdags/subdag.py
[2024-05-07T21:02:07.839-0300] {processor.py:842} WARNING - No viable dags retrieved from /home/patricia/Documentos/airflow/airflow_venv/lib/python3.10/site-packages/airflow/example_dags/subdags/subdag.py
[2024-05-07T21:02:07.866-0300] {processor.py:183} INFO - Processing /home/patricia/Documentos/airflow/airflow_venv/lib/python3.10/site-packages/airflow/example_dags/subdags/subdag.py took 0.112 seconds
[2024-05-07T21:03:34.066-0300] {processor.py:161} INFO - Started process (PID=71625) to work on /home/patricia/Documentos/airflow/airflow_venv/lib/python3.10/site-packages/airflow/example_dags/subdags/subdag.py
[2024-05-07T21:03:34.073-0300] {processor.py:830} INFO - Processing file /home/patricia/Documentos/airflow/airflow_venv/lib/python3.10/site-packages/airflow/example_dags/subdags/subdag.py for tasks to queue
[2024-05-07T21:03:34.076-0300] {logging_mixin.py:188} INFO - [2024-05-07T21:03:34.076-0300] {dagbag.py:545} INFO - Filling up the DagBag from /home/patricia/Documentos/airflow/airflow_venv/lib/python3.10/site-packages/airflow/example_dags/subdags/subdag.py
[2024-05-07T21:03:34.080-0300] {processor.py:842} WARNING - No viable dags retrieved from /home/patricia/Documentos/airflow/airflow_venv/lib/python3.10/site-packages/airflow/example_dags/subdags/subdag.py
[2024-05-07T21:03:34.112-0300] {processor.py:183} INFO - Processing /home/patricia/Documentos/airflow/airflow_venv/lib/python3.10/site-packages/airflow/example_dags/subdags/subdag.py took 0.067 seconds
[2024-05-07T21:05:12.468-0300] {processor.py:161} INFO - Started process (PID=71793) to work on /home/patricia/Documentos/airflow/airflow_venv/lib/python3.10/site-packages/airflow/example_dags/subdags/subdag.py
[2024-05-07T21:05:12.473-0300] {processor.py:830} INFO - Processing file /home/patricia/Documentos/airflow/airflow_venv/lib/python3.10/site-packages/airflow/example_dags/subdags/subdag.py for tasks to queue
[2024-05-07T21:05:12.487-0300] {logging_mixin.py:188} INFO - [2024-05-07T21:05:12.486-0300] {dagbag.py:545} INFO - Filling up the DagBag from /home/patricia/Documentos/airflow/airflow_venv/lib/python3.10/site-packages/airflow/example_dags/subdags/subdag.py
[2024-05-07T21:05:12.502-0300] {processor.py:842} WARNING - No viable dags retrieved from /home/patricia/Documentos/airflow/airflow_venv/lib/python3.10/site-packages/airflow/example_dags/subdags/subdag.py
[2024-05-07T21:05:12.536-0300] {processor.py:183} INFO - Processing /home/patricia/Documentos/airflow/airflow_venv/lib/python3.10/site-packages/airflow/example_dags/subdags/subdag.py took 0.117 seconds
