[2024-05-11T15:10:57.121-0300] {processor.py:161} INFO - Started process (PID=4446) to work on /home/patricia/Documentos/airflow/dags/dados_climaticos.py
[2024-05-11T15:10:57.123-0300] {processor.py:830} INFO - Processing file /home/patricia/Documentos/airflow/dags/dados_climaticos.py for tasks to queue
[2024-05-11T15:10:57.128-0300] {logging_mixin.py:188} INFO - [2024-05-11T15:10:57.127-0300] {dagbag.py:545} INFO - Filling up the DagBag from /home/patricia/Documentos/airflow/dags/dados_climaticos.py
[2024-05-11T15:10:57.768-0300] {processor.py:840} INFO - DAG(s) 'dados_climaticos' retrieved from /home/patricia/Documentos/airflow/dags/dados_climaticos.py
[2024-05-11T15:10:57.777-0300] {logging_mixin.py:188} INFO - [2024-05-11T15:10:57.777-0300] {dag.py:3096} INFO - Sync 1 DAGs
[2024-05-11T15:10:57.796-0300] {logging_mixin.py:188} INFO - [2024-05-11T15:10:57.795-0300] {dag.py:3954} INFO - Setting next_dagrun for dados_climaticos to 2024-04-29 00:00:00+00:00, run_after=2024-05-06 00:00:00+00:00
[2024-05-11T15:10:57.836-0300] {processor.py:183} INFO - Processing /home/patricia/Documentos/airflow/dags/dados_climaticos.py took 0.722 seconds
[2024-05-11T15:12:15.148-0300] {processor.py:161} INFO - Started process (PID=4637) to work on /home/patricia/Documentos/airflow/dags/dados_climaticos.py
[2024-05-11T15:12:15.168-0300] {processor.py:830} INFO - Processing file /home/patricia/Documentos/airflow/dags/dados_climaticos.py for tasks to queue
[2024-05-11T15:12:15.171-0300] {logging_mixin.py:188} INFO - [2024-05-11T15:12:15.170-0300] {dagbag.py:545} INFO - Filling up the DagBag from /home/patricia/Documentos/airflow/dags/dados_climaticos.py
[2024-05-11T15:12:16.279-0300] {processor.py:840} INFO - DAG(s) 'dados_climaticos' retrieved from /home/patricia/Documentos/airflow/dags/dados_climaticos.py
[2024-05-11T15:12:16.453-0300] {logging_mixin.py:188} INFO - [2024-05-11T15:12:16.453-0300] {dag.py:3096} INFO - Sync 1 DAGs
[2024-05-11T15:12:16.484-0300] {logging_mixin.py:188} INFO - [2024-05-11T15:12:16.483-0300] {dag.py:3954} INFO - Setting next_dagrun for dados_climaticos to 2024-04-29 00:00:00+00:00, run_after=2024-05-06 00:00:00+00:00
[2024-05-11T15:12:16.551-0300] {processor.py:183} INFO - Processing /home/patricia/Documentos/airflow/dags/dados_climaticos.py took 1.421 seconds
[2024-05-11T15:13:48.017-0300] {processor.py:161} INFO - Started process (PID=4766) to work on /home/patricia/Documentos/airflow/dags/dados_climaticos.py
[2024-05-11T15:13:48.020-0300] {processor.py:830} INFO - Processing file /home/patricia/Documentos/airflow/dags/dados_climaticos.py for tasks to queue
[2024-05-11T15:13:48.023-0300] {logging_mixin.py:188} INFO - [2024-05-11T15:13:48.022-0300] {dagbag.py:545} INFO - Filling up the DagBag from /home/patricia/Documentos/airflow/dags/dados_climaticos.py
[2024-05-11T15:13:48.576-0300] {processor.py:840} INFO - DAG(s) 'dados_climaticos' retrieved from /home/patricia/Documentos/airflow/dags/dados_climaticos.py
[2024-05-11T15:13:48.587-0300] {logging_mixin.py:188} INFO - [2024-05-11T15:13:48.586-0300] {dag.py:3096} INFO - Sync 1 DAGs
[2024-05-11T15:13:48.605-0300] {logging_mixin.py:188} INFO - [2024-05-11T15:13:48.605-0300] {dag.py:3954} INFO - Setting next_dagrun for dados_climaticos to 2024-04-29 00:00:00+00:00, run_after=2024-05-06 00:00:00+00:00
[2024-05-11T15:13:48.639-0300] {processor.py:183} INFO - Processing /home/patricia/Documentos/airflow/dags/dados_climaticos.py took 0.631 seconds
[2024-05-11T15:14:36.908-0300] {processor.py:161} INFO - Started process (PID=4889) to work on /home/patricia/Documentos/airflow/dags/dados_climaticos.py
[2024-05-11T15:14:36.911-0300] {processor.py:830} INFO - Processing file /home/patricia/Documentos/airflow/dags/dados_climaticos.py for tasks to queue
[2024-05-11T15:14:36.915-0300] {logging_mixin.py:188} INFO - [2024-05-11T15:14:36.914-0300] {dagbag.py:545} INFO - Filling up the DagBag from /home/patricia/Documentos/airflow/dags/dados_climaticos.py
[2024-05-11T15:14:37.619-0300] {processor.py:840} INFO - DAG(s) 'dados_climaticos' retrieved from /home/patricia/Documentos/airflow/dags/dados_climaticos.py
[2024-05-11T15:14:37.637-0300] {logging_mixin.py:188} INFO - [2024-05-11T15:14:37.637-0300] {dag.py:3096} INFO - Sync 1 DAGs
[2024-05-11T15:14:37.666-0300] {logging_mixin.py:188} INFO - [2024-05-11T15:14:37.666-0300] {dag.py:3954} INFO - Setting next_dagrun for dados_climaticos to 2024-04-29 00:00:00+00:00, run_after=2024-05-06 00:00:00+00:00
[2024-05-11T15:14:37.722-0300] {processor.py:183} INFO - Processing /home/patricia/Documentos/airflow/dags/dados_climaticos.py took 0.841 seconds
[2024-05-11T15:15:18.035-0300] {processor.py:161} INFO - Started process (PID=4980) to work on /home/patricia/Documentos/airflow/dags/dados_climaticos.py
[2024-05-11T15:15:18.037-0300] {processor.py:830} INFO - Processing file /home/patricia/Documentos/airflow/dags/dados_climaticos.py for tasks to queue
[2024-05-11T15:15:18.040-0300] {logging_mixin.py:188} INFO - [2024-05-11T15:15:18.039-0300] {dagbag.py:545} INFO - Filling up the DagBag from /home/patricia/Documentos/airflow/dags/dados_climaticos.py
[2024-05-11T15:15:18.507-0300] {processor.py:840} INFO - DAG(s) 'dados_climaticos' retrieved from /home/patricia/Documentos/airflow/dags/dados_climaticos.py
[2024-05-11T15:15:18.524-0300] {logging_mixin.py:188} INFO - [2024-05-11T15:15:18.523-0300] {dag.py:3096} INFO - Sync 1 DAGs
[2024-05-11T15:15:18.546-0300] {logging_mixin.py:188} INFO - [2024-05-11T15:15:18.546-0300] {dag.py:3954} INFO - Setting next_dagrun for dados_climaticos to 2024-04-29 00:00:00+00:00, run_after=2024-05-06 00:00:00+00:00
[2024-05-11T15:15:18.586-0300] {processor.py:183} INFO - Processing /home/patricia/Documentos/airflow/dags/dados_climaticos.py took 0.559 seconds
[2024-05-11T15:15:53.482-0300] {processor.py:161} INFO - Started process (PID=5057) to work on /home/patricia/Documentos/airflow/dags/dados_climaticos.py
[2024-05-11T15:15:53.485-0300] {processor.py:830} INFO - Processing file /home/patricia/Documentos/airflow/dags/dados_climaticos.py for tasks to queue
[2024-05-11T15:15:53.487-0300] {logging_mixin.py:188} INFO - [2024-05-11T15:15:53.487-0300] {dagbag.py:545} INFO - Filling up the DagBag from /home/patricia/Documentos/airflow/dags/dados_climaticos.py
[2024-05-11T15:15:53.882-0300] {processor.py:840} INFO - DAG(s) 'dados_climaticos' retrieved from /home/patricia/Documentos/airflow/dags/dados_climaticos.py
[2024-05-11T15:15:53.904-0300] {logging_mixin.py:188} INFO - [2024-05-11T15:15:53.904-0300] {dag.py:3096} INFO - Sync 1 DAGs
[2024-05-11T15:15:53.932-0300] {logging_mixin.py:188} INFO - [2024-05-11T15:15:53.932-0300] {dag.py:3954} INFO - Setting next_dagrun for dados_climaticos to 2024-04-29 00:00:00+00:00, run_after=2024-05-06 00:00:00+00:00
[2024-05-11T15:15:53.965-0300] {processor.py:183} INFO - Processing /home/patricia/Documentos/airflow/dags/dados_climaticos.py took 0.491 seconds
[2024-05-11T15:16:51.603-0300] {processor.py:161} INFO - Started process (PID=5168) to work on /home/patricia/Documentos/airflow/dags/dados_climaticos.py
[2024-05-11T15:16:51.606-0300] {processor.py:830} INFO - Processing file /home/patricia/Documentos/airflow/dags/dados_climaticos.py for tasks to queue
[2024-05-11T15:16:51.643-0300] {logging_mixin.py:188} INFO - [2024-05-11T15:16:51.643-0300] {dagbag.py:545} INFO - Filling up the DagBag from /home/patricia/Documentos/airflow/dags/dados_climaticos.py
[2024-05-11T15:16:52.119-0300] {processor.py:840} INFO - DAG(s) 'dados_climaticos' retrieved from /home/patricia/Documentos/airflow/dags/dados_climaticos.py
[2024-05-11T15:16:52.133-0300] {logging_mixin.py:188} INFO - [2024-05-11T15:16:52.132-0300] {dag.py:3096} INFO - Sync 1 DAGs
[2024-05-11T15:16:52.154-0300] {logging_mixin.py:188} INFO - [2024-05-11T15:16:52.154-0300] {dag.py:3954} INFO - Setting next_dagrun for dados_climaticos to 2024-04-29 00:00:00+00:00, run_after=2024-05-06 00:00:00+00:00
[2024-05-11T15:16:52.220-0300] {processor.py:183} INFO - Processing /home/patricia/Documentos/airflow/dags/dados_climaticos.py took 0.628 seconds
[2024-05-11T15:17:25.135-0300] {processor.py:161} INFO - Started process (PID=5259) to work on /home/patricia/Documentos/airflow/dags/dados_climaticos.py
[2024-05-11T15:17:25.137-0300] {processor.py:830} INFO - Processing file /home/patricia/Documentos/airflow/dags/dados_climaticos.py for tasks to queue
[2024-05-11T15:17:25.139-0300] {logging_mixin.py:188} INFO - [2024-05-11T15:17:25.139-0300] {dagbag.py:545} INFO - Filling up the DagBag from /home/patricia/Documentos/airflow/dags/dados_climaticos.py
[2024-05-11T15:17:25.606-0300] {processor.py:840} INFO - DAG(s) 'dados_climaticos' retrieved from /home/patricia/Documentos/airflow/dags/dados_climaticos.py
[2024-05-11T15:17:25.620-0300] {logging_mixin.py:188} INFO - [2024-05-11T15:17:25.620-0300] {dag.py:3096} INFO - Sync 1 DAGs
[2024-05-11T15:17:25.641-0300] {logging_mixin.py:188} INFO - [2024-05-11T15:17:25.640-0300] {dag.py:3954} INFO - Setting next_dagrun for dados_climaticos to 2024-04-29 00:00:00+00:00, run_after=2024-05-06 00:00:00+00:00
[2024-05-11T15:17:25.673-0300] {processor.py:183} INFO - Processing /home/patricia/Documentos/airflow/dags/dados_climaticos.py took 0.546 seconds
[2024-05-11T15:17:58.486-0300] {processor.py:161} INFO - Started process (PID=5329) to work on /home/patricia/Documentos/airflow/dags/dados_climaticos.py
[2024-05-11T15:17:58.504-0300] {processor.py:830} INFO - Processing file /home/patricia/Documentos/airflow/dags/dados_climaticos.py for tasks to queue
[2024-05-11T15:17:58.510-0300] {logging_mixin.py:188} INFO - [2024-05-11T15:17:58.508-0300] {dagbag.py:545} INFO - Filling up the DagBag from /home/patricia/Documentos/airflow/dags/dados_climaticos.py
[2024-05-11T15:17:59.224-0300] {processor.py:840} INFO - DAG(s) 'dados_climaticos' retrieved from /home/patricia/Documentos/airflow/dags/dados_climaticos.py
[2024-05-11T15:17:59.296-0300] {logging_mixin.py:188} INFO - [2024-05-11T15:17:59.296-0300] {dag.py:3096} INFO - Sync 1 DAGs
[2024-05-11T15:17:59.361-0300] {logging_mixin.py:188} INFO - [2024-05-11T15:17:59.360-0300] {dag.py:3954} INFO - Setting next_dagrun for dados_climaticos to 2024-04-29 00:00:00+00:00, run_after=2024-05-06 00:00:00+00:00
[2024-05-11T15:17:59.437-0300] {processor.py:183} INFO - Processing /home/patricia/Documentos/airflow/dags/dados_climaticos.py took 0.965 seconds
[2024-05-11T15:18:33.059-0300] {processor.py:161} INFO - Started process (PID=5763) to work on /home/patricia/Documentos/airflow/dags/dados_climaticos.py
[2024-05-11T15:18:33.061-0300] {processor.py:830} INFO - Processing file /home/patricia/Documentos/airflow/dags/dados_climaticos.py for tasks to queue
[2024-05-11T15:18:33.065-0300] {logging_mixin.py:188} INFO - [2024-05-11T15:18:33.064-0300] {dagbag.py:545} INFO - Filling up the DagBag from /home/patricia/Documentos/airflow/dags/dados_climaticos.py
[2024-05-11T15:18:33.845-0300] {processor.py:840} INFO - DAG(s) 'dados_climaticos' retrieved from /home/patricia/Documentos/airflow/dags/dados_climaticos.py
[2024-05-11T15:18:33.876-0300] {logging_mixin.py:188} INFO - [2024-05-11T15:18:33.875-0300] {dag.py:3096} INFO - Sync 1 DAGs
[2024-05-11T15:18:33.934-0300] {logging_mixin.py:188} INFO - [2024-05-11T15:18:33.934-0300] {dag.py:3954} INFO - Setting next_dagrun for dados_climaticos to 2024-04-29 00:00:00+00:00, run_after=2024-05-06 00:00:00+00:00
[2024-05-11T15:18:34.009-0300] {processor.py:183} INFO - Processing /home/patricia/Documentos/airflow/dags/dados_climaticos.py took 0.967 seconds
[2024-05-11T15:19:08.078-0300] {processor.py:161} INFO - Started process (PID=5941) to work on /home/patricia/Documentos/airflow/dags/dados_climaticos.py
[2024-05-11T15:19:08.081-0300] {processor.py:830} INFO - Processing file /home/patricia/Documentos/airflow/dags/dados_climaticos.py for tasks to queue
[2024-05-11T15:19:08.083-0300] {logging_mixin.py:188} INFO - [2024-05-11T15:19:08.083-0300] {dagbag.py:545} INFO - Filling up the DagBag from /home/patricia/Documentos/airflow/dags/dados_climaticos.py
[2024-05-11T15:19:08.611-0300] {processor.py:840} INFO - DAG(s) 'dados_climaticos' retrieved from /home/patricia/Documentos/airflow/dags/dados_climaticos.py
[2024-05-11T15:19:08.631-0300] {logging_mixin.py:188} INFO - [2024-05-11T15:19:08.630-0300] {dag.py:3096} INFO - Sync 1 DAGs
[2024-05-11T15:19:08.689-0300] {logging_mixin.py:188} INFO - [2024-05-11T15:19:08.689-0300] {dag.py:3954} INFO - Setting next_dagrun for dados_climaticos to 2024-04-29 00:00:00+00:00, run_after=2024-05-06 00:00:00+00:00
[2024-05-11T15:19:08.798-0300] {processor.py:183} INFO - Processing /home/patricia/Documentos/airflow/dags/dados_climaticos.py took 0.728 seconds
[2024-05-11T15:19:42.521-0300] {processor.py:161} INFO - Started process (PID=6011) to work on /home/patricia/Documentos/airflow/dags/dados_climaticos.py
[2024-05-11T15:19:42.523-0300] {processor.py:830} INFO - Processing file /home/patricia/Documentos/airflow/dags/dados_climaticos.py for tasks to queue
[2024-05-11T15:19:42.527-0300] {logging_mixin.py:188} INFO - [2024-05-11T15:19:42.526-0300] {dagbag.py:545} INFO - Filling up the DagBag from /home/patricia/Documentos/airflow/dags/dados_climaticos.py
[2024-05-11T15:19:42.992-0300] {processor.py:840} INFO - DAG(s) 'dados_climaticos' retrieved from /home/patricia/Documentos/airflow/dags/dados_climaticos.py
[2024-05-11T15:19:43.013-0300] {logging_mixin.py:188} INFO - [2024-05-11T15:19:43.013-0300] {dag.py:3096} INFO - Sync 1 DAGs
[2024-05-11T15:19:43.050-0300] {logging_mixin.py:188} INFO - [2024-05-11T15:19:43.050-0300] {dag.py:3954} INFO - Setting next_dagrun for dados_climaticos to 2024-04-29 00:00:00+00:00, run_after=2024-05-06 00:00:00+00:00
[2024-05-11T15:19:43.089-0300] {processor.py:183} INFO - Processing /home/patricia/Documentos/airflow/dags/dados_climaticos.py took 0.579 seconds
[2024-05-11T15:20:16.395-0300] {processor.py:161} INFO - Started process (PID=6086) to work on /home/patricia/Documentos/airflow/dags/dados_climaticos.py
[2024-05-11T15:20:16.398-0300] {processor.py:830} INFO - Processing file /home/patricia/Documentos/airflow/dags/dados_climaticos.py for tasks to queue
[2024-05-11T15:20:16.400-0300] {logging_mixin.py:188} INFO - [2024-05-11T15:20:16.400-0300] {dagbag.py:545} INFO - Filling up the DagBag from /home/patricia/Documentos/airflow/dags/dados_climaticos.py
[2024-05-11T15:20:16.908-0300] {processor.py:840} INFO - DAG(s) 'dados_climaticos' retrieved from /home/patricia/Documentos/airflow/dags/dados_climaticos.py
[2024-05-11T15:20:16.949-0300] {logging_mixin.py:188} INFO - [2024-05-11T15:20:16.949-0300] {dag.py:3096} INFO - Sync 1 DAGs
[2024-05-11T15:20:16.974-0300] {logging_mixin.py:188} INFO - [2024-05-11T15:20:16.973-0300] {dag.py:3954} INFO - Setting next_dagrun for dados_climaticos to 2024-04-29 00:00:00+00:00, run_after=2024-05-06 00:00:00+00:00
[2024-05-11T15:20:17.011-0300] {processor.py:183} INFO - Processing /home/patricia/Documentos/airflow/dags/dados_climaticos.py took 0.636 seconds
[2024-05-11T15:21:23.014-0300] {processor.py:161} INFO - Started process (PID=6188) to work on /home/patricia/Documentos/airflow/dags/dados_climaticos.py
[2024-05-11T15:21:23.017-0300] {processor.py:830} INFO - Processing file /home/patricia/Documentos/airflow/dags/dados_climaticos.py for tasks to queue
[2024-05-11T15:21:23.020-0300] {logging_mixin.py:188} INFO - [2024-05-11T15:21:23.019-0300] {dagbag.py:545} INFO - Filling up the DagBag from /home/patricia/Documentos/airflow/dags/dados_climaticos.py
[2024-05-11T15:21:23.448-0300] {processor.py:840} INFO - DAG(s) 'dados_climaticos' retrieved from /home/patricia/Documentos/airflow/dags/dados_climaticos.py
[2024-05-11T15:21:23.504-0300] {logging_mixin.py:188} INFO - [2024-05-11T15:21:23.503-0300] {dag.py:3096} INFO - Sync 1 DAGs
[2024-05-11T15:21:23.546-0300] {logging_mixin.py:188} INFO - [2024-05-11T15:21:23.546-0300] {dag.py:3954} INFO - Setting next_dagrun for dados_climaticos to 2024-04-29 00:00:00+00:00, run_after=2024-05-06 00:00:00+00:00
[2024-05-11T15:21:23.610-0300] {processor.py:183} INFO - Processing /home/patricia/Documentos/airflow/dags/dados_climaticos.py took 0.607 seconds
[2024-05-11T15:22:12.183-0300] {processor.py:161} INFO - Started process (PID=6285) to work on /home/patricia/Documentos/airflow/dags/dados_climaticos.py
[2024-05-11T15:22:12.185-0300] {processor.py:830} INFO - Processing file /home/patricia/Documentos/airflow/dags/dados_climaticos.py for tasks to queue
[2024-05-11T15:22:12.188-0300] {logging_mixin.py:188} INFO - [2024-05-11T15:22:12.187-0300] {dagbag.py:545} INFO - Filling up the DagBag from /home/patricia/Documentos/airflow/dags/dados_climaticos.py
[2024-05-11T15:22:12.593-0300] {processor.py:840} INFO - DAG(s) 'dados_climaticos' retrieved from /home/patricia/Documentos/airflow/dags/dados_climaticos.py
[2024-05-11T15:22:12.609-0300] {logging_mixin.py:188} INFO - [2024-05-11T15:22:12.609-0300] {dag.py:3096} INFO - Sync 1 DAGs
[2024-05-11T15:22:12.630-0300] {logging_mixin.py:188} INFO - [2024-05-11T15:22:12.630-0300] {dag.py:3954} INFO - Setting next_dagrun for dados_climaticos to 2024-04-29 00:00:00+00:00, run_after=2024-05-06 00:00:00+00:00
[2024-05-11T15:22:12.668-0300] {processor.py:183} INFO - Processing /home/patricia/Documentos/airflow/dags/dados_climaticos.py took 0.492 seconds
[2024-05-11T15:22:46.487-0300] {processor.py:161} INFO - Started process (PID=6358) to work on /home/patricia/Documentos/airflow/dags/dados_climaticos.py
[2024-05-11T15:22:46.489-0300] {processor.py:830} INFO - Processing file /home/patricia/Documentos/airflow/dags/dados_climaticos.py for tasks to queue
[2024-05-11T15:22:46.491-0300] {logging_mixin.py:188} INFO - [2024-05-11T15:22:46.491-0300] {dagbag.py:545} INFO - Filling up the DagBag from /home/patricia/Documentos/airflow/dags/dados_climaticos.py
[2024-05-11T15:22:46.901-0300] {processor.py:840} INFO - DAG(s) 'dados_climaticos' retrieved from /home/patricia/Documentos/airflow/dags/dados_climaticos.py
[2024-05-11T15:22:46.915-0300] {logging_mixin.py:188} INFO - [2024-05-11T15:22:46.915-0300] {dag.py:3096} INFO - Sync 1 DAGs
[2024-05-11T15:22:46.935-0300] {logging_mixin.py:188} INFO - [2024-05-11T15:22:46.935-0300] {dag.py:3954} INFO - Setting next_dagrun for dados_climaticos to 2024-04-29 00:00:00+00:00, run_after=2024-05-06 00:00:00+00:00
[2024-05-11T15:22:46.963-0300] {processor.py:183} INFO - Processing /home/patricia/Documentos/airflow/dags/dados_climaticos.py took 0.484 seconds
[2024-05-11T15:23:17.247-0300] {processor.py:161} INFO - Started process (PID=6431) to work on /home/patricia/Documentos/airflow/dags/dados_climaticos.py
[2024-05-11T15:23:17.249-0300] {processor.py:830} INFO - Processing file /home/patricia/Documentos/airflow/dags/dados_climaticos.py for tasks to queue
[2024-05-11T15:23:17.251-0300] {logging_mixin.py:188} INFO - [2024-05-11T15:23:17.251-0300] {dagbag.py:545} INFO - Filling up the DagBag from /home/patricia/Documentos/airflow/dags/dados_climaticos.py
[2024-05-11T15:23:17.680-0300] {processor.py:840} INFO - DAG(s) 'dados_climaticos' retrieved from /home/patricia/Documentos/airflow/dags/dados_climaticos.py
[2024-05-11T15:23:17.696-0300] {logging_mixin.py:188} INFO - [2024-05-11T15:23:17.696-0300] {dag.py:3096} INFO - Sync 1 DAGs
[2024-05-11T15:23:17.718-0300] {logging_mixin.py:188} INFO - [2024-05-11T15:23:17.717-0300] {dag.py:3954} INFO - Setting next_dagrun for dados_climaticos to 2024-04-29 00:00:00+00:00, run_after=2024-05-06 00:00:00+00:00
[2024-05-11T15:23:17.749-0300] {processor.py:183} INFO - Processing /home/patricia/Documentos/airflow/dags/dados_climaticos.py took 0.509 seconds
[2024-05-11T15:24:19.002-0300] {processor.py:161} INFO - Started process (PID=6545) to work on /home/patricia/Documentos/airflow/dags/dados_climaticos.py
[2024-05-11T15:24:19.006-0300] {processor.py:830} INFO - Processing file /home/patricia/Documentos/airflow/dags/dados_climaticos.py for tasks to queue
[2024-05-11T15:24:19.009-0300] {logging_mixin.py:188} INFO - [2024-05-11T15:24:19.008-0300] {dagbag.py:545} INFO - Filling up the DagBag from /home/patricia/Documentos/airflow/dags/dados_climaticos.py
[2024-05-11T15:24:19.434-0300] {processor.py:840} INFO - DAG(s) 'dados_climaticos' retrieved from /home/patricia/Documentos/airflow/dags/dados_climaticos.py
[2024-05-11T15:24:19.448-0300] {logging_mixin.py:188} INFO - [2024-05-11T15:24:19.448-0300] {dag.py:3096} INFO - Sync 1 DAGs
[2024-05-11T15:24:19.469-0300] {logging_mixin.py:188} INFO - [2024-05-11T15:24:19.469-0300] {dag.py:3954} INFO - Setting next_dagrun for dados_climaticos to 2024-04-29 00:00:00+00:00, run_after=2024-05-06 00:00:00+00:00
[2024-05-11T15:24:19.502-0300] {processor.py:183} INFO - Processing /home/patricia/Documentos/airflow/dags/dados_climaticos.py took 0.507 seconds
[2024-05-11T15:25:58.235-0300] {processor.py:161} INFO - Started process (PID=6697) to work on /home/patricia/Documentos/airflow/dags/dados_climaticos.py
[2024-05-11T15:25:58.238-0300] {processor.py:830} INFO - Processing file /home/patricia/Documentos/airflow/dags/dados_climaticos.py for tasks to queue
[2024-05-11T15:25:58.241-0300] {logging_mixin.py:188} INFO - [2024-05-11T15:25:58.241-0300] {dagbag.py:545} INFO - Filling up the DagBag from /home/patricia/Documentos/airflow/dags/dados_climaticos.py
[2024-05-11T15:25:58.766-0300] {processor.py:840} INFO - DAG(s) 'dados_climaticos' retrieved from /home/patricia/Documentos/airflow/dags/dados_climaticos.py
[2024-05-11T15:25:58.780-0300] {logging_mixin.py:188} INFO - [2024-05-11T15:25:58.780-0300] {dag.py:3096} INFO - Sync 1 DAGs
[2024-05-11T15:25:58.799-0300] {logging_mixin.py:188} INFO - [2024-05-11T15:25:58.798-0300] {dag.py:3954} INFO - Setting next_dagrun for dados_climaticos to 2024-04-29 00:00:00+00:00, run_after=2024-05-06 00:00:00+00:00
[2024-05-11T15:25:58.868-0300] {processor.py:183} INFO - Processing /home/patricia/Documentos/airflow/dags/dados_climaticos.py took 0.641 seconds
[2024-05-11T15:27:14.159-0300] {processor.py:161} INFO - Started process (PID=7615) to work on /home/patricia/Documentos/airflow/dags/dados_climaticos.py
[2024-05-11T15:27:14.166-0300] {processor.py:830} INFO - Processing file /home/patricia/Documentos/airflow/dags/dados_climaticos.py for tasks to queue
[2024-05-11T15:27:14.171-0300] {logging_mixin.py:188} INFO - [2024-05-11T15:27:14.170-0300] {dagbag.py:545} INFO - Filling up the DagBag from /home/patricia/Documentos/airflow/dags/dados_climaticos.py
[2024-05-11T15:27:15.065-0300] {processor.py:840} INFO - DAG(s) 'dados_climaticos' retrieved from /home/patricia/Documentos/airflow/dags/dados_climaticos.py
[2024-05-11T15:27:15.223-0300] {logging_mixin.py:188} INFO - [2024-05-11T15:27:15.222-0300] {dag.py:3096} INFO - Sync 1 DAGs
[2024-05-11T15:27:15.258-0300] {logging_mixin.py:188} INFO - [2024-05-11T15:27:15.255-0300] {dag.py:3954} INFO - Setting next_dagrun for dados_climaticos to 2024-04-29 00:00:00+00:00, run_after=2024-05-06 00:00:00+00:00
[2024-05-11T15:27:15.382-0300] {processor.py:183} INFO - Processing /home/patricia/Documentos/airflow/dags/dados_climaticos.py took 1.233 seconds
[2024-05-11T15:28:04.666-0300] {processor.py:161} INFO - Started process (PID=7715) to work on /home/patricia/Documentos/airflow/dags/dados_climaticos.py
[2024-05-11T15:28:04.669-0300] {processor.py:830} INFO - Processing file /home/patricia/Documentos/airflow/dags/dados_climaticos.py for tasks to queue
[2024-05-11T15:28:04.674-0300] {logging_mixin.py:188} INFO - [2024-05-11T15:28:04.674-0300] {dagbag.py:545} INFO - Filling up the DagBag from /home/patricia/Documentos/airflow/dags/dados_climaticos.py
[2024-05-11T15:28:05.307-0300] {processor.py:840} INFO - DAG(s) 'dados_climaticos' retrieved from /home/patricia/Documentos/airflow/dags/dados_climaticos.py
[2024-05-11T15:28:05.326-0300] {logging_mixin.py:188} INFO - [2024-05-11T15:28:05.326-0300] {dag.py:3096} INFO - Sync 1 DAGs
[2024-05-11T15:28:05.386-0300] {logging_mixin.py:188} INFO - [2024-05-11T15:28:05.386-0300] {dag.py:3954} INFO - Setting next_dagrun for dados_climaticos to 2024-04-29 00:00:00+00:00, run_after=2024-05-06 00:00:00+00:00
[2024-05-11T15:28:05.421-0300] {processor.py:183} INFO - Processing /home/patricia/Documentos/airflow/dags/dados_climaticos.py took 0.764 seconds
[2024-05-11T15:28:43.512-0300] {processor.py:161} INFO - Started process (PID=7794) to work on /home/patricia/Documentos/airflow/dags/dados_climaticos.py
[2024-05-11T15:28:43.515-0300] {processor.py:830} INFO - Processing file /home/patricia/Documentos/airflow/dags/dados_climaticos.py for tasks to queue
[2024-05-11T15:28:43.518-0300] {logging_mixin.py:188} INFO - [2024-05-11T15:28:43.518-0300] {dagbag.py:545} INFO - Filling up the DagBag from /home/patricia/Documentos/airflow/dags/dados_climaticos.py
[2024-05-11T15:28:44.034-0300] {processor.py:840} INFO - DAG(s) 'dados_climaticos' retrieved from /home/patricia/Documentos/airflow/dags/dados_climaticos.py
[2024-05-11T15:28:44.046-0300] {logging_mixin.py:188} INFO - [2024-05-11T15:28:44.046-0300] {dag.py:3096} INFO - Sync 1 DAGs
[2024-05-11T15:28:44.089-0300] {logging_mixin.py:188} INFO - [2024-05-11T15:28:44.088-0300] {dag.py:3954} INFO - Setting next_dagrun for dados_climaticos to 2024-04-29 00:00:00+00:00, run_after=2024-05-06 00:00:00+00:00
[2024-05-11T15:28:44.177-0300] {processor.py:183} INFO - Processing /home/patricia/Documentos/airflow/dags/dados_climaticos.py took 0.672 seconds
[2024-05-11T15:29:23.104-0300] {processor.py:161} INFO - Started process (PID=7870) to work on /home/patricia/Documentos/airflow/dags/dados_climaticos.py
[2024-05-11T15:29:23.110-0300] {processor.py:830} INFO - Processing file /home/patricia/Documentos/airflow/dags/dados_climaticos.py for tasks to queue
[2024-05-11T15:29:23.115-0300] {logging_mixin.py:188} INFO - [2024-05-11T15:29:23.114-0300] {dagbag.py:545} INFO - Filling up the DagBag from /home/patricia/Documentos/airflow/dags/dados_climaticos.py
[2024-05-11T15:29:23.940-0300] {processor.py:840} INFO - DAG(s) 'dados_climaticos' retrieved from /home/patricia/Documentos/airflow/dags/dados_climaticos.py
[2024-05-11T15:29:23.954-0300] {logging_mixin.py:188} INFO - [2024-05-11T15:29:23.954-0300] {dag.py:3096} INFO - Sync 1 DAGs
[2024-05-11T15:29:23.986-0300] {logging_mixin.py:188} INFO - [2024-05-11T15:29:23.986-0300] {dag.py:3954} INFO - Setting next_dagrun for dados_climaticos to 2024-04-29 00:00:00+00:00, run_after=2024-05-06 00:00:00+00:00
[2024-05-11T15:29:24.097-0300] {processor.py:183} INFO - Processing /home/patricia/Documentos/airflow/dags/dados_climaticos.py took 1.002 seconds
[2024-05-11T15:30:11.548-0300] {processor.py:161} INFO - Started process (PID=7973) to work on /home/patricia/Documentos/airflow/dags/dados_climaticos.py
[2024-05-11T15:30:11.612-0300] {processor.py:830} INFO - Processing file /home/patricia/Documentos/airflow/dags/dados_climaticos.py for tasks to queue
[2024-05-11T15:30:11.615-0300] {logging_mixin.py:188} INFO - [2024-05-11T15:30:11.614-0300] {dagbag.py:545} INFO - Filling up the DagBag from /home/patricia/Documentos/airflow/dags/dados_climaticos.py
[2024-05-11T15:30:12.277-0300] {processor.py:840} INFO - DAG(s) 'dados_climaticos' retrieved from /home/patricia/Documentos/airflow/dags/dados_climaticos.py
[2024-05-11T15:30:12.299-0300] {logging_mixin.py:188} INFO - [2024-05-11T15:30:12.298-0300] {dag.py:3096} INFO - Sync 1 DAGs
[2024-05-11T15:30:12.342-0300] {logging_mixin.py:188} INFO - [2024-05-11T15:30:12.342-0300] {dag.py:3954} INFO - Setting next_dagrun for dados_climaticos to 2024-04-29 00:00:00+00:00, run_after=2024-05-06 00:00:00+00:00
[2024-05-11T15:30:12.637-0300] {processor.py:183} INFO - Processing /home/patricia/Documentos/airflow/dags/dados_climaticos.py took 1.098 seconds
[2024-05-11T15:30:58.004-0300] {processor.py:161} INFO - Started process (PID=8077) to work on /home/patricia/Documentos/airflow/dags/dados_climaticos.py
[2024-05-11T15:30:58.006-0300] {processor.py:830} INFO - Processing file /home/patricia/Documentos/airflow/dags/dados_climaticos.py for tasks to queue
[2024-05-11T15:30:58.009-0300] {logging_mixin.py:188} INFO - [2024-05-11T15:30:58.008-0300] {dagbag.py:545} INFO - Filling up the DagBag from /home/patricia/Documentos/airflow/dags/dados_climaticos.py
[2024-05-11T15:30:58.429-0300] {processor.py:840} INFO - DAG(s) 'dados_climaticos' retrieved from /home/patricia/Documentos/airflow/dags/dados_climaticos.py
[2024-05-11T15:30:58.444-0300] {logging_mixin.py:188} INFO - [2024-05-11T15:30:58.444-0300] {dag.py:3096} INFO - Sync 1 DAGs
[2024-05-11T15:30:58.481-0300] {logging_mixin.py:188} INFO - [2024-05-11T15:30:58.481-0300] {dag.py:3954} INFO - Setting next_dagrun for dados_climaticos to 2024-04-29 00:00:00+00:00, run_after=2024-05-06 00:00:00+00:00
[2024-05-11T15:30:58.560-0300] {processor.py:183} INFO - Processing /home/patricia/Documentos/airflow/dags/dados_climaticos.py took 0.563 seconds
[2024-05-11T15:31:30.252-0300] {processor.py:161} INFO - Started process (PID=8183) to work on /home/patricia/Documentos/airflow/dags/dados_climaticos.py
[2024-05-11T15:31:30.258-0300] {processor.py:830} INFO - Processing file /home/patricia/Documentos/airflow/dags/dados_climaticos.py for tasks to queue
[2024-05-11T15:31:30.264-0300] {logging_mixin.py:188} INFO - [2024-05-11T15:31:30.262-0300] {dagbag.py:545} INFO - Filling up the DagBag from /home/patricia/Documentos/airflow/dags/dados_climaticos.py
[2024-05-11T15:31:30.860-0300] {processor.py:840} INFO - DAG(s) 'dados_climaticos' retrieved from /home/patricia/Documentos/airflow/dags/dados_climaticos.py
[2024-05-11T15:31:30.881-0300] {logging_mixin.py:188} INFO - [2024-05-11T15:31:30.881-0300] {dag.py:3096} INFO - Sync 1 DAGs
[2024-05-11T15:31:30.921-0300] {logging_mixin.py:188} INFO - [2024-05-11T15:31:30.921-0300] {dag.py:3954} INFO - Setting next_dagrun for dados_climaticos to 2024-04-29 00:00:00+00:00, run_after=2024-05-06 00:00:00+00:00
[2024-05-11T15:31:30.999-0300] {processor.py:183} INFO - Processing /home/patricia/Documentos/airflow/dags/dados_climaticos.py took 0.769 seconds
[2024-05-11T15:32:03.399-0300] {processor.py:161} INFO - Started process (PID=8295) to work on /home/patricia/Documentos/airflow/dags/dados_climaticos.py
[2024-05-11T15:32:03.406-0300] {processor.py:830} INFO - Processing file /home/patricia/Documentos/airflow/dags/dados_climaticos.py for tasks to queue
[2024-05-11T15:32:03.413-0300] {logging_mixin.py:188} INFO - [2024-05-11T15:32:03.412-0300] {dagbag.py:545} INFO - Filling up the DagBag from /home/patricia/Documentos/airflow/dags/dados_climaticos.py
[2024-05-11T15:32:03.852-0300] {processor.py:840} INFO - DAG(s) 'dados_climaticos' retrieved from /home/patricia/Documentos/airflow/dags/dados_climaticos.py
[2024-05-11T15:32:03.868-0300] {logging_mixin.py:188} INFO - [2024-05-11T15:32:03.868-0300] {dag.py:3096} INFO - Sync 1 DAGs
[2024-05-11T15:32:03.902-0300] {logging_mixin.py:188} INFO - [2024-05-11T15:32:03.902-0300] {dag.py:3954} INFO - Setting next_dagrun for dados_climaticos to 2024-04-29 00:00:00+00:00, run_after=2024-05-06 00:00:00+00:00
[2024-05-11T15:32:03.994-0300] {processor.py:183} INFO - Processing /home/patricia/Documentos/airflow/dags/dados_climaticos.py took 0.616 seconds
[2024-05-11T15:32:34.557-0300] {processor.py:161} INFO - Started process (PID=8465) to work on /home/patricia/Documentos/airflow/dags/dados_climaticos.py
[2024-05-11T15:32:34.561-0300] {processor.py:830} INFO - Processing file /home/patricia/Documentos/airflow/dags/dados_climaticos.py for tasks to queue
[2024-05-11T15:32:34.563-0300] {logging_mixin.py:188} INFO - [2024-05-11T15:32:34.563-0300] {dagbag.py:545} INFO - Filling up the DagBag from /home/patricia/Documentos/airflow/dags/dados_climaticos.py
[2024-05-11T15:32:34.952-0300] {processor.py:840} INFO - DAG(s) 'dados_climaticos' retrieved from /home/patricia/Documentos/airflow/dags/dados_climaticos.py
[2024-05-11T15:32:34.976-0300] {logging_mixin.py:188} INFO - [2024-05-11T15:32:34.976-0300] {dag.py:3096} INFO - Sync 1 DAGs
[2024-05-11T15:32:34.996-0300] {logging_mixin.py:188} INFO - [2024-05-11T15:32:34.995-0300] {dag.py:3954} INFO - Setting next_dagrun for dados_climaticos to 2024-04-29 00:00:00+00:00, run_after=2024-05-06 00:00:00+00:00
[2024-05-11T15:32:35.031-0300] {processor.py:183} INFO - Processing /home/patricia/Documentos/airflow/dags/dados_climaticos.py took 0.480 seconds
[2024-05-11T15:33:06.293-0300] {processor.py:161} INFO - Started process (PID=8641) to work on /home/patricia/Documentos/airflow/dags/dados_climaticos.py
[2024-05-11T15:33:06.295-0300] {processor.py:830} INFO - Processing file /home/patricia/Documentos/airflow/dags/dados_climaticos.py for tasks to queue
[2024-05-11T15:33:06.299-0300] {logging_mixin.py:188} INFO - [2024-05-11T15:33:06.299-0300] {dagbag.py:545} INFO - Filling up the DagBag from /home/patricia/Documentos/airflow/dags/dados_climaticos.py
[2024-05-11T15:33:06.976-0300] {processor.py:840} INFO - DAG(s) 'dados_climaticos' retrieved from /home/patricia/Documentos/airflow/dags/dados_climaticos.py
[2024-05-11T15:33:07.011-0300] {logging_mixin.py:188} INFO - [2024-05-11T15:33:07.010-0300] {dag.py:3096} INFO - Sync 1 DAGs
[2024-05-11T15:33:07.036-0300] {logging_mixin.py:188} INFO - [2024-05-11T15:33:07.036-0300] {dag.py:3954} INFO - Setting next_dagrun for dados_climaticos to 2024-04-29 00:00:00+00:00, run_after=2024-05-06 00:00:00+00:00
[2024-05-11T15:33:07.081-0300] {processor.py:183} INFO - Processing /home/patricia/Documentos/airflow/dags/dados_climaticos.py took 0.805 seconds
[2024-05-11T15:33:41.769-0300] {processor.py:161} INFO - Started process (PID=8894) to work on /home/patricia/Documentos/airflow/dags/dados_climaticos.py
[2024-05-11T15:33:41.776-0300] {processor.py:830} INFO - Processing file /home/patricia/Documentos/airflow/dags/dados_climaticos.py for tasks to queue
[2024-05-11T15:33:41.778-0300] {logging_mixin.py:188} INFO - [2024-05-11T15:33:41.778-0300] {dagbag.py:545} INFO - Filling up the DagBag from /home/patricia/Documentos/airflow/dags/dados_climaticos.py
[2024-05-11T15:33:42.296-0300] {processor.py:840} INFO - DAG(s) 'dados_climaticos' retrieved from /home/patricia/Documentos/airflow/dags/dados_climaticos.py
[2024-05-11T15:33:42.315-0300] {logging_mixin.py:188} INFO - [2024-05-11T15:33:42.314-0300] {dag.py:3096} INFO - Sync 1 DAGs
[2024-05-11T15:33:42.347-0300] {logging_mixin.py:188} INFO - [2024-05-11T15:33:42.346-0300] {dag.py:3954} INFO - Setting next_dagrun for dados_climaticos to 2024-04-29 00:00:00+00:00, run_after=2024-05-06 00:00:00+00:00
[2024-05-11T15:33:42.391-0300] {processor.py:183} INFO - Processing /home/patricia/Documentos/airflow/dags/dados_climaticos.py took 0.633 seconds
[2024-05-11T15:34:22.214-0300] {processor.py:161} INFO - Started process (PID=9281) to work on /home/patricia/Documentos/airflow/dags/dados_climaticos.py
[2024-05-11T15:34:22.217-0300] {processor.py:830} INFO - Processing file /home/patricia/Documentos/airflow/dags/dados_climaticos.py for tasks to queue
[2024-05-11T15:34:22.220-0300] {logging_mixin.py:188} INFO - [2024-05-11T15:34:22.219-0300] {dagbag.py:545} INFO - Filling up the DagBag from /home/patricia/Documentos/airflow/dags/dados_climaticos.py
[2024-05-11T15:34:22.838-0300] {processor.py:840} INFO - DAG(s) 'dados_climaticos' retrieved from /home/patricia/Documentos/airflow/dags/dados_climaticos.py
[2024-05-11T15:34:22.860-0300] {logging_mixin.py:188} INFO - [2024-05-11T15:34:22.859-0300] {dag.py:3096} INFO - Sync 1 DAGs
[2024-05-11T15:34:22.887-0300] {logging_mixin.py:188} INFO - [2024-05-11T15:34:22.887-0300] {dag.py:3954} INFO - Setting next_dagrun for dados_climaticos to 2024-04-29 00:00:00+00:00, run_after=2024-05-06 00:00:00+00:00
[2024-05-11T15:34:22.927-0300] {processor.py:183} INFO - Processing /home/patricia/Documentos/airflow/dags/dados_climaticos.py took 0.735 seconds
[2024-05-11T15:35:00.354-0300] {processor.py:161} INFO - Started process (PID=9381) to work on /home/patricia/Documentos/airflow/dags/dados_climaticos.py
[2024-05-11T15:35:00.361-0300] {processor.py:830} INFO - Processing file /home/patricia/Documentos/airflow/dags/dados_climaticos.py for tasks to queue
[2024-05-11T15:35:00.364-0300] {logging_mixin.py:188} INFO - [2024-05-11T15:35:00.363-0300] {dagbag.py:545} INFO - Filling up the DagBag from /home/patricia/Documentos/airflow/dags/dados_climaticos.py
[2024-05-11T15:35:00.918-0300] {processor.py:840} INFO - DAG(s) 'dados_climaticos' retrieved from /home/patricia/Documentos/airflow/dags/dados_climaticos.py
[2024-05-11T15:35:00.938-0300] {logging_mixin.py:188} INFO - [2024-05-11T15:35:00.938-0300] {dag.py:3096} INFO - Sync 1 DAGs
[2024-05-11T15:35:00.966-0300] {logging_mixin.py:188} INFO - [2024-05-11T15:35:00.966-0300] {dag.py:3954} INFO - Setting next_dagrun for dados_climaticos to 2024-04-29 00:00:00+00:00, run_after=2024-05-06 00:00:00+00:00
[2024-05-11T15:35:01.072-0300] {processor.py:183} INFO - Processing /home/patricia/Documentos/airflow/dags/dados_climaticos.py took 0.726 seconds
[2024-05-11T15:35:38.726-0300] {processor.py:161} INFO - Started process (PID=9516) to work on /home/patricia/Documentos/airflow/dags/dados_climaticos.py
[2024-05-11T15:35:38.730-0300] {processor.py:830} INFO - Processing file /home/patricia/Documentos/airflow/dags/dados_climaticos.py for tasks to queue
[2024-05-11T15:35:38.735-0300] {logging_mixin.py:188} INFO - [2024-05-11T15:35:38.734-0300] {dagbag.py:545} INFO - Filling up the DagBag from /home/patricia/Documentos/airflow/dags/dados_climaticos.py
[2024-05-11T15:35:39.362-0300] {processor.py:840} INFO - DAG(s) 'dados_climaticos' retrieved from /home/patricia/Documentos/airflow/dags/dados_climaticos.py
[2024-05-11T15:35:39.379-0300] {logging_mixin.py:188} INFO - [2024-05-11T15:35:39.378-0300] {dag.py:3096} INFO - Sync 1 DAGs
[2024-05-11T15:35:39.404-0300] {logging_mixin.py:188} INFO - [2024-05-11T15:35:39.404-0300] {dag.py:3954} INFO - Setting next_dagrun for dados_climaticos to 2024-04-29 00:00:00+00:00, run_after=2024-05-06 00:00:00+00:00
[2024-05-11T15:35:39.436-0300] {processor.py:183} INFO - Processing /home/patricia/Documentos/airflow/dags/dados_climaticos.py took 0.728 seconds
[2024-05-11T15:36:16.264-0300] {processor.py:161} INFO - Started process (PID=9585) to work on /home/patricia/Documentos/airflow/dags/dados_climaticos.py
[2024-05-11T15:36:16.269-0300] {processor.py:830} INFO - Processing file /home/patricia/Documentos/airflow/dags/dados_climaticos.py for tasks to queue
[2024-05-11T15:36:16.271-0300] {logging_mixin.py:188} INFO - [2024-05-11T15:36:16.271-0300] {dagbag.py:545} INFO - Filling up the DagBag from /home/patricia/Documentos/airflow/dags/dados_climaticos.py
[2024-05-11T15:36:16.949-0300] {processor.py:840} INFO - DAG(s) 'dados_climaticos' retrieved from /home/patricia/Documentos/airflow/dags/dados_climaticos.py
[2024-05-11T15:36:16.981-0300] {logging_mixin.py:188} INFO - [2024-05-11T15:36:16.981-0300] {dag.py:3096} INFO - Sync 1 DAGs
[2024-05-11T15:36:17.009-0300] {logging_mixin.py:188} INFO - [2024-05-11T15:36:17.009-0300] {dag.py:3954} INFO - Setting next_dagrun for dados_climaticos to 2024-04-29 00:00:00+00:00, run_after=2024-05-06 00:00:00+00:00
[2024-05-11T15:36:17.081-0300] {processor.py:183} INFO - Processing /home/patricia/Documentos/airflow/dags/dados_climaticos.py took 0.827 seconds
[2024-05-11T15:36:58.566-0300] {processor.py:161} INFO - Started process (PID=9728) to work on /home/patricia/Documentos/airflow/dags/dados_climaticos.py
[2024-05-11T15:36:58.567-0300] {processor.py:830} INFO - Processing file /home/patricia/Documentos/airflow/dags/dados_climaticos.py for tasks to queue
[2024-05-11T15:36:58.570-0300] {logging_mixin.py:188} INFO - [2024-05-11T15:36:58.570-0300] {dagbag.py:545} INFO - Filling up the DagBag from /home/patricia/Documentos/airflow/dags/dados_climaticos.py
[2024-05-11T15:36:58.955-0300] {processor.py:840} INFO - DAG(s) 'dados_climaticos' retrieved from /home/patricia/Documentos/airflow/dags/dados_climaticos.py
[2024-05-11T15:36:58.984-0300] {logging_mixin.py:188} INFO - [2024-05-11T15:36:58.983-0300] {dag.py:3096} INFO - Sync 1 DAGs
[2024-05-11T15:36:59.003-0300] {logging_mixin.py:188} INFO - [2024-05-11T15:36:59.003-0300] {dag.py:3954} INFO - Setting next_dagrun for dados_climaticos to 2024-04-29 00:00:00+00:00, run_after=2024-05-06 00:00:00+00:00
[2024-05-11T15:36:59.036-0300] {processor.py:183} INFO - Processing /home/patricia/Documentos/airflow/dags/dados_climaticos.py took 0.485 seconds
[2024-05-11T15:38:05.503-0300] {processor.py:161} INFO - Started process (PID=9898) to work on /home/patricia/Documentos/airflow/dags/dados_climaticos.py
[2024-05-11T15:38:05.621-0300] {processor.py:830} INFO - Processing file /home/patricia/Documentos/airflow/dags/dados_climaticos.py for tasks to queue
[2024-05-11T15:38:05.625-0300] {logging_mixin.py:188} INFO - [2024-05-11T15:38:05.624-0300] {dagbag.py:545} INFO - Filling up the DagBag from /home/patricia/Documentos/airflow/dags/dados_climaticos.py
[2024-05-11T15:38:06.095-0300] {processor.py:840} INFO - DAG(s) 'dados_climaticos' retrieved from /home/patricia/Documentos/airflow/dags/dados_climaticos.py
[2024-05-11T15:38:06.111-0300] {logging_mixin.py:188} INFO - [2024-05-11T15:38:06.111-0300] {dag.py:3096} INFO - Sync 1 DAGs
[2024-05-11T15:38:06.136-0300] {logging_mixin.py:188} INFO - [2024-05-11T15:38:06.136-0300] {dag.py:3954} INFO - Setting next_dagrun for dados_climaticos to 2024-04-29 00:00:00+00:00, run_after=2024-05-06 00:00:00+00:00
[2024-05-11T15:38:07.530-0300] {processor.py:183} INFO - Processing /home/patricia/Documentos/airflow/dags/dados_climaticos.py took 2.080 seconds
[2024-05-11T15:39:19.245-0300] {processor.py:161} INFO - Started process (PID=10028) to work on /home/patricia/Documentos/airflow/dags/dados_climaticos.py
[2024-05-11T15:39:19.248-0300] {processor.py:830} INFO - Processing file /home/patricia/Documentos/airflow/dags/dados_climaticos.py for tasks to queue
[2024-05-11T15:39:19.250-0300] {logging_mixin.py:188} INFO - [2024-05-11T15:39:19.250-0300] {dagbag.py:545} INFO - Filling up the DagBag from /home/patricia/Documentos/airflow/dags/dados_climaticos.py
[2024-05-11T15:39:19.699-0300] {processor.py:840} INFO - DAG(s) 'dados_climaticos' retrieved from /home/patricia/Documentos/airflow/dags/dados_climaticos.py
[2024-05-11T15:39:19.719-0300] {logging_mixin.py:188} INFO - [2024-05-11T15:39:19.718-0300] {dag.py:3096} INFO - Sync 1 DAGs
[2024-05-11T15:39:19.737-0300] {logging_mixin.py:188} INFO - [2024-05-11T15:39:19.737-0300] {dag.py:3954} INFO - Setting next_dagrun for dados_climaticos to 2024-04-29 00:00:00+00:00, run_after=2024-05-06 00:00:00+00:00
[2024-05-11T15:39:19.771-0300] {processor.py:183} INFO - Processing /home/patricia/Documentos/airflow/dags/dados_climaticos.py took 0.534 seconds
[2024-05-11T15:39:56.078-0300] {processor.py:161} INFO - Started process (PID=10090) to work on /home/patricia/Documentos/airflow/dags/dados_climaticos.py
[2024-05-11T15:39:56.080-0300] {processor.py:830} INFO - Processing file /home/patricia/Documentos/airflow/dags/dados_climaticos.py for tasks to queue
[2024-05-11T15:39:56.083-0300] {logging_mixin.py:188} INFO - [2024-05-11T15:39:56.082-0300] {dagbag.py:545} INFO - Filling up the DagBag from /home/patricia/Documentos/airflow/dags/dados_climaticos.py
[2024-05-11T15:39:56.542-0300] {processor.py:840} INFO - DAG(s) 'dados_climaticos' retrieved from /home/patricia/Documentos/airflow/dags/dados_climaticos.py
[2024-05-11T15:39:56.555-0300] {logging_mixin.py:188} INFO - [2024-05-11T15:39:56.555-0300] {dag.py:3096} INFO - Sync 1 DAGs
[2024-05-11T15:39:56.579-0300] {logging_mixin.py:188} INFO - [2024-05-11T15:39:56.579-0300] {dag.py:3954} INFO - Setting next_dagrun for dados_climaticos to 2024-04-29 00:00:00+00:00, run_after=2024-05-06 00:00:00+00:00
[2024-05-11T15:39:56.612-0300] {processor.py:183} INFO - Processing /home/patricia/Documentos/airflow/dags/dados_climaticos.py took 0.542 seconds
[2024-05-11T15:40:37.794-0300] {processor.py:161} INFO - Started process (PID=10578) to work on /home/patricia/Documentos/airflow/dags/dados_climaticos.py
[2024-05-11T15:40:37.810-0300] {processor.py:830} INFO - Processing file /home/patricia/Documentos/airflow/dags/dados_climaticos.py for tasks to queue
[2024-05-11T15:40:37.823-0300] {logging_mixin.py:188} INFO - [2024-05-11T15:40:37.822-0300] {dagbag.py:545} INFO - Filling up the DagBag from /home/patricia/Documentos/airflow/dags/dados_climaticos.py
[2024-05-11T15:40:38.469-0300] {processor.py:840} INFO - DAG(s) 'dados_climaticos' retrieved from /home/patricia/Documentos/airflow/dags/dados_climaticos.py
[2024-05-11T15:40:38.507-0300] {logging_mixin.py:188} INFO - [2024-05-11T15:40:38.506-0300] {dag.py:3096} INFO - Sync 1 DAGs
[2024-05-11T15:40:38.589-0300] {logging_mixin.py:188} INFO - [2024-05-11T15:40:38.589-0300] {dag.py:3954} INFO - Setting next_dagrun for dados_climaticos to 2024-04-29 00:00:00+00:00, run_after=2024-05-06 00:00:00+00:00
[2024-05-11T15:40:38.787-0300] {processor.py:183} INFO - Processing /home/patricia/Documentos/airflow/dags/dados_climaticos.py took 1.002 seconds
[2024-05-11T16:27:48.077-0300] {processor.py:161} INFO - Started process (PID=10910) to work on /home/patricia/Documentos/airflow/dags/dados_climaticos.py
[2024-05-11T16:27:48.089-0300] {processor.py:830} INFO - Processing file /home/patricia/Documentos/airflow/dags/dados_climaticos.py for tasks to queue
[2024-05-11T16:27:48.099-0300] {logging_mixin.py:188} INFO - [2024-05-11T16:27:48.097-0300] {dagbag.py:545} INFO - Filling up the DagBag from /home/patricia/Documentos/airflow/dags/dados_climaticos.py
[2024-05-11T16:27:49.394-0300] {processor.py:840} INFO - DAG(s) 'dados_climaticos' retrieved from /home/patricia/Documentos/airflow/dags/dados_climaticos.py
[2024-05-11T16:27:49.409-0300] {logging_mixin.py:188} INFO - [2024-05-11T16:27:49.408-0300] {dag.py:3096} INFO - Sync 1 DAGs
[2024-05-11T16:27:49.454-0300] {logging_mixin.py:188} INFO - [2024-05-11T16:27:49.454-0300] {dag.py:3954} INFO - Setting next_dagrun for dados_climaticos to 2024-04-29 00:00:00+00:00, run_after=2024-05-06 00:00:00+00:00
[2024-05-11T16:27:49.556-0300] {processor.py:183} INFO - Processing /home/patricia/Documentos/airflow/dags/dados_climaticos.py took 1.509 seconds
[2024-05-11T16:29:54.809-0300] {processor.py:161} INFO - Started process (PID=11181) to work on /home/patricia/Documentos/airflow/dags/dados_climaticos.py
[2024-05-11T16:29:54.825-0300] {processor.py:830} INFO - Processing file /home/patricia/Documentos/airflow/dags/dados_climaticos.py for tasks to queue
[2024-05-11T16:29:54.869-0300] {logging_mixin.py:188} INFO - [2024-05-11T16:29:54.855-0300] {dagbag.py:545} INFO - Filling up the DagBag from /home/patricia/Documentos/airflow/dags/dados_climaticos.py
[2024-05-11T16:29:57.057-0300] {processor.py:840} INFO - DAG(s) 'dados_climaticos' retrieved from /home/patricia/Documentos/airflow/dags/dados_climaticos.py
[2024-05-11T16:29:57.855-0300] {logging_mixin.py:188} INFO - [2024-05-11T16:29:57.854-0300] {dag.py:3096} INFO - Sync 1 DAGs
[2024-05-11T16:29:57.959-0300] {logging_mixin.py:188} INFO - [2024-05-11T16:29:57.959-0300] {dag.py:3954} INFO - Setting next_dagrun for dados_climaticos to 2024-04-29 00:00:00+00:00, run_after=2024-05-06 00:00:00+00:00
[2024-05-11T16:29:58.200-0300] {processor.py:183} INFO - Processing /home/patricia/Documentos/airflow/dags/dados_climaticos.py took 3.418 seconds
[2024-05-11T16:31:20.268-0300] {processor.py:161} INFO - Started process (PID=11344) to work on /home/patricia/Documentos/airflow/dags/dados_climaticos.py
[2024-05-11T16:31:20.275-0300] {processor.py:830} INFO - Processing file /home/patricia/Documentos/airflow/dags/dados_climaticos.py for tasks to queue
[2024-05-11T16:31:20.284-0300] {logging_mixin.py:188} INFO - [2024-05-11T16:31:20.282-0300] {dagbag.py:545} INFO - Filling up the DagBag from /home/patricia/Documentos/airflow/dags/dados_climaticos.py
[2024-05-11T16:31:21.620-0300] {processor.py:840} INFO - DAG(s) 'dados_climaticos' retrieved from /home/patricia/Documentos/airflow/dags/dados_climaticos.py
[2024-05-11T16:31:21.644-0300] {logging_mixin.py:188} INFO - [2024-05-11T16:31:21.643-0300] {dag.py:3096} INFO - Sync 1 DAGs
[2024-05-11T16:31:21.699-0300] {logging_mixin.py:188} INFO - [2024-05-11T16:31:21.699-0300] {dag.py:3954} INFO - Setting next_dagrun for dados_climaticos to 2024-04-29 00:00:00+00:00, run_after=2024-05-06 00:00:00+00:00
[2024-05-11T16:31:21.786-0300] {processor.py:183} INFO - Processing /home/patricia/Documentos/airflow/dags/dados_climaticos.py took 1.559 seconds
[2024-05-11T16:32:23.367-0300] {processor.py:161} INFO - Started process (PID=11447) to work on /home/patricia/Documentos/airflow/dags/dados_climaticos.py
[2024-05-11T16:32:23.378-0300] {processor.py:830} INFO - Processing file /home/patricia/Documentos/airflow/dags/dados_climaticos.py for tasks to queue
[2024-05-11T16:32:23.382-0300] {logging_mixin.py:188} INFO - [2024-05-11T16:32:23.381-0300] {dagbag.py:545} INFO - Filling up the DagBag from /home/patricia/Documentos/airflow/dags/dados_climaticos.py
[2024-05-11T16:32:24.273-0300] {processor.py:840} INFO - DAG(s) 'dados_climaticos' retrieved from /home/patricia/Documentos/airflow/dags/dados_climaticos.py
[2024-05-11T16:32:24.306-0300] {logging_mixin.py:188} INFO - [2024-05-11T16:32:24.306-0300] {dag.py:3096} INFO - Sync 1 DAGs
[2024-05-11T16:32:24.371-0300] {logging_mixin.py:188} INFO - [2024-05-11T16:32:24.370-0300] {dag.py:3954} INFO - Setting next_dagrun for dados_climaticos to 2024-04-29 00:00:00+00:00, run_after=2024-05-06 00:00:00+00:00
[2024-05-11T16:32:24.446-0300] {processor.py:183} INFO - Processing /home/patricia/Documentos/airflow/dags/dados_climaticos.py took 1.137 seconds
[2024-05-11T16:33:23.026-0300] {processor.py:161} INFO - Started process (PID=11598) to work on /home/patricia/Documentos/airflow/dags/dados_climaticos.py
[2024-05-11T16:33:23.035-0300] {processor.py:830} INFO - Processing file /home/patricia/Documentos/airflow/dags/dados_climaticos.py for tasks to queue
[2024-05-11T16:33:23.042-0300] {logging_mixin.py:188} INFO - [2024-05-11T16:33:23.040-0300] {dagbag.py:545} INFO - Filling up the DagBag from /home/patricia/Documentos/airflow/dags/dados_climaticos.py
[2024-05-11T16:33:23.800-0300] {processor.py:840} INFO - DAG(s) 'dados_climaticos' retrieved from /home/patricia/Documentos/airflow/dags/dados_climaticos.py
[2024-05-11T16:33:23.853-0300] {logging_mixin.py:188} INFO - [2024-05-11T16:33:23.852-0300] {dag.py:3096} INFO - Sync 1 DAGs
[2024-05-11T16:33:24.011-0300] {logging_mixin.py:188} INFO - [2024-05-11T16:33:24.010-0300] {dag.py:3954} INFO - Setting next_dagrun for dados_climaticos to 2024-04-29 00:00:00+00:00, run_after=2024-05-06 00:00:00+00:00
[2024-05-11T16:33:24.103-0300] {processor.py:183} INFO - Processing /home/patricia/Documentos/airflow/dags/dados_climaticos.py took 1.120 seconds
[2024-05-11T16:34:13.142-0300] {processor.py:161} INFO - Started process (PID=11698) to work on /home/patricia/Documentos/airflow/dags/dados_climaticos.py
[2024-05-11T16:34:13.151-0300] {processor.py:830} INFO - Processing file /home/patricia/Documentos/airflow/dags/dados_climaticos.py for tasks to queue
[2024-05-11T16:34:13.171-0300] {logging_mixin.py:188} INFO - [2024-05-11T16:34:13.168-0300] {dagbag.py:545} INFO - Filling up the DagBag from /home/patricia/Documentos/airflow/dags/dados_climaticos.py
[2024-05-11T16:34:15.165-0300] {processor.py:840} INFO - DAG(s) 'dados_climaticos' retrieved from /home/patricia/Documentos/airflow/dags/dados_climaticos.py
[2024-05-11T16:34:15.267-0300] {logging_mixin.py:188} INFO - [2024-05-11T16:34:15.266-0300] {dag.py:3096} INFO - Sync 1 DAGs
[2024-05-11T16:34:15.440-0300] {logging_mixin.py:188} INFO - [2024-05-11T16:34:15.440-0300] {dag.py:3954} INFO - Setting next_dagrun for dados_climaticos to 2024-04-29 00:00:00+00:00, run_after=2024-05-06 00:00:00+00:00
[2024-05-11T16:34:15.655-0300] {processor.py:183} INFO - Processing /home/patricia/Documentos/airflow/dags/dados_climaticos.py took 2.551 seconds
[2024-05-11T16:35:02.687-0300] {processor.py:161} INFO - Started process (PID=11781) to work on /home/patricia/Documentos/airflow/dags/dados_climaticos.py
[2024-05-11T16:35:02.701-0300] {processor.py:830} INFO - Processing file /home/patricia/Documentos/airflow/dags/dados_climaticos.py for tasks to queue
[2024-05-11T16:35:02.705-0300] {logging_mixin.py:188} INFO - [2024-05-11T16:35:02.704-0300] {dagbag.py:545} INFO - Filling up the DagBag from /home/patricia/Documentos/airflow/dags/dados_climaticos.py
[2024-05-11T16:35:03.462-0300] {processor.py:840} INFO - DAG(s) 'dados_climaticos' retrieved from /home/patricia/Documentos/airflow/dags/dados_climaticos.py
[2024-05-11T16:35:03.492-0300] {logging_mixin.py:188} INFO - [2024-05-11T16:35:03.492-0300] {dag.py:3096} INFO - Sync 1 DAGs
[2024-05-11T16:35:03.558-0300] {logging_mixin.py:188} INFO - [2024-05-11T16:35:03.556-0300] {dag.py:3954} INFO - Setting next_dagrun for dados_climaticos to 2024-04-29 00:00:00+00:00, run_after=2024-05-06 00:00:00+00:00
[2024-05-11T16:35:03.626-0300] {processor.py:183} INFO - Processing /home/patricia/Documentos/airflow/dags/dados_climaticos.py took 0.976 seconds
[2024-05-11T16:35:51.087-0300] {processor.py:161} INFO - Started process (PID=11851) to work on /home/patricia/Documentos/airflow/dags/dados_climaticos.py
[2024-05-11T16:35:51.096-0300] {processor.py:830} INFO - Processing file /home/patricia/Documentos/airflow/dags/dados_climaticos.py for tasks to queue
[2024-05-11T16:35:51.114-0300] {logging_mixin.py:188} INFO - [2024-05-11T16:35:51.112-0300] {dagbag.py:545} INFO - Filling up the DagBag from /home/patricia/Documentos/airflow/dags/dados_climaticos.py
[2024-05-11T16:35:51.913-0300] {processor.py:840} INFO - DAG(s) 'dados_climaticos' retrieved from /home/patricia/Documentos/airflow/dags/dados_climaticos.py
[2024-05-11T16:35:52.015-0300] {logging_mixin.py:188} INFO - [2024-05-11T16:35:52.014-0300] {dag.py:3096} INFO - Sync 1 DAGs
[2024-05-11T16:35:52.166-0300] {logging_mixin.py:188} INFO - [2024-05-11T16:35:52.166-0300] {dag.py:3954} INFO - Setting next_dagrun for dados_climaticos to 2024-04-29 00:00:00+00:00, run_after=2024-05-06 00:00:00+00:00
[2024-05-11T16:35:52.237-0300] {processor.py:183} INFO - Processing /home/patricia/Documentos/airflow/dags/dados_climaticos.py took 1.209 seconds
[2024-05-11T16:36:40.964-0300] {processor.py:161} INFO - Started process (PID=11929) to work on /home/patricia/Documentos/airflow/dags/dados_climaticos.py
[2024-05-11T16:36:40.969-0300] {processor.py:830} INFO - Processing file /home/patricia/Documentos/airflow/dags/dados_climaticos.py for tasks to queue
[2024-05-11T16:36:40.974-0300] {logging_mixin.py:188} INFO - [2024-05-11T16:36:40.973-0300] {dagbag.py:545} INFO - Filling up the DagBag from /home/patricia/Documentos/airflow/dags/dados_climaticos.py
[2024-05-11T16:36:41.812-0300] {processor.py:840} INFO - DAG(s) 'dados_climaticos' retrieved from /home/patricia/Documentos/airflow/dags/dados_climaticos.py
[2024-05-11T16:36:41.839-0300] {logging_mixin.py:188} INFO - [2024-05-11T16:36:41.839-0300] {dag.py:3096} INFO - Sync 1 DAGs
[2024-05-11T16:36:41.875-0300] {logging_mixin.py:188} INFO - [2024-05-11T16:36:41.875-0300] {dag.py:3954} INFO - Setting next_dagrun for dados_climaticos to 2024-04-29 00:00:00+00:00, run_after=2024-05-06 00:00:00+00:00
[2024-05-11T16:36:41.955-0300] {processor.py:183} INFO - Processing /home/patricia/Documentos/airflow/dags/dados_climaticos.py took 1.024 seconds
