[2024-05-11T15:11:42.505-0300] {processor.py:161} INFO - Started process (PID=4549) to work on /home/patricia/Documentos/airflow/airflow_venv/lib/python3.10/site-packages/airflow/example_dags/example_external_task_marker_dag.py
[2024-05-11T15:11:42.509-0300] {processor.py:830} INFO - Processing file /home/patricia/Documentos/airflow/airflow_venv/lib/python3.10/site-packages/airflow/example_dags/example_external_task_marker_dag.py for tasks to queue
[2024-05-11T15:11:42.515-0300] {logging_mixin.py:188} INFO - [2024-05-11T15:11:42.514-0300] {dagbag.py:545} INFO - Filling up the DagBag from /home/patricia/Documentos/airflow/airflow_venv/lib/python3.10/site-packages/airflow/example_dags/example_external_task_marker_dag.py
[2024-05-11T15:11:42.546-0300] {processor.py:840} INFO - DAG(s) 'example_external_task_marker_parent', 'example_external_task_marker_child' retrieved from /home/patricia/Documentos/airflow/airflow_venv/lib/python3.10/site-packages/airflow/example_dags/example_external_task_marker_dag.py
[2024-05-11T15:11:42.752-0300] {logging_mixin.py:188} INFO - [2024-05-11T15:11:42.751-0300] {dag.py:3096} INFO - Sync 2 DAGs
[2024-05-11T15:11:42.765-0300] {logging_mixin.py:188} INFO - [2024-05-11T15:11:42.765-0300] {dag.py:3954} INFO - Setting next_dagrun for example_external_task_marker_child to None, run_after=None
[2024-05-11T15:11:42.770-0300] {logging_mixin.py:188} INFO - [2024-05-11T15:11:42.770-0300] {dag.py:3954} INFO - Setting next_dagrun for example_external_task_marker_parent to None, run_after=None
[2024-05-11T15:11:43.039-0300] {processor.py:183} INFO - Processing /home/patricia/Documentos/airflow/airflow_venv/lib/python3.10/site-packages/airflow/example_dags/example_external_task_marker_dag.py took 0.544 seconds
[2024-05-11T15:13:45.670-0300] {processor.py:161} INFO - Started process (PID=4762) to work on /home/patricia/Documentos/airflow/airflow_venv/lib/python3.10/site-packages/airflow/example_dags/example_external_task_marker_dag.py
[2024-05-11T15:13:45.674-0300] {processor.py:830} INFO - Processing file /home/patricia/Documentos/airflow/airflow_venv/lib/python3.10/site-packages/airflow/example_dags/example_external_task_marker_dag.py for tasks to queue
[2024-05-11T15:13:45.679-0300] {logging_mixin.py:188} INFO - [2024-05-11T15:13:45.678-0300] {dagbag.py:545} INFO - Filling up the DagBag from /home/patricia/Documentos/airflow/airflow_venv/lib/python3.10/site-packages/airflow/example_dags/example_external_task_marker_dag.py
[2024-05-11T15:13:45.695-0300] {processor.py:840} INFO - DAG(s) 'example_external_task_marker_child', 'example_external_task_marker_parent' retrieved from /home/patricia/Documentos/airflow/airflow_venv/lib/python3.10/site-packages/airflow/example_dags/example_external_task_marker_dag.py
[2024-05-11T15:13:45.741-0300] {logging_mixin.py:188} INFO - [2024-05-11T15:13:45.740-0300] {dag.py:3096} INFO - Sync 2 DAGs
[2024-05-11T15:13:45.774-0300] {logging_mixin.py:188} INFO - [2024-05-11T15:13:45.773-0300] {dag.py:3954} INFO - Setting next_dagrun for example_external_task_marker_child to None, run_after=None
[2024-05-11T15:13:45.783-0300] {logging_mixin.py:188} INFO - [2024-05-11T15:13:45.783-0300] {dag.py:3954} INFO - Setting next_dagrun for example_external_task_marker_parent to None, run_after=None
[2024-05-11T15:13:45.845-0300] {processor.py:183} INFO - Processing /home/patricia/Documentos/airflow/airflow_venv/lib/python3.10/site-packages/airflow/example_dags/example_external_task_marker_dag.py took 0.190 seconds
[2024-05-11T15:15:15.614-0300] {processor.py:161} INFO - Started process (PID=4977) to work on /home/patricia/Documentos/airflow/airflow_venv/lib/python3.10/site-packages/airflow/example_dags/example_external_task_marker_dag.py
[2024-05-11T15:15:15.618-0300] {processor.py:830} INFO - Processing file /home/patricia/Documentos/airflow/airflow_venv/lib/python3.10/site-packages/airflow/example_dags/example_external_task_marker_dag.py for tasks to queue
[2024-05-11T15:15:15.622-0300] {logging_mixin.py:188} INFO - [2024-05-11T15:15:15.621-0300] {dagbag.py:545} INFO - Filling up the DagBag from /home/patricia/Documentos/airflow/airflow_venv/lib/python3.10/site-packages/airflow/example_dags/example_external_task_marker_dag.py
[2024-05-11T15:15:15.631-0300] {processor.py:840} INFO - DAG(s) 'example_external_task_marker_parent', 'example_external_task_marker_child' retrieved from /home/patricia/Documentos/airflow/airflow_venv/lib/python3.10/site-packages/airflow/example_dags/example_external_task_marker_dag.py
[2024-05-11T15:15:15.658-0300] {logging_mixin.py:188} INFO - [2024-05-11T15:15:15.658-0300] {dag.py:3096} INFO - Sync 2 DAGs
[2024-05-11T15:15:15.690-0300] {logging_mixin.py:188} INFO - [2024-05-11T15:15:15.690-0300] {dag.py:3954} INFO - Setting next_dagrun for example_external_task_marker_child to None, run_after=None
[2024-05-11T15:15:15.700-0300] {logging_mixin.py:188} INFO - [2024-05-11T15:15:15.700-0300] {dag.py:3954} INFO - Setting next_dagrun for example_external_task_marker_parent to None, run_after=None
[2024-05-11T15:15:15.782-0300] {processor.py:183} INFO - Processing /home/patricia/Documentos/airflow/airflow_venv/lib/python3.10/site-packages/airflow/example_dags/example_external_task_marker_dag.py took 0.178 seconds
[2024-05-11T15:16:19.894-0300] {processor.py:161} INFO - Started process (PID=5111) to work on /home/patricia/Documentos/airflow/airflow_venv/lib/python3.10/site-packages/airflow/example_dags/example_external_task_marker_dag.py
[2024-05-11T15:16:19.917-0300] {processor.py:830} INFO - Processing file /home/patricia/Documentos/airflow/airflow_venv/lib/python3.10/site-packages/airflow/example_dags/example_external_task_marker_dag.py for tasks to queue
[2024-05-11T15:16:19.921-0300] {logging_mixin.py:188} INFO - [2024-05-11T15:16:19.920-0300] {dagbag.py:545} INFO - Filling up the DagBag from /home/patricia/Documentos/airflow/airflow_venv/lib/python3.10/site-packages/airflow/example_dags/example_external_task_marker_dag.py
[2024-05-11T15:16:19.929-0300] {processor.py:840} INFO - DAG(s) 'example_external_task_marker_child', 'example_external_task_marker_parent' retrieved from /home/patricia/Documentos/airflow/airflow_venv/lib/python3.10/site-packages/airflow/example_dags/example_external_task_marker_dag.py
[2024-05-11T15:16:19.954-0300] {logging_mixin.py:188} INFO - [2024-05-11T15:16:19.954-0300] {dag.py:3096} INFO - Sync 2 DAGs
[2024-05-11T15:16:19.969-0300] {logging_mixin.py:188} INFO - [2024-05-11T15:16:19.969-0300] {dag.py:3954} INFO - Setting next_dagrun for example_external_task_marker_child to None, run_after=None
[2024-05-11T15:16:19.973-0300] {logging_mixin.py:188} INFO - [2024-05-11T15:16:19.973-0300] {dag.py:3954} INFO - Setting next_dagrun for example_external_task_marker_parent to None, run_after=None
[2024-05-11T15:16:20.007-0300] {processor.py:183} INFO - Processing /home/patricia/Documentos/airflow/airflow_venv/lib/python3.10/site-packages/airflow/example_dags/example_external_task_marker_dag.py took 0.127 seconds
[2024-05-11T15:17:22.661-0300] {processor.py:161} INFO - Started process (PID=5252) to work on /home/patricia/Documentos/airflow/airflow_venv/lib/python3.10/site-packages/airflow/example_dags/example_external_task_marker_dag.py
[2024-05-11T15:17:22.690-0300] {processor.py:830} INFO - Processing file /home/patricia/Documentos/airflow/airflow_venv/lib/python3.10/site-packages/airflow/example_dags/example_external_task_marker_dag.py for tasks to queue
[2024-05-11T15:17:22.694-0300] {logging_mixin.py:188} INFO - [2024-05-11T15:17:22.693-0300] {dagbag.py:545} INFO - Filling up the DagBag from /home/patricia/Documentos/airflow/airflow_venv/lib/python3.10/site-packages/airflow/example_dags/example_external_task_marker_dag.py
[2024-05-11T15:17:22.706-0300] {processor.py:840} INFO - DAG(s) 'example_external_task_marker_parent', 'example_external_task_marker_child' retrieved from /home/patricia/Documentos/airflow/airflow_venv/lib/python3.10/site-packages/airflow/example_dags/example_external_task_marker_dag.py
[2024-05-11T15:17:22.734-0300] {logging_mixin.py:188} INFO - [2024-05-11T15:17:22.734-0300] {dag.py:3096} INFO - Sync 2 DAGs
[2024-05-11T15:17:22.752-0300] {logging_mixin.py:188} INFO - [2024-05-11T15:17:22.751-0300] {dag.py:3954} INFO - Setting next_dagrun for example_external_task_marker_child to None, run_after=None
[2024-05-11T15:17:22.757-0300] {logging_mixin.py:188} INFO - [2024-05-11T15:17:22.757-0300] {dag.py:3954} INFO - Setting next_dagrun for example_external_task_marker_parent to None, run_after=None
[2024-05-11T15:17:22.795-0300] {processor.py:183} INFO - Processing /home/patricia/Documentos/airflow/airflow_venv/lib/python3.10/site-packages/airflow/example_dags/example_external_task_marker_dag.py took 0.159 seconds
[2024-05-11T15:18:30.312-0300] {processor.py:161} INFO - Started process (PID=5749) to work on /home/patricia/Documentos/airflow/airflow_venv/lib/python3.10/site-packages/airflow/example_dags/example_external_task_marker_dag.py
[2024-05-11T15:18:30.315-0300] {processor.py:830} INFO - Processing file /home/patricia/Documentos/airflow/airflow_venv/lib/python3.10/site-packages/airflow/example_dags/example_external_task_marker_dag.py for tasks to queue
[2024-05-11T15:18:30.318-0300] {logging_mixin.py:188} INFO - [2024-05-11T15:18:30.317-0300] {dagbag.py:545} INFO - Filling up the DagBag from /home/patricia/Documentos/airflow/airflow_venv/lib/python3.10/site-packages/airflow/example_dags/example_external_task_marker_dag.py
[2024-05-11T15:18:30.331-0300] {processor.py:840} INFO - DAG(s) 'example_external_task_marker_parent', 'example_external_task_marker_child' retrieved from /home/patricia/Documentos/airflow/airflow_venv/lib/python3.10/site-packages/airflow/example_dags/example_external_task_marker_dag.py
[2024-05-11T15:18:30.378-0300] {logging_mixin.py:188} INFO - [2024-05-11T15:18:30.378-0300] {dag.py:3096} INFO - Sync 2 DAGs
[2024-05-11T15:18:30.393-0300] {logging_mixin.py:188} INFO - [2024-05-11T15:18:30.393-0300] {dag.py:3954} INFO - Setting next_dagrun for example_external_task_marker_child to None, run_after=None
[2024-05-11T15:18:30.399-0300] {logging_mixin.py:188} INFO - [2024-05-11T15:18:30.398-0300] {dag.py:3954} INFO - Setting next_dagrun for example_external_task_marker_parent to None, run_after=None
[2024-05-11T15:18:30.501-0300] {processor.py:183} INFO - Processing /home/patricia/Documentos/airflow/airflow_venv/lib/python3.10/site-packages/airflow/example_dags/example_external_task_marker_dag.py took 0.197 seconds
[2024-05-11T15:19:40.564-0300] {processor.py:161} INFO - Started process (PID=6008) to work on /home/patricia/Documentos/airflow/airflow_venv/lib/python3.10/site-packages/airflow/example_dags/example_external_task_marker_dag.py
[2024-05-11T15:19:40.570-0300] {processor.py:830} INFO - Processing file /home/patricia/Documentos/airflow/airflow_venv/lib/python3.10/site-packages/airflow/example_dags/example_external_task_marker_dag.py for tasks to queue
[2024-05-11T15:19:40.574-0300] {logging_mixin.py:188} INFO - [2024-05-11T15:19:40.574-0300] {dagbag.py:545} INFO - Filling up the DagBag from /home/patricia/Documentos/airflow/airflow_venv/lib/python3.10/site-packages/airflow/example_dags/example_external_task_marker_dag.py
[2024-05-11T15:19:40.591-0300] {processor.py:840} INFO - DAG(s) 'example_external_task_marker_parent', 'example_external_task_marker_child' retrieved from /home/patricia/Documentos/airflow/airflow_venv/lib/python3.10/site-packages/airflow/example_dags/example_external_task_marker_dag.py
[2024-05-11T15:19:40.635-0300] {logging_mixin.py:188} INFO - [2024-05-11T15:19:40.635-0300] {dag.py:3096} INFO - Sync 2 DAGs
[2024-05-11T15:19:40.683-0300] {logging_mixin.py:188} INFO - [2024-05-11T15:19:40.682-0300] {dag.py:3954} INFO - Setting next_dagrun for example_external_task_marker_child to None, run_after=None
[2024-05-11T15:19:40.690-0300] {logging_mixin.py:188} INFO - [2024-05-11T15:19:40.688-0300] {dag.py:3954} INFO - Setting next_dagrun for example_external_task_marker_parent to None, run_after=None
[2024-05-11T15:19:40.754-0300] {processor.py:183} INFO - Processing /home/patricia/Documentos/airflow/airflow_venv/lib/python3.10/site-packages/airflow/example_dags/example_external_task_marker_dag.py took 0.202 seconds
[2024-05-11T15:21:21.301-0300] {processor.py:161} INFO - Started process (PID=6185) to work on /home/patricia/Documentos/airflow/airflow_venv/lib/python3.10/site-packages/airflow/example_dags/example_external_task_marker_dag.py
[2024-05-11T15:21:21.334-0300] {processor.py:830} INFO - Processing file /home/patricia/Documentos/airflow/airflow_venv/lib/python3.10/site-packages/airflow/example_dags/example_external_task_marker_dag.py for tasks to queue
[2024-05-11T15:21:21.339-0300] {logging_mixin.py:188} INFO - [2024-05-11T15:21:21.338-0300] {dagbag.py:545} INFO - Filling up the DagBag from /home/patricia/Documentos/airflow/airflow_venv/lib/python3.10/site-packages/airflow/example_dags/example_external_task_marker_dag.py
[2024-05-11T15:21:21.352-0300] {processor.py:840} INFO - DAG(s) 'example_external_task_marker_child', 'example_external_task_marker_parent' retrieved from /home/patricia/Documentos/airflow/airflow_venv/lib/python3.10/site-packages/airflow/example_dags/example_external_task_marker_dag.py
[2024-05-11T15:21:21.391-0300] {logging_mixin.py:188} INFO - [2024-05-11T15:21:21.391-0300] {dag.py:3096} INFO - Sync 2 DAGs
[2024-05-11T15:21:21.414-0300] {logging_mixin.py:188} INFO - [2024-05-11T15:21:21.414-0300] {dag.py:3954} INFO - Setting next_dagrun for example_external_task_marker_child to None, run_after=None
[2024-05-11T15:21:21.422-0300] {logging_mixin.py:188} INFO - [2024-05-11T15:21:21.421-0300] {dag.py:3954} INFO - Setting next_dagrun for example_external_task_marker_parent to None, run_after=None
[2024-05-11T15:21:21.477-0300] {processor.py:183} INFO - Processing /home/patricia/Documentos/airflow/airflow_venv/lib/python3.10/site-packages/airflow/example_dags/example_external_task_marker_dag.py took 0.188 seconds
[2024-05-11T15:22:44.089-0300] {processor.py:161} INFO - Started process (PID=6356) to work on /home/patricia/Documentos/airflow/airflow_venv/lib/python3.10/site-packages/airflow/example_dags/example_external_task_marker_dag.py
[2024-05-11T15:22:44.091-0300] {processor.py:830} INFO - Processing file /home/patricia/Documentos/airflow/airflow_venv/lib/python3.10/site-packages/airflow/example_dags/example_external_task_marker_dag.py for tasks to queue
[2024-05-11T15:22:44.095-0300] {logging_mixin.py:188} INFO - [2024-05-11T15:22:44.094-0300] {dagbag.py:545} INFO - Filling up the DagBag from /home/patricia/Documentos/airflow/airflow_venv/lib/python3.10/site-packages/airflow/example_dags/example_external_task_marker_dag.py
[2024-05-11T15:22:44.102-0300] {processor.py:840} INFO - DAG(s) 'example_external_task_marker_parent', 'example_external_task_marker_child' retrieved from /home/patricia/Documentos/airflow/airflow_venv/lib/python3.10/site-packages/airflow/example_dags/example_external_task_marker_dag.py
[2024-05-11T15:22:44.124-0300] {logging_mixin.py:188} INFO - [2024-05-11T15:22:44.123-0300] {dag.py:3096} INFO - Sync 2 DAGs
[2024-05-11T15:22:44.137-0300] {logging_mixin.py:188} INFO - [2024-05-11T15:22:44.137-0300] {dag.py:3954} INFO - Setting next_dagrun for example_external_task_marker_child to None, run_after=None
[2024-05-11T15:22:44.140-0300] {logging_mixin.py:188} INFO - [2024-05-11T15:22:44.140-0300] {dag.py:3954} INFO - Setting next_dagrun for example_external_task_marker_parent to None, run_after=None
[2024-05-11T15:22:44.176-0300] {processor.py:183} INFO - Processing /home/patricia/Documentos/airflow/airflow_venv/lib/python3.10/site-packages/airflow/example_dags/example_external_task_marker_dag.py took 0.095 seconds
[2024-05-11T15:23:45.025-0300] {processor.py:161} INFO - Started process (PID=6486) to work on /home/patricia/Documentos/airflow/airflow_venv/lib/python3.10/site-packages/airflow/example_dags/example_external_task_marker_dag.py
[2024-05-11T15:23:45.033-0300] {processor.py:830} INFO - Processing file /home/patricia/Documentos/airflow/airflow_venv/lib/python3.10/site-packages/airflow/example_dags/example_external_task_marker_dag.py for tasks to queue
[2024-05-11T15:23:45.039-0300] {logging_mixin.py:188} INFO - [2024-05-11T15:23:45.038-0300] {dagbag.py:545} INFO - Filling up the DagBag from /home/patricia/Documentos/airflow/airflow_venv/lib/python3.10/site-packages/airflow/example_dags/example_external_task_marker_dag.py
[2024-05-11T15:23:45.062-0300] {processor.py:840} INFO - DAG(s) 'example_external_task_marker_child', 'example_external_task_marker_parent' retrieved from /home/patricia/Documentos/airflow/airflow_venv/lib/python3.10/site-packages/airflow/example_dags/example_external_task_marker_dag.py
[2024-05-11T15:23:45.109-0300] {logging_mixin.py:188} INFO - [2024-05-11T15:23:45.108-0300] {dag.py:3096} INFO - Sync 2 DAGs
[2024-05-11T15:23:45.140-0300] {logging_mixin.py:188} INFO - [2024-05-11T15:23:45.139-0300] {dag.py:3954} INFO - Setting next_dagrun for example_external_task_marker_child to None, run_after=None
[2024-05-11T15:23:45.149-0300] {logging_mixin.py:188} INFO - [2024-05-11T15:23:45.148-0300] {dag.py:3954} INFO - Setting next_dagrun for example_external_task_marker_parent to None, run_after=None
[2024-05-11T15:23:45.214-0300] {processor.py:183} INFO - Processing /home/patricia/Documentos/airflow/airflow_venv/lib/python3.10/site-packages/airflow/example_dags/example_external_task_marker_dag.py took 0.203 seconds
[2024-05-11T15:24:46.159-0300] {processor.py:161} INFO - Started process (PID=6602) to work on /home/patricia/Documentos/airflow/airflow_venv/lib/python3.10/site-packages/airflow/example_dags/example_external_task_marker_dag.py
[2024-05-11T15:24:46.179-0300] {processor.py:830} INFO - Processing file /home/patricia/Documentos/airflow/airflow_venv/lib/python3.10/site-packages/airflow/example_dags/example_external_task_marker_dag.py for tasks to queue
[2024-05-11T15:24:46.191-0300] {logging_mixin.py:188} INFO - [2024-05-11T15:24:46.190-0300] {dagbag.py:545} INFO - Filling up the DagBag from /home/patricia/Documentos/airflow/airflow_venv/lib/python3.10/site-packages/airflow/example_dags/example_external_task_marker_dag.py
[2024-05-11T15:24:46.203-0300] {processor.py:840} INFO - DAG(s) 'example_external_task_marker_parent', 'example_external_task_marker_child' retrieved from /home/patricia/Documentos/airflow/airflow_venv/lib/python3.10/site-packages/airflow/example_dags/example_external_task_marker_dag.py
[2024-05-11T15:24:46.251-0300] {logging_mixin.py:188} INFO - [2024-05-11T15:24:46.250-0300] {dag.py:3096} INFO - Sync 2 DAGs
[2024-05-11T15:24:46.265-0300] {logging_mixin.py:188} INFO - [2024-05-11T15:24:46.265-0300] {dag.py:3954} INFO - Setting next_dagrun for example_external_task_marker_child to None, run_after=None
[2024-05-11T15:24:46.271-0300] {logging_mixin.py:188} INFO - [2024-05-11T15:24:46.270-0300] {dag.py:3954} INFO - Setting next_dagrun for example_external_task_marker_parent to None, run_after=None
[2024-05-11T15:24:46.310-0300] {processor.py:183} INFO - Processing /home/patricia/Documentos/airflow/airflow_venv/lib/python3.10/site-packages/airflow/example_dags/example_external_task_marker_dag.py took 0.159 seconds
[2024-05-11T15:26:46.197-0300] {processor.py:161} INFO - Started process (PID=7559) to work on /home/patricia/Documentos/airflow/airflow_venv/lib/python3.10/site-packages/airflow/example_dags/example_external_task_marker_dag.py
[2024-05-11T15:26:46.201-0300] {processor.py:830} INFO - Processing file /home/patricia/Documentos/airflow/airflow_venv/lib/python3.10/site-packages/airflow/example_dags/example_external_task_marker_dag.py for tasks to queue
[2024-05-11T15:26:46.206-0300] {logging_mixin.py:188} INFO - [2024-05-11T15:26:46.204-0300] {dagbag.py:545} INFO - Filling up the DagBag from /home/patricia/Documentos/airflow/airflow_venv/lib/python3.10/site-packages/airflow/example_dags/example_external_task_marker_dag.py
[2024-05-11T15:26:46.214-0300] {processor.py:840} INFO - DAG(s) 'example_external_task_marker_parent', 'example_external_task_marker_child' retrieved from /home/patricia/Documentos/airflow/airflow_venv/lib/python3.10/site-packages/airflow/example_dags/example_external_task_marker_dag.py
[2024-05-11T15:26:46.404-0300] {logging_mixin.py:188} INFO - [2024-05-11T15:26:46.403-0300] {dag.py:3096} INFO - Sync 2 DAGs
[2024-05-11T15:26:46.416-0300] {logging_mixin.py:188} INFO - [2024-05-11T15:26:46.416-0300] {dag.py:3954} INFO - Setting next_dagrun for example_external_task_marker_child to None, run_after=None
[2024-05-11T15:26:46.419-0300] {logging_mixin.py:188} INFO - [2024-05-11T15:26:46.419-0300] {dag.py:3954} INFO - Setting next_dagrun for example_external_task_marker_parent to None, run_after=None
[2024-05-11T15:26:46.581-0300] {processor.py:183} INFO - Processing /home/patricia/Documentos/airflow/airflow_venv/lib/python3.10/site-packages/airflow/example_dags/example_external_task_marker_dag.py took 0.397 seconds
[2024-05-11T15:28:19.970-0300] {processor.py:161} INFO - Started process (PID=7750) to work on /home/patricia/Documentos/airflow/airflow_venv/lib/python3.10/site-packages/airflow/example_dags/example_external_task_marker_dag.py
[2024-05-11T15:28:19.973-0300] {processor.py:830} INFO - Processing file /home/patricia/Documentos/airflow/airflow_venv/lib/python3.10/site-packages/airflow/example_dags/example_external_task_marker_dag.py for tasks to queue
[2024-05-11T15:28:19.981-0300] {logging_mixin.py:188} INFO - [2024-05-11T15:28:19.980-0300] {dagbag.py:545} INFO - Filling up the DagBag from /home/patricia/Documentos/airflow/airflow_venv/lib/python3.10/site-packages/airflow/example_dags/example_external_task_marker_dag.py
[2024-05-11T15:28:19.996-0300] {processor.py:840} INFO - DAG(s) 'example_external_task_marker_child', 'example_external_task_marker_parent' retrieved from /home/patricia/Documentos/airflow/airflow_venv/lib/python3.10/site-packages/airflow/example_dags/example_external_task_marker_dag.py
[2024-05-11T15:28:20.028-0300] {logging_mixin.py:188} INFO - [2024-05-11T15:28:20.028-0300] {dag.py:3096} INFO - Sync 2 DAGs
[2024-05-11T15:28:20.051-0300] {logging_mixin.py:188} INFO - [2024-05-11T15:28:20.051-0300] {dag.py:3954} INFO - Setting next_dagrun for example_external_task_marker_child to None, run_after=None
[2024-05-11T15:28:20.074-0300] {logging_mixin.py:188} INFO - [2024-05-11T15:28:20.074-0300] {dag.py:3954} INFO - Setting next_dagrun for example_external_task_marker_parent to None, run_after=None
[2024-05-11T15:28:20.138-0300] {processor.py:183} INFO - Processing /home/patricia/Documentos/airflow/airflow_venv/lib/python3.10/site-packages/airflow/example_dags/example_external_task_marker_dag.py took 0.202 seconds
[2024-05-11T15:29:39.429-0300] {processor.py:161} INFO - Started process (PID=7905) to work on /home/patricia/Documentos/airflow/airflow_venv/lib/python3.10/site-packages/airflow/example_dags/example_external_task_marker_dag.py
[2024-05-11T15:29:39.431-0300] {processor.py:830} INFO - Processing file /home/patricia/Documentos/airflow/airflow_venv/lib/python3.10/site-packages/airflow/example_dags/example_external_task_marker_dag.py for tasks to queue
[2024-05-11T15:29:39.438-0300] {logging_mixin.py:188} INFO - [2024-05-11T15:29:39.437-0300] {dagbag.py:545} INFO - Filling up the DagBag from /home/patricia/Documentos/airflow/airflow_venv/lib/python3.10/site-packages/airflow/example_dags/example_external_task_marker_dag.py
[2024-05-11T15:29:39.450-0300] {processor.py:840} INFO - DAG(s) 'example_external_task_marker_parent', 'example_external_task_marker_child' retrieved from /home/patricia/Documentos/airflow/airflow_venv/lib/python3.10/site-packages/airflow/example_dags/example_external_task_marker_dag.py
[2024-05-11T15:29:39.502-0300] {logging_mixin.py:188} INFO - [2024-05-11T15:29:39.501-0300] {dag.py:3096} INFO - Sync 2 DAGs
[2024-05-11T15:29:39.552-0300] {logging_mixin.py:188} INFO - [2024-05-11T15:29:39.552-0300] {dag.py:3954} INFO - Setting next_dagrun for example_external_task_marker_child to None, run_after=None
[2024-05-11T15:29:39.561-0300] {logging_mixin.py:188} INFO - [2024-05-11T15:29:39.560-0300] {dag.py:3954} INFO - Setting next_dagrun for example_external_task_marker_parent to None, run_after=None
[2024-05-11T15:29:39.620-0300] {processor.py:183} INFO - Processing /home/patricia/Documentos/airflow/airflow_venv/lib/python3.10/site-packages/airflow/example_dags/example_external_task_marker_dag.py took 0.205 seconds
[2024-05-11T15:30:55.833-0300] {processor.py:161} INFO - Started process (PID=8073) to work on /home/patricia/Documentos/airflow/airflow_venv/lib/python3.10/site-packages/airflow/example_dags/example_external_task_marker_dag.py
[2024-05-11T15:30:55.839-0300] {processor.py:830} INFO - Processing file /home/patricia/Documentos/airflow/airflow_venv/lib/python3.10/site-packages/airflow/example_dags/example_external_task_marker_dag.py for tasks to queue
[2024-05-11T15:30:55.845-0300] {logging_mixin.py:188} INFO - [2024-05-11T15:30:55.843-0300] {dagbag.py:545} INFO - Filling up the DagBag from /home/patricia/Documentos/airflow/airflow_venv/lib/python3.10/site-packages/airflow/example_dags/example_external_task_marker_dag.py
[2024-05-11T15:30:55.863-0300] {processor.py:840} INFO - DAG(s) 'example_external_task_marker_child', 'example_external_task_marker_parent' retrieved from /home/patricia/Documentos/airflow/airflow_venv/lib/python3.10/site-packages/airflow/example_dags/example_external_task_marker_dag.py
[2024-05-11T15:30:55.907-0300] {logging_mixin.py:188} INFO - [2024-05-11T15:30:55.907-0300] {dag.py:3096} INFO - Sync 2 DAGs
[2024-05-11T15:30:55.950-0300] {logging_mixin.py:188} INFO - [2024-05-11T15:30:55.950-0300] {dag.py:3954} INFO - Setting next_dagrun for example_external_task_marker_child to None, run_after=None
[2024-05-11T15:30:55.955-0300] {logging_mixin.py:188} INFO - [2024-05-11T15:30:55.955-0300] {dag.py:3954} INFO - Setting next_dagrun for example_external_task_marker_parent to None, run_after=None
[2024-05-11T15:30:55.999-0300] {processor.py:183} INFO - Processing /home/patricia/Documentos/airflow/airflow_venv/lib/python3.10/site-packages/airflow/example_dags/example_external_task_marker_dag.py took 0.179 seconds
[2024-05-11T15:32:01.046-0300] {processor.py:161} INFO - Started process (PID=8289) to work on /home/patricia/Documentos/airflow/airflow_venv/lib/python3.10/site-packages/airflow/example_dags/example_external_task_marker_dag.py
[2024-05-11T15:32:01.048-0300] {processor.py:830} INFO - Processing file /home/patricia/Documentos/airflow/airflow_venv/lib/python3.10/site-packages/airflow/example_dags/example_external_task_marker_dag.py for tasks to queue
[2024-05-11T15:32:01.051-0300] {logging_mixin.py:188} INFO - [2024-05-11T15:32:01.051-0300] {dagbag.py:545} INFO - Filling up the DagBag from /home/patricia/Documentos/airflow/airflow_venv/lib/python3.10/site-packages/airflow/example_dags/example_external_task_marker_dag.py
[2024-05-11T15:32:01.059-0300] {processor.py:840} INFO - DAG(s) 'example_external_task_marker_child', 'example_external_task_marker_parent' retrieved from /home/patricia/Documentos/airflow/airflow_venv/lib/python3.10/site-packages/airflow/example_dags/example_external_task_marker_dag.py
[2024-05-11T15:32:01.080-0300] {logging_mixin.py:188} INFO - [2024-05-11T15:32:01.079-0300] {dag.py:3096} INFO - Sync 2 DAGs
[2024-05-11T15:32:01.093-0300] {logging_mixin.py:188} INFO - [2024-05-11T15:32:01.092-0300] {dag.py:3954} INFO - Setting next_dagrun for example_external_task_marker_child to None, run_after=None
[2024-05-11T15:32:01.096-0300] {logging_mixin.py:188} INFO - [2024-05-11T15:32:01.096-0300] {dag.py:3954} INFO - Setting next_dagrun for example_external_task_marker_parent to None, run_after=None
[2024-05-11T15:32:01.126-0300] {processor.py:183} INFO - Processing /home/patricia/Documentos/airflow/airflow_venv/lib/python3.10/site-packages/airflow/example_dags/example_external_task_marker_dag.py took 0.088 seconds
[2024-05-11T15:33:05.380-0300] {processor.py:161} INFO - Started process (PID=8633) to work on /home/patricia/Documentos/airflow/airflow_venv/lib/python3.10/site-packages/airflow/example_dags/example_external_task_marker_dag.py
[2024-05-11T15:33:05.382-0300] {processor.py:830} INFO - Processing file /home/patricia/Documentos/airflow/airflow_venv/lib/python3.10/site-packages/airflow/example_dags/example_external_task_marker_dag.py for tasks to queue
[2024-05-11T15:33:05.385-0300] {logging_mixin.py:188} INFO - [2024-05-11T15:33:05.384-0300] {dagbag.py:545} INFO - Filling up the DagBag from /home/patricia/Documentos/airflow/airflow_venv/lib/python3.10/site-packages/airflow/example_dags/example_external_task_marker_dag.py
[2024-05-11T15:33:05.392-0300] {processor.py:840} INFO - DAG(s) 'example_external_task_marker_parent', 'example_external_task_marker_child' retrieved from /home/patricia/Documentos/airflow/airflow_venv/lib/python3.10/site-packages/airflow/example_dags/example_external_task_marker_dag.py
[2024-05-11T15:33:05.413-0300] {logging_mixin.py:188} INFO - [2024-05-11T15:33:05.413-0300] {dag.py:3096} INFO - Sync 2 DAGs
[2024-05-11T15:33:05.429-0300] {logging_mixin.py:188} INFO - [2024-05-11T15:33:05.428-0300] {dag.py:3954} INFO - Setting next_dagrun for example_external_task_marker_child to None, run_after=None
[2024-05-11T15:33:05.434-0300] {logging_mixin.py:188} INFO - [2024-05-11T15:33:05.433-0300] {dag.py:3954} INFO - Setting next_dagrun for example_external_task_marker_parent to None, run_after=None
[2024-05-11T15:33:05.477-0300] {processor.py:183} INFO - Processing /home/patricia/Documentos/airflow/airflow_venv/lib/python3.10/site-packages/airflow/example_dags/example_external_task_marker_dag.py took 0.105 seconds
[2024-05-11T15:34:19.423-0300] {processor.py:161} INFO - Started process (PID=9277) to work on /home/patricia/Documentos/airflow/airflow_venv/lib/python3.10/site-packages/airflow/example_dags/example_external_task_marker_dag.py
[2024-05-11T15:34:19.426-0300] {processor.py:830} INFO - Processing file /home/patricia/Documentos/airflow/airflow_venv/lib/python3.10/site-packages/airflow/example_dags/example_external_task_marker_dag.py for tasks to queue
[2024-05-11T15:34:19.429-0300] {logging_mixin.py:188} INFO - [2024-05-11T15:34:19.428-0300] {dagbag.py:545} INFO - Filling up the DagBag from /home/patricia/Documentos/airflow/airflow_venv/lib/python3.10/site-packages/airflow/example_dags/example_external_task_marker_dag.py
[2024-05-11T15:34:19.439-0300] {processor.py:840} INFO - DAG(s) 'example_external_task_marker_parent', 'example_external_task_marker_child' retrieved from /home/patricia/Documentos/airflow/airflow_venv/lib/python3.10/site-packages/airflow/example_dags/example_external_task_marker_dag.py
[2024-05-11T15:34:19.499-0300] {logging_mixin.py:188} INFO - [2024-05-11T15:34:19.498-0300] {dag.py:3096} INFO - Sync 2 DAGs
[2024-05-11T15:34:19.518-0300] {logging_mixin.py:188} INFO - [2024-05-11T15:34:19.517-0300] {dag.py:3954} INFO - Setting next_dagrun for example_external_task_marker_child to None, run_after=None
[2024-05-11T15:34:19.522-0300] {logging_mixin.py:188} INFO - [2024-05-11T15:34:19.522-0300] {dag.py:3954} INFO - Setting next_dagrun for example_external_task_marker_parent to None, run_after=None
[2024-05-11T15:34:19.571-0300] {processor.py:183} INFO - Processing /home/patricia/Documentos/airflow/airflow_venv/lib/python3.10/site-packages/airflow/example_dags/example_external_task_marker_dag.py took 0.159 seconds
[2024-05-11T15:35:35.847-0300] {processor.py:161} INFO - Started process (PID=9514) to work on /home/patricia/Documentos/airflow/airflow_venv/lib/python3.10/site-packages/airflow/example_dags/example_external_task_marker_dag.py
[2024-05-11T15:35:35.849-0300] {processor.py:830} INFO - Processing file /home/patricia/Documentos/airflow/airflow_venv/lib/python3.10/site-packages/airflow/example_dags/example_external_task_marker_dag.py for tasks to queue
[2024-05-11T15:35:35.853-0300] {logging_mixin.py:188} INFO - [2024-05-11T15:35:35.852-0300] {dagbag.py:545} INFO - Filling up the DagBag from /home/patricia/Documentos/airflow/airflow_venv/lib/python3.10/site-packages/airflow/example_dags/example_external_task_marker_dag.py
[2024-05-11T15:35:35.876-0300] {processor.py:840} INFO - DAG(s) 'example_external_task_marker_child', 'example_external_task_marker_parent' retrieved from /home/patricia/Documentos/airflow/airflow_venv/lib/python3.10/site-packages/airflow/example_dags/example_external_task_marker_dag.py
[2024-05-11T15:35:35.897-0300] {logging_mixin.py:188} INFO - [2024-05-11T15:35:35.897-0300] {dag.py:3096} INFO - Sync 2 DAGs
[2024-05-11T15:35:35.912-0300] {logging_mixin.py:188} INFO - [2024-05-11T15:35:35.911-0300] {dag.py:3954} INFO - Setting next_dagrun for example_external_task_marker_child to None, run_after=None
[2024-05-11T15:35:35.916-0300] {logging_mixin.py:188} INFO - [2024-05-11T15:35:35.916-0300] {dag.py:3954} INFO - Setting next_dagrun for example_external_task_marker_parent to None, run_after=None
[2024-05-11T15:35:35.948-0300] {processor.py:183} INFO - Processing /home/patricia/Documentos/airflow/airflow_venv/lib/python3.10/site-packages/airflow/example_dags/example_external_task_marker_dag.py took 0.109 seconds
[2024-05-11T15:36:55.459-0300] {processor.py:161} INFO - Started process (PID=9649) to work on /home/patricia/Documentos/airflow/airflow_venv/lib/python3.10/site-packages/airflow/example_dags/example_external_task_marker_dag.py
[2024-05-11T15:36:55.462-0300] {processor.py:830} INFO - Processing file /home/patricia/Documentos/airflow/airflow_venv/lib/python3.10/site-packages/airflow/example_dags/example_external_task_marker_dag.py for tasks to queue
[2024-05-11T15:36:55.465-0300] {logging_mixin.py:188} INFO - [2024-05-11T15:36:55.464-0300] {dagbag.py:545} INFO - Filling up the DagBag from /home/patricia/Documentos/airflow/airflow_venv/lib/python3.10/site-packages/airflow/example_dags/example_external_task_marker_dag.py
[2024-05-11T15:36:55.473-0300] {processor.py:840} INFO - DAG(s) 'example_external_task_marker_child', 'example_external_task_marker_parent' retrieved from /home/patricia/Documentos/airflow/airflow_venv/lib/python3.10/site-packages/airflow/example_dags/example_external_task_marker_dag.py
[2024-05-11T15:36:55.493-0300] {logging_mixin.py:188} INFO - [2024-05-11T15:36:55.493-0300] {dag.py:3096} INFO - Sync 2 DAGs
[2024-05-11T15:36:55.506-0300] {logging_mixin.py:188} INFO - [2024-05-11T15:36:55.506-0300] {dag.py:3954} INFO - Setting next_dagrun for example_external_task_marker_child to None, run_after=None
[2024-05-11T15:36:55.510-0300] {logging_mixin.py:188} INFO - [2024-05-11T15:36:55.510-0300] {dag.py:3954} INFO - Setting next_dagrun for example_external_task_marker_parent to None, run_after=None
[2024-05-11T15:36:55.545-0300] {processor.py:183} INFO - Processing /home/patricia/Documentos/airflow/airflow_venv/lib/python3.10/site-packages/airflow/example_dags/example_external_task_marker_dag.py took 0.093 seconds
[2024-05-11T15:39:02.360-0300] {processor.py:161} INFO - Started process (PID=10005) to work on /home/patricia/Documentos/airflow/airflow_venv/lib/python3.10/site-packages/airflow/example_dags/example_external_task_marker_dag.py
[2024-05-11T15:39:02.362-0300] {processor.py:830} INFO - Processing file /home/patricia/Documentos/airflow/airflow_venv/lib/python3.10/site-packages/airflow/example_dags/example_external_task_marker_dag.py for tasks to queue
[2024-05-11T15:39:02.365-0300] {logging_mixin.py:188} INFO - [2024-05-11T15:39:02.364-0300] {dagbag.py:545} INFO - Filling up the DagBag from /home/patricia/Documentos/airflow/airflow_venv/lib/python3.10/site-packages/airflow/example_dags/example_external_task_marker_dag.py
[2024-05-11T15:39:02.372-0300] {processor.py:840} INFO - DAG(s) 'example_external_task_marker_child', 'example_external_task_marker_parent' retrieved from /home/patricia/Documentos/airflow/airflow_venv/lib/python3.10/site-packages/airflow/example_dags/example_external_task_marker_dag.py
[2024-05-11T15:39:02.394-0300] {logging_mixin.py:188} INFO - [2024-05-11T15:39:02.393-0300] {dag.py:3096} INFO - Sync 2 DAGs
[2024-05-11T15:39:02.409-0300] {logging_mixin.py:188} INFO - [2024-05-11T15:39:02.409-0300] {dag.py:3954} INFO - Setting next_dagrun for example_external_task_marker_child to None, run_after=None
[2024-05-11T15:39:02.415-0300] {logging_mixin.py:188} INFO - [2024-05-11T15:39:02.414-0300] {dag.py:3954} INFO - Setting next_dagrun for example_external_task_marker_parent to None, run_after=None
[2024-05-11T15:39:02.444-0300] {processor.py:183} INFO - Processing /home/patricia/Documentos/airflow/airflow_venv/lib/python3.10/site-packages/airflow/example_dags/example_external_task_marker_dag.py took 0.092 seconds
[2024-05-11T15:40:20.642-0300] {processor.py:161} INFO - Started process (PID=10428) to work on /home/patricia/Documentos/airflow/airflow_venv/lib/python3.10/site-packages/airflow/example_dags/example_external_task_marker_dag.py
[2024-05-11T15:40:20.645-0300] {processor.py:830} INFO - Processing file /home/patricia/Documentos/airflow/airflow_venv/lib/python3.10/site-packages/airflow/example_dags/example_external_task_marker_dag.py for tasks to queue
[2024-05-11T15:40:20.647-0300] {logging_mixin.py:188} INFO - [2024-05-11T15:40:20.647-0300] {dagbag.py:545} INFO - Filling up the DagBag from /home/patricia/Documentos/airflow/airflow_venv/lib/python3.10/site-packages/airflow/example_dags/example_external_task_marker_dag.py
[2024-05-11T15:40:20.659-0300] {processor.py:840} INFO - DAG(s) 'example_external_task_marker_parent', 'example_external_task_marker_child' retrieved from /home/patricia/Documentos/airflow/airflow_venv/lib/python3.10/site-packages/airflow/example_dags/example_external_task_marker_dag.py
[2024-05-11T15:40:20.709-0300] {logging_mixin.py:188} INFO - [2024-05-11T15:40:20.709-0300] {dag.py:3096} INFO - Sync 2 DAGs
[2024-05-11T15:40:20.731-0300] {logging_mixin.py:188} INFO - [2024-05-11T15:40:20.731-0300] {dag.py:3954} INFO - Setting next_dagrun for example_external_task_marker_child to None, run_after=None
[2024-05-11T15:40:20.736-0300] {logging_mixin.py:188} INFO - [2024-05-11T15:40:20.735-0300] {dag.py:3954} INFO - Setting next_dagrun for example_external_task_marker_parent to None, run_after=None
[2024-05-11T15:40:20.796-0300] {processor.py:183} INFO - Processing /home/patricia/Documentos/airflow/airflow_venv/lib/python3.10/site-packages/airflow/example_dags/example_external_task_marker_dag.py took 0.189 seconds
[2024-05-11T16:28:44.573-0300] {processor.py:161} INFO - Started process (PID=11039) to work on /home/patricia/Documentos/airflow/airflow_venv/lib/python3.10/site-packages/airflow/example_dags/example_external_task_marker_dag.py
[2024-05-11T16:28:44.583-0300] {processor.py:830} INFO - Processing file /home/patricia/Documentos/airflow/airflow_venv/lib/python3.10/site-packages/airflow/example_dags/example_external_task_marker_dag.py for tasks to queue
[2024-05-11T16:28:44.595-0300] {logging_mixin.py:188} INFO - [2024-05-11T16:28:44.594-0300] {dagbag.py:545} INFO - Filling up the DagBag from /home/patricia/Documentos/airflow/airflow_venv/lib/python3.10/site-packages/airflow/example_dags/example_external_task_marker_dag.py
[2024-05-11T16:28:44.625-0300] {processor.py:840} INFO - DAG(s) 'example_external_task_marker_parent', 'example_external_task_marker_child' retrieved from /home/patricia/Documentos/airflow/airflow_venv/lib/python3.10/site-packages/airflow/example_dags/example_external_task_marker_dag.py
[2024-05-11T16:28:45.164-0300] {logging_mixin.py:188} INFO - [2024-05-11T16:28:45.163-0300] {dag.py:3096} INFO - Sync 2 DAGs
[2024-05-11T16:28:45.211-0300] {logging_mixin.py:188} INFO - [2024-05-11T16:28:45.210-0300] {dag.py:3954} INFO - Setting next_dagrun for example_external_task_marker_child to None, run_after=None
[2024-05-11T16:28:45.219-0300] {logging_mixin.py:188} INFO - [2024-05-11T16:28:45.218-0300] {dag.py:3954} INFO - Setting next_dagrun for example_external_task_marker_parent to None, run_after=None
[2024-05-11T16:28:45.593-0300] {processor.py:183} INFO - Processing /home/patricia/Documentos/airflow/airflow_venv/lib/python3.10/site-packages/airflow/example_dags/example_external_task_marker_dag.py took 1.064 seconds
[2024-05-11T16:30:56.173-0300] {processor.py:161} INFO - Started process (PID=11303) to work on /home/patricia/Documentos/airflow/airflow_venv/lib/python3.10/site-packages/airflow/example_dags/example_external_task_marker_dag.py
[2024-05-11T16:30:56.192-0300] {processor.py:830} INFO - Processing file /home/patricia/Documentos/airflow/airflow_venv/lib/python3.10/site-packages/airflow/example_dags/example_external_task_marker_dag.py for tasks to queue
[2024-05-11T16:30:56.209-0300] {logging_mixin.py:188} INFO - [2024-05-11T16:30:56.207-0300] {dagbag.py:545} INFO - Filling up the DagBag from /home/patricia/Documentos/airflow/airflow_venv/lib/python3.10/site-packages/airflow/example_dags/example_external_task_marker_dag.py
[2024-05-11T16:30:56.266-0300] {processor.py:840} INFO - DAG(s) 'example_external_task_marker_child', 'example_external_task_marker_parent' retrieved from /home/patricia/Documentos/airflow/airflow_venv/lib/python3.10/site-packages/airflow/example_dags/example_external_task_marker_dag.py
[2024-05-11T16:30:56.365-0300] {logging_mixin.py:188} INFO - [2024-05-11T16:30:56.364-0300] {dag.py:3096} INFO - Sync 2 DAGs
[2024-05-11T16:30:56.470-0300] {logging_mixin.py:188} INFO - [2024-05-11T16:30:56.469-0300] {dag.py:3954} INFO - Setting next_dagrun for example_external_task_marker_child to None, run_after=None
[2024-05-11T16:30:56.484-0300] {logging_mixin.py:188} INFO - [2024-05-11T16:30:56.484-0300] {dag.py:3954} INFO - Setting next_dagrun for example_external_task_marker_parent to None, run_after=None
[2024-05-11T16:30:56.586-0300] {processor.py:183} INFO - Processing /home/patricia/Documentos/airflow/airflow_venv/lib/python3.10/site-packages/airflow/example_dags/example_external_task_marker_dag.py took 0.429 seconds
[2024-05-11T16:32:59.999-0300] {processor.py:161} INFO - Started process (PID=11529) to work on /home/patricia/Documentos/airflow/airflow_venv/lib/python3.10/site-packages/airflow/example_dags/example_external_task_marker_dag.py
[2024-05-11T16:33:00.117-0300] {processor.py:830} INFO - Processing file /home/patricia/Documentos/airflow/airflow_venv/lib/python3.10/site-packages/airflow/example_dags/example_external_task_marker_dag.py for tasks to queue
[2024-05-11T16:33:00.122-0300] {logging_mixin.py:188} INFO - [2024-05-11T16:33:00.121-0300] {dagbag.py:545} INFO - Filling up the DagBag from /home/patricia/Documentos/airflow/airflow_venv/lib/python3.10/site-packages/airflow/example_dags/example_external_task_marker_dag.py
[2024-05-11T16:33:00.158-0300] {processor.py:840} INFO - DAG(s) 'example_external_task_marker_child', 'example_external_task_marker_parent' retrieved from /home/patricia/Documentos/airflow/airflow_venv/lib/python3.10/site-packages/airflow/example_dags/example_external_task_marker_dag.py
[2024-05-11T16:33:00.355-0300] {logging_mixin.py:188} INFO - [2024-05-11T16:33:00.336-0300] {dag.py:3096} INFO - Sync 2 DAGs
[2024-05-11T16:33:00.540-0300] {logging_mixin.py:188} INFO - [2024-05-11T16:33:00.540-0300] {dag.py:3954} INFO - Setting next_dagrun for example_external_task_marker_child to None, run_after=None
[2024-05-11T16:33:00.564-0300] {logging_mixin.py:188} INFO - [2024-05-11T16:33:00.564-0300] {dag.py:3954} INFO - Setting next_dagrun for example_external_task_marker_parent to None, run_after=None
[2024-05-11T16:33:00.743-0300] {processor.py:183} INFO - Processing /home/patricia/Documentos/airflow/airflow_venv/lib/python3.10/site-packages/airflow/example_dags/example_external_task_marker_dag.py took 0.785 seconds
[2024-05-11T16:34:42.659-0300] {processor.py:161} INFO - Started process (PID=11749) to work on /home/patricia/Documentos/airflow/airflow_venv/lib/python3.10/site-packages/airflow/example_dags/example_external_task_marker_dag.py
[2024-05-11T16:34:42.666-0300] {processor.py:830} INFO - Processing file /home/patricia/Documentos/airflow/airflow_venv/lib/python3.10/site-packages/airflow/example_dags/example_external_task_marker_dag.py for tasks to queue
[2024-05-11T16:34:42.674-0300] {logging_mixin.py:188} INFO - [2024-05-11T16:34:42.672-0300] {dagbag.py:545} INFO - Filling up the DagBag from /home/patricia/Documentos/airflow/airflow_venv/lib/python3.10/site-packages/airflow/example_dags/example_external_task_marker_dag.py
[2024-05-11T16:34:42.700-0300] {processor.py:840} INFO - DAG(s) 'example_external_task_marker_child', 'example_external_task_marker_parent' retrieved from /home/patricia/Documentos/airflow/airflow_venv/lib/python3.10/site-packages/airflow/example_dags/example_external_task_marker_dag.py
[2024-05-11T16:34:42.747-0300] {logging_mixin.py:188} INFO - [2024-05-11T16:34:42.746-0300] {dag.py:3096} INFO - Sync 2 DAGs
[2024-05-11T16:34:42.776-0300] {logging_mixin.py:188} INFO - [2024-05-11T16:34:42.775-0300] {dag.py:3954} INFO - Setting next_dagrun for example_external_task_marker_child to None, run_after=None
[2024-05-11T16:34:42.784-0300] {logging_mixin.py:188} INFO - [2024-05-11T16:34:42.784-0300] {dag.py:3954} INFO - Setting next_dagrun for example_external_task_marker_parent to None, run_after=None
[2024-05-11T16:34:42.853-0300] {processor.py:183} INFO - Processing /home/patricia/Documentos/airflow/airflow_venv/lib/python3.10/site-packages/airflow/example_dags/example_external_task_marker_dag.py took 0.226 seconds
[2024-05-11T16:36:22.582-0300] {processor.py:161} INFO - Started process (PID=11898) to work on /home/patricia/Documentos/airflow/airflow_venv/lib/python3.10/site-packages/airflow/example_dags/example_external_task_marker_dag.py
[2024-05-11T16:36:22.598-0300] {processor.py:830} INFO - Processing file /home/patricia/Documentos/airflow/airflow_venv/lib/python3.10/site-packages/airflow/example_dags/example_external_task_marker_dag.py for tasks to queue
[2024-05-11T16:36:22.611-0300] {logging_mixin.py:188} INFO - [2024-05-11T16:36:22.608-0300] {dagbag.py:545} INFO - Filling up the DagBag from /home/patricia/Documentos/airflow/airflow_venv/lib/python3.10/site-packages/airflow/example_dags/example_external_task_marker_dag.py
[2024-05-11T16:36:22.648-0300] {processor.py:840} INFO - DAG(s) 'example_external_task_marker_parent', 'example_external_task_marker_child' retrieved from /home/patricia/Documentos/airflow/airflow_venv/lib/python3.10/site-packages/airflow/example_dags/example_external_task_marker_dag.py
[2024-05-11T16:36:22.740-0300] {logging_mixin.py:188} INFO - [2024-05-11T16:36:22.739-0300] {dag.py:3096} INFO - Sync 2 DAGs
[2024-05-11T16:36:22.791-0300] {logging_mixin.py:188} INFO - [2024-05-11T16:36:22.791-0300] {dag.py:3954} INFO - Setting next_dagrun for example_external_task_marker_child to None, run_after=None
[2024-05-11T16:36:22.803-0300] {logging_mixin.py:188} INFO - [2024-05-11T16:36:22.803-0300] {dag.py:3954} INFO - Setting next_dagrun for example_external_task_marker_parent to None, run_after=None
[2024-05-11T16:36:22.942-0300] {processor.py:183} INFO - Processing /home/patricia/Documentos/airflow/airflow_venv/lib/python3.10/site-packages/airflow/example_dags/example_external_task_marker_dag.py took 0.388 seconds
