[2024-05-11T15:11:29.847-0300] {processor.py:161} INFO - Started process (PID=4512) to work on /home/patricia/Documentos/airflow/airflow_venv/lib/python3.10/site-packages/airflow/example_dags/example_branch_python_dop_operator_3.py
[2024-05-11T15:11:29.848-0300] {processor.py:830} INFO - Processing file /home/patricia/Documentos/airflow/airflow_venv/lib/python3.10/site-packages/airflow/example_dags/example_branch_python_dop_operator_3.py for tasks to queue
[2024-05-11T15:11:29.851-0300] {logging_mixin.py:188} INFO - [2024-05-11T15:11:29.850-0300] {dagbag.py:545} INFO - Filling up the DagBag from /home/patricia/Documentos/airflow/airflow_venv/lib/python3.10/site-packages/airflow/example_dags/example_branch_python_dop_operator_3.py
[2024-05-11T15:11:29.887-0300] {processor.py:840} INFO - DAG(s) 'example_branch_dop_operator_v3' retrieved from /home/patricia/Documentos/airflow/airflow_venv/lib/python3.10/site-packages/airflow/example_dags/example_branch_python_dop_operator_3.py
[2024-05-11T15:11:29.982-0300] {logging_mixin.py:188} INFO - [2024-05-11T15:11:29.982-0300] {dag.py:3096} INFO - Sync 1 DAGs
[2024-05-11T15:11:30.005-0300] {logging_mixin.py:188} INFO - [2024-05-11T15:11:30.005-0300] {dag.py:3954} INFO - Setting next_dagrun for example_branch_dop_operator_v3 to 2024-05-11 18:10:00+00:00, run_after=2024-05-11 18:11:00+00:00
[2024-05-11T15:11:30.130-0300] {processor.py:183} INFO - Processing /home/patricia/Documentos/airflow/airflow_venv/lib/python3.10/site-packages/airflow/example_dags/example_branch_python_dop_operator_3.py took 0.295 seconds
[2024-05-11T15:13:33.994-0300] {processor.py:161} INFO - Started process (PID=4735) to work on /home/patricia/Documentos/airflow/airflow_venv/lib/python3.10/site-packages/airflow/example_dags/example_branch_python_dop_operator_3.py
[2024-05-11T15:13:33.996-0300] {processor.py:830} INFO - Processing file /home/patricia/Documentos/airflow/airflow_venv/lib/python3.10/site-packages/airflow/example_dags/example_branch_python_dop_operator_3.py for tasks to queue
[2024-05-11T15:13:33.999-0300] {logging_mixin.py:188} INFO - [2024-05-11T15:13:33.998-0300] {dagbag.py:545} INFO - Filling up the DagBag from /home/patricia/Documentos/airflow/airflow_venv/lib/python3.10/site-packages/airflow/example_dags/example_branch_python_dop_operator_3.py
[2024-05-11T15:13:34.010-0300] {processor.py:840} INFO - DAG(s) 'example_branch_dop_operator_v3' retrieved from /home/patricia/Documentos/airflow/airflow_venv/lib/python3.10/site-packages/airflow/example_dags/example_branch_python_dop_operator_3.py
[2024-05-11T15:13:34.027-0300] {logging_mixin.py:188} INFO - [2024-05-11T15:13:34.027-0300] {dag.py:3096} INFO - Sync 1 DAGs
[2024-05-11T15:13:34.052-0300] {logging_mixin.py:188} INFO - [2024-05-11T15:13:34.052-0300] {dag.py:3954} INFO - Setting next_dagrun for example_branch_dop_operator_v3 to 2024-05-11 18:12:00+00:00, run_after=2024-05-11 18:13:00+00:00
[2024-05-11T15:13:34.096-0300] {processor.py:183} INFO - Processing /home/patricia/Documentos/airflow/airflow_venv/lib/python3.10/site-packages/airflow/example_dags/example_branch_python_dop_operator_3.py took 0.110 seconds
[2024-05-11T15:15:03.935-0300] {processor.py:161} INFO - Started process (PID=4956) to work on /home/patricia/Documentos/airflow/airflow_venv/lib/python3.10/site-packages/airflow/example_dags/example_branch_python_dop_operator_3.py
[2024-05-11T15:15:03.937-0300] {processor.py:830} INFO - Processing file /home/patricia/Documentos/airflow/airflow_venv/lib/python3.10/site-packages/airflow/example_dags/example_branch_python_dop_operator_3.py for tasks to queue
[2024-05-11T15:15:03.941-0300] {logging_mixin.py:188} INFO - [2024-05-11T15:15:03.940-0300] {dagbag.py:545} INFO - Filling up the DagBag from /home/patricia/Documentos/airflow/airflow_venv/lib/python3.10/site-packages/airflow/example_dags/example_branch_python_dop_operator_3.py
[2024-05-11T15:15:04.079-0300] {processor.py:840} INFO - DAG(s) 'example_branch_dop_operator_v3' retrieved from /home/patricia/Documentos/airflow/airflow_venv/lib/python3.10/site-packages/airflow/example_dags/example_branch_python_dop_operator_3.py
[2024-05-11T15:15:04.094-0300] {logging_mixin.py:188} INFO - [2024-05-11T15:15:04.094-0300] {dag.py:3096} INFO - Sync 1 DAGs
[2024-05-11T15:15:04.116-0300] {logging_mixin.py:188} INFO - [2024-05-11T15:15:04.116-0300] {dag.py:3954} INFO - Setting next_dagrun for example_branch_dop_operator_v3 to 2024-05-11 18:14:00+00:00, run_after=2024-05-11 18:15:00+00:00
[2024-05-11T15:15:04.151-0300] {processor.py:183} INFO - Processing /home/patricia/Documentos/airflow/airflow_venv/lib/python3.10/site-packages/airflow/example_dags/example_branch_python_dop_operator_3.py took 0.224 seconds
[2024-05-11T15:16:09.876-0300] {processor.py:161} INFO - Started process (PID=5097) to work on /home/patricia/Documentos/airflow/airflow_venv/lib/python3.10/site-packages/airflow/example_dags/example_branch_python_dop_operator_3.py
[2024-05-11T15:16:09.878-0300] {processor.py:830} INFO - Processing file /home/patricia/Documentos/airflow/airflow_venv/lib/python3.10/site-packages/airflow/example_dags/example_branch_python_dop_operator_3.py for tasks to queue
[2024-05-11T15:16:09.881-0300] {logging_mixin.py:188} INFO - [2024-05-11T15:16:09.880-0300] {dagbag.py:545} INFO - Filling up the DagBag from /home/patricia/Documentos/airflow/airflow_venv/lib/python3.10/site-packages/airflow/example_dags/example_branch_python_dop_operator_3.py
[2024-05-11T15:16:09.892-0300] {processor.py:840} INFO - DAG(s) 'example_branch_dop_operator_v3' retrieved from /home/patricia/Documentos/airflow/airflow_venv/lib/python3.10/site-packages/airflow/example_dags/example_branch_python_dop_operator_3.py
[2024-05-11T15:16:09.910-0300] {logging_mixin.py:188} INFO - [2024-05-11T15:16:09.909-0300] {dag.py:3096} INFO - Sync 1 DAGs
[2024-05-11T15:16:09.936-0300] {logging_mixin.py:188} INFO - [2024-05-11T15:16:09.935-0300] {dag.py:3954} INFO - Setting next_dagrun for example_branch_dop_operator_v3 to 2024-05-11 18:15:00+00:00, run_after=2024-05-11 18:16:00+00:00
[2024-05-11T15:16:09.966-0300] {processor.py:183} INFO - Processing /home/patricia/Documentos/airflow/airflow_venv/lib/python3.10/site-packages/airflow/example_dags/example_branch_python_dop_operator_3.py took 0.098 seconds
[2024-05-11T15:17:12.106-0300] {processor.py:161} INFO - Started process (PID=5220) to work on /home/patricia/Documentos/airflow/airflow_venv/lib/python3.10/site-packages/airflow/example_dags/example_branch_python_dop_operator_3.py
[2024-05-11T15:17:12.108-0300] {processor.py:830} INFO - Processing file /home/patricia/Documentos/airflow/airflow_venv/lib/python3.10/site-packages/airflow/example_dags/example_branch_python_dop_operator_3.py for tasks to queue
[2024-05-11T15:17:12.111-0300] {logging_mixin.py:188} INFO - [2024-05-11T15:17:12.110-0300] {dagbag.py:545} INFO - Filling up the DagBag from /home/patricia/Documentos/airflow/airflow_venv/lib/python3.10/site-packages/airflow/example_dags/example_branch_python_dop_operator_3.py
[2024-05-11T15:17:12.144-0300] {processor.py:840} INFO - DAG(s) 'example_branch_dop_operator_v3' retrieved from /home/patricia/Documentos/airflow/airflow_venv/lib/python3.10/site-packages/airflow/example_dags/example_branch_python_dop_operator_3.py
[2024-05-11T15:17:12.173-0300] {logging_mixin.py:188} INFO - [2024-05-11T15:17:12.173-0300] {dag.py:3096} INFO - Sync 1 DAGs
[2024-05-11T15:17:12.231-0300] {logging_mixin.py:188} INFO - [2024-05-11T15:17:12.230-0300] {dag.py:3954} INFO - Setting next_dagrun for example_branch_dop_operator_v3 to 2024-05-11 18:16:00+00:00, run_after=2024-05-11 18:17:00+00:00
[2024-05-11T15:17:12.267-0300] {processor.py:183} INFO - Processing /home/patricia/Documentos/airflow/airflow_venv/lib/python3.10/site-packages/airflow/example_dags/example_branch_python_dop_operator_3.py took 0.171 seconds
[2024-05-11T15:18:18.890-0300] {processor.py:161} INFO - Started process (PID=5601) to work on /home/patricia/Documentos/airflow/airflow_venv/lib/python3.10/site-packages/airflow/example_dags/example_branch_python_dop_operator_3.py
[2024-05-11T15:18:18.926-0300] {processor.py:830} INFO - Processing file /home/patricia/Documentos/airflow/airflow_venv/lib/python3.10/site-packages/airflow/example_dags/example_branch_python_dop_operator_3.py for tasks to queue
[2024-05-11T15:18:18.930-0300] {logging_mixin.py:188} INFO - [2024-05-11T15:18:18.929-0300] {dagbag.py:545} INFO - Filling up the DagBag from /home/patricia/Documentos/airflow/airflow_venv/lib/python3.10/site-packages/airflow/example_dags/example_branch_python_dop_operator_3.py
[2024-05-11T15:18:18.951-0300] {processor.py:840} INFO - DAG(s) 'example_branch_dop_operator_v3' retrieved from /home/patricia/Documentos/airflow/airflow_venv/lib/python3.10/site-packages/airflow/example_dags/example_branch_python_dop_operator_3.py
[2024-05-11T15:18:19.002-0300] {logging_mixin.py:188} INFO - [2024-05-11T15:18:19.002-0300] {dag.py:3096} INFO - Sync 1 DAGs
[2024-05-11T15:18:19.070-0300] {logging_mixin.py:188} INFO - [2024-05-11T15:18:19.070-0300] {dag.py:3954} INFO - Setting next_dagrun for example_branch_dop_operator_v3 to 2024-05-11 18:17:00+00:00, run_after=2024-05-11 18:18:00+00:00
[2024-05-11T15:18:19.175-0300] {processor.py:183} INFO - Processing /home/patricia/Documentos/airflow/airflow_venv/lib/python3.10/site-packages/airflow/example_dags/example_branch_python_dop_operator_3.py took 0.296 seconds
[2024-05-11T15:19:28.000-0300] {processor.py:161} INFO - Started process (PID=5984) to work on /home/patricia/Documentos/airflow/airflow_venv/lib/python3.10/site-packages/airflow/example_dags/example_branch_python_dop_operator_3.py
[2024-05-11T15:19:28.003-0300] {processor.py:830} INFO - Processing file /home/patricia/Documentos/airflow/airflow_venv/lib/python3.10/site-packages/airflow/example_dags/example_branch_python_dop_operator_3.py for tasks to queue
[2024-05-11T15:19:28.007-0300] {logging_mixin.py:188} INFO - [2024-05-11T15:19:28.006-0300] {dagbag.py:545} INFO - Filling up the DagBag from /home/patricia/Documentos/airflow/airflow_venv/lib/python3.10/site-packages/airflow/example_dags/example_branch_python_dop_operator_3.py
[2024-05-11T15:19:28.019-0300] {processor.py:840} INFO - DAG(s) 'example_branch_dop_operator_v3' retrieved from /home/patricia/Documentos/airflow/airflow_venv/lib/python3.10/site-packages/airflow/example_dags/example_branch_python_dop_operator_3.py
[2024-05-11T15:19:28.040-0300] {logging_mixin.py:188} INFO - [2024-05-11T15:19:28.039-0300] {dag.py:3096} INFO - Sync 1 DAGs
[2024-05-11T15:19:28.071-0300] {logging_mixin.py:188} INFO - [2024-05-11T15:19:28.070-0300] {dag.py:3954} INFO - Setting next_dagrun for example_branch_dop_operator_v3 to 2024-05-11 18:18:00+00:00, run_after=2024-05-11 18:19:00+00:00
[2024-05-11T15:19:28.140-0300] {processor.py:183} INFO - Processing /home/patricia/Documentos/airflow/airflow_venv/lib/python3.10/site-packages/airflow/example_dags/example_branch_python_dop_operator_3.py took 0.149 seconds
[2024-05-11T15:20:55.833-0300] {processor.py:161} INFO - Started process (PID=6157) to work on /home/patricia/Documentos/airflow/airflow_venv/lib/python3.10/site-packages/airflow/example_dags/example_branch_python_dop_operator_3.py
[2024-05-11T15:20:56.010-0300] {processor.py:830} INFO - Processing file /home/patricia/Documentos/airflow/airflow_venv/lib/python3.10/site-packages/airflow/example_dags/example_branch_python_dop_operator_3.py for tasks to queue
[2024-05-11T15:20:56.016-0300] {logging_mixin.py:188} INFO - [2024-05-11T15:20:56.015-0300] {dagbag.py:545} INFO - Filling up the DagBag from /home/patricia/Documentos/airflow/airflow_venv/lib/python3.10/site-packages/airflow/example_dags/example_branch_python_dop_operator_3.py
[2024-05-11T15:20:56.053-0300] {processor.py:840} INFO - DAG(s) 'example_branch_dop_operator_v3' retrieved from /home/patricia/Documentos/airflow/airflow_venv/lib/python3.10/site-packages/airflow/example_dags/example_branch_python_dop_operator_3.py
[2024-05-11T15:20:56.094-0300] {logging_mixin.py:188} INFO - [2024-05-11T15:20:56.094-0300] {dag.py:3096} INFO - Sync 1 DAGs
[2024-05-11T15:20:56.135-0300] {logging_mixin.py:188} INFO - [2024-05-11T15:20:56.135-0300] {dag.py:3954} INFO - Setting next_dagrun for example_branch_dop_operator_v3 to 2024-05-11 18:19:00+00:00, run_after=2024-05-11 18:20:00+00:00
[2024-05-11T15:20:58.656-0300] {processor.py:183} INFO - Processing /home/patricia/Documentos/airflow/airflow_venv/lib/python3.10/site-packages/airflow/example_dags/example_branch_python_dop_operator_3.py took 2.840 seconds
[2024-05-11T15:22:33.666-0300] {processor.py:161} INFO - Started process (PID=6336) to work on /home/patricia/Documentos/airflow/airflow_venv/lib/python3.10/site-packages/airflow/example_dags/example_branch_python_dop_operator_3.py
[2024-05-11T15:22:33.669-0300] {processor.py:830} INFO - Processing file /home/patricia/Documentos/airflow/airflow_venv/lib/python3.10/site-packages/airflow/example_dags/example_branch_python_dop_operator_3.py for tasks to queue
[2024-05-11T15:22:33.673-0300] {logging_mixin.py:188} INFO - [2024-05-11T15:22:33.672-0300] {dagbag.py:545} INFO - Filling up the DagBag from /home/patricia/Documentos/airflow/airflow_venv/lib/python3.10/site-packages/airflow/example_dags/example_branch_python_dop_operator_3.py
[2024-05-11T15:22:33.729-0300] {processor.py:840} INFO - DAG(s) 'example_branch_dop_operator_v3' retrieved from /home/patricia/Documentos/airflow/airflow_venv/lib/python3.10/site-packages/airflow/example_dags/example_branch_python_dop_operator_3.py
[2024-05-11T15:22:33.753-0300] {logging_mixin.py:188} INFO - [2024-05-11T15:22:33.753-0300] {dag.py:3096} INFO - Sync 1 DAGs
[2024-05-11T15:22:33.792-0300] {logging_mixin.py:188} INFO - [2024-05-11T15:22:33.791-0300] {dag.py:3954} INFO - Setting next_dagrun for example_branch_dop_operator_v3 to 2024-05-11 18:21:00+00:00, run_after=2024-05-11 18:22:00+00:00
[2024-05-11T15:22:33.890-0300] {processor.py:183} INFO - Processing /home/patricia/Documentos/airflow/airflow_venv/lib/python3.10/site-packages/airflow/example_dags/example_branch_python_dop_operator_3.py took 0.259 seconds
[2024-05-11T15:23:34.542-0300] {processor.py:161} INFO - Started process (PID=6463) to work on /home/patricia/Documentos/airflow/airflow_venv/lib/python3.10/site-packages/airflow/example_dags/example_branch_python_dop_operator_3.py
[2024-05-11T15:23:34.550-0300] {processor.py:830} INFO - Processing file /home/patricia/Documentos/airflow/airflow_venv/lib/python3.10/site-packages/airflow/example_dags/example_branch_python_dop_operator_3.py for tasks to queue
[2024-05-11T15:23:34.558-0300] {logging_mixin.py:188} INFO - [2024-05-11T15:23:34.556-0300] {dagbag.py:545} INFO - Filling up the DagBag from /home/patricia/Documentos/airflow/airflow_venv/lib/python3.10/site-packages/airflow/example_dags/example_branch_python_dop_operator_3.py
[2024-05-11T15:23:34.585-0300] {processor.py:840} INFO - DAG(s) 'example_branch_dop_operator_v3' retrieved from /home/patricia/Documentos/airflow/airflow_venv/lib/python3.10/site-packages/airflow/example_dags/example_branch_python_dop_operator_3.py
[2024-05-11T15:23:34.630-0300] {logging_mixin.py:188} INFO - [2024-05-11T15:23:34.629-0300] {dag.py:3096} INFO - Sync 1 DAGs
[2024-05-11T15:23:34.693-0300] {logging_mixin.py:188} INFO - [2024-05-11T15:23:34.692-0300] {dag.py:3954} INFO - Setting next_dagrun for example_branch_dop_operator_v3 to 2024-05-11 18:22:00+00:00, run_after=2024-05-11 18:23:00+00:00
[2024-05-11T15:23:34.765-0300] {processor.py:183} INFO - Processing /home/patricia/Documentos/airflow/airflow_venv/lib/python3.10/site-packages/airflow/example_dags/example_branch_python_dop_operator_3.py took 0.236 seconds
[2024-05-11T15:24:37.014-0300] {processor.py:161} INFO - Started process (PID=6581) to work on /home/patricia/Documentos/airflow/airflow_venv/lib/python3.10/site-packages/airflow/example_dags/example_branch_python_dop_operator_3.py
[2024-05-11T15:24:37.017-0300] {processor.py:830} INFO - Processing file /home/patricia/Documentos/airflow/airflow_venv/lib/python3.10/site-packages/airflow/example_dags/example_branch_python_dop_operator_3.py for tasks to queue
[2024-05-11T15:24:37.019-0300] {logging_mixin.py:188} INFO - [2024-05-11T15:24:37.018-0300] {dagbag.py:545} INFO - Filling up the DagBag from /home/patricia/Documentos/airflow/airflow_venv/lib/python3.10/site-packages/airflow/example_dags/example_branch_python_dop_operator_3.py
[2024-05-11T15:24:37.030-0300] {processor.py:840} INFO - DAG(s) 'example_branch_dop_operator_v3' retrieved from /home/patricia/Documentos/airflow/airflow_venv/lib/python3.10/site-packages/airflow/example_dags/example_branch_python_dop_operator_3.py
[2024-05-11T15:24:37.048-0300] {logging_mixin.py:188} INFO - [2024-05-11T15:24:37.048-0300] {dag.py:3096} INFO - Sync 1 DAGs
[2024-05-11T15:24:37.073-0300] {logging_mixin.py:188} INFO - [2024-05-11T15:24:37.073-0300] {dag.py:3954} INFO - Setting next_dagrun for example_branch_dop_operator_v3 to 2024-05-11 18:23:00+00:00, run_after=2024-05-11 18:24:00+00:00
[2024-05-11T15:24:37.107-0300] {processor.py:183} INFO - Processing /home/patricia/Documentos/airflow/airflow_venv/lib/python3.10/site-packages/airflow/example_dags/example_branch_python_dop_operator_3.py took 0.101 seconds
[2024-05-11T15:26:33.404-0300] {processor.py:161} INFO - Started process (PID=7530) to work on /home/patricia/Documentos/airflow/airflow_venv/lib/python3.10/site-packages/airflow/example_dags/example_branch_python_dop_operator_3.py
[2024-05-11T15:26:33.407-0300] {processor.py:830} INFO - Processing file /home/patricia/Documentos/airflow/airflow_venv/lib/python3.10/site-packages/airflow/example_dags/example_branch_python_dop_operator_3.py for tasks to queue
[2024-05-11T15:26:33.410-0300] {logging_mixin.py:188} INFO - [2024-05-11T15:26:33.410-0300] {dagbag.py:545} INFO - Filling up the DagBag from /home/patricia/Documentos/airflow/airflow_venv/lib/python3.10/site-packages/airflow/example_dags/example_branch_python_dop_operator_3.py
[2024-05-11T15:26:33.445-0300] {processor.py:840} INFO - DAG(s) 'example_branch_dop_operator_v3' retrieved from /home/patricia/Documentos/airflow/airflow_venv/lib/python3.10/site-packages/airflow/example_dags/example_branch_python_dop_operator_3.py
[2024-05-11T15:26:33.816-0300] {logging_mixin.py:188} INFO - [2024-05-11T15:26:33.816-0300] {dag.py:3096} INFO - Sync 1 DAGs
[2024-05-11T15:26:33.858-0300] {logging_mixin.py:188} INFO - [2024-05-11T15:26:33.858-0300] {dag.py:3954} INFO - Setting next_dagrun for example_branch_dop_operator_v3 to 2024-05-11 18:25:00+00:00, run_after=2024-05-11 18:26:00+00:00
[2024-05-11T15:26:34.131-0300] {processor.py:183} INFO - Processing /home/patricia/Documentos/airflow/airflow_venv/lib/python3.10/site-packages/airflow/example_dags/example_branch_python_dop_operator_3.py took 0.740 seconds
[2024-05-11T15:27:55.521-0300] {processor.py:161} INFO - Started process (PID=7696) to work on /home/patricia/Documentos/airflow/airflow_venv/lib/python3.10/site-packages/airflow/example_dags/example_branch_python_dop_operator_3.py
[2024-05-11T15:27:55.549-0300] {processor.py:830} INFO - Processing file /home/patricia/Documentos/airflow/airflow_venv/lib/python3.10/site-packages/airflow/example_dags/example_branch_python_dop_operator_3.py for tasks to queue
[2024-05-11T15:27:55.551-0300] {logging_mixin.py:188} INFO - [2024-05-11T15:27:55.551-0300] {dagbag.py:545} INFO - Filling up the DagBag from /home/patricia/Documentos/airflow/airflow_venv/lib/python3.10/site-packages/airflow/example_dags/example_branch_python_dop_operator_3.py
[2024-05-11T15:27:55.578-0300] {processor.py:840} INFO - DAG(s) 'example_branch_dop_operator_v3' retrieved from /home/patricia/Documentos/airflow/airflow_venv/lib/python3.10/site-packages/airflow/example_dags/example_branch_python_dop_operator_3.py
[2024-05-11T15:27:55.608-0300] {logging_mixin.py:188} INFO - [2024-05-11T15:27:55.607-0300] {dag.py:3096} INFO - Sync 1 DAGs
[2024-05-11T15:27:55.636-0300] {logging_mixin.py:188} INFO - [2024-05-11T15:27:55.636-0300] {dag.py:3954} INFO - Setting next_dagrun for example_branch_dop_operator_v3 to 2024-05-11 18:26:00+00:00, run_after=2024-05-11 18:27:00+00:00
[2024-05-11T15:27:55.684-0300] {processor.py:183} INFO - Processing /home/patricia/Documentos/airflow/airflow_venv/lib/python3.10/site-packages/airflow/example_dags/example_branch_python_dop_operator_3.py took 0.170 seconds
[2024-05-11T15:29:11.881-0300] {processor.py:161} INFO - Started process (PID=7848) to work on /home/patricia/Documentos/airflow/airflow_venv/lib/python3.10/site-packages/airflow/example_dags/example_branch_python_dop_operator_3.py
[2024-05-11T15:29:11.887-0300] {processor.py:830} INFO - Processing file /home/patricia/Documentos/airflow/airflow_venv/lib/python3.10/site-packages/airflow/example_dags/example_branch_python_dop_operator_3.py for tasks to queue
[2024-05-11T15:29:11.890-0300] {logging_mixin.py:188} INFO - [2024-05-11T15:29:11.889-0300] {dagbag.py:545} INFO - Filling up the DagBag from /home/patricia/Documentos/airflow/airflow_venv/lib/python3.10/site-packages/airflow/example_dags/example_branch_python_dop_operator_3.py
[2024-05-11T15:29:11.905-0300] {processor.py:840} INFO - DAG(s) 'example_branch_dop_operator_v3' retrieved from /home/patricia/Documentos/airflow/airflow_venv/lib/python3.10/site-packages/airflow/example_dags/example_branch_python_dop_operator_3.py
[2024-05-11T15:29:12.139-0300] {logging_mixin.py:188} INFO - [2024-05-11T15:29:12.139-0300] {dag.py:3096} INFO - Sync 1 DAGs
[2024-05-11T15:29:12.165-0300] {logging_mixin.py:188} INFO - [2024-05-11T15:29:12.164-0300] {dag.py:3954} INFO - Setting next_dagrun for example_branch_dop_operator_v3 to 2024-05-11 18:28:00+00:00, run_after=2024-05-11 18:29:00+00:00
[2024-05-11T15:29:12.232-0300] {processor.py:183} INFO - Processing /home/patricia/Documentos/airflow/airflow_venv/lib/python3.10/site-packages/airflow/example_dags/example_branch_python_dop_operator_3.py took 0.362 seconds
[2024-05-11T15:30:43.926-0300] {processor.py:161} INFO - Started process (PID=8049) to work on /home/patricia/Documentos/airflow/airflow_venv/lib/python3.10/site-packages/airflow/example_dags/example_branch_python_dop_operator_3.py
[2024-05-11T15:30:43.934-0300] {processor.py:830} INFO - Processing file /home/patricia/Documentos/airflow/airflow_venv/lib/python3.10/site-packages/airflow/example_dags/example_branch_python_dop_operator_3.py for tasks to queue
[2024-05-11T15:30:43.938-0300] {logging_mixin.py:188} INFO - [2024-05-11T15:30:43.937-0300] {dagbag.py:545} INFO - Filling up the DagBag from /home/patricia/Documentos/airflow/airflow_venv/lib/python3.10/site-packages/airflow/example_dags/example_branch_python_dop_operator_3.py
[2024-05-11T15:30:43.975-0300] {processor.py:840} INFO - DAG(s) 'example_branch_dop_operator_v3' retrieved from /home/patricia/Documentos/airflow/airflow_venv/lib/python3.10/site-packages/airflow/example_dags/example_branch_python_dop_operator_3.py
[2024-05-11T15:30:44.034-0300] {logging_mixin.py:188} INFO - [2024-05-11T15:30:44.033-0300] {dag.py:3096} INFO - Sync 1 DAGs
[2024-05-11T15:30:44.083-0300] {logging_mixin.py:188} INFO - [2024-05-11T15:30:44.082-0300] {dag.py:3954} INFO - Setting next_dagrun for example_branch_dop_operator_v3 to 2024-05-11 18:29:00+00:00, run_after=2024-05-11 18:30:00+00:00
[2024-05-11T15:30:44.163-0300] {processor.py:183} INFO - Processing /home/patricia/Documentos/airflow/airflow_venv/lib/python3.10/site-packages/airflow/example_dags/example_branch_python_dop_operator_3.py took 0.248 seconds
[2024-05-11T15:31:51.184-0300] {processor.py:161} INFO - Started process (PID=8227) to work on /home/patricia/Documentos/airflow/airflow_venv/lib/python3.10/site-packages/airflow/example_dags/example_branch_python_dop_operator_3.py
[2024-05-11T15:31:51.186-0300] {processor.py:830} INFO - Processing file /home/patricia/Documentos/airflow/airflow_venv/lib/python3.10/site-packages/airflow/example_dags/example_branch_python_dop_operator_3.py for tasks to queue
[2024-05-11T15:31:51.189-0300] {logging_mixin.py:188} INFO - [2024-05-11T15:31:51.188-0300] {dagbag.py:545} INFO - Filling up the DagBag from /home/patricia/Documentos/airflow/airflow_venv/lib/python3.10/site-packages/airflow/example_dags/example_branch_python_dop_operator_3.py
[2024-05-11T15:31:51.201-0300] {processor.py:840} INFO - DAG(s) 'example_branch_dop_operator_v3' retrieved from /home/patricia/Documentos/airflow/airflow_venv/lib/python3.10/site-packages/airflow/example_dags/example_branch_python_dop_operator_3.py
[2024-05-11T15:31:51.227-0300] {logging_mixin.py:188} INFO - [2024-05-11T15:31:51.226-0300] {dag.py:3096} INFO - Sync 1 DAGs
[2024-05-11T15:31:51.257-0300] {logging_mixin.py:188} INFO - [2024-05-11T15:31:51.257-0300] {dag.py:3954} INFO - Setting next_dagrun for example_branch_dop_operator_v3 to 2024-05-11 18:30:00+00:00, run_after=2024-05-11 18:31:00+00:00
[2024-05-11T15:31:51.295-0300] {processor.py:183} INFO - Processing /home/patricia/Documentos/airflow/airflow_venv/lib/python3.10/site-packages/airflow/example_dags/example_branch_python_dop_operator_3.py took 0.119 seconds
[2024-05-11T15:32:53.084-0300] {processor.py:161} INFO - Started process (PID=8553) to work on /home/patricia/Documentos/airflow/airflow_venv/lib/python3.10/site-packages/airflow/example_dags/example_branch_python_dop_operator_3.py
[2024-05-11T15:32:53.096-0300] {processor.py:830} INFO - Processing file /home/patricia/Documentos/airflow/airflow_venv/lib/python3.10/site-packages/airflow/example_dags/example_branch_python_dop_operator_3.py for tasks to queue
[2024-05-11T15:32:53.099-0300] {logging_mixin.py:188} INFO - [2024-05-11T15:32:53.098-0300] {dagbag.py:545} INFO - Filling up the DagBag from /home/patricia/Documentos/airflow/airflow_venv/lib/python3.10/site-packages/airflow/example_dags/example_branch_python_dop_operator_3.py
[2024-05-11T15:32:53.136-0300] {processor.py:840} INFO - DAG(s) 'example_branch_dop_operator_v3' retrieved from /home/patricia/Documentos/airflow/airflow_venv/lib/python3.10/site-packages/airflow/example_dags/example_branch_python_dop_operator_3.py
[2024-05-11T15:32:53.198-0300] {logging_mixin.py:188} INFO - [2024-05-11T15:32:53.197-0300] {dag.py:3096} INFO - Sync 1 DAGs
[2024-05-11T15:32:53.287-0300] {logging_mixin.py:188} INFO - [2024-05-11T15:32:53.283-0300] {dag.py:3954} INFO - Setting next_dagrun for example_branch_dop_operator_v3 to 2024-05-11 18:31:00+00:00, run_after=2024-05-11 18:32:00+00:00
[2024-05-11T15:32:53.332-0300] {processor.py:183} INFO - Processing /home/patricia/Documentos/airflow/airflow_venv/lib/python3.10/site-packages/airflow/example_dags/example_branch_python_dop_operator_3.py took 0.255 seconds
[2024-05-11T15:34:06.354-0300] {processor.py:161} INFO - Started process (PID=9233) to work on /home/patricia/Documentos/airflow/airflow_venv/lib/python3.10/site-packages/airflow/example_dags/example_branch_python_dop_operator_3.py
[2024-05-11T15:34:06.417-0300] {processor.py:830} INFO - Processing file /home/patricia/Documentos/airflow/airflow_venv/lib/python3.10/site-packages/airflow/example_dags/example_branch_python_dop_operator_3.py for tasks to queue
[2024-05-11T15:34:06.420-0300] {logging_mixin.py:188} INFO - [2024-05-11T15:34:06.419-0300] {dagbag.py:545} INFO - Filling up the DagBag from /home/patricia/Documentos/airflow/airflow_venv/lib/python3.10/site-packages/airflow/example_dags/example_branch_python_dop_operator_3.py
[2024-05-11T15:34:06.438-0300] {processor.py:840} INFO - DAG(s) 'example_branch_dop_operator_v3' retrieved from /home/patricia/Documentos/airflow/airflow_venv/lib/python3.10/site-packages/airflow/example_dags/example_branch_python_dop_operator_3.py
[2024-05-11T15:34:06.469-0300] {logging_mixin.py:188} INFO - [2024-05-11T15:34:06.469-0300] {dag.py:3096} INFO - Sync 1 DAGs
[2024-05-11T15:34:06.572-0300] {logging_mixin.py:188} INFO - [2024-05-11T15:34:06.572-0300] {dag.py:3954} INFO - Setting next_dagrun for example_branch_dop_operator_v3 to 2024-05-11 18:33:00+00:00, run_after=2024-05-11 18:34:00+00:00
[2024-05-11T15:34:06.652-0300] {processor.py:183} INFO - Processing /home/patricia/Documentos/airflow/airflow_venv/lib/python3.10/site-packages/airflow/example_dags/example_branch_python_dop_operator_3.py took 0.318 seconds
[2024-05-11T15:35:25.471-0300] {processor.py:161} INFO - Started process (PID=9473) to work on /home/patricia/Documentos/airflow/airflow_venv/lib/python3.10/site-packages/airflow/example_dags/example_branch_python_dop_operator_3.py
[2024-05-11T15:35:25.478-0300] {processor.py:830} INFO - Processing file /home/patricia/Documentos/airflow/airflow_venv/lib/python3.10/site-packages/airflow/example_dags/example_branch_python_dop_operator_3.py for tasks to queue
[2024-05-11T15:35:25.484-0300] {logging_mixin.py:188} INFO - [2024-05-11T15:35:25.483-0300] {dagbag.py:545} INFO - Filling up the DagBag from /home/patricia/Documentos/airflow/airflow_venv/lib/python3.10/site-packages/airflow/example_dags/example_branch_python_dop_operator_3.py
[2024-05-11T15:35:25.610-0300] {processor.py:840} INFO - DAG(s) 'example_branch_dop_operator_v3' retrieved from /home/patricia/Documentos/airflow/airflow_venv/lib/python3.10/site-packages/airflow/example_dags/example_branch_python_dop_operator_3.py
[2024-05-11T15:35:25.684-0300] {logging_mixin.py:188} INFO - [2024-05-11T15:35:25.683-0300] {dag.py:3096} INFO - Sync 1 DAGs
[2024-05-11T15:35:25.716-0300] {logging_mixin.py:188} INFO - [2024-05-11T15:35:25.716-0300] {dag.py:3954} INFO - Setting next_dagrun for example_branch_dop_operator_v3 to 2024-05-11 18:34:00+00:00, run_after=2024-05-11 18:35:00+00:00
[2024-05-11T15:35:25.752-0300] {processor.py:183} INFO - Processing /home/patricia/Documentos/airflow/airflow_venv/lib/python3.10/site-packages/airflow/example_dags/example_branch_python_dop_operator_3.py took 0.304 seconds
[2024-05-11T15:36:42.814-0300] {processor.py:161} INFO - Started process (PID=9628) to work on /home/patricia/Documentos/airflow/airflow_venv/lib/python3.10/site-packages/airflow/example_dags/example_branch_python_dop_operator_3.py
[2024-05-11T15:36:42.823-0300] {processor.py:830} INFO - Processing file /home/patricia/Documentos/airflow/airflow_venv/lib/python3.10/site-packages/airflow/example_dags/example_branch_python_dop_operator_3.py for tasks to queue
[2024-05-11T15:36:42.835-0300] {logging_mixin.py:188} INFO - [2024-05-11T15:36:42.834-0300] {dagbag.py:545} INFO - Filling up the DagBag from /home/patricia/Documentos/airflow/airflow_venv/lib/python3.10/site-packages/airflow/example_dags/example_branch_python_dop_operator_3.py
[2024-05-11T15:36:42.996-0300] {processor.py:840} INFO - DAG(s) 'example_branch_dop_operator_v3' retrieved from /home/patricia/Documentos/airflow/airflow_venv/lib/python3.10/site-packages/airflow/example_dags/example_branch_python_dop_operator_3.py
[2024-05-11T15:36:43.053-0300] {logging_mixin.py:188} INFO - [2024-05-11T15:36:43.052-0300] {dag.py:3096} INFO - Sync 1 DAGs
[2024-05-11T15:36:43.164-0300] {logging_mixin.py:188} INFO - [2024-05-11T15:36:43.164-0300] {dag.py:3954} INFO - Setting next_dagrun for example_branch_dop_operator_v3 to 2024-05-11 18:35:00+00:00, run_after=2024-05-11 18:36:00+00:00
[2024-05-11T15:36:43.364-0300] {processor.py:183} INFO - Processing /home/patricia/Documentos/airflow/airflow_venv/lib/python3.10/site-packages/airflow/example_dags/example_branch_python_dop_operator_3.py took 0.676 seconds
[2024-05-11T15:38:53.182-0300] {processor.py:161} INFO - Started process (PID=9989) to work on /home/patricia/Documentos/airflow/airflow_venv/lib/python3.10/site-packages/airflow/example_dags/example_branch_python_dop_operator_3.py
[2024-05-11T15:38:53.185-0300] {processor.py:830} INFO - Processing file /home/patricia/Documentos/airflow/airflow_venv/lib/python3.10/site-packages/airflow/example_dags/example_branch_python_dop_operator_3.py for tasks to queue
[2024-05-11T15:38:53.187-0300] {logging_mixin.py:188} INFO - [2024-05-11T15:38:53.187-0300] {dagbag.py:545} INFO - Filling up the DagBag from /home/patricia/Documentos/airflow/airflow_venv/lib/python3.10/site-packages/airflow/example_dags/example_branch_python_dop_operator_3.py
[2024-05-11T15:38:53.200-0300] {processor.py:840} INFO - DAG(s) 'example_branch_dop_operator_v3' retrieved from /home/patricia/Documentos/airflow/airflow_venv/lib/python3.10/site-packages/airflow/example_dags/example_branch_python_dop_operator_3.py
[2024-05-11T15:38:53.219-0300] {logging_mixin.py:188} INFO - [2024-05-11T15:38:53.219-0300] {dag.py:3096} INFO - Sync 1 DAGs
[2024-05-11T15:38:53.244-0300] {logging_mixin.py:188} INFO - [2024-05-11T15:38:53.244-0300] {dag.py:3954} INFO - Setting next_dagrun for example_branch_dop_operator_v3 to 2024-05-11 18:37:00+00:00, run_after=2024-05-11 18:38:00+00:00
[2024-05-11T15:38:53.292-0300] {processor.py:183} INFO - Processing /home/patricia/Documentos/airflow/airflow_venv/lib/python3.10/site-packages/airflow/example_dags/example_branch_python_dop_operator_3.py took 0.120 seconds
[2024-05-11T15:40:08.417-0300] {processor.py:161} INFO - Started process (PID=10295) to work on /home/patricia/Documentos/airflow/airflow_venv/lib/python3.10/site-packages/airflow/example_dags/example_branch_python_dop_operator_3.py
[2024-05-11T15:40:08.436-0300] {processor.py:830} INFO - Processing file /home/patricia/Documentos/airflow/airflow_venv/lib/python3.10/site-packages/airflow/example_dags/example_branch_python_dop_operator_3.py for tasks to queue
[2024-05-11T15:40:08.439-0300] {logging_mixin.py:188} INFO - [2024-05-11T15:40:08.438-0300] {dagbag.py:545} INFO - Filling up the DagBag from /home/patricia/Documentos/airflow/airflow_venv/lib/python3.10/site-packages/airflow/example_dags/example_branch_python_dop_operator_3.py
[2024-05-11T15:40:08.451-0300] {processor.py:840} INFO - DAG(s) 'example_branch_dop_operator_v3' retrieved from /home/patricia/Documentos/airflow/airflow_venv/lib/python3.10/site-packages/airflow/example_dags/example_branch_python_dop_operator_3.py
[2024-05-11T15:40:08.498-0300] {logging_mixin.py:188} INFO - [2024-05-11T15:40:08.498-0300] {dag.py:3096} INFO - Sync 1 DAGs
[2024-05-11T15:40:08.536-0300] {logging_mixin.py:188} INFO - [2024-05-11T15:40:08.536-0300] {dag.py:3954} INFO - Setting next_dagrun for example_branch_dop_operator_v3 to 2024-05-11 18:39:00+00:00, run_after=2024-05-11 18:40:00+00:00
[2024-05-11T15:40:08.578-0300] {processor.py:183} INFO - Processing /home/patricia/Documentos/airflow/airflow_venv/lib/python3.10/site-packages/airflow/example_dags/example_branch_python_dop_operator_3.py took 0.168 seconds
[2024-05-11T16:28:28.130-0300] {processor.py:161} INFO - Started process (PID=11015) to work on /home/patricia/Documentos/airflow/airflow_venv/lib/python3.10/site-packages/airflow/example_dags/example_branch_python_dop_operator_3.py
[2024-05-11T16:28:28.138-0300] {processor.py:830} INFO - Processing file /home/patricia/Documentos/airflow/airflow_venv/lib/python3.10/site-packages/airflow/example_dags/example_branch_python_dop_operator_3.py for tasks to queue
[2024-05-11T16:28:28.146-0300] {logging_mixin.py:188} INFO - [2024-05-11T16:28:28.144-0300] {dagbag.py:545} INFO - Filling up the DagBag from /home/patricia/Documentos/airflow/airflow_venv/lib/python3.10/site-packages/airflow/example_dags/example_branch_python_dop_operator_3.py
[2024-05-11T16:28:28.194-0300] {processor.py:840} INFO - DAG(s) 'example_branch_dop_operator_v3' retrieved from /home/patricia/Documentos/airflow/airflow_venv/lib/python3.10/site-packages/airflow/example_dags/example_branch_python_dop_operator_3.py
[2024-05-11T16:28:28.414-0300] {logging_mixin.py:188} INFO - [2024-05-11T16:28:28.413-0300] {dag.py:3096} INFO - Sync 1 DAGs
[2024-05-11T16:28:28.458-0300] {logging_mixin.py:188} INFO - [2024-05-11T16:28:28.458-0300] {dag.py:3954} INFO - Setting next_dagrun for example_branch_dop_operator_v3 to 2024-05-11 19:27:00+00:00, run_after=2024-05-11 19:28:00+00:00
[2024-05-11T16:28:28.843-0300] {processor.py:183} INFO - Processing /home/patricia/Documentos/airflow/airflow_venv/lib/python3.10/site-packages/airflow/example_dags/example_branch_python_dop_operator_3.py took 0.748 seconds
[2024-05-11T16:30:43.337-0300] {processor.py:161} INFO - Started process (PID=11278) to work on /home/patricia/Documentos/airflow/airflow_venv/lib/python3.10/site-packages/airflow/example_dags/example_branch_python_dop_operator_3.py
[2024-05-11T16:30:43.347-0300] {processor.py:830} INFO - Processing file /home/patricia/Documentos/airflow/airflow_venv/lib/python3.10/site-packages/airflow/example_dags/example_branch_python_dop_operator_3.py for tasks to queue
[2024-05-11T16:30:43.359-0300] {logging_mixin.py:188} INFO - [2024-05-11T16:30:43.357-0300] {dagbag.py:545} INFO - Filling up the DagBag from /home/patricia/Documentos/airflow/airflow_venv/lib/python3.10/site-packages/airflow/example_dags/example_branch_python_dop_operator_3.py
[2024-05-11T16:30:43.436-0300] {processor.py:840} INFO - DAG(s) 'example_branch_dop_operator_v3' retrieved from /home/patricia/Documentos/airflow/airflow_venv/lib/python3.10/site-packages/airflow/example_dags/example_branch_python_dop_operator_3.py
[2024-05-11T16:30:43.514-0300] {logging_mixin.py:188} INFO - [2024-05-11T16:30:43.514-0300] {dag.py:3096} INFO - Sync 1 DAGs
[2024-05-11T16:30:43.577-0300] {logging_mixin.py:188} INFO - [2024-05-11T16:30:43.577-0300] {dag.py:3954} INFO - Setting next_dagrun for example_branch_dop_operator_v3 to 2024-05-11 19:29:00+00:00, run_after=2024-05-11 19:30:00+00:00
[2024-05-11T16:30:43.663-0300] {processor.py:183} INFO - Processing /home/patricia/Documentos/airflow/airflow_venv/lib/python3.10/site-packages/airflow/example_dags/example_branch_python_dop_operator_3.py took 0.373 seconds
[2024-05-11T16:32:08.866-0300] {processor.py:161} INFO - Started process (PID=11419) to work on /home/patricia/Documentos/airflow/airflow_venv/lib/python3.10/site-packages/airflow/example_dags/example_branch_python_dop_operator_3.py
[2024-05-11T16:32:08.872-0300] {processor.py:830} INFO - Processing file /home/patricia/Documentos/airflow/airflow_venv/lib/python3.10/site-packages/airflow/example_dags/example_branch_python_dop_operator_3.py for tasks to queue
[2024-05-11T16:32:08.878-0300] {logging_mixin.py:188} INFO - [2024-05-11T16:32:08.877-0300] {dagbag.py:545} INFO - Filling up the DagBag from /home/patricia/Documentos/airflow/airflow_venv/lib/python3.10/site-packages/airflow/example_dags/example_branch_python_dop_operator_3.py
[2024-05-11T16:32:08.918-0300] {processor.py:840} INFO - DAG(s) 'example_branch_dop_operator_v3' retrieved from /home/patricia/Documentos/airflow/airflow_venv/lib/python3.10/site-packages/airflow/example_dags/example_branch_python_dop_operator_3.py
[2024-05-11T16:32:08.977-0300] {logging_mixin.py:188} INFO - [2024-05-11T16:32:08.976-0300] {dag.py:3096} INFO - Sync 1 DAGs
[2024-05-11T16:32:09.411-0300] {logging_mixin.py:188} INFO - [2024-05-11T16:32:09.410-0300] {dag.py:3954} INFO - Setting next_dagrun for example_branch_dop_operator_v3 to 2024-05-11 19:31:00+00:00, run_after=2024-05-11 19:32:00+00:00
[2024-05-11T16:32:09.531-0300] {processor.py:183} INFO - Processing /home/patricia/Documentos/airflow/airflow_venv/lib/python3.10/site-packages/airflow/example_dags/example_branch_python_dop_operator_3.py took 0.724 seconds
[2024-05-11T16:33:59.384-0300] {processor.py:161} INFO - Started process (PID=11679) to work on /home/patricia/Documentos/airflow/airflow_venv/lib/python3.10/site-packages/airflow/example_dags/example_branch_python_dop_operator_3.py
[2024-05-11T16:33:59.393-0300] {processor.py:830} INFO - Processing file /home/patricia/Documentos/airflow/airflow_venv/lib/python3.10/site-packages/airflow/example_dags/example_branch_python_dop_operator_3.py for tasks to queue
[2024-05-11T16:33:59.399-0300] {logging_mixin.py:188} INFO - [2024-05-11T16:33:59.398-0300] {dagbag.py:545} INFO - Filling up the DagBag from /home/patricia/Documentos/airflow/airflow_venv/lib/python3.10/site-packages/airflow/example_dags/example_branch_python_dop_operator_3.py
[2024-05-11T16:33:59.439-0300] {processor.py:840} INFO - DAG(s) 'example_branch_dop_operator_v3' retrieved from /home/patricia/Documentos/airflow/airflow_venv/lib/python3.10/site-packages/airflow/example_dags/example_branch_python_dop_operator_3.py
[2024-05-11T16:33:59.494-0300] {logging_mixin.py:188} INFO - [2024-05-11T16:33:59.494-0300] {dag.py:3096} INFO - Sync 1 DAGs
[2024-05-11T16:33:59.634-0300] {logging_mixin.py:188} INFO - [2024-05-11T16:33:59.632-0300] {dag.py:3954} INFO - Setting next_dagrun for example_branch_dop_operator_v3 to 2024-05-11 19:32:00+00:00, run_after=2024-05-11 19:33:00+00:00
[2024-05-11T16:33:59.744-0300] {processor.py:183} INFO - Processing /home/patricia/Documentos/airflow/airflow_venv/lib/python3.10/site-packages/airflow/example_dags/example_branch_python_dop_operator_3.py took 0.395 seconds
[2024-05-11T16:35:37.471-0300] {processor.py:161} INFO - Started process (PID=11832) to work on /home/patricia/Documentos/airflow/airflow_venv/lib/python3.10/site-packages/airflow/example_dags/example_branch_python_dop_operator_3.py
[2024-05-11T16:35:37.521-0300] {processor.py:830} INFO - Processing file /home/patricia/Documentos/airflow/airflow_venv/lib/python3.10/site-packages/airflow/example_dags/example_branch_python_dop_operator_3.py for tasks to queue
[2024-05-11T16:35:37.532-0300] {logging_mixin.py:188} INFO - [2024-05-11T16:35:37.529-0300] {dagbag.py:545} INFO - Filling up the DagBag from /home/patricia/Documentos/airflow/airflow_venv/lib/python3.10/site-packages/airflow/example_dags/example_branch_python_dop_operator_3.py
[2024-05-11T16:35:37.561-0300] {processor.py:840} INFO - DAG(s) 'example_branch_dop_operator_v3' retrieved from /home/patricia/Documentos/airflow/airflow_venv/lib/python3.10/site-packages/airflow/example_dags/example_branch_python_dop_operator_3.py
[2024-05-11T16:35:37.643-0300] {logging_mixin.py:188} INFO - [2024-05-11T16:35:37.643-0300] {dag.py:3096} INFO - Sync 1 DAGs
[2024-05-11T16:35:37.711-0300] {logging_mixin.py:188} INFO - [2024-05-11T16:35:37.710-0300] {dag.py:3954} INFO - Setting next_dagrun for example_branch_dop_operator_v3 to 2024-05-11 19:34:00+00:00, run_after=2024-05-11 19:35:00+00:00
[2024-05-11T16:35:37.791-0300] {processor.py:183} INFO - Processing /home/patricia/Documentos/airflow/airflow_venv/lib/python3.10/site-packages/airflow/example_dags/example_branch_python_dop_operator_3.py took 0.347 seconds
