[2024-05-11T15:11:03.416-0300] {processor.py:161} INFO - Started process (PID=4471) to work on /home/patricia/Documentos/airflow/airflow_venv/lib/python3.10/site-packages/airflow/example_dags/example_python_operator.py
[2024-05-11T15:11:03.419-0300] {processor.py:830} INFO - Processing file /home/patricia/Documentos/airflow/airflow_venv/lib/python3.10/site-packages/airflow/example_dags/example_python_operator.py for tasks to queue
[2024-05-11T15:11:03.425-0300] {logging_mixin.py:188} INFO - [2024-05-11T15:11:03.424-0300] {dagbag.py:545} INFO - Filling up the DagBag from /home/patricia/Documentos/airflow/airflow_venv/lib/python3.10/site-packages/airflow/example_dags/example_python_operator.py
[2024-05-11T15:11:03.453-0300] {processor.py:840} INFO - DAG(s) 'example_python_operator' retrieved from /home/patricia/Documentos/airflow/airflow_venv/lib/python3.10/site-packages/airflow/example_dags/example_python_operator.py
[2024-05-11T15:11:03.476-0300] {logging_mixin.py:188} INFO - [2024-05-11T15:11:03.476-0300] {dag.py:3096} INFO - Sync 1 DAGs
[2024-05-11T15:11:03.505-0300] {logging_mixin.py:188} INFO - [2024-05-11T15:11:03.505-0300] {dag.py:3954} INFO - Setting next_dagrun for example_python_operator to None, run_after=None
[2024-05-11T15:11:03.563-0300] {processor.py:183} INFO - Processing /home/patricia/Documentos/airflow/airflow_venv/lib/python3.10/site-packages/airflow/example_dags/example_python_operator.py took 0.168 seconds
[2024-05-11T15:12:23.306-0300] {processor.py:161} INFO - Started process (PID=4654) to work on /home/patricia/Documentos/airflow/airflow_venv/lib/python3.10/site-packages/airflow/example_dags/example_python_operator.py
[2024-05-11T15:12:23.310-0300] {processor.py:830} INFO - Processing file /home/patricia/Documentos/airflow/airflow_venv/lib/python3.10/site-packages/airflow/example_dags/example_python_operator.py for tasks to queue
[2024-05-11T15:12:23.313-0300] {logging_mixin.py:188} INFO - [2024-05-11T15:12:23.312-0300] {dagbag.py:545} INFO - Filling up the DagBag from /home/patricia/Documentos/airflow/airflow_venv/lib/python3.10/site-packages/airflow/example_dags/example_python_operator.py
[2024-05-11T15:12:23.325-0300] {processor.py:840} INFO - DAG(s) 'example_python_operator' retrieved from /home/patricia/Documentos/airflow/airflow_venv/lib/python3.10/site-packages/airflow/example_dags/example_python_operator.py
[2024-05-11T15:12:23.546-0300] {logging_mixin.py:188} INFO - [2024-05-11T15:12:23.546-0300] {dag.py:3096} INFO - Sync 1 DAGs
[2024-05-11T15:12:23.557-0300] {logging_mixin.py:188} INFO - [2024-05-11T15:12:23.557-0300] {dag.py:3954} INFO - Setting next_dagrun for example_python_operator to None, run_after=None
[2024-05-11T15:12:23.625-0300] {processor.py:183} INFO - Processing /home/patricia/Documentos/airflow/airflow_venv/lib/python3.10/site-packages/airflow/example_dags/example_python_operator.py took 0.326 seconds
[2024-05-11T15:13:54.980-0300] {processor.py:161} INFO - Started process (PID=4777) to work on /home/patricia/Documentos/airflow/airflow_venv/lib/python3.10/site-packages/airflow/example_dags/example_python_operator.py
[2024-05-11T15:13:54.997-0300] {processor.py:830} INFO - Processing file /home/patricia/Documentos/airflow/airflow_venv/lib/python3.10/site-packages/airflow/example_dags/example_python_operator.py for tasks to queue
[2024-05-11T15:13:54.999-0300] {logging_mixin.py:188} INFO - [2024-05-11T15:13:54.999-0300] {dagbag.py:545} INFO - Filling up the DagBag from /home/patricia/Documentos/airflow/airflow_venv/lib/python3.10/site-packages/airflow/example_dags/example_python_operator.py
[2024-05-11T15:13:55.061-0300] {processor.py:840} INFO - DAG(s) 'example_python_operator' retrieved from /home/patricia/Documentos/airflow/airflow_venv/lib/python3.10/site-packages/airflow/example_dags/example_python_operator.py
[2024-05-11T15:13:55.087-0300] {logging_mixin.py:188} INFO - [2024-05-11T15:13:55.087-0300] {dag.py:3096} INFO - Sync 1 DAGs
[2024-05-11T15:13:55.102-0300] {logging_mixin.py:188} INFO - [2024-05-11T15:13:55.102-0300] {dag.py:3954} INFO - Setting next_dagrun for example_python_operator to None, run_after=None
[2024-05-11T15:13:55.176-0300] {processor.py:183} INFO - Processing /home/patricia/Documentos/airflow/airflow_venv/lib/python3.10/site-packages/airflow/example_dags/example_python_operator.py took 0.203 seconds
[2024-05-11T15:14:43.452-0300] {processor.py:161} INFO - Started process (PID=4909) to work on /home/patricia/Documentos/airflow/airflow_venv/lib/python3.10/site-packages/airflow/example_dags/example_python_operator.py
[2024-05-11T15:14:43.455-0300] {processor.py:830} INFO - Processing file /home/patricia/Documentos/airflow/airflow_venv/lib/python3.10/site-packages/airflow/example_dags/example_python_operator.py for tasks to queue
[2024-05-11T15:14:43.457-0300] {logging_mixin.py:188} INFO - [2024-05-11T15:14:43.457-0300] {dagbag.py:545} INFO - Filling up the DagBag from /home/patricia/Documentos/airflow/airflow_venv/lib/python3.10/site-packages/airflow/example_dags/example_python_operator.py
[2024-05-11T15:14:43.469-0300] {processor.py:840} INFO - DAG(s) 'example_python_operator' retrieved from /home/patricia/Documentos/airflow/airflow_venv/lib/python3.10/site-packages/airflow/example_dags/example_python_operator.py
[2024-05-11T15:14:43.596-0300] {logging_mixin.py:188} INFO - [2024-05-11T15:14:43.595-0300] {dag.py:3096} INFO - Sync 1 DAGs
[2024-05-11T15:14:43.605-0300] {logging_mixin.py:188} INFO - [2024-05-11T15:14:43.605-0300] {dag.py:3954} INFO - Setting next_dagrun for example_python_operator to None, run_after=None
[2024-05-11T15:14:43.640-0300] {processor.py:183} INFO - Processing /home/patricia/Documentos/airflow/airflow_venv/lib/python3.10/site-packages/airflow/example_dags/example_python_operator.py took 0.195 seconds
[2024-05-11T15:15:23.998-0300] {processor.py:161} INFO - Started process (PID=4998) to work on /home/patricia/Documentos/airflow/airflow_venv/lib/python3.10/site-packages/airflow/example_dags/example_python_operator.py
[2024-05-11T15:15:24.005-0300] {processor.py:830} INFO - Processing file /home/patricia/Documentos/airflow/airflow_venv/lib/python3.10/site-packages/airflow/example_dags/example_python_operator.py for tasks to queue
[2024-05-11T15:15:24.028-0300] {logging_mixin.py:188} INFO - [2024-05-11T15:15:24.026-0300] {dagbag.py:545} INFO - Filling up the DagBag from /home/patricia/Documentos/airflow/airflow_venv/lib/python3.10/site-packages/airflow/example_dags/example_python_operator.py
[2024-05-11T15:15:24.051-0300] {processor.py:840} INFO - DAG(s) 'example_python_operator' retrieved from /home/patricia/Documentos/airflow/airflow_venv/lib/python3.10/site-packages/airflow/example_dags/example_python_operator.py
[2024-05-11T15:15:24.142-0300] {logging_mixin.py:188} INFO - [2024-05-11T15:15:24.141-0300] {dag.py:3096} INFO - Sync 1 DAGs
[2024-05-11T15:15:24.169-0300] {logging_mixin.py:188} INFO - [2024-05-11T15:15:24.169-0300] {dag.py:3954} INFO - Setting next_dagrun for example_python_operator to None, run_after=None
[2024-05-11T15:15:24.223-0300] {processor.py:183} INFO - Processing /home/patricia/Documentos/airflow/airflow_venv/lib/python3.10/site-packages/airflow/example_dags/example_python_operator.py took 0.242 seconds
[2024-05-11T15:16:23.797-0300] {processor.py:161} INFO - Started process (PID=5120) to work on /home/patricia/Documentos/airflow/airflow_venv/lib/python3.10/site-packages/airflow/example_dags/example_python_operator.py
[2024-05-11T15:16:23.800-0300] {processor.py:830} INFO - Processing file /home/patricia/Documentos/airflow/airflow_venv/lib/python3.10/site-packages/airflow/example_dags/example_python_operator.py for tasks to queue
[2024-05-11T15:16:23.802-0300] {logging_mixin.py:188} INFO - [2024-05-11T15:16:23.801-0300] {dagbag.py:545} INFO - Filling up the DagBag from /home/patricia/Documentos/airflow/airflow_venv/lib/python3.10/site-packages/airflow/example_dags/example_python_operator.py
[2024-05-11T15:16:23.839-0300] {processor.py:840} INFO - DAG(s) 'example_python_operator' retrieved from /home/patricia/Documentos/airflow/airflow_venv/lib/python3.10/site-packages/airflow/example_dags/example_python_operator.py
[2024-05-11T15:16:23.870-0300] {logging_mixin.py:188} INFO - [2024-05-11T15:16:23.870-0300] {dag.py:3096} INFO - Sync 1 DAGs
[2024-05-11T15:16:23.886-0300] {logging_mixin.py:188} INFO - [2024-05-11T15:16:23.885-0300] {dag.py:3954} INFO - Setting next_dagrun for example_python_operator to None, run_after=None
[2024-05-11T15:16:23.990-0300] {processor.py:183} INFO - Processing /home/patricia/Documentos/airflow/airflow_venv/lib/python3.10/site-packages/airflow/example_dags/example_python_operator.py took 0.201 seconds
[2024-05-11T15:17:30.531-0300] {processor.py:161} INFO - Started process (PID=5276) to work on /home/patricia/Documentos/airflow/airflow_venv/lib/python3.10/site-packages/airflow/example_dags/example_python_operator.py
[2024-05-11T15:17:30.534-0300] {processor.py:830} INFO - Processing file /home/patricia/Documentos/airflow/airflow_venv/lib/python3.10/site-packages/airflow/example_dags/example_python_operator.py for tasks to queue
[2024-05-11T15:17:30.537-0300] {logging_mixin.py:188} INFO - [2024-05-11T15:17:30.536-0300] {dagbag.py:545} INFO - Filling up the DagBag from /home/patricia/Documentos/airflow/airflow_venv/lib/python3.10/site-packages/airflow/example_dags/example_python_operator.py
[2024-05-11T15:17:30.550-0300] {processor.py:840} INFO - DAG(s) 'example_python_operator' retrieved from /home/patricia/Documentos/airflow/airflow_venv/lib/python3.10/site-packages/airflow/example_dags/example_python_operator.py
[2024-05-11T15:17:30.570-0300] {logging_mixin.py:188} INFO - [2024-05-11T15:17:30.570-0300] {dag.py:3096} INFO - Sync 1 DAGs
[2024-05-11T15:17:30.583-0300] {logging_mixin.py:188} INFO - [2024-05-11T15:17:30.583-0300] {dag.py:3954} INFO - Setting next_dagrun for example_python_operator to None, run_after=None
[2024-05-11T15:17:30.620-0300] {processor.py:183} INFO - Processing /home/patricia/Documentos/airflow/airflow_venv/lib/python3.10/site-packages/airflow/example_dags/example_python_operator.py took 0.097 seconds
[2024-05-11T15:18:39.930-0300] {processor.py:161} INFO - Started process (PID=5870) to work on /home/patricia/Documentos/airflow/airflow_venv/lib/python3.10/site-packages/airflow/example_dags/example_python_operator.py
[2024-05-11T15:18:39.933-0300] {processor.py:830} INFO - Processing file /home/patricia/Documentos/airflow/airflow_venv/lib/python3.10/site-packages/airflow/example_dags/example_python_operator.py for tasks to queue
[2024-05-11T15:18:39.938-0300] {logging_mixin.py:188} INFO - [2024-05-11T15:18:39.937-0300] {dagbag.py:545} INFO - Filling up the DagBag from /home/patricia/Documentos/airflow/airflow_venv/lib/python3.10/site-packages/airflow/example_dags/example_python_operator.py
[2024-05-11T15:18:39.982-0300] {processor.py:840} INFO - DAG(s) 'example_python_operator' retrieved from /home/patricia/Documentos/airflow/airflow_venv/lib/python3.10/site-packages/airflow/example_dags/example_python_operator.py
[2024-05-11T15:18:40.042-0300] {logging_mixin.py:188} INFO - [2024-05-11T15:18:40.042-0300] {dag.py:3096} INFO - Sync 1 DAGs
[2024-05-11T15:18:40.090-0300] {logging_mixin.py:188} INFO - [2024-05-11T15:18:40.090-0300] {dag.py:3954} INFO - Setting next_dagrun for example_python_operator to None, run_after=None
[2024-05-11T15:18:40.229-0300] {processor.py:183} INFO - Processing /home/patricia/Documentos/airflow/airflow_venv/lib/python3.10/site-packages/airflow/example_dags/example_python_operator.py took 0.307 seconds
[2024-05-11T15:19:49.787-0300] {processor.py:161} INFO - Started process (PID=6028) to work on /home/patricia/Documentos/airflow/airflow_venv/lib/python3.10/site-packages/airflow/example_dags/example_python_operator.py
[2024-05-11T15:19:49.789-0300] {processor.py:830} INFO - Processing file /home/patricia/Documentos/airflow/airflow_venv/lib/python3.10/site-packages/airflow/example_dags/example_python_operator.py for tasks to queue
[2024-05-11T15:19:49.793-0300] {logging_mixin.py:188} INFO - [2024-05-11T15:19:49.793-0300] {dagbag.py:545} INFO - Filling up the DagBag from /home/patricia/Documentos/airflow/airflow_venv/lib/python3.10/site-packages/airflow/example_dags/example_python_operator.py
[2024-05-11T15:19:49.843-0300] {processor.py:840} INFO - DAG(s) 'example_python_operator' retrieved from /home/patricia/Documentos/airflow/airflow_venv/lib/python3.10/site-packages/airflow/example_dags/example_python_operator.py
[2024-05-11T15:19:49.875-0300] {logging_mixin.py:188} INFO - [2024-05-11T15:19:49.875-0300] {dag.py:3096} INFO - Sync 1 DAGs
[2024-05-11T15:19:49.895-0300] {logging_mixin.py:188} INFO - [2024-05-11T15:19:49.895-0300] {dag.py:3954} INFO - Setting next_dagrun for example_python_operator to None, run_after=None
[2024-05-11T15:19:49.950-0300] {processor.py:183} INFO - Processing /home/patricia/Documentos/airflow/airflow_venv/lib/python3.10/site-packages/airflow/example_dags/example_python_operator.py took 0.172 seconds
[2024-05-11T15:21:29.452-0300] {processor.py:161} INFO - Started process (PID=6197) to work on /home/patricia/Documentos/airflow/airflow_venv/lib/python3.10/site-packages/airflow/example_dags/example_python_operator.py
[2024-05-11T15:21:29.484-0300] {processor.py:830} INFO - Processing file /home/patricia/Documentos/airflow/airflow_venv/lib/python3.10/site-packages/airflow/example_dags/example_python_operator.py for tasks to queue
[2024-05-11T15:21:29.491-0300] {logging_mixin.py:188} INFO - [2024-05-11T15:21:29.489-0300] {dagbag.py:545} INFO - Filling up the DagBag from /home/patricia/Documentos/airflow/airflow_venv/lib/python3.10/site-packages/airflow/example_dags/example_python_operator.py
[2024-05-11T15:21:29.534-0300] {processor.py:840} INFO - DAG(s) 'example_python_operator' retrieved from /home/patricia/Documentos/airflow/airflow_venv/lib/python3.10/site-packages/airflow/example_dags/example_python_operator.py
[2024-05-11T15:21:29.556-0300] {logging_mixin.py:188} INFO - [2024-05-11T15:21:29.556-0300] {dag.py:3096} INFO - Sync 1 DAGs
[2024-05-11T15:21:29.576-0300] {logging_mixin.py:188} INFO - [2024-05-11T15:21:29.576-0300] {dag.py:3954} INFO - Setting next_dagrun for example_python_operator to None, run_after=None
[2024-05-11T15:21:29.618-0300] {processor.py:183} INFO - Processing /home/patricia/Documentos/airflow/airflow_venv/lib/python3.10/site-packages/airflow/example_dags/example_python_operator.py took 0.192 seconds
[2024-05-11T15:22:18.051-0300] {processor.py:161} INFO - Started process (PID=6294) to work on /home/patricia/Documentos/airflow/airflow_venv/lib/python3.10/site-packages/airflow/example_dags/example_python_operator.py
[2024-05-11T15:22:18.054-0300] {processor.py:830} INFO - Processing file /home/patricia/Documentos/airflow/airflow_venv/lib/python3.10/site-packages/airflow/example_dags/example_python_operator.py for tasks to queue
[2024-05-11T15:22:18.056-0300] {logging_mixin.py:188} INFO - [2024-05-11T15:22:18.056-0300] {dagbag.py:545} INFO - Filling up the DagBag from /home/patricia/Documentos/airflow/airflow_venv/lib/python3.10/site-packages/airflow/example_dags/example_python_operator.py
[2024-05-11T15:22:18.069-0300] {processor.py:840} INFO - DAG(s) 'example_python_operator' retrieved from /home/patricia/Documentos/airflow/airflow_venv/lib/python3.10/site-packages/airflow/example_dags/example_python_operator.py
[2024-05-11T15:22:18.094-0300] {logging_mixin.py:188} INFO - [2024-05-11T15:22:18.093-0300] {dag.py:3096} INFO - Sync 1 DAGs
[2024-05-11T15:22:18.110-0300] {logging_mixin.py:188} INFO - [2024-05-11T15:22:18.110-0300] {dag.py:3954} INFO - Setting next_dagrun for example_python_operator to None, run_after=None
[2024-05-11T15:22:18.215-0300] {processor.py:183} INFO - Processing /home/patricia/Documentos/airflow/airflow_venv/lib/python3.10/site-packages/airflow/example_dags/example_python_operator.py took 0.171 seconds
[2024-05-11T15:23:20.752-0300] {processor.py:161} INFO - Started process (PID=6435) to work on /home/patricia/Documentos/airflow/airflow_venv/lib/python3.10/site-packages/airflow/example_dags/example_python_operator.py
[2024-05-11T15:23:20.755-0300] {processor.py:830} INFO - Processing file /home/patricia/Documentos/airflow/airflow_venv/lib/python3.10/site-packages/airflow/example_dags/example_python_operator.py for tasks to queue
[2024-05-11T15:23:20.765-0300] {logging_mixin.py:188} INFO - [2024-05-11T15:23:20.764-0300] {dagbag.py:545} INFO - Filling up the DagBag from /home/patricia/Documentos/airflow/airflow_venv/lib/python3.10/site-packages/airflow/example_dags/example_python_operator.py
[2024-05-11T15:23:20.784-0300] {processor.py:840} INFO - DAG(s) 'example_python_operator' retrieved from /home/patricia/Documentos/airflow/airflow_venv/lib/python3.10/site-packages/airflow/example_dags/example_python_operator.py
[2024-05-11T15:23:20.807-0300] {logging_mixin.py:188} INFO - [2024-05-11T15:23:20.807-0300] {dag.py:3096} INFO - Sync 1 DAGs
[2024-05-11T15:23:20.819-0300] {logging_mixin.py:188} INFO - [2024-05-11T15:23:20.819-0300] {dag.py:3954} INFO - Setting next_dagrun for example_python_operator to None, run_after=None
[2024-05-11T15:23:20.858-0300] {processor.py:183} INFO - Processing /home/patricia/Documentos/airflow/airflow_venv/lib/python3.10/site-packages/airflow/example_dags/example_python_operator.py took 0.115 seconds
[2024-05-11T15:24:23.983-0300] {processor.py:161} INFO - Started process (PID=6558) to work on /home/patricia/Documentos/airflow/airflow_venv/lib/python3.10/site-packages/airflow/example_dags/example_python_operator.py
[2024-05-11T15:24:23.986-0300] {processor.py:830} INFO - Processing file /home/patricia/Documentos/airflow/airflow_venv/lib/python3.10/site-packages/airflow/example_dags/example_python_operator.py for tasks to queue
[2024-05-11T15:24:23.988-0300] {logging_mixin.py:188} INFO - [2024-05-11T15:24:23.988-0300] {dagbag.py:545} INFO - Filling up the DagBag from /home/patricia/Documentos/airflow/airflow_venv/lib/python3.10/site-packages/airflow/example_dags/example_python_operator.py
[2024-05-11T15:24:24.001-0300] {processor.py:840} INFO - DAG(s) 'example_python_operator' retrieved from /home/patricia/Documentos/airflow/airflow_venv/lib/python3.10/site-packages/airflow/example_dags/example_python_operator.py
[2024-05-11T15:24:24.023-0300] {logging_mixin.py:188} INFO - [2024-05-11T15:24:24.022-0300] {dag.py:3096} INFO - Sync 1 DAGs
[2024-05-11T15:24:24.036-0300] {logging_mixin.py:188} INFO - [2024-05-11T15:24:24.036-0300] {dag.py:3954} INFO - Setting next_dagrun for example_python_operator to None, run_after=None
[2024-05-11T15:24:24.073-0300] {processor.py:183} INFO - Processing /home/patricia/Documentos/airflow/airflow_venv/lib/python3.10/site-packages/airflow/example_dags/example_python_operator.py took 0.098 seconds
[2024-05-11T15:26:06.466-0300] {processor.py:161} INFO - Started process (PID=6829) to work on /home/patricia/Documentos/airflow/airflow_venv/lib/python3.10/site-packages/airflow/example_dags/example_python_operator.py
[2024-05-11T15:26:06.481-0300] {processor.py:830} INFO - Processing file /home/patricia/Documentos/airflow/airflow_venv/lib/python3.10/site-packages/airflow/example_dags/example_python_operator.py for tasks to queue
[2024-05-11T15:26:06.501-0300] {logging_mixin.py:188} INFO - [2024-05-11T15:26:06.492-0300] {dagbag.py:545} INFO - Filling up the DagBag from /home/patricia/Documentos/airflow/airflow_venv/lib/python3.10/site-packages/airflow/example_dags/example_python_operator.py
[2024-05-11T15:26:06.632-0300] {processor.py:840} INFO - DAG(s) 'example_python_operator' retrieved from /home/patricia/Documentos/airflow/airflow_venv/lib/python3.10/site-packages/airflow/example_dags/example_python_operator.py
[2024-05-11T15:26:06.656-0300] {logging_mixin.py:188} INFO - [2024-05-11T15:26:06.656-0300] {dag.py:3096} INFO - Sync 1 DAGs
[2024-05-11T15:26:06.713-0300] {logging_mixin.py:188} INFO - [2024-05-11T15:26:06.711-0300] {dag.py:3954} INFO - Setting next_dagrun for example_python_operator to None, run_after=None
[2024-05-11T15:26:06.939-0300] {processor.py:183} INFO - Processing /home/patricia/Documentos/airflow/airflow_venv/lib/python3.10/site-packages/airflow/example_dags/example_python_operator.py took 0.553 seconds
[2024-05-11T15:27:23.454-0300] {processor.py:161} INFO - Started process (PID=7633) to work on /home/patricia/Documentos/airflow/airflow_venv/lib/python3.10/site-packages/airflow/example_dags/example_python_operator.py
[2024-05-11T15:27:23.458-0300] {processor.py:830} INFO - Processing file /home/patricia/Documentos/airflow/airflow_venv/lib/python3.10/site-packages/airflow/example_dags/example_python_operator.py for tasks to queue
[2024-05-11T15:27:23.461-0300] {logging_mixin.py:188} INFO - [2024-05-11T15:27:23.461-0300] {dagbag.py:545} INFO - Filling up the DagBag from /home/patricia/Documentos/airflow/airflow_venv/lib/python3.10/site-packages/airflow/example_dags/example_python_operator.py
[2024-05-11T15:27:23.474-0300] {processor.py:840} INFO - DAG(s) 'example_python_operator' retrieved from /home/patricia/Documentos/airflow/airflow_venv/lib/python3.10/site-packages/airflow/example_dags/example_python_operator.py
[2024-05-11T15:27:23.691-0300] {logging_mixin.py:188} INFO - [2024-05-11T15:27:23.691-0300] {dag.py:3096} INFO - Sync 1 DAGs
[2024-05-11T15:27:23.701-0300] {logging_mixin.py:188} INFO - [2024-05-11T15:27:23.701-0300] {dag.py:3954} INFO - Setting next_dagrun for example_python_operator to None, run_after=None
[2024-05-11T15:27:23.811-0300] {processor.py:183} INFO - Processing /home/patricia/Documentos/airflow/airflow_venv/lib/python3.10/site-packages/airflow/example_dags/example_python_operator.py took 0.364 seconds
[2024-05-11T15:28:12.156-0300] {processor.py:161} INFO - Started process (PID=7732) to work on /home/patricia/Documentos/airflow/airflow_venv/lib/python3.10/site-packages/airflow/example_dags/example_python_operator.py
[2024-05-11T15:28:12.186-0300] {processor.py:830} INFO - Processing file /home/patricia/Documentos/airflow/airflow_venv/lib/python3.10/site-packages/airflow/example_dags/example_python_operator.py for tasks to queue
[2024-05-11T15:28:12.191-0300] {logging_mixin.py:188} INFO - [2024-05-11T15:28:12.190-0300] {dagbag.py:545} INFO - Filling up the DagBag from /home/patricia/Documentos/airflow/airflow_venv/lib/python3.10/site-packages/airflow/example_dags/example_python_operator.py
[2024-05-11T15:28:12.212-0300] {processor.py:840} INFO - DAG(s) 'example_python_operator' retrieved from /home/patricia/Documentos/airflow/airflow_venv/lib/python3.10/site-packages/airflow/example_dags/example_python_operator.py
[2024-05-11T15:28:12.243-0300] {logging_mixin.py:188} INFO - [2024-05-11T15:28:12.243-0300] {dag.py:3096} INFO - Sync 1 DAGs
[2024-05-11T15:28:12.271-0300] {logging_mixin.py:188} INFO - [2024-05-11T15:28:12.271-0300] {dag.py:3954} INFO - Setting next_dagrun for example_python_operator to None, run_after=None
[2024-05-11T15:28:12.360-0300] {processor.py:183} INFO - Processing /home/patricia/Documentos/airflow/airflow_venv/lib/python3.10/site-packages/airflow/example_dags/example_python_operator.py took 0.212 seconds
[2024-05-11T15:28:50.980-0300] {processor.py:161} INFO - Started process (PID=7809) to work on /home/patricia/Documentos/airflow/airflow_venv/lib/python3.10/site-packages/airflow/example_dags/example_python_operator.py
[2024-05-11T15:28:50.983-0300] {processor.py:830} INFO - Processing file /home/patricia/Documentos/airflow/airflow_venv/lib/python3.10/site-packages/airflow/example_dags/example_python_operator.py for tasks to queue
[2024-05-11T15:28:50.986-0300] {logging_mixin.py:188} INFO - [2024-05-11T15:28:50.986-0300] {dagbag.py:545} INFO - Filling up the DagBag from /home/patricia/Documentos/airflow/airflow_venv/lib/python3.10/site-packages/airflow/example_dags/example_python_operator.py
[2024-05-11T15:28:51.007-0300] {processor.py:840} INFO - DAG(s) 'example_python_operator' retrieved from /home/patricia/Documentos/airflow/airflow_venv/lib/python3.10/site-packages/airflow/example_dags/example_python_operator.py
[2024-05-11T15:28:51.039-0300] {logging_mixin.py:188} INFO - [2024-05-11T15:28:51.039-0300] {dag.py:3096} INFO - Sync 1 DAGs
[2024-05-11T15:28:51.155-0300] {logging_mixin.py:188} INFO - [2024-05-11T15:28:51.154-0300] {dag.py:3954} INFO - Setting next_dagrun for example_python_operator to None, run_after=None
[2024-05-11T15:28:51.227-0300] {processor.py:183} INFO - Processing /home/patricia/Documentos/airflow/airflow_venv/lib/python3.10/site-packages/airflow/example_dags/example_python_operator.py took 0.255 seconds
[2024-05-11T15:29:29.542-0300] {processor.py:161} INFO - Started process (PID=7887) to work on /home/patricia/Documentos/airflow/airflow_venv/lib/python3.10/site-packages/airflow/example_dags/example_python_operator.py
[2024-05-11T15:29:29.567-0300] {processor.py:830} INFO - Processing file /home/patricia/Documentos/airflow/airflow_venv/lib/python3.10/site-packages/airflow/example_dags/example_python_operator.py for tasks to queue
[2024-05-11T15:29:29.579-0300] {logging_mixin.py:188} INFO - [2024-05-11T15:29:29.578-0300] {dagbag.py:545} INFO - Filling up the DagBag from /home/patricia/Documentos/airflow/airflow_venv/lib/python3.10/site-packages/airflow/example_dags/example_python_operator.py
[2024-05-11T15:29:29.598-0300] {processor.py:840} INFO - DAG(s) 'example_python_operator' retrieved from /home/patricia/Documentos/airflow/airflow_venv/lib/python3.10/site-packages/airflow/example_dags/example_python_operator.py
[2024-05-11T15:29:29.644-0300] {logging_mixin.py:188} INFO - [2024-05-11T15:29:29.644-0300] {dag.py:3096} INFO - Sync 1 DAGs
[2024-05-11T15:29:29.664-0300] {logging_mixin.py:188} INFO - [2024-05-11T15:29:29.663-0300] {dag.py:3954} INFO - Setting next_dagrun for example_python_operator to None, run_after=None
[2024-05-11T15:29:29.766-0300] {processor.py:183} INFO - Processing /home/patricia/Documentos/airflow/airflow_venv/lib/python3.10/site-packages/airflow/example_dags/example_python_operator.py took 0.244 seconds
[2024-05-11T15:30:19.953-0300] {processor.py:161} INFO - Started process (PID=7995) to work on /home/patricia/Documentos/airflow/airflow_venv/lib/python3.10/site-packages/airflow/example_dags/example_python_operator.py
[2024-05-11T15:30:19.958-0300] {processor.py:830} INFO - Processing file /home/patricia/Documentos/airflow/airflow_venv/lib/python3.10/site-packages/airflow/example_dags/example_python_operator.py for tasks to queue
[2024-05-11T15:30:19.963-0300] {logging_mixin.py:188} INFO - [2024-05-11T15:30:19.963-0300] {dagbag.py:545} INFO - Filling up the DagBag from /home/patricia/Documentos/airflow/airflow_venv/lib/python3.10/site-packages/airflow/example_dags/example_python_operator.py
[2024-05-11T15:30:19.985-0300] {processor.py:840} INFO - DAG(s) 'example_python_operator' retrieved from /home/patricia/Documentos/airflow/airflow_venv/lib/python3.10/site-packages/airflow/example_dags/example_python_operator.py
[2024-05-11T15:30:20.011-0300] {logging_mixin.py:188} INFO - [2024-05-11T15:30:20.011-0300] {dag.py:3096} INFO - Sync 1 DAGs
[2024-05-11T15:30:20.050-0300] {logging_mixin.py:188} INFO - [2024-05-11T15:30:20.049-0300] {dag.py:3954} INFO - Setting next_dagrun for example_python_operator to None, run_after=None
[2024-05-11T15:30:20.097-0300] {processor.py:183} INFO - Processing /home/patricia/Documentos/airflow/airflow_venv/lib/python3.10/site-packages/airflow/example_dags/example_python_operator.py took 0.151 seconds
[2024-05-11T15:31:03.820-0300] {processor.py:161} INFO - Started process (PID=8107) to work on /home/patricia/Documentos/airflow/airflow_venv/lib/python3.10/site-packages/airflow/example_dags/example_python_operator.py
[2024-05-11T15:31:03.823-0300] {processor.py:830} INFO - Processing file /home/patricia/Documentos/airflow/airflow_venv/lib/python3.10/site-packages/airflow/example_dags/example_python_operator.py for tasks to queue
[2024-05-11T15:31:03.825-0300] {logging_mixin.py:188} INFO - [2024-05-11T15:31:03.824-0300] {dagbag.py:545} INFO - Filling up the DagBag from /home/patricia/Documentos/airflow/airflow_venv/lib/python3.10/site-packages/airflow/example_dags/example_python_operator.py
[2024-05-11T15:31:03.839-0300] {processor.py:840} INFO - DAG(s) 'example_python_operator' retrieved from /home/patricia/Documentos/airflow/airflow_venv/lib/python3.10/site-packages/airflow/example_dags/example_python_operator.py
[2024-05-11T15:31:03.860-0300] {logging_mixin.py:188} INFO - [2024-05-11T15:31:03.860-0300] {dag.py:3096} INFO - Sync 1 DAGs
[2024-05-11T15:31:03.874-0300] {logging_mixin.py:188} INFO - [2024-05-11T15:31:03.873-0300] {dag.py:3954} INFO - Setting next_dagrun for example_python_operator to None, run_after=None
[2024-05-11T15:31:03.930-0300] {processor.py:183} INFO - Processing /home/patricia/Documentos/airflow/airflow_venv/lib/python3.10/site-packages/airflow/example_dags/example_python_operator.py took 0.119 seconds
[2024-05-11T15:32:08.747-0300] {processor.py:161} INFO - Started process (PID=8337) to work on /home/patricia/Documentos/airflow/airflow_venv/lib/python3.10/site-packages/airflow/example_dags/example_python_operator.py
[2024-05-11T15:32:08.750-0300] {processor.py:830} INFO - Processing file /home/patricia/Documentos/airflow/airflow_venv/lib/python3.10/site-packages/airflow/example_dags/example_python_operator.py for tasks to queue
[2024-05-11T15:32:08.752-0300] {logging_mixin.py:188} INFO - [2024-05-11T15:32:08.752-0300] {dagbag.py:545} INFO - Filling up the DagBag from /home/patricia/Documentos/airflow/airflow_venv/lib/python3.10/site-packages/airflow/example_dags/example_python_operator.py
[2024-05-11T15:32:08.764-0300] {processor.py:840} INFO - DAG(s) 'example_python_operator' retrieved from /home/patricia/Documentos/airflow/airflow_venv/lib/python3.10/site-packages/airflow/example_dags/example_python_operator.py
[2024-05-11T15:32:08.785-0300] {logging_mixin.py:188} INFO - [2024-05-11T15:32:08.785-0300] {dag.py:3096} INFO - Sync 1 DAGs
[2024-05-11T15:32:08.798-0300] {logging_mixin.py:188} INFO - [2024-05-11T15:32:08.798-0300] {dag.py:3954} INFO - Setting next_dagrun for example_python_operator to None, run_after=None
[2024-05-11T15:32:08.832-0300] {processor.py:183} INFO - Processing /home/patricia/Documentos/airflow/airflow_venv/lib/python3.10/site-packages/airflow/example_dags/example_python_operator.py took 0.093 seconds
[2024-05-11T15:33:12.635-0300] {processor.py:161} INFO - Started process (PID=8661) to work on /home/patricia/Documentos/airflow/airflow_venv/lib/python3.10/site-packages/airflow/example_dags/example_python_operator.py
[2024-05-11T15:33:12.659-0300] {processor.py:830} INFO - Processing file /home/patricia/Documentos/airflow/airflow_venv/lib/python3.10/site-packages/airflow/example_dags/example_python_operator.py for tasks to queue
[2024-05-11T15:33:12.665-0300] {logging_mixin.py:188} INFO - [2024-05-11T15:33:12.664-0300] {dagbag.py:545} INFO - Filling up the DagBag from /home/patricia/Documentos/airflow/airflow_venv/lib/python3.10/site-packages/airflow/example_dags/example_python_operator.py
[2024-05-11T15:33:12.695-0300] {processor.py:840} INFO - DAG(s) 'example_python_operator' retrieved from /home/patricia/Documentos/airflow/airflow_venv/lib/python3.10/site-packages/airflow/example_dags/example_python_operator.py
[2024-05-11T15:33:12.762-0300] {logging_mixin.py:188} INFO - [2024-05-11T15:33:12.762-0300] {dag.py:3096} INFO - Sync 1 DAGs
[2024-05-11T15:33:12.799-0300] {logging_mixin.py:188} INFO - [2024-05-11T15:33:12.797-0300] {dag.py:3954} INFO - Setting next_dagrun for example_python_operator to None, run_after=None
[2024-05-11T15:33:12.868-0300] {processor.py:183} INFO - Processing /home/patricia/Documentos/airflow/airflow_venv/lib/python3.10/site-packages/airflow/example_dags/example_python_operator.py took 0.255 seconds
[2024-05-11T15:34:28.417-0300] {processor.py:161} INFO - Started process (PID=9304) to work on /home/patricia/Documentos/airflow/airflow_venv/lib/python3.10/site-packages/airflow/example_dags/example_python_operator.py
[2024-05-11T15:34:28.422-0300] {processor.py:830} INFO - Processing file /home/patricia/Documentos/airflow/airflow_venv/lib/python3.10/site-packages/airflow/example_dags/example_python_operator.py for tasks to queue
[2024-05-11T15:34:28.426-0300] {logging_mixin.py:188} INFO - [2024-05-11T15:34:28.425-0300] {dagbag.py:545} INFO - Filling up the DagBag from /home/patricia/Documentos/airflow/airflow_venv/lib/python3.10/site-packages/airflow/example_dags/example_python_operator.py
[2024-05-11T15:34:28.443-0300] {processor.py:840} INFO - DAG(s) 'example_python_operator' retrieved from /home/patricia/Documentos/airflow/airflow_venv/lib/python3.10/site-packages/airflow/example_dags/example_python_operator.py
[2024-05-11T15:34:28.471-0300] {logging_mixin.py:188} INFO - [2024-05-11T15:34:28.470-0300] {dag.py:3096} INFO - Sync 1 DAGs
[2024-05-11T15:34:28.486-0300] {logging_mixin.py:188} INFO - [2024-05-11T15:34:28.486-0300] {dag.py:3954} INFO - Setting next_dagrun for example_python_operator to None, run_after=None
[2024-05-11T15:34:28.533-0300] {processor.py:183} INFO - Processing /home/patricia/Documentos/airflow/airflow_venv/lib/python3.10/site-packages/airflow/example_dags/example_python_operator.py took 0.128 seconds
[2024-05-11T15:35:08.385-0300] {processor.py:161} INFO - Started process (PID=9392) to work on /home/patricia/Documentos/airflow/airflow_venv/lib/python3.10/site-packages/airflow/example_dags/example_python_operator.py
[2024-05-11T15:35:08.393-0300] {processor.py:830} INFO - Processing file /home/patricia/Documentos/airflow/airflow_venv/lib/python3.10/site-packages/airflow/example_dags/example_python_operator.py for tasks to queue
[2024-05-11T15:35:08.398-0300] {logging_mixin.py:188} INFO - [2024-05-11T15:35:08.397-0300] {dagbag.py:545} INFO - Filling up the DagBag from /home/patricia/Documentos/airflow/airflow_venv/lib/python3.10/site-packages/airflow/example_dags/example_python_operator.py
[2024-05-11T15:35:08.475-0300] {processor.py:840} INFO - DAG(s) 'example_python_operator' retrieved from /home/patricia/Documentos/airflow/airflow_venv/lib/python3.10/site-packages/airflow/example_dags/example_python_operator.py
[2024-05-11T15:35:08.590-0300] {logging_mixin.py:188} INFO - [2024-05-11T15:35:08.589-0300] {dag.py:3096} INFO - Sync 1 DAGs
[2024-05-11T15:35:08.619-0300] {logging_mixin.py:188} INFO - [2024-05-11T15:35:08.618-0300] {dag.py:3954} INFO - Setting next_dagrun for example_python_operator to None, run_after=None
[2024-05-11T15:35:08.742-0300] {processor.py:183} INFO - Processing /home/patricia/Documentos/airflow/airflow_venv/lib/python3.10/site-packages/airflow/example_dags/example_python_operator.py took 0.380 seconds
[2024-05-11T15:36:23.554-0300] {processor.py:161} INFO - Started process (PID=9596) to work on /home/patricia/Documentos/airflow/airflow_venv/lib/python3.10/site-packages/airflow/example_dags/example_python_operator.py
[2024-05-11T15:36:23.557-0300] {processor.py:830} INFO - Processing file /home/patricia/Documentos/airflow/airflow_venv/lib/python3.10/site-packages/airflow/example_dags/example_python_operator.py for tasks to queue
[2024-05-11T15:36:23.576-0300] {logging_mixin.py:188} INFO - [2024-05-11T15:36:23.575-0300] {dagbag.py:545} INFO - Filling up the DagBag from /home/patricia/Documentos/airflow/airflow_venv/lib/python3.10/site-packages/airflow/example_dags/example_python_operator.py
[2024-05-11T15:36:23.607-0300] {processor.py:840} INFO - DAG(s) 'example_python_operator' retrieved from /home/patricia/Documentos/airflow/airflow_venv/lib/python3.10/site-packages/airflow/example_dags/example_python_operator.py
[2024-05-11T15:36:23.637-0300] {logging_mixin.py:188} INFO - [2024-05-11T15:36:23.636-0300] {dag.py:3096} INFO - Sync 1 DAGs
[2024-05-11T15:36:23.661-0300] {logging_mixin.py:188} INFO - [2024-05-11T15:36:23.660-0300] {dag.py:3954} INFO - Setting next_dagrun for example_python_operator to None, run_after=None
[2024-05-11T15:36:23.745-0300] {processor.py:183} INFO - Processing /home/patricia/Documentos/airflow/airflow_venv/lib/python3.10/site-packages/airflow/example_dags/example_python_operator.py took 0.207 seconds
[2024-05-11T15:37:04.801-0300] {processor.py:161} INFO - Started process (PID=9766) to work on /home/patricia/Documentos/airflow/airflow_venv/lib/python3.10/site-packages/airflow/example_dags/example_python_operator.py
[2024-05-11T15:37:04.805-0300] {processor.py:830} INFO - Processing file /home/patricia/Documentos/airflow/airflow_venv/lib/python3.10/site-packages/airflow/example_dags/example_python_operator.py for tasks to queue
[2024-05-11T15:37:04.809-0300] {logging_mixin.py:188} INFO - [2024-05-11T15:37:04.808-0300] {dagbag.py:545} INFO - Filling up the DagBag from /home/patricia/Documentos/airflow/airflow_venv/lib/python3.10/site-packages/airflow/example_dags/example_python_operator.py
[2024-05-11T15:37:04.843-0300] {processor.py:840} INFO - DAG(s) 'example_python_operator' retrieved from /home/patricia/Documentos/airflow/airflow_venv/lib/python3.10/site-packages/airflow/example_dags/example_python_operator.py
[2024-05-11T15:37:04.882-0300] {logging_mixin.py:188} INFO - [2024-05-11T15:37:04.882-0300] {dag.py:3096} INFO - Sync 1 DAGs
[2024-05-11T15:37:04.929-0300] {logging_mixin.py:188} INFO - [2024-05-11T15:37:04.929-0300] {dag.py:3954} INFO - Setting next_dagrun for example_python_operator to None, run_after=None
[2024-05-11T15:37:05.037-0300] {processor.py:183} INFO - Processing /home/patricia/Documentos/airflow/airflow_venv/lib/python3.10/site-packages/airflow/example_dags/example_python_operator.py took 0.287 seconds
[2024-05-11T15:38:27.898-0300] {processor.py:161} INFO - Started process (PID=9938) to work on /home/patricia/Documentos/airflow/airflow_venv/lib/python3.10/site-packages/airflow/example_dags/example_python_operator.py
[2024-05-11T15:38:27.901-0300] {processor.py:830} INFO - Processing file /home/patricia/Documentos/airflow/airflow_venv/lib/python3.10/site-packages/airflow/example_dags/example_python_operator.py for tasks to queue
[2024-05-11T15:38:27.903-0300] {logging_mixin.py:188} INFO - [2024-05-11T15:38:27.902-0300] {dagbag.py:545} INFO - Filling up the DagBag from /home/patricia/Documentos/airflow/airflow_venv/lib/python3.10/site-packages/airflow/example_dags/example_python_operator.py
[2024-05-11T15:38:27.914-0300] {processor.py:840} INFO - DAG(s) 'example_python_operator' retrieved from /home/patricia/Documentos/airflow/airflow_venv/lib/python3.10/site-packages/airflow/example_dags/example_python_operator.py
[2024-05-11T15:38:27.933-0300] {logging_mixin.py:188} INFO - [2024-05-11T15:38:27.933-0300] {dag.py:3096} INFO - Sync 1 DAGs
[2024-05-11T15:38:27.949-0300] {logging_mixin.py:188} INFO - [2024-05-11T15:38:27.948-0300] {dag.py:3954} INFO - Setting next_dagrun for example_python_operator to None, run_after=None
[2024-05-11T15:38:27.984-0300] {processor.py:183} INFO - Processing /home/patricia/Documentos/airflow/airflow_venv/lib/python3.10/site-packages/airflow/example_dags/example_python_operator.py took 0.093 seconds
[2024-05-11T15:39:25.522-0300] {processor.py:161} INFO - Started process (PID=10042) to work on /home/patricia/Documentos/airflow/airflow_venv/lib/python3.10/site-packages/airflow/example_dags/example_python_operator.py
[2024-05-11T15:39:25.527-0300] {processor.py:830} INFO - Processing file /home/patricia/Documentos/airflow/airflow_venv/lib/python3.10/site-packages/airflow/example_dags/example_python_operator.py for tasks to queue
[2024-05-11T15:39:25.532-0300] {logging_mixin.py:188} INFO - [2024-05-11T15:39:25.531-0300] {dagbag.py:545} INFO - Filling up the DagBag from /home/patricia/Documentos/airflow/airflow_venv/lib/python3.10/site-packages/airflow/example_dags/example_python_operator.py
[2024-05-11T15:39:25.568-0300] {processor.py:840} INFO - DAG(s) 'example_python_operator' retrieved from /home/patricia/Documentos/airflow/airflow_venv/lib/python3.10/site-packages/airflow/example_dags/example_python_operator.py
[2024-05-11T15:39:25.619-0300] {logging_mixin.py:188} INFO - [2024-05-11T15:39:25.619-0300] {dag.py:3096} INFO - Sync 1 DAGs
[2024-05-11T15:39:25.653-0300] {logging_mixin.py:188} INFO - [2024-05-11T15:39:25.653-0300] {dag.py:3954} INFO - Setting next_dagrun for example_python_operator to None, run_after=None
[2024-05-11T15:39:25.724-0300] {processor.py:183} INFO - Processing /home/patricia/Documentos/airflow/airflow_venv/lib/python3.10/site-packages/airflow/example_dags/example_python_operator.py took 0.221 seconds
[2024-05-11T15:40:03.788-0300] {processor.py:161} INFO - Started process (PID=10169) to work on /home/patricia/Documentos/airflow/airflow_venv/lib/python3.10/site-packages/airflow/example_dags/example_python_operator.py
[2024-05-11T15:40:03.831-0300] {processor.py:830} INFO - Processing file /home/patricia/Documentos/airflow/airflow_venv/lib/python3.10/site-packages/airflow/example_dags/example_python_operator.py for tasks to queue
[2024-05-11T15:40:03.839-0300] {logging_mixin.py:188} INFO - [2024-05-11T15:40:03.838-0300] {dagbag.py:545} INFO - Filling up the DagBag from /home/patricia/Documentos/airflow/airflow_venv/lib/python3.10/site-packages/airflow/example_dags/example_python_operator.py
[2024-05-11T15:40:03.975-0300] {processor.py:840} INFO - DAG(s) 'example_python_operator' retrieved from /home/patricia/Documentos/airflow/airflow_venv/lib/python3.10/site-packages/airflow/example_dags/example_python_operator.py
[2024-05-11T15:40:04.310-0300] {logging_mixin.py:188} INFO - [2024-05-11T15:40:04.310-0300] {dag.py:3096} INFO - Sync 1 DAGs
[2024-05-11T15:40:04.414-0300] {logging_mixin.py:188} INFO - [2024-05-11T15:40:04.414-0300] {dag.py:3954} INFO - Setting next_dagrun for example_python_operator to None, run_after=None
[2024-05-11T15:40:04.538-0300] {processor.py:183} INFO - Processing /home/patricia/Documentos/airflow/airflow_venv/lib/python3.10/site-packages/airflow/example_dags/example_python_operator.py took 0.764 seconds
[2024-05-11T15:40:44.071-0300] {processor.py:161} INFO - Started process (PID=10593) to work on /home/patricia/Documentos/airflow/airflow_venv/lib/python3.10/site-packages/airflow/example_dags/example_python_operator.py
[2024-05-11T15:40:44.074-0300] {processor.py:830} INFO - Processing file /home/patricia/Documentos/airflow/airflow_venv/lib/python3.10/site-packages/airflow/example_dags/example_python_operator.py for tasks to queue
[2024-05-11T15:40:44.080-0300] {logging_mixin.py:188} INFO - [2024-05-11T15:40:44.080-0300] {dagbag.py:545} INFO - Filling up the DagBag from /home/patricia/Documentos/airflow/airflow_venv/lib/python3.10/site-packages/airflow/example_dags/example_python_operator.py
[2024-05-11T15:40:44.096-0300] {processor.py:840} INFO - DAG(s) 'example_python_operator' retrieved from /home/patricia/Documentos/airflow/airflow_venv/lib/python3.10/site-packages/airflow/example_dags/example_python_operator.py
[2024-05-11T15:40:44.125-0300] {logging_mixin.py:188} INFO - [2024-05-11T15:40:44.125-0300] {dag.py:3096} INFO - Sync 1 DAGs
[2024-05-11T15:40:44.141-0300] {logging_mixin.py:188} INFO - [2024-05-11T15:40:44.141-0300] {dag.py:3954} INFO - Setting next_dagrun for example_python_operator to None, run_after=None
[2024-05-11T15:40:44.215-0300] {processor.py:183} INFO - Processing /home/patricia/Documentos/airflow/airflow_venv/lib/python3.10/site-packages/airflow/example_dags/example_python_operator.py took 0.153 seconds
[2024-05-11T16:27:57.687-0300] {processor.py:161} INFO - Started process (PID=10940) to work on /home/patricia/Documentos/airflow/airflow_venv/lib/python3.10/site-packages/airflow/example_dags/example_python_operator.py
[2024-05-11T16:27:57.697-0300] {processor.py:830} INFO - Processing file /home/patricia/Documentos/airflow/airflow_venv/lib/python3.10/site-packages/airflow/example_dags/example_python_operator.py for tasks to queue
[2024-05-11T16:27:57.706-0300] {logging_mixin.py:188} INFO - [2024-05-11T16:27:57.705-0300] {dagbag.py:545} INFO - Filling up the DagBag from /home/patricia/Documentos/airflow/airflow_venv/lib/python3.10/site-packages/airflow/example_dags/example_python_operator.py
[2024-05-11T16:27:57.732-0300] {processor.py:840} INFO - DAG(s) 'example_python_operator' retrieved from /home/patricia/Documentos/airflow/airflow_venv/lib/python3.10/site-packages/airflow/example_dags/example_python_operator.py
[2024-05-11T16:27:57.751-0300] {logging_mixin.py:188} INFO - [2024-05-11T16:27:57.751-0300] {dag.py:3096} INFO - Sync 1 DAGs
[2024-05-11T16:27:57.780-0300] {logging_mixin.py:188} INFO - [2024-05-11T16:27:57.780-0300] {dag.py:3954} INFO - Setting next_dagrun for example_python_operator to None, run_after=None
[2024-05-11T16:27:57.845-0300] {processor.py:183} INFO - Processing /home/patricia/Documentos/airflow/airflow_venv/lib/python3.10/site-packages/airflow/example_dags/example_python_operator.py took 0.186 seconds
[2024-05-11T16:30:07.415-0300] {processor.py:161} INFO - Started process (PID=11204) to work on /home/patricia/Documentos/airflow/airflow_venv/lib/python3.10/site-packages/airflow/example_dags/example_python_operator.py
[2024-05-11T16:30:07.424-0300] {processor.py:830} INFO - Processing file /home/patricia/Documentos/airflow/airflow_venv/lib/python3.10/site-packages/airflow/example_dags/example_python_operator.py for tasks to queue
[2024-05-11T16:30:07.444-0300] {logging_mixin.py:188} INFO - [2024-05-11T16:30:07.441-0300] {dagbag.py:545} INFO - Filling up the DagBag from /home/patricia/Documentos/airflow/airflow_venv/lib/python3.10/site-packages/airflow/example_dags/example_python_operator.py
[2024-05-11T16:30:07.493-0300] {processor.py:840} INFO - DAG(s) 'example_python_operator' retrieved from /home/patricia/Documentos/airflow/airflow_venv/lib/python3.10/site-packages/airflow/example_dags/example_python_operator.py
[2024-05-11T16:30:07.966-0300] {logging_mixin.py:188} INFO - [2024-05-11T16:30:07.965-0300] {dag.py:3096} INFO - Sync 1 DAGs
[2024-05-11T16:30:07.992-0300] {logging_mixin.py:188} INFO - [2024-05-11T16:30:07.992-0300] {dag.py:3954} INFO - Setting next_dagrun for example_python_operator to None, run_after=None
[2024-05-11T16:30:08.175-0300] {processor.py:183} INFO - Processing /home/patricia/Documentos/airflow/airflow_venv/lib/python3.10/site-packages/airflow/example_dags/example_python_operator.py took 0.774 seconds
[2024-05-11T16:31:29.358-0300] {processor.py:161} INFO - Started process (PID=11363) to work on /home/patricia/Documentos/airflow/airflow_venv/lib/python3.10/site-packages/airflow/example_dags/example_python_operator.py
[2024-05-11T16:31:29.362-0300] {processor.py:830} INFO - Processing file /home/patricia/Documentos/airflow/airflow_venv/lib/python3.10/site-packages/airflow/example_dags/example_python_operator.py for tasks to queue
[2024-05-11T16:31:29.369-0300] {logging_mixin.py:188} INFO - [2024-05-11T16:31:29.368-0300] {dagbag.py:545} INFO - Filling up the DagBag from /home/patricia/Documentos/airflow/airflow_venv/lib/python3.10/site-packages/airflow/example_dags/example_python_operator.py
[2024-05-11T16:31:29.465-0300] {processor.py:840} INFO - DAG(s) 'example_python_operator' retrieved from /home/patricia/Documentos/airflow/airflow_venv/lib/python3.10/site-packages/airflow/example_dags/example_python_operator.py
[2024-05-11T16:31:29.507-0300] {logging_mixin.py:188} INFO - [2024-05-11T16:31:29.507-0300] {dag.py:3096} INFO - Sync 1 DAGs
[2024-05-11T16:31:29.534-0300] {logging_mixin.py:188} INFO - [2024-05-11T16:31:29.533-0300] {dag.py:3954} INFO - Setting next_dagrun for example_python_operator to None, run_after=None
[2024-05-11T16:31:29.811-0300] {processor.py:183} INFO - Processing /home/patricia/Documentos/airflow/airflow_venv/lib/python3.10/site-packages/airflow/example_dags/example_python_operator.py took 0.506 seconds
[2024-05-11T16:32:33.103-0300] {processor.py:161} INFO - Started process (PID=11467) to work on /home/patricia/Documentos/airflow/airflow_venv/lib/python3.10/site-packages/airflow/example_dags/example_python_operator.py
[2024-05-11T16:32:33.114-0300] {processor.py:830} INFO - Processing file /home/patricia/Documentos/airflow/airflow_venv/lib/python3.10/site-packages/airflow/example_dags/example_python_operator.py for tasks to queue
[2024-05-11T16:32:33.123-0300] {logging_mixin.py:188} INFO - [2024-05-11T16:32:33.122-0300] {dagbag.py:545} INFO - Filling up the DagBag from /home/patricia/Documentos/airflow/airflow_venv/lib/python3.10/site-packages/airflow/example_dags/example_python_operator.py
[2024-05-11T16:32:33.185-0300] {processor.py:840} INFO - DAG(s) 'example_python_operator' retrieved from /home/patricia/Documentos/airflow/airflow_venv/lib/python3.10/site-packages/airflow/example_dags/example_python_operator.py
[2024-05-11T16:32:33.549-0300] {logging_mixin.py:188} INFO - [2024-05-11T16:32:33.548-0300] {dag.py:3096} INFO - Sync 1 DAGs
[2024-05-11T16:32:33.574-0300] {logging_mixin.py:188} INFO - [2024-05-11T16:32:33.574-0300] {dag.py:3954} INFO - Setting next_dagrun for example_python_operator to None, run_after=None
[2024-05-11T16:32:33.645-0300] {processor.py:183} INFO - Processing /home/patricia/Documentos/airflow/airflow_venv/lib/python3.10/site-packages/airflow/example_dags/example_python_operator.py took 0.574 seconds
[2024-05-11T16:33:30.910-0300] {processor.py:161} INFO - Started process (PID=11611) to work on /home/patricia/Documentos/airflow/airflow_venv/lib/python3.10/site-packages/airflow/example_dags/example_python_operator.py
[2024-05-11T16:33:30.924-0300] {processor.py:830} INFO - Processing file /home/patricia/Documentos/airflow/airflow_venv/lib/python3.10/site-packages/airflow/example_dags/example_python_operator.py for tasks to queue
[2024-05-11T16:33:30.934-0300] {logging_mixin.py:188} INFO - [2024-05-11T16:33:30.932-0300] {dagbag.py:545} INFO - Filling up the DagBag from /home/patricia/Documentos/airflow/airflow_venv/lib/python3.10/site-packages/airflow/example_dags/example_python_operator.py
[2024-05-11T16:33:30.989-0300] {processor.py:840} INFO - DAG(s) 'example_python_operator' retrieved from /home/patricia/Documentos/airflow/airflow_venv/lib/python3.10/site-packages/airflow/example_dags/example_python_operator.py
[2024-05-11T16:33:31.035-0300] {logging_mixin.py:188} INFO - [2024-05-11T16:33:31.035-0300] {dag.py:3096} INFO - Sync 1 DAGs
[2024-05-11T16:33:31.064-0300] {logging_mixin.py:188} INFO - [2024-05-11T16:33:31.063-0300] {dag.py:3954} INFO - Setting next_dagrun for example_python_operator to None, run_after=None
[2024-05-11T16:33:31.126-0300] {processor.py:183} INFO - Processing /home/patricia/Documentos/airflow/airflow_venv/lib/python3.10/site-packages/airflow/example_dags/example_python_operator.py took 0.256 seconds
[2024-05-11T16:34:22.083-0300] {processor.py:161} INFO - Started process (PID=11714) to work on /home/patricia/Documentos/airflow/airflow_venv/lib/python3.10/site-packages/airflow/example_dags/example_python_operator.py
[2024-05-11T16:34:22.091-0300] {processor.py:830} INFO - Processing file /home/patricia/Documentos/airflow/airflow_venv/lib/python3.10/site-packages/airflow/example_dags/example_python_operator.py for tasks to queue
[2024-05-11T16:34:22.098-0300] {logging_mixin.py:188} INFO - [2024-05-11T16:34:22.094-0300] {dagbag.py:545} INFO - Filling up the DagBag from /home/patricia/Documentos/airflow/airflow_venv/lib/python3.10/site-packages/airflow/example_dags/example_python_operator.py
[2024-05-11T16:34:22.139-0300] {processor.py:840} INFO - DAG(s) 'example_python_operator' retrieved from /home/patricia/Documentos/airflow/airflow_venv/lib/python3.10/site-packages/airflow/example_dags/example_python_operator.py
[2024-05-11T16:34:22.268-0300] {logging_mixin.py:188} INFO - [2024-05-11T16:34:22.268-0300] {dag.py:3096} INFO - Sync 1 DAGs
[2024-05-11T16:34:22.305-0300] {logging_mixin.py:188} INFO - [2024-05-11T16:34:22.304-0300] {dag.py:3954} INFO - Setting next_dagrun for example_python_operator to None, run_after=None
[2024-05-11T16:34:22.376-0300] {processor.py:183} INFO - Processing /home/patricia/Documentos/airflow/airflow_venv/lib/python3.10/site-packages/airflow/example_dags/example_python_operator.py took 0.321 seconds
[2024-05-11T16:35:09.690-0300] {processor.py:161} INFO - Started process (PID=11789) to work on /home/patricia/Documentos/airflow/airflow_venv/lib/python3.10/site-packages/airflow/example_dags/example_python_operator.py
[2024-05-11T16:35:09.697-0300] {processor.py:830} INFO - Processing file /home/patricia/Documentos/airflow/airflow_venv/lib/python3.10/site-packages/airflow/example_dags/example_python_operator.py for tasks to queue
[2024-05-11T16:35:09.701-0300] {logging_mixin.py:188} INFO - [2024-05-11T16:35:09.700-0300] {dagbag.py:545} INFO - Filling up the DagBag from /home/patricia/Documentos/airflow/airflow_venv/lib/python3.10/site-packages/airflow/example_dags/example_python_operator.py
[2024-05-11T16:35:09.732-0300] {processor.py:840} INFO - DAG(s) 'example_python_operator' retrieved from /home/patricia/Documentos/airflow/airflow_venv/lib/python3.10/site-packages/airflow/example_dags/example_python_operator.py
[2024-05-11T16:35:09.774-0300] {logging_mixin.py:188} INFO - [2024-05-11T16:35:09.774-0300] {dag.py:3096} INFO - Sync 1 DAGs
[2024-05-11T16:35:09.812-0300] {logging_mixin.py:188} INFO - [2024-05-11T16:35:09.811-0300] {dag.py:3954} INFO - Setting next_dagrun for example_python_operator to None, run_after=None
[2024-05-11T16:35:09.882-0300] {processor.py:183} INFO - Processing /home/patricia/Documentos/airflow/airflow_venv/lib/python3.10/site-packages/airflow/example_dags/example_python_operator.py took 0.211 seconds
[2024-05-11T16:35:59.821-0300] {processor.py:161} INFO - Started process (PID=11866) to work on /home/patricia/Documentos/airflow/airflow_venv/lib/python3.10/site-packages/airflow/example_dags/example_python_operator.py
[2024-05-11T16:35:59.867-0300] {processor.py:830} INFO - Processing file /home/patricia/Documentos/airflow/airflow_venv/lib/python3.10/site-packages/airflow/example_dags/example_python_operator.py for tasks to queue
[2024-05-11T16:35:59.874-0300] {logging_mixin.py:188} INFO - [2024-05-11T16:35:59.872-0300] {dagbag.py:545} INFO - Filling up the DagBag from /home/patricia/Documentos/airflow/airflow_venv/lib/python3.10/site-packages/airflow/example_dags/example_python_operator.py
[2024-05-11T16:35:59.930-0300] {processor.py:840} INFO - DAG(s) 'example_python_operator' retrieved from /home/patricia/Documentos/airflow/airflow_venv/lib/python3.10/site-packages/airflow/example_dags/example_python_operator.py
[2024-05-11T16:35:59.979-0300] {logging_mixin.py:188} INFO - [2024-05-11T16:35:59.979-0300] {dag.py:3096} INFO - Sync 1 DAGs
[2024-05-11T16:36:00.007-0300] {logging_mixin.py:188} INFO - [2024-05-11T16:36:00.006-0300] {dag.py:3954} INFO - Setting next_dagrun for example_python_operator to None, run_after=None
[2024-05-11T16:36:00.105-0300] {processor.py:183} INFO - Processing /home/patricia/Documentos/airflow/airflow_venv/lib/python3.10/site-packages/airflow/example_dags/example_python_operator.py took 0.313 seconds
[2024-05-11T16:36:48.639-0300] {processor.py:161} INFO - Started process (PID=11943) to work on /home/patricia/Documentos/airflow/airflow_venv/lib/python3.10/site-packages/airflow/example_dags/example_python_operator.py
[2024-05-11T16:36:48.654-0300] {processor.py:830} INFO - Processing file /home/patricia/Documentos/airflow/airflow_venv/lib/python3.10/site-packages/airflow/example_dags/example_python_operator.py for tasks to queue
[2024-05-11T16:36:48.664-0300] {logging_mixin.py:188} INFO - [2024-05-11T16:36:48.663-0300] {dagbag.py:545} INFO - Filling up the DagBag from /home/patricia/Documentos/airflow/airflow_venv/lib/python3.10/site-packages/airflow/example_dags/example_python_operator.py
[2024-05-11T16:36:48.693-0300] {processor.py:840} INFO - DAG(s) 'example_python_operator' retrieved from /home/patricia/Documentos/airflow/airflow_venv/lib/python3.10/site-packages/airflow/example_dags/example_python_operator.py
[2024-05-11T16:36:48.733-0300] {logging_mixin.py:188} INFO - [2024-05-11T16:36:48.733-0300] {dag.py:3096} INFO - Sync 1 DAGs
[2024-05-11T16:36:48.768-0300] {logging_mixin.py:188} INFO - [2024-05-11T16:36:48.767-0300] {dag.py:3954} INFO - Setting next_dagrun for example_python_operator to None, run_after=None
[2024-05-11T16:36:48.834-0300] {processor.py:183} INFO - Processing /home/patricia/Documentos/airflow/airflow_venv/lib/python3.10/site-packages/airflow/example_dags/example_python_operator.py took 0.227 seconds
