[2024-05-11T15:11:11.999-0300] {processor.py:161} INFO - Started process (PID=4483) to work on /home/patricia/Documentos/airflow/airflow_venv/lib/python3.10/site-packages/airflow/example_dags/example_task_group.py
[2024-05-11T15:11:12.001-0300] {processor.py:830} INFO - Processing file /home/patricia/Documentos/airflow/airflow_venv/lib/python3.10/site-packages/airflow/example_dags/example_task_group.py for tasks to queue
[2024-05-11T15:11:12.006-0300] {logging_mixin.py:188} INFO - [2024-05-11T15:11:12.006-0300] {dagbag.py:545} INFO - Filling up the DagBag from /home/patricia/Documentos/airflow/airflow_venv/lib/python3.10/site-packages/airflow/example_dags/example_task_group.py
[2024-05-11T15:11:12.028-0300] {processor.py:840} INFO - DAG(s) 'example_task_group' retrieved from /home/patricia/Documentos/airflow/airflow_venv/lib/python3.10/site-packages/airflow/example_dags/example_task_group.py
[2024-05-11T15:11:12.051-0300] {logging_mixin.py:188} INFO - [2024-05-11T15:11:12.051-0300] {dag.py:3096} INFO - Sync 1 DAGs
[2024-05-11T15:11:12.119-0300] {logging_mixin.py:188} INFO - [2024-05-11T15:11:12.119-0300] {dag.py:3954} INFO - Setting next_dagrun for example_task_group to 2024-05-10 00:00:00+00:00, run_after=2024-05-11 00:00:00+00:00
[2024-05-11T15:11:12.195-0300] {processor.py:183} INFO - Processing /home/patricia/Documentos/airflow/airflow_venv/lib/python3.10/site-packages/airflow/example_dags/example_task_group.py took 0.224 seconds
[2024-05-11T15:12:34.666-0300] {processor.py:161} INFO - Started process (PID=4669) to work on /home/patricia/Documentos/airflow/airflow_venv/lib/python3.10/site-packages/airflow/example_dags/example_task_group.py
[2024-05-11T15:12:34.669-0300] {processor.py:830} INFO - Processing file /home/patricia/Documentos/airflow/airflow_venv/lib/python3.10/site-packages/airflow/example_dags/example_task_group.py for tasks to queue
[2024-05-11T15:12:34.671-0300] {logging_mixin.py:188} INFO - [2024-05-11T15:12:34.670-0300] {dagbag.py:545} INFO - Filling up the DagBag from /home/patricia/Documentos/airflow/airflow_venv/lib/python3.10/site-packages/airflow/example_dags/example_task_group.py
[2024-05-11T15:12:34.680-0300] {processor.py:840} INFO - DAG(s) 'example_task_group' retrieved from /home/patricia/Documentos/airflow/airflow_venv/lib/python3.10/site-packages/airflow/example_dags/example_task_group.py
[2024-05-11T15:12:34.871-0300] {logging_mixin.py:188} INFO - [2024-05-11T15:12:34.871-0300] {dag.py:3096} INFO - Sync 1 DAGs
[2024-05-11T15:12:34.887-0300] {logging_mixin.py:188} INFO - [2024-05-11T15:12:34.887-0300] {dag.py:3954} INFO - Setting next_dagrun for example_task_group to 2024-05-10 00:00:00+00:00, run_after=2024-05-11 00:00:00+00:00
[2024-05-11T15:12:34.921-0300] {processor.py:183} INFO - Processing /home/patricia/Documentos/airflow/airflow_venv/lib/python3.10/site-packages/airflow/example_dags/example_task_group.py took 0.262 seconds
[2024-05-11T15:14:05.242-0300] {processor.py:161} INFO - Started process (PID=4809) to work on /home/patricia/Documentos/airflow/airflow_venv/lib/python3.10/site-packages/airflow/example_dags/example_task_group.py
[2024-05-11T15:14:05.245-0300] {processor.py:830} INFO - Processing file /home/patricia/Documentos/airflow/airflow_venv/lib/python3.10/site-packages/airflow/example_dags/example_task_group.py for tasks to queue
[2024-05-11T15:14:05.247-0300] {logging_mixin.py:188} INFO - [2024-05-11T15:14:05.247-0300] {dagbag.py:545} INFO - Filling up the DagBag from /home/patricia/Documentos/airflow/airflow_venv/lib/python3.10/site-packages/airflow/example_dags/example_task_group.py
[2024-05-11T15:14:05.256-0300] {processor.py:840} INFO - DAG(s) 'example_task_group' retrieved from /home/patricia/Documentos/airflow/airflow_venv/lib/python3.10/site-packages/airflow/example_dags/example_task_group.py
[2024-05-11T15:14:05.277-0300] {logging_mixin.py:188} INFO - [2024-05-11T15:14:05.277-0300] {dag.py:3096} INFO - Sync 1 DAGs
[2024-05-11T15:14:05.300-0300] {logging_mixin.py:188} INFO - [2024-05-11T15:14:05.300-0300] {dag.py:3954} INFO - Setting next_dagrun for example_task_group to 2024-05-10 00:00:00+00:00, run_after=2024-05-11 00:00:00+00:00
[2024-05-11T15:14:05.443-0300] {processor.py:183} INFO - Processing /home/patricia/Documentos/airflow/airflow_venv/lib/python3.10/site-packages/airflow/example_dags/example_task_group.py took 0.209 seconds
[2024-05-11T15:14:53.630-0300] {processor.py:161} INFO - Started process (PID=4929) to work on /home/patricia/Documentos/airflow/airflow_venv/lib/python3.10/site-packages/airflow/example_dags/example_task_group.py
[2024-05-11T15:14:53.633-0300] {processor.py:830} INFO - Processing file /home/patricia/Documentos/airflow/airflow_venv/lib/python3.10/site-packages/airflow/example_dags/example_task_group.py for tasks to queue
[2024-05-11T15:14:53.636-0300] {logging_mixin.py:188} INFO - [2024-05-11T15:14:53.635-0300] {dagbag.py:545} INFO - Filling up the DagBag from /home/patricia/Documentos/airflow/airflow_venv/lib/python3.10/site-packages/airflow/example_dags/example_task_group.py
[2024-05-11T15:14:53.644-0300] {processor.py:840} INFO - DAG(s) 'example_task_group' retrieved from /home/patricia/Documentos/airflow/airflow_venv/lib/python3.10/site-packages/airflow/example_dags/example_task_group.py
[2024-05-11T15:14:53.757-0300] {logging_mixin.py:188} INFO - [2024-05-11T15:14:53.757-0300] {dag.py:3096} INFO - Sync 1 DAGs
[2024-05-11T15:14:53.779-0300] {logging_mixin.py:188} INFO - [2024-05-11T15:14:53.779-0300] {dag.py:3954} INFO - Setting next_dagrun for example_task_group to 2024-05-10 00:00:00+00:00, run_after=2024-05-11 00:00:00+00:00
[2024-05-11T15:14:53.843-0300] {processor.py:183} INFO - Processing /home/patricia/Documentos/airflow/airflow_venv/lib/python3.10/site-packages/airflow/example_dags/example_task_group.py took 0.221 seconds
[2024-05-11T15:16:01.374-0300] {processor.py:161} INFO - Started process (PID=5078) to work on /home/patricia/Documentos/airflow/airflow_venv/lib/python3.10/site-packages/airflow/example_dags/example_task_group.py
[2024-05-11T15:16:01.377-0300] {processor.py:830} INFO - Processing file /home/patricia/Documentos/airflow/airflow_venv/lib/python3.10/site-packages/airflow/example_dags/example_task_group.py for tasks to queue
[2024-05-11T15:16:01.379-0300] {logging_mixin.py:188} INFO - [2024-05-11T15:16:01.379-0300] {dagbag.py:545} INFO - Filling up the DagBag from /home/patricia/Documentos/airflow/airflow_venv/lib/python3.10/site-packages/airflow/example_dags/example_task_group.py
[2024-05-11T15:16:01.388-0300] {processor.py:840} INFO - DAG(s) 'example_task_group' retrieved from /home/patricia/Documentos/airflow/airflow_venv/lib/python3.10/site-packages/airflow/example_dags/example_task_group.py
[2024-05-11T15:16:01.408-0300] {logging_mixin.py:188} INFO - [2024-05-11T15:16:01.408-0300] {dag.py:3096} INFO - Sync 1 DAGs
[2024-05-11T15:16:01.430-0300] {logging_mixin.py:188} INFO - [2024-05-11T15:16:01.430-0300] {dag.py:3954} INFO - Setting next_dagrun for example_task_group to 2024-05-10 00:00:00+00:00, run_after=2024-05-11 00:00:00+00:00
[2024-05-11T15:16:01.468-0300] {processor.py:183} INFO - Processing /home/patricia/Documentos/airflow/airflow_venv/lib/python3.10/site-packages/airflow/example_dags/example_task_group.py took 0.101 seconds
[2024-05-11T15:17:00.955-0300] {processor.py:161} INFO - Started process (PID=5196) to work on /home/patricia/Documentos/airflow/airflow_venv/lib/python3.10/site-packages/airflow/example_dags/example_task_group.py
[2024-05-11T15:17:00.963-0300] {processor.py:830} INFO - Processing file /home/patricia/Documentos/airflow/airflow_venv/lib/python3.10/site-packages/airflow/example_dags/example_task_group.py for tasks to queue
[2024-05-11T15:17:00.974-0300] {logging_mixin.py:188} INFO - [2024-05-11T15:17:00.972-0300] {dagbag.py:545} INFO - Filling up the DagBag from /home/patricia/Documentos/airflow/airflow_venv/lib/python3.10/site-packages/airflow/example_dags/example_task_group.py
[2024-05-11T15:17:00.995-0300] {processor.py:840} INFO - DAG(s) 'example_task_group' retrieved from /home/patricia/Documentos/airflow/airflow_venv/lib/python3.10/site-packages/airflow/example_dags/example_task_group.py
[2024-05-11T15:17:01.040-0300] {logging_mixin.py:188} INFO - [2024-05-11T15:17:01.040-0300] {dag.py:3096} INFO - Sync 1 DAGs
[2024-05-11T15:17:01.074-0300] {logging_mixin.py:188} INFO - [2024-05-11T15:17:01.074-0300] {dag.py:3954} INFO - Setting next_dagrun for example_task_group to 2024-05-10 00:00:00+00:00, run_after=2024-05-11 00:00:00+00:00
[2024-05-11T15:17:01.118-0300] {processor.py:183} INFO - Processing /home/patricia/Documentos/airflow/airflow_venv/lib/python3.10/site-packages/airflow/example_dags/example_task_group.py took 0.184 seconds
[2024-05-11T15:18:08.831-0300] {processor.py:161} INFO - Started process (PID=5361) to work on /home/patricia/Documentos/airflow/airflow_venv/lib/python3.10/site-packages/airflow/example_dags/example_task_group.py
[2024-05-11T15:18:08.842-0300] {processor.py:830} INFO - Processing file /home/patricia/Documentos/airflow/airflow_venv/lib/python3.10/site-packages/airflow/example_dags/example_task_group.py for tasks to queue
[2024-05-11T15:18:08.845-0300] {logging_mixin.py:188} INFO - [2024-05-11T15:18:08.843-0300] {dagbag.py:545} INFO - Filling up the DagBag from /home/patricia/Documentos/airflow/airflow_venv/lib/python3.10/site-packages/airflow/example_dags/example_task_group.py
[2024-05-11T15:18:08.855-0300] {processor.py:840} INFO - DAG(s) 'example_task_group' retrieved from /home/patricia/Documentos/airflow/airflow_venv/lib/python3.10/site-packages/airflow/example_dags/example_task_group.py
[2024-05-11T15:18:08.873-0300] {logging_mixin.py:188} INFO - [2024-05-11T15:18:08.873-0300] {dag.py:3096} INFO - Sync 1 DAGs
[2024-05-11T15:18:08.897-0300] {logging_mixin.py:188} INFO - [2024-05-11T15:18:08.897-0300] {dag.py:3954} INFO - Setting next_dagrun for example_task_group to 2024-05-10 00:00:00+00:00, run_after=2024-05-11 00:00:00+00:00
[2024-05-11T15:18:08.936-0300] {processor.py:183} INFO - Processing /home/patricia/Documentos/airflow/airflow_venv/lib/python3.10/site-packages/airflow/example_dags/example_task_group.py took 0.123 seconds
[2024-05-11T15:19:16.606-0300] {processor.py:161} INFO - Started process (PID=5964) to work on /home/patricia/Documentos/airflow/airflow_venv/lib/python3.10/site-packages/airflow/example_dags/example_task_group.py
[2024-05-11T15:19:16.610-0300] {processor.py:830} INFO - Processing file /home/patricia/Documentos/airflow/airflow_venv/lib/python3.10/site-packages/airflow/example_dags/example_task_group.py for tasks to queue
[2024-05-11T15:19:16.615-0300] {logging_mixin.py:188} INFO - [2024-05-11T15:19:16.614-0300] {dagbag.py:545} INFO - Filling up the DagBag from /home/patricia/Documentos/airflow/airflow_venv/lib/python3.10/site-packages/airflow/example_dags/example_task_group.py
[2024-05-11T15:19:16.634-0300] {processor.py:840} INFO - DAG(s) 'example_task_group' retrieved from /home/patricia/Documentos/airflow/airflow_venv/lib/python3.10/site-packages/airflow/example_dags/example_task_group.py
[2024-05-11T15:19:16.678-0300] {logging_mixin.py:188} INFO - [2024-05-11T15:19:16.678-0300] {dag.py:3096} INFO - Sync 1 DAGs
[2024-05-11T15:19:16.728-0300] {logging_mixin.py:188} INFO - [2024-05-11T15:19:16.727-0300] {dag.py:3954} INFO - Setting next_dagrun for example_task_group to 2024-05-10 00:00:00+00:00, run_after=2024-05-11 00:00:00+00:00
[2024-05-11T15:19:16.795-0300] {processor.py:183} INFO - Processing /home/patricia/Documentos/airflow/airflow_venv/lib/python3.10/site-packages/airflow/example_dags/example_task_group.py took 0.206 seconds
[2024-05-11T15:20:29.780-0300] {processor.py:161} INFO - Started process (PID=6111) to work on /home/patricia/Documentos/airflow/airflow_venv/lib/python3.10/site-packages/airflow/example_dags/example_task_group.py
[2024-05-11T15:20:29.924-0300] {processor.py:830} INFO - Processing file /home/patricia/Documentos/airflow/airflow_venv/lib/python3.10/site-packages/airflow/example_dags/example_task_group.py for tasks to queue
[2024-05-11T15:20:29.949-0300] {logging_mixin.py:188} INFO - [2024-05-11T15:20:29.948-0300] {dagbag.py:545} INFO - Filling up the DagBag from /home/patricia/Documentos/airflow/airflow_venv/lib/python3.10/site-packages/airflow/example_dags/example_task_group.py
[2024-05-11T15:20:29.961-0300] {processor.py:840} INFO - DAG(s) 'example_task_group' retrieved from /home/patricia/Documentos/airflow/airflow_venv/lib/python3.10/site-packages/airflow/example_dags/example_task_group.py
[2024-05-11T15:20:29.985-0300] {logging_mixin.py:188} INFO - [2024-05-11T15:20:29.984-0300] {dag.py:3096} INFO - Sync 1 DAGs
[2024-05-11T15:20:30.012-0300] {logging_mixin.py:188} INFO - [2024-05-11T15:20:30.011-0300] {dag.py:3954} INFO - Setting next_dagrun for example_task_group to 2024-05-10 00:00:00+00:00, run_after=2024-05-11 00:00:00+00:00
[2024-05-11T15:20:30.577-0300] {processor.py:183} INFO - Processing /home/patricia/Documentos/airflow/airflow_venv/lib/python3.10/site-packages/airflow/example_dags/example_task_group.py took 0.811 seconds
[2024-05-11T15:21:39.038-0300] {processor.py:161} INFO - Started process (PID=6217) to work on /home/patricia/Documentos/airflow/airflow_venv/lib/python3.10/site-packages/airflow/example_dags/example_task_group.py
[2024-05-11T15:21:39.041-0300] {processor.py:830} INFO - Processing file /home/patricia/Documentos/airflow/airflow_venv/lib/python3.10/site-packages/airflow/example_dags/example_task_group.py for tasks to queue
[2024-05-11T15:21:39.044-0300] {logging_mixin.py:188} INFO - [2024-05-11T15:21:39.043-0300] {dagbag.py:545} INFO - Filling up the DagBag from /home/patricia/Documentos/airflow/airflow_venv/lib/python3.10/site-packages/airflow/example_dags/example_task_group.py
[2024-05-11T15:21:39.057-0300] {processor.py:840} INFO - DAG(s) 'example_task_group' retrieved from /home/patricia/Documentos/airflow/airflow_venv/lib/python3.10/site-packages/airflow/example_dags/example_task_group.py
[2024-05-11T15:21:39.086-0300] {logging_mixin.py:188} INFO - [2024-05-11T15:21:39.085-0300] {dag.py:3096} INFO - Sync 1 DAGs
[2024-05-11T15:21:39.122-0300] {logging_mixin.py:188} INFO - [2024-05-11T15:21:39.122-0300] {dag.py:3954} INFO - Setting next_dagrun for example_task_group to 2024-05-10 00:00:00+00:00, run_after=2024-05-11 00:00:00+00:00
[2024-05-11T15:21:39.171-0300] {processor.py:183} INFO - Processing /home/patricia/Documentos/airflow/airflow_venv/lib/python3.10/site-packages/airflow/example_dags/example_task_group.py took 0.143 seconds
[2024-05-11T15:22:28.619-0300] {processor.py:161} INFO - Started process (PID=6319) to work on /home/patricia/Documentos/airflow/airflow_venv/lib/python3.10/site-packages/airflow/example_dags/example_task_group.py
[2024-05-11T15:22:28.621-0300] {processor.py:830} INFO - Processing file /home/patricia/Documentos/airflow/airflow_venv/lib/python3.10/site-packages/airflow/example_dags/example_task_group.py for tasks to queue
[2024-05-11T15:22:28.623-0300] {logging_mixin.py:188} INFO - [2024-05-11T15:22:28.623-0300] {dagbag.py:545} INFO - Filling up the DagBag from /home/patricia/Documentos/airflow/airflow_venv/lib/python3.10/site-packages/airflow/example_dags/example_task_group.py
[2024-05-11T15:22:28.647-0300] {processor.py:840} INFO - DAG(s) 'example_task_group' retrieved from /home/patricia/Documentos/airflow/airflow_venv/lib/python3.10/site-packages/airflow/example_dags/example_task_group.py
[2024-05-11T15:22:28.668-0300] {logging_mixin.py:188} INFO - [2024-05-11T15:22:28.668-0300] {dag.py:3096} INFO - Sync 1 DAGs
[2024-05-11T15:22:28.688-0300] {logging_mixin.py:188} INFO - [2024-05-11T15:22:28.687-0300] {dag.py:3954} INFO - Setting next_dagrun for example_task_group to 2024-05-10 00:00:00+00:00, run_after=2024-05-11 00:00:00+00:00
[2024-05-11T15:22:28.721-0300] {processor.py:183} INFO - Processing /home/patricia/Documentos/airflow/airflow_venv/lib/python3.10/site-packages/airflow/example_dags/example_task_group.py took 0.110 seconds
[2024-05-11T15:23:30.522-0300] {processor.py:161} INFO - Started process (PID=6456) to work on /home/patricia/Documentos/airflow/airflow_venv/lib/python3.10/site-packages/airflow/example_dags/example_task_group.py
[2024-05-11T15:23:30.524-0300] {processor.py:830} INFO - Processing file /home/patricia/Documentos/airflow/airflow_venv/lib/python3.10/site-packages/airflow/example_dags/example_task_group.py for tasks to queue
[2024-05-11T15:23:30.528-0300] {logging_mixin.py:188} INFO - [2024-05-11T15:23:30.527-0300] {dagbag.py:545} INFO - Filling up the DagBag from /home/patricia/Documentos/airflow/airflow_venv/lib/python3.10/site-packages/airflow/example_dags/example_task_group.py
[2024-05-11T15:23:30.537-0300] {processor.py:840} INFO - DAG(s) 'example_task_group' retrieved from /home/patricia/Documentos/airflow/airflow_venv/lib/python3.10/site-packages/airflow/example_dags/example_task_group.py
[2024-05-11T15:23:30.560-0300] {logging_mixin.py:188} INFO - [2024-05-11T15:23:30.560-0300] {dag.py:3096} INFO - Sync 1 DAGs
[2024-05-11T15:23:30.581-0300] {logging_mixin.py:188} INFO - [2024-05-11T15:23:30.581-0300] {dag.py:3954} INFO - Setting next_dagrun for example_task_group to 2024-05-10 00:00:00+00:00, run_after=2024-05-11 00:00:00+00:00
[2024-05-11T15:23:30.617-0300] {processor.py:183} INFO - Processing /home/patricia/Documentos/airflow/airflow_venv/lib/python3.10/site-packages/airflow/example_dags/example_task_group.py took 0.103 seconds
[2024-05-11T15:24:32.181-0300] {processor.py:161} INFO - Started process (PID=6568) to work on /home/patricia/Documentos/airflow/airflow_venv/lib/python3.10/site-packages/airflow/example_dags/example_task_group.py
[2024-05-11T15:24:32.184-0300] {processor.py:830} INFO - Processing file /home/patricia/Documentos/airflow/airflow_venv/lib/python3.10/site-packages/airflow/example_dags/example_task_group.py for tasks to queue
[2024-05-11T15:24:32.187-0300] {logging_mixin.py:188} INFO - [2024-05-11T15:24:32.186-0300] {dagbag.py:545} INFO - Filling up the DagBag from /home/patricia/Documentos/airflow/airflow_venv/lib/python3.10/site-packages/airflow/example_dags/example_task_group.py
[2024-05-11T15:24:32.196-0300] {processor.py:840} INFO - DAG(s) 'example_task_group' retrieved from /home/patricia/Documentos/airflow/airflow_venv/lib/python3.10/site-packages/airflow/example_dags/example_task_group.py
[2024-05-11T15:24:32.219-0300] {logging_mixin.py:188} INFO - [2024-05-11T15:24:32.219-0300] {dag.py:3096} INFO - Sync 1 DAGs
[2024-05-11T15:24:32.248-0300] {logging_mixin.py:188} INFO - [2024-05-11T15:24:32.248-0300] {dag.py:3954} INFO - Setting next_dagrun for example_task_group to 2024-05-10 00:00:00+00:00, run_after=2024-05-11 00:00:00+00:00
[2024-05-11T15:24:32.295-0300] {processor.py:183} INFO - Processing /home/patricia/Documentos/airflow/airflow_venv/lib/python3.10/site-packages/airflow/example_dags/example_task_group.py took 0.122 seconds
[2024-05-11T15:26:17.413-0300] {processor.py:161} INFO - Started process (PID=7483) to work on /home/patricia/Documentos/airflow/airflow_venv/lib/python3.10/site-packages/airflow/example_dags/example_task_group.py
[2024-05-11T15:26:17.444-0300] {processor.py:830} INFO - Processing file /home/patricia/Documentos/airflow/airflow_venv/lib/python3.10/site-packages/airflow/example_dags/example_task_group.py for tasks to queue
[2024-05-11T15:26:17.449-0300] {logging_mixin.py:188} INFO - [2024-05-11T15:26:17.447-0300] {dagbag.py:545} INFO - Filling up the DagBag from /home/patricia/Documentos/airflow/airflow_venv/lib/python3.10/site-packages/airflow/example_dags/example_task_group.py
[2024-05-11T15:26:17.498-0300] {processor.py:840} INFO - DAG(s) 'example_task_group' retrieved from /home/patricia/Documentos/airflow/airflow_venv/lib/python3.10/site-packages/airflow/example_dags/example_task_group.py
[2024-05-11T15:26:17.515-0300] {logging_mixin.py:188} INFO - [2024-05-11T15:26:17.514-0300] {dag.py:3096} INFO - Sync 1 DAGs
[2024-05-11T15:26:17.571-0300] {logging_mixin.py:188} INFO - [2024-05-11T15:26:17.571-0300] {dag.py:3954} INFO - Setting next_dagrun for example_task_group to 2024-05-10 00:00:00+00:00, run_after=2024-05-11 00:00:00+00:00
[2024-05-11T15:26:17.623-0300] {processor.py:183} INFO - Processing /home/patricia/Documentos/airflow/airflow_venv/lib/python3.10/site-packages/airflow/example_dags/example_task_group.py took 0.276 seconds
[2024-05-11T15:27:38.011-0300] {processor.py:161} INFO - Started process (PID=7664) to work on /home/patricia/Documentos/airflow/airflow_venv/lib/python3.10/site-packages/airflow/example_dags/example_task_group.py
[2024-05-11T15:27:38.014-0300] {processor.py:830} INFO - Processing file /home/patricia/Documentos/airflow/airflow_venv/lib/python3.10/site-packages/airflow/example_dags/example_task_group.py for tasks to queue
[2024-05-11T15:27:38.041-0300] {logging_mixin.py:188} INFO - [2024-05-11T15:27:38.040-0300] {dagbag.py:545} INFO - Filling up the DagBag from /home/patricia/Documentos/airflow/airflow_venv/lib/python3.10/site-packages/airflow/example_dags/example_task_group.py
[2024-05-11T15:27:38.066-0300] {processor.py:840} INFO - DAG(s) 'example_task_group' retrieved from /home/patricia/Documentos/airflow/airflow_venv/lib/python3.10/site-packages/airflow/example_dags/example_task_group.py
[2024-05-11T15:27:38.423-0300] {logging_mixin.py:188} INFO - [2024-05-11T15:27:38.422-0300] {dag.py:3096} INFO - Sync 1 DAGs
[2024-05-11T15:27:38.442-0300] {logging_mixin.py:188} INFO - [2024-05-11T15:27:38.442-0300] {dag.py:3954} INFO - Setting next_dagrun for example_task_group to 2024-05-10 00:00:00+00:00, run_after=2024-05-11 00:00:00+00:00
[2024-05-11T15:27:38.491-0300] {processor.py:183} INFO - Processing /home/patricia/Documentos/airflow/airflow_venv/lib/python3.10/site-packages/airflow/example_dags/example_task_group.py took 0.490 seconds
[2024-05-11T15:28:54.975-0300] {processor.py:161} INFO - Started process (PID=7814) to work on /home/patricia/Documentos/airflow/airflow_venv/lib/python3.10/site-packages/airflow/example_dags/example_task_group.py
[2024-05-11T15:28:54.991-0300] {processor.py:830} INFO - Processing file /home/patricia/Documentos/airflow/airflow_venv/lib/python3.10/site-packages/airflow/example_dags/example_task_group.py for tasks to queue
[2024-05-11T15:28:54.994-0300] {logging_mixin.py:188} INFO - [2024-05-11T15:28:54.994-0300] {dagbag.py:545} INFO - Filling up the DagBag from /home/patricia/Documentos/airflow/airflow_venv/lib/python3.10/site-packages/airflow/example_dags/example_task_group.py
[2024-05-11T15:28:55.016-0300] {processor.py:840} INFO - DAG(s) 'example_task_group' retrieved from /home/patricia/Documentos/airflow/airflow_venv/lib/python3.10/site-packages/airflow/example_dags/example_task_group.py
[2024-05-11T15:28:55.045-0300] {logging_mixin.py:188} INFO - [2024-05-11T15:28:55.045-0300] {dag.py:3096} INFO - Sync 1 DAGs
[2024-05-11T15:28:55.275-0300] {logging_mixin.py:188} INFO - [2024-05-11T15:28:55.275-0300] {dag.py:3954} INFO - Setting next_dagrun for example_task_group to 2024-05-10 00:00:00+00:00, run_after=2024-05-11 00:00:00+00:00
[2024-05-11T15:28:55.359-0300] {processor.py:183} INFO - Processing /home/patricia/Documentos/airflow/airflow_venv/lib/python3.10/site-packages/airflow/example_dags/example_task_group.py took 0.403 seconds
[2024-05-11T15:30:29.220-0300] {processor.py:161} INFO - Started process (PID=8010) to work on /home/patricia/Documentos/airflow/airflow_venv/lib/python3.10/site-packages/airflow/example_dags/example_task_group.py
[2024-05-11T15:30:29.223-0300] {processor.py:830} INFO - Processing file /home/patricia/Documentos/airflow/airflow_venv/lib/python3.10/site-packages/airflow/example_dags/example_task_group.py for tasks to queue
[2024-05-11T15:30:29.226-0300] {logging_mixin.py:188} INFO - [2024-05-11T15:30:29.225-0300] {dagbag.py:545} INFO - Filling up the DagBag from /home/patricia/Documentos/airflow/airflow_venv/lib/python3.10/site-packages/airflow/example_dags/example_task_group.py
[2024-05-11T15:30:29.236-0300] {processor.py:840} INFO - DAG(s) 'example_task_group' retrieved from /home/patricia/Documentos/airflow/airflow_venv/lib/python3.10/site-packages/airflow/example_dags/example_task_group.py
[2024-05-11T15:30:29.272-0300] {logging_mixin.py:188} INFO - [2024-05-11T15:30:29.271-0300] {dag.py:3096} INFO - Sync 1 DAGs
[2024-05-11T15:30:29.320-0300] {logging_mixin.py:188} INFO - [2024-05-11T15:30:29.320-0300] {dag.py:3954} INFO - Setting next_dagrun for example_task_group to 2024-05-10 00:00:00+00:00, run_after=2024-05-11 00:00:00+00:00
[2024-05-11T15:30:29.385-0300] {processor.py:183} INFO - Processing /home/patricia/Documentos/airflow/airflow_venv/lib/python3.10/site-packages/airflow/example_dags/example_task_group.py took 0.189 seconds
[2024-05-11T15:31:34.685-0300] {processor.py:161} INFO - Started process (PID=8193) to work on /home/patricia/Documentos/airflow/airflow_venv/lib/python3.10/site-packages/airflow/example_dags/example_task_group.py
[2024-05-11T15:31:34.689-0300] {processor.py:830} INFO - Processing file /home/patricia/Documentos/airflow/airflow_venv/lib/python3.10/site-packages/airflow/example_dags/example_task_group.py for tasks to queue
[2024-05-11T15:31:34.693-0300] {logging_mixin.py:188} INFO - [2024-05-11T15:31:34.692-0300] {dagbag.py:545} INFO - Filling up the DagBag from /home/patricia/Documentos/airflow/airflow_venv/lib/python3.10/site-packages/airflow/example_dags/example_task_group.py
[2024-05-11T15:31:34.705-0300] {processor.py:840} INFO - DAG(s) 'example_task_group' retrieved from /home/patricia/Documentos/airflow/airflow_venv/lib/python3.10/site-packages/airflow/example_dags/example_task_group.py
[2024-05-11T15:31:34.739-0300] {logging_mixin.py:188} INFO - [2024-05-11T15:31:34.738-0300] {dag.py:3096} INFO - Sync 1 DAGs
[2024-05-11T15:31:34.791-0300] {logging_mixin.py:188} INFO - [2024-05-11T15:31:34.790-0300] {dag.py:3954} INFO - Setting next_dagrun for example_task_group to 2024-05-10 00:00:00+00:00, run_after=2024-05-11 00:00:00+00:00
[2024-05-11T15:31:34.848-0300] {processor.py:183} INFO - Processing /home/patricia/Documentos/airflow/airflow_venv/lib/python3.10/site-packages/airflow/example_dags/example_task_group.py took 0.174 seconds
[2024-05-11T15:32:37.924-0300] {processor.py:161} INFO - Started process (PID=8484) to work on /home/patricia/Documentos/airflow/airflow_venv/lib/python3.10/site-packages/airflow/example_dags/example_task_group.py
[2024-05-11T15:32:37.927-0300] {processor.py:830} INFO - Processing file /home/patricia/Documentos/airflow/airflow_venv/lib/python3.10/site-packages/airflow/example_dags/example_task_group.py for tasks to queue
[2024-05-11T15:32:37.930-0300] {logging_mixin.py:188} INFO - [2024-05-11T15:32:37.929-0300] {dagbag.py:545} INFO - Filling up the DagBag from /home/patricia/Documentos/airflow/airflow_venv/lib/python3.10/site-packages/airflow/example_dags/example_task_group.py
[2024-05-11T15:32:37.938-0300] {processor.py:840} INFO - DAG(s) 'example_task_group' retrieved from /home/patricia/Documentos/airflow/airflow_venv/lib/python3.10/site-packages/airflow/example_dags/example_task_group.py
[2024-05-11T15:32:37.956-0300] {logging_mixin.py:188} INFO - [2024-05-11T15:32:37.956-0300] {dag.py:3096} INFO - Sync 1 DAGs
[2024-05-11T15:32:37.976-0300] {logging_mixin.py:188} INFO - [2024-05-11T15:32:37.975-0300] {dag.py:3954} INFO - Setting next_dagrun for example_task_group to 2024-05-10 00:00:00+00:00, run_after=2024-05-11 00:00:00+00:00
[2024-05-11T15:32:38.012-0300] {processor.py:183} INFO - Processing /home/patricia/Documentos/airflow/airflow_venv/lib/python3.10/site-packages/airflow/example_dags/example_task_group.py took 0.096 seconds
[2024-05-11T15:33:48.065-0300] {processor.py:161} INFO - Started process (PID=8972) to work on /home/patricia/Documentos/airflow/airflow_venv/lib/python3.10/site-packages/airflow/example_dags/example_task_group.py
[2024-05-11T15:33:48.068-0300] {processor.py:830} INFO - Processing file /home/patricia/Documentos/airflow/airflow_venv/lib/python3.10/site-packages/airflow/example_dags/example_task_group.py for tasks to queue
[2024-05-11T15:33:48.071-0300] {logging_mixin.py:188} INFO - [2024-05-11T15:33:48.070-0300] {dagbag.py:545} INFO - Filling up the DagBag from /home/patricia/Documentos/airflow/airflow_venv/lib/python3.10/site-packages/airflow/example_dags/example_task_group.py
[2024-05-11T15:33:48.087-0300] {processor.py:840} INFO - DAG(s) 'example_task_group' retrieved from /home/patricia/Documentos/airflow/airflow_venv/lib/python3.10/site-packages/airflow/example_dags/example_task_group.py
[2024-05-11T15:33:48.138-0300] {logging_mixin.py:188} INFO - [2024-05-11T15:33:48.138-0300] {dag.py:3096} INFO - Sync 1 DAGs
[2024-05-11T15:33:48.182-0300] {logging_mixin.py:188} INFO - [2024-05-11T15:33:48.182-0300] {dag.py:3954} INFO - Setting next_dagrun for example_task_group to 2024-05-10 00:00:00+00:00, run_after=2024-05-11 00:00:00+00:00
[2024-05-11T15:33:48.276-0300] {processor.py:183} INFO - Processing /home/patricia/Documentos/airflow/airflow_venv/lib/python3.10/site-packages/airflow/example_dags/example_task_group.py took 0.230 seconds
[2024-05-11T15:34:37.336-0300] {processor.py:161} INFO - Started process (PID=9337) to work on /home/patricia/Documentos/airflow/airflow_venv/lib/python3.10/site-packages/airflow/example_dags/example_task_group.py
[2024-05-11T15:34:37.339-0300] {processor.py:830} INFO - Processing file /home/patricia/Documentos/airflow/airflow_venv/lib/python3.10/site-packages/airflow/example_dags/example_task_group.py for tasks to queue
[2024-05-11T15:34:37.343-0300] {logging_mixin.py:188} INFO - [2024-05-11T15:34:37.342-0300] {dagbag.py:545} INFO - Filling up the DagBag from /home/patricia/Documentos/airflow/airflow_venv/lib/python3.10/site-packages/airflow/example_dags/example_task_group.py
[2024-05-11T15:34:37.351-0300] {processor.py:840} INFO - DAG(s) 'example_task_group' retrieved from /home/patricia/Documentos/airflow/airflow_venv/lib/python3.10/site-packages/airflow/example_dags/example_task_group.py
[2024-05-11T15:34:37.370-0300] {logging_mixin.py:188} INFO - [2024-05-11T15:34:37.369-0300] {dag.py:3096} INFO - Sync 1 DAGs
[2024-05-11T15:34:37.391-0300] {logging_mixin.py:188} INFO - [2024-05-11T15:34:37.391-0300] {dag.py:3954} INFO - Setting next_dagrun for example_task_group to 2024-05-10 00:00:00+00:00, run_after=2024-05-11 00:00:00+00:00
[2024-05-11T15:34:37.427-0300] {processor.py:183} INFO - Processing /home/patricia/Documentos/airflow/airflow_venv/lib/python3.10/site-packages/airflow/example_dags/example_task_group.py took 0.098 seconds
[2024-05-11T15:35:50.894-0300] {processor.py:161} INFO - Started process (PID=9535) to work on /home/patricia/Documentos/airflow/airflow_venv/lib/python3.10/site-packages/airflow/example_dags/example_task_group.py
[2024-05-11T15:35:50.898-0300] {processor.py:830} INFO - Processing file /home/patricia/Documentos/airflow/airflow_venv/lib/python3.10/site-packages/airflow/example_dags/example_task_group.py for tasks to queue
[2024-05-11T15:35:50.903-0300] {logging_mixin.py:188} INFO - [2024-05-11T15:35:50.901-0300] {dagbag.py:545} INFO - Filling up the DagBag from /home/patricia/Documentos/airflow/airflow_venv/lib/python3.10/site-packages/airflow/example_dags/example_task_group.py
[2024-05-11T15:35:50.929-0300] {processor.py:840} INFO - DAG(s) 'example_task_group' retrieved from /home/patricia/Documentos/airflow/airflow_venv/lib/python3.10/site-packages/airflow/example_dags/example_task_group.py
[2024-05-11T15:35:50.959-0300] {logging_mixin.py:188} INFO - [2024-05-11T15:35:50.958-0300] {dag.py:3096} INFO - Sync 1 DAGs
[2024-05-11T15:35:50.991-0300] {logging_mixin.py:188} INFO - [2024-05-11T15:35:50.991-0300] {dag.py:3954} INFO - Setting next_dagrun for example_task_group to 2024-05-10 00:00:00+00:00, run_after=2024-05-11 00:00:00+00:00
[2024-05-11T15:35:51.045-0300] {processor.py:183} INFO - Processing /home/patricia/Documentos/airflow/airflow_venv/lib/python3.10/site-packages/airflow/example_dags/example_task_group.py took 0.158 seconds
[2024-05-11T15:37:14.146-0300] {processor.py:161} INFO - Started process (PID=9814) to work on /home/patricia/Documentos/airflow/airflow_venv/lib/python3.10/site-packages/airflow/example_dags/example_task_group.py
[2024-05-11T15:37:14.149-0300] {processor.py:830} INFO - Processing file /home/patricia/Documentos/airflow/airflow_venv/lib/python3.10/site-packages/airflow/example_dags/example_task_group.py for tasks to queue
[2024-05-11T15:37:14.153-0300] {logging_mixin.py:188} INFO - [2024-05-11T15:37:14.153-0300] {dagbag.py:545} INFO - Filling up the DagBag from /home/patricia/Documentos/airflow/airflow_venv/lib/python3.10/site-packages/airflow/example_dags/example_task_group.py
[2024-05-11T15:37:14.187-0300] {processor.py:840} INFO - DAG(s) 'example_task_group' retrieved from /home/patricia/Documentos/airflow/airflow_venv/lib/python3.10/site-packages/airflow/example_dags/example_task_group.py
[2024-05-11T15:37:14.218-0300] {logging_mixin.py:188} INFO - [2024-05-11T15:37:14.217-0300] {dag.py:3096} INFO - Sync 1 DAGs
[2024-05-11T15:37:14.241-0300] {logging_mixin.py:188} INFO - [2024-05-11T15:37:14.241-0300] {dag.py:3954} INFO - Setting next_dagrun for example_task_group to 2024-05-10 00:00:00+00:00, run_after=2024-05-11 00:00:00+00:00
[2024-05-11T15:37:14.297-0300] {processor.py:183} INFO - Processing /home/patricia/Documentos/airflow/airflow_venv/lib/python3.10/site-packages/airflow/example_dags/example_task_group.py took 0.163 seconds
[2024-05-11T15:38:36.566-0300] {processor.py:161} INFO - Started process (PID=9951) to work on /home/patricia/Documentos/airflow/airflow_venv/lib/python3.10/site-packages/airflow/example_dags/example_task_group.py
[2024-05-11T15:38:36.569-0300] {processor.py:830} INFO - Processing file /home/patricia/Documentos/airflow/airflow_venv/lib/python3.10/site-packages/airflow/example_dags/example_task_group.py for tasks to queue
[2024-05-11T15:38:36.571-0300] {logging_mixin.py:188} INFO - [2024-05-11T15:38:36.571-0300] {dagbag.py:545} INFO - Filling up the DagBag from /home/patricia/Documentos/airflow/airflow_venv/lib/python3.10/site-packages/airflow/example_dags/example_task_group.py
[2024-05-11T15:38:36.581-0300] {processor.py:840} INFO - DAG(s) 'example_task_group' retrieved from /home/patricia/Documentos/airflow/airflow_venv/lib/python3.10/site-packages/airflow/example_dags/example_task_group.py
[2024-05-11T15:38:36.616-0300] {logging_mixin.py:188} INFO - [2024-05-11T15:38:36.616-0300] {dag.py:3096} INFO - Sync 1 DAGs
[2024-05-11T15:38:36.661-0300] {logging_mixin.py:188} INFO - [2024-05-11T15:38:36.661-0300] {dag.py:3954} INFO - Setting next_dagrun for example_task_group to 2024-05-10 00:00:00+00:00, run_after=2024-05-11 00:00:00+00:00
[2024-05-11T15:38:36.696-0300] {processor.py:183} INFO - Processing /home/patricia/Documentos/airflow/airflow_venv/lib/python3.10/site-packages/airflow/example_dags/example_task_group.py took 0.139 seconds
[2024-05-11T15:39:37.022-0300] {processor.py:161} INFO - Started process (PID=10063) to work on /home/patricia/Documentos/airflow/airflow_venv/lib/python3.10/site-packages/airflow/example_dags/example_task_group.py
[2024-05-11T15:39:37.030-0300] {processor.py:830} INFO - Processing file /home/patricia/Documentos/airflow/airflow_venv/lib/python3.10/site-packages/airflow/example_dags/example_task_group.py for tasks to queue
[2024-05-11T15:39:37.034-0300] {logging_mixin.py:188} INFO - [2024-05-11T15:39:37.033-0300] {dagbag.py:545} INFO - Filling up the DagBag from /home/patricia/Documentos/airflow/airflow_venv/lib/python3.10/site-packages/airflow/example_dags/example_task_group.py
[2024-05-11T15:39:37.048-0300] {processor.py:840} INFO - DAG(s) 'example_task_group' retrieved from /home/patricia/Documentos/airflow/airflow_venv/lib/python3.10/site-packages/airflow/example_dags/example_task_group.py
[2024-05-11T15:39:37.073-0300] {logging_mixin.py:188} INFO - [2024-05-11T15:39:37.073-0300] {dag.py:3096} INFO - Sync 1 DAGs
[2024-05-11T15:39:37.104-0300] {logging_mixin.py:188} INFO - [2024-05-11T15:39:37.104-0300] {dag.py:3954} INFO - Setting next_dagrun for example_task_group to 2024-05-10 00:00:00+00:00, run_after=2024-05-11 00:00:00+00:00
[2024-05-11T15:39:37.196-0300] {processor.py:183} INFO - Processing /home/patricia/Documentos/airflow/airflow_venv/lib/python3.10/site-packages/airflow/example_dags/example_task_group.py took 0.183 seconds
[2024-05-11T15:40:54.056-0300] {processor.py:161} INFO - Started process (PID=10609) to work on /home/patricia/Documentos/airflow/airflow_venv/lib/python3.10/site-packages/airflow/example_dags/example_task_group.py
[2024-05-11T15:40:54.076-0300] {processor.py:830} INFO - Processing file /home/patricia/Documentos/airflow/airflow_venv/lib/python3.10/site-packages/airflow/example_dags/example_task_group.py for tasks to queue
[2024-05-11T15:40:54.099-0300] {logging_mixin.py:188} INFO - [2024-05-11T15:40:54.091-0300] {dagbag.py:545} INFO - Filling up the DagBag from /home/patricia/Documentos/airflow/airflow_venv/lib/python3.10/site-packages/airflow/example_dags/example_task_group.py
[2024-05-11T15:40:54.119-0300] {processor.py:840} INFO - DAG(s) 'example_task_group' retrieved from /home/patricia/Documentos/airflow/airflow_venv/lib/python3.10/site-packages/airflow/example_dags/example_task_group.py
[2024-05-11T15:40:54.141-0300] {logging_mixin.py:188} INFO - [2024-05-11T15:40:54.141-0300] {dag.py:3096} INFO - Sync 1 DAGs
[2024-05-11T15:40:54.172-0300] {logging_mixin.py:188} INFO - [2024-05-11T15:40:54.171-0300] {dag.py:3954} INFO - Setting next_dagrun for example_task_group to 2024-05-10 00:00:00+00:00, run_after=2024-05-11 00:00:00+00:00
[2024-05-11T15:40:54.226-0300] {processor.py:183} INFO - Processing /home/patricia/Documentos/airflow/airflow_venv/lib/python3.10/site-packages/airflow/example_dags/example_task_group.py took 0.191 seconds
[2024-05-11T16:28:08.104-0300] {processor.py:161} INFO - Started process (PID=10966) to work on /home/patricia/Documentos/airflow/airflow_venv/lib/python3.10/site-packages/airflow/example_dags/example_task_group.py
[2024-05-11T16:28:08.118-0300] {processor.py:830} INFO - Processing file /home/patricia/Documentos/airflow/airflow_venv/lib/python3.10/site-packages/airflow/example_dags/example_task_group.py for tasks to queue
[2024-05-11T16:28:08.124-0300] {logging_mixin.py:188} INFO - [2024-05-11T16:28:08.122-0300] {dagbag.py:545} INFO - Filling up the DagBag from /home/patricia/Documentos/airflow/airflow_venv/lib/python3.10/site-packages/airflow/example_dags/example_task_group.py
[2024-05-11T16:28:08.153-0300] {processor.py:840} INFO - DAG(s) 'example_task_group' retrieved from /home/patricia/Documentos/airflow/airflow_venv/lib/python3.10/site-packages/airflow/example_dags/example_task_group.py
[2024-05-11T16:28:08.482-0300] {logging_mixin.py:188} INFO - [2024-05-11T16:28:08.481-0300] {dag.py:3096} INFO - Sync 1 DAGs
[2024-05-11T16:28:08.538-0300] {logging_mixin.py:188} INFO - [2024-05-11T16:28:08.538-0300] {dag.py:3954} INFO - Setting next_dagrun for example_task_group to 2024-05-10 00:00:00+00:00, run_after=2024-05-11 00:00:00+00:00
[2024-05-11T16:28:08.627-0300] {processor.py:183} INFO - Processing /home/patricia/Documentos/airflow/airflow_venv/lib/python3.10/site-packages/airflow/example_dags/example_task_group.py took 0.546 seconds
[2024-05-11T16:30:23.590-0300] {processor.py:161} INFO - Started process (PID=11236) to work on /home/patricia/Documentos/airflow/airflow_venv/lib/python3.10/site-packages/airflow/example_dags/example_task_group.py
[2024-05-11T16:30:23.594-0300] {processor.py:830} INFO - Processing file /home/patricia/Documentos/airflow/airflow_venv/lib/python3.10/site-packages/airflow/example_dags/example_task_group.py for tasks to queue
[2024-05-11T16:30:23.600-0300] {logging_mixin.py:188} INFO - [2024-05-11T16:30:23.599-0300] {dagbag.py:545} INFO - Filling up the DagBag from /home/patricia/Documentos/airflow/airflow_venv/lib/python3.10/site-packages/airflow/example_dags/example_task_group.py
[2024-05-11T16:30:23.618-0300] {processor.py:840} INFO - DAG(s) 'example_task_group' retrieved from /home/patricia/Documentos/airflow/airflow_venv/lib/python3.10/site-packages/airflow/example_dags/example_task_group.py
[2024-05-11T16:30:23.665-0300] {logging_mixin.py:188} INFO - [2024-05-11T16:30:23.664-0300] {dag.py:3096} INFO - Sync 1 DAGs
[2024-05-11T16:30:23.767-0300] {logging_mixin.py:188} INFO - [2024-05-11T16:30:23.767-0300] {dag.py:3954} INFO - Setting next_dagrun for example_task_group to 2024-05-10 00:00:00+00:00, run_after=2024-05-11 00:00:00+00:00
[2024-05-11T16:30:23.882-0300] {processor.py:183} INFO - Processing /home/patricia/Documentos/airflow/airflow_venv/lib/python3.10/site-packages/airflow/example_dags/example_task_group.py took 0.308 seconds
[2024-05-11T16:31:43.986-0300] {processor.py:161} INFO - Started process (PID=11384) to work on /home/patricia/Documentos/airflow/airflow_venv/lib/python3.10/site-packages/airflow/example_dags/example_task_group.py
[2024-05-11T16:31:44.056-0300] {processor.py:830} INFO - Processing file /home/patricia/Documentos/airflow/airflow_venv/lib/python3.10/site-packages/airflow/example_dags/example_task_group.py for tasks to queue
[2024-05-11T16:31:44.060-0300] {logging_mixin.py:188} INFO - [2024-05-11T16:31:44.059-0300] {dagbag.py:545} INFO - Filling up the DagBag from /home/patricia/Documentos/airflow/airflow_venv/lib/python3.10/site-packages/airflow/example_dags/example_task_group.py
[2024-05-11T16:31:44.155-0300] {processor.py:840} INFO - DAG(s) 'example_task_group' retrieved from /home/patricia/Documentos/airflow/airflow_venv/lib/python3.10/site-packages/airflow/example_dags/example_task_group.py
[2024-05-11T16:31:44.330-0300] {logging_mixin.py:188} INFO - [2024-05-11T16:31:44.329-0300] {dag.py:3096} INFO - Sync 1 DAGs
[2024-05-11T16:31:44.853-0300] {logging_mixin.py:188} INFO - [2024-05-11T16:31:44.853-0300] {dag.py:3954} INFO - Setting next_dagrun for example_task_group to 2024-05-10 00:00:00+00:00, run_after=2024-05-11 00:00:00+00:00
[2024-05-11T16:31:44.915-0300] {processor.py:183} INFO - Processing /home/patricia/Documentos/airflow/airflow_venv/lib/python3.10/site-packages/airflow/example_dags/example_task_group.py took 0.959 seconds
[2024-05-11T16:32:47.104-0300] {processor.py:161} INFO - Started process (PID=11494) to work on /home/patricia/Documentos/airflow/airflow_venv/lib/python3.10/site-packages/airflow/example_dags/example_task_group.py
[2024-05-11T16:32:47.114-0300] {processor.py:830} INFO - Processing file /home/patricia/Documentos/airflow/airflow_venv/lib/python3.10/site-packages/airflow/example_dags/example_task_group.py for tasks to queue
[2024-05-11T16:32:47.122-0300] {logging_mixin.py:188} INFO - [2024-05-11T16:32:47.120-0300] {dagbag.py:545} INFO - Filling up the DagBag from /home/patricia/Documentos/airflow/airflow_venv/lib/python3.10/site-packages/airflow/example_dags/example_task_group.py
[2024-05-11T16:32:47.381-0300] {processor.py:840} INFO - DAG(s) 'example_task_group' retrieved from /home/patricia/Documentos/airflow/airflow_venv/lib/python3.10/site-packages/airflow/example_dags/example_task_group.py
[2024-05-11T16:32:47.410-0300] {logging_mixin.py:188} INFO - [2024-05-11T16:32:47.410-0300] {dag.py:3096} INFO - Sync 1 DAGs
[2024-05-11T16:32:47.446-0300] {logging_mixin.py:188} INFO - [2024-05-11T16:32:47.445-0300] {dag.py:3954} INFO - Setting next_dagrun for example_task_group to 2024-05-10 00:00:00+00:00, run_after=2024-05-11 00:00:00+00:00
[2024-05-11T16:32:47.537-0300] {processor.py:183} INFO - Processing /home/patricia/Documentos/airflow/airflow_venv/lib/python3.10/site-packages/airflow/example_dags/example_task_group.py took 0.461 seconds
[2024-05-11T16:33:42.093-0300] {processor.py:161} INFO - Started process (PID=11641) to work on /home/patricia/Documentos/airflow/airflow_venv/lib/python3.10/site-packages/airflow/example_dags/example_task_group.py
[2024-05-11T16:33:42.114-0300] {processor.py:830} INFO - Processing file /home/patricia/Documentos/airflow/airflow_venv/lib/python3.10/site-packages/airflow/example_dags/example_task_group.py for tasks to queue
[2024-05-11T16:33:42.125-0300] {logging_mixin.py:188} INFO - [2024-05-11T16:33:42.123-0300] {dagbag.py:545} INFO - Filling up the DagBag from /home/patricia/Documentos/airflow/airflow_venv/lib/python3.10/site-packages/airflow/example_dags/example_task_group.py
[2024-05-11T16:33:42.157-0300] {processor.py:840} INFO - DAG(s) 'example_task_group' retrieved from /home/patricia/Documentos/airflow/airflow_venv/lib/python3.10/site-packages/airflow/example_dags/example_task_group.py
[2024-05-11T16:33:42.596-0300] {logging_mixin.py:188} INFO - [2024-05-11T16:33:42.595-0300] {dag.py:3096} INFO - Sync 1 DAGs
[2024-05-11T16:33:42.706-0300] {logging_mixin.py:188} INFO - [2024-05-11T16:33:42.706-0300] {dag.py:3954} INFO - Setting next_dagrun for example_task_group to 2024-05-10 00:00:00+00:00, run_after=2024-05-11 00:00:00+00:00
[2024-05-11T16:33:42.773-0300] {processor.py:183} INFO - Processing /home/patricia/Documentos/airflow/airflow_venv/lib/python3.10/site-packages/airflow/example_dags/example_task_group.py took 0.701 seconds
[2024-05-11T16:34:33.767-0300] {processor.py:161} INFO - Started process (PID=11733) to work on /home/patricia/Documentos/airflow/airflow_venv/lib/python3.10/site-packages/airflow/example_dags/example_task_group.py
[2024-05-11T16:34:33.777-0300] {processor.py:830} INFO - Processing file /home/patricia/Documentos/airflow/airflow_venv/lib/python3.10/site-packages/airflow/example_dags/example_task_group.py for tasks to queue
[2024-05-11T16:34:33.786-0300] {logging_mixin.py:188} INFO - [2024-05-11T16:34:33.784-0300] {dagbag.py:545} INFO - Filling up the DagBag from /home/patricia/Documentos/airflow/airflow_venv/lib/python3.10/site-packages/airflow/example_dags/example_task_group.py
[2024-05-11T16:34:33.827-0300] {processor.py:840} INFO - DAG(s) 'example_task_group' retrieved from /home/patricia/Documentos/airflow/airflow_venv/lib/python3.10/site-packages/airflow/example_dags/example_task_group.py
[2024-05-11T16:34:33.877-0300] {logging_mixin.py:188} INFO - [2024-05-11T16:34:33.876-0300] {dag.py:3096} INFO - Sync 1 DAGs
[2024-05-11T16:34:33.923-0300] {logging_mixin.py:188} INFO - [2024-05-11T16:34:33.922-0300] {dag.py:3954} INFO - Setting next_dagrun for example_task_group to 2024-05-10 00:00:00+00:00, run_after=2024-05-11 00:00:00+00:00
[2024-05-11T16:34:34.002-0300] {processor.py:183} INFO - Processing /home/patricia/Documentos/airflow/airflow_venv/lib/python3.10/site-packages/airflow/example_dags/example_task_group.py took 0.276 seconds
[2024-05-11T16:36:13.037-0300] {processor.py:161} INFO - Started process (PID=11886) to work on /home/patricia/Documentos/airflow/airflow_venv/lib/python3.10/site-packages/airflow/example_dags/example_task_group.py
[2024-05-11T16:36:13.043-0300] {processor.py:830} INFO - Processing file /home/patricia/Documentos/airflow/airflow_venv/lib/python3.10/site-packages/airflow/example_dags/example_task_group.py for tasks to queue
[2024-05-11T16:36:13.047-0300] {logging_mixin.py:188} INFO - [2024-05-11T16:36:13.046-0300] {dagbag.py:545} INFO - Filling up the DagBag from /home/patricia/Documentos/airflow/airflow_venv/lib/python3.10/site-packages/airflow/example_dags/example_task_group.py
[2024-05-11T16:36:13.075-0300] {processor.py:840} INFO - DAG(s) 'example_task_group' retrieved from /home/patricia/Documentos/airflow/airflow_venv/lib/python3.10/site-packages/airflow/example_dags/example_task_group.py
[2024-05-11T16:36:13.116-0300] {logging_mixin.py:188} INFO - [2024-05-11T16:36:13.116-0300] {dag.py:3096} INFO - Sync 1 DAGs
[2024-05-11T16:36:13.164-0300] {logging_mixin.py:188} INFO - [2024-05-11T16:36:13.164-0300] {dag.py:3954} INFO - Setting next_dagrun for example_task_group to 2024-05-10 00:00:00+00:00, run_after=2024-05-11 00:00:00+00:00
[2024-05-11T16:36:13.253-0300] {processor.py:183} INFO - Processing /home/patricia/Documentos/airflow/airflow_venv/lib/python3.10/site-packages/airflow/example_dags/example_task_group.py took 0.236 seconds
