[2024-05-11T15:11:02.021-0300] {processor.py:161} INFO - Started process (PID=4467) to work on /home/patricia/Documentos/airflow/airflow_venv/lib/python3.10/site-packages/airflow/example_dags/example_sensor_decorator.py
[2024-05-11T15:11:02.032-0300] {processor.py:830} INFO - Processing file /home/patricia/Documentos/airflow/airflow_venv/lib/python3.10/site-packages/airflow/example_dags/example_sensor_decorator.py for tasks to queue
[2024-05-11T15:11:02.045-0300] {logging_mixin.py:188} INFO - [2024-05-11T15:11:02.043-0300] {dagbag.py:545} INFO - Filling up the DagBag from /home/patricia/Documentos/airflow/airflow_venv/lib/python3.10/site-packages/airflow/example_dags/example_sensor_decorator.py
[2024-05-11T15:11:02.057-0300] {processor.py:840} INFO - DAG(s) 'example_sensor_decorator' retrieved from /home/patricia/Documentos/airflow/airflow_venv/lib/python3.10/site-packages/airflow/example_dags/example_sensor_decorator.py
[2024-05-11T15:11:02.203-0300] {logging_mixin.py:188} INFO - [2024-05-11T15:11:02.203-0300] {dag.py:3096} INFO - Sync 1 DAGs
[2024-05-11T15:11:02.240-0300] {logging_mixin.py:188} INFO - [2024-05-11T15:11:02.239-0300] {dag.py:3954} INFO - Setting next_dagrun for example_sensor_decorator to None, run_after=None
[2024-05-11T15:11:02.278-0300] {processor.py:183} INFO - Processing /home/patricia/Documentos/airflow/airflow_venv/lib/python3.10/site-packages/airflow/example_dags/example_sensor_decorator.py took 0.279 seconds
[2024-05-11T15:12:21.754-0300] {processor.py:161} INFO - Started process (PID=4652) to work on /home/patricia/Documentos/airflow/airflow_venv/lib/python3.10/site-packages/airflow/example_dags/example_sensor_decorator.py
[2024-05-11T15:12:21.757-0300] {processor.py:830} INFO - Processing file /home/patricia/Documentos/airflow/airflow_venv/lib/python3.10/site-packages/airflow/example_dags/example_sensor_decorator.py for tasks to queue
[2024-05-11T15:12:21.760-0300] {logging_mixin.py:188} INFO - [2024-05-11T15:12:21.760-0300] {dagbag.py:545} INFO - Filling up the DagBag from /home/patricia/Documentos/airflow/airflow_venv/lib/python3.10/site-packages/airflow/example_dags/example_sensor_decorator.py
[2024-05-11T15:12:21.789-0300] {processor.py:840} INFO - DAG(s) 'example_sensor_decorator' retrieved from /home/patricia/Documentos/airflow/airflow_venv/lib/python3.10/site-packages/airflow/example_dags/example_sensor_decorator.py
[2024-05-11T15:12:21.927-0300] {logging_mixin.py:188} INFO - [2024-05-11T15:12:21.927-0300] {dag.py:3096} INFO - Sync 1 DAGs
[2024-05-11T15:12:22.042-0300] {logging_mixin.py:188} INFO - [2024-05-11T15:12:22.042-0300] {dag.py:3954} INFO - Setting next_dagrun for example_sensor_decorator to None, run_after=None
[2024-05-11T15:12:22.130-0300] {processor.py:183} INFO - Processing /home/patricia/Documentos/airflow/airflow_venv/lib/python3.10/site-packages/airflow/example_dags/example_sensor_decorator.py took 0.397 seconds
[2024-05-11T15:13:53.785-0300] {processor.py:161} INFO - Started process (PID=4775) to work on /home/patricia/Documentos/airflow/airflow_venv/lib/python3.10/site-packages/airflow/example_dags/example_sensor_decorator.py
[2024-05-11T15:13:53.788-0300] {processor.py:830} INFO - Processing file /home/patricia/Documentos/airflow/airflow_venv/lib/python3.10/site-packages/airflow/example_dags/example_sensor_decorator.py for tasks to queue
[2024-05-11T15:13:53.790-0300] {logging_mixin.py:188} INFO - [2024-05-11T15:13:53.790-0300] {dagbag.py:545} INFO - Filling up the DagBag from /home/patricia/Documentos/airflow/airflow_venv/lib/python3.10/site-packages/airflow/example_dags/example_sensor_decorator.py
[2024-05-11T15:13:53.798-0300] {processor.py:840} INFO - DAG(s) 'example_sensor_decorator' retrieved from /home/patricia/Documentos/airflow/airflow_venv/lib/python3.10/site-packages/airflow/example_dags/example_sensor_decorator.py
[2024-05-11T15:13:53.816-0300] {logging_mixin.py:188} INFO - [2024-05-11T15:13:53.815-0300] {dag.py:3096} INFO - Sync 1 DAGs
[2024-05-11T15:13:53.829-0300] {logging_mixin.py:188} INFO - [2024-05-11T15:13:53.829-0300] {dag.py:3954} INFO - Setting next_dagrun for example_sensor_decorator to None, run_after=None
[2024-05-11T15:13:53.881-0300] {processor.py:183} INFO - Processing /home/patricia/Documentos/airflow/airflow_venv/lib/python3.10/site-packages/airflow/example_dags/example_sensor_decorator.py took 0.103 seconds
[2024-05-11T15:14:42.292-0300] {processor.py:161} INFO - Started process (PID=4908) to work on /home/patricia/Documentos/airflow/airflow_venv/lib/python3.10/site-packages/airflow/example_dags/example_sensor_decorator.py
[2024-05-11T15:14:42.295-0300] {processor.py:830} INFO - Processing file /home/patricia/Documentos/airflow/airflow_venv/lib/python3.10/site-packages/airflow/example_dags/example_sensor_decorator.py for tasks to queue
[2024-05-11T15:14:42.298-0300] {logging_mixin.py:188} INFO - [2024-05-11T15:14:42.297-0300] {dagbag.py:545} INFO - Filling up the DagBag from /home/patricia/Documentos/airflow/airflow_venv/lib/python3.10/site-packages/airflow/example_dags/example_sensor_decorator.py
[2024-05-11T15:14:42.305-0300] {processor.py:840} INFO - DAG(s) 'example_sensor_decorator' retrieved from /home/patricia/Documentos/airflow/airflow_venv/lib/python3.10/site-packages/airflow/example_dags/example_sensor_decorator.py
[2024-05-11T15:14:42.321-0300] {logging_mixin.py:188} INFO - [2024-05-11T15:14:42.321-0300] {dag.py:3096} INFO - Sync 1 DAGs
[2024-05-11T15:14:42.435-0300] {logging_mixin.py:188} INFO - [2024-05-11T15:14:42.435-0300] {dag.py:3954} INFO - Setting next_dagrun for example_sensor_decorator to None, run_after=None
[2024-05-11T15:14:42.469-0300] {processor.py:183} INFO - Processing /home/patricia/Documentos/airflow/airflow_venv/lib/python3.10/site-packages/airflow/example_dags/example_sensor_decorator.py took 0.184 seconds
[2024-05-11T15:15:23.580-0300] {processor.py:161} INFO - Started process (PID=4992) to work on /home/patricia/Documentos/airflow/airflow_venv/lib/python3.10/site-packages/airflow/example_dags/example_sensor_decorator.py
[2024-05-11T15:15:23.587-0300] {processor.py:830} INFO - Processing file /home/patricia/Documentos/airflow/airflow_venv/lib/python3.10/site-packages/airflow/example_dags/example_sensor_decorator.py for tasks to queue
[2024-05-11T15:15:23.598-0300] {logging_mixin.py:188} INFO - [2024-05-11T15:15:23.597-0300] {dagbag.py:545} INFO - Filling up the DagBag from /home/patricia/Documentos/airflow/airflow_venv/lib/python3.10/site-packages/airflow/example_dags/example_sensor_decorator.py
[2024-05-11T15:15:23.641-0300] {processor.py:840} INFO - DAG(s) 'example_sensor_decorator' retrieved from /home/patricia/Documentos/airflow/airflow_venv/lib/python3.10/site-packages/airflow/example_dags/example_sensor_decorator.py
[2024-05-11T15:15:23.669-0300] {logging_mixin.py:188} INFO - [2024-05-11T15:15:23.669-0300] {dag.py:3096} INFO - Sync 1 DAGs
[2024-05-11T15:15:23.691-0300] {logging_mixin.py:188} INFO - [2024-05-11T15:15:23.690-0300] {dag.py:3954} INFO - Setting next_dagrun for example_sensor_decorator to None, run_after=None
[2024-05-11T15:15:23.749-0300] {processor.py:183} INFO - Processing /home/patricia/Documentos/airflow/airflow_venv/lib/python3.10/site-packages/airflow/example_dags/example_sensor_decorator.py took 0.187 seconds
[2024-05-11T15:16:22.545-0300] {processor.py:161} INFO - Started process (PID=5119) to work on /home/patricia/Documentos/airflow/airflow_venv/lib/python3.10/site-packages/airflow/example_dags/example_sensor_decorator.py
[2024-05-11T15:16:22.547-0300] {processor.py:830} INFO - Processing file /home/patricia/Documentos/airflow/airflow_venv/lib/python3.10/site-packages/airflow/example_dags/example_sensor_decorator.py for tasks to queue
[2024-05-11T15:16:22.551-0300] {logging_mixin.py:188} INFO - [2024-05-11T15:16:22.550-0300] {dagbag.py:545} INFO - Filling up the DagBag from /home/patricia/Documentos/airflow/airflow_venv/lib/python3.10/site-packages/airflow/example_dags/example_sensor_decorator.py
[2024-05-11T15:16:22.558-0300] {processor.py:840} INFO - DAG(s) 'example_sensor_decorator' retrieved from /home/patricia/Documentos/airflow/airflow_venv/lib/python3.10/site-packages/airflow/example_dags/example_sensor_decorator.py
[2024-05-11T15:16:22.595-0300] {logging_mixin.py:188} INFO - [2024-05-11T15:16:22.595-0300] {dag.py:3096} INFO - Sync 1 DAGs
[2024-05-11T15:16:22.607-0300] {logging_mixin.py:188} INFO - [2024-05-11T15:16:22.607-0300] {dag.py:3954} INFO - Setting next_dagrun for example_sensor_decorator to None, run_after=None
[2024-05-11T15:16:22.643-0300] {processor.py:183} INFO - Processing /home/patricia/Documentos/airflow/airflow_venv/lib/python3.10/site-packages/airflow/example_dags/example_sensor_decorator.py took 0.105 seconds
[2024-05-11T15:17:29.386-0300] {processor.py:161} INFO - Started process (PID=5274) to work on /home/patricia/Documentos/airflow/airflow_venv/lib/python3.10/site-packages/airflow/example_dags/example_sensor_decorator.py
[2024-05-11T15:17:29.389-0300] {processor.py:830} INFO - Processing file /home/patricia/Documentos/airflow/airflow_venv/lib/python3.10/site-packages/airflow/example_dags/example_sensor_decorator.py for tasks to queue
[2024-05-11T15:17:29.391-0300] {logging_mixin.py:188} INFO - [2024-05-11T15:17:29.391-0300] {dagbag.py:545} INFO - Filling up the DagBag from /home/patricia/Documentos/airflow/airflow_venv/lib/python3.10/site-packages/airflow/example_dags/example_sensor_decorator.py
[2024-05-11T15:17:29.399-0300] {processor.py:840} INFO - DAG(s) 'example_sensor_decorator' retrieved from /home/patricia/Documentos/airflow/airflow_venv/lib/python3.10/site-packages/airflow/example_dags/example_sensor_decorator.py
[2024-05-11T15:17:29.417-0300] {logging_mixin.py:188} INFO - [2024-05-11T15:17:29.417-0300] {dag.py:3096} INFO - Sync 1 DAGs
[2024-05-11T15:17:29.430-0300] {logging_mixin.py:188} INFO - [2024-05-11T15:17:29.430-0300] {dag.py:3954} INFO - Setting next_dagrun for example_sensor_decorator to None, run_after=None
[2024-05-11T15:17:29.461-0300] {processor.py:183} INFO - Processing /home/patricia/Documentos/airflow/airflow_venv/lib/python3.10/site-packages/airflow/example_dags/example_sensor_decorator.py took 0.083 seconds
[2024-05-11T15:18:38.431-0300] {processor.py:161} INFO - Started process (PID=5869) to work on /home/patricia/Documentos/airflow/airflow_venv/lib/python3.10/site-packages/airflow/example_dags/example_sensor_decorator.py
[2024-05-11T15:18:38.435-0300] {processor.py:830} INFO - Processing file /home/patricia/Documentos/airflow/airflow_venv/lib/python3.10/site-packages/airflow/example_dags/example_sensor_decorator.py for tasks to queue
[2024-05-11T15:18:38.440-0300] {logging_mixin.py:188} INFO - [2024-05-11T15:18:38.439-0300] {dagbag.py:545} INFO - Filling up the DagBag from /home/patricia/Documentos/airflow/airflow_venv/lib/python3.10/site-packages/airflow/example_dags/example_sensor_decorator.py
[2024-05-11T15:18:38.466-0300] {processor.py:840} INFO - DAG(s) 'example_sensor_decorator' retrieved from /home/patricia/Documentos/airflow/airflow_venv/lib/python3.10/site-packages/airflow/example_dags/example_sensor_decorator.py
[2024-05-11T15:18:38.528-0300] {logging_mixin.py:188} INFO - [2024-05-11T15:18:38.528-0300] {dag.py:3096} INFO - Sync 1 DAGs
[2024-05-11T15:18:38.547-0300] {logging_mixin.py:188} INFO - [2024-05-11T15:18:38.547-0300] {dag.py:3954} INFO - Setting next_dagrun for example_sensor_decorator to None, run_after=None
[2024-05-11T15:18:38.713-0300] {processor.py:183} INFO - Processing /home/patricia/Documentos/airflow/airflow_venv/lib/python3.10/site-packages/airflow/example_dags/example_sensor_decorator.py took 0.319 seconds
[2024-05-11T15:19:48.726-0300] {processor.py:161} INFO - Started process (PID=6026) to work on /home/patricia/Documentos/airflow/airflow_venv/lib/python3.10/site-packages/airflow/example_dags/example_sensor_decorator.py
[2024-05-11T15:19:48.729-0300] {processor.py:830} INFO - Processing file /home/patricia/Documentos/airflow/airflow_venv/lib/python3.10/site-packages/airflow/example_dags/example_sensor_decorator.py for tasks to queue
[2024-05-11T15:19:48.734-0300] {logging_mixin.py:188} INFO - [2024-05-11T15:19:48.733-0300] {dagbag.py:545} INFO - Filling up the DagBag from /home/patricia/Documentos/airflow/airflow_venv/lib/python3.10/site-packages/airflow/example_dags/example_sensor_decorator.py
[2024-05-11T15:19:48.752-0300] {processor.py:840} INFO - DAG(s) 'example_sensor_decorator' retrieved from /home/patricia/Documentos/airflow/airflow_venv/lib/python3.10/site-packages/airflow/example_dags/example_sensor_decorator.py
[2024-05-11T15:19:48.778-0300] {logging_mixin.py:188} INFO - [2024-05-11T15:19:48.778-0300] {dag.py:3096} INFO - Sync 1 DAGs
[2024-05-11T15:19:48.797-0300] {logging_mixin.py:188} INFO - [2024-05-11T15:19:48.797-0300] {dag.py:3954} INFO - Setting next_dagrun for example_sensor_decorator to None, run_after=None
[2024-05-11T15:19:48.853-0300] {processor.py:183} INFO - Processing /home/patricia/Documentos/airflow/airflow_venv/lib/python3.10/site-packages/airflow/example_dags/example_sensor_decorator.py took 0.187 seconds
[2024-05-11T15:21:28.131-0300] {processor.py:161} INFO - Started process (PID=6195) to work on /home/patricia/Documentos/airflow/airflow_venv/lib/python3.10/site-packages/airflow/example_dags/example_sensor_decorator.py
[2024-05-11T15:21:28.136-0300] {processor.py:830} INFO - Processing file /home/patricia/Documentos/airflow/airflow_venv/lib/python3.10/site-packages/airflow/example_dags/example_sensor_decorator.py for tasks to queue
[2024-05-11T15:21:28.138-0300] {logging_mixin.py:188} INFO - [2024-05-11T15:21:28.138-0300] {dagbag.py:545} INFO - Filling up the DagBag from /home/patricia/Documentos/airflow/airflow_venv/lib/python3.10/site-packages/airflow/example_dags/example_sensor_decorator.py
[2024-05-11T15:21:28.150-0300] {processor.py:840} INFO - DAG(s) 'example_sensor_decorator' retrieved from /home/patricia/Documentos/airflow/airflow_venv/lib/python3.10/site-packages/airflow/example_dags/example_sensor_decorator.py
[2024-05-11T15:21:28.170-0300] {logging_mixin.py:188} INFO - [2024-05-11T15:21:28.170-0300] {dag.py:3096} INFO - Sync 1 DAGs
[2024-05-11T15:21:28.184-0300] {logging_mixin.py:188} INFO - [2024-05-11T15:21:28.184-0300] {dag.py:3954} INFO - Setting next_dagrun for example_sensor_decorator to None, run_after=None
[2024-05-11T15:21:28.224-0300] {processor.py:183} INFO - Processing /home/patricia/Documentos/airflow/airflow_venv/lib/python3.10/site-packages/airflow/example_dags/example_sensor_decorator.py took 0.109 seconds
[2024-05-11T15:22:16.791-0300] {processor.py:161} INFO - Started process (PID=6292) to work on /home/patricia/Documentos/airflow/airflow_venv/lib/python3.10/site-packages/airflow/example_dags/example_sensor_decorator.py
[2024-05-11T15:22:16.793-0300] {processor.py:830} INFO - Processing file /home/patricia/Documentos/airflow/airflow_venv/lib/python3.10/site-packages/airflow/example_dags/example_sensor_decorator.py for tasks to queue
[2024-05-11T15:22:16.796-0300] {logging_mixin.py:188} INFO - [2024-05-11T15:22:16.795-0300] {dagbag.py:545} INFO - Filling up the DagBag from /home/patricia/Documentos/airflow/airflow_venv/lib/python3.10/site-packages/airflow/example_dags/example_sensor_decorator.py
[2024-05-11T15:22:16.805-0300] {processor.py:840} INFO - DAG(s) 'example_sensor_decorator' retrieved from /home/patricia/Documentos/airflow/airflow_venv/lib/python3.10/site-packages/airflow/example_dags/example_sensor_decorator.py
[2024-05-11T15:22:16.826-0300] {logging_mixin.py:188} INFO - [2024-05-11T15:22:16.826-0300] {dag.py:3096} INFO - Sync 1 DAGs
[2024-05-11T15:22:16.844-0300] {logging_mixin.py:188} INFO - [2024-05-11T15:22:16.843-0300] {dag.py:3954} INFO - Setting next_dagrun for example_sensor_decorator to None, run_after=None
[2024-05-11T15:22:16.885-0300] {processor.py:183} INFO - Processing /home/patricia/Documentos/airflow/airflow_venv/lib/python3.10/site-packages/airflow/example_dags/example_sensor_decorator.py took 0.102 seconds
[2024-05-11T15:23:19.144-0300] {processor.py:161} INFO - Started process (PID=6434) to work on /home/patricia/Documentos/airflow/airflow_venv/lib/python3.10/site-packages/airflow/example_dags/example_sensor_decorator.py
[2024-05-11T15:23:19.150-0300] {processor.py:830} INFO - Processing file /home/patricia/Documentos/airflow/airflow_venv/lib/python3.10/site-packages/airflow/example_dags/example_sensor_decorator.py for tasks to queue
[2024-05-11T15:23:19.158-0300] {logging_mixin.py:188} INFO - [2024-05-11T15:23:19.157-0300] {dagbag.py:545} INFO - Filling up the DagBag from /home/patricia/Documentos/airflow/airflow_venv/lib/python3.10/site-packages/airflow/example_dags/example_sensor_decorator.py
[2024-05-11T15:23:19.178-0300] {processor.py:840} INFO - DAG(s) 'example_sensor_decorator' retrieved from /home/patricia/Documentos/airflow/airflow_venv/lib/python3.10/site-packages/airflow/example_dags/example_sensor_decorator.py
[2024-05-11T15:23:19.234-0300] {logging_mixin.py:188} INFO - [2024-05-11T15:23:19.234-0300] {dag.py:3096} INFO - Sync 1 DAGs
[2024-05-11T15:23:19.278-0300] {logging_mixin.py:188} INFO - [2024-05-11T15:23:19.277-0300] {dag.py:3954} INFO - Setting next_dagrun for example_sensor_decorator to None, run_after=None
[2024-05-11T15:23:19.486-0300] {processor.py:183} INFO - Processing /home/patricia/Documentos/airflow/airflow_venv/lib/python3.10/site-packages/airflow/example_dags/example_sensor_decorator.py took 0.360 seconds
[2024-05-11T15:24:22.813-0300] {processor.py:161} INFO - Started process (PID=6552) to work on /home/patricia/Documentos/airflow/airflow_venv/lib/python3.10/site-packages/airflow/example_dags/example_sensor_decorator.py
[2024-05-11T15:24:22.817-0300] {processor.py:830} INFO - Processing file /home/patricia/Documentos/airflow/airflow_venv/lib/python3.10/site-packages/airflow/example_dags/example_sensor_decorator.py for tasks to queue
[2024-05-11T15:24:22.820-0300] {logging_mixin.py:188} INFO - [2024-05-11T15:24:22.819-0300] {dagbag.py:545} INFO - Filling up the DagBag from /home/patricia/Documentos/airflow/airflow_venv/lib/python3.10/site-packages/airflow/example_dags/example_sensor_decorator.py
[2024-05-11T15:24:22.827-0300] {processor.py:840} INFO - DAG(s) 'example_sensor_decorator' retrieved from /home/patricia/Documentos/airflow/airflow_venv/lib/python3.10/site-packages/airflow/example_dags/example_sensor_decorator.py
[2024-05-11T15:24:22.845-0300] {logging_mixin.py:188} INFO - [2024-05-11T15:24:22.844-0300] {dag.py:3096} INFO - Sync 1 DAGs
[2024-05-11T15:24:22.857-0300] {logging_mixin.py:188} INFO - [2024-05-11T15:24:22.856-0300] {dag.py:3954} INFO - Setting next_dagrun for example_sensor_decorator to None, run_after=None
[2024-05-11T15:24:22.893-0300] {processor.py:183} INFO - Processing /home/patricia/Documentos/airflow/airflow_venv/lib/python3.10/site-packages/airflow/example_dags/example_sensor_decorator.py took 0.088 seconds
[2024-05-11T15:26:04.916-0300] {processor.py:161} INFO - Started process (PID=6796) to work on /home/patricia/Documentos/airflow/airflow_venv/lib/python3.10/site-packages/airflow/example_dags/example_sensor_decorator.py
[2024-05-11T15:26:04.920-0300] {processor.py:830} INFO - Processing file /home/patricia/Documentos/airflow/airflow_venv/lib/python3.10/site-packages/airflow/example_dags/example_sensor_decorator.py for tasks to queue
[2024-05-11T15:26:04.922-0300] {logging_mixin.py:188} INFO - [2024-05-11T15:26:04.921-0300] {dagbag.py:545} INFO - Filling up the DagBag from /home/patricia/Documentos/airflow/airflow_venv/lib/python3.10/site-packages/airflow/example_dags/example_sensor_decorator.py
[2024-05-11T15:26:04.934-0300] {processor.py:840} INFO - DAG(s) 'example_sensor_decorator' retrieved from /home/patricia/Documentos/airflow/airflow_venv/lib/python3.10/site-packages/airflow/example_dags/example_sensor_decorator.py
[2024-05-11T15:26:04.960-0300] {logging_mixin.py:188} INFO - [2024-05-11T15:26:04.960-0300] {dag.py:3096} INFO - Sync 1 DAGs
[2024-05-11T15:26:04.978-0300] {logging_mixin.py:188} INFO - [2024-05-11T15:26:04.978-0300] {dag.py:3954} INFO - Setting next_dagrun for example_sensor_decorator to None, run_after=None
[2024-05-11T15:26:05.072-0300] {processor.py:183} INFO - Processing /home/patricia/Documentos/airflow/airflow_venv/lib/python3.10/site-packages/airflow/example_dags/example_sensor_decorator.py took 0.176 seconds
[2024-05-11T15:27:21.553-0300] {processor.py:161} INFO - Started process (PID=7625) to work on /home/patricia/Documentos/airflow/airflow_venv/lib/python3.10/site-packages/airflow/example_dags/example_sensor_decorator.py
[2024-05-11T15:27:21.555-0300] {processor.py:830} INFO - Processing file /home/patricia/Documentos/airflow/airflow_venv/lib/python3.10/site-packages/airflow/example_dags/example_sensor_decorator.py for tasks to queue
[2024-05-11T15:27:21.560-0300] {logging_mixin.py:188} INFO - [2024-05-11T15:27:21.559-0300] {dagbag.py:545} INFO - Filling up the DagBag from /home/patricia/Documentos/airflow/airflow_venv/lib/python3.10/site-packages/airflow/example_dags/example_sensor_decorator.py
[2024-05-11T15:27:21.579-0300] {processor.py:840} INFO - DAG(s) 'example_sensor_decorator' retrieved from /home/patricia/Documentos/airflow/airflow_venv/lib/python3.10/site-packages/airflow/example_dags/example_sensor_decorator.py
[2024-05-11T15:27:21.850-0300] {logging_mixin.py:188} INFO - [2024-05-11T15:27:21.850-0300] {dag.py:3096} INFO - Sync 1 DAGs
[2024-05-11T15:27:22.086-0300] {logging_mixin.py:188} INFO - [2024-05-11T15:27:22.086-0300] {dag.py:3954} INFO - Setting next_dagrun for example_sensor_decorator to None, run_after=None
[2024-05-11T15:27:22.270-0300] {processor.py:183} INFO - Processing /home/patricia/Documentos/airflow/airflow_venv/lib/python3.10/site-packages/airflow/example_dags/example_sensor_decorator.py took 0.732 seconds
[2024-05-11T15:28:10.666-0300] {processor.py:161} INFO - Started process (PID=7729) to work on /home/patricia/Documentos/airflow/airflow_venv/lib/python3.10/site-packages/airflow/example_dags/example_sensor_decorator.py
[2024-05-11T15:28:10.673-0300] {processor.py:830} INFO - Processing file /home/patricia/Documentos/airflow/airflow_venv/lib/python3.10/site-packages/airflow/example_dags/example_sensor_decorator.py for tasks to queue
[2024-05-11T15:28:10.675-0300] {logging_mixin.py:188} INFO - [2024-05-11T15:28:10.675-0300] {dagbag.py:545} INFO - Filling up the DagBag from /home/patricia/Documentos/airflow/airflow_venv/lib/python3.10/site-packages/airflow/example_dags/example_sensor_decorator.py
[2024-05-11T15:28:10.685-0300] {processor.py:840} INFO - DAG(s) 'example_sensor_decorator' retrieved from /home/patricia/Documentos/airflow/airflow_venv/lib/python3.10/site-packages/airflow/example_dags/example_sensor_decorator.py
[2024-05-11T15:28:10.743-0300] {logging_mixin.py:188} INFO - [2024-05-11T15:28:10.742-0300] {dag.py:3096} INFO - Sync 1 DAGs
[2024-05-11T15:28:10.791-0300] {logging_mixin.py:188} INFO - [2024-05-11T15:28:10.790-0300] {dag.py:3954} INFO - Setting next_dagrun for example_sensor_decorator to None, run_after=None
[2024-05-11T15:28:10.888-0300] {processor.py:183} INFO - Processing /home/patricia/Documentos/airflow/airflow_venv/lib/python3.10/site-packages/airflow/example_dags/example_sensor_decorator.py took 0.228 seconds
[2024-05-11T15:28:49.399-0300] {processor.py:161} INFO - Started process (PID=7807) to work on /home/patricia/Documentos/airflow/airflow_venv/lib/python3.10/site-packages/airflow/example_dags/example_sensor_decorator.py
[2024-05-11T15:28:49.402-0300] {processor.py:830} INFO - Processing file /home/patricia/Documentos/airflow/airflow_venv/lib/python3.10/site-packages/airflow/example_dags/example_sensor_decorator.py for tasks to queue
[2024-05-11T15:28:49.405-0300] {logging_mixin.py:188} INFO - [2024-05-11T15:28:49.404-0300] {dagbag.py:545} INFO - Filling up the DagBag from /home/patricia/Documentos/airflow/airflow_venv/lib/python3.10/site-packages/airflow/example_dags/example_sensor_decorator.py
[2024-05-11T15:28:49.417-0300] {processor.py:840} INFO - DAG(s) 'example_sensor_decorator' retrieved from /home/patricia/Documentos/airflow/airflow_venv/lib/python3.10/site-packages/airflow/example_dags/example_sensor_decorator.py
[2024-05-11T15:28:49.476-0300] {logging_mixin.py:188} INFO - [2024-05-11T15:28:49.476-0300] {dag.py:3096} INFO - Sync 1 DAGs
[2024-05-11T15:28:49.498-0300] {logging_mixin.py:188} INFO - [2024-05-11T15:28:49.497-0300] {dag.py:3954} INFO - Setting next_dagrun for example_sensor_decorator to None, run_after=None
[2024-05-11T15:28:49.722-0300] {processor.py:183} INFO - Processing /home/patricia/Documentos/airflow/airflow_venv/lib/python3.10/site-packages/airflow/example_dags/example_sensor_decorator.py took 0.330 seconds
[2024-05-11T15:29:28.862-0300] {processor.py:161} INFO - Started process (PID=7880) to work on /home/patricia/Documentos/airflow/airflow_venv/lib/python3.10/site-packages/airflow/example_dags/example_sensor_decorator.py
[2024-05-11T15:29:28.870-0300] {processor.py:830} INFO - Processing file /home/patricia/Documentos/airflow/airflow_venv/lib/python3.10/site-packages/airflow/example_dags/example_sensor_decorator.py for tasks to queue
[2024-05-11T15:29:28.899-0300] {logging_mixin.py:188} INFO - [2024-05-11T15:29:28.875-0300] {dagbag.py:545} INFO - Filling up the DagBag from /home/patricia/Documentos/airflow/airflow_venv/lib/python3.10/site-packages/airflow/example_dags/example_sensor_decorator.py
[2024-05-11T15:29:29.022-0300] {processor.py:840} INFO - DAG(s) 'example_sensor_decorator' retrieved from /home/patricia/Documentos/airflow/airflow_venv/lib/python3.10/site-packages/airflow/example_dags/example_sensor_decorator.py
[2024-05-11T15:29:29.040-0300] {logging_mixin.py:188} INFO - [2024-05-11T15:29:29.039-0300] {dag.py:3096} INFO - Sync 1 DAGs
[2024-05-11T15:29:29.058-0300] {logging_mixin.py:188} INFO - [2024-05-11T15:29:29.057-0300] {dag.py:3954} INFO - Setting next_dagrun for example_sensor_decorator to None, run_after=None
[2024-05-11T15:29:29.160-0300] {processor.py:183} INFO - Processing /home/patricia/Documentos/airflow/airflow_venv/lib/python3.10/site-packages/airflow/example_dags/example_sensor_decorator.py took 0.308 seconds
[2024-05-11T15:30:18.689-0300] {processor.py:161} INFO - Started process (PID=7993) to work on /home/patricia/Documentos/airflow/airflow_venv/lib/python3.10/site-packages/airflow/example_dags/example_sensor_decorator.py
[2024-05-11T15:30:18.692-0300] {processor.py:830} INFO - Processing file /home/patricia/Documentos/airflow/airflow_venv/lib/python3.10/site-packages/airflow/example_dags/example_sensor_decorator.py for tasks to queue
[2024-05-11T15:30:18.696-0300] {logging_mixin.py:188} INFO - [2024-05-11T15:30:18.695-0300] {dagbag.py:545} INFO - Filling up the DagBag from /home/patricia/Documentos/airflow/airflow_venv/lib/python3.10/site-packages/airflow/example_dags/example_sensor_decorator.py
[2024-05-11T15:30:18.707-0300] {processor.py:840} INFO - DAG(s) 'example_sensor_decorator' retrieved from /home/patricia/Documentos/airflow/airflow_venv/lib/python3.10/site-packages/airflow/example_dags/example_sensor_decorator.py
[2024-05-11T15:30:18.733-0300] {logging_mixin.py:188} INFO - [2024-05-11T15:30:18.732-0300] {dag.py:3096} INFO - Sync 1 DAGs
[2024-05-11T15:30:18.745-0300] {logging_mixin.py:188} INFO - [2024-05-11T15:30:18.745-0300] {dag.py:3954} INFO - Setting next_dagrun for example_sensor_decorator to None, run_after=None
[2024-05-11T15:30:18.788-0300] {processor.py:183} INFO - Processing /home/patricia/Documentos/airflow/airflow_venv/lib/python3.10/site-packages/airflow/example_dags/example_sensor_decorator.py took 0.106 seconds
[2024-05-11T15:31:03.507-0300] {processor.py:161} INFO - Started process (PID=8106) to work on /home/patricia/Documentos/airflow/airflow_venv/lib/python3.10/site-packages/airflow/example_dags/example_sensor_decorator.py
[2024-05-11T15:31:03.510-0300] {processor.py:830} INFO - Processing file /home/patricia/Documentos/airflow/airflow_venv/lib/python3.10/site-packages/airflow/example_dags/example_sensor_decorator.py for tasks to queue
[2024-05-11T15:31:03.513-0300] {logging_mixin.py:188} INFO - [2024-05-11T15:31:03.512-0300] {dagbag.py:545} INFO - Filling up the DagBag from /home/patricia/Documentos/airflow/airflow_venv/lib/python3.10/site-packages/airflow/example_dags/example_sensor_decorator.py
[2024-05-11T15:31:03.530-0300] {processor.py:840} INFO - DAG(s) 'example_sensor_decorator' retrieved from /home/patricia/Documentos/airflow/airflow_venv/lib/python3.10/site-packages/airflow/example_dags/example_sensor_decorator.py
[2024-05-11T15:31:03.614-0300] {logging_mixin.py:188} INFO - [2024-05-11T15:31:03.614-0300] {dag.py:3096} INFO - Sync 1 DAGs
[2024-05-11T15:31:03.630-0300] {logging_mixin.py:188} INFO - [2024-05-11T15:31:03.630-0300] {dag.py:3954} INFO - Setting next_dagrun for example_sensor_decorator to None, run_after=None
[2024-05-11T15:31:03.669-0300] {processor.py:183} INFO - Processing /home/patricia/Documentos/airflow/airflow_venv/lib/python3.10/site-packages/airflow/example_dags/example_sensor_decorator.py took 0.173 seconds
[2024-05-11T15:32:07.580-0300] {processor.py:161} INFO - Started process (PID=8319) to work on /home/patricia/Documentos/airflow/airflow_venv/lib/python3.10/site-packages/airflow/example_dags/example_sensor_decorator.py
[2024-05-11T15:32:07.583-0300] {processor.py:830} INFO - Processing file /home/patricia/Documentos/airflow/airflow_venv/lib/python3.10/site-packages/airflow/example_dags/example_sensor_decorator.py for tasks to queue
[2024-05-11T15:32:07.586-0300] {logging_mixin.py:188} INFO - [2024-05-11T15:32:07.586-0300] {dagbag.py:545} INFO - Filling up the DagBag from /home/patricia/Documentos/airflow/airflow_venv/lib/python3.10/site-packages/airflow/example_dags/example_sensor_decorator.py
[2024-05-11T15:32:07.595-0300] {processor.py:840} INFO - DAG(s) 'example_sensor_decorator' retrieved from /home/patricia/Documentos/airflow/airflow_venv/lib/python3.10/site-packages/airflow/example_dags/example_sensor_decorator.py
[2024-05-11T15:32:07.614-0300] {logging_mixin.py:188} INFO - [2024-05-11T15:32:07.613-0300] {dag.py:3096} INFO - Sync 1 DAGs
[2024-05-11T15:32:07.626-0300] {logging_mixin.py:188} INFO - [2024-05-11T15:32:07.626-0300] {dag.py:3954} INFO - Setting next_dagrun for example_sensor_decorator to None, run_after=None
[2024-05-11T15:32:07.669-0300] {processor.py:183} INFO - Processing /home/patricia/Documentos/airflow/airflow_venv/lib/python3.10/site-packages/airflow/example_dags/example_sensor_decorator.py took 0.096 seconds
[2024-05-11T15:33:11.635-0300] {processor.py:161} INFO - Started process (PID=8658) to work on /home/patricia/Documentos/airflow/airflow_venv/lib/python3.10/site-packages/airflow/example_dags/example_sensor_decorator.py
[2024-05-11T15:33:11.640-0300] {processor.py:830} INFO - Processing file /home/patricia/Documentos/airflow/airflow_venv/lib/python3.10/site-packages/airflow/example_dags/example_sensor_decorator.py for tasks to queue
[2024-05-11T15:33:11.646-0300] {logging_mixin.py:188} INFO - [2024-05-11T15:33:11.645-0300] {dagbag.py:545} INFO - Filling up the DagBag from /home/patricia/Documentos/airflow/airflow_venv/lib/python3.10/site-packages/airflow/example_dags/example_sensor_decorator.py
[2024-05-11T15:33:11.678-0300] {processor.py:840} INFO - DAG(s) 'example_sensor_decorator' retrieved from /home/patricia/Documentos/airflow/airflow_venv/lib/python3.10/site-packages/airflow/example_dags/example_sensor_decorator.py
[2024-05-11T15:33:11.722-0300] {logging_mixin.py:188} INFO - [2024-05-11T15:33:11.721-0300] {dag.py:3096} INFO - Sync 1 DAGs
[2024-05-11T15:33:11.754-0300] {logging_mixin.py:188} INFO - [2024-05-11T15:33:11.754-0300] {dag.py:3954} INFO - Setting next_dagrun for example_sensor_decorator to None, run_after=None
[2024-05-11T15:33:11.890-0300] {processor.py:183} INFO - Processing /home/patricia/Documentos/airflow/airflow_venv/lib/python3.10/site-packages/airflow/example_dags/example_sensor_decorator.py took 0.272 seconds
[2024-05-11T15:34:27.151-0300] {processor.py:161} INFO - Started process (PID=9293) to work on /home/patricia/Documentos/airflow/airflow_venv/lib/python3.10/site-packages/airflow/example_dags/example_sensor_decorator.py
[2024-05-11T15:34:27.153-0300] {processor.py:830} INFO - Processing file /home/patricia/Documentos/airflow/airflow_venv/lib/python3.10/site-packages/airflow/example_dags/example_sensor_decorator.py for tasks to queue
[2024-05-11T15:34:27.156-0300] {logging_mixin.py:188} INFO - [2024-05-11T15:34:27.155-0300] {dagbag.py:545} INFO - Filling up the DagBag from /home/patricia/Documentos/airflow/airflow_venv/lib/python3.10/site-packages/airflow/example_dags/example_sensor_decorator.py
[2024-05-11T15:34:27.202-0300] {processor.py:840} INFO - DAG(s) 'example_sensor_decorator' retrieved from /home/patricia/Documentos/airflow/airflow_venv/lib/python3.10/site-packages/airflow/example_dags/example_sensor_decorator.py
[2024-05-11T15:34:27.239-0300] {logging_mixin.py:188} INFO - [2024-05-11T15:34:27.239-0300] {dag.py:3096} INFO - Sync 1 DAGs
[2024-05-11T15:34:27.253-0300] {logging_mixin.py:188} INFO - [2024-05-11T15:34:27.253-0300] {dag.py:3954} INFO - Setting next_dagrun for example_sensor_decorator to None, run_after=None
[2024-05-11T15:34:27.379-0300] {processor.py:183} INFO - Processing /home/patricia/Documentos/airflow/airflow_venv/lib/python3.10/site-packages/airflow/example_dags/example_sensor_decorator.py took 0.251 seconds
[2024-05-11T15:35:06.461-0300] {processor.py:161} INFO - Started process (PID=9391) to work on /home/patricia/Documentos/airflow/airflow_venv/lib/python3.10/site-packages/airflow/example_dags/example_sensor_decorator.py
[2024-05-11T15:35:06.466-0300] {processor.py:830} INFO - Processing file /home/patricia/Documentos/airflow/airflow_venv/lib/python3.10/site-packages/airflow/example_dags/example_sensor_decorator.py for tasks to queue
[2024-05-11T15:35:06.482-0300] {logging_mixin.py:188} INFO - [2024-05-11T15:35:06.472-0300] {dagbag.py:545} INFO - Filling up the DagBag from /home/patricia/Documentos/airflow/airflow_venv/lib/python3.10/site-packages/airflow/example_dags/example_sensor_decorator.py
[2024-05-11T15:35:06.582-0300] {processor.py:840} INFO - DAG(s) 'example_sensor_decorator' retrieved from /home/patricia/Documentos/airflow/airflow_venv/lib/python3.10/site-packages/airflow/example_dags/example_sensor_decorator.py
[2024-05-11T15:35:06.690-0300] {logging_mixin.py:188} INFO - [2024-05-11T15:35:06.689-0300] {dag.py:3096} INFO - Sync 1 DAGs
[2024-05-11T15:35:06.790-0300] {logging_mixin.py:188} INFO - [2024-05-11T15:35:06.788-0300] {dag.py:3954} INFO - Setting next_dagrun for example_sensor_decorator to None, run_after=None
[2024-05-11T15:35:06.915-0300] {processor.py:183} INFO - Processing /home/patricia/Documentos/airflow/airflow_venv/lib/python3.10/site-packages/airflow/example_dags/example_sensor_decorator.py took 0.475 seconds
[2024-05-11T15:35:43.603-0300] {processor.py:161} INFO - Started process (PID=9529) to work on /home/patricia/Documentos/airflow/airflow_venv/lib/python3.10/site-packages/airflow/example_dags/example_sensor_decorator.py
[2024-05-11T15:35:43.610-0300] {processor.py:830} INFO - Processing file /home/patricia/Documentos/airflow/airflow_venv/lib/python3.10/site-packages/airflow/example_dags/example_sensor_decorator.py for tasks to queue
[2024-05-11T15:35:43.616-0300] {logging_mixin.py:188} INFO - [2024-05-11T15:35:43.615-0300] {dagbag.py:545} INFO - Filling up the DagBag from /home/patricia/Documentos/airflow/airflow_venv/lib/python3.10/site-packages/airflow/example_dags/example_sensor_decorator.py
[2024-05-11T15:35:43.634-0300] {processor.py:840} INFO - DAG(s) 'example_sensor_decorator' retrieved from /home/patricia/Documentos/airflow/airflow_venv/lib/python3.10/site-packages/airflow/example_dags/example_sensor_decorator.py
[2024-05-11T15:35:43.679-0300] {logging_mixin.py:188} INFO - [2024-05-11T15:35:43.678-0300] {dag.py:3096} INFO - Sync 1 DAGs
[2024-05-11T15:35:43.721-0300] {logging_mixin.py:188} INFO - [2024-05-11T15:35:43.720-0300] {dag.py:3954} INFO - Setting next_dagrun for example_sensor_decorator to None, run_after=None
[2024-05-11T15:35:43.793-0300] {processor.py:183} INFO - Processing /home/patricia/Documentos/airflow/airflow_venv/lib/python3.10/site-packages/airflow/example_dags/example_sensor_decorator.py took 0.207 seconds
[2024-05-11T15:36:22.158-0300] {processor.py:161} INFO - Started process (PID=9595) to work on /home/patricia/Documentos/airflow/airflow_venv/lib/python3.10/site-packages/airflow/example_dags/example_sensor_decorator.py
[2024-05-11T15:36:22.162-0300] {processor.py:830} INFO - Processing file /home/patricia/Documentos/airflow/airflow_venv/lib/python3.10/site-packages/airflow/example_dags/example_sensor_decorator.py for tasks to queue
[2024-05-11T15:36:22.166-0300] {logging_mixin.py:188} INFO - [2024-05-11T15:36:22.165-0300] {dagbag.py:545} INFO - Filling up the DagBag from /home/patricia/Documentos/airflow/airflow_venv/lib/python3.10/site-packages/airflow/example_dags/example_sensor_decorator.py
[2024-05-11T15:36:22.181-0300] {processor.py:840} INFO - DAG(s) 'example_sensor_decorator' retrieved from /home/patricia/Documentos/airflow/airflow_venv/lib/python3.10/site-packages/airflow/example_dags/example_sensor_decorator.py
[2024-05-11T15:36:22.228-0300] {logging_mixin.py:188} INFO - [2024-05-11T15:36:22.227-0300] {dag.py:3096} INFO - Sync 1 DAGs
[2024-05-11T15:36:22.263-0300] {logging_mixin.py:188} INFO - [2024-05-11T15:36:22.263-0300] {dag.py:3954} INFO - Setting next_dagrun for example_sensor_decorator to None, run_after=None
[2024-05-11T15:36:22.315-0300] {processor.py:183} INFO - Processing /home/patricia/Documentos/airflow/airflow_venv/lib/python3.10/site-packages/airflow/example_dags/example_sensor_decorator.py took 0.165 seconds
[2024-05-11T15:37:03.967-0300] {processor.py:161} INFO - Started process (PID=9761) to work on /home/patricia/Documentos/airflow/airflow_venv/lib/python3.10/site-packages/airflow/example_dags/example_sensor_decorator.py
[2024-05-11T15:37:03.989-0300] {processor.py:830} INFO - Processing file /home/patricia/Documentos/airflow/airflow_venv/lib/python3.10/site-packages/airflow/example_dags/example_sensor_decorator.py for tasks to queue
[2024-05-11T15:37:03.996-0300] {logging_mixin.py:188} INFO - [2024-05-11T15:37:03.995-0300] {dagbag.py:545} INFO - Filling up the DagBag from /home/patricia/Documentos/airflow/airflow_venv/lib/python3.10/site-packages/airflow/example_dags/example_sensor_decorator.py
[2024-05-11T15:37:04.011-0300] {processor.py:840} INFO - DAG(s) 'example_sensor_decorator' retrieved from /home/patricia/Documentos/airflow/airflow_venv/lib/python3.10/site-packages/airflow/example_dags/example_sensor_decorator.py
[2024-05-11T15:37:04.045-0300] {logging_mixin.py:188} INFO - [2024-05-11T15:37:04.045-0300] {dag.py:3096} INFO - Sync 1 DAGs
[2024-05-11T15:37:04.072-0300] {logging_mixin.py:188} INFO - [2024-05-11T15:37:04.071-0300] {dag.py:3954} INFO - Setting next_dagrun for example_sensor_decorator to None, run_after=None
[2024-05-11T15:37:04.163-0300] {processor.py:183} INFO - Processing /home/patricia/Documentos/airflow/airflow_venv/lib/python3.10/site-packages/airflow/example_dags/example_sensor_decorator.py took 0.240 seconds
[2024-05-11T15:38:26.009-0300] {processor.py:161} INFO - Started process (PID=9932) to work on /home/patricia/Documentos/airflow/airflow_venv/lib/python3.10/site-packages/airflow/example_dags/example_sensor_decorator.py
[2024-05-11T15:38:26.109-0300] {processor.py:830} INFO - Processing file /home/patricia/Documentos/airflow/airflow_venv/lib/python3.10/site-packages/airflow/example_dags/example_sensor_decorator.py for tasks to queue
[2024-05-11T15:38:26.111-0300] {logging_mixin.py:188} INFO - [2024-05-11T15:38:26.111-0300] {dagbag.py:545} INFO - Filling up the DagBag from /home/patricia/Documentos/airflow/airflow_venv/lib/python3.10/site-packages/airflow/example_dags/example_sensor_decorator.py
[2024-05-11T15:38:26.122-0300] {processor.py:840} INFO - DAG(s) 'example_sensor_decorator' retrieved from /home/patricia/Documentos/airflow/airflow_venv/lib/python3.10/site-packages/airflow/example_dags/example_sensor_decorator.py
[2024-05-11T15:38:26.139-0300] {logging_mixin.py:188} INFO - [2024-05-11T15:38:26.138-0300] {dag.py:3096} INFO - Sync 1 DAGs
[2024-05-11T15:38:26.151-0300] {logging_mixin.py:188} INFO - [2024-05-11T15:38:26.151-0300] {dag.py:3954} INFO - Setting next_dagrun for example_sensor_decorator to None, run_after=None
[2024-05-11T15:38:26.735-0300] {processor.py:183} INFO - Processing /home/patricia/Documentos/airflow/airflow_venv/lib/python3.10/site-packages/airflow/example_dags/example_sensor_decorator.py took 0.733 seconds
[2024-05-11T15:39:24.343-0300] {processor.py:161} INFO - Started process (PID=10041) to work on /home/patricia/Documentos/airflow/airflow_venv/lib/python3.10/site-packages/airflow/example_dags/example_sensor_decorator.py
[2024-05-11T15:39:24.345-0300] {processor.py:830} INFO - Processing file /home/patricia/Documentos/airflow/airflow_venv/lib/python3.10/site-packages/airflow/example_dags/example_sensor_decorator.py for tasks to queue
[2024-05-11T15:39:24.348-0300] {logging_mixin.py:188} INFO - [2024-05-11T15:39:24.347-0300] {dagbag.py:545} INFO - Filling up the DagBag from /home/patricia/Documentos/airflow/airflow_venv/lib/python3.10/site-packages/airflow/example_dags/example_sensor_decorator.py
[2024-05-11T15:39:24.356-0300] {processor.py:840} INFO - DAG(s) 'example_sensor_decorator' retrieved from /home/patricia/Documentos/airflow/airflow_venv/lib/python3.10/site-packages/airflow/example_dags/example_sensor_decorator.py
[2024-05-11T15:39:24.375-0300] {logging_mixin.py:188} INFO - [2024-05-11T15:39:24.375-0300] {dag.py:3096} INFO - Sync 1 DAGs
[2024-05-11T15:39:24.388-0300] {logging_mixin.py:188} INFO - [2024-05-11T15:39:24.387-0300] {dag.py:3954} INFO - Setting next_dagrun for example_sensor_decorator to None, run_after=None
[2024-05-11T15:39:24.420-0300] {processor.py:183} INFO - Processing /home/patricia/Documentos/airflow/airflow_venv/lib/python3.10/site-packages/airflow/example_dags/example_sensor_decorator.py took 0.085 seconds
[2024-05-11T15:40:02.482-0300] {processor.py:161} INFO - Started process (PID=10146) to work on /home/patricia/Documentos/airflow/airflow_venv/lib/python3.10/site-packages/airflow/example_dags/example_sensor_decorator.py
[2024-05-11T15:40:02.487-0300] {processor.py:830} INFO - Processing file /home/patricia/Documentos/airflow/airflow_venv/lib/python3.10/site-packages/airflow/example_dags/example_sensor_decorator.py for tasks to queue
[2024-05-11T15:40:02.489-0300] {logging_mixin.py:188} INFO - [2024-05-11T15:40:02.489-0300] {dagbag.py:545} INFO - Filling up the DagBag from /home/patricia/Documentos/airflow/airflow_venv/lib/python3.10/site-packages/airflow/example_dags/example_sensor_decorator.py
[2024-05-11T15:40:02.497-0300] {processor.py:840} INFO - DAG(s) 'example_sensor_decorator' retrieved from /home/patricia/Documentos/airflow/airflow_venv/lib/python3.10/site-packages/airflow/example_dags/example_sensor_decorator.py
[2024-05-11T15:40:02.517-0300] {logging_mixin.py:188} INFO - [2024-05-11T15:40:02.517-0300] {dag.py:3096} INFO - Sync 1 DAGs
[2024-05-11T15:40:02.537-0300] {logging_mixin.py:188} INFO - [2024-05-11T15:40:02.537-0300] {dag.py:3954} INFO - Setting next_dagrun for example_sensor_decorator to None, run_after=None
[2024-05-11T15:40:02.598-0300] {processor.py:183} INFO - Processing /home/patricia/Documentos/airflow/airflow_venv/lib/python3.10/site-packages/airflow/example_dags/example_sensor_decorator.py took 0.124 seconds
[2024-05-11T15:40:43.779-0300] {processor.py:161} INFO - Started process (PID=10588) to work on /home/patricia/Documentos/airflow/airflow_venv/lib/python3.10/site-packages/airflow/example_dags/example_sensor_decorator.py
[2024-05-11T15:40:43.782-0300] {processor.py:830} INFO - Processing file /home/patricia/Documentos/airflow/airflow_venv/lib/python3.10/site-packages/airflow/example_dags/example_sensor_decorator.py for tasks to queue
[2024-05-11T15:40:43.788-0300] {logging_mixin.py:188} INFO - [2024-05-11T15:40:43.787-0300] {dagbag.py:545} INFO - Filling up the DagBag from /home/patricia/Documentos/airflow/airflow_venv/lib/python3.10/site-packages/airflow/example_dags/example_sensor_decorator.py
[2024-05-11T15:40:43.804-0300] {processor.py:840} INFO - DAG(s) 'example_sensor_decorator' retrieved from /home/patricia/Documentos/airflow/airflow_venv/lib/python3.10/site-packages/airflow/example_dags/example_sensor_decorator.py
[2024-05-11T15:40:43.826-0300] {logging_mixin.py:188} INFO - [2024-05-11T15:40:43.825-0300] {dag.py:3096} INFO - Sync 1 DAGs
[2024-05-11T15:40:43.843-0300] {logging_mixin.py:188} INFO - [2024-05-11T15:40:43.842-0300] {dag.py:3954} INFO - Setting next_dagrun for example_sensor_decorator to None, run_after=None
[2024-05-11T15:40:43.887-0300] {processor.py:183} INFO - Processing /home/patricia/Documentos/airflow/airflow_venv/lib/python3.10/site-packages/airflow/example_dags/example_sensor_decorator.py took 0.162 seconds
[2024-05-11T16:27:56.910-0300] {processor.py:161} INFO - Started process (PID=10937) to work on /home/patricia/Documentos/airflow/airflow_venv/lib/python3.10/site-packages/airflow/example_dags/example_sensor_decorator.py
[2024-05-11T16:27:56.914-0300] {processor.py:830} INFO - Processing file /home/patricia/Documentos/airflow/airflow_venv/lib/python3.10/site-packages/airflow/example_dags/example_sensor_decorator.py for tasks to queue
[2024-05-11T16:27:56.921-0300] {logging_mixin.py:188} INFO - [2024-05-11T16:27:56.920-0300] {dagbag.py:545} INFO - Filling up the DagBag from /home/patricia/Documentos/airflow/airflow_venv/lib/python3.10/site-packages/airflow/example_dags/example_sensor_decorator.py
[2024-05-11T16:27:56.943-0300] {processor.py:840} INFO - DAG(s) 'example_sensor_decorator' retrieved from /home/patricia/Documentos/airflow/airflow_venv/lib/python3.10/site-packages/airflow/example_dags/example_sensor_decorator.py
[2024-05-11T16:27:56.962-0300] {logging_mixin.py:188} INFO - [2024-05-11T16:27:56.961-0300] {dag.py:3096} INFO - Sync 1 DAGs
[2024-05-11T16:27:56.989-0300] {logging_mixin.py:188} INFO - [2024-05-11T16:27:56.988-0300] {dag.py:3954} INFO - Setting next_dagrun for example_sensor_decorator to None, run_after=None
[2024-05-11T16:27:57.071-0300] {processor.py:183} INFO - Processing /home/patricia/Documentos/airflow/airflow_venv/lib/python3.10/site-packages/airflow/example_dags/example_sensor_decorator.py took 0.183 seconds
[2024-05-11T16:30:05.162-0300] {processor.py:161} INFO - Started process (PID=11203) to work on /home/patricia/Documentos/airflow/airflow_venv/lib/python3.10/site-packages/airflow/example_dags/example_sensor_decorator.py
[2024-05-11T16:30:05.231-0300] {processor.py:830} INFO - Processing file /home/patricia/Documentos/airflow/airflow_venv/lib/python3.10/site-packages/airflow/example_dags/example_sensor_decorator.py for tasks to queue
[2024-05-11T16:30:05.250-0300] {logging_mixin.py:188} INFO - [2024-05-11T16:30:05.245-0300] {dagbag.py:545} INFO - Filling up the DagBag from /home/patricia/Documentos/airflow/airflow_venv/lib/python3.10/site-packages/airflow/example_dags/example_sensor_decorator.py
[2024-05-11T16:30:05.334-0300] {processor.py:840} INFO - DAG(s) 'example_sensor_decorator' retrieved from /home/patricia/Documentos/airflow/airflow_venv/lib/python3.10/site-packages/airflow/example_dags/example_sensor_decorator.py
[2024-05-11T16:30:05.699-0300] {logging_mixin.py:188} INFO - [2024-05-11T16:30:05.698-0300] {dag.py:3096} INFO - Sync 1 DAGs
[2024-05-11T16:30:05.958-0300] {logging_mixin.py:188} INFO - [2024-05-11T16:30:05.958-0300] {dag.py:3954} INFO - Setting next_dagrun for example_sensor_decorator to None, run_after=None
[2024-05-11T16:30:06.062-0300] {processor.py:183} INFO - Processing /home/patricia/Documentos/airflow/airflow_venv/lib/python3.10/site-packages/airflow/example_dags/example_sensor_decorator.py took 0.935 seconds
[2024-05-11T16:31:28.720-0300] {processor.py:161} INFO - Started process (PID=11361) to work on /home/patricia/Documentos/airflow/airflow_venv/lib/python3.10/site-packages/airflow/example_dags/example_sensor_decorator.py
[2024-05-11T16:31:28.731-0300] {processor.py:830} INFO - Processing file /home/patricia/Documentos/airflow/airflow_venv/lib/python3.10/site-packages/airflow/example_dags/example_sensor_decorator.py for tasks to queue
[2024-05-11T16:31:28.742-0300] {logging_mixin.py:188} INFO - [2024-05-11T16:31:28.740-0300] {dagbag.py:545} INFO - Filling up the DagBag from /home/patricia/Documentos/airflow/airflow_venv/lib/python3.10/site-packages/airflow/example_dags/example_sensor_decorator.py
[2024-05-11T16:31:28.778-0300] {processor.py:840} INFO - DAG(s) 'example_sensor_decorator' retrieved from /home/patricia/Documentos/airflow/airflow_venv/lib/python3.10/site-packages/airflow/example_dags/example_sensor_decorator.py
[2024-05-11T16:31:28.838-0300] {logging_mixin.py:188} INFO - [2024-05-11T16:31:28.837-0300] {dag.py:3096} INFO - Sync 1 DAGs
[2024-05-11T16:31:28.863-0300] {logging_mixin.py:188} INFO - [2024-05-11T16:31:28.863-0300] {dag.py:3954} INFO - Setting next_dagrun for example_sensor_decorator to None, run_after=None
[2024-05-11T16:31:29.049-0300] {processor.py:183} INFO - Processing /home/patricia/Documentos/airflow/airflow_venv/lib/python3.10/site-packages/airflow/example_dags/example_sensor_decorator.py took 0.362 seconds
[2024-05-11T16:32:30.888-0300] {processor.py:161} INFO - Started process (PID=11465) to work on /home/patricia/Documentos/airflow/airflow_venv/lib/python3.10/site-packages/airflow/example_dags/example_sensor_decorator.py
[2024-05-11T16:32:30.901-0300] {processor.py:830} INFO - Processing file /home/patricia/Documentos/airflow/airflow_venv/lib/python3.10/site-packages/airflow/example_dags/example_sensor_decorator.py for tasks to queue
[2024-05-11T16:32:30.907-0300] {logging_mixin.py:188} INFO - [2024-05-11T16:32:30.906-0300] {dagbag.py:545} INFO - Filling up the DagBag from /home/patricia/Documentos/airflow/airflow_venv/lib/python3.10/site-packages/airflow/example_dags/example_sensor_decorator.py
[2024-05-11T16:32:30.930-0300] {processor.py:840} INFO - DAG(s) 'example_sensor_decorator' retrieved from /home/patricia/Documentos/airflow/airflow_venv/lib/python3.10/site-packages/airflow/example_dags/example_sensor_decorator.py
[2024-05-11T16:32:31.393-0300] {logging_mixin.py:188} INFO - [2024-05-11T16:32:31.391-0300] {dag.py:3096} INFO - Sync 1 DAGs
[2024-05-11T16:32:31.419-0300] {logging_mixin.py:188} INFO - [2024-05-11T16:32:31.418-0300] {dag.py:3954} INFO - Setting next_dagrun for example_sensor_decorator to None, run_after=None
[2024-05-11T16:32:31.830-0300] {processor.py:183} INFO - Processing /home/patricia/Documentos/airflow/airflow_venv/lib/python3.10/site-packages/airflow/example_dags/example_sensor_decorator.py took 0.958 seconds
[2024-05-11T16:33:30.011-0300] {processor.py:161} INFO - Started process (PID=11609) to work on /home/patricia/Documentos/airflow/airflow_venv/lib/python3.10/site-packages/airflow/example_dags/example_sensor_decorator.py
[2024-05-11T16:33:30.022-0300] {processor.py:830} INFO - Processing file /home/patricia/Documentos/airflow/airflow_venv/lib/python3.10/site-packages/airflow/example_dags/example_sensor_decorator.py for tasks to queue
[2024-05-11T16:33:30.033-0300] {logging_mixin.py:188} INFO - [2024-05-11T16:33:30.031-0300] {dagbag.py:545} INFO - Filling up the DagBag from /home/patricia/Documentos/airflow/airflow_venv/lib/python3.10/site-packages/airflow/example_dags/example_sensor_decorator.py
[2024-05-11T16:33:30.060-0300] {processor.py:840} INFO - DAG(s) 'example_sensor_decorator' retrieved from /home/patricia/Documentos/airflow/airflow_venv/lib/python3.10/site-packages/airflow/example_dags/example_sensor_decorator.py
[2024-05-11T16:33:30.106-0300] {logging_mixin.py:188} INFO - [2024-05-11T16:33:30.106-0300] {dag.py:3096} INFO - Sync 1 DAGs
[2024-05-11T16:33:30.129-0300] {logging_mixin.py:188} INFO - [2024-05-11T16:33:30.129-0300] {dag.py:3954} INFO - Setting next_dagrun for example_sensor_decorator to None, run_after=None
[2024-05-11T16:33:30.204-0300] {processor.py:183} INFO - Processing /home/patricia/Documentos/airflow/airflow_venv/lib/python3.10/site-packages/airflow/example_dags/example_sensor_decorator.py took 0.224 seconds
[2024-05-11T16:34:21.070-0300] {processor.py:161} INFO - Started process (PID=11712) to work on /home/patricia/Documentos/airflow/airflow_venv/lib/python3.10/site-packages/airflow/example_dags/example_sensor_decorator.py
[2024-05-11T16:34:21.085-0300] {processor.py:830} INFO - Processing file /home/patricia/Documentos/airflow/airflow_venv/lib/python3.10/site-packages/airflow/example_dags/example_sensor_decorator.py for tasks to queue
[2024-05-11T16:34:21.094-0300] {logging_mixin.py:188} INFO - [2024-05-11T16:34:21.092-0300] {dagbag.py:545} INFO - Filling up the DagBag from /home/patricia/Documentos/airflow/airflow_venv/lib/python3.10/site-packages/airflow/example_dags/example_sensor_decorator.py
[2024-05-11T16:34:21.145-0300] {processor.py:840} INFO - DAG(s) 'example_sensor_decorator' retrieved from /home/patricia/Documentos/airflow/airflow_venv/lib/python3.10/site-packages/airflow/example_dags/example_sensor_decorator.py
[2024-05-11T16:34:21.247-0300] {logging_mixin.py:188} INFO - [2024-05-11T16:34:21.247-0300] {dag.py:3096} INFO - Sync 1 DAGs
[2024-05-11T16:34:21.330-0300] {logging_mixin.py:188} INFO - [2024-05-11T16:34:21.328-0300] {dag.py:3954} INFO - Setting next_dagrun for example_sensor_decorator to None, run_after=None
[2024-05-11T16:34:21.452-0300] {processor.py:183} INFO - Processing /home/patricia/Documentos/airflow/airflow_venv/lib/python3.10/site-packages/airflow/example_dags/example_sensor_decorator.py took 0.456 seconds
[2024-05-11T16:35:08.272-0300] {processor.py:161} INFO - Started process (PID=11788) to work on /home/patricia/Documentos/airflow/airflow_venv/lib/python3.10/site-packages/airflow/example_dags/example_sensor_decorator.py
[2024-05-11T16:35:08.279-0300] {processor.py:830} INFO - Processing file /home/patricia/Documentos/airflow/airflow_venv/lib/python3.10/site-packages/airflow/example_dags/example_sensor_decorator.py for tasks to queue
[2024-05-11T16:35:08.286-0300] {logging_mixin.py:188} INFO - [2024-05-11T16:35:08.284-0300] {dagbag.py:545} INFO - Filling up the DagBag from /home/patricia/Documentos/airflow/airflow_venv/lib/python3.10/site-packages/airflow/example_dags/example_sensor_decorator.py
[2024-05-11T16:35:08.303-0300] {processor.py:840} INFO - DAG(s) 'example_sensor_decorator' retrieved from /home/patricia/Documentos/airflow/airflow_venv/lib/python3.10/site-packages/airflow/example_dags/example_sensor_decorator.py
[2024-05-11T16:35:08.388-0300] {logging_mixin.py:188} INFO - [2024-05-11T16:35:08.388-0300] {dag.py:3096} INFO - Sync 1 DAGs
[2024-05-11T16:35:08.419-0300] {logging_mixin.py:188} INFO - [2024-05-11T16:35:08.418-0300] {dag.py:3954} INFO - Setting next_dagrun for example_sensor_decorator to None, run_after=None
[2024-05-11T16:35:08.492-0300] {processor.py:183} INFO - Processing /home/patricia/Documentos/airflow/airflow_venv/lib/python3.10/site-packages/airflow/example_dags/example_sensor_decorator.py took 0.263 seconds
[2024-05-11T16:35:58.150-0300] {processor.py:161} INFO - Started process (PID=11859) to work on /home/patricia/Documentos/airflow/airflow_venv/lib/python3.10/site-packages/airflow/example_dags/example_sensor_decorator.py
[2024-05-11T16:35:58.170-0300] {processor.py:830} INFO - Processing file /home/patricia/Documentos/airflow/airflow_venv/lib/python3.10/site-packages/airflow/example_dags/example_sensor_decorator.py for tasks to queue
[2024-05-11T16:35:58.197-0300] {logging_mixin.py:188} INFO - [2024-05-11T16:35:58.190-0300] {dagbag.py:545} INFO - Filling up the DagBag from /home/patricia/Documentos/airflow/airflow_venv/lib/python3.10/site-packages/airflow/example_dags/example_sensor_decorator.py
[2024-05-11T16:35:58.281-0300] {processor.py:840} INFO - DAG(s) 'example_sensor_decorator' retrieved from /home/patricia/Documentos/airflow/airflow_venv/lib/python3.10/site-packages/airflow/example_dags/example_sensor_decorator.py
[2024-05-11T16:35:58.342-0300] {logging_mixin.py:188} INFO - [2024-05-11T16:35:58.341-0300] {dag.py:3096} INFO - Sync 1 DAGs
[2024-05-11T16:35:58.397-0300] {logging_mixin.py:188} INFO - [2024-05-11T16:35:58.397-0300] {dag.py:3954} INFO - Setting next_dagrun for example_sensor_decorator to None, run_after=None
[2024-05-11T16:35:58.489-0300] {processor.py:183} INFO - Processing /home/patricia/Documentos/airflow/airflow_venv/lib/python3.10/site-packages/airflow/example_dags/example_sensor_decorator.py took 0.395 seconds
[2024-05-11T16:36:47.254-0300] {processor.py:161} INFO - Started process (PID=11942) to work on /home/patricia/Documentos/airflow/airflow_venv/lib/python3.10/site-packages/airflow/example_dags/example_sensor_decorator.py
[2024-05-11T16:36:47.265-0300] {processor.py:830} INFO - Processing file /home/patricia/Documentos/airflow/airflow_venv/lib/python3.10/site-packages/airflow/example_dags/example_sensor_decorator.py for tasks to queue
[2024-05-11T16:36:47.274-0300] {logging_mixin.py:188} INFO - [2024-05-11T16:36:47.272-0300] {dagbag.py:545} INFO - Filling up the DagBag from /home/patricia/Documentos/airflow/airflow_venv/lib/python3.10/site-packages/airflow/example_dags/example_sensor_decorator.py
[2024-05-11T16:36:47.304-0300] {processor.py:840} INFO - DAG(s) 'example_sensor_decorator' retrieved from /home/patricia/Documentos/airflow/airflow_venv/lib/python3.10/site-packages/airflow/example_dags/example_sensor_decorator.py
[2024-05-11T16:36:47.343-0300] {logging_mixin.py:188} INFO - [2024-05-11T16:36:47.342-0300] {dag.py:3096} INFO - Sync 1 DAGs
[2024-05-11T16:36:47.373-0300] {logging_mixin.py:188} INFO - [2024-05-11T16:36:47.373-0300] {dag.py:3954} INFO - Setting next_dagrun for example_sensor_decorator to None, run_after=None
[2024-05-11T16:36:47.434-0300] {processor.py:183} INFO - Processing /home/patricia/Documentos/airflow/airflow_venv/lib/python3.10/site-packages/airflow/example_dags/example_sensor_decorator.py took 0.281 seconds
