[2024-05-11T15:11:09.830-0300] {processor.py:161} INFO - Started process (PID=4481) to work on /home/patricia/Documentos/airflow/airflow_venv/lib/python3.10/site-packages/airflow/example_dags/example_display_name.py
[2024-05-11T15:11:09.831-0300] {processor.py:830} INFO - Processing file /home/patricia/Documentos/airflow/airflow_venv/lib/python3.10/site-packages/airflow/example_dags/example_display_name.py for tasks to queue
[2024-05-11T15:11:09.834-0300] {logging_mixin.py:188} INFO - [2024-05-11T15:11:09.834-0300] {dagbag.py:545} INFO - Filling up the DagBag from /home/patricia/Documentos/airflow/airflow_venv/lib/python3.10/site-packages/airflow/example_dags/example_display_name.py
[2024-05-11T15:11:09.842-0300] {processor.py:840} INFO - DAG(s) 'example_display_name' retrieved from /home/patricia/Documentos/airflow/airflow_venv/lib/python3.10/site-packages/airflow/example_dags/example_display_name.py
[2024-05-11T15:11:09.852-0300] {logging_mixin.py:188} INFO - [2024-05-11T15:11:09.852-0300] {dag.py:3096} INFO - Sync 1 DAGs
[2024-05-11T15:11:09.867-0300] {logging_mixin.py:188} INFO - [2024-05-11T15:11:09.867-0300] {dag.py:3954} INFO - Setting next_dagrun for example_display_name to None, run_after=None
[2024-05-11T15:11:09.902-0300] {processor.py:183} INFO - Processing /home/patricia/Documentos/airflow/airflow_venv/lib/python3.10/site-packages/airflow/example_dags/example_display_name.py took 0.081 seconds
[2024-05-11T15:12:32.262-0300] {processor.py:161} INFO - Started process (PID=4667) to work on /home/patricia/Documentos/airflow/airflow_venv/lib/python3.10/site-packages/airflow/example_dags/example_display_name.py
[2024-05-11T15:12:32.264-0300] {processor.py:830} INFO - Processing file /home/patricia/Documentos/airflow/airflow_venv/lib/python3.10/site-packages/airflow/example_dags/example_display_name.py for tasks to queue
[2024-05-11T15:12:32.267-0300] {logging_mixin.py:188} INFO - [2024-05-11T15:12:32.267-0300] {dagbag.py:545} INFO - Filling up the DagBag from /home/patricia/Documentos/airflow/airflow_venv/lib/python3.10/site-packages/airflow/example_dags/example_display_name.py
[2024-05-11T15:12:32.274-0300] {processor.py:840} INFO - DAG(s) 'example_display_name' retrieved from /home/patricia/Documentos/airflow/airflow_venv/lib/python3.10/site-packages/airflow/example_dags/example_display_name.py
[2024-05-11T15:12:32.486-0300] {logging_mixin.py:188} INFO - [2024-05-11T15:12:32.486-0300] {dag.py:3096} INFO - Sync 1 DAGs
[2024-05-11T15:12:32.501-0300] {logging_mixin.py:188} INFO - [2024-05-11T15:12:32.501-0300] {dag.py:3954} INFO - Setting next_dagrun for example_display_name to None, run_after=None
[2024-05-11T15:12:32.531-0300] {processor.py:183} INFO - Processing /home/patricia/Documentos/airflow/airflow_venv/lib/python3.10/site-packages/airflow/example_dags/example_display_name.py took 0.277 seconds
[2024-05-11T15:14:03.019-0300] {processor.py:161} INFO - Started process (PID=4802) to work on /home/patricia/Documentos/airflow/airflow_venv/lib/python3.10/site-packages/airflow/example_dags/example_display_name.py
[2024-05-11T15:14:03.022-0300] {processor.py:830} INFO - Processing file /home/patricia/Documentos/airflow/airflow_venv/lib/python3.10/site-packages/airflow/example_dags/example_display_name.py for tasks to queue
[2024-05-11T15:14:03.026-0300] {logging_mixin.py:188} INFO - [2024-05-11T15:14:03.025-0300] {dagbag.py:545} INFO - Filling up the DagBag from /home/patricia/Documentos/airflow/airflow_venv/lib/python3.10/site-packages/airflow/example_dags/example_display_name.py
[2024-05-11T15:14:03.034-0300] {processor.py:840} INFO - DAG(s) 'example_display_name' retrieved from /home/patricia/Documentos/airflow/airflow_venv/lib/python3.10/site-packages/airflow/example_dags/example_display_name.py
[2024-05-11T15:14:03.082-0300] {logging_mixin.py:188} INFO - [2024-05-11T15:14:03.081-0300] {dag.py:3096} INFO - Sync 1 DAGs
[2024-05-11T15:14:03.107-0300] {logging_mixin.py:188} INFO - [2024-05-11T15:14:03.107-0300] {dag.py:3954} INFO - Setting next_dagrun for example_display_name to None, run_after=None
[2024-05-11T15:14:03.175-0300] {processor.py:183} INFO - Processing /home/patricia/Documentos/airflow/airflow_venv/lib/python3.10/site-packages/airflow/example_dags/example_display_name.py took 0.162 seconds
[2024-05-11T15:14:51.356-0300] {processor.py:161} INFO - Started process (PID=4926) to work on /home/patricia/Documentos/airflow/airflow_venv/lib/python3.10/site-packages/airflow/example_dags/example_display_name.py
[2024-05-11T15:14:51.360-0300] {processor.py:830} INFO - Processing file /home/patricia/Documentos/airflow/airflow_venv/lib/python3.10/site-packages/airflow/example_dags/example_display_name.py for tasks to queue
[2024-05-11T15:14:51.364-0300] {logging_mixin.py:188} INFO - [2024-05-11T15:14:51.363-0300] {dagbag.py:545} INFO - Filling up the DagBag from /home/patricia/Documentos/airflow/airflow_venv/lib/python3.10/site-packages/airflow/example_dags/example_display_name.py
[2024-05-11T15:14:51.371-0300] {processor.py:840} INFO - DAG(s) 'example_display_name' retrieved from /home/patricia/Documentos/airflow/airflow_venv/lib/python3.10/site-packages/airflow/example_dags/example_display_name.py
[2024-05-11T15:14:51.512-0300] {logging_mixin.py:188} INFO - [2024-05-11T15:14:51.512-0300] {dag.py:3096} INFO - Sync 1 DAGs
[2024-05-11T15:14:51.526-0300] {logging_mixin.py:188} INFO - [2024-05-11T15:14:51.525-0300] {dag.py:3954} INFO - Setting next_dagrun for example_display_name to None, run_after=None
[2024-05-11T15:14:51.562-0300] {processor.py:183} INFO - Processing /home/patricia/Documentos/airflow/airflow_venv/lib/python3.10/site-packages/airflow/example_dags/example_display_name.py took 0.248 seconds
[2024-05-11T15:15:59.351-0300] {processor.py:161} INFO - Started process (PID=5075) to work on /home/patricia/Documentos/airflow/airflow_venv/lib/python3.10/site-packages/airflow/example_dags/example_display_name.py
[2024-05-11T15:15:59.353-0300] {processor.py:830} INFO - Processing file /home/patricia/Documentos/airflow/airflow_venv/lib/python3.10/site-packages/airflow/example_dags/example_display_name.py for tasks to queue
[2024-05-11T15:15:59.356-0300] {logging_mixin.py:188} INFO - [2024-05-11T15:15:59.356-0300] {dagbag.py:545} INFO - Filling up the DagBag from /home/patricia/Documentos/airflow/airflow_venv/lib/python3.10/site-packages/airflow/example_dags/example_display_name.py
[2024-05-11T15:15:59.365-0300] {processor.py:840} INFO - DAG(s) 'example_display_name' retrieved from /home/patricia/Documentos/airflow/airflow_venv/lib/python3.10/site-packages/airflow/example_dags/example_display_name.py
[2024-05-11T15:15:59.383-0300] {logging_mixin.py:188} INFO - [2024-05-11T15:15:59.382-0300] {dag.py:3096} INFO - Sync 1 DAGs
[2024-05-11T15:15:59.397-0300] {logging_mixin.py:188} INFO - [2024-05-11T15:15:59.397-0300] {dag.py:3954} INFO - Setting next_dagrun for example_display_name to None, run_after=None
[2024-05-11T15:15:59.432-0300] {processor.py:183} INFO - Processing /home/patricia/Documentos/airflow/airflow_venv/lib/python3.10/site-packages/airflow/example_dags/example_display_name.py took 0.089 seconds
[2024-05-11T15:16:58.337-0300] {processor.py:161} INFO - Started process (PID=5188) to work on /home/patricia/Documentos/airflow/airflow_venv/lib/python3.10/site-packages/airflow/example_dags/example_display_name.py
[2024-05-11T15:16:58.341-0300] {processor.py:830} INFO - Processing file /home/patricia/Documentos/airflow/airflow_venv/lib/python3.10/site-packages/airflow/example_dags/example_display_name.py for tasks to queue
[2024-05-11T15:16:58.344-0300] {logging_mixin.py:188} INFO - [2024-05-11T15:16:58.343-0300] {dagbag.py:545} INFO - Filling up the DagBag from /home/patricia/Documentos/airflow/airflow_venv/lib/python3.10/site-packages/airflow/example_dags/example_display_name.py
[2024-05-11T15:16:58.354-0300] {processor.py:840} INFO - DAG(s) 'example_display_name' retrieved from /home/patricia/Documentos/airflow/airflow_venv/lib/python3.10/site-packages/airflow/example_dags/example_display_name.py
[2024-05-11T15:16:58.377-0300] {logging_mixin.py:188} INFO - [2024-05-11T15:16:58.376-0300] {dag.py:3096} INFO - Sync 1 DAGs
[2024-05-11T15:16:58.396-0300] {logging_mixin.py:188} INFO - [2024-05-11T15:16:58.396-0300] {dag.py:3954} INFO - Setting next_dagrun for example_display_name to None, run_after=None
[2024-05-11T15:16:58.440-0300] {processor.py:183} INFO - Processing /home/patricia/Documentos/airflow/airflow_venv/lib/python3.10/site-packages/airflow/example_dags/example_display_name.py took 0.113 seconds
[2024-05-11T15:18:05.864-0300] {processor.py:161} INFO - Started process (PID=5345) to work on /home/patricia/Documentos/airflow/airflow_venv/lib/python3.10/site-packages/airflow/example_dags/example_display_name.py
[2024-05-11T15:18:05.874-0300] {processor.py:830} INFO - Processing file /home/patricia/Documentos/airflow/airflow_venv/lib/python3.10/site-packages/airflow/example_dags/example_display_name.py for tasks to queue
[2024-05-11T15:18:05.877-0300] {logging_mixin.py:188} INFO - [2024-05-11T15:18:05.877-0300] {dagbag.py:545} INFO - Filling up the DagBag from /home/patricia/Documentos/airflow/airflow_venv/lib/python3.10/site-packages/airflow/example_dags/example_display_name.py
[2024-05-11T15:18:05.888-0300] {processor.py:840} INFO - DAG(s) 'example_display_name' retrieved from /home/patricia/Documentos/airflow/airflow_venv/lib/python3.10/site-packages/airflow/example_dags/example_display_name.py
[2024-05-11T15:18:05.931-0300] {logging_mixin.py:188} INFO - [2024-05-11T15:18:05.931-0300] {dag.py:3096} INFO - Sync 1 DAGs
[2024-05-11T15:18:05.967-0300] {logging_mixin.py:188} INFO - [2024-05-11T15:18:05.967-0300] {dag.py:3954} INFO - Setting next_dagrun for example_display_name to None, run_after=None
[2024-05-11T15:18:06.062-0300] {processor.py:183} INFO - Processing /home/patricia/Documentos/airflow/airflow_venv/lib/python3.10/site-packages/airflow/example_dags/example_display_name.py took 0.206 seconds
[2024-05-11T15:19:14.050-0300] {processor.py:161} INFO - Started process (PID=5960) to work on /home/patricia/Documentos/airflow/airflow_venv/lib/python3.10/site-packages/airflow/example_dags/example_display_name.py
[2024-05-11T15:19:14.053-0300] {processor.py:830} INFO - Processing file /home/patricia/Documentos/airflow/airflow_venv/lib/python3.10/site-packages/airflow/example_dags/example_display_name.py for tasks to queue
[2024-05-11T15:19:14.056-0300] {logging_mixin.py:188} INFO - [2024-05-11T15:19:14.055-0300] {dagbag.py:545} INFO - Filling up the DagBag from /home/patricia/Documentos/airflow/airflow_venv/lib/python3.10/site-packages/airflow/example_dags/example_display_name.py
[2024-05-11T15:19:14.064-0300] {processor.py:840} INFO - DAG(s) 'example_display_name' retrieved from /home/patricia/Documentos/airflow/airflow_venv/lib/python3.10/site-packages/airflow/example_dags/example_display_name.py
[2024-05-11T15:19:14.084-0300] {logging_mixin.py:188} INFO - [2024-05-11T15:19:14.084-0300] {dag.py:3096} INFO - Sync 1 DAGs
[2024-05-11T15:19:14.099-0300] {logging_mixin.py:188} INFO - [2024-05-11T15:19:14.099-0300] {dag.py:3954} INFO - Setting next_dagrun for example_display_name to None, run_after=None
[2024-05-11T15:19:14.137-0300] {processor.py:183} INFO - Processing /home/patricia/Documentos/airflow/airflow_venv/lib/python3.10/site-packages/airflow/example_dags/example_display_name.py took 0.098 seconds
[2024-05-11T15:20:24.080-0300] {processor.py:161} INFO - Started process (PID=6104) to work on /home/patricia/Documentos/airflow/airflow_venv/lib/python3.10/site-packages/airflow/example_dags/example_display_name.py
[2024-05-11T15:20:24.328-0300] {processor.py:830} INFO - Processing file /home/patricia/Documentos/airflow/airflow_venv/lib/python3.10/site-packages/airflow/example_dags/example_display_name.py for tasks to queue
[2024-05-11T15:20:24.330-0300] {logging_mixin.py:188} INFO - [2024-05-11T15:20:24.330-0300] {dagbag.py:545} INFO - Filling up the DagBag from /home/patricia/Documentos/airflow/airflow_venv/lib/python3.10/site-packages/airflow/example_dags/example_display_name.py
[2024-05-11T15:20:24.338-0300] {processor.py:840} INFO - DAG(s) 'example_display_name' retrieved from /home/patricia/Documentos/airflow/airflow_venv/lib/python3.10/site-packages/airflow/example_dags/example_display_name.py
[2024-05-11T15:20:24.353-0300] {logging_mixin.py:188} INFO - [2024-05-11T15:20:24.353-0300] {dag.py:3096} INFO - Sync 1 DAGs
[2024-05-11T15:20:24.367-0300] {logging_mixin.py:188} INFO - [2024-05-11T15:20:24.367-0300] {dag.py:3954} INFO - Setting next_dagrun for example_display_name to None, run_after=None
[2024-05-11T15:20:25.320-0300] {processor.py:183} INFO - Processing /home/patricia/Documentos/airflow/airflow_venv/lib/python3.10/site-packages/airflow/example_dags/example_display_name.py took 1.246 seconds
[2024-05-11T15:21:36.995-0300] {processor.py:161} INFO - Started process (PID=6212) to work on /home/patricia/Documentos/airflow/airflow_venv/lib/python3.10/site-packages/airflow/example_dags/example_display_name.py
[2024-05-11T15:21:36.999-0300] {processor.py:830} INFO - Processing file /home/patricia/Documentos/airflow/airflow_venv/lib/python3.10/site-packages/airflow/example_dags/example_display_name.py for tasks to queue
[2024-05-11T15:21:37.005-0300] {logging_mixin.py:188} INFO - [2024-05-11T15:21:37.003-0300] {dagbag.py:545} INFO - Filling up the DagBag from /home/patricia/Documentos/airflow/airflow_venv/lib/python3.10/site-packages/airflow/example_dags/example_display_name.py
[2024-05-11T15:21:37.038-0300] {processor.py:840} INFO - DAG(s) 'example_display_name' retrieved from /home/patricia/Documentos/airflow/airflow_venv/lib/python3.10/site-packages/airflow/example_dags/example_display_name.py
[2024-05-11T15:21:37.114-0300] {logging_mixin.py:188} INFO - [2024-05-11T15:21:37.113-0300] {dag.py:3096} INFO - Sync 1 DAGs
[2024-05-11T15:21:37.150-0300] {logging_mixin.py:188} INFO - [2024-05-11T15:21:37.149-0300] {dag.py:3954} INFO - Setting next_dagrun for example_display_name to None, run_after=None
[2024-05-11T15:21:37.251-0300] {processor.py:183} INFO - Processing /home/patricia/Documentos/airflow/airflow_venv/lib/python3.10/site-packages/airflow/example_dags/example_display_name.py took 0.276 seconds
[2024-05-11T15:22:25.813-0300] {processor.py:161} INFO - Started process (PID=6311) to work on /home/patricia/Documentos/airflow/airflow_venv/lib/python3.10/site-packages/airflow/example_dags/example_display_name.py
[2024-05-11T15:22:25.818-0300] {processor.py:830} INFO - Processing file /home/patricia/Documentos/airflow/airflow_venv/lib/python3.10/site-packages/airflow/example_dags/example_display_name.py for tasks to queue
[2024-05-11T15:22:25.823-0300] {logging_mixin.py:188} INFO - [2024-05-11T15:22:25.822-0300] {dagbag.py:545} INFO - Filling up the DagBag from /home/patricia/Documentos/airflow/airflow_venv/lib/python3.10/site-packages/airflow/example_dags/example_display_name.py
[2024-05-11T15:22:25.839-0300] {processor.py:840} INFO - DAG(s) 'example_display_name' retrieved from /home/patricia/Documentos/airflow/airflow_venv/lib/python3.10/site-packages/airflow/example_dags/example_display_name.py
[2024-05-11T15:22:25.873-0300] {logging_mixin.py:188} INFO - [2024-05-11T15:22:25.873-0300] {dag.py:3096} INFO - Sync 1 DAGs
[2024-05-11T15:22:25.903-0300] {logging_mixin.py:188} INFO - [2024-05-11T15:22:25.902-0300] {dag.py:3954} INFO - Setting next_dagrun for example_display_name to None, run_after=None
[2024-05-11T15:22:26.079-0300] {processor.py:183} INFO - Processing /home/patricia/Documentos/airflow/airflow_venv/lib/python3.10/site-packages/airflow/example_dags/example_display_name.py took 0.284 seconds
[2024-05-11T15:23:27.957-0300] {processor.py:161} INFO - Started process (PID=6454) to work on /home/patricia/Documentos/airflow/airflow_venv/lib/python3.10/site-packages/airflow/example_dags/example_display_name.py
[2024-05-11T15:23:27.959-0300] {processor.py:830} INFO - Processing file /home/patricia/Documentos/airflow/airflow_venv/lib/python3.10/site-packages/airflow/example_dags/example_display_name.py for tasks to queue
[2024-05-11T15:23:27.962-0300] {logging_mixin.py:188} INFO - [2024-05-11T15:23:27.961-0300] {dagbag.py:545} INFO - Filling up the DagBag from /home/patricia/Documentos/airflow/airflow_venv/lib/python3.10/site-packages/airflow/example_dags/example_display_name.py
[2024-05-11T15:23:27.970-0300] {processor.py:840} INFO - DAG(s) 'example_display_name' retrieved from /home/patricia/Documentos/airflow/airflow_venv/lib/python3.10/site-packages/airflow/example_dags/example_display_name.py
[2024-05-11T15:23:27.987-0300] {logging_mixin.py:188} INFO - [2024-05-11T15:23:27.987-0300] {dag.py:3096} INFO - Sync 1 DAGs
[2024-05-11T15:23:28.002-0300] {logging_mixin.py:188} INFO - [2024-05-11T15:23:28.001-0300] {dag.py:3954} INFO - Setting next_dagrun for example_display_name to None, run_after=None
[2024-05-11T15:23:28.035-0300] {processor.py:183} INFO - Processing /home/patricia/Documentos/airflow/airflow_venv/lib/python3.10/site-packages/airflow/example_dags/example_display_name.py took 0.085 seconds
[2024-05-11T15:24:29.657-0300] {processor.py:161} INFO - Started process (PID=6566) to work on /home/patricia/Documentos/airflow/airflow_venv/lib/python3.10/site-packages/airflow/example_dags/example_display_name.py
[2024-05-11T15:24:29.661-0300] {processor.py:830} INFO - Processing file /home/patricia/Documentos/airflow/airflow_venv/lib/python3.10/site-packages/airflow/example_dags/example_display_name.py for tasks to queue
[2024-05-11T15:24:29.664-0300] {logging_mixin.py:188} INFO - [2024-05-11T15:24:29.663-0300] {dagbag.py:545} INFO - Filling up the DagBag from /home/patricia/Documentos/airflow/airflow_venv/lib/python3.10/site-packages/airflow/example_dags/example_display_name.py
[2024-05-11T15:24:29.674-0300] {processor.py:840} INFO - DAG(s) 'example_display_name' retrieved from /home/patricia/Documentos/airflow/airflow_venv/lib/python3.10/site-packages/airflow/example_dags/example_display_name.py
[2024-05-11T15:24:29.698-0300] {logging_mixin.py:188} INFO - [2024-05-11T15:24:29.698-0300] {dag.py:3096} INFO - Sync 1 DAGs
[2024-05-11T15:24:29.730-0300] {logging_mixin.py:188} INFO - [2024-05-11T15:24:29.730-0300] {dag.py:3954} INFO - Setting next_dagrun for example_display_name to None, run_after=None
[2024-05-11T15:24:29.809-0300] {processor.py:183} INFO - Processing /home/patricia/Documentos/airflow/airflow_venv/lib/python3.10/site-packages/airflow/example_dags/example_display_name.py took 0.159 seconds
[2024-05-11T15:26:14.164-0300] {processor.py:161} INFO - Started process (PID=7410) to work on /home/patricia/Documentos/airflow/airflow_venv/lib/python3.10/site-packages/airflow/example_dags/example_display_name.py
[2024-05-11T15:26:14.171-0300] {processor.py:830} INFO - Processing file /home/patricia/Documentos/airflow/airflow_venv/lib/python3.10/site-packages/airflow/example_dags/example_display_name.py for tasks to queue
[2024-05-11T15:26:14.176-0300] {logging_mixin.py:188} INFO - [2024-05-11T15:26:14.175-0300] {dagbag.py:545} INFO - Filling up the DagBag from /home/patricia/Documentos/airflow/airflow_venv/lib/python3.10/site-packages/airflow/example_dags/example_display_name.py
[2024-05-11T15:26:14.198-0300] {processor.py:840} INFO - DAG(s) 'example_display_name' retrieved from /home/patricia/Documentos/airflow/airflow_venv/lib/python3.10/site-packages/airflow/example_dags/example_display_name.py
[2024-05-11T15:26:14.218-0300] {logging_mixin.py:188} INFO - [2024-05-11T15:26:14.217-0300] {dag.py:3096} INFO - Sync 1 DAGs
[2024-05-11T15:26:14.239-0300] {logging_mixin.py:188} INFO - [2024-05-11T15:26:14.238-0300] {dag.py:3954} INFO - Setting next_dagrun for example_display_name to None, run_after=None
[2024-05-11T15:26:14.314-0300] {processor.py:183} INFO - Processing /home/patricia/Documentos/airflow/airflow_venv/lib/python3.10/site-packages/airflow/example_dags/example_display_name.py took 0.159 seconds
[2024-05-11T15:27:34.049-0300] {processor.py:161} INFO - Started process (PID=7657) to work on /home/patricia/Documentos/airflow/airflow_venv/lib/python3.10/site-packages/airflow/example_dags/example_display_name.py
[2024-05-11T15:27:34.109-0300] {processor.py:830} INFO - Processing file /home/patricia/Documentos/airflow/airflow_venv/lib/python3.10/site-packages/airflow/example_dags/example_display_name.py for tasks to queue
[2024-05-11T15:27:34.120-0300] {logging_mixin.py:188} INFO - [2024-05-11T15:27:34.119-0300] {dagbag.py:545} INFO - Filling up the DagBag from /home/patricia/Documentos/airflow/airflow_venv/lib/python3.10/site-packages/airflow/example_dags/example_display_name.py
[2024-05-11T15:27:34.142-0300] {processor.py:840} INFO - DAG(s) 'example_display_name' retrieved from /home/patricia/Documentos/airflow/airflow_venv/lib/python3.10/site-packages/airflow/example_dags/example_display_name.py
[2024-05-11T15:27:34.636-0300] {logging_mixin.py:188} INFO - [2024-05-11T15:27:34.636-0300] {dag.py:3096} INFO - Sync 1 DAGs
[2024-05-11T15:27:34.706-0300] {logging_mixin.py:188} INFO - [2024-05-11T15:27:34.705-0300] {dag.py:3954} INFO - Setting next_dagrun for example_display_name to None, run_after=None
[2024-05-11T15:27:34.781-0300] {processor.py:183} INFO - Processing /home/patricia/Documentos/airflow/airflow_venv/lib/python3.10/site-packages/airflow/example_dags/example_display_name.py took 0.746 seconds
[2024-05-11T15:28:52.377-0300] {processor.py:161} INFO - Started process (PID=7811) to work on /home/patricia/Documentos/airflow/airflow_venv/lib/python3.10/site-packages/airflow/example_dags/example_display_name.py
[2024-05-11T15:28:52.383-0300] {processor.py:830} INFO - Processing file /home/patricia/Documentos/airflow/airflow_venv/lib/python3.10/site-packages/airflow/example_dags/example_display_name.py for tasks to queue
[2024-05-11T15:28:52.409-0300] {logging_mixin.py:188} INFO - [2024-05-11T15:28:52.409-0300] {dagbag.py:545} INFO - Filling up the DagBag from /home/patricia/Documentos/airflow/airflow_venv/lib/python3.10/site-packages/airflow/example_dags/example_display_name.py
[2024-05-11T15:28:52.423-0300] {processor.py:840} INFO - DAG(s) 'example_display_name' retrieved from /home/patricia/Documentos/airflow/airflow_venv/lib/python3.10/site-packages/airflow/example_dags/example_display_name.py
[2024-05-11T15:28:52.446-0300] {logging_mixin.py:188} INFO - [2024-05-11T15:28:52.445-0300] {dag.py:3096} INFO - Sync 1 DAGs
[2024-05-11T15:28:52.591-0300] {logging_mixin.py:188} INFO - [2024-05-11T15:28:52.590-0300] {dag.py:3954} INFO - Setting next_dagrun for example_display_name to None, run_after=None
[2024-05-11T15:28:52.646-0300] {processor.py:183} INFO - Processing /home/patricia/Documentos/airflow/airflow_venv/lib/python3.10/site-packages/airflow/example_dags/example_display_name.py took 0.279 seconds
[2024-05-11T15:29:36.481-0300] {processor.py:161} INFO - Started process (PID=7902) to work on /home/patricia/Documentos/airflow/airflow_venv/lib/python3.10/site-packages/airflow/example_dags/example_display_name.py
[2024-05-11T15:29:36.487-0300] {processor.py:830} INFO - Processing file /home/patricia/Documentos/airflow/airflow_venv/lib/python3.10/site-packages/airflow/example_dags/example_display_name.py for tasks to queue
[2024-05-11T15:29:36.493-0300] {logging_mixin.py:188} INFO - [2024-05-11T15:29:36.492-0300] {dagbag.py:545} INFO - Filling up the DagBag from /home/patricia/Documentos/airflow/airflow_venv/lib/python3.10/site-packages/airflow/example_dags/example_display_name.py
[2024-05-11T15:29:36.506-0300] {processor.py:840} INFO - DAG(s) 'example_display_name' retrieved from /home/patricia/Documentos/airflow/airflow_venv/lib/python3.10/site-packages/airflow/example_dags/example_display_name.py
[2024-05-11T15:29:36.596-0300] {logging_mixin.py:188} INFO - [2024-05-11T15:29:36.595-0300] {dag.py:3096} INFO - Sync 1 DAGs
[2024-05-11T15:29:36.615-0300] {logging_mixin.py:188} INFO - [2024-05-11T15:29:36.615-0300] {dag.py:3954} INFO - Setting next_dagrun for example_display_name to None, run_after=None
[2024-05-11T15:29:36.663-0300] {processor.py:183} INFO - Processing /home/patricia/Documentos/airflow/airflow_venv/lib/python3.10/site-packages/airflow/example_dags/example_display_name.py took 0.237 seconds
[2024-05-11T15:30:26.612-0300] {processor.py:161} INFO - Started process (PID=8004) to work on /home/patricia/Documentos/airflow/airflow_venv/lib/python3.10/site-packages/airflow/example_dags/example_display_name.py
[2024-05-11T15:30:26.615-0300] {processor.py:830} INFO - Processing file /home/patricia/Documentos/airflow/airflow_venv/lib/python3.10/site-packages/airflow/example_dags/example_display_name.py for tasks to queue
[2024-05-11T15:30:26.618-0300] {logging_mixin.py:188} INFO - [2024-05-11T15:30:26.617-0300] {dagbag.py:545} INFO - Filling up the DagBag from /home/patricia/Documentos/airflow/airflow_venv/lib/python3.10/site-packages/airflow/example_dags/example_display_name.py
[2024-05-11T15:30:26.627-0300] {processor.py:840} INFO - DAG(s) 'example_display_name' retrieved from /home/patricia/Documentos/airflow/airflow_venv/lib/python3.10/site-packages/airflow/example_dags/example_display_name.py
[2024-05-11T15:30:26.672-0300] {logging_mixin.py:188} INFO - [2024-05-11T15:30:26.671-0300] {dag.py:3096} INFO - Sync 1 DAGs
[2024-05-11T15:30:26.697-0300] {logging_mixin.py:188} INFO - [2024-05-11T15:30:26.695-0300] {dag.py:3954} INFO - Setting next_dagrun for example_display_name to None, run_after=None
[2024-05-11T15:30:26.770-0300] {processor.py:183} INFO - Processing /home/patricia/Documentos/airflow/airflow_venv/lib/python3.10/site-packages/airflow/example_dags/example_display_name.py took 0.174 seconds
[2024-05-11T15:31:10.440-0300] {processor.py:161} INFO - Started process (PID=8133) to work on /home/patricia/Documentos/airflow/airflow_venv/lib/python3.10/site-packages/airflow/example_dags/example_display_name.py
[2024-05-11T15:31:10.444-0300] {processor.py:830} INFO - Processing file /home/patricia/Documentos/airflow/airflow_venv/lib/python3.10/site-packages/airflow/example_dags/example_display_name.py for tasks to queue
[2024-05-11T15:31:10.447-0300] {logging_mixin.py:188} INFO - [2024-05-11T15:31:10.446-0300] {dagbag.py:545} INFO - Filling up the DagBag from /home/patricia/Documentos/airflow/airflow_venv/lib/python3.10/site-packages/airflow/example_dags/example_display_name.py
[2024-05-11T15:31:10.454-0300] {processor.py:840} INFO - DAG(s) 'example_display_name' retrieved from /home/patricia/Documentos/airflow/airflow_venv/lib/python3.10/site-packages/airflow/example_dags/example_display_name.py
[2024-05-11T15:31:10.472-0300] {logging_mixin.py:188} INFO - [2024-05-11T15:31:10.471-0300] {dag.py:3096} INFO - Sync 1 DAGs
[2024-05-11T15:31:10.484-0300] {logging_mixin.py:188} INFO - [2024-05-11T15:31:10.484-0300] {dag.py:3954} INFO - Setting next_dagrun for example_display_name to None, run_after=None
[2024-05-11T15:31:10.517-0300] {processor.py:183} INFO - Processing /home/patricia/Documentos/airflow/airflow_venv/lib/python3.10/site-packages/airflow/example_dags/example_display_name.py took 0.085 seconds
[2024-05-11T15:32:14.382-0300] {processor.py:161} INFO - Started process (PID=8362) to work on /home/patricia/Documentos/airflow/airflow_venv/lib/python3.10/site-packages/airflow/example_dags/example_display_name.py
[2024-05-11T15:32:14.385-0300] {processor.py:830} INFO - Processing file /home/patricia/Documentos/airflow/airflow_venv/lib/python3.10/site-packages/airflow/example_dags/example_display_name.py for tasks to queue
[2024-05-11T15:32:14.387-0300] {logging_mixin.py:188} INFO - [2024-05-11T15:32:14.386-0300] {dagbag.py:545} INFO - Filling up the DagBag from /home/patricia/Documentos/airflow/airflow_venv/lib/python3.10/site-packages/airflow/example_dags/example_display_name.py
[2024-05-11T15:32:14.395-0300] {processor.py:840} INFO - DAG(s) 'example_display_name' retrieved from /home/patricia/Documentos/airflow/airflow_venv/lib/python3.10/site-packages/airflow/example_dags/example_display_name.py
[2024-05-11T15:32:14.413-0300] {logging_mixin.py:188} INFO - [2024-05-11T15:32:14.412-0300] {dag.py:3096} INFO - Sync 1 DAGs
[2024-05-11T15:32:14.425-0300] {logging_mixin.py:188} INFO - [2024-05-11T15:32:14.425-0300] {dag.py:3954} INFO - Setting next_dagrun for example_display_name to None, run_after=None
[2024-05-11T15:32:14.474-0300] {processor.py:183} INFO - Processing /home/patricia/Documentos/airflow/airflow_venv/lib/python3.10/site-packages/airflow/example_dags/example_display_name.py took 0.099 seconds
[2024-05-11T15:33:20.381-0300] {processor.py:161} INFO - Started process (PID=8681) to work on /home/patricia/Documentos/airflow/airflow_venv/lib/python3.10/site-packages/airflow/example_dags/example_display_name.py
[2024-05-11T15:33:20.385-0300] {processor.py:830} INFO - Processing file /home/patricia/Documentos/airflow/airflow_venv/lib/python3.10/site-packages/airflow/example_dags/example_display_name.py for tasks to queue
[2024-05-11T15:33:20.394-0300] {logging_mixin.py:188} INFO - [2024-05-11T15:33:20.394-0300] {dagbag.py:545} INFO - Filling up the DagBag from /home/patricia/Documentos/airflow/airflow_venv/lib/python3.10/site-packages/airflow/example_dags/example_display_name.py
[2024-05-11T15:33:20.402-0300] {processor.py:840} INFO - DAG(s) 'example_display_name' retrieved from /home/patricia/Documentos/airflow/airflow_venv/lib/python3.10/site-packages/airflow/example_dags/example_display_name.py
[2024-05-11T15:33:20.419-0300] {logging_mixin.py:188} INFO - [2024-05-11T15:33:20.419-0300] {dag.py:3096} INFO - Sync 1 DAGs
[2024-05-11T15:33:20.435-0300] {logging_mixin.py:188} INFO - [2024-05-11T15:33:20.435-0300] {dag.py:3954} INFO - Setting next_dagrun for example_display_name to None, run_after=None
[2024-05-11T15:33:20.470-0300] {processor.py:183} INFO - Processing /home/patricia/Documentos/airflow/airflow_venv/lib/python3.10/site-packages/airflow/example_dags/example_display_name.py took 0.096 seconds
[2024-05-11T15:34:35.054-0300] {processor.py:161} INFO - Started process (PID=9327) to work on /home/patricia/Documentos/airflow/airflow_venv/lib/python3.10/site-packages/airflow/example_dags/example_display_name.py
[2024-05-11T15:34:35.056-0300] {processor.py:830} INFO - Processing file /home/patricia/Documentos/airflow/airflow_venv/lib/python3.10/site-packages/airflow/example_dags/example_display_name.py for tasks to queue
[2024-05-11T15:34:35.058-0300] {logging_mixin.py:188} INFO - [2024-05-11T15:34:35.058-0300] {dagbag.py:545} INFO - Filling up the DagBag from /home/patricia/Documentos/airflow/airflow_venv/lib/python3.10/site-packages/airflow/example_dags/example_display_name.py
[2024-05-11T15:34:35.066-0300] {processor.py:840} INFO - DAG(s) 'example_display_name' retrieved from /home/patricia/Documentos/airflow/airflow_venv/lib/python3.10/site-packages/airflow/example_dags/example_display_name.py
[2024-05-11T15:34:35.083-0300] {logging_mixin.py:188} INFO - [2024-05-11T15:34:35.083-0300] {dag.py:3096} INFO - Sync 1 DAGs
[2024-05-11T15:34:35.096-0300] {logging_mixin.py:188} INFO - [2024-05-11T15:34:35.096-0300] {dag.py:3954} INFO - Setting next_dagrun for example_display_name to None, run_after=None
[2024-05-11T15:34:35.129-0300] {processor.py:183} INFO - Processing /home/patricia/Documentos/airflow/airflow_venv/lib/python3.10/site-packages/airflow/example_dags/example_display_name.py took 0.083 seconds
[2024-05-11T15:35:48.562-0300] {processor.py:161} INFO - Started process (PID=9533) to work on /home/patricia/Documentos/airflow/airflow_venv/lib/python3.10/site-packages/airflow/example_dags/example_display_name.py
[2024-05-11T15:35:48.565-0300] {processor.py:830} INFO - Processing file /home/patricia/Documentos/airflow/airflow_venv/lib/python3.10/site-packages/airflow/example_dags/example_display_name.py for tasks to queue
[2024-05-11T15:35:48.567-0300] {logging_mixin.py:188} INFO - [2024-05-11T15:35:48.566-0300] {dagbag.py:545} INFO - Filling up the DagBag from /home/patricia/Documentos/airflow/airflow_venv/lib/python3.10/site-packages/airflow/example_dags/example_display_name.py
[2024-05-11T15:35:48.591-0300] {processor.py:840} INFO - DAG(s) 'example_display_name' retrieved from /home/patricia/Documentos/airflow/airflow_venv/lib/python3.10/site-packages/airflow/example_dags/example_display_name.py
[2024-05-11T15:35:48.625-0300] {logging_mixin.py:188} INFO - [2024-05-11T15:35:48.625-0300] {dag.py:3096} INFO - Sync 1 DAGs
[2024-05-11T15:35:48.647-0300] {logging_mixin.py:188} INFO - [2024-05-11T15:35:48.647-0300] {dag.py:3954} INFO - Setting next_dagrun for example_display_name to None, run_after=None
[2024-05-11T15:35:48.695-0300] {processor.py:183} INFO - Processing /home/patricia/Documentos/airflow/airflow_venv/lib/python3.10/site-packages/airflow/example_dags/example_display_name.py took 0.141 seconds
[2024-05-11T15:37:11.288-0300] {processor.py:161} INFO - Started process (PID=9811) to work on /home/patricia/Documentos/airflow/airflow_venv/lib/python3.10/site-packages/airflow/example_dags/example_display_name.py
[2024-05-11T15:37:11.291-0300] {processor.py:830} INFO - Processing file /home/patricia/Documentos/airflow/airflow_venv/lib/python3.10/site-packages/airflow/example_dags/example_display_name.py for tasks to queue
[2024-05-11T15:37:11.294-0300] {logging_mixin.py:188} INFO - [2024-05-11T15:37:11.293-0300] {dagbag.py:545} INFO - Filling up the DagBag from /home/patricia/Documentos/airflow/airflow_venv/lib/python3.10/site-packages/airflow/example_dags/example_display_name.py
[2024-05-11T15:37:11.303-0300] {processor.py:840} INFO - DAG(s) 'example_display_name' retrieved from /home/patricia/Documentos/airflow/airflow_venv/lib/python3.10/site-packages/airflow/example_dags/example_display_name.py
[2024-05-11T15:37:11.368-0300] {logging_mixin.py:188} INFO - [2024-05-11T15:37:11.367-0300] {dag.py:3096} INFO - Sync 1 DAGs
[2024-05-11T15:37:11.460-0300] {logging_mixin.py:188} INFO - [2024-05-11T15:37:11.460-0300] {dag.py:3954} INFO - Setting next_dagrun for example_display_name to None, run_after=None
[2024-05-11T15:37:11.628-0300] {processor.py:183} INFO - Processing /home/patricia/Documentos/airflow/airflow_venv/lib/python3.10/site-packages/airflow/example_dags/example_display_name.py took 0.349 seconds
[2024-05-11T15:38:33.810-0300] {processor.py:161} INFO - Started process (PID=9946) to work on /home/patricia/Documentos/airflow/airflow_venv/lib/python3.10/site-packages/airflow/example_dags/example_display_name.py
[2024-05-11T15:38:33.813-0300] {processor.py:830} INFO - Processing file /home/patricia/Documentos/airflow/airflow_venv/lib/python3.10/site-packages/airflow/example_dags/example_display_name.py for tasks to queue
[2024-05-11T15:38:33.816-0300] {logging_mixin.py:188} INFO - [2024-05-11T15:38:33.815-0300] {dagbag.py:545} INFO - Filling up the DagBag from /home/patricia/Documentos/airflow/airflow_venv/lib/python3.10/site-packages/airflow/example_dags/example_display_name.py
[2024-05-11T15:38:33.823-0300] {processor.py:840} INFO - DAG(s) 'example_display_name' retrieved from /home/patricia/Documentos/airflow/airflow_venv/lib/python3.10/site-packages/airflow/example_dags/example_display_name.py
[2024-05-11T15:38:33.842-0300] {logging_mixin.py:188} INFO - [2024-05-11T15:38:33.841-0300] {dag.py:3096} INFO - Sync 1 DAGs
[2024-05-11T15:38:33.854-0300] {logging_mixin.py:188} INFO - [2024-05-11T15:38:33.854-0300] {dag.py:3954} INFO - Setting next_dagrun for example_display_name to None, run_after=None
[2024-05-11T15:38:33.902-0300] {processor.py:183} INFO - Processing /home/patricia/Documentos/airflow/airflow_venv/lib/python3.10/site-packages/airflow/example_dags/example_display_name.py took 0.100 seconds
[2024-05-11T15:39:33.840-0300] {processor.py:161} INFO - Started process (PID=10053) to work on /home/patricia/Documentos/airflow/airflow_venv/lib/python3.10/site-packages/airflow/example_dags/example_display_name.py
[2024-05-11T15:39:33.846-0300] {processor.py:830} INFO - Processing file /home/patricia/Documentos/airflow/airflow_venv/lib/python3.10/site-packages/airflow/example_dags/example_display_name.py for tasks to queue
[2024-05-11T15:39:33.855-0300] {logging_mixin.py:188} INFO - [2024-05-11T15:39:33.853-0300] {dagbag.py:545} INFO - Filling up the DagBag from /home/patricia/Documentos/airflow/airflow_venv/lib/python3.10/site-packages/airflow/example_dags/example_display_name.py
[2024-05-11T15:39:33.874-0300] {processor.py:840} INFO - DAG(s) 'example_display_name' retrieved from /home/patricia/Documentos/airflow/airflow_venv/lib/python3.10/site-packages/airflow/example_dags/example_display_name.py
[2024-05-11T15:39:33.922-0300] {logging_mixin.py:188} INFO - [2024-05-11T15:39:33.921-0300] {dag.py:3096} INFO - Sync 1 DAGs
[2024-05-11T15:39:33.952-0300] {logging_mixin.py:188} INFO - [2024-05-11T15:39:33.951-0300] {dag.py:3954} INFO - Setting next_dagrun for example_display_name to None, run_after=None
[2024-05-11T15:39:34.146-0300] {processor.py:183} INFO - Processing /home/patricia/Documentos/airflow/airflow_venv/lib/python3.10/site-packages/airflow/example_dags/example_display_name.py took 0.278 seconds
[2024-05-11T15:40:51.398-0300] {processor.py:161} INFO - Started process (PID=10607) to work on /home/patricia/Documentos/airflow/airflow_venv/lib/python3.10/site-packages/airflow/example_dags/example_display_name.py
[2024-05-11T15:40:51.405-0300] {processor.py:830} INFO - Processing file /home/patricia/Documentos/airflow/airflow_venv/lib/python3.10/site-packages/airflow/example_dags/example_display_name.py for tasks to queue
[2024-05-11T15:40:51.409-0300] {logging_mixin.py:188} INFO - [2024-05-11T15:40:51.408-0300] {dagbag.py:545} INFO - Filling up the DagBag from /home/patricia/Documentos/airflow/airflow_venv/lib/python3.10/site-packages/airflow/example_dags/example_display_name.py
[2024-05-11T15:40:51.420-0300] {processor.py:840} INFO - DAG(s) 'example_display_name' retrieved from /home/patricia/Documentos/airflow/airflow_venv/lib/python3.10/site-packages/airflow/example_dags/example_display_name.py
[2024-05-11T15:40:51.477-0300] {logging_mixin.py:188} INFO - [2024-05-11T15:40:51.477-0300] {dag.py:3096} INFO - Sync 1 DAGs
[2024-05-11T15:40:51.504-0300] {logging_mixin.py:188} INFO - [2024-05-11T15:40:51.504-0300] {dag.py:3954} INFO - Setting next_dagrun for example_display_name to None, run_after=None
[2024-05-11T15:40:51.562-0300] {processor.py:183} INFO - Processing /home/patricia/Documentos/airflow/airflow_venv/lib/python3.10/site-packages/airflow/example_dags/example_display_name.py took 0.173 seconds
[2024-05-11T16:28:05.809-0300] {processor.py:161} INFO - Started process (PID=10959) to work on /home/patricia/Documentos/airflow/airflow_venv/lib/python3.10/site-packages/airflow/example_dags/example_display_name.py
[2024-05-11T16:28:05.837-0300] {processor.py:830} INFO - Processing file /home/patricia/Documentos/airflow/airflow_venv/lib/python3.10/site-packages/airflow/example_dags/example_display_name.py for tasks to queue
[2024-05-11T16:28:05.843-0300] {logging_mixin.py:188} INFO - [2024-05-11T16:28:05.842-0300] {dagbag.py:545} INFO - Filling up the DagBag from /home/patricia/Documentos/airflow/airflow_venv/lib/python3.10/site-packages/airflow/example_dags/example_display_name.py
[2024-05-11T16:28:05.858-0300] {processor.py:840} INFO - DAG(s) 'example_display_name' retrieved from /home/patricia/Documentos/airflow/airflow_venv/lib/python3.10/site-packages/airflow/example_dags/example_display_name.py
[2024-05-11T16:28:05.891-0300] {logging_mixin.py:188} INFO - [2024-05-11T16:28:05.891-0300] {dag.py:3096} INFO - Sync 1 DAGs
[2024-05-11T16:28:05.922-0300] {logging_mixin.py:188} INFO - [2024-05-11T16:28:05.922-0300] {dag.py:3954} INFO - Setting next_dagrun for example_display_name to None, run_after=None
[2024-05-11T16:28:05.989-0300] {processor.py:183} INFO - Processing /home/patricia/Documentos/airflow/airflow_venv/lib/python3.10/site-packages/airflow/example_dags/example_display_name.py took 0.219 seconds
[2024-05-11T16:30:19.485-0300] {processor.py:161} INFO - Started process (PID=11229) to work on /home/patricia/Documentos/airflow/airflow_venv/lib/python3.10/site-packages/airflow/example_dags/example_display_name.py
[2024-05-11T16:30:19.495-0300] {processor.py:830} INFO - Processing file /home/patricia/Documentos/airflow/airflow_venv/lib/python3.10/site-packages/airflow/example_dags/example_display_name.py for tasks to queue
[2024-05-11T16:30:19.504-0300] {logging_mixin.py:188} INFO - [2024-05-11T16:30:19.502-0300] {dagbag.py:545} INFO - Filling up the DagBag from /home/patricia/Documentos/airflow/airflow_venv/lib/python3.10/site-packages/airflow/example_dags/example_display_name.py
[2024-05-11T16:30:19.536-0300] {processor.py:840} INFO - DAG(s) 'example_display_name' retrieved from /home/patricia/Documentos/airflow/airflow_venv/lib/python3.10/site-packages/airflow/example_dags/example_display_name.py
[2024-05-11T16:30:19.937-0300] {logging_mixin.py:188} INFO - [2024-05-11T16:30:19.936-0300] {dag.py:3096} INFO - Sync 1 DAGs
[2024-05-11T16:30:19.955-0300] {logging_mixin.py:188} INFO - [2024-05-11T16:30:19.955-0300] {dag.py:3954} INFO - Setting next_dagrun for example_display_name to None, run_after=None
[2024-05-11T16:30:20.033-0300] {processor.py:183} INFO - Processing /home/patricia/Documentos/airflow/airflow_venv/lib/python3.10/site-packages/airflow/example_dags/example_display_name.py took 0.576 seconds
[2024-05-11T16:31:39.817-0300] {processor.py:161} INFO - Started process (PID=11381) to work on /home/patricia/Documentos/airflow/airflow_venv/lib/python3.10/site-packages/airflow/example_dags/example_display_name.py
[2024-05-11T16:31:39.833-0300] {processor.py:830} INFO - Processing file /home/patricia/Documentos/airflow/airflow_venv/lib/python3.10/site-packages/airflow/example_dags/example_display_name.py for tasks to queue
[2024-05-11T16:31:39.850-0300] {logging_mixin.py:188} INFO - [2024-05-11T16:31:39.840-0300] {dagbag.py:545} INFO - Filling up the DagBag from /home/patricia/Documentos/airflow/airflow_venv/lib/python3.10/site-packages/airflow/example_dags/example_display_name.py
[2024-05-11T16:31:39.883-0300] {processor.py:840} INFO - DAG(s) 'example_display_name' retrieved from /home/patricia/Documentos/airflow/airflow_venv/lib/python3.10/site-packages/airflow/example_dags/example_display_name.py
[2024-05-11T16:31:40.008-0300] {logging_mixin.py:188} INFO - [2024-05-11T16:31:40.007-0300] {dag.py:3096} INFO - Sync 1 DAGs
[2024-05-11T16:31:40.060-0300] {logging_mixin.py:188} INFO - [2024-05-11T16:31:40.059-0300] {dag.py:3954} INFO - Setting next_dagrun for example_display_name to None, run_after=None
[2024-05-11T16:31:40.651-0300] {processor.py:183} INFO - Processing /home/patricia/Documentos/airflow/airflow_venv/lib/python3.10/site-packages/airflow/example_dags/example_display_name.py took 0.855 seconds
[2024-05-11T16:32:44.864-0300] {processor.py:161} INFO - Started process (PID=11488) to work on /home/patricia/Documentos/airflow/airflow_venv/lib/python3.10/site-packages/airflow/example_dags/example_display_name.py
[2024-05-11T16:32:44.869-0300] {processor.py:830} INFO - Processing file /home/patricia/Documentos/airflow/airflow_venv/lib/python3.10/site-packages/airflow/example_dags/example_display_name.py for tasks to queue
[2024-05-11T16:32:44.877-0300] {logging_mixin.py:188} INFO - [2024-05-11T16:32:44.874-0300] {dagbag.py:545} INFO - Filling up the DagBag from /home/patricia/Documentos/airflow/airflow_venv/lib/python3.10/site-packages/airflow/example_dags/example_display_name.py
[2024-05-11T16:32:45.094-0300] {processor.py:840} INFO - DAG(s) 'example_display_name' retrieved from /home/patricia/Documentos/airflow/airflow_venv/lib/python3.10/site-packages/airflow/example_dags/example_display_name.py
[2024-05-11T16:32:45.125-0300] {logging_mixin.py:188} INFO - [2024-05-11T16:32:45.124-0300] {dag.py:3096} INFO - Sync 1 DAGs
[2024-05-11T16:32:45.154-0300] {logging_mixin.py:188} INFO - [2024-05-11T16:32:45.154-0300] {dag.py:3954} INFO - Setting next_dagrun for example_display_name to None, run_after=None
[2024-05-11T16:32:45.249-0300] {processor.py:183} INFO - Processing /home/patricia/Documentos/airflow/airflow_venv/lib/python3.10/site-packages/airflow/example_dags/example_display_name.py took 0.406 seconds
[2024-05-11T16:33:39.039-0300] {processor.py:161} INFO - Started process (PID=11636) to work on /home/patricia/Documentos/airflow/airflow_venv/lib/python3.10/site-packages/airflow/example_dags/example_display_name.py
[2024-05-11T16:33:39.046-0300] {processor.py:830} INFO - Processing file /home/patricia/Documentos/airflow/airflow_venv/lib/python3.10/site-packages/airflow/example_dags/example_display_name.py for tasks to queue
[2024-05-11T16:33:39.054-0300] {logging_mixin.py:188} INFO - [2024-05-11T16:33:39.052-0300] {dagbag.py:545} INFO - Filling up the DagBag from /home/patricia/Documentos/airflow/airflow_venv/lib/python3.10/site-packages/airflow/example_dags/example_display_name.py
[2024-05-11T16:33:39.115-0300] {processor.py:840} INFO - DAG(s) 'example_display_name' retrieved from /home/patricia/Documentos/airflow/airflow_venv/lib/python3.10/site-packages/airflow/example_dags/example_display_name.py
[2024-05-11T16:33:39.324-0300] {logging_mixin.py:188} INFO - [2024-05-11T16:33:39.323-0300] {dag.py:3096} INFO - Sync 1 DAGs
[2024-05-11T16:33:39.363-0300] {logging_mixin.py:188} INFO - [2024-05-11T16:33:39.363-0300] {dag.py:3954} INFO - Setting next_dagrun for example_display_name to None, run_after=None
[2024-05-11T16:33:39.428-0300] {processor.py:183} INFO - Processing /home/patricia/Documentos/airflow/airflow_venv/lib/python3.10/site-packages/airflow/example_dags/example_display_name.py took 0.424 seconds
[2024-05-11T16:34:31.916-0300] {processor.py:161} INFO - Started process (PID=11729) to work on /home/patricia/Documentos/airflow/airflow_venv/lib/python3.10/site-packages/airflow/example_dags/example_display_name.py
[2024-05-11T16:34:31.924-0300] {processor.py:830} INFO - Processing file /home/patricia/Documentos/airflow/airflow_venv/lib/python3.10/site-packages/airflow/example_dags/example_display_name.py for tasks to queue
[2024-05-11T16:34:31.937-0300] {logging_mixin.py:188} INFO - [2024-05-11T16:34:31.936-0300] {dagbag.py:545} INFO - Filling up the DagBag from /home/patricia/Documentos/airflow/airflow_venv/lib/python3.10/site-packages/airflow/example_dags/example_display_name.py
[2024-05-11T16:34:31.959-0300] {processor.py:840} INFO - DAG(s) 'example_display_name' retrieved from /home/patricia/Documentos/airflow/airflow_venv/lib/python3.10/site-packages/airflow/example_dags/example_display_name.py
[2024-05-11T16:34:32.074-0300] {logging_mixin.py:188} INFO - [2024-05-11T16:34:32.074-0300] {dag.py:3096} INFO - Sync 1 DAGs
[2024-05-11T16:34:32.100-0300] {logging_mixin.py:188} INFO - [2024-05-11T16:34:32.099-0300] {dag.py:3954} INFO - Setting next_dagrun for example_display_name to None, run_after=None
[2024-05-11T16:34:32.173-0300] {processor.py:183} INFO - Processing /home/patricia/Documentos/airflow/airflow_venv/lib/python3.10/site-packages/airflow/example_dags/example_display_name.py took 0.361 seconds
[2024-05-11T16:35:17.982-0300] {processor.py:161} INFO - Started process (PID=11802) to work on /home/patricia/Documentos/airflow/airflow_venv/lib/python3.10/site-packages/airflow/example_dags/example_display_name.py
[2024-05-11T16:35:17.992-0300] {processor.py:830} INFO - Processing file /home/patricia/Documentos/airflow/airflow_venv/lib/python3.10/site-packages/airflow/example_dags/example_display_name.py for tasks to queue
[2024-05-11T16:35:18.003-0300] {logging_mixin.py:188} INFO - [2024-05-11T16:35:18.002-0300] {dagbag.py:545} INFO - Filling up the DagBag from /home/patricia/Documentos/airflow/airflow_venv/lib/python3.10/site-packages/airflow/example_dags/example_display_name.py
[2024-05-11T16:35:18.035-0300] {processor.py:840} INFO - DAG(s) 'example_display_name' retrieved from /home/patricia/Documentos/airflow/airflow_venv/lib/python3.10/site-packages/airflow/example_dags/example_display_name.py
[2024-05-11T16:35:18.146-0300] {logging_mixin.py:188} INFO - [2024-05-11T16:35:18.144-0300] {dag.py:3096} INFO - Sync 1 DAGs
[2024-05-11T16:35:18.246-0300] {logging_mixin.py:188} INFO - [2024-05-11T16:35:18.197-0300] {dag.py:3954} INFO - Setting next_dagrun for example_display_name to None, run_after=None
[2024-05-11T16:35:18.416-0300] {processor.py:183} INFO - Processing /home/patricia/Documentos/airflow/airflow_venv/lib/python3.10/site-packages/airflow/example_dags/example_display_name.py took 0.456 seconds
[2024-05-11T16:36:09.907-0300] {processor.py:161} INFO - Started process (PID=11876) to work on /home/patricia/Documentos/airflow/airflow_venv/lib/python3.10/site-packages/airflow/example_dags/example_display_name.py
[2024-05-11T16:36:09.912-0300] {processor.py:830} INFO - Processing file /home/patricia/Documentos/airflow/airflow_venv/lib/python3.10/site-packages/airflow/example_dags/example_display_name.py for tasks to queue
[2024-05-11T16:36:09.921-0300] {logging_mixin.py:188} INFO - [2024-05-11T16:36:09.920-0300] {dagbag.py:545} INFO - Filling up the DagBag from /home/patricia/Documentos/airflow/airflow_venv/lib/python3.10/site-packages/airflow/example_dags/example_display_name.py
[2024-05-11T16:36:09.940-0300] {processor.py:840} INFO - DAG(s) 'example_display_name' retrieved from /home/patricia/Documentos/airflow/airflow_venv/lib/python3.10/site-packages/airflow/example_dags/example_display_name.py
[2024-05-11T16:36:09.988-0300] {logging_mixin.py:188} INFO - [2024-05-11T16:36:09.987-0300] {dag.py:3096} INFO - Sync 1 DAGs
[2024-05-11T16:36:10.012-0300] {logging_mixin.py:188} INFO - [2024-05-11T16:36:10.011-0300] {dag.py:3954} INFO - Setting next_dagrun for example_display_name to None, run_after=None
[2024-05-11T16:36:10.080-0300] {processor.py:183} INFO - Processing /home/patricia/Documentos/airflow/airflow_venv/lib/python3.10/site-packages/airflow/example_dags/example_display_name.py took 0.208 seconds
[2024-05-11T16:36:56.675-0300] {processor.py:161} INFO - Started process (PID=11952) to work on /home/patricia/Documentos/airflow/airflow_venv/lib/python3.10/site-packages/airflow/example_dags/example_display_name.py
[2024-05-11T16:36:56.690-0300] {processor.py:830} INFO - Processing file /home/patricia/Documentos/airflow/airflow_venv/lib/python3.10/site-packages/airflow/example_dags/example_display_name.py for tasks to queue
[2024-05-11T16:36:56.700-0300] {logging_mixin.py:188} INFO - [2024-05-11T16:36:56.698-0300] {dagbag.py:545} INFO - Filling up the DagBag from /home/patricia/Documentos/airflow/airflow_venv/lib/python3.10/site-packages/airflow/example_dags/example_display_name.py
[2024-05-11T16:36:56.732-0300] {processor.py:840} INFO - DAG(s) 'example_display_name' retrieved from /home/patricia/Documentos/airflow/airflow_venv/lib/python3.10/site-packages/airflow/example_dags/example_display_name.py
[2024-05-11T16:36:56.795-0300] {logging_mixin.py:188} INFO - [2024-05-11T16:36:56.795-0300] {dag.py:3096} INFO - Sync 1 DAGs
[2024-05-11T16:36:56.838-0300] {logging_mixin.py:188} INFO - [2024-05-11T16:36:56.838-0300] {dag.py:3954} INFO - Setting next_dagrun for example_display_name to None, run_after=None
[2024-05-11T16:36:56.963-0300] {processor.py:183} INFO - Processing /home/patricia/Documentos/airflow/airflow_venv/lib/python3.10/site-packages/airflow/example_dags/example_display_name.py took 0.316 seconds
