[2024-05-11T15:11:00.353-0300] {processor.py:161} INFO - Started process (PID=4453) to work on /home/patricia/Documentos/airflow/airflow_venv/lib/python3.10/site-packages/airflow/example_dags/example_trigger_target_dag.py
[2024-05-11T15:11:00.355-0300] {processor.py:830} INFO - Processing file /home/patricia/Documentos/airflow/airflow_venv/lib/python3.10/site-packages/airflow/example_dags/example_trigger_target_dag.py for tasks to queue
[2024-05-11T15:11:00.364-0300] {logging_mixin.py:188} INFO - [2024-05-11T15:11:00.363-0300] {dagbag.py:545} INFO - Filling up the DagBag from /home/patricia/Documentos/airflow/airflow_venv/lib/python3.10/site-packages/airflow/example_dags/example_trigger_target_dag.py
[2024-05-11T15:11:00.377-0300] {processor.py:840} INFO - DAG(s) 'example_trigger_target_dag' retrieved from /home/patricia/Documentos/airflow/airflow_venv/lib/python3.10/site-packages/airflow/example_dags/example_trigger_target_dag.py
[2024-05-11T15:11:00.390-0300] {logging_mixin.py:188} INFO - [2024-05-11T15:11:00.390-0300] {dag.py:3096} INFO - Sync 1 DAGs
[2024-05-11T15:11:00.410-0300] {logging_mixin.py:188} INFO - [2024-05-11T15:11:00.409-0300] {dag.py:3954} INFO - Setting next_dagrun for example_trigger_target_dag to None, run_after=None
[2024-05-11T15:11:00.448-0300] {processor.py:183} INFO - Processing /home/patricia/Documentos/airflow/airflow_venv/lib/python3.10/site-packages/airflow/example_dags/example_trigger_target_dag.py took 0.104 seconds
[2024-05-11T15:12:19.570-0300] {processor.py:161} INFO - Started process (PID=4644) to work on /home/patricia/Documentos/airflow/airflow_venv/lib/python3.10/site-packages/airflow/example_dags/example_trigger_target_dag.py
[2024-05-11T15:12:19.579-0300] {processor.py:830} INFO - Processing file /home/patricia/Documentos/airflow/airflow_venv/lib/python3.10/site-packages/airflow/example_dags/example_trigger_target_dag.py for tasks to queue
[2024-05-11T15:12:19.582-0300] {logging_mixin.py:188} INFO - [2024-05-11T15:12:19.581-0300] {dagbag.py:545} INFO - Filling up the DagBag from /home/patricia/Documentos/airflow/airflow_venv/lib/python3.10/site-packages/airflow/example_dags/example_trigger_target_dag.py
[2024-05-11T15:12:19.590-0300] {processor.py:840} INFO - DAG(s) 'example_trigger_target_dag' retrieved from /home/patricia/Documentos/airflow/airflow_venv/lib/python3.10/site-packages/airflow/example_dags/example_trigger_target_dag.py
[2024-05-11T15:12:19.723-0300] {logging_mixin.py:188} INFO - [2024-05-11T15:12:19.723-0300] {dag.py:3096} INFO - Sync 1 DAGs
[2024-05-11T15:12:19.874-0300] {logging_mixin.py:188} INFO - [2024-05-11T15:12:19.874-0300] {dag.py:3954} INFO - Setting next_dagrun for example_trigger_target_dag to None, run_after=None
[2024-05-11T15:12:19.914-0300] {processor.py:183} INFO - Processing /home/patricia/Documentos/airflow/airflow_venv/lib/python3.10/site-packages/airflow/example_dags/example_trigger_target_dag.py took 0.372 seconds
[2024-05-11T15:13:51.118-0300] {processor.py:161} INFO - Started process (PID=4770) to work on /home/patricia/Documentos/airflow/airflow_venv/lib/python3.10/site-packages/airflow/example_dags/example_trigger_target_dag.py
[2024-05-11T15:13:51.135-0300] {processor.py:830} INFO - Processing file /home/patricia/Documentos/airflow/airflow_venv/lib/python3.10/site-packages/airflow/example_dags/example_trigger_target_dag.py for tasks to queue
[2024-05-11T15:13:51.147-0300] {logging_mixin.py:188} INFO - [2024-05-11T15:13:51.145-0300] {dagbag.py:545} INFO - Filling up the DagBag from /home/patricia/Documentos/airflow/airflow_venv/lib/python3.10/site-packages/airflow/example_dags/example_trigger_target_dag.py
[2024-05-11T15:13:51.270-0300] {processor.py:840} INFO - DAG(s) 'example_trigger_target_dag' retrieved from /home/patricia/Documentos/airflow/airflow_venv/lib/python3.10/site-packages/airflow/example_dags/example_trigger_target_dag.py
[2024-05-11T15:13:51.324-0300] {logging_mixin.py:188} INFO - [2024-05-11T15:13:51.323-0300] {dag.py:3096} INFO - Sync 1 DAGs
[2024-05-11T15:13:51.351-0300] {logging_mixin.py:188} INFO - [2024-05-11T15:13:51.351-0300] {dag.py:3954} INFO - Setting next_dagrun for example_trigger_target_dag to None, run_after=None
[2024-05-11T15:13:51.439-0300] {processor.py:183} INFO - Processing /home/patricia/Documentos/airflow/airflow_venv/lib/python3.10/site-packages/airflow/example_dags/example_trigger_target_dag.py took 0.454 seconds
[2024-05-11T15:14:39.093-0300] {processor.py:161} INFO - Started process (PID=4895) to work on /home/patricia/Documentos/airflow/airflow_venv/lib/python3.10/site-packages/airflow/example_dags/example_trigger_target_dag.py
[2024-05-11T15:14:39.097-0300] {processor.py:830} INFO - Processing file /home/patricia/Documentos/airflow/airflow_venv/lib/python3.10/site-packages/airflow/example_dags/example_trigger_target_dag.py for tasks to queue
[2024-05-11T15:14:39.102-0300] {logging_mixin.py:188} INFO - [2024-05-11T15:14:39.102-0300] {dagbag.py:545} INFO - Filling up the DagBag from /home/patricia/Documentos/airflow/airflow_venv/lib/python3.10/site-packages/airflow/example_dags/example_trigger_target_dag.py
[2024-05-11T15:14:39.118-0300] {processor.py:840} INFO - DAG(s) 'example_trigger_target_dag' retrieved from /home/patricia/Documentos/airflow/airflow_venv/lib/python3.10/site-packages/airflow/example_dags/example_trigger_target_dag.py
[2024-05-11T15:14:39.141-0300] {logging_mixin.py:188} INFO - [2024-05-11T15:14:39.141-0300] {dag.py:3096} INFO - Sync 1 DAGs
[2024-05-11T15:14:39.304-0300] {logging_mixin.py:188} INFO - [2024-05-11T15:14:39.304-0300] {dag.py:3954} INFO - Setting next_dagrun for example_trigger_target_dag to None, run_after=None
[2024-05-11T15:14:39.415-0300] {processor.py:183} INFO - Processing /home/patricia/Documentos/airflow/airflow_venv/lib/python3.10/site-packages/airflow/example_dags/example_trigger_target_dag.py took 0.330 seconds
[2024-05-11T15:15:20.953-0300] {processor.py:161} INFO - Started process (PID=4986) to work on /home/patricia/Documentos/airflow/airflow_venv/lib/python3.10/site-packages/airflow/example_dags/example_trigger_target_dag.py
[2024-05-11T15:15:20.955-0300] {processor.py:830} INFO - Processing file /home/patricia/Documentos/airflow/airflow_venv/lib/python3.10/site-packages/airflow/example_dags/example_trigger_target_dag.py for tasks to queue
[2024-05-11T15:15:20.958-0300] {logging_mixin.py:188} INFO - [2024-05-11T15:15:20.957-0300] {dagbag.py:545} INFO - Filling up the DagBag from /home/patricia/Documentos/airflow/airflow_venv/lib/python3.10/site-packages/airflow/example_dags/example_trigger_target_dag.py
[2024-05-11T15:15:20.967-0300] {processor.py:840} INFO - DAG(s) 'example_trigger_target_dag' retrieved from /home/patricia/Documentos/airflow/airflow_venv/lib/python3.10/site-packages/airflow/example_dags/example_trigger_target_dag.py
[2024-05-11T15:15:20.995-0300] {logging_mixin.py:188} INFO - [2024-05-11T15:15:20.994-0300] {dag.py:3096} INFO - Sync 1 DAGs
[2024-05-11T15:15:21.018-0300] {logging_mixin.py:188} INFO - [2024-05-11T15:15:21.018-0300] {dag.py:3954} INFO - Setting next_dagrun for example_trigger_target_dag to None, run_after=None
[2024-05-11T15:15:21.070-0300] {processor.py:183} INFO - Processing /home/patricia/Documentos/airflow/airflow_venv/lib/python3.10/site-packages/airflow/example_dags/example_trigger_target_dag.py took 0.124 seconds
[2024-05-11T15:15:54.926-0300] {processor.py:161} INFO - Started process (PID=5062) to work on /home/patricia/Documentos/airflow/airflow_venv/lib/python3.10/site-packages/airflow/example_dags/example_trigger_target_dag.py
[2024-05-11T15:15:54.929-0300] {processor.py:830} INFO - Processing file /home/patricia/Documentos/airflow/airflow_venv/lib/python3.10/site-packages/airflow/example_dags/example_trigger_target_dag.py for tasks to queue
[2024-05-11T15:15:54.931-0300] {logging_mixin.py:188} INFO - [2024-05-11T15:15:54.930-0300] {dagbag.py:545} INFO - Filling up the DagBag from /home/patricia/Documentos/airflow/airflow_venv/lib/python3.10/site-packages/airflow/example_dags/example_trigger_target_dag.py
[2024-05-11T15:15:54.940-0300] {processor.py:840} INFO - DAG(s) 'example_trigger_target_dag' retrieved from /home/patricia/Documentos/airflow/airflow_venv/lib/python3.10/site-packages/airflow/example_dags/example_trigger_target_dag.py
[2024-05-11T15:15:54.966-0300] {logging_mixin.py:188} INFO - [2024-05-11T15:15:54.966-0300] {dag.py:3096} INFO - Sync 1 DAGs
[2024-05-11T15:15:54.981-0300] {logging_mixin.py:188} INFO - [2024-05-11T15:15:54.981-0300] {dag.py:3954} INFO - Setting next_dagrun for example_trigger_target_dag to None, run_after=None
[2024-05-11T15:15:55.012-0300] {processor.py:183} INFO - Processing /home/patricia/Documentos/airflow/airflow_venv/lib/python3.10/site-packages/airflow/example_dags/example_trigger_target_dag.py took 0.094 seconds
[2024-05-11T15:16:54.347-0300] {processor.py:161} INFO - Started process (PID=5182) to work on /home/patricia/Documentos/airflow/airflow_venv/lib/python3.10/site-packages/airflow/example_dags/example_trigger_target_dag.py
[2024-05-11T15:16:54.372-0300] {processor.py:830} INFO - Processing file /home/patricia/Documentos/airflow/airflow_venv/lib/python3.10/site-packages/airflow/example_dags/example_trigger_target_dag.py for tasks to queue
[2024-05-11T15:16:54.376-0300] {logging_mixin.py:188} INFO - [2024-05-11T15:16:54.374-0300] {dagbag.py:545} INFO - Filling up the DagBag from /home/patricia/Documentos/airflow/airflow_venv/lib/python3.10/site-packages/airflow/example_dags/example_trigger_target_dag.py
[2024-05-11T15:16:54.385-0300] {processor.py:840} INFO - DAG(s) 'example_trigger_target_dag' retrieved from /home/patricia/Documentos/airflow/airflow_venv/lib/python3.10/site-packages/airflow/example_dags/example_trigger_target_dag.py
[2024-05-11T15:16:54.410-0300] {logging_mixin.py:188} INFO - [2024-05-11T15:16:54.410-0300] {dag.py:3096} INFO - Sync 1 DAGs
[2024-05-11T15:16:54.426-0300] {logging_mixin.py:188} INFO - [2024-05-11T15:16:54.426-0300] {dag.py:3954} INFO - Setting next_dagrun for example_trigger_target_dag to None, run_after=None
[2024-05-11T15:16:54.481-0300] {processor.py:183} INFO - Processing /home/patricia/Documentos/airflow/airflow_venv/lib/python3.10/site-packages/airflow/example_dags/example_trigger_target_dag.py took 0.146 seconds
[2024-05-11T15:17:28.158-0300] {processor.py:161} INFO - Started process (PID=5272) to work on /home/patricia/Documentos/airflow/airflow_venv/lib/python3.10/site-packages/airflow/example_dags/example_trigger_target_dag.py
[2024-05-11T15:17:28.161-0300] {processor.py:830} INFO - Processing file /home/patricia/Documentos/airflow/airflow_venv/lib/python3.10/site-packages/airflow/example_dags/example_trigger_target_dag.py for tasks to queue
[2024-05-11T15:17:28.163-0300] {logging_mixin.py:188} INFO - [2024-05-11T15:17:28.162-0300] {dagbag.py:545} INFO - Filling up the DagBag from /home/patricia/Documentos/airflow/airflow_venv/lib/python3.10/site-packages/airflow/example_dags/example_trigger_target_dag.py
[2024-05-11T15:17:28.174-0300] {processor.py:840} INFO - DAG(s) 'example_trigger_target_dag' retrieved from /home/patricia/Documentos/airflow/airflow_venv/lib/python3.10/site-packages/airflow/example_dags/example_trigger_target_dag.py
[2024-05-11T15:17:28.191-0300] {logging_mixin.py:188} INFO - [2024-05-11T15:17:28.191-0300] {dag.py:3096} INFO - Sync 1 DAGs
[2024-05-11T15:17:28.203-0300] {logging_mixin.py:188} INFO - [2024-05-11T15:17:28.203-0300] {dag.py:3954} INFO - Setting next_dagrun for example_trigger_target_dag to None, run_after=None
[2024-05-11T15:17:28.247-0300] {processor.py:183} INFO - Processing /home/patricia/Documentos/airflow/airflow_venv/lib/python3.10/site-packages/airflow/example_dags/example_trigger_target_dag.py took 0.105 seconds
[2024-05-11T15:18:01.846-0300] {processor.py:161} INFO - Started process (PID=5335) to work on /home/patricia/Documentos/airflow/airflow_venv/lib/python3.10/site-packages/airflow/example_dags/example_trigger_target_dag.py
[2024-05-11T15:18:01.848-0300] {processor.py:830} INFO - Processing file /home/patricia/Documentos/airflow/airflow_venv/lib/python3.10/site-packages/airflow/example_dags/example_trigger_target_dag.py for tasks to queue
[2024-05-11T15:18:01.851-0300] {logging_mixin.py:188} INFO - [2024-05-11T15:18:01.851-0300] {dagbag.py:545} INFO - Filling up the DagBag from /home/patricia/Documentos/airflow/airflow_venv/lib/python3.10/site-packages/airflow/example_dags/example_trigger_target_dag.py
[2024-05-11T15:18:01.860-0300] {processor.py:840} INFO - DAG(s) 'example_trigger_target_dag' retrieved from /home/patricia/Documentos/airflow/airflow_venv/lib/python3.10/site-packages/airflow/example_dags/example_trigger_target_dag.py
[2024-05-11T15:18:01.881-0300] {logging_mixin.py:188} INFO - [2024-05-11T15:18:01.880-0300] {dag.py:3096} INFO - Sync 1 DAGs
[2024-05-11T15:18:01.895-0300] {logging_mixin.py:188} INFO - [2024-05-11T15:18:01.895-0300] {dag.py:3954} INFO - Setting next_dagrun for example_trigger_target_dag to None, run_after=None
[2024-05-11T15:18:01.929-0300] {processor.py:183} INFO - Processing /home/patricia/Documentos/airflow/airflow_venv/lib/python3.10/site-packages/airflow/example_dags/example_trigger_target_dag.py took 0.092 seconds
[2024-05-11T15:18:35.714-0300] {processor.py:161} INFO - Started process (PID=5859) to work on /home/patricia/Documentos/airflow/airflow_venv/lib/python3.10/site-packages/airflow/example_dags/example_trigger_target_dag.py
[2024-05-11T15:18:35.715-0300] {processor.py:830} INFO - Processing file /home/patricia/Documentos/airflow/airflow_venv/lib/python3.10/site-packages/airflow/example_dags/example_trigger_target_dag.py for tasks to queue
[2024-05-11T15:18:35.719-0300] {logging_mixin.py:188} INFO - [2024-05-11T15:18:35.718-0300] {dagbag.py:545} INFO - Filling up the DagBag from /home/patricia/Documentos/airflow/airflow_venv/lib/python3.10/site-packages/airflow/example_dags/example_trigger_target_dag.py
[2024-05-11T15:18:35.729-0300] {processor.py:840} INFO - DAG(s) 'example_trigger_target_dag' retrieved from /home/patricia/Documentos/airflow/airflow_venv/lib/python3.10/site-packages/airflow/example_dags/example_trigger_target_dag.py
[2024-05-11T15:18:35.762-0300] {logging_mixin.py:188} INFO - [2024-05-11T15:18:35.762-0300] {dag.py:3096} INFO - Sync 1 DAGs
[2024-05-11T15:18:35.803-0300] {logging_mixin.py:188} INFO - [2024-05-11T15:18:35.803-0300] {dag.py:3954} INFO - Setting next_dagrun for example_trigger_target_dag to None, run_after=None
[2024-05-11T15:18:35.863-0300] {processor.py:183} INFO - Processing /home/patricia/Documentos/airflow/airflow_venv/lib/python3.10/site-packages/airflow/example_dags/example_trigger_target_dag.py took 0.189 seconds
[2024-05-11T15:19:11.319-0300] {processor.py:161} INFO - Started process (PID=5954) to work on /home/patricia/Documentos/airflow/airflow_venv/lib/python3.10/site-packages/airflow/example_dags/example_trigger_target_dag.py
[2024-05-11T15:19:11.326-0300] {processor.py:830} INFO - Processing file /home/patricia/Documentos/airflow/airflow_venv/lib/python3.10/site-packages/airflow/example_dags/example_trigger_target_dag.py for tasks to queue
[2024-05-11T15:19:11.329-0300] {logging_mixin.py:188} INFO - [2024-05-11T15:19:11.328-0300] {dagbag.py:545} INFO - Filling up the DagBag from /home/patricia/Documentos/airflow/airflow_venv/lib/python3.10/site-packages/airflow/example_dags/example_trigger_target_dag.py
[2024-05-11T15:19:11.337-0300] {processor.py:840} INFO - DAG(s) 'example_trigger_target_dag' retrieved from /home/patricia/Documentos/airflow/airflow_venv/lib/python3.10/site-packages/airflow/example_dags/example_trigger_target_dag.py
[2024-05-11T15:19:11.355-0300] {logging_mixin.py:188} INFO - [2024-05-11T15:19:11.355-0300] {dag.py:3096} INFO - Sync 1 DAGs
[2024-05-11T15:19:11.370-0300] {logging_mixin.py:188} INFO - [2024-05-11T15:19:11.370-0300] {dag.py:3954} INFO - Setting next_dagrun for example_trigger_target_dag to None, run_after=None
[2024-05-11T15:19:11.402-0300] {processor.py:183} INFO - Processing /home/patricia/Documentos/airflow/airflow_venv/lib/python3.10/site-packages/airflow/example_dags/example_trigger_target_dag.py took 0.091 seconds
[2024-05-11T15:19:45.872-0300] {processor.py:161} INFO - Started process (PID=6022) to work on /home/patricia/Documentos/airflow/airflow_venv/lib/python3.10/site-packages/airflow/example_dags/example_trigger_target_dag.py
[2024-05-11T15:19:45.877-0300] {processor.py:830} INFO - Processing file /home/patricia/Documentos/airflow/airflow_venv/lib/python3.10/site-packages/airflow/example_dags/example_trigger_target_dag.py for tasks to queue
[2024-05-11T15:19:45.881-0300] {logging_mixin.py:188} INFO - [2024-05-11T15:19:45.880-0300] {dagbag.py:545} INFO - Filling up the DagBag from /home/patricia/Documentos/airflow/airflow_venv/lib/python3.10/site-packages/airflow/example_dags/example_trigger_target_dag.py
[2024-05-11T15:19:45.898-0300] {processor.py:840} INFO - DAG(s) 'example_trigger_target_dag' retrieved from /home/patricia/Documentos/airflow/airflow_venv/lib/python3.10/site-packages/airflow/example_dags/example_trigger_target_dag.py
[2024-05-11T15:19:45.938-0300] {logging_mixin.py:188} INFO - [2024-05-11T15:19:45.938-0300] {dag.py:3096} INFO - Sync 1 DAGs
[2024-05-11T15:19:45.973-0300] {logging_mixin.py:188} INFO - [2024-05-11T15:19:45.972-0300] {dag.py:3954} INFO - Setting next_dagrun for example_trigger_target_dag to None, run_after=None
[2024-05-11T15:19:46.056-0300] {processor.py:183} INFO - Processing /home/patricia/Documentos/airflow/airflow_venv/lib/python3.10/site-packages/airflow/example_dags/example_trigger_target_dag.py took 0.216 seconds
[2024-05-11T15:20:19.446-0300] {processor.py:161} INFO - Started process (PID=6101) to work on /home/patricia/Documentos/airflow/airflow_venv/lib/python3.10/site-packages/airflow/example_dags/example_trigger_target_dag.py
[2024-05-11T15:20:19.464-0300] {processor.py:830} INFO - Processing file /home/patricia/Documentos/airflow/airflow_venv/lib/python3.10/site-packages/airflow/example_dags/example_trigger_target_dag.py for tasks to queue
[2024-05-11T15:20:19.475-0300] {logging_mixin.py:188} INFO - [2024-05-11T15:20:19.474-0300] {dagbag.py:545} INFO - Filling up the DagBag from /home/patricia/Documentos/airflow/airflow_venv/lib/python3.10/site-packages/airflow/example_dags/example_trigger_target_dag.py
[2024-05-11T15:20:19.488-0300] {processor.py:840} INFO - DAG(s) 'example_trigger_target_dag' retrieved from /home/patricia/Documentos/airflow/airflow_venv/lib/python3.10/site-packages/airflow/example_dags/example_trigger_target_dag.py
[2024-05-11T15:20:19.507-0300] {logging_mixin.py:188} INFO - [2024-05-11T15:20:19.507-0300] {dag.py:3096} INFO - Sync 1 DAGs
[2024-05-11T15:20:19.526-0300] {logging_mixin.py:188} INFO - [2024-05-11T15:20:19.526-0300] {dag.py:3954} INFO - Setting next_dagrun for example_trigger_target_dag to None, run_after=None
[2024-05-11T15:20:19.699-0300] {processor.py:183} INFO - Processing /home/patricia/Documentos/airflow/airflow_venv/lib/python3.10/site-packages/airflow/example_dags/example_trigger_target_dag.py took 0.261 seconds
[2024-05-11T15:21:25.360-0300] {processor.py:161} INFO - Started process (PID=6192) to work on /home/patricia/Documentos/airflow/airflow_venv/lib/python3.10/site-packages/airflow/example_dags/example_trigger_target_dag.py
[2024-05-11T15:21:25.367-0300] {processor.py:830} INFO - Processing file /home/patricia/Documentos/airflow/airflow_venv/lib/python3.10/site-packages/airflow/example_dags/example_trigger_target_dag.py for tasks to queue
[2024-05-11T15:21:25.373-0300] {logging_mixin.py:188} INFO - [2024-05-11T15:21:25.371-0300] {dagbag.py:545} INFO - Filling up the DagBag from /home/patricia/Documentos/airflow/airflow_venv/lib/python3.10/site-packages/airflow/example_dags/example_trigger_target_dag.py
[2024-05-11T15:21:25.413-0300] {processor.py:840} INFO - DAG(s) 'example_trigger_target_dag' retrieved from /home/patricia/Documentos/airflow/airflow_venv/lib/python3.10/site-packages/airflow/example_dags/example_trigger_target_dag.py
[2024-05-11T15:21:25.457-0300] {logging_mixin.py:188} INFO - [2024-05-11T15:21:25.456-0300] {dag.py:3096} INFO - Sync 1 DAGs
[2024-05-11T15:21:25.488-0300] {logging_mixin.py:188} INFO - [2024-05-11T15:21:25.487-0300] {dag.py:3954} INFO - Setting next_dagrun for example_trigger_target_dag to None, run_after=None
[2024-05-11T15:21:25.538-0300] {processor.py:183} INFO - Processing /home/patricia/Documentos/airflow/airflow_venv/lib/python3.10/site-packages/airflow/example_dags/example_trigger_target_dag.py took 0.195 seconds
[2024-05-11T15:22:14.973-0300] {processor.py:161} INFO - Started process (PID=6290) to work on /home/patricia/Documentos/airflow/airflow_venv/lib/python3.10/site-packages/airflow/example_dags/example_trigger_target_dag.py
[2024-05-11T15:22:14.976-0300] {processor.py:830} INFO - Processing file /home/patricia/Documentos/airflow/airflow_venv/lib/python3.10/site-packages/airflow/example_dags/example_trigger_target_dag.py for tasks to queue
[2024-05-11T15:22:14.978-0300] {logging_mixin.py:188} INFO - [2024-05-11T15:22:14.978-0300] {dagbag.py:545} INFO - Filling up the DagBag from /home/patricia/Documentos/airflow/airflow_venv/lib/python3.10/site-packages/airflow/example_dags/example_trigger_target_dag.py
[2024-05-11T15:22:14.986-0300] {processor.py:840} INFO - DAG(s) 'example_trigger_target_dag' retrieved from /home/patricia/Documentos/airflow/airflow_venv/lib/python3.10/site-packages/airflow/example_dags/example_trigger_target_dag.py
[2024-05-11T15:22:15.004-0300] {logging_mixin.py:188} INFO - [2024-05-11T15:22:15.004-0300] {dag.py:3096} INFO - Sync 1 DAGs
[2024-05-11T15:22:15.017-0300] {logging_mixin.py:188} INFO - [2024-05-11T15:22:15.016-0300] {dag.py:3954} INFO - Setting next_dagrun for example_trigger_target_dag to None, run_after=None
[2024-05-11T15:22:15.049-0300] {processor.py:183} INFO - Processing /home/patricia/Documentos/airflow/airflow_venv/lib/python3.10/site-packages/airflow/example_dags/example_trigger_target_dag.py took 0.084 seconds
[2024-05-11T15:22:49.319-0300] {processor.py:161} INFO - Started process (PID=6363) to work on /home/patricia/Documentos/airflow/airflow_venv/lib/python3.10/site-packages/airflow/example_dags/example_trigger_target_dag.py
[2024-05-11T15:22:49.321-0300] {processor.py:830} INFO - Processing file /home/patricia/Documentos/airflow/airflow_venv/lib/python3.10/site-packages/airflow/example_dags/example_trigger_target_dag.py for tasks to queue
[2024-05-11T15:22:49.323-0300] {logging_mixin.py:188} INFO - [2024-05-11T15:22:49.323-0300] {dagbag.py:545} INFO - Filling up the DagBag from /home/patricia/Documentos/airflow/airflow_venv/lib/python3.10/site-packages/airflow/example_dags/example_trigger_target_dag.py
[2024-05-11T15:22:49.331-0300] {processor.py:840} INFO - DAG(s) 'example_trigger_target_dag' retrieved from /home/patricia/Documentos/airflow/airflow_venv/lib/python3.10/site-packages/airflow/example_dags/example_trigger_target_dag.py
[2024-05-11T15:22:49.349-0300] {logging_mixin.py:188} INFO - [2024-05-11T15:22:49.348-0300] {dag.py:3096} INFO - Sync 1 DAGs
[2024-05-11T15:22:49.362-0300] {logging_mixin.py:188} INFO - [2024-05-11T15:22:49.361-0300] {dag.py:3954} INFO - Setting next_dagrun for example_trigger_target_dag to None, run_after=None
[2024-05-11T15:22:49.397-0300] {processor.py:183} INFO - Processing /home/patricia/Documentos/airflow/airflow_venv/lib/python3.10/site-packages/airflow/example_dags/example_trigger_target_dag.py took 0.086 seconds
[2024-05-11T15:23:48.389-0300] {processor.py:161} INFO - Started process (PID=6490) to work on /home/patricia/Documentos/airflow/airflow_venv/lib/python3.10/site-packages/airflow/example_dags/example_trigger_target_dag.py
[2024-05-11T15:23:48.392-0300] {processor.py:830} INFO - Processing file /home/patricia/Documentos/airflow/airflow_venv/lib/python3.10/site-packages/airflow/example_dags/example_trigger_target_dag.py for tasks to queue
[2024-05-11T15:23:48.395-0300] {logging_mixin.py:188} INFO - [2024-05-11T15:23:48.395-0300] {dagbag.py:545} INFO - Filling up the DagBag from /home/patricia/Documentos/airflow/airflow_venv/lib/python3.10/site-packages/airflow/example_dags/example_trigger_target_dag.py
[2024-05-11T15:23:48.403-0300] {processor.py:840} INFO - DAG(s) 'example_trigger_target_dag' retrieved from /home/patricia/Documentos/airflow/airflow_venv/lib/python3.10/site-packages/airflow/example_dags/example_trigger_target_dag.py
[2024-05-11T15:23:48.421-0300] {logging_mixin.py:188} INFO - [2024-05-11T15:23:48.421-0300] {dag.py:3096} INFO - Sync 1 DAGs
[2024-05-11T15:23:48.434-0300] {logging_mixin.py:188} INFO - [2024-05-11T15:23:48.434-0300] {dag.py:3954} INFO - Setting next_dagrun for example_trigger_target_dag to None, run_after=None
[2024-05-11T15:23:48.470-0300] {processor.py:183} INFO - Processing /home/patricia/Documentos/airflow/airflow_venv/lib/python3.10/site-packages/airflow/example_dags/example_trigger_target_dag.py took 0.088 seconds
[2024-05-11T15:24:21.896-0300] {processor.py:161} INFO - Started process (PID=6551) to work on /home/patricia/Documentos/airflow/airflow_venv/lib/python3.10/site-packages/airflow/example_dags/example_trigger_target_dag.py
[2024-05-11T15:24:21.898-0300] {processor.py:830} INFO - Processing file /home/patricia/Documentos/airflow/airflow_venv/lib/python3.10/site-packages/airflow/example_dags/example_trigger_target_dag.py for tasks to queue
[2024-05-11T15:24:21.901-0300] {logging_mixin.py:188} INFO - [2024-05-11T15:24:21.901-0300] {dagbag.py:545} INFO - Filling up the DagBag from /home/patricia/Documentos/airflow/airflow_venv/lib/python3.10/site-packages/airflow/example_dags/example_trigger_target_dag.py
[2024-05-11T15:24:21.909-0300] {processor.py:840} INFO - DAG(s) 'example_trigger_target_dag' retrieved from /home/patricia/Documentos/airflow/airflow_venv/lib/python3.10/site-packages/airflow/example_dags/example_trigger_target_dag.py
[2024-05-11T15:24:21.927-0300] {logging_mixin.py:188} INFO - [2024-05-11T15:24:21.927-0300] {dag.py:3096} INFO - Sync 1 DAGs
[2024-05-11T15:24:21.939-0300] {logging_mixin.py:188} INFO - [2024-05-11T15:24:21.938-0300] {dag.py:3954} INFO - Setting next_dagrun for example_trigger_target_dag to None, run_after=None
[2024-05-11T15:24:21.975-0300] {processor.py:183} INFO - Processing /home/patricia/Documentos/airflow/airflow_venv/lib/python3.10/site-packages/airflow/example_dags/example_trigger_target_dag.py took 0.086 seconds
[2024-05-11T15:26:02.523-0300] {processor.py:161} INFO - Started process (PID=6755) to work on /home/patricia/Documentos/airflow/airflow_venv/lib/python3.10/site-packages/airflow/example_dags/example_trigger_target_dag.py
[2024-05-11T15:26:02.530-0300] {processor.py:830} INFO - Processing file /home/patricia/Documentos/airflow/airflow_venv/lib/python3.10/site-packages/airflow/example_dags/example_trigger_target_dag.py for tasks to queue
[2024-05-11T15:26:02.544-0300] {logging_mixin.py:188} INFO - [2024-05-11T15:26:02.544-0300] {dagbag.py:545} INFO - Filling up the DagBag from /home/patricia/Documentos/airflow/airflow_venv/lib/python3.10/site-packages/airflow/example_dags/example_trigger_target_dag.py
[2024-05-11T15:26:02.558-0300] {processor.py:840} INFO - DAG(s) 'example_trigger_target_dag' retrieved from /home/patricia/Documentos/airflow/airflow_venv/lib/python3.10/site-packages/airflow/example_dags/example_trigger_target_dag.py
[2024-05-11T15:26:02.587-0300] {logging_mixin.py:188} INFO - [2024-05-11T15:26:02.587-0300] {dag.py:3096} INFO - Sync 1 DAGs
[2024-05-11T15:26:02.607-0300] {logging_mixin.py:188} INFO - [2024-05-11T15:26:02.606-0300] {dag.py:3954} INFO - Setting next_dagrun for example_trigger_target_dag to None, run_after=None
[2024-05-11T15:26:02.679-0300] {processor.py:183} INFO - Processing /home/patricia/Documentos/airflow/airflow_venv/lib/python3.10/site-packages/airflow/example_dags/example_trigger_target_dag.py took 0.173 seconds
[2024-05-11T15:27:18.713-0300] {processor.py:161} INFO - Started process (PID=7622) to work on /home/patricia/Documentos/airflow/airflow_venv/lib/python3.10/site-packages/airflow/example_dags/example_trigger_target_dag.py
[2024-05-11T15:27:18.727-0300] {processor.py:830} INFO - Processing file /home/patricia/Documentos/airflow/airflow_venv/lib/python3.10/site-packages/airflow/example_dags/example_trigger_target_dag.py for tasks to queue
[2024-05-11T15:27:18.732-0300] {logging_mixin.py:188} INFO - [2024-05-11T15:27:18.730-0300] {dagbag.py:545} INFO - Filling up the DagBag from /home/patricia/Documentos/airflow/airflow_venv/lib/python3.10/site-packages/airflow/example_dags/example_trigger_target_dag.py
[2024-05-11T15:27:18.746-0300] {processor.py:840} INFO - DAG(s) 'example_trigger_target_dag' retrieved from /home/patricia/Documentos/airflow/airflow_venv/lib/python3.10/site-packages/airflow/example_dags/example_trigger_target_dag.py
[2024-05-11T15:27:18.932-0300] {logging_mixin.py:188} INFO - [2024-05-11T15:27:18.932-0300] {dag.py:3096} INFO - Sync 1 DAGs
[2024-05-11T15:27:19.161-0300] {logging_mixin.py:188} INFO - [2024-05-11T15:27:19.161-0300] {dag.py:3954} INFO - Setting next_dagrun for example_trigger_target_dag to None, run_after=None
[2024-05-11T15:27:19.203-0300] {processor.py:183} INFO - Processing /home/patricia/Documentos/airflow/airflow_venv/lib/python3.10/site-packages/airflow/example_dags/example_trigger_target_dag.py took 0.536 seconds
[2024-05-11T15:28:07.954-0300] {processor.py:161} INFO - Started process (PID=7720) to work on /home/patricia/Documentos/airflow/airflow_venv/lib/python3.10/site-packages/airflow/example_dags/example_trigger_target_dag.py
[2024-05-11T15:28:07.958-0300] {processor.py:830} INFO - Processing file /home/patricia/Documentos/airflow/airflow_venv/lib/python3.10/site-packages/airflow/example_dags/example_trigger_target_dag.py for tasks to queue
[2024-05-11T15:28:07.968-0300] {logging_mixin.py:188} INFO - [2024-05-11T15:28:07.967-0300] {dagbag.py:545} INFO - Filling up the DagBag from /home/patricia/Documentos/airflow/airflow_venv/lib/python3.10/site-packages/airflow/example_dags/example_trigger_target_dag.py
[2024-05-11T15:28:07.988-0300] {processor.py:840} INFO - DAG(s) 'example_trigger_target_dag' retrieved from /home/patricia/Documentos/airflow/airflow_venv/lib/python3.10/site-packages/airflow/example_dags/example_trigger_target_dag.py
[2024-05-11T15:28:08.006-0300] {logging_mixin.py:188} INFO - [2024-05-11T15:28:08.006-0300] {dag.py:3096} INFO - Sync 1 DAGs
[2024-05-11T15:28:08.018-0300] {logging_mixin.py:188} INFO - [2024-05-11T15:28:08.018-0300] {dag.py:3954} INFO - Setting next_dagrun for example_trigger_target_dag to None, run_after=None
[2024-05-11T15:28:08.062-0300] {processor.py:183} INFO - Processing /home/patricia/Documentos/airflow/airflow_venv/lib/python3.10/site-packages/airflow/example_dags/example_trigger_target_dag.py took 0.116 seconds
[2024-05-11T15:28:46.927-0300] {processor.py:161} INFO - Started process (PID=7804) to work on /home/patricia/Documentos/airflow/airflow_venv/lib/python3.10/site-packages/airflow/example_dags/example_trigger_target_dag.py
[2024-05-11T15:28:46.930-0300] {processor.py:830} INFO - Processing file /home/patricia/Documentos/airflow/airflow_venv/lib/python3.10/site-packages/airflow/example_dags/example_trigger_target_dag.py for tasks to queue
[2024-05-11T15:28:46.933-0300] {logging_mixin.py:188} INFO - [2024-05-11T15:28:46.932-0300] {dagbag.py:545} INFO - Filling up the DagBag from /home/patricia/Documentos/airflow/airflow_venv/lib/python3.10/site-packages/airflow/example_dags/example_trigger_target_dag.py
[2024-05-11T15:28:46.960-0300] {processor.py:840} INFO - DAG(s) 'example_trigger_target_dag' retrieved from /home/patricia/Documentos/airflow/airflow_venv/lib/python3.10/site-packages/airflow/example_dags/example_trigger_target_dag.py
[2024-05-11T15:28:46.984-0300] {logging_mixin.py:188} INFO - [2024-05-11T15:28:46.983-0300] {dag.py:3096} INFO - Sync 1 DAGs
[2024-05-11T15:28:46.999-0300] {logging_mixin.py:188} INFO - [2024-05-11T15:28:46.999-0300] {dag.py:3954} INFO - Setting next_dagrun for example_trigger_target_dag to None, run_after=None
[2024-05-11T15:28:47.237-0300] {processor.py:183} INFO - Processing /home/patricia/Documentos/airflow/airflow_venv/lib/python3.10/site-packages/airflow/example_dags/example_trigger_target_dag.py took 0.326 seconds
[2024-05-11T15:29:26.839-0300] {processor.py:161} INFO - Started process (PID=7876) to work on /home/patricia/Documentos/airflow/airflow_venv/lib/python3.10/site-packages/airflow/example_dags/example_trigger_target_dag.py
[2024-05-11T15:29:26.842-0300] {processor.py:830} INFO - Processing file /home/patricia/Documentos/airflow/airflow_venv/lib/python3.10/site-packages/airflow/example_dags/example_trigger_target_dag.py for tasks to queue
[2024-05-11T15:29:26.845-0300] {logging_mixin.py:188} INFO - [2024-05-11T15:29:26.845-0300] {dagbag.py:545} INFO - Filling up the DagBag from /home/patricia/Documentos/airflow/airflow_venv/lib/python3.10/site-packages/airflow/example_dags/example_trigger_target_dag.py
[2024-05-11T15:29:27.067-0300] {processor.py:840} INFO - DAG(s) 'example_trigger_target_dag' retrieved from /home/patricia/Documentos/airflow/airflow_venv/lib/python3.10/site-packages/airflow/example_dags/example_trigger_target_dag.py
[2024-05-11T15:29:27.091-0300] {logging_mixin.py:188} INFO - [2024-05-11T15:29:27.091-0300] {dag.py:3096} INFO - Sync 1 DAGs
[2024-05-11T15:29:27.102-0300] {logging_mixin.py:188} INFO - [2024-05-11T15:29:27.102-0300] {dag.py:3954} INFO - Setting next_dagrun for example_trigger_target_dag to None, run_after=None
[2024-05-11T15:29:27.146-0300] {processor.py:183} INFO - Processing /home/patricia/Documentos/airflow/airflow_venv/lib/python3.10/site-packages/airflow/example_dags/example_trigger_target_dag.py took 0.340 seconds
[2024-05-11T15:30:15.543-0300] {processor.py:161} INFO - Started process (PID=7980) to work on /home/patricia/Documentos/airflow/airflow_venv/lib/python3.10/site-packages/airflow/example_dags/example_trigger_target_dag.py
[2024-05-11T15:30:15.598-0300] {processor.py:830} INFO - Processing file /home/patricia/Documentos/airflow/airflow_venv/lib/python3.10/site-packages/airflow/example_dags/example_trigger_target_dag.py for tasks to queue
[2024-05-11T15:30:15.601-0300] {logging_mixin.py:188} INFO - [2024-05-11T15:30:15.600-0300] {dagbag.py:545} INFO - Filling up the DagBag from /home/patricia/Documentos/airflow/airflow_venv/lib/python3.10/site-packages/airflow/example_dags/example_trigger_target_dag.py
[2024-05-11T15:30:15.624-0300] {processor.py:840} INFO - DAG(s) 'example_trigger_target_dag' retrieved from /home/patricia/Documentos/airflow/airflow_venv/lib/python3.10/site-packages/airflow/example_dags/example_trigger_target_dag.py
[2024-05-11T15:30:15.667-0300] {logging_mixin.py:188} INFO - [2024-05-11T15:30:15.666-0300] {dag.py:3096} INFO - Sync 1 DAGs
[2024-05-11T15:30:15.682-0300] {logging_mixin.py:188} INFO - [2024-05-11T15:30:15.682-0300] {dag.py:3954} INFO - Setting next_dagrun for example_trigger_target_dag to None, run_after=None
[2024-05-11T15:30:16.201-0300] {processor.py:183} INFO - Processing /home/patricia/Documentos/airflow/airflow_venv/lib/python3.10/site-packages/airflow/example_dags/example_trigger_target_dag.py took 0.670 seconds
[2024-05-11T15:31:00.755-0300] {processor.py:161} INFO - Started process (PID=8091) to work on /home/patricia/Documentos/airflow/airflow_venv/lib/python3.10/site-packages/airflow/example_dags/example_trigger_target_dag.py
[2024-05-11T15:31:00.759-0300] {processor.py:830} INFO - Processing file /home/patricia/Documentos/airflow/airflow_venv/lib/python3.10/site-packages/airflow/example_dags/example_trigger_target_dag.py for tasks to queue
[2024-05-11T15:31:00.762-0300] {logging_mixin.py:188} INFO - [2024-05-11T15:31:00.761-0300] {dagbag.py:545} INFO - Filling up the DagBag from /home/patricia/Documentos/airflow/airflow_venv/lib/python3.10/site-packages/airflow/example_dags/example_trigger_target_dag.py
[2024-05-11T15:31:00.770-0300] {processor.py:840} INFO - DAG(s) 'example_trigger_target_dag' retrieved from /home/patricia/Documentos/airflow/airflow_venv/lib/python3.10/site-packages/airflow/example_dags/example_trigger_target_dag.py
[2024-05-11T15:31:00.788-0300] {logging_mixin.py:188} INFO - [2024-05-11T15:31:00.788-0300] {dag.py:3096} INFO - Sync 1 DAGs
[2024-05-11T15:31:00.802-0300] {logging_mixin.py:188} INFO - [2024-05-11T15:31:00.802-0300] {dag.py:3954} INFO - Setting next_dagrun for example_trigger_target_dag to None, run_after=None
[2024-05-11T15:31:00.855-0300] {processor.py:183} INFO - Processing /home/patricia/Documentos/airflow/airflow_venv/lib/python3.10/site-packages/airflow/example_dags/example_trigger_target_dag.py took 0.110 seconds
[2024-05-11T15:32:05.385-0300] {processor.py:161} INFO - Started process (PID=8310) to work on /home/patricia/Documentos/airflow/airflow_venv/lib/python3.10/site-packages/airflow/example_dags/example_trigger_target_dag.py
[2024-05-11T15:32:05.387-0300] {processor.py:830} INFO - Processing file /home/patricia/Documentos/airflow/airflow_venv/lib/python3.10/site-packages/airflow/example_dags/example_trigger_target_dag.py for tasks to queue
[2024-05-11T15:32:05.390-0300] {logging_mixin.py:188} INFO - [2024-05-11T15:32:05.389-0300] {dagbag.py:545} INFO - Filling up the DagBag from /home/patricia/Documentos/airflow/airflow_venv/lib/python3.10/site-packages/airflow/example_dags/example_trigger_target_dag.py
[2024-05-11T15:32:05.397-0300] {processor.py:840} INFO - DAG(s) 'example_trigger_target_dag' retrieved from /home/patricia/Documentos/airflow/airflow_venv/lib/python3.10/site-packages/airflow/example_dags/example_trigger_target_dag.py
[2024-05-11T15:32:05.414-0300] {logging_mixin.py:188} INFO - [2024-05-11T15:32:05.413-0300] {dag.py:3096} INFO - Sync 1 DAGs
[2024-05-11T15:32:05.427-0300] {logging_mixin.py:188} INFO - [2024-05-11T15:32:05.427-0300] {dag.py:3954} INFO - Setting next_dagrun for example_trigger_target_dag to None, run_after=None
[2024-05-11T15:32:05.465-0300] {processor.py:183} INFO - Processing /home/patricia/Documentos/airflow/airflow_venv/lib/python3.10/site-packages/airflow/example_dags/example_trigger_target_dag.py took 0.088 seconds
[2024-05-11T15:33:08.678-0300] {processor.py:161} INFO - Started process (PID=8646) to work on /home/patricia/Documentos/airflow/airflow_venv/lib/python3.10/site-packages/airflow/example_dags/example_trigger_target_dag.py
[2024-05-11T15:33:08.718-0300] {processor.py:830} INFO - Processing file /home/patricia/Documentos/airflow/airflow_venv/lib/python3.10/site-packages/airflow/example_dags/example_trigger_target_dag.py for tasks to queue
[2024-05-11T15:33:08.728-0300] {logging_mixin.py:188} INFO - [2024-05-11T15:33:08.725-0300] {dagbag.py:545} INFO - Filling up the DagBag from /home/patricia/Documentos/airflow/airflow_venv/lib/python3.10/site-packages/airflow/example_dags/example_trigger_target_dag.py
[2024-05-11T15:33:08.748-0300] {processor.py:840} INFO - DAG(s) 'example_trigger_target_dag' retrieved from /home/patricia/Documentos/airflow/airflow_venv/lib/python3.10/site-packages/airflow/example_dags/example_trigger_target_dag.py
[2024-05-11T15:33:08.786-0300] {logging_mixin.py:188} INFO - [2024-05-11T15:33:08.786-0300] {dag.py:3096} INFO - Sync 1 DAGs
[2024-05-11T15:33:08.823-0300] {logging_mixin.py:188} INFO - [2024-05-11T15:33:08.822-0300] {dag.py:3954} INFO - Setting next_dagrun for example_trigger_target_dag to None, run_after=None
[2024-05-11T15:33:08.991-0300] {processor.py:183} INFO - Processing /home/patricia/Documentos/airflow/airflow_venv/lib/python3.10/site-packages/airflow/example_dags/example_trigger_target_dag.py took 0.329 seconds
[2024-05-11T15:33:44.415-0300] {processor.py:161} INFO - Started process (PID=8951) to work on /home/patricia/Documentos/airflow/airflow_venv/lib/python3.10/site-packages/airflow/example_dags/example_trigger_target_dag.py
[2024-05-11T15:33:44.429-0300] {processor.py:830} INFO - Processing file /home/patricia/Documentos/airflow/airflow_venv/lib/python3.10/site-packages/airflow/example_dags/example_trigger_target_dag.py for tasks to queue
[2024-05-11T15:33:44.432-0300] {logging_mixin.py:188} INFO - [2024-05-11T15:33:44.432-0300] {dagbag.py:545} INFO - Filling up the DagBag from /home/patricia/Documentos/airflow/airflow_venv/lib/python3.10/site-packages/airflow/example_dags/example_trigger_target_dag.py
[2024-05-11T15:33:44.442-0300] {processor.py:840} INFO - DAG(s) 'example_trigger_target_dag' retrieved from /home/patricia/Documentos/airflow/airflow_venv/lib/python3.10/site-packages/airflow/example_dags/example_trigger_target_dag.py
[2024-05-11T15:33:44.477-0300] {logging_mixin.py:188} INFO - [2024-05-11T15:33:44.474-0300] {dag.py:3096} INFO - Sync 1 DAGs
[2024-05-11T15:33:44.525-0300] {logging_mixin.py:188} INFO - [2024-05-11T15:33:44.525-0300] {dag.py:3954} INFO - Setting next_dagrun for example_trigger_target_dag to None, run_after=None
[2024-05-11T15:33:44.587-0300] {processor.py:183} INFO - Processing /home/patricia/Documentos/airflow/airflow_venv/lib/python3.10/site-packages/airflow/example_dags/example_trigger_target_dag.py took 0.192 seconds
[2024-05-11T15:34:24.294-0300] {processor.py:161} INFO - Started process (PID=9286) to work on /home/patricia/Documentos/airflow/airflow_venv/lib/python3.10/site-packages/airflow/example_dags/example_trigger_target_dag.py
[2024-05-11T15:34:24.298-0300] {processor.py:830} INFO - Processing file /home/patricia/Documentos/airflow/airflow_venv/lib/python3.10/site-packages/airflow/example_dags/example_trigger_target_dag.py for tasks to queue
[2024-05-11T15:34:24.301-0300] {logging_mixin.py:188} INFO - [2024-05-11T15:34:24.301-0300] {dagbag.py:545} INFO - Filling up the DagBag from /home/patricia/Documentos/airflow/airflow_venv/lib/python3.10/site-packages/airflow/example_dags/example_trigger_target_dag.py
[2024-05-11T15:34:24.323-0300] {processor.py:840} INFO - DAG(s) 'example_trigger_target_dag' retrieved from /home/patricia/Documentos/airflow/airflow_venv/lib/python3.10/site-packages/airflow/example_dags/example_trigger_target_dag.py
[2024-05-11T15:34:24.374-0300] {logging_mixin.py:188} INFO - [2024-05-11T15:34:24.374-0300] {dag.py:3096} INFO - Sync 1 DAGs
[2024-05-11T15:34:24.428-0300] {logging_mixin.py:188} INFO - [2024-05-11T15:34:24.427-0300] {dag.py:3954} INFO - Setting next_dagrun for example_trigger_target_dag to None, run_after=None
[2024-05-11T15:34:24.589-0300] {processor.py:183} INFO - Processing /home/patricia/Documentos/airflow/airflow_venv/lib/python3.10/site-packages/airflow/example_dags/example_trigger_target_dag.py took 0.310 seconds
[2024-05-11T15:35:04.272-0300] {processor.py:161} INFO - Started process (PID=9386) to work on /home/patricia/Documentos/airflow/airflow_venv/lib/python3.10/site-packages/airflow/example_dags/example_trigger_target_dag.py
[2024-05-11T15:35:04.282-0300] {processor.py:830} INFO - Processing file /home/patricia/Documentos/airflow/airflow_venv/lib/python3.10/site-packages/airflow/example_dags/example_trigger_target_dag.py for tasks to queue
[2024-05-11T15:35:04.298-0300] {logging_mixin.py:188} INFO - [2024-05-11T15:35:04.287-0300] {dagbag.py:545} INFO - Filling up the DagBag from /home/patricia/Documentos/airflow/airflow_venv/lib/python3.10/site-packages/airflow/example_dags/example_trigger_target_dag.py
[2024-05-11T15:35:04.329-0300] {processor.py:840} INFO - DAG(s) 'example_trigger_target_dag' retrieved from /home/patricia/Documentos/airflow/airflow_venv/lib/python3.10/site-packages/airflow/example_dags/example_trigger_target_dag.py
[2024-05-11T15:35:04.408-0300] {logging_mixin.py:188} INFO - [2024-05-11T15:35:04.407-0300] {dag.py:3096} INFO - Sync 1 DAGs
[2024-05-11T15:35:04.446-0300] {logging_mixin.py:188} INFO - [2024-05-11T15:35:04.446-0300] {dag.py:3954} INFO - Setting next_dagrun for example_trigger_target_dag to None, run_after=None
[2024-05-11T15:35:04.533-0300] {processor.py:183} INFO - Processing /home/patricia/Documentos/airflow/airflow_venv/lib/python3.10/site-packages/airflow/example_dags/example_trigger_target_dag.py took 0.293 seconds
[2024-05-11T15:35:40.926-0300] {processor.py:161} INFO - Started process (PID=9520) to work on /home/patricia/Documentos/airflow/airflow_venv/lib/python3.10/site-packages/airflow/example_dags/example_trigger_target_dag.py
[2024-05-11T15:35:40.928-0300] {processor.py:830} INFO - Processing file /home/patricia/Documentos/airflow/airflow_venv/lib/python3.10/site-packages/airflow/example_dags/example_trigger_target_dag.py for tasks to queue
[2024-05-11T15:35:40.931-0300] {logging_mixin.py:188} INFO - [2024-05-11T15:35:40.930-0300] {dagbag.py:545} INFO - Filling up the DagBag from /home/patricia/Documentos/airflow/airflow_venv/lib/python3.10/site-packages/airflow/example_dags/example_trigger_target_dag.py
[2024-05-11T15:35:40.955-0300] {processor.py:840} INFO - DAG(s) 'example_trigger_target_dag' retrieved from /home/patricia/Documentos/airflow/airflow_venv/lib/python3.10/site-packages/airflow/example_dags/example_trigger_target_dag.py
[2024-05-11T15:35:40.977-0300] {logging_mixin.py:188} INFO - [2024-05-11T15:35:40.976-0300] {dag.py:3096} INFO - Sync 1 DAGs
[2024-05-11T15:35:41.006-0300] {logging_mixin.py:188} INFO - [2024-05-11T15:35:41.006-0300] {dag.py:3954} INFO - Setting next_dagrun for example_trigger_target_dag to None, run_after=None
[2024-05-11T15:35:41.073-0300] {processor.py:183} INFO - Processing /home/patricia/Documentos/airflow/airflow_venv/lib/python3.10/site-packages/airflow/example_dags/example_trigger_target_dag.py took 0.157 seconds
[2024-05-11T15:36:19.732-0300] {processor.py:161} INFO - Started process (PID=9591) to work on /home/patricia/Documentos/airflow/airflow_venv/lib/python3.10/site-packages/airflow/example_dags/example_trigger_target_dag.py
[2024-05-11T15:36:19.735-0300] {processor.py:830} INFO - Processing file /home/patricia/Documentos/airflow/airflow_venv/lib/python3.10/site-packages/airflow/example_dags/example_trigger_target_dag.py for tasks to queue
[2024-05-11T15:36:19.738-0300] {logging_mixin.py:188} INFO - [2024-05-11T15:36:19.738-0300] {dagbag.py:545} INFO - Filling up the DagBag from /home/patricia/Documentos/airflow/airflow_venv/lib/python3.10/site-packages/airflow/example_dags/example_trigger_target_dag.py
[2024-05-11T15:36:19.747-0300] {processor.py:840} INFO - DAG(s) 'example_trigger_target_dag' retrieved from /home/patricia/Documentos/airflow/airflow_venv/lib/python3.10/site-packages/airflow/example_dags/example_trigger_target_dag.py
[2024-05-11T15:36:19.774-0300] {logging_mixin.py:188} INFO - [2024-05-11T15:36:19.774-0300] {dag.py:3096} INFO - Sync 1 DAGs
[2024-05-11T15:36:19.814-0300] {logging_mixin.py:188} INFO - [2024-05-11T15:36:19.813-0300] {dag.py:3954} INFO - Setting next_dagrun for example_trigger_target_dag to None, run_after=None
[2024-05-11T15:36:19.880-0300] {processor.py:183} INFO - Processing /home/patricia/Documentos/airflow/airflow_venv/lib/python3.10/site-packages/airflow/example_dags/example_trigger_target_dag.py took 0.159 seconds
[2024-05-11T15:37:00.906-0300] {processor.py:161} INFO - Started process (PID=9746) to work on /home/patricia/Documentos/airflow/airflow_venv/lib/python3.10/site-packages/airflow/example_dags/example_trigger_target_dag.py
[2024-05-11T15:37:00.914-0300] {processor.py:830} INFO - Processing file /home/patricia/Documentos/airflow/airflow_venv/lib/python3.10/site-packages/airflow/example_dags/example_trigger_target_dag.py for tasks to queue
[2024-05-11T15:37:00.925-0300] {logging_mixin.py:188} INFO - [2024-05-11T15:37:00.924-0300] {dagbag.py:545} INFO - Filling up the DagBag from /home/patricia/Documentos/airflow/airflow_venv/lib/python3.10/site-packages/airflow/example_dags/example_trigger_target_dag.py
[2024-05-11T15:37:00.948-0300] {processor.py:840} INFO - DAG(s) 'example_trigger_target_dag' retrieved from /home/patricia/Documentos/airflow/airflow_venv/lib/python3.10/site-packages/airflow/example_dags/example_trigger_target_dag.py
[2024-05-11T15:37:01.038-0300] {logging_mixin.py:188} INFO - [2024-05-11T15:37:01.037-0300] {dag.py:3096} INFO - Sync 1 DAGs
[2024-05-11T15:37:01.071-0300] {logging_mixin.py:188} INFO - [2024-05-11T15:37:01.070-0300] {dag.py:3954} INFO - Setting next_dagrun for example_trigger_target_dag to None, run_after=None
[2024-05-11T15:37:01.195-0300] {processor.py:183} INFO - Processing /home/patricia/Documentos/airflow/airflow_venv/lib/python3.10/site-packages/airflow/example_dags/example_trigger_target_dag.py took 0.371 seconds
[2024-05-11T15:38:16.719-0300] {processor.py:161} INFO - Started process (PID=9918) to work on /home/patricia/Documentos/airflow/airflow_venv/lib/python3.10/site-packages/airflow/example_dags/example_trigger_target_dag.py
[2024-05-11T15:38:16.766-0300] {processor.py:830} INFO - Processing file /home/patricia/Documentos/airflow/airflow_venv/lib/python3.10/site-packages/airflow/example_dags/example_trigger_target_dag.py for tasks to queue
[2024-05-11T15:38:16.769-0300] {logging_mixin.py:188} INFO - [2024-05-11T15:38:16.769-0300] {dagbag.py:545} INFO - Filling up the DagBag from /home/patricia/Documentos/airflow/airflow_venv/lib/python3.10/site-packages/airflow/example_dags/example_trigger_target_dag.py
[2024-05-11T15:38:16.778-0300] {processor.py:840} INFO - DAG(s) 'example_trigger_target_dag' retrieved from /home/patricia/Documentos/airflow/airflow_venv/lib/python3.10/site-packages/airflow/example_dags/example_trigger_target_dag.py
[2024-05-11T15:38:16.814-0300] {logging_mixin.py:188} INFO - [2024-05-11T15:38:16.814-0300] {dag.py:3096} INFO - Sync 1 DAGs
[2024-05-11T15:38:16.829-0300] {logging_mixin.py:188} INFO - [2024-05-11T15:38:16.829-0300] {dag.py:3954} INFO - Setting next_dagrun for example_trigger_target_dag to None, run_after=None
[2024-05-11T15:38:17.847-0300] {processor.py:183} INFO - Processing /home/patricia/Documentos/airflow/airflow_venv/lib/python3.10/site-packages/airflow/example_dags/example_trigger_target_dag.py took 1.138 seconds
[2024-05-11T15:39:21.757-0300] {processor.py:161} INFO - Started process (PID=10032) to work on /home/patricia/Documentos/airflow/airflow_venv/lib/python3.10/site-packages/airflow/example_dags/example_trigger_target_dag.py
[2024-05-11T15:39:21.767-0300] {processor.py:830} INFO - Processing file /home/patricia/Documentos/airflow/airflow_venv/lib/python3.10/site-packages/airflow/example_dags/example_trigger_target_dag.py for tasks to queue
[2024-05-11T15:39:21.772-0300] {logging_mixin.py:188} INFO - [2024-05-11T15:39:21.771-0300] {dagbag.py:545} INFO - Filling up the DagBag from /home/patricia/Documentos/airflow/airflow_venv/lib/python3.10/site-packages/airflow/example_dags/example_trigger_target_dag.py
[2024-05-11T15:39:21.788-0300] {processor.py:840} INFO - DAG(s) 'example_trigger_target_dag' retrieved from /home/patricia/Documentos/airflow/airflow_venv/lib/python3.10/site-packages/airflow/example_dags/example_trigger_target_dag.py
[2024-05-11T15:39:21.825-0300] {logging_mixin.py:188} INFO - [2024-05-11T15:39:21.824-0300] {dag.py:3096} INFO - Sync 1 DAGs
[2024-05-11T15:39:21.855-0300] {logging_mixin.py:188} INFO - [2024-05-11T15:39:21.855-0300] {dag.py:3954} INFO - Setting next_dagrun for example_trigger_target_dag to None, run_after=None
[2024-05-11T15:39:21.925-0300] {processor.py:183} INFO - Processing /home/patricia/Documentos/airflow/airflow_venv/lib/python3.10/site-packages/airflow/example_dags/example_trigger_target_dag.py took 0.182 seconds
[2024-05-11T15:39:59.549-0300] {processor.py:161} INFO - Started process (PID=10103) to work on /home/patricia/Documentos/airflow/airflow_venv/lib/python3.10/site-packages/airflow/example_dags/example_trigger_target_dag.py
[2024-05-11T15:39:59.554-0300] {processor.py:830} INFO - Processing file /home/patricia/Documentos/airflow/airflow_venv/lib/python3.10/site-packages/airflow/example_dags/example_trigger_target_dag.py for tasks to queue
[2024-05-11T15:39:59.560-0300] {logging_mixin.py:188} INFO - [2024-05-11T15:39:59.559-0300] {dagbag.py:545} INFO - Filling up the DagBag from /home/patricia/Documentos/airflow/airflow_venv/lib/python3.10/site-packages/airflow/example_dags/example_trigger_target_dag.py
[2024-05-11T15:39:59.578-0300] {processor.py:840} INFO - DAG(s) 'example_trigger_target_dag' retrieved from /home/patricia/Documentos/airflow/airflow_venv/lib/python3.10/site-packages/airflow/example_dags/example_trigger_target_dag.py
[2024-05-11T15:39:59.634-0300] {logging_mixin.py:188} INFO - [2024-05-11T15:39:59.630-0300] {dag.py:3096} INFO - Sync 1 DAGs
[2024-05-11T15:39:59.666-0300] {logging_mixin.py:188} INFO - [2024-05-11T15:39:59.666-0300] {dag.py:3954} INFO - Setting next_dagrun for example_trigger_target_dag to None, run_after=None
[2024-05-11T15:39:59.759-0300] {processor.py:183} INFO - Processing /home/patricia/Documentos/airflow/airflow_venv/lib/python3.10/site-packages/airflow/example_dags/example_trigger_target_dag.py took 0.225 seconds
[2024-05-11T15:40:41.034-0300] {processor.py:161} INFO - Started process (PID=10584) to work on /home/patricia/Documentos/airflow/airflow_venv/lib/python3.10/site-packages/airflow/example_dags/example_trigger_target_dag.py
[2024-05-11T15:40:41.040-0300] {processor.py:830} INFO - Processing file /home/patricia/Documentos/airflow/airflow_venv/lib/python3.10/site-packages/airflow/example_dags/example_trigger_target_dag.py for tasks to queue
[2024-05-11T15:40:41.044-0300] {logging_mixin.py:188} INFO - [2024-05-11T15:40:41.043-0300] {dagbag.py:545} INFO - Filling up the DagBag from /home/patricia/Documentos/airflow/airflow_venv/lib/python3.10/site-packages/airflow/example_dags/example_trigger_target_dag.py
[2024-05-11T15:40:41.059-0300] {processor.py:840} INFO - DAG(s) 'example_trigger_target_dag' retrieved from /home/patricia/Documentos/airflow/airflow_venv/lib/python3.10/site-packages/airflow/example_dags/example_trigger_target_dag.py
[2024-05-11T15:40:41.083-0300] {logging_mixin.py:188} INFO - [2024-05-11T15:40:41.082-0300] {dag.py:3096} INFO - Sync 1 DAGs
[2024-05-11T15:40:41.107-0300] {logging_mixin.py:188} INFO - [2024-05-11T15:40:41.107-0300] {dag.py:3954} INFO - Setting next_dagrun for example_trigger_target_dag to None, run_after=None
[2024-05-11T15:40:41.191-0300] {processor.py:183} INFO - Processing /home/patricia/Documentos/airflow/airflow_venv/lib/python3.10/site-packages/airflow/example_dags/example_trigger_target_dag.py took 0.169 seconds
[2024-05-11T16:27:53.934-0300] {processor.py:161} INFO - Started process (PID=10934) to work on /home/patricia/Documentos/airflow/airflow_venv/lib/python3.10/site-packages/airflow/example_dags/example_trigger_target_dag.py
[2024-05-11T16:27:53.940-0300] {processor.py:830} INFO - Processing file /home/patricia/Documentos/airflow/airflow_venv/lib/python3.10/site-packages/airflow/example_dags/example_trigger_target_dag.py for tasks to queue
[2024-05-11T16:27:53.955-0300] {logging_mixin.py:188} INFO - [2024-05-11T16:27:53.954-0300] {dagbag.py:545} INFO - Filling up the DagBag from /home/patricia/Documentos/airflow/airflow_venv/lib/python3.10/site-packages/airflow/example_dags/example_trigger_target_dag.py
[2024-05-11T16:27:53.975-0300] {processor.py:840} INFO - DAG(s) 'example_trigger_target_dag' retrieved from /home/patricia/Documentos/airflow/airflow_venv/lib/python3.10/site-packages/airflow/example_dags/example_trigger_target_dag.py
[2024-05-11T16:27:53.999-0300] {logging_mixin.py:188} INFO - [2024-05-11T16:27:53.999-0300] {dag.py:3096} INFO - Sync 1 DAGs
[2024-05-11T16:27:54.031-0300] {logging_mixin.py:188} INFO - [2024-05-11T16:27:54.030-0300] {dag.py:3954} INFO - Setting next_dagrun for example_trigger_target_dag to None, run_after=None
[2024-05-11T16:27:54.104-0300] {processor.py:183} INFO - Processing /home/patricia/Documentos/airflow/airflow_venv/lib/python3.10/site-packages/airflow/example_dags/example_trigger_target_dag.py took 0.205 seconds
[2024-05-11T16:30:01.173-0300] {processor.py:161} INFO - Started process (PID=11190) to work on /home/patricia/Documentos/airflow/airflow_venv/lib/python3.10/site-packages/airflow/example_dags/example_trigger_target_dag.py
[2024-05-11T16:30:01.185-0300] {processor.py:830} INFO - Processing file /home/patricia/Documentos/airflow/airflow_venv/lib/python3.10/site-packages/airflow/example_dags/example_trigger_target_dag.py for tasks to queue
[2024-05-11T16:30:01.195-0300] {logging_mixin.py:188} INFO - [2024-05-11T16:30:01.193-0300] {dagbag.py:545} INFO - Filling up the DagBag from /home/patricia/Documentos/airflow/airflow_venv/lib/python3.10/site-packages/airflow/example_dags/example_trigger_target_dag.py
[2024-05-11T16:30:01.271-0300] {processor.py:840} INFO - DAG(s) 'example_trigger_target_dag' retrieved from /home/patricia/Documentos/airflow/airflow_venv/lib/python3.10/site-packages/airflow/example_dags/example_trigger_target_dag.py
[2024-05-11T16:30:01.494-0300] {logging_mixin.py:188} INFO - [2024-05-11T16:30:01.494-0300] {dag.py:3096} INFO - Sync 1 DAGs
[2024-05-11T16:30:02.090-0300] {logging_mixin.py:188} INFO - [2024-05-11T16:30:02.090-0300] {dag.py:3954} INFO - Setting next_dagrun for example_trigger_target_dag to None, run_after=None
[2024-05-11T16:30:02.161-0300] {processor.py:183} INFO - Processing /home/patricia/Documentos/airflow/airflow_venv/lib/python3.10/site-packages/airflow/example_dags/example_trigger_target_dag.py took 1.023 seconds
[2024-05-11T16:31:25.150-0300] {processor.py:161} INFO - Started process (PID=11351) to work on /home/patricia/Documentos/airflow/airflow_venv/lib/python3.10/site-packages/airflow/example_dags/example_trigger_target_dag.py
[2024-05-11T16:31:25.191-0300] {processor.py:830} INFO - Processing file /home/patricia/Documentos/airflow/airflow_venv/lib/python3.10/site-packages/airflow/example_dags/example_trigger_target_dag.py for tasks to queue
[2024-05-11T16:31:25.203-0300] {logging_mixin.py:188} INFO - [2024-05-11T16:31:25.200-0300] {dagbag.py:545} INFO - Filling up the DagBag from /home/patricia/Documentos/airflow/airflow_venv/lib/python3.10/site-packages/airflow/example_dags/example_trigger_target_dag.py
[2024-05-11T16:31:25.260-0300] {processor.py:840} INFO - DAG(s) 'example_trigger_target_dag' retrieved from /home/patricia/Documentos/airflow/airflow_venv/lib/python3.10/site-packages/airflow/example_dags/example_trigger_target_dag.py
[2024-05-11T16:31:25.347-0300] {logging_mixin.py:188} INFO - [2024-05-11T16:31:25.346-0300] {dag.py:3096} INFO - Sync 1 DAGs
[2024-05-11T16:31:25.421-0300] {logging_mixin.py:188} INFO - [2024-05-11T16:31:25.420-0300] {dag.py:3954} INFO - Setting next_dagrun for example_trigger_target_dag to None, run_after=None
[2024-05-11T16:31:25.502-0300] {processor.py:183} INFO - Processing /home/patricia/Documentos/airflow/airflow_venv/lib/python3.10/site-packages/airflow/example_dags/example_trigger_target_dag.py took 0.389 seconds
[2024-05-11T16:32:27.451-0300] {processor.py:161} INFO - Started process (PID=11459) to work on /home/patricia/Documentos/airflow/airflow_venv/lib/python3.10/site-packages/airflow/example_dags/example_trigger_target_dag.py
[2024-05-11T16:32:27.459-0300] {processor.py:830} INFO - Processing file /home/patricia/Documentos/airflow/airflow_venv/lib/python3.10/site-packages/airflow/example_dags/example_trigger_target_dag.py for tasks to queue
[2024-05-11T16:32:27.464-0300] {logging_mixin.py:188} INFO - [2024-05-11T16:32:27.463-0300] {dagbag.py:545} INFO - Filling up the DagBag from /home/patricia/Documentos/airflow/airflow_venv/lib/python3.10/site-packages/airflow/example_dags/example_trigger_target_dag.py
[2024-05-11T16:32:27.477-0300] {processor.py:840} INFO - DAG(s) 'example_trigger_target_dag' retrieved from /home/patricia/Documentos/airflow/airflow_venv/lib/python3.10/site-packages/airflow/example_dags/example_trigger_target_dag.py
[2024-05-11T16:32:27.685-0300] {logging_mixin.py:188} INFO - [2024-05-11T16:32:27.684-0300] {dag.py:3096} INFO - Sync 1 DAGs
[2024-05-11T16:32:27.709-0300] {logging_mixin.py:188} INFO - [2024-05-11T16:32:27.708-0300] {dag.py:3954} INFO - Setting next_dagrun for example_trigger_target_dag to None, run_after=None
[2024-05-11T16:32:27.828-0300] {processor.py:183} INFO - Processing /home/patricia/Documentos/airflow/airflow_venv/lib/python3.10/site-packages/airflow/example_dags/example_trigger_target_dag.py took 0.389 seconds
[2024-05-11T16:33:26.900-0300] {processor.py:161} INFO - Started process (PID=11605) to work on /home/patricia/Documentos/airflow/airflow_venv/lib/python3.10/site-packages/airflow/example_dags/example_trigger_target_dag.py
[2024-05-11T16:33:26.913-0300] {processor.py:830} INFO - Processing file /home/patricia/Documentos/airflow/airflow_venv/lib/python3.10/site-packages/airflow/example_dags/example_trigger_target_dag.py for tasks to queue
[2024-05-11T16:33:26.923-0300] {logging_mixin.py:188} INFO - [2024-05-11T16:33:26.920-0300] {dagbag.py:545} INFO - Filling up the DagBag from /home/patricia/Documentos/airflow/airflow_venv/lib/python3.10/site-packages/airflow/example_dags/example_trigger_target_dag.py
[2024-05-11T16:33:26.949-0300] {processor.py:840} INFO - DAG(s) 'example_trigger_target_dag' retrieved from /home/patricia/Documentos/airflow/airflow_venv/lib/python3.10/site-packages/airflow/example_dags/example_trigger_target_dag.py
[2024-05-11T16:33:26.987-0300] {logging_mixin.py:188} INFO - [2024-05-11T16:33:26.987-0300] {dag.py:3096} INFO - Sync 1 DAGs
[2024-05-11T16:33:27.015-0300] {logging_mixin.py:188} INFO - [2024-05-11T16:33:27.015-0300] {dag.py:3954} INFO - Setting next_dagrun for example_trigger_target_dag to None, run_after=None
[2024-05-11T16:33:27.083-0300] {processor.py:183} INFO - Processing /home/patricia/Documentos/airflow/airflow_venv/lib/python3.10/site-packages/airflow/example_dags/example_trigger_target_dag.py took 0.214 seconds
[2024-05-11T16:34:18.129-0300] {processor.py:161} INFO - Started process (PID=11710) to work on /home/patricia/Documentos/airflow/airflow_venv/lib/python3.10/site-packages/airflow/example_dags/example_trigger_target_dag.py
[2024-05-11T16:34:18.139-0300] {processor.py:830} INFO - Processing file /home/patricia/Documentos/airflow/airflow_venv/lib/python3.10/site-packages/airflow/example_dags/example_trigger_target_dag.py for tasks to queue
[2024-05-11T16:34:18.157-0300] {logging_mixin.py:188} INFO - [2024-05-11T16:34:18.155-0300] {dagbag.py:545} INFO - Filling up the DagBag from /home/patricia/Documentos/airflow/airflow_venv/lib/python3.10/site-packages/airflow/example_dags/example_trigger_target_dag.py
[2024-05-11T16:34:18.182-0300] {processor.py:840} INFO - DAG(s) 'example_trigger_target_dag' retrieved from /home/patricia/Documentos/airflow/airflow_venv/lib/python3.10/site-packages/airflow/example_dags/example_trigger_target_dag.py
[2024-05-11T16:34:18.286-0300] {logging_mixin.py:188} INFO - [2024-05-11T16:34:18.285-0300] {dag.py:3096} INFO - Sync 1 DAGs
[2024-05-11T16:34:18.365-0300] {logging_mixin.py:188} INFO - [2024-05-11T16:34:18.362-0300] {dag.py:3954} INFO - Setting next_dagrun for example_trigger_target_dag to None, run_after=None
[2024-05-11T16:34:18.448-0300] {processor.py:183} INFO - Processing /home/patricia/Documentos/airflow/airflow_venv/lib/python3.10/site-packages/airflow/example_dags/example_trigger_target_dag.py took 0.364 seconds
[2024-05-11T16:35:06.127-0300] {processor.py:161} INFO - Started process (PID=11785) to work on /home/patricia/Documentos/airflow/airflow_venv/lib/python3.10/site-packages/airflow/example_dags/example_trigger_target_dag.py
[2024-05-11T16:35:06.136-0300] {processor.py:830} INFO - Processing file /home/patricia/Documentos/airflow/airflow_venv/lib/python3.10/site-packages/airflow/example_dags/example_trigger_target_dag.py for tasks to queue
[2024-05-11T16:35:06.149-0300] {logging_mixin.py:188} INFO - [2024-05-11T16:35:06.146-0300] {dagbag.py:545} INFO - Filling up the DagBag from /home/patricia/Documentos/airflow/airflow_venv/lib/python3.10/site-packages/airflow/example_dags/example_trigger_target_dag.py
[2024-05-11T16:35:06.195-0300] {processor.py:840} INFO - DAG(s) 'example_trigger_target_dag' retrieved from /home/patricia/Documentos/airflow/airflow_venv/lib/python3.10/site-packages/airflow/example_dags/example_trigger_target_dag.py
[2024-05-11T16:35:06.236-0300] {logging_mixin.py:188} INFO - [2024-05-11T16:35:06.236-0300] {dag.py:3096} INFO - Sync 1 DAGs
[2024-05-11T16:35:06.279-0300] {logging_mixin.py:188} INFO - [2024-05-11T16:35:06.278-0300] {dag.py:3954} INFO - Setting next_dagrun for example_trigger_target_dag to None, run_after=None
[2024-05-11T16:35:06.354-0300] {processor.py:183} INFO - Processing /home/patricia/Documentos/airflow/airflow_venv/lib/python3.10/site-packages/airflow/example_dags/example_trigger_target_dag.py took 0.264 seconds
[2024-05-11T16:35:55.671-0300] {processor.py:161} INFO - Started process (PID=11855) to work on /home/patricia/Documentos/airflow/airflow_venv/lib/python3.10/site-packages/airflow/example_dags/example_trigger_target_dag.py
[2024-05-11T16:35:55.677-0300] {processor.py:830} INFO - Processing file /home/patricia/Documentos/airflow/airflow_venv/lib/python3.10/site-packages/airflow/example_dags/example_trigger_target_dag.py for tasks to queue
[2024-05-11T16:35:55.683-0300] {logging_mixin.py:188} INFO - [2024-05-11T16:35:55.682-0300] {dagbag.py:545} INFO - Filling up the DagBag from /home/patricia/Documentos/airflow/airflow_venv/lib/python3.10/site-packages/airflow/example_dags/example_trigger_target_dag.py
[2024-05-11T16:35:55.703-0300] {processor.py:840} INFO - DAG(s) 'example_trigger_target_dag' retrieved from /home/patricia/Documentos/airflow/airflow_venv/lib/python3.10/site-packages/airflow/example_dags/example_trigger_target_dag.py
[2024-05-11T16:35:55.757-0300] {logging_mixin.py:188} INFO - [2024-05-11T16:35:55.756-0300] {dag.py:3096} INFO - Sync 1 DAGs
[2024-05-11T16:35:55.840-0300] {logging_mixin.py:188} INFO - [2024-05-11T16:35:55.839-0300] {dag.py:3954} INFO - Setting next_dagrun for example_trigger_target_dag to None, run_after=None
[2024-05-11T16:35:55.977-0300] {processor.py:183} INFO - Processing /home/patricia/Documentos/airflow/airflow_venv/lib/python3.10/site-packages/airflow/example_dags/example_trigger_target_dag.py took 0.509 seconds
[2024-05-11T16:36:44.887-0300] {processor.py:161} INFO - Started process (PID=11933) to work on /home/patricia/Documentos/airflow/airflow_venv/lib/python3.10/site-packages/airflow/example_dags/example_trigger_target_dag.py
[2024-05-11T16:36:44.894-0300] {processor.py:830} INFO - Processing file /home/patricia/Documentos/airflow/airflow_venv/lib/python3.10/site-packages/airflow/example_dags/example_trigger_target_dag.py for tasks to queue
[2024-05-11T16:36:44.901-0300] {logging_mixin.py:188} INFO - [2024-05-11T16:36:44.899-0300] {dagbag.py:545} INFO - Filling up the DagBag from /home/patricia/Documentos/airflow/airflow_venv/lib/python3.10/site-packages/airflow/example_dags/example_trigger_target_dag.py
[2024-05-11T16:36:44.921-0300] {processor.py:840} INFO - DAG(s) 'example_trigger_target_dag' retrieved from /home/patricia/Documentos/airflow/airflow_venv/lib/python3.10/site-packages/airflow/example_dags/example_trigger_target_dag.py
[2024-05-11T16:36:44.968-0300] {logging_mixin.py:188} INFO - [2024-05-11T16:36:44.968-0300] {dag.py:3096} INFO - Sync 1 DAGs
[2024-05-11T16:36:45.002-0300] {logging_mixin.py:188} INFO - [2024-05-11T16:36:45.001-0300] {dag.py:3954} INFO - Setting next_dagrun for example_trigger_target_dag to None, run_after=None
[2024-05-11T16:36:45.070-0300] {processor.py:183} INFO - Processing /home/patricia/Documentos/airflow/airflow_venv/lib/python3.10/site-packages/airflow/example_dags/example_trigger_target_dag.py took 0.211 seconds
