[2024-05-11T15:12:04.631-0300] {processor.py:161} INFO - Started process (PID=4619) to work on /home/patricia/Documentos/airflow/airflow_venv/lib/python3.10/site-packages/airflow/example_dags/example_branch_operator.py
[2024-05-11T15:12:04.635-0300] {processor.py:830} INFO - Processing file /home/patricia/Documentos/airflow/airflow_venv/lib/python3.10/site-packages/airflow/example_dags/example_branch_operator.py for tasks to queue
[2024-05-11T15:12:04.643-0300] {logging_mixin.py:188} INFO - [2024-05-11T15:12:04.643-0300] {dagbag.py:545} INFO - Filling up the DagBag from /home/patricia/Documentos/airflow/airflow_venv/lib/python3.10/site-packages/airflow/example_dags/example_branch_operator.py
[2024-05-11T15:12:04.682-0300] {processor.py:840} INFO - DAG(s) 'example_branch_operator' retrieved from /home/patricia/Documentos/airflow/airflow_venv/lib/python3.10/site-packages/airflow/example_dags/example_branch_operator.py
[2024-05-11T15:12:05.024-0300] {logging_mixin.py:188} INFO - [2024-05-11T15:12:05.024-0300] {dag.py:3096} INFO - Sync 1 DAGs
[2024-05-11T15:12:05.048-0300] {logging_mixin.py:188} INFO - [2024-05-11T15:12:05.047-0300] {dag.py:3954} INFO - Setting next_dagrun for example_branch_operator to 2024-05-10 00:00:00+00:00, run_after=2024-05-11 00:00:00+00:00
[2024-05-11T15:12:05.100-0300] {processor.py:183} INFO - Processing /home/patricia/Documentos/airflow/airflow_venv/lib/python3.10/site-packages/airflow/example_dags/example_branch_operator.py took 0.514 seconds
[2024-05-11T15:14:29.564-0300] {processor.py:161} INFO - Started process (PID=4876) to work on /home/patricia/Documentos/airflow/airflow_venv/lib/python3.10/site-packages/airflow/example_dags/example_branch_operator.py
[2024-05-11T15:14:29.567-0300] {processor.py:830} INFO - Processing file /home/patricia/Documentos/airflow/airflow_venv/lib/python3.10/site-packages/airflow/example_dags/example_branch_operator.py for tasks to queue
[2024-05-11T15:14:29.570-0300] {logging_mixin.py:188} INFO - [2024-05-11T15:14:29.569-0300] {dagbag.py:545} INFO - Filling up the DagBag from /home/patricia/Documentos/airflow/airflow_venv/lib/python3.10/site-packages/airflow/example_dags/example_branch_operator.py
[2024-05-11T15:14:29.613-0300] {processor.py:840} INFO - DAG(s) 'example_branch_operator' retrieved from /home/patricia/Documentos/airflow/airflow_venv/lib/python3.10/site-packages/airflow/example_dags/example_branch_operator.py
[2024-05-11T15:14:29.640-0300] {logging_mixin.py:188} INFO - [2024-05-11T15:14:29.640-0300] {dag.py:3096} INFO - Sync 1 DAGs
[2024-05-11T15:14:29.750-0300] {logging_mixin.py:188} INFO - [2024-05-11T15:14:29.750-0300] {dag.py:3954} INFO - Setting next_dagrun for example_branch_operator to 2024-05-10 00:00:00+00:00, run_after=2024-05-11 00:00:00+00:00
[2024-05-11T15:14:29.794-0300] {processor.py:183} INFO - Processing /home/patricia/Documentos/airflow/airflow_venv/lib/python3.10/site-packages/airflow/example_dags/example_branch_operator.py took 0.237 seconds
[2024-05-11T15:15:46.557-0300] {processor.py:161} INFO - Started process (PID=5039) to work on /home/patricia/Documentos/airflow/airflow_venv/lib/python3.10/site-packages/airflow/example_dags/example_branch_operator.py
[2024-05-11T15:15:46.562-0300] {processor.py:830} INFO - Processing file /home/patricia/Documentos/airflow/airflow_venv/lib/python3.10/site-packages/airflow/example_dags/example_branch_operator.py for tasks to queue
[2024-05-11T15:15:46.567-0300] {logging_mixin.py:188} INFO - [2024-05-11T15:15:46.566-0300] {dagbag.py:545} INFO - Filling up the DagBag from /home/patricia/Documentos/airflow/airflow_venv/lib/python3.10/site-packages/airflow/example_dags/example_branch_operator.py
[2024-05-11T15:15:46.608-0300] {processor.py:840} INFO - DAG(s) 'example_branch_operator' retrieved from /home/patricia/Documentos/airflow/airflow_venv/lib/python3.10/site-packages/airflow/example_dags/example_branch_operator.py
[2024-05-11T15:15:46.668-0300] {logging_mixin.py:188} INFO - [2024-05-11T15:15:46.668-0300] {dag.py:3096} INFO - Sync 1 DAGs
[2024-05-11T15:15:46.718-0300] {logging_mixin.py:188} INFO - [2024-05-11T15:15:46.718-0300] {dag.py:3954} INFO - Setting next_dagrun for example_branch_operator to 2024-05-10 00:00:00+00:00, run_after=2024-05-11 00:00:00+00:00
[2024-05-11T15:15:46.799-0300] {processor.py:183} INFO - Processing /home/patricia/Documentos/airflow/airflow_venv/lib/python3.10/site-packages/airflow/example_dags/example_branch_operator.py took 0.259 seconds
[2024-05-11T15:16:45.056-0300] {processor.py:161} INFO - Started process (PID=5159) to work on /home/patricia/Documentos/airflow/airflow_venv/lib/python3.10/site-packages/airflow/example_dags/example_branch_operator.py
[2024-05-11T15:16:45.059-0300] {processor.py:830} INFO - Processing file /home/patricia/Documentos/airflow/airflow_venv/lib/python3.10/site-packages/airflow/example_dags/example_branch_operator.py for tasks to queue
[2024-05-11T15:16:45.061-0300] {logging_mixin.py:188} INFO - [2024-05-11T15:16:45.061-0300] {dagbag.py:545} INFO - Filling up the DagBag from /home/patricia/Documentos/airflow/airflow_venv/lib/python3.10/site-packages/airflow/example_dags/example_branch_operator.py
[2024-05-11T15:16:45.088-0300] {processor.py:840} INFO - DAG(s) 'example_branch_operator' retrieved from /home/patricia/Documentos/airflow/airflow_venv/lib/python3.10/site-packages/airflow/example_dags/example_branch_operator.py
[2024-05-11T15:16:45.144-0300] {logging_mixin.py:188} INFO - [2024-05-11T15:16:45.143-0300] {dag.py:3096} INFO - Sync 1 DAGs
[2024-05-11T15:16:45.172-0300] {logging_mixin.py:188} INFO - [2024-05-11T15:16:45.172-0300] {dag.py:3954} INFO - Setting next_dagrun for example_branch_operator to 2024-05-10 00:00:00+00:00, run_after=2024-05-11 00:00:00+00:00
[2024-05-11T15:16:45.209-0300] {processor.py:183} INFO - Processing /home/patricia/Documentos/airflow/airflow_venv/lib/python3.10/site-packages/airflow/example_dags/example_branch_operator.py took 0.160 seconds
[2024-05-11T15:17:51.648-0300] {processor.py:161} INFO - Started process (PID=5317) to work on /home/patricia/Documentos/airflow/airflow_venv/lib/python3.10/site-packages/airflow/example_dags/example_branch_operator.py
[2024-05-11T15:17:51.650-0300] {processor.py:830} INFO - Processing file /home/patricia/Documentos/airflow/airflow_venv/lib/python3.10/site-packages/airflow/example_dags/example_branch_operator.py for tasks to queue
[2024-05-11T15:17:51.653-0300] {logging_mixin.py:188} INFO - [2024-05-11T15:17:51.653-0300] {dagbag.py:545} INFO - Filling up the DagBag from /home/patricia/Documentos/airflow/airflow_venv/lib/python3.10/site-packages/airflow/example_dags/example_branch_operator.py
[2024-05-11T15:17:51.675-0300] {processor.py:840} INFO - DAG(s) 'example_branch_operator' retrieved from /home/patricia/Documentos/airflow/airflow_venv/lib/python3.10/site-packages/airflow/example_dags/example_branch_operator.py
[2024-05-11T15:17:51.703-0300] {logging_mixin.py:188} INFO - [2024-05-11T15:17:51.703-0300] {dag.py:3096} INFO - Sync 1 DAGs
[2024-05-11T15:17:51.731-0300] {logging_mixin.py:188} INFO - [2024-05-11T15:17:51.730-0300] {dag.py:3954} INFO - Setting next_dagrun for example_branch_operator to 2024-05-10 00:00:00+00:00, run_after=2024-05-11 00:00:00+00:00
[2024-05-11T15:17:51.802-0300] {processor.py:183} INFO - Processing /home/patricia/Documentos/airflow/airflow_venv/lib/python3.10/site-packages/airflow/example_dags/example_branch_operator.py took 0.165 seconds
[2024-05-11T15:19:01.412-0300] {processor.py:161} INFO - Started process (PID=5930) to work on /home/patricia/Documentos/airflow/airflow_venv/lib/python3.10/site-packages/airflow/example_dags/example_branch_operator.py
[2024-05-11T15:19:01.417-0300] {processor.py:830} INFO - Processing file /home/patricia/Documentos/airflow/airflow_venv/lib/python3.10/site-packages/airflow/example_dags/example_branch_operator.py for tasks to queue
[2024-05-11T15:19:01.419-0300] {logging_mixin.py:188} INFO - [2024-05-11T15:19:01.419-0300] {dagbag.py:545} INFO - Filling up the DagBag from /home/patricia/Documentos/airflow/airflow_venv/lib/python3.10/site-packages/airflow/example_dags/example_branch_operator.py
[2024-05-11T15:19:01.437-0300] {processor.py:840} INFO - DAG(s) 'example_branch_operator' retrieved from /home/patricia/Documentos/airflow/airflow_venv/lib/python3.10/site-packages/airflow/example_dags/example_branch_operator.py
[2024-05-11T15:19:01.473-0300] {logging_mixin.py:188} INFO - [2024-05-11T15:19:01.473-0300] {dag.py:3096} INFO - Sync 1 DAGs
[2024-05-11T15:19:01.530-0300] {logging_mixin.py:188} INFO - [2024-05-11T15:19:01.529-0300] {dag.py:3954} INFO - Setting next_dagrun for example_branch_operator to 2024-05-10 00:00:00+00:00, run_after=2024-05-11 00:00:00+00:00
[2024-05-11T15:19:01.581-0300] {processor.py:183} INFO - Processing /home/patricia/Documentos/airflow/airflow_venv/lib/python3.10/site-packages/airflow/example_dags/example_branch_operator.py took 0.175 seconds
[2024-05-11T15:20:09.936-0300] {processor.py:161} INFO - Started process (PID=6077) to work on /home/patricia/Documentos/airflow/airflow_venv/lib/python3.10/site-packages/airflow/example_dags/example_branch_operator.py
[2024-05-11T15:20:09.938-0300] {processor.py:830} INFO - Processing file /home/patricia/Documentos/airflow/airflow_venv/lib/python3.10/site-packages/airflow/example_dags/example_branch_operator.py for tasks to queue
[2024-05-11T15:20:09.941-0300] {logging_mixin.py:188} INFO - [2024-05-11T15:20:09.940-0300] {dagbag.py:545} INFO - Filling up the DagBag from /home/patricia/Documentos/airflow/airflow_venv/lib/python3.10/site-packages/airflow/example_dags/example_branch_operator.py
[2024-05-11T15:20:09.964-0300] {processor.py:840} INFO - DAG(s) 'example_branch_operator' retrieved from /home/patricia/Documentos/airflow/airflow_venv/lib/python3.10/site-packages/airflow/example_dags/example_branch_operator.py
[2024-05-11T15:20:09.990-0300] {logging_mixin.py:188} INFO - [2024-05-11T15:20:09.989-0300] {dag.py:3096} INFO - Sync 1 DAGs
[2024-05-11T15:20:10.013-0300] {logging_mixin.py:188} INFO - [2024-05-11T15:20:10.013-0300] {dag.py:3954} INFO - Setting next_dagrun for example_branch_operator to 2024-05-10 00:00:00+00:00, run_after=2024-05-11 00:00:00+00:00
[2024-05-11T15:20:10.048-0300] {processor.py:183} INFO - Processing /home/patricia/Documentos/airflow/airflow_venv/lib/python3.10/site-packages/airflow/example_dags/example_branch_operator.py took 0.169 seconds
[2024-05-11T15:22:05.291-0300] {processor.py:161} INFO - Started process (PID=6268) to work on /home/patricia/Documentos/airflow/airflow_venv/lib/python3.10/site-packages/airflow/example_dags/example_branch_operator.py
[2024-05-11T15:22:05.294-0300] {processor.py:830} INFO - Processing file /home/patricia/Documentos/airflow/airflow_venv/lib/python3.10/site-packages/airflow/example_dags/example_branch_operator.py for tasks to queue
[2024-05-11T15:22:05.297-0300] {logging_mixin.py:188} INFO - [2024-05-11T15:22:05.297-0300] {dagbag.py:545} INFO - Filling up the DagBag from /home/patricia/Documentos/airflow/airflow_venv/lib/python3.10/site-packages/airflow/example_dags/example_branch_operator.py
[2024-05-11T15:22:05.319-0300] {processor.py:840} INFO - DAG(s) 'example_branch_operator' retrieved from /home/patricia/Documentos/airflow/airflow_venv/lib/python3.10/site-packages/airflow/example_dags/example_branch_operator.py
[2024-05-11T15:22:05.345-0300] {logging_mixin.py:188} INFO - [2024-05-11T15:22:05.344-0300] {dag.py:3096} INFO - Sync 1 DAGs
[2024-05-11T15:22:05.365-0300] {logging_mixin.py:188} INFO - [2024-05-11T15:22:05.365-0300] {dag.py:3954} INFO - Setting next_dagrun for example_branch_operator to 2024-05-10 00:00:00+00:00, run_after=2024-05-11 00:00:00+00:00
[2024-05-11T15:22:05.398-0300] {processor.py:183} INFO - Processing /home/patricia/Documentos/airflow/airflow_venv/lib/python3.10/site-packages/airflow/example_dags/example_branch_operator.py took 0.114 seconds
[2024-05-11T15:23:10.183-0300] {processor.py:161} INFO - Started process (PID=6412) to work on /home/patricia/Documentos/airflow/airflow_venv/lib/python3.10/site-packages/airflow/example_dags/example_branch_operator.py
[2024-05-11T15:23:10.187-0300] {processor.py:830} INFO - Processing file /home/patricia/Documentos/airflow/airflow_venv/lib/python3.10/site-packages/airflow/example_dags/example_branch_operator.py for tasks to queue
[2024-05-11T15:23:10.193-0300] {logging_mixin.py:188} INFO - [2024-05-11T15:23:10.191-0300] {dagbag.py:545} INFO - Filling up the DagBag from /home/patricia/Documentos/airflow/airflow_venv/lib/python3.10/site-packages/airflow/example_dags/example_branch_operator.py
[2024-05-11T15:23:10.240-0300] {processor.py:840} INFO - DAG(s) 'example_branch_operator' retrieved from /home/patricia/Documentos/airflow/airflow_venv/lib/python3.10/site-packages/airflow/example_dags/example_branch_operator.py
[2024-05-11T15:23:10.302-0300] {logging_mixin.py:188} INFO - [2024-05-11T15:23:10.300-0300] {dag.py:3096} INFO - Sync 1 DAGs
[2024-05-11T15:23:10.359-0300] {logging_mixin.py:188} INFO - [2024-05-11T15:23:10.359-0300] {dag.py:3954} INFO - Setting next_dagrun for example_branch_operator to 2024-05-10 00:00:00+00:00, run_after=2024-05-11 00:00:00+00:00
[2024-05-11T15:23:10.444-0300] {processor.py:183} INFO - Processing /home/patricia/Documentos/airflow/airflow_venv/lib/python3.10/site-packages/airflow/example_dags/example_branch_operator.py took 0.277 seconds
[2024-05-11T15:24:11.979-0300] {processor.py:161} INFO - Started process (PID=6536) to work on /home/patricia/Documentos/airflow/airflow_venv/lib/python3.10/site-packages/airflow/example_dags/example_branch_operator.py
[2024-05-11T15:24:12.010-0300] {processor.py:830} INFO - Processing file /home/patricia/Documentos/airflow/airflow_venv/lib/python3.10/site-packages/airflow/example_dags/example_branch_operator.py for tasks to queue
[2024-05-11T15:24:12.019-0300] {logging_mixin.py:188} INFO - [2024-05-11T15:24:12.018-0300] {dagbag.py:545} INFO - Filling up the DagBag from /home/patricia/Documentos/airflow/airflow_venv/lib/python3.10/site-packages/airflow/example_dags/example_branch_operator.py
[2024-05-11T15:24:12.287-0300] {processor.py:840} INFO - DAG(s) 'example_branch_operator' retrieved from /home/patricia/Documentos/airflow/airflow_venv/lib/python3.10/site-packages/airflow/example_dags/example_branch_operator.py
[2024-05-11T15:24:12.369-0300] {logging_mixin.py:188} INFO - [2024-05-11T15:24:12.369-0300] {dag.py:3096} INFO - Sync 1 DAGs
[2024-05-11T15:24:12.440-0300] {logging_mixin.py:188} INFO - [2024-05-11T15:24:12.439-0300] {dag.py:3954} INFO - Setting next_dagrun for example_branch_operator to 2024-05-10 00:00:00+00:00, run_after=2024-05-11 00:00:00+00:00
[2024-05-11T15:24:12.570-0300] {processor.py:183} INFO - Processing /home/patricia/Documentos/airflow/airflow_venv/lib/python3.10/site-packages/airflow/example_dags/example_branch_operator.py took 0.608 seconds
[2024-05-11T15:27:03.500-0300] {processor.py:161} INFO - Started process (PID=7595) to work on /home/patricia/Documentos/airflow/airflow_venv/lib/python3.10/site-packages/airflow/example_dags/example_branch_operator.py
[2024-05-11T15:27:03.508-0300] {processor.py:830} INFO - Processing file /home/patricia/Documentos/airflow/airflow_venv/lib/python3.10/site-packages/airflow/example_dags/example_branch_operator.py for tasks to queue
[2024-05-11T15:27:03.514-0300] {logging_mixin.py:188} INFO - [2024-05-11T15:27:03.513-0300] {dagbag.py:545} INFO - Filling up the DagBag from /home/patricia/Documentos/airflow/airflow_venv/lib/python3.10/site-packages/airflow/example_dags/example_branch_operator.py
[2024-05-11T15:27:03.557-0300] {processor.py:840} INFO - DAG(s) 'example_branch_operator' retrieved from /home/patricia/Documentos/airflow/airflow_venv/lib/python3.10/site-packages/airflow/example_dags/example_branch_operator.py
[2024-05-11T15:27:04.231-0300] {logging_mixin.py:188} INFO - [2024-05-11T15:27:04.231-0300] {dag.py:3096} INFO - Sync 1 DAGs
[2024-05-11T15:27:04.278-0300] {logging_mixin.py:188} INFO - [2024-05-11T15:27:04.277-0300] {dag.py:3954} INFO - Setting next_dagrun for example_branch_operator to 2024-05-10 00:00:00+00:00, run_after=2024-05-11 00:00:00+00:00
[2024-05-11T15:27:04.344-0300] {processor.py:183} INFO - Processing /home/patricia/Documentos/airflow/airflow_venv/lib/python3.10/site-packages/airflow/example_dags/example_branch_operator.py took 0.860 seconds
[2024-05-11T15:28:35.121-0300] {processor.py:161} INFO - Started process (PID=7781) to work on /home/patricia/Documentos/airflow/airflow_venv/lib/python3.10/site-packages/airflow/example_dags/example_branch_operator.py
[2024-05-11T15:28:35.151-0300] {processor.py:830} INFO - Processing file /home/patricia/Documentos/airflow/airflow_venv/lib/python3.10/site-packages/airflow/example_dags/example_branch_operator.py for tasks to queue
[2024-05-11T15:28:35.153-0300] {logging_mixin.py:188} INFO - [2024-05-11T15:28:35.152-0300] {dagbag.py:545} INFO - Filling up the DagBag from /home/patricia/Documentos/airflow/airflow_venv/lib/python3.10/site-packages/airflow/example_dags/example_branch_operator.py
[2024-05-11T15:28:35.197-0300] {processor.py:840} INFO - DAG(s) 'example_branch_operator' retrieved from /home/patricia/Documentos/airflow/airflow_venv/lib/python3.10/site-packages/airflow/example_dags/example_branch_operator.py
[2024-05-11T15:28:35.244-0300] {logging_mixin.py:188} INFO - [2024-05-11T15:28:35.243-0300] {dag.py:3096} INFO - Sync 1 DAGs
[2024-05-11T15:28:35.369-0300] {logging_mixin.py:188} INFO - [2024-05-11T15:28:35.369-0300] {dag.py:3954} INFO - Setting next_dagrun for example_branch_operator to 2024-05-10 00:00:00+00:00, run_after=2024-05-11 00:00:00+00:00
[2024-05-11T15:28:35.457-0300] {processor.py:183} INFO - Processing /home/patricia/Documentos/airflow/airflow_venv/lib/python3.10/site-packages/airflow/example_dags/example_branch_operator.py took 0.343 seconds
[2024-05-11T15:30:00.091-0300] {processor.py:161} INFO - Started process (PID=7946) to work on /home/patricia/Documentos/airflow/airflow_venv/lib/python3.10/site-packages/airflow/example_dags/example_branch_operator.py
[2024-05-11T15:30:00.110-0300] {processor.py:830} INFO - Processing file /home/patricia/Documentos/airflow/airflow_venv/lib/python3.10/site-packages/airflow/example_dags/example_branch_operator.py for tasks to queue
[2024-05-11T15:30:00.113-0300] {logging_mixin.py:188} INFO - [2024-05-11T15:30:00.112-0300] {dagbag.py:545} INFO - Filling up the DagBag from /home/patricia/Documentos/airflow/airflow_venv/lib/python3.10/site-packages/airflow/example_dags/example_branch_operator.py
[2024-05-11T15:30:00.171-0300] {processor.py:840} INFO - DAG(s) 'example_branch_operator' retrieved from /home/patricia/Documentos/airflow/airflow_venv/lib/python3.10/site-packages/airflow/example_dags/example_branch_operator.py
[2024-05-11T15:30:00.209-0300] {logging_mixin.py:188} INFO - [2024-05-11T15:30:00.209-0300] {dag.py:3096} INFO - Sync 1 DAGs
[2024-05-11T15:30:00.291-0300] {logging_mixin.py:188} INFO - [2024-05-11T15:30:00.291-0300] {dag.py:3954} INFO - Setting next_dagrun for example_branch_operator to 2024-05-10 00:00:00+00:00, run_after=2024-05-11 00:00:00+00:00
[2024-05-11T15:30:00.572-0300] {processor.py:183} INFO - Processing /home/patricia/Documentos/airflow/airflow_venv/lib/python3.10/site-packages/airflow/example_dags/example_branch_operator.py took 0.489 seconds
[2024-05-11T15:31:22.850-0300] {processor.py:161} INFO - Started process (PID=8165) to work on /home/patricia/Documentos/airflow/airflow_venv/lib/python3.10/site-packages/airflow/example_dags/example_branch_operator.py
[2024-05-11T15:31:22.853-0300] {processor.py:830} INFO - Processing file /home/patricia/Documentos/airflow/airflow_venv/lib/python3.10/site-packages/airflow/example_dags/example_branch_operator.py for tasks to queue
[2024-05-11T15:31:22.855-0300] {logging_mixin.py:188} INFO - [2024-05-11T15:31:22.855-0300] {dagbag.py:545} INFO - Filling up the DagBag from /home/patricia/Documentos/airflow/airflow_venv/lib/python3.10/site-packages/airflow/example_dags/example_branch_operator.py
[2024-05-11T15:31:22.880-0300] {processor.py:840} INFO - DAG(s) 'example_branch_operator' retrieved from /home/patricia/Documentos/airflow/airflow_venv/lib/python3.10/site-packages/airflow/example_dags/example_branch_operator.py
[2024-05-11T15:31:22.905-0300] {logging_mixin.py:188} INFO - [2024-05-11T15:31:22.905-0300] {dag.py:3096} INFO - Sync 1 DAGs
[2024-05-11T15:31:22.960-0300] {logging_mixin.py:188} INFO - [2024-05-11T15:31:22.960-0300] {dag.py:3954} INFO - Setting next_dagrun for example_branch_operator to 2024-05-10 00:00:00+00:00, run_after=2024-05-11 00:00:00+00:00
[2024-05-11T15:31:23.040-0300] {processor.py:183} INFO - Processing /home/patricia/Documentos/airflow/airflow_venv/lib/python3.10/site-packages/airflow/example_dags/example_branch_operator.py took 0.200 seconds
[2024-05-11T15:32:27.122-0300] {processor.py:161} INFO - Started process (PID=8426) to work on /home/patricia/Documentos/airflow/airflow_venv/lib/python3.10/site-packages/airflow/example_dags/example_branch_operator.py
[2024-05-11T15:32:27.125-0300] {processor.py:830} INFO - Processing file /home/patricia/Documentos/airflow/airflow_venv/lib/python3.10/site-packages/airflow/example_dags/example_branch_operator.py for tasks to queue
[2024-05-11T15:32:27.127-0300] {logging_mixin.py:188} INFO - [2024-05-11T15:32:27.126-0300] {dagbag.py:545} INFO - Filling up the DagBag from /home/patricia/Documentos/airflow/airflow_venv/lib/python3.10/site-packages/airflow/example_dags/example_branch_operator.py
[2024-05-11T15:32:27.145-0300] {processor.py:840} INFO - DAG(s) 'example_branch_operator' retrieved from /home/patricia/Documentos/airflow/airflow_venv/lib/python3.10/site-packages/airflow/example_dags/example_branch_operator.py
[2024-05-11T15:32:27.169-0300] {logging_mixin.py:188} INFO - [2024-05-11T15:32:27.169-0300] {dag.py:3096} INFO - Sync 1 DAGs
[2024-05-11T15:32:27.190-0300] {logging_mixin.py:188} INFO - [2024-05-11T15:32:27.190-0300] {dag.py:3954} INFO - Setting next_dagrun for example_branch_operator to 2024-05-10 00:00:00+00:00, run_after=2024-05-11 00:00:00+00:00
[2024-05-11T15:32:27.225-0300] {processor.py:183} INFO - Processing /home/patricia/Documentos/airflow/airflow_venv/lib/python3.10/site-packages/airflow/example_dags/example_branch_operator.py took 0.111 seconds
[2024-05-11T15:33:34.868-0300] {processor.py:161} INFO - Started process (PID=8715) to work on /home/patricia/Documentos/airflow/airflow_venv/lib/python3.10/site-packages/airflow/example_dags/example_branch_operator.py
[2024-05-11T15:33:34.873-0300] {processor.py:830} INFO - Processing file /home/patricia/Documentos/airflow/airflow_venv/lib/python3.10/site-packages/airflow/example_dags/example_branch_operator.py for tasks to queue
[2024-05-11T15:33:34.875-0300] {logging_mixin.py:188} INFO - [2024-05-11T15:33:34.874-0300] {dagbag.py:545} INFO - Filling up the DagBag from /home/patricia/Documentos/airflow/airflow_venv/lib/python3.10/site-packages/airflow/example_dags/example_branch_operator.py
[2024-05-11T15:33:34.898-0300] {processor.py:840} INFO - DAG(s) 'example_branch_operator' retrieved from /home/patricia/Documentos/airflow/airflow_venv/lib/python3.10/site-packages/airflow/example_dags/example_branch_operator.py
[2024-05-11T15:33:34.976-0300] {logging_mixin.py:188} INFO - [2024-05-11T15:33:34.976-0300] {dag.py:3096} INFO - Sync 1 DAGs
[2024-05-11T15:33:35.018-0300] {logging_mixin.py:188} INFO - [2024-05-11T15:33:35.017-0300] {dag.py:3954} INFO - Setting next_dagrun for example_branch_operator to 2024-05-10 00:00:00+00:00, run_after=2024-05-11 00:00:00+00:00
[2024-05-11T15:33:35.070-0300] {processor.py:183} INFO - Processing /home/patricia/Documentos/airflow/airflow_venv/lib/python3.10/site-packages/airflow/example_dags/example_branch_operator.py took 0.211 seconds
[2024-05-11T15:34:52.418-0300] {processor.py:161} INFO - Started process (PID=9362) to work on /home/patricia/Documentos/airflow/airflow_venv/lib/python3.10/site-packages/airflow/example_dags/example_branch_operator.py
[2024-05-11T15:34:52.426-0300] {processor.py:830} INFO - Processing file /home/patricia/Documentos/airflow/airflow_venv/lib/python3.10/site-packages/airflow/example_dags/example_branch_operator.py for tasks to queue
[2024-05-11T15:34:52.442-0300] {logging_mixin.py:188} INFO - [2024-05-11T15:34:52.438-0300] {dagbag.py:545} INFO - Filling up the DagBag from /home/patricia/Documentos/airflow/airflow_venv/lib/python3.10/site-packages/airflow/example_dags/example_branch_operator.py
[2024-05-11T15:34:52.612-0300] {processor.py:840} INFO - DAG(s) 'example_branch_operator' retrieved from /home/patricia/Documentos/airflow/airflow_venv/lib/python3.10/site-packages/airflow/example_dags/example_branch_operator.py
[2024-05-11T15:34:52.725-0300] {logging_mixin.py:188} INFO - [2024-05-11T15:34:52.725-0300] {dag.py:3096} INFO - Sync 1 DAGs
[2024-05-11T15:34:52.838-0300] {logging_mixin.py:188} INFO - [2024-05-11T15:34:52.837-0300] {dag.py:3954} INFO - Setting next_dagrun for example_branch_operator to 2024-05-10 00:00:00+00:00, run_after=2024-05-11 00:00:00+00:00
[2024-05-11T15:34:52.958-0300] {processor.py:183} INFO - Processing /home/patricia/Documentos/airflow/airflow_venv/lib/python3.10/site-packages/airflow/example_dags/example_branch_operator.py took 0.563 seconds
[2024-05-11T15:36:08.288-0300] {processor.py:161} INFO - Started process (PID=9569) to work on /home/patricia/Documentos/airflow/airflow_venv/lib/python3.10/site-packages/airflow/example_dags/example_branch_operator.py
[2024-05-11T15:36:08.312-0300] {processor.py:830} INFO - Processing file /home/patricia/Documentos/airflow/airflow_venv/lib/python3.10/site-packages/airflow/example_dags/example_branch_operator.py for tasks to queue
[2024-05-11T15:36:08.315-0300] {logging_mixin.py:188} INFO - [2024-05-11T15:36:08.315-0300] {dagbag.py:545} INFO - Filling up the DagBag from /home/patricia/Documentos/airflow/airflow_venv/lib/python3.10/site-packages/airflow/example_dags/example_branch_operator.py
[2024-05-11T15:36:08.342-0300] {processor.py:840} INFO - DAG(s) 'example_branch_operator' retrieved from /home/patricia/Documentos/airflow/airflow_venv/lib/python3.10/site-packages/airflow/example_dags/example_branch_operator.py
[2024-05-11T15:36:08.398-0300] {logging_mixin.py:188} INFO - [2024-05-11T15:36:08.397-0300] {dag.py:3096} INFO - Sync 1 DAGs
[2024-05-11T15:36:08.442-0300] {logging_mixin.py:188} INFO - [2024-05-11T15:36:08.441-0300] {dag.py:3954} INFO - Setting next_dagrun for example_branch_operator to 2024-05-10 00:00:00+00:00, run_after=2024-05-11 00:00:00+00:00
[2024-05-11T15:36:08.509-0300] {processor.py:183} INFO - Processing /home/patricia/Documentos/airflow/airflow_venv/lib/python3.10/site-packages/airflow/example_dags/example_branch_operator.py took 0.234 seconds
[2024-05-11T15:37:33.512-0300] {processor.py:161} INFO - Started process (PID=9851) to work on /home/patricia/Documentos/airflow/airflow_venv/lib/python3.10/site-packages/airflow/example_dags/example_branch_operator.py
[2024-05-11T15:37:33.754-0300] {processor.py:830} INFO - Processing file /home/patricia/Documentos/airflow/airflow_venv/lib/python3.10/site-packages/airflow/example_dags/example_branch_operator.py for tasks to queue
[2024-05-11T15:37:33.757-0300] {logging_mixin.py:188} INFO - [2024-05-11T15:37:33.756-0300] {dagbag.py:545} INFO - Filling up the DagBag from /home/patricia/Documentos/airflow/airflow_venv/lib/python3.10/site-packages/airflow/example_dags/example_branch_operator.py
[2024-05-11T15:37:33.826-0300] {processor.py:840} INFO - DAG(s) 'example_branch_operator' retrieved from /home/patricia/Documentos/airflow/airflow_venv/lib/python3.10/site-packages/airflow/example_dags/example_branch_operator.py
[2024-05-11T15:37:33.866-0300] {logging_mixin.py:188} INFO - [2024-05-11T15:37:33.865-0300] {dag.py:3096} INFO - Sync 1 DAGs
[2024-05-11T15:37:33.921-0300] {logging_mixin.py:188} INFO - [2024-05-11T15:37:33.921-0300] {dag.py:3954} INFO - Setting next_dagrun for example_branch_operator to 2024-05-10 00:00:00+00:00, run_after=2024-05-11 00:00:00+00:00
[2024-05-11T15:37:35.135-0300] {processor.py:183} INFO - Processing /home/patricia/Documentos/airflow/airflow_venv/lib/python3.10/site-packages/airflow/example_dags/example_branch_operator.py took 1.636 seconds
[2024-05-11T15:39:17.995-0300] {processor.py:161} INFO - Started process (PID=10027) to work on /home/patricia/Documentos/airflow/airflow_venv/lib/python3.10/site-packages/airflow/example_dags/example_branch_operator.py
[2024-05-11T15:39:17.997-0300] {processor.py:830} INFO - Processing file /home/patricia/Documentos/airflow/airflow_venv/lib/python3.10/site-packages/airflow/example_dags/example_branch_operator.py for tasks to queue
[2024-05-11T15:39:18.000-0300] {logging_mixin.py:188} INFO - [2024-05-11T15:39:17.999-0300] {dagbag.py:545} INFO - Filling up the DagBag from /home/patricia/Documentos/airflow/airflow_venv/lib/python3.10/site-packages/airflow/example_dags/example_branch_operator.py
[2024-05-11T15:39:18.026-0300] {processor.py:840} INFO - DAG(s) 'example_branch_operator' retrieved from /home/patricia/Documentos/airflow/airflow_venv/lib/python3.10/site-packages/airflow/example_dags/example_branch_operator.py
[2024-05-11T15:39:18.056-0300] {logging_mixin.py:188} INFO - [2024-05-11T15:39:18.055-0300] {dag.py:3096} INFO - Sync 1 DAGs
[2024-05-11T15:39:18.080-0300] {logging_mixin.py:188} INFO - [2024-05-11T15:39:18.080-0300] {dag.py:3954} INFO - Setting next_dagrun for example_branch_operator to 2024-05-10 00:00:00+00:00, run_after=2024-05-11 00:00:00+00:00
[2024-05-11T15:39:18.118-0300] {processor.py:183} INFO - Processing /home/patricia/Documentos/airflow/airflow_venv/lib/python3.10/site-packages/airflow/example_dags/example_branch_operator.py took 0.131 seconds
[2024-05-11T15:40:36.898-0300] {processor.py:161} INFO - Started process (PID=10577) to work on /home/patricia/Documentos/airflow/airflow_venv/lib/python3.10/site-packages/airflow/example_dags/example_branch_operator.py
[2024-05-11T15:40:36.911-0300] {processor.py:830} INFO - Processing file /home/patricia/Documentos/airflow/airflow_venv/lib/python3.10/site-packages/airflow/example_dags/example_branch_operator.py for tasks to queue
[2024-05-11T15:40:36.927-0300] {logging_mixin.py:188} INFO - [2024-05-11T15:40:36.926-0300] {dagbag.py:545} INFO - Filling up the DagBag from /home/patricia/Documentos/airflow/airflow_venv/lib/python3.10/site-packages/airflow/example_dags/example_branch_operator.py
[2024-05-11T15:40:37.065-0300] {processor.py:840} INFO - DAG(s) 'example_branch_operator' retrieved from /home/patricia/Documentos/airflow/airflow_venv/lib/python3.10/site-packages/airflow/example_dags/example_branch_operator.py
[2024-05-11T15:40:37.248-0300] {logging_mixin.py:188} INFO - [2024-05-11T15:40:37.247-0300] {dag.py:3096} INFO - Sync 1 DAGs
[2024-05-11T15:40:37.325-0300] {logging_mixin.py:188} INFO - [2024-05-11T15:40:37.319-0300] {dag.py:3954} INFO - Setting next_dagrun for example_branch_operator to 2024-05-10 00:00:00+00:00, run_after=2024-05-11 00:00:00+00:00
[2024-05-11T15:40:37.431-0300] {processor.py:183} INFO - Processing /home/patricia/Documentos/airflow/airflow_venv/lib/python3.10/site-packages/airflow/example_dags/example_branch_operator.py took 0.545 seconds
[2024-05-11T16:29:15.858-0300] {processor.py:161} INFO - Started process (PID=11107) to work on /home/patricia/Documentos/airflow/airflow_venv/lib/python3.10/site-packages/airflow/example_dags/example_branch_operator.py
[2024-05-11T16:29:15.875-0300] {processor.py:830} INFO - Processing file /home/patricia/Documentos/airflow/airflow_venv/lib/python3.10/site-packages/airflow/example_dags/example_branch_operator.py for tasks to queue
[2024-05-11T16:29:16.002-0300] {logging_mixin.py:188} INFO - [2024-05-11T16:29:15.886-0300] {dagbag.py:545} INFO - Filling up the DagBag from /home/patricia/Documentos/airflow/airflow_venv/lib/python3.10/site-packages/airflow/example_dags/example_branch_operator.py
[2024-05-11T16:29:16.043-0300] {processor.py:840} INFO - DAG(s) 'example_branch_operator' retrieved from /home/patricia/Documentos/airflow/airflow_venv/lib/python3.10/site-packages/airflow/example_dags/example_branch_operator.py
[2024-05-11T16:29:17.223-0300] {logging_mixin.py:188} INFO - [2024-05-11T16:29:17.222-0300] {dag.py:3096} INFO - Sync 1 DAGs
[2024-05-11T16:29:17.355-0300] {logging_mixin.py:188} INFO - [2024-05-11T16:29:17.354-0300] {dag.py:3954} INFO - Setting next_dagrun for example_branch_operator to 2024-05-10 00:00:00+00:00, run_after=2024-05-11 00:00:00+00:00
[2024-05-11T16:29:17.793-0300] {processor.py:183} INFO - Processing /home/patricia/Documentos/airflow/airflow_venv/lib/python3.10/site-packages/airflow/example_dags/example_branch_operator.py took 1.977 seconds
[2024-05-11T16:31:16.130-0300] {processor.py:161} INFO - Started process (PID=11340) to work on /home/patricia/Documentos/airflow/airflow_venv/lib/python3.10/site-packages/airflow/example_dags/example_branch_operator.py
[2024-05-11T16:31:16.144-0300] {processor.py:830} INFO - Processing file /home/patricia/Documentos/airflow/airflow_venv/lib/python3.10/site-packages/airflow/example_dags/example_branch_operator.py for tasks to queue
[2024-05-11T16:31:16.153-0300] {logging_mixin.py:188} INFO - [2024-05-11T16:31:16.152-0300] {dagbag.py:545} INFO - Filling up the DagBag from /home/patricia/Documentos/airflow/airflow_venv/lib/python3.10/site-packages/airflow/example_dags/example_branch_operator.py
[2024-05-11T16:31:16.313-0300] {processor.py:840} INFO - DAG(s) 'example_branch_operator' retrieved from /home/patricia/Documentos/airflow/airflow_venv/lib/python3.10/site-packages/airflow/example_dags/example_branch_operator.py
[2024-05-11T16:31:16.383-0300] {logging_mixin.py:188} INFO - [2024-05-11T16:31:16.382-0300] {dag.py:3096} INFO - Sync 1 DAGs
[2024-05-11T16:31:16.461-0300] {logging_mixin.py:188} INFO - [2024-05-11T16:31:16.460-0300] {dag.py:3954} INFO - Setting next_dagrun for example_branch_operator to 2024-05-10 00:00:00+00:00, run_after=2024-05-11 00:00:00+00:00
[2024-05-11T16:31:16.721-0300] {processor.py:183} INFO - Processing /home/patricia/Documentos/airflow/airflow_venv/lib/python3.10/site-packages/airflow/example_dags/example_branch_operator.py took 0.605 seconds
[2024-05-11T16:33:19.599-0300] {processor.py:161} INFO - Started process (PID=11589) to work on /home/patricia/Documentos/airflow/airflow_venv/lib/python3.10/site-packages/airflow/example_dags/example_branch_operator.py
[2024-05-11T16:33:19.607-0300] {processor.py:830} INFO - Processing file /home/patricia/Documentos/airflow/airflow_venv/lib/python3.10/site-packages/airflow/example_dags/example_branch_operator.py for tasks to queue
[2024-05-11T16:33:19.621-0300] {logging_mixin.py:188} INFO - [2024-05-11T16:33:19.618-0300] {dagbag.py:545} INFO - Filling up the DagBag from /home/patricia/Documentos/airflow/airflow_venv/lib/python3.10/site-packages/airflow/example_dags/example_branch_operator.py
[2024-05-11T16:33:19.705-0300] {processor.py:840} INFO - DAG(s) 'example_branch_operator' retrieved from /home/patricia/Documentos/airflow/airflow_venv/lib/python3.10/site-packages/airflow/example_dags/example_branch_operator.py
[2024-05-11T16:33:19.761-0300] {logging_mixin.py:188} INFO - [2024-05-11T16:33:19.760-0300] {dag.py:3096} INFO - Sync 1 DAGs
[2024-05-11T16:33:19.807-0300] {logging_mixin.py:188} INFO - [2024-05-11T16:33:19.807-0300] {dag.py:3954} INFO - Setting next_dagrun for example_branch_operator to 2024-05-10 00:00:00+00:00, run_after=2024-05-11 00:00:00+00:00
[2024-05-11T16:33:19.871-0300] {processor.py:183} INFO - Processing /home/patricia/Documentos/airflow/airflow_venv/lib/python3.10/site-packages/airflow/example_dags/example_branch_operator.py took 0.310 seconds
[2024-05-11T16:34:59.923-0300] {processor.py:161} INFO - Started process (PID=11773) to work on /home/patricia/Documentos/airflow/airflow_venv/lib/python3.10/site-packages/airflow/example_dags/example_branch_operator.py
[2024-05-11T16:34:59.931-0300] {processor.py:830} INFO - Processing file /home/patricia/Documentos/airflow/airflow_venv/lib/python3.10/site-packages/airflow/example_dags/example_branch_operator.py for tasks to queue
[2024-05-11T16:34:59.938-0300] {logging_mixin.py:188} INFO - [2024-05-11T16:34:59.937-0300] {dagbag.py:545} INFO - Filling up the DagBag from /home/patricia/Documentos/airflow/airflow_venv/lib/python3.10/site-packages/airflow/example_dags/example_branch_operator.py
[2024-05-11T16:34:59.983-0300] {processor.py:840} INFO - DAG(s) 'example_branch_operator' retrieved from /home/patricia/Documentos/airflow/airflow_venv/lib/python3.10/site-packages/airflow/example_dags/example_branch_operator.py
[2024-05-11T16:35:00.069-0300] {logging_mixin.py:188} INFO - [2024-05-11T16:35:00.069-0300] {dag.py:3096} INFO - Sync 1 DAGs
[2024-05-11T16:35:00.197-0300] {logging_mixin.py:188} INFO - [2024-05-11T16:35:00.196-0300] {dag.py:3954} INFO - Setting next_dagrun for example_branch_operator to 2024-05-10 00:00:00+00:00, run_after=2024-05-11 00:00:00+00:00
[2024-05-11T16:35:00.285-0300] {processor.py:183} INFO - Processing /home/patricia/Documentos/airflow/airflow_venv/lib/python3.10/site-packages/airflow/example_dags/example_branch_operator.py took 0.396 seconds
[2024-05-11T16:36:38.455-0300] {processor.py:161} INFO - Started process (PID=11926) to work on /home/patricia/Documentos/airflow/airflow_venv/lib/python3.10/site-packages/airflow/example_dags/example_branch_operator.py
[2024-05-11T16:36:38.463-0300] {processor.py:830} INFO - Processing file /home/patricia/Documentos/airflow/airflow_venv/lib/python3.10/site-packages/airflow/example_dags/example_branch_operator.py for tasks to queue
[2024-05-11T16:36:38.471-0300] {logging_mixin.py:188} INFO - [2024-05-11T16:36:38.470-0300] {dagbag.py:545} INFO - Filling up the DagBag from /home/patricia/Documentos/airflow/airflow_venv/lib/python3.10/site-packages/airflow/example_dags/example_branch_operator.py
[2024-05-11T16:36:38.515-0300] {processor.py:840} INFO - DAG(s) 'example_branch_operator' retrieved from /home/patricia/Documentos/airflow/airflow_venv/lib/python3.10/site-packages/airflow/example_dags/example_branch_operator.py
[2024-05-11T16:36:38.569-0300] {logging_mixin.py:188} INFO - [2024-05-11T16:36:38.569-0300] {dag.py:3096} INFO - Sync 1 DAGs
[2024-05-11T16:36:38.611-0300] {logging_mixin.py:188} INFO - [2024-05-11T16:36:38.611-0300] {dag.py:3954} INFO - Setting next_dagrun for example_branch_operator to 2024-05-10 00:00:00+00:00, run_after=2024-05-11 00:00:00+00:00
[2024-05-11T16:36:38.677-0300] {processor.py:183} INFO - Processing /home/patricia/Documentos/airflow/airflow_venv/lib/python3.10/site-packages/airflow/example_dags/example_branch_operator.py took 0.261 seconds
