[2024-05-11T15:12:01.198-0300] {processor.py:161} INFO - Started process (PID=4617) to work on /home/patricia/Documentos/airflow/airflow_venv/lib/python3.10/site-packages/airflow/example_dags/example_branch_day_of_week_operator.py
[2024-05-11T15:12:01.200-0300] {processor.py:830} INFO - Processing file /home/patricia/Documentos/airflow/airflow_venv/lib/python3.10/site-packages/airflow/example_dags/example_branch_day_of_week_operator.py for tasks to queue
[2024-05-11T15:12:01.207-0300] {logging_mixin.py:188} INFO - [2024-05-11T15:12:01.203-0300] {dagbag.py:545} INFO - Filling up the DagBag from /home/patricia/Documentos/airflow/airflow_venv/lib/python3.10/site-packages/airflow/example_dags/example_branch_day_of_week_operator.py
[2024-05-11T15:12:01.224-0300] {processor.py:840} INFO - DAG(s) 'example_weekday_branch_operator' retrieved from /home/patricia/Documentos/airflow/airflow_venv/lib/python3.10/site-packages/airflow/example_dags/example_branch_day_of_week_operator.py
[2024-05-11T15:12:01.445-0300] {logging_mixin.py:188} INFO - [2024-05-11T15:12:01.445-0300] {dag.py:3096} INFO - Sync 1 DAGs
[2024-05-11T15:12:01.711-0300] {logging_mixin.py:188} INFO - [2024-05-11T15:12:01.710-0300] {dag.py:3954} INFO - Setting next_dagrun for example_weekday_branch_operator to 2024-05-10 00:00:00+00:00, run_after=2024-05-11 00:00:00+00:00
[2024-05-11T15:12:01.768-0300] {processor.py:183} INFO - Processing /home/patricia/Documentos/airflow/airflow_venv/lib/python3.10/site-packages/airflow/example_dags/example_branch_day_of_week_operator.py took 0.588 seconds
[2024-05-11T15:14:27.274-0300] {processor.py:161} INFO - Started process (PID=4863) to work on /home/patricia/Documentos/airflow/airflow_venv/lib/python3.10/site-packages/airflow/example_dags/example_branch_day_of_week_operator.py
[2024-05-11T15:14:27.281-0300] {processor.py:830} INFO - Processing file /home/patricia/Documentos/airflow/airflow_venv/lib/python3.10/site-packages/airflow/example_dags/example_branch_day_of_week_operator.py for tasks to queue
[2024-05-11T15:14:27.283-0300] {logging_mixin.py:188} INFO - [2024-05-11T15:14:27.283-0300] {dagbag.py:545} INFO - Filling up the DagBag from /home/patricia/Documentos/airflow/airflow_venv/lib/python3.10/site-packages/airflow/example_dags/example_branch_day_of_week_operator.py
[2024-05-11T15:14:27.323-0300] {processor.py:840} INFO - DAG(s) 'example_weekday_branch_operator' retrieved from /home/patricia/Documentos/airflow/airflow_venv/lib/python3.10/site-packages/airflow/example_dags/example_branch_day_of_week_operator.py
[2024-05-11T15:14:27.347-0300] {logging_mixin.py:188} INFO - [2024-05-11T15:14:27.346-0300] {dag.py:3096} INFO - Sync 1 DAGs
[2024-05-11T15:14:27.371-0300] {logging_mixin.py:188} INFO - [2024-05-11T15:14:27.371-0300] {dag.py:3954} INFO - Setting next_dagrun for example_weekday_branch_operator to 2024-05-10 00:00:00+00:00, run_after=2024-05-11 00:00:00+00:00
[2024-05-11T15:14:27.639-0300] {processor.py:183} INFO - Processing /home/patricia/Documentos/airflow/airflow_venv/lib/python3.10/site-packages/airflow/example_dags/example_branch_day_of_week_operator.py took 0.373 seconds
[2024-05-11T15:15:44.381-0300] {processor.py:161} INFO - Started process (PID=5033) to work on /home/patricia/Documentos/airflow/airflow_venv/lib/python3.10/site-packages/airflow/example_dags/example_branch_day_of_week_operator.py
[2024-05-11T15:15:44.385-0300] {processor.py:830} INFO - Processing file /home/patricia/Documentos/airflow/airflow_venv/lib/python3.10/site-packages/airflow/example_dags/example_branch_day_of_week_operator.py for tasks to queue
[2024-05-11T15:15:44.389-0300] {logging_mixin.py:188} INFO - [2024-05-11T15:15:44.388-0300] {dagbag.py:545} INFO - Filling up the DagBag from /home/patricia/Documentos/airflow/airflow_venv/lib/python3.10/site-packages/airflow/example_dags/example_branch_day_of_week_operator.py
[2024-05-11T15:15:44.398-0300] {processor.py:840} INFO - DAG(s) 'example_weekday_branch_operator' retrieved from /home/patricia/Documentos/airflow/airflow_venv/lib/python3.10/site-packages/airflow/example_dags/example_branch_day_of_week_operator.py
[2024-05-11T15:15:44.417-0300] {logging_mixin.py:188} INFO - [2024-05-11T15:15:44.417-0300] {dag.py:3096} INFO - Sync 1 DAGs
[2024-05-11T15:15:44.438-0300] {logging_mixin.py:188} INFO - [2024-05-11T15:15:44.438-0300] {dag.py:3954} INFO - Setting next_dagrun for example_weekday_branch_operator to 2024-05-10 00:00:00+00:00, run_after=2024-05-11 00:00:00+00:00
[2024-05-11T15:15:44.476-0300] {processor.py:183} INFO - Processing /home/patricia/Documentos/airflow/airflow_venv/lib/python3.10/site-packages/airflow/example_dags/example_branch_day_of_week_operator.py took 0.101 seconds
[2024-05-11T15:16:42.419-0300] {processor.py:161} INFO - Started process (PID=5155) to work on /home/patricia/Documentos/airflow/airflow_venv/lib/python3.10/site-packages/airflow/example_dags/example_branch_day_of_week_operator.py
[2024-05-11T15:16:42.421-0300] {processor.py:830} INFO - Processing file /home/patricia/Documentos/airflow/airflow_venv/lib/python3.10/site-packages/airflow/example_dags/example_branch_day_of_week_operator.py for tasks to queue
[2024-05-11T15:16:42.423-0300] {logging_mixin.py:188} INFO - [2024-05-11T15:16:42.423-0300] {dagbag.py:545} INFO - Filling up the DagBag from /home/patricia/Documentos/airflow/airflow_venv/lib/python3.10/site-packages/airflow/example_dags/example_branch_day_of_week_operator.py
[2024-05-11T15:16:42.441-0300] {processor.py:840} INFO - DAG(s) 'example_weekday_branch_operator' retrieved from /home/patricia/Documentos/airflow/airflow_venv/lib/python3.10/site-packages/airflow/example_dags/example_branch_day_of_week_operator.py
[2024-05-11T15:16:42.467-0300] {logging_mixin.py:188} INFO - [2024-05-11T15:16:42.467-0300] {dag.py:3096} INFO - Sync 1 DAGs
[2024-05-11T15:16:42.507-0300] {logging_mixin.py:188} INFO - [2024-05-11T15:16:42.506-0300] {dag.py:3954} INFO - Setting next_dagrun for example_weekday_branch_operator to 2024-05-10 00:00:00+00:00, run_after=2024-05-11 00:00:00+00:00
[2024-05-11T15:16:42.554-0300] {processor.py:183} INFO - Processing /home/patricia/Documentos/airflow/airflow_venv/lib/python3.10/site-packages/airflow/example_dags/example_branch_day_of_week_operator.py took 0.147 seconds
[2024-05-11T15:17:48.620-0300] {processor.py:161} INFO - Started process (PID=5307) to work on /home/patricia/Documentos/airflow/airflow_venv/lib/python3.10/site-packages/airflow/example_dags/example_branch_day_of_week_operator.py
[2024-05-11T15:17:48.625-0300] {processor.py:830} INFO - Processing file /home/patricia/Documentos/airflow/airflow_venv/lib/python3.10/site-packages/airflow/example_dags/example_branch_day_of_week_operator.py for tasks to queue
[2024-05-11T15:17:48.631-0300] {logging_mixin.py:188} INFO - [2024-05-11T15:17:48.629-0300] {dagbag.py:545} INFO - Filling up the DagBag from /home/patricia/Documentos/airflow/airflow_venv/lib/python3.10/site-packages/airflow/example_dags/example_branch_day_of_week_operator.py
[2024-05-11T15:17:48.655-0300] {processor.py:840} INFO - DAG(s) 'example_weekday_branch_operator' retrieved from /home/patricia/Documentos/airflow/airflow_venv/lib/python3.10/site-packages/airflow/example_dags/example_branch_day_of_week_operator.py
[2024-05-11T15:17:48.699-0300] {logging_mixin.py:188} INFO - [2024-05-11T15:17:48.698-0300] {dag.py:3096} INFO - Sync 1 DAGs
[2024-05-11T15:17:48.763-0300] {logging_mixin.py:188} INFO - [2024-05-11T15:17:48.762-0300] {dag.py:3954} INFO - Setting next_dagrun for example_weekday_branch_operator to 2024-05-10 00:00:00+00:00, run_after=2024-05-11 00:00:00+00:00
[2024-05-11T15:17:49.038-0300] {processor.py:183} INFO - Processing /home/patricia/Documentos/airflow/airflow_venv/lib/python3.10/site-packages/airflow/example_dags/example_branch_day_of_week_operator.py took 0.434 seconds
[2024-05-11T15:18:58.806-0300] {processor.py:161} INFO - Started process (PID=5924) to work on /home/patricia/Documentos/airflow/airflow_venv/lib/python3.10/site-packages/airflow/example_dags/example_branch_day_of_week_operator.py
[2024-05-11T15:18:58.808-0300] {processor.py:830} INFO - Processing file /home/patricia/Documentos/airflow/airflow_venv/lib/python3.10/site-packages/airflow/example_dags/example_branch_day_of_week_operator.py for tasks to queue
[2024-05-11T15:18:58.812-0300] {logging_mixin.py:188} INFO - [2024-05-11T15:18:58.811-0300] {dagbag.py:545} INFO - Filling up the DagBag from /home/patricia/Documentos/airflow/airflow_venv/lib/python3.10/site-packages/airflow/example_dags/example_branch_day_of_week_operator.py
[2024-05-11T15:18:58.825-0300] {processor.py:840} INFO - DAG(s) 'example_weekday_branch_operator' retrieved from /home/patricia/Documentos/airflow/airflow_venv/lib/python3.10/site-packages/airflow/example_dags/example_branch_day_of_week_operator.py
[2024-05-11T15:18:58.853-0300] {logging_mixin.py:188} INFO - [2024-05-11T15:18:58.853-0300] {dag.py:3096} INFO - Sync 1 DAGs
[2024-05-11T15:18:58.873-0300] {logging_mixin.py:188} INFO - [2024-05-11T15:18:58.873-0300] {dag.py:3954} INFO - Setting next_dagrun for example_weekday_branch_operator to 2024-05-10 00:00:00+00:00, run_after=2024-05-11 00:00:00+00:00
[2024-05-11T15:18:58.906-0300] {processor.py:183} INFO - Processing /home/patricia/Documentos/airflow/airflow_venv/lib/python3.10/site-packages/airflow/example_dags/example_branch_day_of_week_operator.py took 0.113 seconds
[2024-05-11T15:20:07.365-0300] {processor.py:161} INFO - Started process (PID=6072) to work on /home/patricia/Documentos/airflow/airflow_venv/lib/python3.10/site-packages/airflow/example_dags/example_branch_day_of_week_operator.py
[2024-05-11T15:20:07.368-0300] {processor.py:830} INFO - Processing file /home/patricia/Documentos/airflow/airflow_venv/lib/python3.10/site-packages/airflow/example_dags/example_branch_day_of_week_operator.py for tasks to queue
[2024-05-11T15:20:07.371-0300] {logging_mixin.py:188} INFO - [2024-05-11T15:20:07.370-0300] {dagbag.py:545} INFO - Filling up the DagBag from /home/patricia/Documentos/airflow/airflow_venv/lib/python3.10/site-packages/airflow/example_dags/example_branch_day_of_week_operator.py
[2024-05-11T15:20:07.382-0300] {processor.py:840} INFO - DAG(s) 'example_weekday_branch_operator' retrieved from /home/patricia/Documentos/airflow/airflow_venv/lib/python3.10/site-packages/airflow/example_dags/example_branch_day_of_week_operator.py
[2024-05-11T15:20:07.404-0300] {logging_mixin.py:188} INFO - [2024-05-11T15:20:07.403-0300] {dag.py:3096} INFO - Sync 1 DAGs
[2024-05-11T15:20:07.429-0300] {logging_mixin.py:188} INFO - [2024-05-11T15:20:07.428-0300] {dag.py:3954} INFO - Setting next_dagrun for example_weekday_branch_operator to 2024-05-10 00:00:00+00:00, run_after=2024-05-11 00:00:00+00:00
[2024-05-11T15:20:07.467-0300] {processor.py:183} INFO - Processing /home/patricia/Documentos/airflow/airflow_venv/lib/python3.10/site-packages/airflow/example_dags/example_branch_day_of_week_operator.py took 0.111 seconds
[2024-05-11T15:22:03.626-0300] {processor.py:161} INFO - Started process (PID=6264) to work on /home/patricia/Documentos/airflow/airflow_venv/lib/python3.10/site-packages/airflow/example_dags/example_branch_day_of_week_operator.py
[2024-05-11T15:22:03.628-0300] {processor.py:830} INFO - Processing file /home/patricia/Documentos/airflow/airflow_venv/lib/python3.10/site-packages/airflow/example_dags/example_branch_day_of_week_operator.py for tasks to queue
[2024-05-11T15:22:03.631-0300] {logging_mixin.py:188} INFO - [2024-05-11T15:22:03.630-0300] {dagbag.py:545} INFO - Filling up the DagBag from /home/patricia/Documentos/airflow/airflow_venv/lib/python3.10/site-packages/airflow/example_dags/example_branch_day_of_week_operator.py
[2024-05-11T15:22:03.640-0300] {processor.py:840} INFO - DAG(s) 'example_weekday_branch_operator' retrieved from /home/patricia/Documentos/airflow/airflow_venv/lib/python3.10/site-packages/airflow/example_dags/example_branch_day_of_week_operator.py
[2024-05-11T15:22:03.659-0300] {logging_mixin.py:188} INFO - [2024-05-11T15:22:03.659-0300] {dag.py:3096} INFO - Sync 1 DAGs
[2024-05-11T15:22:03.682-0300] {logging_mixin.py:188} INFO - [2024-05-11T15:22:03.682-0300] {dag.py:3954} INFO - Setting next_dagrun for example_weekday_branch_operator to 2024-05-10 00:00:00+00:00, run_after=2024-05-11 00:00:00+00:00
[2024-05-11T15:22:03.714-0300] {processor.py:183} INFO - Processing /home/patricia/Documentos/airflow/airflow_venv/lib/python3.10/site-packages/airflow/example_dags/example_branch_day_of_week_operator.py took 0.096 seconds
[2024-05-11T15:23:07.633-0300] {processor.py:161} INFO - Started process (PID=6406) to work on /home/patricia/Documentos/airflow/airflow_venv/lib/python3.10/site-packages/airflow/example_dags/example_branch_day_of_week_operator.py
[2024-05-11T15:23:07.636-0300] {processor.py:830} INFO - Processing file /home/patricia/Documentos/airflow/airflow_venv/lib/python3.10/site-packages/airflow/example_dags/example_branch_day_of_week_operator.py for tasks to queue
[2024-05-11T15:23:07.638-0300] {logging_mixin.py:188} INFO - [2024-05-11T15:23:07.638-0300] {dagbag.py:545} INFO - Filling up the DagBag from /home/patricia/Documentos/airflow/airflow_venv/lib/python3.10/site-packages/airflow/example_dags/example_branch_day_of_week_operator.py
[2024-05-11T15:23:07.648-0300] {processor.py:840} INFO - DAG(s) 'example_weekday_branch_operator' retrieved from /home/patricia/Documentos/airflow/airflow_venv/lib/python3.10/site-packages/airflow/example_dags/example_branch_day_of_week_operator.py
[2024-05-11T15:23:07.667-0300] {logging_mixin.py:188} INFO - [2024-05-11T15:23:07.667-0300] {dag.py:3096} INFO - Sync 1 DAGs
[2024-05-11T15:23:07.693-0300] {logging_mixin.py:188} INFO - [2024-05-11T15:23:07.693-0300] {dag.py:3954} INFO - Setting next_dagrun for example_weekday_branch_operator to 2024-05-10 00:00:00+00:00, run_after=2024-05-11 00:00:00+00:00
[2024-05-11T15:23:07.732-0300] {processor.py:183} INFO - Processing /home/patricia/Documentos/airflow/airflow_venv/lib/python3.10/site-packages/airflow/example_dags/example_branch_day_of_week_operator.py took 0.106 seconds
[2024-05-11T15:24:09.947-0300] {processor.py:161} INFO - Started process (PID=6528) to work on /home/patricia/Documentos/airflow/airflow_venv/lib/python3.10/site-packages/airflow/example_dags/example_branch_day_of_week_operator.py
[2024-05-11T15:24:09.950-0300] {processor.py:830} INFO - Processing file /home/patricia/Documentos/airflow/airflow_venv/lib/python3.10/site-packages/airflow/example_dags/example_branch_day_of_week_operator.py for tasks to queue
[2024-05-11T15:24:09.953-0300] {logging_mixin.py:188} INFO - [2024-05-11T15:24:09.952-0300] {dagbag.py:545} INFO - Filling up the DagBag from /home/patricia/Documentos/airflow/airflow_venv/lib/python3.10/site-packages/airflow/example_dags/example_branch_day_of_week_operator.py
[2024-05-11T15:24:09.963-0300] {processor.py:840} INFO - DAG(s) 'example_weekday_branch_operator' retrieved from /home/patricia/Documentos/airflow/airflow_venv/lib/python3.10/site-packages/airflow/example_dags/example_branch_day_of_week_operator.py
[2024-05-11T15:24:09.981-0300] {logging_mixin.py:188} INFO - [2024-05-11T15:24:09.981-0300] {dag.py:3096} INFO - Sync 1 DAGs
[2024-05-11T15:24:10.005-0300] {logging_mixin.py:188} INFO - [2024-05-11T15:24:10.005-0300] {dag.py:3954} INFO - Setting next_dagrun for example_weekday_branch_operator to 2024-05-10 00:00:00+00:00, run_after=2024-05-11 00:00:00+00:00
[2024-05-11T15:24:10.038-0300] {processor.py:183} INFO - Processing /home/patricia/Documentos/airflow/airflow_venv/lib/python3.10/site-packages/airflow/example_dags/example_branch_day_of_week_operator.py took 0.098 seconds
[2024-05-11T15:27:00.133-0300] {processor.py:161} INFO - Started process (PID=7585) to work on /home/patricia/Documentos/airflow/airflow_venv/lib/python3.10/site-packages/airflow/example_dags/example_branch_day_of_week_operator.py
[2024-05-11T15:27:00.138-0300] {processor.py:830} INFO - Processing file /home/patricia/Documentos/airflow/airflow_venv/lib/python3.10/site-packages/airflow/example_dags/example_branch_day_of_week_operator.py for tasks to queue
[2024-05-11T15:27:00.141-0300] {logging_mixin.py:188} INFO - [2024-05-11T15:27:00.141-0300] {dagbag.py:545} INFO - Filling up the DagBag from /home/patricia/Documentos/airflow/airflow_venv/lib/python3.10/site-packages/airflow/example_dags/example_branch_day_of_week_operator.py
[2024-05-11T15:27:00.154-0300] {processor.py:840} INFO - DAG(s) 'example_weekday_branch_operator' retrieved from /home/patricia/Documentos/airflow/airflow_venv/lib/python3.10/site-packages/airflow/example_dags/example_branch_day_of_week_operator.py
[2024-05-11T15:27:00.289-0300] {logging_mixin.py:188} INFO - [2024-05-11T15:27:00.289-0300] {dag.py:3096} INFO - Sync 1 DAGs
[2024-05-11T15:27:00.428-0300] {logging_mixin.py:188} INFO - [2024-05-11T15:27:00.428-0300] {dag.py:3954} INFO - Setting next_dagrun for example_weekday_branch_operator to 2024-05-10 00:00:00+00:00, run_after=2024-05-11 00:00:00+00:00
[2024-05-11T15:27:00.513-0300] {processor.py:183} INFO - Processing /home/patricia/Documentos/airflow/airflow_venv/lib/python3.10/site-packages/airflow/example_dags/example_branch_day_of_week_operator.py took 0.387 seconds
[2024-05-11T15:28:32.305-0300] {processor.py:161} INFO - Started process (PID=7773) to work on /home/patricia/Documentos/airflow/airflow_venv/lib/python3.10/site-packages/airflow/example_dags/example_branch_day_of_week_operator.py
[2024-05-11T15:28:32.308-0300] {processor.py:830} INFO - Processing file /home/patricia/Documentos/airflow/airflow_venv/lib/python3.10/site-packages/airflow/example_dags/example_branch_day_of_week_operator.py for tasks to queue
[2024-05-11T15:28:32.312-0300] {logging_mixin.py:188} INFO - [2024-05-11T15:28:32.312-0300] {dagbag.py:545} INFO - Filling up the DagBag from /home/patricia/Documentos/airflow/airflow_venv/lib/python3.10/site-packages/airflow/example_dags/example_branch_day_of_week_operator.py
[2024-05-11T15:28:32.340-0300] {processor.py:840} INFO - DAG(s) 'example_weekday_branch_operator' retrieved from /home/patricia/Documentos/airflow/airflow_venv/lib/python3.10/site-packages/airflow/example_dags/example_branch_day_of_week_operator.py
[2024-05-11T15:28:32.388-0300] {logging_mixin.py:188} INFO - [2024-05-11T15:28:32.381-0300] {dag.py:3096} INFO - Sync 1 DAGs
[2024-05-11T15:28:32.481-0300] {logging_mixin.py:188} INFO - [2024-05-11T15:28:32.481-0300] {dag.py:3954} INFO - Setting next_dagrun for example_weekday_branch_operator to 2024-05-10 00:00:00+00:00, run_after=2024-05-11 00:00:00+00:00
[2024-05-11T15:28:32.774-0300] {processor.py:183} INFO - Processing /home/patricia/Documentos/airflow/airflow_venv/lib/python3.10/site-packages/airflow/example_dags/example_branch_day_of_week_operator.py took 0.485 seconds
[2024-05-11T15:29:54.803-0300] {processor.py:161} INFO - Started process (PID=7940) to work on /home/patricia/Documentos/airflow/airflow_venv/lib/python3.10/site-packages/airflow/example_dags/example_branch_day_of_week_operator.py
[2024-05-11T15:29:54.820-0300] {processor.py:830} INFO - Processing file /home/patricia/Documentos/airflow/airflow_venv/lib/python3.10/site-packages/airflow/example_dags/example_branch_day_of_week_operator.py for tasks to queue
[2024-05-11T15:29:54.824-0300] {logging_mixin.py:188} INFO - [2024-05-11T15:29:54.823-0300] {dagbag.py:545} INFO - Filling up the DagBag from /home/patricia/Documentos/airflow/airflow_venv/lib/python3.10/site-packages/airflow/example_dags/example_branch_day_of_week_operator.py
[2024-05-11T15:29:54.838-0300] {processor.py:840} INFO - DAG(s) 'example_weekday_branch_operator' retrieved from /home/patricia/Documentos/airflow/airflow_venv/lib/python3.10/site-packages/airflow/example_dags/example_branch_day_of_week_operator.py
[2024-05-11T15:29:54.868-0300] {logging_mixin.py:188} INFO - [2024-05-11T15:29:54.864-0300] {dag.py:3096} INFO - Sync 1 DAGs
[2024-05-11T15:29:54.919-0300] {logging_mixin.py:188} INFO - [2024-05-11T15:29:54.919-0300] {dag.py:3954} INFO - Setting next_dagrun for example_weekday_branch_operator to 2024-05-10 00:00:00+00:00, run_after=2024-05-11 00:00:00+00:00
[2024-05-11T15:29:56.098-0300] {processor.py:183} INFO - Processing /home/patricia/Documentos/airflow/airflow_venv/lib/python3.10/site-packages/airflow/example_dags/example_branch_day_of_week_operator.py took 1.308 seconds
[2024-05-11T15:31:20.881-0300] {processor.py:161} INFO - Started process (PID=8161) to work on /home/patricia/Documentos/airflow/airflow_venv/lib/python3.10/site-packages/airflow/example_dags/example_branch_day_of_week_operator.py
[2024-05-11T15:31:20.885-0300] {processor.py:830} INFO - Processing file /home/patricia/Documentos/airflow/airflow_venv/lib/python3.10/site-packages/airflow/example_dags/example_branch_day_of_week_operator.py for tasks to queue
[2024-05-11T15:31:20.887-0300] {logging_mixin.py:188} INFO - [2024-05-11T15:31:20.886-0300] {dagbag.py:545} INFO - Filling up the DagBag from /home/patricia/Documentos/airflow/airflow_venv/lib/python3.10/site-packages/airflow/example_dags/example_branch_day_of_week_operator.py
[2024-05-11T15:31:20.895-0300] {processor.py:840} INFO - DAG(s) 'example_weekday_branch_operator' retrieved from /home/patricia/Documentos/airflow/airflow_venv/lib/python3.10/site-packages/airflow/example_dags/example_branch_day_of_week_operator.py
[2024-05-11T15:31:20.915-0300] {logging_mixin.py:188} INFO - [2024-05-11T15:31:20.915-0300] {dag.py:3096} INFO - Sync 1 DAGs
[2024-05-11T15:31:20.942-0300] {logging_mixin.py:188} INFO - [2024-05-11T15:31:20.941-0300] {dag.py:3954} INFO - Setting next_dagrun for example_weekday_branch_operator to 2024-05-10 00:00:00+00:00, run_after=2024-05-11 00:00:00+00:00
[2024-05-11T15:31:20.982-0300] {processor.py:183} INFO - Processing /home/patricia/Documentos/airflow/airflow_venv/lib/python3.10/site-packages/airflow/example_dags/example_branch_day_of_week_operator.py took 0.108 seconds
[2024-05-11T15:32:24.633-0300] {processor.py:161} INFO - Started process (PID=8412) to work on /home/patricia/Documentos/airflow/airflow_venv/lib/python3.10/site-packages/airflow/example_dags/example_branch_day_of_week_operator.py
[2024-05-11T15:32:24.636-0300] {processor.py:830} INFO - Processing file /home/patricia/Documentos/airflow/airflow_venv/lib/python3.10/site-packages/airflow/example_dags/example_branch_day_of_week_operator.py for tasks to queue
[2024-05-11T15:32:24.638-0300] {logging_mixin.py:188} INFO - [2024-05-11T15:32:24.638-0300] {dagbag.py:545} INFO - Filling up the DagBag from /home/patricia/Documentos/airflow/airflow_venv/lib/python3.10/site-packages/airflow/example_dags/example_branch_day_of_week_operator.py
[2024-05-11T15:32:24.649-0300] {processor.py:840} INFO - DAG(s) 'example_weekday_branch_operator' retrieved from /home/patricia/Documentos/airflow/airflow_venv/lib/python3.10/site-packages/airflow/example_dags/example_branch_day_of_week_operator.py
[2024-05-11T15:32:24.677-0300] {logging_mixin.py:188} INFO - [2024-05-11T15:32:24.676-0300] {dag.py:3096} INFO - Sync 1 DAGs
[2024-05-11T15:32:24.707-0300] {logging_mixin.py:188} INFO - [2024-05-11T15:32:24.707-0300] {dag.py:3954} INFO - Setting next_dagrun for example_weekday_branch_operator to 2024-05-10 00:00:00+00:00, run_after=2024-05-11 00:00:00+00:00
[2024-05-11T15:32:24.745-0300] {processor.py:183} INFO - Processing /home/patricia/Documentos/airflow/airflow_venv/lib/python3.10/site-packages/airflow/example_dags/example_branch_day_of_week_operator.py took 0.119 seconds
[2024-05-11T15:33:31.572-0300] {processor.py:161} INFO - Started process (PID=8708) to work on /home/patricia/Documentos/airflow/airflow_venv/lib/python3.10/site-packages/airflow/example_dags/example_branch_day_of_week_operator.py
[2024-05-11T15:33:31.579-0300] {processor.py:830} INFO - Processing file /home/patricia/Documentos/airflow/airflow_venv/lib/python3.10/site-packages/airflow/example_dags/example_branch_day_of_week_operator.py for tasks to queue
[2024-05-11T15:33:31.584-0300] {logging_mixin.py:188} INFO - [2024-05-11T15:33:31.583-0300] {dagbag.py:545} INFO - Filling up the DagBag from /home/patricia/Documentos/airflow/airflow_venv/lib/python3.10/site-packages/airflow/example_dags/example_branch_day_of_week_operator.py
[2024-05-11T15:33:31.606-0300] {processor.py:840} INFO - DAG(s) 'example_weekday_branch_operator' retrieved from /home/patricia/Documentos/airflow/airflow_venv/lib/python3.10/site-packages/airflow/example_dags/example_branch_day_of_week_operator.py
[2024-05-11T15:33:31.846-0300] {logging_mixin.py:188} INFO - [2024-05-11T15:33:31.846-0300] {dag.py:3096} INFO - Sync 1 DAGs
[2024-05-11T15:33:31.972-0300] {logging_mixin.py:188} INFO - [2024-05-11T15:33:31.971-0300] {dag.py:3954} INFO - Setting next_dagrun for example_weekday_branch_operator to 2024-05-10 00:00:00+00:00, run_after=2024-05-11 00:00:00+00:00
[2024-05-11T15:33:32.213-0300] {processor.py:183} INFO - Processing /home/patricia/Documentos/airflow/airflow_venv/lib/python3.10/site-packages/airflow/example_dags/example_branch_day_of_week_operator.py took 0.661 seconds
[2024-05-11T15:34:49.712-0300] {processor.py:161} INFO - Started process (PID=9358) to work on /home/patricia/Documentos/airflow/airflow_venv/lib/python3.10/site-packages/airflow/example_dags/example_branch_day_of_week_operator.py
[2024-05-11T15:34:49.716-0300] {processor.py:830} INFO - Processing file /home/patricia/Documentos/airflow/airflow_venv/lib/python3.10/site-packages/airflow/example_dags/example_branch_day_of_week_operator.py for tasks to queue
[2024-05-11T15:34:49.720-0300] {logging_mixin.py:188} INFO - [2024-05-11T15:34:49.719-0300] {dagbag.py:545} INFO - Filling up the DagBag from /home/patricia/Documentos/airflow/airflow_venv/lib/python3.10/site-packages/airflow/example_dags/example_branch_day_of_week_operator.py
[2024-05-11T15:34:49.734-0300] {processor.py:840} INFO - DAG(s) 'example_weekday_branch_operator' retrieved from /home/patricia/Documentos/airflow/airflow_venv/lib/python3.10/site-packages/airflow/example_dags/example_branch_day_of_week_operator.py
[2024-05-11T15:34:49.751-0300] {logging_mixin.py:188} INFO - [2024-05-11T15:34:49.751-0300] {dag.py:3096} INFO - Sync 1 DAGs
[2024-05-11T15:34:49.772-0300] {logging_mixin.py:188} INFO - [2024-05-11T15:34:49.771-0300] {dag.py:3954} INFO - Setting next_dagrun for example_weekday_branch_operator to 2024-05-10 00:00:00+00:00, run_after=2024-05-11 00:00:00+00:00
[2024-05-11T15:34:49.865-0300] {processor.py:183} INFO - Processing /home/patricia/Documentos/airflow/airflow_venv/lib/python3.10/site-packages/airflow/example_dags/example_branch_day_of_week_operator.py took 0.242 seconds
[2024-05-11T15:36:05.347-0300] {processor.py:161} INFO - Started process (PID=9562) to work on /home/patricia/Documentos/airflow/airflow_venv/lib/python3.10/site-packages/airflow/example_dags/example_branch_day_of_week_operator.py
[2024-05-11T15:36:05.351-0300] {processor.py:830} INFO - Processing file /home/patricia/Documentos/airflow/airflow_venv/lib/python3.10/site-packages/airflow/example_dags/example_branch_day_of_week_operator.py for tasks to queue
[2024-05-11T15:36:05.355-0300] {logging_mixin.py:188} INFO - [2024-05-11T15:36:05.355-0300] {dagbag.py:545} INFO - Filling up the DagBag from /home/patricia/Documentos/airflow/airflow_venv/lib/python3.10/site-packages/airflow/example_dags/example_branch_day_of_week_operator.py
[2024-05-11T15:36:05.371-0300] {processor.py:840} INFO - DAG(s) 'example_weekday_branch_operator' retrieved from /home/patricia/Documentos/airflow/airflow_venv/lib/python3.10/site-packages/airflow/example_dags/example_branch_day_of_week_operator.py
[2024-05-11T15:36:05.406-0300] {logging_mixin.py:188} INFO - [2024-05-11T15:36:05.405-0300] {dag.py:3096} INFO - Sync 1 DAGs
[2024-05-11T15:36:05.433-0300] {logging_mixin.py:188} INFO - [2024-05-11T15:36:05.433-0300] {dag.py:3954} INFO - Setting next_dagrun for example_weekday_branch_operator to 2024-05-10 00:00:00+00:00, run_after=2024-05-11 00:00:00+00:00
[2024-05-11T15:36:05.483-0300] {processor.py:183} INFO - Processing /home/patricia/Documentos/airflow/airflow_venv/lib/python3.10/site-packages/airflow/example_dags/example_branch_day_of_week_operator.py took 0.145 seconds
[2024-05-11T15:37:29.298-0300] {processor.py:161} INFO - Started process (PID=9840) to work on /home/patricia/Documentos/airflow/airflow_venv/lib/python3.10/site-packages/airflow/example_dags/example_branch_day_of_week_operator.py
[2024-05-11T15:37:29.302-0300] {processor.py:830} INFO - Processing file /home/patricia/Documentos/airflow/airflow_venv/lib/python3.10/site-packages/airflow/example_dags/example_branch_day_of_week_operator.py for tasks to queue
[2024-05-11T15:37:29.305-0300] {logging_mixin.py:188} INFO - [2024-05-11T15:37:29.304-0300] {dagbag.py:545} INFO - Filling up the DagBag from /home/patricia/Documentos/airflow/airflow_venv/lib/python3.10/site-packages/airflow/example_dags/example_branch_day_of_week_operator.py
[2024-05-11T15:37:29.319-0300] {processor.py:840} INFO - DAG(s) 'example_weekday_branch_operator' retrieved from /home/patricia/Documentos/airflow/airflow_venv/lib/python3.10/site-packages/airflow/example_dags/example_branch_day_of_week_operator.py
[2024-05-11T15:37:29.369-0300] {logging_mixin.py:188} INFO - [2024-05-11T15:37:29.369-0300] {dag.py:3096} INFO - Sync 1 DAGs
[2024-05-11T15:37:29.480-0300] {logging_mixin.py:188} INFO - [2024-05-11T15:37:29.480-0300] {dag.py:3954} INFO - Setting next_dagrun for example_weekday_branch_operator to 2024-05-10 00:00:00+00:00, run_after=2024-05-11 00:00:00+00:00
[2024-05-11T15:37:29.584-0300] {processor.py:183} INFO - Processing /home/patricia/Documentos/airflow/airflow_venv/lib/python3.10/site-packages/airflow/example_dags/example_branch_day_of_week_operator.py took 0.300 seconds
[2024-05-11T15:39:15.248-0300] {processor.py:161} INFO - Started process (PID=10023) to work on /home/patricia/Documentos/airflow/airflow_venv/lib/python3.10/site-packages/airflow/example_dags/example_branch_day_of_week_operator.py
[2024-05-11T15:39:15.255-0300] {processor.py:830} INFO - Processing file /home/patricia/Documentos/airflow/airflow_venv/lib/python3.10/site-packages/airflow/example_dags/example_branch_day_of_week_operator.py for tasks to queue
[2024-05-11T15:39:15.263-0300] {logging_mixin.py:188} INFO - [2024-05-11T15:39:15.262-0300] {dagbag.py:545} INFO - Filling up the DagBag from /home/patricia/Documentos/airflow/airflow_venv/lib/python3.10/site-packages/airflow/example_dags/example_branch_day_of_week_operator.py
[2024-05-11T15:39:15.284-0300] {processor.py:840} INFO - DAG(s) 'example_weekday_branch_operator' retrieved from /home/patricia/Documentos/airflow/airflow_venv/lib/python3.10/site-packages/airflow/example_dags/example_branch_day_of_week_operator.py
[2024-05-11T15:39:15.324-0300] {logging_mixin.py:188} INFO - [2024-05-11T15:39:15.324-0300] {dag.py:3096} INFO - Sync 1 DAGs
[2024-05-11T15:39:15.374-0300] {logging_mixin.py:188} INFO - [2024-05-11T15:39:15.374-0300] {dag.py:3954} INFO - Setting next_dagrun for example_weekday_branch_operator to 2024-05-10 00:00:00+00:00, run_after=2024-05-11 00:00:00+00:00
[2024-05-11T15:39:15.474-0300] {processor.py:183} INFO - Processing /home/patricia/Documentos/airflow/airflow_venv/lib/python3.10/site-packages/airflow/example_dags/example_branch_day_of_week_operator.py took 0.239 seconds
[2024-05-11T15:40:33.787-0300] {processor.py:161} INFO - Started process (PID=10574) to work on /home/patricia/Documentos/airflow/airflow_venv/lib/python3.10/site-packages/airflow/example_dags/example_branch_day_of_week_operator.py
[2024-05-11T15:40:33.793-0300] {processor.py:830} INFO - Processing file /home/patricia/Documentos/airflow/airflow_venv/lib/python3.10/site-packages/airflow/example_dags/example_branch_day_of_week_operator.py for tasks to queue
[2024-05-11T15:40:33.803-0300] {logging_mixin.py:188} INFO - [2024-05-11T15:40:33.802-0300] {dagbag.py:545} INFO - Filling up the DagBag from /home/patricia/Documentos/airflow/airflow_venv/lib/python3.10/site-packages/airflow/example_dags/example_branch_day_of_week_operator.py
[2024-05-11T15:40:33.865-0300] {processor.py:840} INFO - DAG(s) 'example_weekday_branch_operator' retrieved from /home/patricia/Documentos/airflow/airflow_venv/lib/python3.10/site-packages/airflow/example_dags/example_branch_day_of_week_operator.py
[2024-05-11T15:40:33.905-0300] {logging_mixin.py:188} INFO - [2024-05-11T15:40:33.905-0300] {dag.py:3096} INFO - Sync 1 DAGs
[2024-05-11T15:40:33.994-0300] {logging_mixin.py:188} INFO - [2024-05-11T15:40:33.994-0300] {dag.py:3954} INFO - Setting next_dagrun for example_weekday_branch_operator to 2024-05-10 00:00:00+00:00, run_after=2024-05-11 00:00:00+00:00
[2024-05-11T15:40:34.147-0300] {processor.py:183} INFO - Processing /home/patricia/Documentos/airflow/airflow_venv/lib/python3.10/site-packages/airflow/example_dags/example_branch_day_of_week_operator.py took 0.372 seconds
[2024-05-11T16:29:06.209-0300] {processor.py:161} INFO - Started process (PID=11089) to work on /home/patricia/Documentos/airflow/airflow_venv/lib/python3.10/site-packages/airflow/example_dags/example_branch_day_of_week_operator.py
[2024-05-11T16:29:06.213-0300] {processor.py:830} INFO - Processing file /home/patricia/Documentos/airflow/airflow_venv/lib/python3.10/site-packages/airflow/example_dags/example_branch_day_of_week_operator.py for tasks to queue
[2024-05-11T16:29:06.219-0300] {logging_mixin.py:188} INFO - [2024-05-11T16:29:06.218-0300] {dagbag.py:545} INFO - Filling up the DagBag from /home/patricia/Documentos/airflow/airflow_venv/lib/python3.10/site-packages/airflow/example_dags/example_branch_day_of_week_operator.py
[2024-05-11T16:29:06.272-0300] {processor.py:840} INFO - DAG(s) 'example_weekday_branch_operator' retrieved from /home/patricia/Documentos/airflow/airflow_venv/lib/python3.10/site-packages/airflow/example_dags/example_branch_day_of_week_operator.py
[2024-05-11T16:29:06.918-0300] {logging_mixin.py:188} INFO - [2024-05-11T16:29:06.918-0300] {dag.py:3096} INFO - Sync 1 DAGs
[2024-05-11T16:29:07.355-0300] {logging_mixin.py:188} INFO - [2024-05-11T16:29:07.355-0300] {dag.py:3954} INFO - Setting next_dagrun for example_weekday_branch_operator to 2024-05-10 00:00:00+00:00, run_after=2024-05-11 00:00:00+00:00
[2024-05-11T16:29:07.441-0300] {processor.py:183} INFO - Processing /home/patricia/Documentos/airflow/airflow_venv/lib/python3.10/site-packages/airflow/example_dags/example_branch_day_of_week_operator.py took 1.251 seconds
[2024-05-11T16:31:13.540-0300] {processor.py:161} INFO - Started process (PID=11331) to work on /home/patricia/Documentos/airflow/airflow_venv/lib/python3.10/site-packages/airflow/example_dags/example_branch_day_of_week_operator.py
[2024-05-11T16:31:13.546-0300] {processor.py:830} INFO - Processing file /home/patricia/Documentos/airflow/airflow_venv/lib/python3.10/site-packages/airflow/example_dags/example_branch_day_of_week_operator.py for tasks to queue
[2024-05-11T16:31:13.550-0300] {logging_mixin.py:188} INFO - [2024-05-11T16:31:13.549-0300] {dagbag.py:545} INFO - Filling up the DagBag from /home/patricia/Documentos/airflow/airflow_venv/lib/python3.10/site-packages/airflow/example_dags/example_branch_day_of_week_operator.py
[2024-05-11T16:31:13.576-0300] {processor.py:840} INFO - DAG(s) 'example_weekday_branch_operator' retrieved from /home/patricia/Documentos/airflow/airflow_venv/lib/python3.10/site-packages/airflow/example_dags/example_branch_day_of_week_operator.py
[2024-05-11T16:31:13.625-0300] {logging_mixin.py:188} INFO - [2024-05-11T16:31:13.623-0300] {dag.py:3096} INFO - Sync 1 DAGs
[2024-05-11T16:31:13.702-0300] {logging_mixin.py:188} INFO - [2024-05-11T16:31:13.702-0300] {dag.py:3954} INFO - Setting next_dagrun for example_weekday_branch_operator to 2024-05-10 00:00:00+00:00, run_after=2024-05-11 00:00:00+00:00
[2024-05-11T16:31:13.794-0300] {processor.py:183} INFO - Processing /home/patricia/Documentos/airflow/airflow_venv/lib/python3.10/site-packages/airflow/example_dags/example_branch_day_of_week_operator.py took 0.277 seconds
[2024-05-11T16:33:16.235-0300] {processor.py:161} INFO - Started process (PID=11584) to work on /home/patricia/Documentos/airflow/airflow_venv/lib/python3.10/site-packages/airflow/example_dags/example_branch_day_of_week_operator.py
[2024-05-11T16:33:16.259-0300] {processor.py:830} INFO - Processing file /home/patricia/Documentos/airflow/airflow_venv/lib/python3.10/site-packages/airflow/example_dags/example_branch_day_of_week_operator.py for tasks to queue
[2024-05-11T16:33:16.266-0300] {logging_mixin.py:188} INFO - [2024-05-11T16:33:16.265-0300] {dagbag.py:545} INFO - Filling up the DagBag from /home/patricia/Documentos/airflow/airflow_venv/lib/python3.10/site-packages/airflow/example_dags/example_branch_day_of_week_operator.py
[2024-05-11T16:33:16.290-0300] {processor.py:840} INFO - DAG(s) 'example_weekday_branch_operator' retrieved from /home/patricia/Documentos/airflow/airflow_venv/lib/python3.10/site-packages/airflow/example_dags/example_branch_day_of_week_operator.py
[2024-05-11T16:33:16.341-0300] {logging_mixin.py:188} INFO - [2024-05-11T16:33:16.340-0300] {dag.py:3096} INFO - Sync 1 DAGs
[2024-05-11T16:33:16.393-0300] {logging_mixin.py:188} INFO - [2024-05-11T16:33:16.392-0300] {dag.py:3954} INFO - Setting next_dagrun for example_weekday_branch_operator to 2024-05-10 00:00:00+00:00, run_after=2024-05-11 00:00:00+00:00
[2024-05-11T16:33:16.632-0300] {processor.py:183} INFO - Processing /home/patricia/Documentos/airflow/airflow_venv/lib/python3.10/site-packages/airflow/example_dags/example_branch_day_of_week_operator.py took 0.475 seconds
[2024-05-11T16:34:56.846-0300] {processor.py:161} INFO - Started process (PID=11770) to work on /home/patricia/Documentos/airflow/airflow_venv/lib/python3.10/site-packages/airflow/example_dags/example_branch_day_of_week_operator.py
[2024-05-11T16:34:56.856-0300] {processor.py:830} INFO - Processing file /home/patricia/Documentos/airflow/airflow_venv/lib/python3.10/site-packages/airflow/example_dags/example_branch_day_of_week_operator.py for tasks to queue
[2024-05-11T16:34:56.869-0300] {logging_mixin.py:188} INFO - [2024-05-11T16:34:56.868-0300] {dagbag.py:545} INFO - Filling up the DagBag from /home/patricia/Documentos/airflow/airflow_venv/lib/python3.10/site-packages/airflow/example_dags/example_branch_day_of_week_operator.py
[2024-05-11T16:34:56.943-0300] {processor.py:840} INFO - DAG(s) 'example_weekday_branch_operator' retrieved from /home/patricia/Documentos/airflow/airflow_venv/lib/python3.10/site-packages/airflow/example_dags/example_branch_day_of_week_operator.py
[2024-05-11T16:34:57.081-0300] {logging_mixin.py:188} INFO - [2024-05-11T16:34:57.080-0300] {dag.py:3096} INFO - Sync 1 DAGs
[2024-05-11T16:34:57.131-0300] {logging_mixin.py:188} INFO - [2024-05-11T16:34:57.130-0300] {dag.py:3954} INFO - Setting next_dagrun for example_weekday_branch_operator to 2024-05-10 00:00:00+00:00, run_after=2024-05-11 00:00:00+00:00
[2024-05-11T16:34:57.210-0300] {processor.py:183} INFO - Processing /home/patricia/Documentos/airflow/airflow_venv/lib/python3.10/site-packages/airflow/example_dags/example_branch_day_of_week_operator.py took 0.412 seconds
[2024-05-11T16:36:35.415-0300] {processor.py:161} INFO - Started process (PID=11916) to work on /home/patricia/Documentos/airflow/airflow_venv/lib/python3.10/site-packages/airflow/example_dags/example_branch_day_of_week_operator.py
[2024-05-11T16:36:35.425-0300] {processor.py:830} INFO - Processing file /home/patricia/Documentos/airflow/airflow_venv/lib/python3.10/site-packages/airflow/example_dags/example_branch_day_of_week_operator.py for tasks to queue
[2024-05-11T16:36:35.436-0300] {logging_mixin.py:188} INFO - [2024-05-11T16:36:35.433-0300] {dagbag.py:545} INFO - Filling up the DagBag from /home/patricia/Documentos/airflow/airflow_venv/lib/python3.10/site-packages/airflow/example_dags/example_branch_day_of_week_operator.py
[2024-05-11T16:36:35.484-0300] {processor.py:840} INFO - DAG(s) 'example_weekday_branch_operator' retrieved from /home/patricia/Documentos/airflow/airflow_venv/lib/python3.10/site-packages/airflow/example_dags/example_branch_day_of_week_operator.py
[2024-05-11T16:36:35.536-0300] {logging_mixin.py:188} INFO - [2024-05-11T16:36:35.536-0300] {dag.py:3096} INFO - Sync 1 DAGs
[2024-05-11T16:36:35.585-0300] {logging_mixin.py:188} INFO - [2024-05-11T16:36:35.585-0300] {dag.py:3954} INFO - Setting next_dagrun for example_weekday_branch_operator to 2024-05-10 00:00:00+00:00, run_after=2024-05-11 00:00:00+00:00
[2024-05-11T16:36:35.648-0300] {processor.py:183} INFO - Processing /home/patricia/Documentos/airflow/airflow_venv/lib/python3.10/site-packages/airflow/example_dags/example_branch_day_of_week_operator.py took 0.271 seconds
