[2024-05-11T15:12:12.177-0300] {processor.py:161} INFO - Started process (PID=4634) to work on /home/patricia/Documentos/airflow/airflow_venv/lib/python3.10/site-packages/airflow/example_dags/example_branch_operator_decorator.py
[2024-05-11T15:12:12.179-0300] {processor.py:830} INFO - Processing file /home/patricia/Documentos/airflow/airflow_venv/lib/python3.10/site-packages/airflow/example_dags/example_branch_operator_decorator.py for tasks to queue
[2024-05-11T15:12:12.182-0300] {logging_mixin.py:188} INFO - [2024-05-11T15:12:12.182-0300] {dagbag.py:545} INFO - Filling up the DagBag from /home/patricia/Documentos/airflow/airflow_venv/lib/python3.10/site-packages/airflow/example_dags/example_branch_operator_decorator.py
[2024-05-11T15:12:12.226-0300] {processor.py:840} INFO - DAG(s) 'example_branch_python_operator_decorator' retrieved from /home/patricia/Documentos/airflow/airflow_venv/lib/python3.10/site-packages/airflow/example_dags/example_branch_operator_decorator.py
[2024-05-11T15:12:12.467-0300] {logging_mixin.py:188} INFO - [2024-05-11T15:12:12.467-0300] {dag.py:3096} INFO - Sync 1 DAGs
[2024-05-11T15:12:12.511-0300] {logging_mixin.py:188} INFO - [2024-05-11T15:12:12.511-0300] {dag.py:3954} INFO - Setting next_dagrun for example_branch_python_operator_decorator to 2024-05-10 00:00:00+00:00, run_after=2024-05-11 00:00:00+00:00
[2024-05-11T15:12:12.559-0300] {processor.py:183} INFO - Processing /home/patricia/Documentos/airflow/airflow_venv/lib/python3.10/site-packages/airflow/example_dags/example_branch_operator_decorator.py took 0.396 seconds
[2024-05-11T15:14:33.566-0300] {processor.py:161} INFO - Started process (PID=4885) to work on /home/patricia/Documentos/airflow/airflow_venv/lib/python3.10/site-packages/airflow/example_dags/example_branch_operator_decorator.py
[2024-05-11T15:14:33.569-0300] {processor.py:830} INFO - Processing file /home/patricia/Documentos/airflow/airflow_venv/lib/python3.10/site-packages/airflow/example_dags/example_branch_operator_decorator.py for tasks to queue
[2024-05-11T15:14:33.572-0300] {logging_mixin.py:188} INFO - [2024-05-11T15:14:33.571-0300] {dagbag.py:545} INFO - Filling up the DagBag from /home/patricia/Documentos/airflow/airflow_venv/lib/python3.10/site-packages/airflow/example_dags/example_branch_operator_decorator.py
[2024-05-11T15:14:33.608-0300] {processor.py:840} INFO - DAG(s) 'example_branch_python_operator_decorator' retrieved from /home/patricia/Documentos/airflow/airflow_venv/lib/python3.10/site-packages/airflow/example_dags/example_branch_operator_decorator.py
[2024-05-11T15:14:33.732-0300] {logging_mixin.py:188} INFO - [2024-05-11T15:14:33.732-0300] {dag.py:3096} INFO - Sync 1 DAGs
[2024-05-11T15:14:33.750-0300] {logging_mixin.py:188} INFO - [2024-05-11T15:14:33.750-0300] {dag.py:3954} INFO - Setting next_dagrun for example_branch_python_operator_decorator to 2024-05-10 00:00:00+00:00, run_after=2024-05-11 00:00:00+00:00
[2024-05-11T15:14:33.821-0300] {processor.py:183} INFO - Processing /home/patricia/Documentos/airflow/airflow_venv/lib/python3.10/site-packages/airflow/example_dags/example_branch_operator_decorator.py took 0.263 seconds
[2024-05-11T15:15:50.927-0300] {processor.py:161} INFO - Started process (PID=5050) to work on /home/patricia/Documentos/airflow/airflow_venv/lib/python3.10/site-packages/airflow/example_dags/example_branch_operator_decorator.py
[2024-05-11T15:15:50.929-0300] {processor.py:830} INFO - Processing file /home/patricia/Documentos/airflow/airflow_venv/lib/python3.10/site-packages/airflow/example_dags/example_branch_operator_decorator.py for tasks to queue
[2024-05-11T15:15:50.932-0300] {logging_mixin.py:188} INFO - [2024-05-11T15:15:50.932-0300] {dagbag.py:545} INFO - Filling up the DagBag from /home/patricia/Documentos/airflow/airflow_venv/lib/python3.10/site-packages/airflow/example_dags/example_branch_operator_decorator.py
[2024-05-11T15:15:50.958-0300] {processor.py:840} INFO - DAG(s) 'example_branch_python_operator_decorator' retrieved from /home/patricia/Documentos/airflow/airflow_venv/lib/python3.10/site-packages/airflow/example_dags/example_branch_operator_decorator.py
[2024-05-11T15:15:50.986-0300] {logging_mixin.py:188} INFO - [2024-05-11T15:15:50.985-0300] {dag.py:3096} INFO - Sync 1 DAGs
[2024-05-11T15:15:51.008-0300] {logging_mixin.py:188} INFO - [2024-05-11T15:15:51.008-0300] {dag.py:3954} INFO - Setting next_dagrun for example_branch_python_operator_decorator to 2024-05-10 00:00:00+00:00, run_after=2024-05-11 00:00:00+00:00
[2024-05-11T15:15:51.040-0300] {processor.py:183} INFO - Processing /home/patricia/Documentos/airflow/airflow_venv/lib/python3.10/site-packages/airflow/example_dags/example_branch_operator_decorator.py took 0.121 seconds
[2024-05-11T15:16:49.040-0300] {processor.py:161} INFO - Started process (PID=5165) to work on /home/patricia/Documentos/airflow/airflow_venv/lib/python3.10/site-packages/airflow/example_dags/example_branch_operator_decorator.py
[2024-05-11T15:16:49.042-0300] {processor.py:830} INFO - Processing file /home/patricia/Documentos/airflow/airflow_venv/lib/python3.10/site-packages/airflow/example_dags/example_branch_operator_decorator.py for tasks to queue
[2024-05-11T15:16:49.045-0300] {logging_mixin.py:188} INFO - [2024-05-11T15:16:49.044-0300] {dagbag.py:545} INFO - Filling up the DagBag from /home/patricia/Documentos/airflow/airflow_venv/lib/python3.10/site-packages/airflow/example_dags/example_branch_operator_decorator.py
[2024-05-11T15:16:49.067-0300] {processor.py:840} INFO - DAG(s) 'example_branch_python_operator_decorator' retrieved from /home/patricia/Documentos/airflow/airflow_venv/lib/python3.10/site-packages/airflow/example_dags/example_branch_operator_decorator.py
[2024-05-11T15:16:49.093-0300] {logging_mixin.py:188} INFO - [2024-05-11T15:16:49.092-0300] {dag.py:3096} INFO - Sync 1 DAGs
[2024-05-11T15:16:49.116-0300] {logging_mixin.py:188} INFO - [2024-05-11T15:16:49.116-0300] {dag.py:3954} INFO - Setting next_dagrun for example_branch_python_operator_decorator to 2024-05-10 00:00:00+00:00, run_after=2024-05-11 00:00:00+00:00
[2024-05-11T15:16:49.150-0300] {processor.py:183} INFO - Processing /home/patricia/Documentos/airflow/airflow_venv/lib/python3.10/site-packages/airflow/example_dags/example_branch_operator_decorator.py took 0.118 seconds
[2024-05-11T15:17:56.960-0300] {processor.py:161} INFO - Started process (PID=5325) to work on /home/patricia/Documentos/airflow/airflow_venv/lib/python3.10/site-packages/airflow/example_dags/example_branch_operator_decorator.py
[2024-05-11T15:17:56.965-0300] {processor.py:830} INFO - Processing file /home/patricia/Documentos/airflow/airflow_venv/lib/python3.10/site-packages/airflow/example_dags/example_branch_operator_decorator.py for tasks to queue
[2024-05-11T15:17:56.967-0300] {logging_mixin.py:188} INFO - [2024-05-11T15:17:56.967-0300] {dagbag.py:545} INFO - Filling up the DagBag from /home/patricia/Documentos/airflow/airflow_venv/lib/python3.10/site-packages/airflow/example_dags/example_branch_operator_decorator.py
[2024-05-11T15:17:56.990-0300] {processor.py:840} INFO - DAG(s) 'example_branch_python_operator_decorator' retrieved from /home/patricia/Documentos/airflow/airflow_venv/lib/python3.10/site-packages/airflow/example_dags/example_branch_operator_decorator.py
[2024-05-11T15:17:57.017-0300] {logging_mixin.py:188} INFO - [2024-05-11T15:17:57.017-0300] {dag.py:3096} INFO - Sync 1 DAGs
[2024-05-11T15:17:57.040-0300] {logging_mixin.py:188} INFO - [2024-05-11T15:17:57.040-0300] {dag.py:3954} INFO - Setting next_dagrun for example_branch_python_operator_decorator to 2024-05-10 00:00:00+00:00, run_after=2024-05-11 00:00:00+00:00
[2024-05-11T15:17:57.077-0300] {processor.py:183} INFO - Processing /home/patricia/Documentos/airflow/airflow_venv/lib/python3.10/site-packages/airflow/example_dags/example_branch_operator_decorator.py took 0.126 seconds
[2024-05-11T15:19:05.716-0300] {processor.py:161} INFO - Started process (PID=5939) to work on /home/patricia/Documentos/airflow/airflow_venv/lib/python3.10/site-packages/airflow/example_dags/example_branch_operator_decorator.py
[2024-05-11T15:19:05.719-0300] {processor.py:830} INFO - Processing file /home/patricia/Documentos/airflow/airflow_venv/lib/python3.10/site-packages/airflow/example_dags/example_branch_operator_decorator.py for tasks to queue
[2024-05-11T15:19:05.722-0300] {logging_mixin.py:188} INFO - [2024-05-11T15:19:05.722-0300] {dagbag.py:545} INFO - Filling up the DagBag from /home/patricia/Documentos/airflow/airflow_venv/lib/python3.10/site-packages/airflow/example_dags/example_branch_operator_decorator.py
[2024-05-11T15:19:05.804-0300] {processor.py:840} INFO - DAG(s) 'example_branch_python_operator_decorator' retrieved from /home/patricia/Documentos/airflow/airflow_venv/lib/python3.10/site-packages/airflow/example_dags/example_branch_operator_decorator.py
[2024-05-11T15:19:05.863-0300] {logging_mixin.py:188} INFO - [2024-05-11T15:19:05.862-0300] {dag.py:3096} INFO - Sync 1 DAGs
[2024-05-11T15:19:05.904-0300] {logging_mixin.py:188} INFO - [2024-05-11T15:19:05.904-0300] {dag.py:3954} INFO - Setting next_dagrun for example_branch_python_operator_decorator to 2024-05-10 00:00:00+00:00, run_after=2024-05-11 00:00:00+00:00
[2024-05-11T15:19:06.001-0300] {processor.py:183} INFO - Processing /home/patricia/Documentos/airflow/airflow_venv/lib/python3.10/site-packages/airflow/example_dags/example_branch_operator_decorator.py took 0.308 seconds
[2024-05-11T15:20:13.845-0300] {processor.py:161} INFO - Started process (PID=6084) to work on /home/patricia/Documentos/airflow/airflow_venv/lib/python3.10/site-packages/airflow/example_dags/example_branch_operator_decorator.py
[2024-05-11T15:20:13.850-0300] {processor.py:830} INFO - Processing file /home/patricia/Documentos/airflow/airflow_venv/lib/python3.10/site-packages/airflow/example_dags/example_branch_operator_decorator.py for tasks to queue
[2024-05-11T15:20:13.860-0300] {logging_mixin.py:188} INFO - [2024-05-11T15:20:13.859-0300] {dagbag.py:545} INFO - Filling up the DagBag from /home/patricia/Documentos/airflow/airflow_venv/lib/python3.10/site-packages/airflow/example_dags/example_branch_operator_decorator.py
[2024-05-11T15:20:13.898-0300] {processor.py:840} INFO - DAG(s) 'example_branch_python_operator_decorator' retrieved from /home/patricia/Documentos/airflow/airflow_venv/lib/python3.10/site-packages/airflow/example_dags/example_branch_operator_decorator.py
[2024-05-11T15:20:13.932-0300] {logging_mixin.py:188} INFO - [2024-05-11T15:20:13.931-0300] {dag.py:3096} INFO - Sync 1 DAGs
[2024-05-11T15:20:13.956-0300] {logging_mixin.py:188} INFO - [2024-05-11T15:20:13.956-0300] {dag.py:3954} INFO - Setting next_dagrun for example_branch_python_operator_decorator to 2024-05-10 00:00:00+00:00, run_after=2024-05-11 00:00:00+00:00
[2024-05-11T15:20:14.012-0300] {processor.py:183} INFO - Processing /home/patricia/Documentos/airflow/airflow_venv/lib/python3.10/site-packages/airflow/example_dags/example_branch_operator_decorator.py took 0.190 seconds
[2024-05-11T15:22:09.746-0300] {processor.py:161} INFO - Started process (PID=6281) to work on /home/patricia/Documentos/airflow/airflow_venv/lib/python3.10/site-packages/airflow/example_dags/example_branch_operator_decorator.py
[2024-05-11T15:22:09.750-0300] {processor.py:830} INFO - Processing file /home/patricia/Documentos/airflow/airflow_venv/lib/python3.10/site-packages/airflow/example_dags/example_branch_operator_decorator.py for tasks to queue
[2024-05-11T15:22:09.753-0300] {logging_mixin.py:188} INFO - [2024-05-11T15:22:09.752-0300] {dagbag.py:545} INFO - Filling up the DagBag from /home/patricia/Documentos/airflow/airflow_venv/lib/python3.10/site-packages/airflow/example_dags/example_branch_operator_decorator.py
[2024-05-11T15:22:09.777-0300] {processor.py:840} INFO - DAG(s) 'example_branch_python_operator_decorator' retrieved from /home/patricia/Documentos/airflow/airflow_venv/lib/python3.10/site-packages/airflow/example_dags/example_branch_operator_decorator.py
[2024-05-11T15:22:09.806-0300] {logging_mixin.py:188} INFO - [2024-05-11T15:22:09.805-0300] {dag.py:3096} INFO - Sync 1 DAGs
[2024-05-11T15:22:09.827-0300] {logging_mixin.py:188} INFO - [2024-05-11T15:22:09.827-0300] {dag.py:3954} INFO - Setting next_dagrun for example_branch_python_operator_decorator to 2024-05-10 00:00:00+00:00, run_after=2024-05-11 00:00:00+00:00
[2024-05-11T15:22:09.867-0300] {processor.py:183} INFO - Processing /home/patricia/Documentos/airflow/airflow_venv/lib/python3.10/site-packages/airflow/example_dags/example_branch_operator_decorator.py took 0.127 seconds
[2024-05-11T15:23:15.346-0300] {processor.py:161} INFO - Started process (PID=6422) to work on /home/patricia/Documentos/airflow/airflow_venv/lib/python3.10/site-packages/airflow/example_dags/example_branch_operator_decorator.py
[2024-05-11T15:23:15.349-0300] {processor.py:830} INFO - Processing file /home/patricia/Documentos/airflow/airflow_venv/lib/python3.10/site-packages/airflow/example_dags/example_branch_operator_decorator.py for tasks to queue
[2024-05-11T15:23:15.353-0300] {logging_mixin.py:188} INFO - [2024-05-11T15:23:15.352-0300] {dagbag.py:545} INFO - Filling up the DagBag from /home/patricia/Documentos/airflow/airflow_venv/lib/python3.10/site-packages/airflow/example_dags/example_branch_operator_decorator.py
[2024-05-11T15:23:15.375-0300] {processor.py:840} INFO - DAG(s) 'example_branch_python_operator_decorator' retrieved from /home/patricia/Documentos/airflow/airflow_venv/lib/python3.10/site-packages/airflow/example_dags/example_branch_operator_decorator.py
[2024-05-11T15:23:15.401-0300] {logging_mixin.py:188} INFO - [2024-05-11T15:23:15.401-0300] {dag.py:3096} INFO - Sync 1 DAGs
[2024-05-11T15:23:15.424-0300] {logging_mixin.py:188} INFO - [2024-05-11T15:23:15.424-0300] {dag.py:3954} INFO - Setting next_dagrun for example_branch_python_operator_decorator to 2024-05-10 00:00:00+00:00, run_after=2024-05-11 00:00:00+00:00
[2024-05-11T15:23:15.457-0300] {processor.py:183} INFO - Processing /home/patricia/Documentos/airflow/airflow_venv/lib/python3.10/site-packages/airflow/example_dags/example_branch_operator_decorator.py took 0.117 seconds
[2024-05-11T15:24:17.539-0300] {processor.py:161} INFO - Started process (PID=6542) to work on /home/patricia/Documentos/airflow/airflow_venv/lib/python3.10/site-packages/airflow/example_dags/example_branch_operator_decorator.py
[2024-05-11T15:24:17.541-0300] {processor.py:830} INFO - Processing file /home/patricia/Documentos/airflow/airflow_venv/lib/python3.10/site-packages/airflow/example_dags/example_branch_operator_decorator.py for tasks to queue
[2024-05-11T15:24:17.544-0300] {logging_mixin.py:188} INFO - [2024-05-11T15:24:17.543-0300] {dagbag.py:545} INFO - Filling up the DagBag from /home/patricia/Documentos/airflow/airflow_venv/lib/python3.10/site-packages/airflow/example_dags/example_branch_operator_decorator.py
[2024-05-11T15:24:17.568-0300] {processor.py:840} INFO - DAG(s) 'example_branch_python_operator_decorator' retrieved from /home/patricia/Documentos/airflow/airflow_venv/lib/python3.10/site-packages/airflow/example_dags/example_branch_operator_decorator.py
[2024-05-11T15:24:17.596-0300] {logging_mixin.py:188} INFO - [2024-05-11T15:24:17.596-0300] {dag.py:3096} INFO - Sync 1 DAGs
[2024-05-11T15:24:17.619-0300] {logging_mixin.py:188} INFO - [2024-05-11T15:24:17.619-0300] {dag.py:3954} INFO - Setting next_dagrun for example_branch_python_operator_decorator to 2024-05-10 00:00:00+00:00, run_after=2024-05-11 00:00:00+00:00
[2024-05-11T15:24:17.655-0300] {processor.py:183} INFO - Processing /home/patricia/Documentos/airflow/airflow_venv/lib/python3.10/site-packages/airflow/example_dags/example_branch_operator_decorator.py took 0.124 seconds
[2024-05-11T15:27:10.739-0300] {processor.py:161} INFO - Started process (PID=7606) to work on /home/patricia/Documentos/airflow/airflow_venv/lib/python3.10/site-packages/airflow/example_dags/example_branch_operator_decorator.py
[2024-05-11T15:27:10.744-0300] {processor.py:830} INFO - Processing file /home/patricia/Documentos/airflow/airflow_venv/lib/python3.10/site-packages/airflow/example_dags/example_branch_operator_decorator.py for tasks to queue
[2024-05-11T15:27:10.751-0300] {logging_mixin.py:188} INFO - [2024-05-11T15:27:10.750-0300] {dagbag.py:545} INFO - Filling up the DagBag from /home/patricia/Documentos/airflow/airflow_venv/lib/python3.10/site-packages/airflow/example_dags/example_branch_operator_decorator.py
[2024-05-11T15:27:10.788-0300] {processor.py:840} INFO - DAG(s) 'example_branch_python_operator_decorator' retrieved from /home/patricia/Documentos/airflow/airflow_venv/lib/python3.10/site-packages/airflow/example_dags/example_branch_operator_decorator.py
[2024-05-11T15:27:11.270-0300] {logging_mixin.py:188} INFO - [2024-05-11T15:27:11.261-0300] {dag.py:3096} INFO - Sync 1 DAGs
[2024-05-11T15:27:11.309-0300] {logging_mixin.py:188} INFO - [2024-05-11T15:27:11.309-0300] {dag.py:3954} INFO - Setting next_dagrun for example_branch_python_operator_decorator to 2024-05-10 00:00:00+00:00, run_after=2024-05-11 00:00:00+00:00
[2024-05-11T15:27:11.364-0300] {processor.py:183} INFO - Processing /home/patricia/Documentos/airflow/airflow_venv/lib/python3.10/site-packages/airflow/example_dags/example_branch_operator_decorator.py took 0.684 seconds
[2024-05-11T15:28:41.017-0300] {processor.py:161} INFO - Started process (PID=7790) to work on /home/patricia/Documentos/airflow/airflow_venv/lib/python3.10/site-packages/airflow/example_dags/example_branch_operator_decorator.py
[2024-05-11T15:28:41.020-0300] {processor.py:830} INFO - Processing file /home/patricia/Documentos/airflow/airflow_venv/lib/python3.10/site-packages/airflow/example_dags/example_branch_operator_decorator.py for tasks to queue
[2024-05-11T15:28:41.024-0300] {logging_mixin.py:188} INFO - [2024-05-11T15:28:41.023-0300] {dagbag.py:545} INFO - Filling up the DagBag from /home/patricia/Documentos/airflow/airflow_venv/lib/python3.10/site-packages/airflow/example_dags/example_branch_operator_decorator.py
[2024-05-11T15:28:41.074-0300] {processor.py:840} INFO - DAG(s) 'example_branch_python_operator_decorator' retrieved from /home/patricia/Documentos/airflow/airflow_venv/lib/python3.10/site-packages/airflow/example_dags/example_branch_operator_decorator.py
[2024-05-11T15:28:41.126-0300] {logging_mixin.py:188} INFO - [2024-05-11T15:28:41.126-0300] {dag.py:3096} INFO - Sync 1 DAGs
[2024-05-11T15:28:41.329-0300] {logging_mixin.py:188} INFO - [2024-05-11T15:28:41.328-0300] {dag.py:3954} INFO - Setting next_dagrun for example_branch_python_operator_decorator to 2024-05-10 00:00:00+00:00, run_after=2024-05-11 00:00:00+00:00
[2024-05-11T15:28:41.401-0300] {processor.py:183} INFO - Processing /home/patricia/Documentos/airflow/airflow_venv/lib/python3.10/site-packages/airflow/example_dags/example_branch_operator_decorator.py took 0.393 seconds
[2024-05-11T15:30:07.795-0300] {processor.py:161} INFO - Started process (PID=7967) to work on /home/patricia/Documentos/airflow/airflow_venv/lib/python3.10/site-packages/airflow/example_dags/example_branch_operator_decorator.py
[2024-05-11T15:30:07.798-0300] {processor.py:830} INFO - Processing file /home/patricia/Documentos/airflow/airflow_venv/lib/python3.10/site-packages/airflow/example_dags/example_branch_operator_decorator.py for tasks to queue
[2024-05-11T15:30:07.802-0300] {logging_mixin.py:188} INFO - [2024-05-11T15:30:07.801-0300] {dagbag.py:545} INFO - Filling up the DagBag from /home/patricia/Documentos/airflow/airflow_venv/lib/python3.10/site-packages/airflow/example_dags/example_branch_operator_decorator.py
[2024-05-11T15:30:07.869-0300] {processor.py:840} INFO - DAG(s) 'example_branch_python_operator_decorator' retrieved from /home/patricia/Documentos/airflow/airflow_venv/lib/python3.10/site-packages/airflow/example_dags/example_branch_operator_decorator.py
[2024-05-11T15:30:07.907-0300] {logging_mixin.py:188} INFO - [2024-05-11T15:30:07.907-0300] {dag.py:3096} INFO - Sync 1 DAGs
[2024-05-11T15:30:07.938-0300] {logging_mixin.py:188} INFO - [2024-05-11T15:30:07.938-0300] {dag.py:3954} INFO - Setting next_dagrun for example_branch_python_operator_decorator to 2024-05-10 00:00:00+00:00, run_after=2024-05-11 00:00:00+00:00
[2024-05-11T15:30:08.195-0300] {processor.py:183} INFO - Processing /home/patricia/Documentos/airflow/airflow_venv/lib/python3.10/site-packages/airflow/example_dags/example_branch_operator_decorator.py took 0.408 seconds
[2024-05-11T15:31:27.567-0300] {processor.py:161} INFO - Started process (PID=8180) to work on /home/patricia/Documentos/airflow/airflow_venv/lib/python3.10/site-packages/airflow/example_dags/example_branch_operator_decorator.py
[2024-05-11T15:31:27.570-0300] {processor.py:830} INFO - Processing file /home/patricia/Documentos/airflow/airflow_venv/lib/python3.10/site-packages/airflow/example_dags/example_branch_operator_decorator.py for tasks to queue
[2024-05-11T15:31:27.573-0300] {logging_mixin.py:188} INFO - [2024-05-11T15:31:27.572-0300] {dagbag.py:545} INFO - Filling up the DagBag from /home/patricia/Documentos/airflow/airflow_venv/lib/python3.10/site-packages/airflow/example_dags/example_branch_operator_decorator.py
[2024-05-11T15:31:27.598-0300] {processor.py:840} INFO - DAG(s) 'example_branch_python_operator_decorator' retrieved from /home/patricia/Documentos/airflow/airflow_venv/lib/python3.10/site-packages/airflow/example_dags/example_branch_operator_decorator.py
[2024-05-11T15:31:27.643-0300] {logging_mixin.py:188} INFO - [2024-05-11T15:31:27.642-0300] {dag.py:3096} INFO - Sync 1 DAGs
[2024-05-11T15:31:27.681-0300] {logging_mixin.py:188} INFO - [2024-05-11T15:31:27.681-0300] {dag.py:3954} INFO - Setting next_dagrun for example_branch_python_operator_decorator to 2024-05-10 00:00:00+00:00, run_after=2024-05-11 00:00:00+00:00
[2024-05-11T15:31:27.719-0300] {processor.py:183} INFO - Processing /home/patricia/Documentos/airflow/airflow_venv/lib/python3.10/site-packages/airflow/example_dags/example_branch_operator_decorator.py took 0.161 seconds
[2024-05-11T15:32:32.061-0300] {processor.py:161} INFO - Started process (PID=8450) to work on /home/patricia/Documentos/airflow/airflow_venv/lib/python3.10/site-packages/airflow/example_dags/example_branch_operator_decorator.py
[2024-05-11T15:32:32.064-0300] {processor.py:830} INFO - Processing file /home/patricia/Documentos/airflow/airflow_venv/lib/python3.10/site-packages/airflow/example_dags/example_branch_operator_decorator.py for tasks to queue
[2024-05-11T15:32:32.067-0300] {logging_mixin.py:188} INFO - [2024-05-11T15:32:32.066-0300] {dagbag.py:545} INFO - Filling up the DagBag from /home/patricia/Documentos/airflow/airflow_venv/lib/python3.10/site-packages/airflow/example_dags/example_branch_operator_decorator.py
[2024-05-11T15:32:32.091-0300] {processor.py:840} INFO - DAG(s) 'example_branch_python_operator_decorator' retrieved from /home/patricia/Documentos/airflow/airflow_venv/lib/python3.10/site-packages/airflow/example_dags/example_branch_operator_decorator.py
[2024-05-11T15:32:32.115-0300] {logging_mixin.py:188} INFO - [2024-05-11T15:32:32.115-0300] {dag.py:3096} INFO - Sync 1 DAGs
[2024-05-11T15:32:32.137-0300] {logging_mixin.py:188} INFO - [2024-05-11T15:32:32.137-0300] {dag.py:3954} INFO - Setting next_dagrun for example_branch_python_operator_decorator to 2024-05-10 00:00:00+00:00, run_after=2024-05-11 00:00:00+00:00
[2024-05-11T15:32:32.178-0300] {processor.py:183} INFO - Processing /home/patricia/Documentos/airflow/airflow_venv/lib/python3.10/site-packages/airflow/example_dags/example_branch_operator_decorator.py took 0.124 seconds
[2024-05-11T15:33:38.874-0300] {processor.py:161} INFO - Started process (PID=8790) to work on /home/patricia/Documentos/airflow/airflow_venv/lib/python3.10/site-packages/airflow/example_dags/example_branch_operator_decorator.py
[2024-05-11T15:33:38.876-0300] {processor.py:830} INFO - Processing file /home/patricia/Documentos/airflow/airflow_venv/lib/python3.10/site-packages/airflow/example_dags/example_branch_operator_decorator.py for tasks to queue
[2024-05-11T15:33:38.879-0300] {logging_mixin.py:188} INFO - [2024-05-11T15:33:38.879-0300] {dagbag.py:545} INFO - Filling up the DagBag from /home/patricia/Documentos/airflow/airflow_venv/lib/python3.10/site-packages/airflow/example_dags/example_branch_operator_decorator.py
[2024-05-11T15:33:38.931-0300] {processor.py:840} INFO - DAG(s) 'example_branch_python_operator_decorator' retrieved from /home/patricia/Documentos/airflow/airflow_venv/lib/python3.10/site-packages/airflow/example_dags/example_branch_operator_decorator.py
[2024-05-11T15:33:38.983-0300] {logging_mixin.py:188} INFO - [2024-05-11T15:33:38.983-0300] {dag.py:3096} INFO - Sync 1 DAGs
[2024-05-11T15:33:39.066-0300] {logging_mixin.py:188} INFO - [2024-05-11T15:33:39.065-0300] {dag.py:3954} INFO - Setting next_dagrun for example_branch_python_operator_decorator to 2024-05-10 00:00:00+00:00, run_after=2024-05-11 00:00:00+00:00
[2024-05-11T15:33:39.122-0300] {processor.py:183} INFO - Processing /home/patricia/Documentos/airflow/airflow_venv/lib/python3.10/site-packages/airflow/example_dags/example_branch_operator_decorator.py took 0.262 seconds
[2024-05-11T15:34:57.807-0300] {processor.py:161} INFO - Started process (PID=9372) to work on /home/patricia/Documentos/airflow/airflow_venv/lib/python3.10/site-packages/airflow/example_dags/example_branch_operator_decorator.py
[2024-05-11T15:34:57.834-0300] {processor.py:830} INFO - Processing file /home/patricia/Documentos/airflow/airflow_venv/lib/python3.10/site-packages/airflow/example_dags/example_branch_operator_decorator.py for tasks to queue
[2024-05-11T15:34:57.857-0300] {logging_mixin.py:188} INFO - [2024-05-11T15:34:57.851-0300] {dagbag.py:545} INFO - Filling up the DagBag from /home/patricia/Documentos/airflow/airflow_venv/lib/python3.10/site-packages/airflow/example_dags/example_branch_operator_decorator.py
[2024-05-11T15:34:57.988-0300] {processor.py:840} INFO - DAG(s) 'example_branch_python_operator_decorator' retrieved from /home/patricia/Documentos/airflow/airflow_venv/lib/python3.10/site-packages/airflow/example_dags/example_branch_operator_decorator.py
[2024-05-11T15:34:58.045-0300] {logging_mixin.py:188} INFO - [2024-05-11T15:34:58.044-0300] {dag.py:3096} INFO - Sync 1 DAGs
[2024-05-11T15:34:58.127-0300] {logging_mixin.py:188} INFO - [2024-05-11T15:34:58.126-0300] {dag.py:3954} INFO - Setting next_dagrun for example_branch_python_operator_decorator to 2024-05-10 00:00:00+00:00, run_after=2024-05-11 00:00:00+00:00
[2024-05-11T15:34:58.271-0300] {processor.py:183} INFO - Processing /home/patricia/Documentos/airflow/airflow_venv/lib/python3.10/site-packages/airflow/example_dags/example_branch_operator_decorator.py took 0.523 seconds
[2024-05-11T15:36:13.209-0300] {processor.py:161} INFO - Started process (PID=9576) to work on /home/patricia/Documentos/airflow/airflow_venv/lib/python3.10/site-packages/airflow/example_dags/example_branch_operator_decorator.py
[2024-05-11T15:36:13.222-0300] {processor.py:830} INFO - Processing file /home/patricia/Documentos/airflow/airflow_venv/lib/python3.10/site-packages/airflow/example_dags/example_branch_operator_decorator.py for tasks to queue
[2024-05-11T15:36:13.227-0300] {logging_mixin.py:188} INFO - [2024-05-11T15:36:13.225-0300] {dagbag.py:545} INFO - Filling up the DagBag from /home/patricia/Documentos/airflow/airflow_venv/lib/python3.10/site-packages/airflow/example_dags/example_branch_operator_decorator.py
[2024-05-11T15:36:13.269-0300] {processor.py:840} INFO - DAG(s) 'example_branch_python_operator_decorator' retrieved from /home/patricia/Documentos/airflow/airflow_venv/lib/python3.10/site-packages/airflow/example_dags/example_branch_operator_decorator.py
[2024-05-11T15:36:13.315-0300] {logging_mixin.py:188} INFO - [2024-05-11T15:36:13.314-0300] {dag.py:3096} INFO - Sync 1 DAGs
[2024-05-11T15:36:13.349-0300] {logging_mixin.py:188} INFO - [2024-05-11T15:36:13.349-0300] {dag.py:3954} INFO - Setting next_dagrun for example_branch_python_operator_decorator to 2024-05-10 00:00:00+00:00, run_after=2024-05-11 00:00:00+00:00
[2024-05-11T15:36:13.455-0300] {processor.py:183} INFO - Processing /home/patricia/Documentos/airflow/airflow_venv/lib/python3.10/site-packages/airflow/example_dags/example_branch_operator_decorator.py took 0.255 seconds
[2024-05-11T15:37:56.132-0300] {processor.py:161} INFO - Started process (PID=9883) to work on /home/patricia/Documentos/airflow/airflow_venv/lib/python3.10/site-packages/airflow/example_dags/example_branch_operator_decorator.py
[2024-05-11T15:37:56.384-0300] {processor.py:830} INFO - Processing file /home/patricia/Documentos/airflow/airflow_venv/lib/python3.10/site-packages/airflow/example_dags/example_branch_operator_decorator.py for tasks to queue
[2024-05-11T15:37:56.406-0300] {logging_mixin.py:188} INFO - [2024-05-11T15:37:56.405-0300] {dagbag.py:545} INFO - Filling up the DagBag from /home/patricia/Documentos/airflow/airflow_venv/lib/python3.10/site-packages/airflow/example_dags/example_branch_operator_decorator.py
[2024-05-11T15:37:56.486-0300] {processor.py:840} INFO - DAG(s) 'example_branch_python_operator_decorator' retrieved from /home/patricia/Documentos/airflow/airflow_venv/lib/python3.10/site-packages/airflow/example_dags/example_branch_operator_decorator.py
[2024-05-11T15:37:56.546-0300] {logging_mixin.py:188} INFO - [2024-05-11T15:37:56.546-0300] {dag.py:3096} INFO - Sync 1 DAGs
[2024-05-11T15:37:56.575-0300] {logging_mixin.py:188} INFO - [2024-05-11T15:37:56.575-0300] {dag.py:3954} INFO - Setting next_dagrun for example_branch_python_operator_decorator to 2024-05-10 00:00:00+00:00, run_after=2024-05-11 00:00:00+00:00
[2024-05-11T15:37:57.650-0300] {processor.py:183} INFO - Processing /home/patricia/Documentos/airflow/airflow_venv/lib/python3.10/site-packages/airflow/example_dags/example_branch_operator_decorator.py took 1.571 seconds
[2024-05-11T15:39:53.516-0300] {processor.py:161} INFO - Started process (PID=10087) to work on /home/patricia/Documentos/airflow/airflow_venv/lib/python3.10/site-packages/airflow/example_dags/example_branch_operator_decorator.py
[2024-05-11T15:39:53.525-0300] {processor.py:830} INFO - Processing file /home/patricia/Documentos/airflow/airflow_venv/lib/python3.10/site-packages/airflow/example_dags/example_branch_operator_decorator.py for tasks to queue
[2024-05-11T15:39:53.533-0300] {logging_mixin.py:188} INFO - [2024-05-11T15:39:53.531-0300] {dagbag.py:545} INFO - Filling up the DagBag from /home/patricia/Documentos/airflow/airflow_venv/lib/python3.10/site-packages/airflow/example_dags/example_branch_operator_decorator.py
[2024-05-11T15:39:53.641-0300] {processor.py:840} INFO - DAG(s) 'example_branch_python_operator_decorator' retrieved from /home/patricia/Documentos/airflow/airflow_venv/lib/python3.10/site-packages/airflow/example_dags/example_branch_operator_decorator.py
[2024-05-11T15:39:53.711-0300] {logging_mixin.py:188} INFO - [2024-05-11T15:39:53.710-0300] {dag.py:3096} INFO - Sync 1 DAGs
[2024-05-11T15:39:53.760-0300] {logging_mixin.py:188} INFO - [2024-05-11T15:39:53.760-0300] {dag.py:3954} INFO - Setting next_dagrun for example_branch_python_operator_decorator to 2024-05-10 00:00:00+00:00, run_after=2024-05-11 00:00:00+00:00
[2024-05-11T15:39:53.917-0300] {processor.py:183} INFO - Processing /home/patricia/Documentos/airflow/airflow_venv/lib/python3.10/site-packages/airflow/example_dags/example_branch_operator_decorator.py took 0.420 seconds
[2024-05-11T16:29:29.793-0300] {processor.py:161} INFO - Started process (PID=11131) to work on /home/patricia/Documentos/airflow/airflow_venv/lib/python3.10/site-packages/airflow/example_dags/example_branch_operator_decorator.py
[2024-05-11T16:29:29.803-0300] {processor.py:830} INFO - Processing file /home/patricia/Documentos/airflow/airflow_venv/lib/python3.10/site-packages/airflow/example_dags/example_branch_operator_decorator.py for tasks to queue
[2024-05-11T16:29:29.809-0300] {logging_mixin.py:188} INFO - [2024-05-11T16:29:29.808-0300] {dagbag.py:545} INFO - Filling up the DagBag from /home/patricia/Documentos/airflow/airflow_venv/lib/python3.10/site-packages/airflow/example_dags/example_branch_operator_decorator.py
[2024-05-11T16:29:29.901-0300] {processor.py:840} INFO - DAG(s) 'example_branch_python_operator_decorator' retrieved from /home/patricia/Documentos/airflow/airflow_venv/lib/python3.10/site-packages/airflow/example_dags/example_branch_operator_decorator.py
[2024-05-11T16:29:31.333-0300] {logging_mixin.py:188} INFO - [2024-05-11T16:29:31.333-0300] {dag.py:3096} INFO - Sync 1 DAGs
[2024-05-11T16:29:31.383-0300] {logging_mixin.py:188} INFO - [2024-05-11T16:29:31.382-0300] {dag.py:3954} INFO - Setting next_dagrun for example_branch_python_operator_decorator to 2024-05-10 00:00:00+00:00, run_after=2024-05-11 00:00:00+00:00
[2024-05-11T16:29:31.923-0300] {processor.py:183} INFO - Processing /home/patricia/Documentos/airflow/airflow_venv/lib/python3.10/site-packages/airflow/example_dags/example_branch_operator_decorator.py took 2.154 seconds
[2024-05-11T16:32:20.007-0300] {processor.py:161} INFO - Started process (PID=11443) to work on /home/patricia/Documentos/airflow/airflow_venv/lib/python3.10/site-packages/airflow/example_dags/example_branch_operator_decorator.py
[2024-05-11T16:32:20.020-0300] {processor.py:830} INFO - Processing file /home/patricia/Documentos/airflow/airflow_venv/lib/python3.10/site-packages/airflow/example_dags/example_branch_operator_decorator.py for tasks to queue
[2024-05-11T16:32:20.032-0300] {logging_mixin.py:188} INFO - [2024-05-11T16:32:20.031-0300] {dagbag.py:545} INFO - Filling up the DagBag from /home/patricia/Documentos/airflow/airflow_venv/lib/python3.10/site-packages/airflow/example_dags/example_branch_operator_decorator.py
[2024-05-11T16:32:20.086-0300] {processor.py:840} INFO - DAG(s) 'example_branch_python_operator_decorator' retrieved from /home/patricia/Documentos/airflow/airflow_venv/lib/python3.10/site-packages/airflow/example_dags/example_branch_operator_decorator.py
[2024-05-11T16:32:20.345-0300] {logging_mixin.py:188} INFO - [2024-05-11T16:32:20.345-0300] {dag.py:3096} INFO - Sync 1 DAGs
[2024-05-11T16:32:20.423-0300] {logging_mixin.py:188} INFO - [2024-05-11T16:32:20.423-0300] {dag.py:3954} INFO - Setting next_dagrun for example_branch_python_operator_decorator to 2024-05-10 00:00:00+00:00, run_after=2024-05-11 00:00:00+00:00
[2024-05-11T16:32:20.491-0300] {processor.py:183} INFO - Processing /home/patricia/Documentos/airflow/airflow_venv/lib/python3.10/site-packages/airflow/example_dags/example_branch_operator_decorator.py took 0.510 seconds
[2024-05-11T16:34:10.092-0300] {processor.py:161} INFO - Started process (PID=11695) to work on /home/patricia/Documentos/airflow/airflow_venv/lib/python3.10/site-packages/airflow/example_dags/example_branch_operator_decorator.py
[2024-05-11T16:34:10.135-0300] {processor.py:830} INFO - Processing file /home/patricia/Documentos/airflow/airflow_venv/lib/python3.10/site-packages/airflow/example_dags/example_branch_operator_decorator.py for tasks to queue
[2024-05-11T16:34:10.150-0300] {logging_mixin.py:188} INFO - [2024-05-11T16:34:10.148-0300] {dagbag.py:545} INFO - Filling up the DagBag from /home/patricia/Documentos/airflow/airflow_venv/lib/python3.10/site-packages/airflow/example_dags/example_branch_operator_decorator.py
[2024-05-11T16:34:10.295-0300] {processor.py:840} INFO - DAG(s) 'example_branch_python_operator_decorator' retrieved from /home/patricia/Documentos/airflow/airflow_venv/lib/python3.10/site-packages/airflow/example_dags/example_branch_operator_decorator.py
[2024-05-11T16:34:10.388-0300] {logging_mixin.py:188} INFO - [2024-05-11T16:34:10.388-0300] {dag.py:3096} INFO - Sync 1 DAGs
[2024-05-11T16:34:10.511-0300] {logging_mixin.py:188} INFO - [2024-05-11T16:34:10.510-0300] {dag.py:3954} INFO - Setting next_dagrun for example_branch_python_operator_decorator to 2024-05-10 00:00:00+00:00, run_after=2024-05-11 00:00:00+00:00
[2024-05-11T16:34:10.674-0300] {processor.py:183} INFO - Processing /home/patricia/Documentos/airflow/airflow_venv/lib/python3.10/site-packages/airflow/example_dags/example_branch_operator_decorator.py took 0.617 seconds
[2024-05-11T16:35:47.356-0300] {processor.py:161} INFO - Started process (PID=11843) to work on /home/patricia/Documentos/airflow/airflow_venv/lib/python3.10/site-packages/airflow/example_dags/example_branch_operator_decorator.py
[2024-05-11T16:35:47.361-0300] {processor.py:830} INFO - Processing file /home/patricia/Documentos/airflow/airflow_venv/lib/python3.10/site-packages/airflow/example_dags/example_branch_operator_decorator.py for tasks to queue
[2024-05-11T16:35:47.370-0300] {logging_mixin.py:188} INFO - [2024-05-11T16:35:47.369-0300] {dagbag.py:545} INFO - Filling up the DagBag from /home/patricia/Documentos/airflow/airflow_venv/lib/python3.10/site-packages/airflow/example_dags/example_branch_operator_decorator.py
[2024-05-11T16:35:47.511-0300] {processor.py:840} INFO - DAG(s) 'example_branch_python_operator_decorator' retrieved from /home/patricia/Documentos/airflow/airflow_venv/lib/python3.10/site-packages/airflow/example_dags/example_branch_operator_decorator.py
[2024-05-11T16:35:47.631-0300] {logging_mixin.py:188} INFO - [2024-05-11T16:35:47.630-0300] {dag.py:3096} INFO - Sync 1 DAGs
[2024-05-11T16:35:47.690-0300] {logging_mixin.py:188} INFO - [2024-05-11T16:35:47.689-0300] {dag.py:3954} INFO - Setting next_dagrun for example_branch_python_operator_decorator to 2024-05-10 00:00:00+00:00, run_after=2024-05-11 00:00:00+00:00
[2024-05-11T16:35:47.848-0300] {processor.py:183} INFO - Processing /home/patricia/Documentos/airflow/airflow_venv/lib/python3.10/site-packages/airflow/example_dags/example_branch_operator_decorator.py took 0.516 seconds
