[2024-05-11T15:11:12.603-0300] {processor.py:161} INFO - Started process (PID=4487) to work on /home/patricia/Documentos/airflow/airflow_venv/lib/python3.10/site-packages/airflow/example_dags/example_python_decorator.py
[2024-05-11T15:11:12.619-0300] {processor.py:830} INFO - Processing file /home/patricia/Documentos/airflow/airflow_venv/lib/python3.10/site-packages/airflow/example_dags/example_python_decorator.py for tasks to queue
[2024-05-11T15:11:12.632-0300] {logging_mixin.py:188} INFO - [2024-05-11T15:11:12.631-0300] {dagbag.py:545} INFO - Filling up the DagBag from /home/patricia/Documentos/airflow/airflow_venv/lib/python3.10/site-packages/airflow/example_dags/example_python_decorator.py
[2024-05-11T15:11:12.703-0300] {processor.py:840} INFO - DAG(s) 'example_python_decorator' retrieved from /home/patricia/Documentos/airflow/airflow_venv/lib/python3.10/site-packages/airflow/example_dags/example_python_decorator.py
[2024-05-11T15:11:12.717-0300] {logging_mixin.py:188} INFO - [2024-05-11T15:11:12.717-0300] {dag.py:3096} INFO - Sync 1 DAGs
[2024-05-11T15:11:12.777-0300] {logging_mixin.py:188} INFO - [2024-05-11T15:11:12.777-0300] {dag.py:3954} INFO - Setting next_dagrun for example_python_decorator to None, run_after=None
[2024-05-11T15:11:12.929-0300] {processor.py:183} INFO - Processing /home/patricia/Documentos/airflow/airflow_venv/lib/python3.10/site-packages/airflow/example_dags/example_python_decorator.py took 0.343 seconds
[2024-05-11T15:12:36.006-0300] {processor.py:161} INFO - Started process (PID=4670) to work on /home/patricia/Documentos/airflow/airflow_venv/lib/python3.10/site-packages/airflow/example_dags/example_python_decorator.py
[2024-05-11T15:12:36.009-0300] {processor.py:830} INFO - Processing file /home/patricia/Documentos/airflow/airflow_venv/lib/python3.10/site-packages/airflow/example_dags/example_python_decorator.py for tasks to queue
[2024-05-11T15:12:36.012-0300] {logging_mixin.py:188} INFO - [2024-05-11T15:12:36.012-0300] {dagbag.py:545} INFO - Filling up the DagBag from /home/patricia/Documentos/airflow/airflow_venv/lib/python3.10/site-packages/airflow/example_dags/example_python_decorator.py
[2024-05-11T15:12:36.027-0300] {processor.py:840} INFO - DAG(s) 'example_python_decorator' retrieved from /home/patricia/Documentos/airflow/airflow_venv/lib/python3.10/site-packages/airflow/example_dags/example_python_decorator.py
[2024-05-11T15:12:36.243-0300] {logging_mixin.py:188} INFO - [2024-05-11T15:12:36.243-0300] {dag.py:3096} INFO - Sync 1 DAGs
[2024-05-11T15:12:36.252-0300] {logging_mixin.py:188} INFO - [2024-05-11T15:12:36.251-0300] {dag.py:3954} INFO - Setting next_dagrun for example_python_decorator to None, run_after=None
[2024-05-11T15:12:36.283-0300] {processor.py:183} INFO - Processing /home/patricia/Documentos/airflow/airflow_venv/lib/python3.10/site-packages/airflow/example_dags/example_python_decorator.py took 0.285 seconds
[2024-05-11T15:14:05.645-0300] {processor.py:161} INFO - Started process (PID=4810) to work on /home/patricia/Documentos/airflow/airflow_venv/lib/python3.10/site-packages/airflow/example_dags/example_python_decorator.py
[2024-05-11T15:14:05.649-0300] {processor.py:830} INFO - Processing file /home/patricia/Documentos/airflow/airflow_venv/lib/python3.10/site-packages/airflow/example_dags/example_python_decorator.py for tasks to queue
[2024-05-11T15:14:05.652-0300] {logging_mixin.py:188} INFO - [2024-05-11T15:14:05.651-0300] {dagbag.py:545} INFO - Filling up the DagBag from /home/patricia/Documentos/airflow/airflow_venv/lib/python3.10/site-packages/airflow/example_dags/example_python_decorator.py
[2024-05-11T15:14:05.667-0300] {processor.py:840} INFO - DAG(s) 'example_python_decorator' retrieved from /home/patricia/Documentos/airflow/airflow_venv/lib/python3.10/site-packages/airflow/example_dags/example_python_decorator.py
[2024-05-11T15:14:05.686-0300] {logging_mixin.py:188} INFO - [2024-05-11T15:14:05.686-0300] {dag.py:3096} INFO - Sync 1 DAGs
[2024-05-11T15:14:05.697-0300] {logging_mixin.py:188} INFO - [2024-05-11T15:14:05.697-0300] {dag.py:3954} INFO - Setting next_dagrun for example_python_decorator to None, run_after=None
[2024-05-11T15:14:05.835-0300] {processor.py:183} INFO - Processing /home/patricia/Documentos/airflow/airflow_venv/lib/python3.10/site-packages/airflow/example_dags/example_python_decorator.py took 0.197 seconds
[2024-05-11T15:14:54.933-0300] {processor.py:161} INFO - Started process (PID=4931) to work on /home/patricia/Documentos/airflow/airflow_venv/lib/python3.10/site-packages/airflow/example_dags/example_python_decorator.py
[2024-05-11T15:14:54.937-0300] {processor.py:830} INFO - Processing file /home/patricia/Documentos/airflow/airflow_venv/lib/python3.10/site-packages/airflow/example_dags/example_python_decorator.py for tasks to queue
[2024-05-11T15:14:54.939-0300] {logging_mixin.py:188} INFO - [2024-05-11T15:14:54.939-0300] {dagbag.py:545} INFO - Filling up the DagBag from /home/patricia/Documentos/airflow/airflow_venv/lib/python3.10/site-packages/airflow/example_dags/example_python_decorator.py
[2024-05-11T15:14:54.956-0300] {processor.py:840} INFO - DAG(s) 'example_python_decorator' retrieved from /home/patricia/Documentos/airflow/airflow_venv/lib/python3.10/site-packages/airflow/example_dags/example_python_decorator.py
[2024-05-11T15:14:55.068-0300] {logging_mixin.py:188} INFO - [2024-05-11T15:14:55.067-0300] {dag.py:3096} INFO - Sync 1 DAGs
[2024-05-11T15:14:55.085-0300] {logging_mixin.py:188} INFO - [2024-05-11T15:14:55.085-0300] {dag.py:3954} INFO - Setting next_dagrun for example_python_decorator to None, run_after=None
[2024-05-11T15:14:55.116-0300] {processor.py:183} INFO - Processing /home/patricia/Documentos/airflow/airflow_venv/lib/python3.10/site-packages/airflow/example_dags/example_python_decorator.py took 0.190 seconds
[2024-05-11T15:16:02.207-0300] {processor.py:161} INFO - Started process (PID=5080) to work on /home/patricia/Documentos/airflow/airflow_venv/lib/python3.10/site-packages/airflow/example_dags/example_python_decorator.py
[2024-05-11T15:16:02.209-0300] {processor.py:830} INFO - Processing file /home/patricia/Documentos/airflow/airflow_venv/lib/python3.10/site-packages/airflow/example_dags/example_python_decorator.py for tasks to queue
[2024-05-11T15:16:02.211-0300] {logging_mixin.py:188} INFO - [2024-05-11T15:16:02.211-0300] {dagbag.py:545} INFO - Filling up the DagBag from /home/patricia/Documentos/airflow/airflow_venv/lib/python3.10/site-packages/airflow/example_dags/example_python_decorator.py
[2024-05-11T15:16:02.227-0300] {processor.py:840} INFO - DAG(s) 'example_python_decorator' retrieved from /home/patricia/Documentos/airflow/airflow_venv/lib/python3.10/site-packages/airflow/example_dags/example_python_decorator.py
[2024-05-11T15:16:02.248-0300] {logging_mixin.py:188} INFO - [2024-05-11T15:16:02.247-0300] {dag.py:3096} INFO - Sync 1 DAGs
[2024-05-11T15:16:02.260-0300] {logging_mixin.py:188} INFO - [2024-05-11T15:16:02.260-0300] {dag.py:3954} INFO - Setting next_dagrun for example_python_decorator to None, run_after=None
[2024-05-11T15:16:02.298-0300] {processor.py:183} INFO - Processing /home/patricia/Documentos/airflow/airflow_venv/lib/python3.10/site-packages/airflow/example_dags/example_python_decorator.py took 0.099 seconds
[2024-05-11T15:17:02.264-0300] {processor.py:161} INFO - Started process (PID=5201) to work on /home/patricia/Documentos/airflow/airflow_venv/lib/python3.10/site-packages/airflow/example_dags/example_python_decorator.py
[2024-05-11T15:17:02.278-0300] {processor.py:830} INFO - Processing file /home/patricia/Documentos/airflow/airflow_venv/lib/python3.10/site-packages/airflow/example_dags/example_python_decorator.py for tasks to queue
[2024-05-11T15:17:02.281-0300] {logging_mixin.py:188} INFO - [2024-05-11T15:17:02.280-0300] {dagbag.py:545} INFO - Filling up the DagBag from /home/patricia/Documentos/airflow/airflow_venv/lib/python3.10/site-packages/airflow/example_dags/example_python_decorator.py
[2024-05-11T15:17:02.318-0300] {processor.py:840} INFO - DAG(s) 'example_python_decorator' retrieved from /home/patricia/Documentos/airflow/airflow_venv/lib/python3.10/site-packages/airflow/example_dags/example_python_decorator.py
[2024-05-11T15:17:02.384-0300] {logging_mixin.py:188} INFO - [2024-05-11T15:17:02.380-0300] {dag.py:3096} INFO - Sync 1 DAGs
[2024-05-11T15:17:02.429-0300] {logging_mixin.py:188} INFO - [2024-05-11T15:17:02.428-0300] {dag.py:3954} INFO - Setting next_dagrun for example_python_decorator to None, run_after=None
[2024-05-11T15:17:02.503-0300] {processor.py:183} INFO - Processing /home/patricia/Documentos/airflow/airflow_venv/lib/python3.10/site-packages/airflow/example_dags/example_python_decorator.py took 0.252 seconds
[2024-05-11T15:18:09.602-0300] {processor.py:161} INFO - Started process (PID=5370) to work on /home/patricia/Documentos/airflow/airflow_venv/lib/python3.10/site-packages/airflow/example_dags/example_python_decorator.py
[2024-05-11T15:18:09.604-0300] {processor.py:830} INFO - Processing file /home/patricia/Documentos/airflow/airflow_venv/lib/python3.10/site-packages/airflow/example_dags/example_python_decorator.py for tasks to queue
[2024-05-11T15:18:09.607-0300] {logging_mixin.py:188} INFO - [2024-05-11T15:18:09.606-0300] {dagbag.py:545} INFO - Filling up the DagBag from /home/patricia/Documentos/airflow/airflow_venv/lib/python3.10/site-packages/airflow/example_dags/example_python_decorator.py
[2024-05-11T15:18:09.622-0300] {processor.py:840} INFO - DAG(s) 'example_python_decorator' retrieved from /home/patricia/Documentos/airflow/airflow_venv/lib/python3.10/site-packages/airflow/example_dags/example_python_decorator.py
[2024-05-11T15:18:09.650-0300] {logging_mixin.py:188} INFO - [2024-05-11T15:18:09.650-0300] {dag.py:3096} INFO - Sync 1 DAGs
[2024-05-11T15:18:09.670-0300] {logging_mixin.py:188} INFO - [2024-05-11T15:18:09.670-0300] {dag.py:3954} INFO - Setting next_dagrun for example_python_decorator to None, run_after=None
[2024-05-11T15:18:09.718-0300] {processor.py:183} INFO - Processing /home/patricia/Documentos/airflow/airflow_venv/lib/python3.10/site-packages/airflow/example_dags/example_python_decorator.py took 0.123 seconds
[2024-05-11T15:19:17.380-0300] {processor.py:161} INFO - Started process (PID=5965) to work on /home/patricia/Documentos/airflow/airflow_venv/lib/python3.10/site-packages/airflow/example_dags/example_python_decorator.py
[2024-05-11T15:19:17.386-0300] {processor.py:830} INFO - Processing file /home/patricia/Documentos/airflow/airflow_venv/lib/python3.10/site-packages/airflow/example_dags/example_python_decorator.py for tasks to queue
[2024-05-11T15:19:17.394-0300] {logging_mixin.py:188} INFO - [2024-05-11T15:19:17.393-0300] {dagbag.py:545} INFO - Filling up the DagBag from /home/patricia/Documentos/airflow/airflow_venv/lib/python3.10/site-packages/airflow/example_dags/example_python_decorator.py
[2024-05-11T15:19:17.431-0300] {processor.py:840} INFO - DAG(s) 'example_python_decorator' retrieved from /home/patricia/Documentos/airflow/airflow_venv/lib/python3.10/site-packages/airflow/example_dags/example_python_decorator.py
[2024-05-11T15:19:17.475-0300] {logging_mixin.py:188} INFO - [2024-05-11T15:19:17.474-0300] {dag.py:3096} INFO - Sync 1 DAGs
[2024-05-11T15:19:17.506-0300] {logging_mixin.py:188} INFO - [2024-05-11T15:19:17.506-0300] {dag.py:3954} INFO - Setting next_dagrun for example_python_decorator to None, run_after=None
[2024-05-11T15:19:17.570-0300] {processor.py:183} INFO - Processing /home/patricia/Documentos/airflow/airflow_venv/lib/python3.10/site-packages/airflow/example_dags/example_python_decorator.py took 0.203 seconds
[2024-05-11T15:20:31.656-0300] {processor.py:161} INFO - Started process (PID=6115) to work on /home/patricia/Documentos/airflow/airflow_venv/lib/python3.10/site-packages/airflow/example_dags/example_python_decorator.py
[2024-05-11T15:20:31.842-0300] {processor.py:830} INFO - Processing file /home/patricia/Documentos/airflow/airflow_venv/lib/python3.10/site-packages/airflow/example_dags/example_python_decorator.py for tasks to queue
[2024-05-11T15:20:31.845-0300] {logging_mixin.py:188} INFO - [2024-05-11T15:20:31.844-0300] {dagbag.py:545} INFO - Filling up the DagBag from /home/patricia/Documentos/airflow/airflow_venv/lib/python3.10/site-packages/airflow/example_dags/example_python_decorator.py
[2024-05-11T15:20:31.863-0300] {processor.py:840} INFO - DAG(s) 'example_python_decorator' retrieved from /home/patricia/Documentos/airflow/airflow_venv/lib/python3.10/site-packages/airflow/example_dags/example_python_decorator.py
[2024-05-11T15:20:31.883-0300] {logging_mixin.py:188} INFO - [2024-05-11T15:20:31.883-0300] {dag.py:3096} INFO - Sync 1 DAGs
[2024-05-11T15:20:31.918-0300] {logging_mixin.py:188} INFO - [2024-05-11T15:20:31.918-0300] {dag.py:3954} INFO - Setting next_dagrun for example_python_decorator to None, run_after=None
[2024-05-11T15:20:32.710-0300] {processor.py:183} INFO - Processing /home/patricia/Documentos/airflow/airflow_venv/lib/python3.10/site-packages/airflow/example_dags/example_python_decorator.py took 1.063 seconds
[2024-05-11T15:21:40.335-0300] {processor.py:161} INFO - Started process (PID=6219) to work on /home/patricia/Documentos/airflow/airflow_venv/lib/python3.10/site-packages/airflow/example_dags/example_python_decorator.py
[2024-05-11T15:21:40.349-0300] {processor.py:830} INFO - Processing file /home/patricia/Documentos/airflow/airflow_venv/lib/python3.10/site-packages/airflow/example_dags/example_python_decorator.py for tasks to queue
[2024-05-11T15:21:40.355-0300] {logging_mixin.py:188} INFO - [2024-05-11T15:21:40.354-0300] {dagbag.py:545} INFO - Filling up the DagBag from /home/patricia/Documentos/airflow/airflow_venv/lib/python3.10/site-packages/airflow/example_dags/example_python_decorator.py
[2024-05-11T15:21:40.405-0300] {processor.py:840} INFO - DAG(s) 'example_python_decorator' retrieved from /home/patricia/Documentos/airflow/airflow_venv/lib/python3.10/site-packages/airflow/example_dags/example_python_decorator.py
[2024-05-11T15:21:40.457-0300] {logging_mixin.py:188} INFO - [2024-05-11T15:21:40.456-0300] {dag.py:3096} INFO - Sync 1 DAGs
[2024-05-11T15:21:40.486-0300] {logging_mixin.py:188} INFO - [2024-05-11T15:21:40.486-0300] {dag.py:3954} INFO - Setting next_dagrun for example_python_decorator to None, run_after=None
[2024-05-11T15:21:40.563-0300] {processor.py:183} INFO - Processing /home/patricia/Documentos/airflow/airflow_venv/lib/python3.10/site-packages/airflow/example_dags/example_python_decorator.py took 0.263 seconds
[2024-05-11T15:22:29.881-0300] {processor.py:161} INFO - Started process (PID=6324) to work on /home/patricia/Documentos/airflow/airflow_venv/lib/python3.10/site-packages/airflow/example_dags/example_python_decorator.py
[2024-05-11T15:22:29.883-0300] {processor.py:830} INFO - Processing file /home/patricia/Documentos/airflow/airflow_venv/lib/python3.10/site-packages/airflow/example_dags/example_python_decorator.py for tasks to queue
[2024-05-11T15:22:29.886-0300] {logging_mixin.py:188} INFO - [2024-05-11T15:22:29.886-0300] {dagbag.py:545} INFO - Filling up the DagBag from /home/patricia/Documentos/airflow/airflow_venv/lib/python3.10/site-packages/airflow/example_dags/example_python_decorator.py
[2024-05-11T15:22:29.900-0300] {processor.py:840} INFO - DAG(s) 'example_python_decorator' retrieved from /home/patricia/Documentos/airflow/airflow_venv/lib/python3.10/site-packages/airflow/example_dags/example_python_decorator.py
[2024-05-11T15:22:29.920-0300] {logging_mixin.py:188} INFO - [2024-05-11T15:22:29.920-0300] {dag.py:3096} INFO - Sync 1 DAGs
[2024-05-11T15:22:29.935-0300] {logging_mixin.py:188} INFO - [2024-05-11T15:22:29.935-0300] {dag.py:3954} INFO - Setting next_dagrun for example_python_decorator to None, run_after=None
[2024-05-11T15:22:29.970-0300] {processor.py:183} INFO - Processing /home/patricia/Documentos/airflow/airflow_venv/lib/python3.10/site-packages/airflow/example_dags/example_python_decorator.py took 0.097 seconds
[2024-05-11T15:23:31.794-0300] {processor.py:161} INFO - Started process (PID=6458) to work on /home/patricia/Documentos/airflow/airflow_venv/lib/python3.10/site-packages/airflow/example_dags/example_python_decorator.py
[2024-05-11T15:23:31.796-0300] {processor.py:830} INFO - Processing file /home/patricia/Documentos/airflow/airflow_venv/lib/python3.10/site-packages/airflow/example_dags/example_python_decorator.py for tasks to queue
[2024-05-11T15:23:31.798-0300] {logging_mixin.py:188} INFO - [2024-05-11T15:23:31.798-0300] {dagbag.py:545} INFO - Filling up the DagBag from /home/patricia/Documentos/airflow/airflow_venv/lib/python3.10/site-packages/airflow/example_dags/example_python_decorator.py
[2024-05-11T15:23:31.814-0300] {processor.py:840} INFO - DAG(s) 'example_python_decorator' retrieved from /home/patricia/Documentos/airflow/airflow_venv/lib/python3.10/site-packages/airflow/example_dags/example_python_decorator.py
[2024-05-11T15:23:31.836-0300] {logging_mixin.py:188} INFO - [2024-05-11T15:23:31.836-0300] {dag.py:3096} INFO - Sync 1 DAGs
[2024-05-11T15:23:31.849-0300] {logging_mixin.py:188} INFO - [2024-05-11T15:23:31.849-0300] {dag.py:3954} INFO - Setting next_dagrun for example_python_decorator to None, run_after=None
[2024-05-11T15:23:31.882-0300] {processor.py:183} INFO - Processing /home/patricia/Documentos/airflow/airflow_venv/lib/python3.10/site-packages/airflow/example_dags/example_python_decorator.py took 0.097 seconds
[2024-05-11T15:24:33.322-0300] {processor.py:161} INFO - Started process (PID=6570) to work on /home/patricia/Documentos/airflow/airflow_venv/lib/python3.10/site-packages/airflow/example_dags/example_python_decorator.py
[2024-05-11T15:24:33.324-0300] {processor.py:830} INFO - Processing file /home/patricia/Documentos/airflow/airflow_venv/lib/python3.10/site-packages/airflow/example_dags/example_python_decorator.py for tasks to queue
[2024-05-11T15:24:33.326-0300] {logging_mixin.py:188} INFO - [2024-05-11T15:24:33.326-0300] {dagbag.py:545} INFO - Filling up the DagBag from /home/patricia/Documentos/airflow/airflow_venv/lib/python3.10/site-packages/airflow/example_dags/example_python_decorator.py
[2024-05-11T15:24:33.341-0300] {processor.py:840} INFO - DAG(s) 'example_python_decorator' retrieved from /home/patricia/Documentos/airflow/airflow_venv/lib/python3.10/site-packages/airflow/example_dags/example_python_decorator.py
[2024-05-11T15:24:33.362-0300] {logging_mixin.py:188} INFO - [2024-05-11T15:24:33.362-0300] {dag.py:3096} INFO - Sync 1 DAGs
[2024-05-11T15:24:33.375-0300] {logging_mixin.py:188} INFO - [2024-05-11T15:24:33.375-0300] {dag.py:3954} INFO - Setting next_dagrun for example_python_decorator to None, run_after=None
[2024-05-11T15:24:33.412-0300] {processor.py:183} INFO - Processing /home/patricia/Documentos/airflow/airflow_venv/lib/python3.10/site-packages/airflow/example_dags/example_python_decorator.py took 0.100 seconds
[2024-05-11T15:26:18.443-0300] {processor.py:161} INFO - Started process (PID=7497) to work on /home/patricia/Documentos/airflow/airflow_venv/lib/python3.10/site-packages/airflow/example_dags/example_python_decorator.py
[2024-05-11T15:26:18.447-0300] {processor.py:830} INFO - Processing file /home/patricia/Documentos/airflow/airflow_venv/lib/python3.10/site-packages/airflow/example_dags/example_python_decorator.py for tasks to queue
[2024-05-11T15:26:18.455-0300] {logging_mixin.py:188} INFO - [2024-05-11T15:26:18.454-0300] {dagbag.py:545} INFO - Filling up the DagBag from /home/patricia/Documentos/airflow/airflow_venv/lib/python3.10/site-packages/airflow/example_dags/example_python_decorator.py
[2024-05-11T15:26:18.473-0300] {processor.py:840} INFO - DAG(s) 'example_python_decorator' retrieved from /home/patricia/Documentos/airflow/airflow_venv/lib/python3.10/site-packages/airflow/example_dags/example_python_decorator.py
[2024-05-11T15:26:18.494-0300] {logging_mixin.py:188} INFO - [2024-05-11T15:26:18.492-0300] {dag.py:3096} INFO - Sync 1 DAGs
[2024-05-11T15:26:18.525-0300] {logging_mixin.py:188} INFO - [2024-05-11T15:26:18.525-0300] {dag.py:3954} INFO - Setting next_dagrun for example_python_decorator to None, run_after=None
[2024-05-11T15:26:18.583-0300] {processor.py:183} INFO - Processing /home/patricia/Documentos/airflow/airflow_venv/lib/python3.10/site-packages/airflow/example_dags/example_python_decorator.py took 0.157 seconds
[2024-05-11T15:27:39.640-0300] {processor.py:161} INFO - Started process (PID=7667) to work on /home/patricia/Documentos/airflow/airflow_venv/lib/python3.10/site-packages/airflow/example_dags/example_python_decorator.py
[2024-05-11T15:27:39.643-0300] {processor.py:830} INFO - Processing file /home/patricia/Documentos/airflow/airflow_venv/lib/python3.10/site-packages/airflow/example_dags/example_python_decorator.py for tasks to queue
[2024-05-11T15:27:39.646-0300] {logging_mixin.py:188} INFO - [2024-05-11T15:27:39.646-0300] {dagbag.py:545} INFO - Filling up the DagBag from /home/patricia/Documentos/airflow/airflow_venv/lib/python3.10/site-packages/airflow/example_dags/example_python_decorator.py
[2024-05-11T15:27:39.665-0300] {processor.py:840} INFO - DAG(s) 'example_python_decorator' retrieved from /home/patricia/Documentos/airflow/airflow_venv/lib/python3.10/site-packages/airflow/example_dags/example_python_decorator.py
[2024-05-11T15:27:40.489-0300] {logging_mixin.py:188} INFO - [2024-05-11T15:27:40.488-0300] {dag.py:3096} INFO - Sync 1 DAGs
[2024-05-11T15:27:40.512-0300] {logging_mixin.py:188} INFO - [2024-05-11T15:27:40.512-0300] {dag.py:3954} INFO - Setting next_dagrun for example_python_decorator to None, run_after=None
[2024-05-11T15:27:40.604-0300] {processor.py:183} INFO - Processing /home/patricia/Documentos/airflow/airflow_venv/lib/python3.10/site-packages/airflow/example_dags/example_python_decorator.py took 0.976 seconds
[2024-05-11T15:28:55.940-0300] {processor.py:161} INFO - Started process (PID=7821) to work on /home/patricia/Documentos/airflow/airflow_venv/lib/python3.10/site-packages/airflow/example_dags/example_python_decorator.py
[2024-05-11T15:28:55.943-0300] {processor.py:830} INFO - Processing file /home/patricia/Documentos/airflow/airflow_venv/lib/python3.10/site-packages/airflow/example_dags/example_python_decorator.py for tasks to queue
[2024-05-11T15:28:55.945-0300] {logging_mixin.py:188} INFO - [2024-05-11T15:28:55.944-0300] {dagbag.py:545} INFO - Filling up the DagBag from /home/patricia/Documentos/airflow/airflow_venv/lib/python3.10/site-packages/airflow/example_dags/example_python_decorator.py
[2024-05-11T15:28:55.967-0300] {processor.py:840} INFO - DAG(s) 'example_python_decorator' retrieved from /home/patricia/Documentos/airflow/airflow_venv/lib/python3.10/site-packages/airflow/example_dags/example_python_decorator.py
[2024-05-11T15:28:55.990-0300] {logging_mixin.py:188} INFO - [2024-05-11T15:28:55.990-0300] {dag.py:3096} INFO - Sync 1 DAGs
[2024-05-11T15:28:56.187-0300] {logging_mixin.py:188} INFO - [2024-05-11T15:28:56.186-0300] {dag.py:3954} INFO - Setting next_dagrun for example_python_decorator to None, run_after=None
[2024-05-11T15:28:56.225-0300] {processor.py:183} INFO - Processing /home/patricia/Documentos/airflow/airflow_venv/lib/python3.10/site-packages/airflow/example_dags/example_python_decorator.py took 0.293 seconds
[2024-05-11T15:30:30.557-0300] {processor.py:161} INFO - Started process (PID=8017) to work on /home/patricia/Documentos/airflow/airflow_venv/lib/python3.10/site-packages/airflow/example_dags/example_python_decorator.py
[2024-05-11T15:30:30.561-0300] {processor.py:830} INFO - Processing file /home/patricia/Documentos/airflow/airflow_venv/lib/python3.10/site-packages/airflow/example_dags/example_python_decorator.py for tasks to queue
[2024-05-11T15:30:30.564-0300] {logging_mixin.py:188} INFO - [2024-05-11T15:30:30.563-0300] {dagbag.py:545} INFO - Filling up the DagBag from /home/patricia/Documentos/airflow/airflow_venv/lib/python3.10/site-packages/airflow/example_dags/example_python_decorator.py
[2024-05-11T15:30:30.584-0300] {processor.py:840} INFO - DAG(s) 'example_python_decorator' retrieved from /home/patricia/Documentos/airflow/airflow_venv/lib/python3.10/site-packages/airflow/example_dags/example_python_decorator.py
[2024-05-11T15:30:30.609-0300] {logging_mixin.py:188} INFO - [2024-05-11T15:30:30.608-0300] {dag.py:3096} INFO - Sync 1 DAGs
[2024-05-11T15:30:30.634-0300] {logging_mixin.py:188} INFO - [2024-05-11T15:30:30.634-0300] {dag.py:3954} INFO - Setting next_dagrun for example_python_decorator to None, run_after=None
[2024-05-11T15:30:30.689-0300] {processor.py:183} INFO - Processing /home/patricia/Documentos/airflow/airflow_venv/lib/python3.10/site-packages/airflow/example_dags/example_python_decorator.py took 0.153 seconds
[2024-05-11T15:31:35.947-0300] {processor.py:161} INFO - Started process (PID=8196) to work on /home/patricia/Documentos/airflow/airflow_venv/lib/python3.10/site-packages/airflow/example_dags/example_python_decorator.py
[2024-05-11T15:31:35.949-0300] {processor.py:830} INFO - Processing file /home/patricia/Documentos/airflow/airflow_venv/lib/python3.10/site-packages/airflow/example_dags/example_python_decorator.py for tasks to queue
[2024-05-11T15:31:35.952-0300] {logging_mixin.py:188} INFO - [2024-05-11T15:31:35.951-0300] {dagbag.py:545} INFO - Filling up the DagBag from /home/patricia/Documentos/airflow/airflow_venv/lib/python3.10/site-packages/airflow/example_dags/example_python_decorator.py
[2024-05-11T15:31:35.997-0300] {processor.py:840} INFO - DAG(s) 'example_python_decorator' retrieved from /home/patricia/Documentos/airflow/airflow_venv/lib/python3.10/site-packages/airflow/example_dags/example_python_decorator.py
[2024-05-11T15:31:36.105-0300] {logging_mixin.py:188} INFO - [2024-05-11T15:31:36.104-0300] {dag.py:3096} INFO - Sync 1 DAGs
[2024-05-11T15:31:36.133-0300] {logging_mixin.py:188} INFO - [2024-05-11T15:31:36.133-0300] {dag.py:3954} INFO - Setting next_dagrun for example_python_decorator to None, run_after=None
[2024-05-11T15:31:36.188-0300] {processor.py:183} INFO - Processing /home/patricia/Documentos/airflow/airflow_venv/lib/python3.10/site-packages/airflow/example_dags/example_python_decorator.py took 0.250 seconds
[2024-05-11T15:32:39.072-0300] {processor.py:161} INFO - Started process (PID=8486) to work on /home/patricia/Documentos/airflow/airflow_venv/lib/python3.10/site-packages/airflow/example_dags/example_python_decorator.py
[2024-05-11T15:32:39.074-0300] {processor.py:830} INFO - Processing file /home/patricia/Documentos/airflow/airflow_venv/lib/python3.10/site-packages/airflow/example_dags/example_python_decorator.py for tasks to queue
[2024-05-11T15:32:39.077-0300] {logging_mixin.py:188} INFO - [2024-05-11T15:32:39.076-0300] {dagbag.py:545} INFO - Filling up the DagBag from /home/patricia/Documentos/airflow/airflow_venv/lib/python3.10/site-packages/airflow/example_dags/example_python_decorator.py
[2024-05-11T15:32:39.092-0300] {processor.py:840} INFO - DAG(s) 'example_python_decorator' retrieved from /home/patricia/Documentos/airflow/airflow_venv/lib/python3.10/site-packages/airflow/example_dags/example_python_decorator.py
[2024-05-11T15:32:39.113-0300] {logging_mixin.py:188} INFO - [2024-05-11T15:32:39.113-0300] {dag.py:3096} INFO - Sync 1 DAGs
[2024-05-11T15:32:39.125-0300] {logging_mixin.py:188} INFO - [2024-05-11T15:32:39.125-0300] {dag.py:3954} INFO - Setting next_dagrun for example_python_decorator to None, run_after=None
[2024-05-11T15:32:39.167-0300] {processor.py:183} INFO - Processing /home/patricia/Documentos/airflow/airflow_venv/lib/python3.10/site-packages/airflow/example_dags/example_python_decorator.py took 0.102 seconds
[2024-05-11T15:33:49.519-0300] {processor.py:161} INFO - Started process (PID=8976) to work on /home/patricia/Documentos/airflow/airflow_venv/lib/python3.10/site-packages/airflow/example_dags/example_python_decorator.py
[2024-05-11T15:33:49.522-0300] {processor.py:830} INFO - Processing file /home/patricia/Documentos/airflow/airflow_venv/lib/python3.10/site-packages/airflow/example_dags/example_python_decorator.py for tasks to queue
[2024-05-11T15:33:49.524-0300] {logging_mixin.py:188} INFO - [2024-05-11T15:33:49.523-0300] {dagbag.py:545} INFO - Filling up the DagBag from /home/patricia/Documentos/airflow/airflow_venv/lib/python3.10/site-packages/airflow/example_dags/example_python_decorator.py
[2024-05-11T15:33:49.552-0300] {processor.py:840} INFO - DAG(s) 'example_python_decorator' retrieved from /home/patricia/Documentos/airflow/airflow_venv/lib/python3.10/site-packages/airflow/example_dags/example_python_decorator.py
[2024-05-11T15:33:49.579-0300] {logging_mixin.py:188} INFO - [2024-05-11T15:33:49.578-0300] {dag.py:3096} INFO - Sync 1 DAGs
[2024-05-11T15:33:49.605-0300] {logging_mixin.py:188} INFO - [2024-05-11T15:33:49.605-0300] {dag.py:3954} INFO - Setting next_dagrun for example_python_decorator to None, run_after=None
[2024-05-11T15:33:49.645-0300] {processor.py:183} INFO - Processing /home/patricia/Documentos/airflow/airflow_venv/lib/python3.10/site-packages/airflow/example_dags/example_python_decorator.py took 0.142 seconds
[2024-05-11T15:34:38.594-0300] {processor.py:161} INFO - Started process (PID=9338) to work on /home/patricia/Documentos/airflow/airflow_venv/lib/python3.10/site-packages/airflow/example_dags/example_python_decorator.py
[2024-05-11T15:34:38.616-0300] {processor.py:830} INFO - Processing file /home/patricia/Documentos/airflow/airflow_venv/lib/python3.10/site-packages/airflow/example_dags/example_python_decorator.py for tasks to queue
[2024-05-11T15:34:38.620-0300] {logging_mixin.py:188} INFO - [2024-05-11T15:34:38.619-0300] {dagbag.py:545} INFO - Filling up the DagBag from /home/patricia/Documentos/airflow/airflow_venv/lib/python3.10/site-packages/airflow/example_dags/example_python_decorator.py
[2024-05-11T15:34:38.664-0300] {processor.py:840} INFO - DAG(s) 'example_python_decorator' retrieved from /home/patricia/Documentos/airflow/airflow_venv/lib/python3.10/site-packages/airflow/example_dags/example_python_decorator.py
[2024-05-11T15:34:38.702-0300] {logging_mixin.py:188} INFO - [2024-05-11T15:34:38.701-0300] {dag.py:3096} INFO - Sync 1 DAGs
[2024-05-11T15:34:38.734-0300] {logging_mixin.py:188} INFO - [2024-05-11T15:34:38.733-0300] {dag.py:3954} INFO - Setting next_dagrun for example_python_decorator to None, run_after=None
[2024-05-11T15:34:38.827-0300] {processor.py:183} INFO - Processing /home/patricia/Documentos/airflow/airflow_venv/lib/python3.10/site-packages/airflow/example_dags/example_python_decorator.py took 0.242 seconds
[2024-05-11T15:35:52.239-0300] {processor.py:161} INFO - Started process (PID=9536) to work on /home/patricia/Documentos/airflow/airflow_venv/lib/python3.10/site-packages/airflow/example_dags/example_python_decorator.py
[2024-05-11T15:35:52.246-0300] {processor.py:830} INFO - Processing file /home/patricia/Documentos/airflow/airflow_venv/lib/python3.10/site-packages/airflow/example_dags/example_python_decorator.py for tasks to queue
[2024-05-11T15:35:52.255-0300] {logging_mixin.py:188} INFO - [2024-05-11T15:35:52.252-0300] {dagbag.py:545} INFO - Filling up the DagBag from /home/patricia/Documentos/airflow/airflow_venv/lib/python3.10/site-packages/airflow/example_dags/example_python_decorator.py
[2024-05-11T15:35:52.318-0300] {processor.py:840} INFO - DAG(s) 'example_python_decorator' retrieved from /home/patricia/Documentos/airflow/airflow_venv/lib/python3.10/site-packages/airflow/example_dags/example_python_decorator.py
[2024-05-11T15:35:52.381-0300] {logging_mixin.py:188} INFO - [2024-05-11T15:35:52.380-0300] {dag.py:3096} INFO - Sync 1 DAGs
[2024-05-11T15:35:52.420-0300] {logging_mixin.py:188} INFO - [2024-05-11T15:35:52.419-0300] {dag.py:3954} INFO - Setting next_dagrun for example_python_decorator to None, run_after=None
[2024-05-11T15:35:52.546-0300] {processor.py:183} INFO - Processing /home/patricia/Documentos/airflow/airflow_venv/lib/python3.10/site-packages/airflow/example_dags/example_python_decorator.py took 0.328 seconds
[2024-05-11T15:37:15.349-0300] {processor.py:161} INFO - Started process (PID=9815) to work on /home/patricia/Documentos/airflow/airflow_venv/lib/python3.10/site-packages/airflow/example_dags/example_python_decorator.py
[2024-05-11T15:37:15.355-0300] {processor.py:830} INFO - Processing file /home/patricia/Documentos/airflow/airflow_venv/lib/python3.10/site-packages/airflow/example_dags/example_python_decorator.py for tasks to queue
[2024-05-11T15:37:15.358-0300] {logging_mixin.py:188} INFO - [2024-05-11T15:37:15.358-0300] {dagbag.py:545} INFO - Filling up the DagBag from /home/patricia/Documentos/airflow/airflow_venv/lib/python3.10/site-packages/airflow/example_dags/example_python_decorator.py
[2024-05-11T15:37:15.397-0300] {processor.py:840} INFO - DAG(s) 'example_python_decorator' retrieved from /home/patricia/Documentos/airflow/airflow_venv/lib/python3.10/site-packages/airflow/example_dags/example_python_decorator.py
[2024-05-11T15:37:15.430-0300] {logging_mixin.py:188} INFO - [2024-05-11T15:37:15.430-0300] {dag.py:3096} INFO - Sync 1 DAGs
[2024-05-11T15:37:15.451-0300] {logging_mixin.py:188} INFO - [2024-05-11T15:37:15.451-0300] {dag.py:3954} INFO - Setting next_dagrun for example_python_decorator to None, run_after=None
[2024-05-11T15:37:15.493-0300] {processor.py:183} INFO - Processing /home/patricia/Documentos/airflow/airflow_venv/lib/python3.10/site-packages/airflow/example_dags/example_python_decorator.py took 0.181 seconds
[2024-05-11T15:38:37.861-0300] {processor.py:161} INFO - Started process (PID=9954) to work on /home/patricia/Documentos/airflow/airflow_venv/lib/python3.10/site-packages/airflow/example_dags/example_python_decorator.py
[2024-05-11T15:38:37.863-0300] {processor.py:830} INFO - Processing file /home/patricia/Documentos/airflow/airflow_venv/lib/python3.10/site-packages/airflow/example_dags/example_python_decorator.py for tasks to queue
[2024-05-11T15:38:37.866-0300] {logging_mixin.py:188} INFO - [2024-05-11T15:38:37.866-0300] {dagbag.py:545} INFO - Filling up the DagBag from /home/patricia/Documentos/airflow/airflow_venv/lib/python3.10/site-packages/airflow/example_dags/example_python_decorator.py
[2024-05-11T15:38:37.893-0300] {processor.py:840} INFO - DAG(s) 'example_python_decorator' retrieved from /home/patricia/Documentos/airflow/airflow_venv/lib/python3.10/site-packages/airflow/example_dags/example_python_decorator.py
[2024-05-11T15:38:37.927-0300] {logging_mixin.py:188} INFO - [2024-05-11T15:38:37.927-0300] {dag.py:3096} INFO - Sync 1 DAGs
[2024-05-11T15:38:37.940-0300] {logging_mixin.py:188} INFO - [2024-05-11T15:38:37.940-0300] {dag.py:3954} INFO - Setting next_dagrun for example_python_decorator to None, run_after=None
[2024-05-11T15:38:37.973-0300] {processor.py:183} INFO - Processing /home/patricia/Documentos/airflow/airflow_venv/lib/python3.10/site-packages/airflow/example_dags/example_python_decorator.py took 0.142 seconds
[2024-05-11T15:39:37.553-0300] {processor.py:161} INFO - Started process (PID=10064) to work on /home/patricia/Documentos/airflow/airflow_venv/lib/python3.10/site-packages/airflow/example_dags/example_python_decorator.py
[2024-05-11T15:39:37.558-0300] {processor.py:830} INFO - Processing file /home/patricia/Documentos/airflow/airflow_venv/lib/python3.10/site-packages/airflow/example_dags/example_python_decorator.py for tasks to queue
[2024-05-11T15:39:37.561-0300] {logging_mixin.py:188} INFO - [2024-05-11T15:39:37.560-0300] {dagbag.py:545} INFO - Filling up the DagBag from /home/patricia/Documentos/airflow/airflow_venv/lib/python3.10/site-packages/airflow/example_dags/example_python_decorator.py
[2024-05-11T15:39:37.579-0300] {processor.py:840} INFO - DAG(s) 'example_python_decorator' retrieved from /home/patricia/Documentos/airflow/airflow_venv/lib/python3.10/site-packages/airflow/example_dags/example_python_decorator.py
[2024-05-11T15:39:37.667-0300] {logging_mixin.py:188} INFO - [2024-05-11T15:39:37.666-0300] {dag.py:3096} INFO - Sync 1 DAGs
[2024-05-11T15:39:37.751-0300] {logging_mixin.py:188} INFO - [2024-05-11T15:39:37.748-0300] {dag.py:3954} INFO - Setting next_dagrun for example_python_decorator to None, run_after=None
[2024-05-11T15:39:37.837-0300] {processor.py:183} INFO - Processing /home/patricia/Documentos/airflow/airflow_venv/lib/python3.10/site-packages/airflow/example_dags/example_python_decorator.py took 0.291 seconds
[2024-05-11T15:40:54.757-0300] {processor.py:161} INFO - Started process (PID=10610) to work on /home/patricia/Documentos/airflow/airflow_venv/lib/python3.10/site-packages/airflow/example_dags/example_python_decorator.py
[2024-05-11T15:40:54.760-0300] {processor.py:830} INFO - Processing file /home/patricia/Documentos/airflow/airflow_venv/lib/python3.10/site-packages/airflow/example_dags/example_python_decorator.py for tasks to queue
[2024-05-11T15:40:54.766-0300] {logging_mixin.py:188} INFO - [2024-05-11T15:40:54.765-0300] {dagbag.py:545} INFO - Filling up the DagBag from /home/patricia/Documentos/airflow/airflow_venv/lib/python3.10/site-packages/airflow/example_dags/example_python_decorator.py
[2024-05-11T15:40:54.791-0300] {processor.py:840} INFO - DAG(s) 'example_python_decorator' retrieved from /home/patricia/Documentos/airflow/airflow_venv/lib/python3.10/site-packages/airflow/example_dags/example_python_decorator.py
[2024-05-11T15:40:54.849-0300] {logging_mixin.py:188} INFO - [2024-05-11T15:40:54.849-0300] {dag.py:3096} INFO - Sync 1 DAGs
[2024-05-11T15:40:54.868-0300] {logging_mixin.py:188} INFO - [2024-05-11T15:40:54.868-0300] {dag.py:3954} INFO - Setting next_dagrun for example_python_decorator to None, run_after=None
[2024-05-11T15:40:54.965-0300] {processor.py:183} INFO - Processing /home/patricia/Documentos/airflow/airflow_venv/lib/python3.10/site-packages/airflow/example_dags/example_python_decorator.py took 0.218 seconds
[2024-05-11T16:28:10.033-0300] {processor.py:161} INFO - Started process (PID=10971) to work on /home/patricia/Documentos/airflow/airflow_venv/lib/python3.10/site-packages/airflow/example_dags/example_python_decorator.py
[2024-05-11T16:28:10.047-0300] {processor.py:830} INFO - Processing file /home/patricia/Documentos/airflow/airflow_venv/lib/python3.10/site-packages/airflow/example_dags/example_python_decorator.py for tasks to queue
[2024-05-11T16:28:10.074-0300] {logging_mixin.py:188} INFO - [2024-05-11T16:28:10.071-0300] {dagbag.py:545} INFO - Filling up the DagBag from /home/patricia/Documentos/airflow/airflow_venv/lib/python3.10/site-packages/airflow/example_dags/example_python_decorator.py
[2024-05-11T16:28:10.146-0300] {processor.py:840} INFO - DAG(s) 'example_python_decorator' retrieved from /home/patricia/Documentos/airflow/airflow_venv/lib/python3.10/site-packages/airflow/example_dags/example_python_decorator.py
[2024-05-11T16:28:10.345-0300] {logging_mixin.py:188} INFO - [2024-05-11T16:28:10.344-0300] {dag.py:3096} INFO - Sync 1 DAGs
[2024-05-11T16:28:10.393-0300] {logging_mixin.py:188} INFO - [2024-05-11T16:28:10.393-0300] {dag.py:3954} INFO - Setting next_dagrun for example_python_decorator to None, run_after=None
[2024-05-11T16:28:10.463-0300] {processor.py:183} INFO - Processing /home/patricia/Documentos/airflow/airflow_venv/lib/python3.10/site-packages/airflow/example_dags/example_python_decorator.py took 0.455 seconds
[2024-05-11T16:30:24.864-0300] {processor.py:161} INFO - Started process (PID=11238) to work on /home/patricia/Documentos/airflow/airflow_venv/lib/python3.10/site-packages/airflow/example_dags/example_python_decorator.py
[2024-05-11T16:30:24.870-0300] {processor.py:830} INFO - Processing file /home/patricia/Documentos/airflow/airflow_venv/lib/python3.10/site-packages/airflow/example_dags/example_python_decorator.py for tasks to queue
[2024-05-11T16:30:24.879-0300] {logging_mixin.py:188} INFO - [2024-05-11T16:30:24.878-0300] {dagbag.py:545} INFO - Filling up the DagBag from /home/patricia/Documentos/airflow/airflow_venv/lib/python3.10/site-packages/airflow/example_dags/example_python_decorator.py
[2024-05-11T16:30:24.921-0300] {processor.py:840} INFO - DAG(s) 'example_python_decorator' retrieved from /home/patricia/Documentos/airflow/airflow_venv/lib/python3.10/site-packages/airflow/example_dags/example_python_decorator.py
[2024-05-11T16:30:24.971-0300] {logging_mixin.py:188} INFO - [2024-05-11T16:30:24.971-0300] {dag.py:3096} INFO - Sync 1 DAGs
[2024-05-11T16:30:25.031-0300] {logging_mixin.py:188} INFO - [2024-05-11T16:30:25.030-0300] {dag.py:3954} INFO - Setting next_dagrun for example_python_decorator to None, run_after=None
[2024-05-11T16:30:25.166-0300] {processor.py:183} INFO - Processing /home/patricia/Documentos/airflow/airflow_venv/lib/python3.10/site-packages/airflow/example_dags/example_python_decorator.py took 0.330 seconds
[2024-05-11T16:31:46.224-0300] {processor.py:161} INFO - Started process (PID=11386) to work on /home/patricia/Documentos/airflow/airflow_venv/lib/python3.10/site-packages/airflow/example_dags/example_python_decorator.py
[2024-05-11T16:31:46.236-0300] {processor.py:830} INFO - Processing file /home/patricia/Documentos/airflow/airflow_venv/lib/python3.10/site-packages/airflow/example_dags/example_python_decorator.py for tasks to queue
[2024-05-11T16:31:46.250-0300] {logging_mixin.py:188} INFO - [2024-05-11T16:31:46.247-0300] {dagbag.py:545} INFO - Filling up the DagBag from /home/patricia/Documentos/airflow/airflow_venv/lib/python3.10/site-packages/airflow/example_dags/example_python_decorator.py
[2024-05-11T16:31:46.299-0300] {processor.py:840} INFO - DAG(s) 'example_python_decorator' retrieved from /home/patricia/Documentos/airflow/airflow_venv/lib/python3.10/site-packages/airflow/example_dags/example_python_decorator.py
[2024-05-11T16:31:46.354-0300] {logging_mixin.py:188} INFO - [2024-05-11T16:31:46.353-0300] {dag.py:3096} INFO - Sync 1 DAGs
[2024-05-11T16:31:46.643-0300] {logging_mixin.py:188} INFO - [2024-05-11T16:31:46.642-0300] {dag.py:3954} INFO - Setting next_dagrun for example_python_decorator to None, run_after=None
[2024-05-11T16:31:46.726-0300] {processor.py:183} INFO - Processing /home/patricia/Documentos/airflow/airflow_venv/lib/python3.10/site-packages/airflow/example_dags/example_python_decorator.py took 0.540 seconds
[2024-05-11T16:32:49.022-0300] {processor.py:161} INFO - Started process (PID=11506) to work on /home/patricia/Documentos/airflow/airflow_venv/lib/python3.10/site-packages/airflow/example_dags/example_python_decorator.py
[2024-05-11T16:32:49.029-0300] {processor.py:830} INFO - Processing file /home/patricia/Documentos/airflow/airflow_venv/lib/python3.10/site-packages/airflow/example_dags/example_python_decorator.py for tasks to queue
[2024-05-11T16:32:49.065-0300] {logging_mixin.py:188} INFO - [2024-05-11T16:32:49.064-0300] {dagbag.py:545} INFO - Filling up the DagBag from /home/patricia/Documentos/airflow/airflow_venv/lib/python3.10/site-packages/airflow/example_dags/example_python_decorator.py
[2024-05-11T16:32:49.138-0300] {processor.py:840} INFO - DAG(s) 'example_python_decorator' retrieved from /home/patricia/Documentos/airflow/airflow_venv/lib/python3.10/site-packages/airflow/example_dags/example_python_decorator.py
[2024-05-11T16:32:49.225-0300] {logging_mixin.py:188} INFO - [2024-05-11T16:32:49.225-0300] {dag.py:3096} INFO - Sync 1 DAGs
[2024-05-11T16:32:49.255-0300] {logging_mixin.py:188} INFO - [2024-05-11T16:32:49.255-0300] {dag.py:3954} INFO - Setting next_dagrun for example_python_decorator to None, run_after=None
[2024-05-11T16:32:49.350-0300] {processor.py:183} INFO - Processing /home/patricia/Documentos/airflow/airflow_venv/lib/python3.10/site-packages/airflow/example_dags/example_python_decorator.py took 0.346 seconds
[2024-05-11T16:33:44.197-0300] {processor.py:161} INFO - Started process (PID=11649) to work on /home/patricia/Documentos/airflow/airflow_venv/lib/python3.10/site-packages/airflow/example_dags/example_python_decorator.py
[2024-05-11T16:33:44.207-0300] {processor.py:830} INFO - Processing file /home/patricia/Documentos/airflow/airflow_venv/lib/python3.10/site-packages/airflow/example_dags/example_python_decorator.py for tasks to queue
[2024-05-11T16:33:44.213-0300] {logging_mixin.py:188} INFO - [2024-05-11T16:33:44.211-0300] {dagbag.py:545} INFO - Filling up the DagBag from /home/patricia/Documentos/airflow/airflow_venv/lib/python3.10/site-packages/airflow/example_dags/example_python_decorator.py
[2024-05-11T16:33:44.330-0300] {processor.py:840} INFO - DAG(s) 'example_python_decorator' retrieved from /home/patricia/Documentos/airflow/airflow_venv/lib/python3.10/site-packages/airflow/example_dags/example_python_decorator.py
[2024-05-11T16:33:44.403-0300] {logging_mixin.py:188} INFO - [2024-05-11T16:33:44.402-0300] {dag.py:3096} INFO - Sync 1 DAGs
[2024-05-11T16:33:44.493-0300] {logging_mixin.py:188} INFO - [2024-05-11T16:33:44.492-0300] {dag.py:3954} INFO - Setting next_dagrun for example_python_decorator to None, run_after=None
[2024-05-11T16:33:44.708-0300] {processor.py:183} INFO - Processing /home/patricia/Documentos/airflow/airflow_venv/lib/python3.10/site-packages/airflow/example_dags/example_python_decorator.py took 0.557 seconds
[2024-05-11T16:35:19.977-0300] {processor.py:161} INFO - Started process (PID=11804) to work on /home/patricia/Documentos/airflow/airflow_venv/lib/python3.10/site-packages/airflow/example_dags/example_python_decorator.py
[2024-05-11T16:35:20.028-0300] {processor.py:830} INFO - Processing file /home/patricia/Documentos/airflow/airflow_venv/lib/python3.10/site-packages/airflow/example_dags/example_python_decorator.py for tasks to queue
[2024-05-11T16:35:20.065-0300] {logging_mixin.py:188} INFO - [2024-05-11T16:35:20.047-0300] {dagbag.py:545} INFO - Filling up the DagBag from /home/patricia/Documentos/airflow/airflow_venv/lib/python3.10/site-packages/airflow/example_dags/example_python_decorator.py
[2024-05-11T16:35:20.127-0300] {processor.py:840} INFO - DAG(s) 'example_python_decorator' retrieved from /home/patricia/Documentos/airflow/airflow_venv/lib/python3.10/site-packages/airflow/example_dags/example_python_decorator.py
[2024-05-11T16:35:20.268-0300] {logging_mixin.py:188} INFO - [2024-05-11T16:35:20.267-0300] {dag.py:3096} INFO - Sync 1 DAGs
[2024-05-11T16:35:20.359-0300] {logging_mixin.py:188} INFO - [2024-05-11T16:35:20.359-0300] {dag.py:3954} INFO - Setting next_dagrun for example_python_decorator to None, run_after=None
[2024-05-11T16:35:20.467-0300] {processor.py:183} INFO - Processing /home/patricia/Documentos/airflow/airflow_venv/lib/python3.10/site-packages/airflow/example_dags/example_python_decorator.py took 0.508 seconds
[2024-05-11T16:36:13.993-0300] {processor.py:161} INFO - Started process (PID=11888) to work on /home/patricia/Documentos/airflow/airflow_venv/lib/python3.10/site-packages/airflow/example_dags/example_python_decorator.py
[2024-05-11T16:36:14.001-0300] {processor.py:830} INFO - Processing file /home/patricia/Documentos/airflow/airflow_venv/lib/python3.10/site-packages/airflow/example_dags/example_python_decorator.py for tasks to queue
[2024-05-11T16:36:14.013-0300] {logging_mixin.py:188} INFO - [2024-05-11T16:36:14.011-0300] {dagbag.py:545} INFO - Filling up the DagBag from /home/patricia/Documentos/airflow/airflow_venv/lib/python3.10/site-packages/airflow/example_dags/example_python_decorator.py
[2024-05-11T16:36:14.085-0300] {processor.py:840} INFO - DAG(s) 'example_python_decorator' retrieved from /home/patricia/Documentos/airflow/airflow_venv/lib/python3.10/site-packages/airflow/example_dags/example_python_decorator.py
[2024-05-11T16:36:14.141-0300] {logging_mixin.py:188} INFO - [2024-05-11T16:36:14.140-0300] {dag.py:3096} INFO - Sync 1 DAGs
[2024-05-11T16:36:14.167-0300] {logging_mixin.py:188} INFO - [2024-05-11T16:36:14.166-0300] {dag.py:3954} INFO - Setting next_dagrun for example_python_decorator to None, run_after=None
[2024-05-11T16:36:14.231-0300] {processor.py:183} INFO - Processing /home/patricia/Documentos/airflow/airflow_venv/lib/python3.10/site-packages/airflow/example_dags/example_python_decorator.py took 0.272 seconds
