[2024-05-11T15:11:18.194-0300] {processor.py:161} INFO - Started process (PID=4496) to work on /home/patricia/Documentos/airflow/airflow_venv/lib/python3.10/site-packages/airflow/example_dags/example_dag_decorator.py
[2024-05-11T15:11:18.201-0300] {processor.py:830} INFO - Processing file /home/patricia/Documentos/airflow/airflow_venv/lib/python3.10/site-packages/airflow/example_dags/example_dag_decorator.py for tasks to queue
[2024-05-11T15:11:18.207-0300] {logging_mixin.py:188} INFO - [2024-05-11T15:11:18.206-0300] {dagbag.py:545} INFO - Filling up the DagBag from /home/patricia/Documentos/airflow/airflow_venv/lib/python3.10/site-packages/airflow/example_dags/example_dag_decorator.py
[2024-05-11T15:11:18.486-0300] {processor.py:840} INFO - DAG(s) 'example_dag_decorator' retrieved from /home/patricia/Documentos/airflow/airflow_venv/lib/python3.10/site-packages/airflow/example_dags/example_dag_decorator.py
[2024-05-11T15:11:18.628-0300] {logging_mixin.py:188} INFO - [2024-05-11T15:11:18.604-0300] {dag.py:3096} INFO - Sync 1 DAGs
[2024-05-11T15:11:18.830-0300] {logging_mixin.py:188} INFO - [2024-05-11T15:11:18.829-0300] {dag.py:3954} INFO - Setting next_dagrun for example_dag_decorator to None, run_after=None
[2024-05-11T15:11:19.064-0300] {processor.py:183} INFO - Processing /home/patricia/Documentos/airflow/airflow_venv/lib/python3.10/site-packages/airflow/example_dags/example_dag_decorator.py took 0.907 seconds
[2024-05-11T15:13:11.507-0300] {processor.py:161} INFO - Started process (PID=4688) to work on /home/patricia/Documentos/airflow/airflow_venv/lib/python3.10/site-packages/airflow/example_dags/example_dag_decorator.py
[2024-05-11T15:13:11.897-0300] {processor.py:830} INFO - Processing file /home/patricia/Documentos/airflow/airflow_venv/lib/python3.10/site-packages/airflow/example_dags/example_dag_decorator.py for tasks to queue
[2024-05-11T15:13:11.900-0300] {logging_mixin.py:188} INFO - [2024-05-11T15:13:11.900-0300] {dagbag.py:545} INFO - Filling up the DagBag from /home/patricia/Documentos/airflow/airflow_venv/lib/python3.10/site-packages/airflow/example_dags/example_dag_decorator.py
[2024-05-11T15:13:13.036-0300] {processor.py:840} INFO - DAG(s) 'example_dag_decorator' retrieved from /home/patricia/Documentos/airflow/airflow_venv/lib/python3.10/site-packages/airflow/example_dags/example_dag_decorator.py
[2024-05-11T15:13:13.181-0300] {logging_mixin.py:188} INFO - [2024-05-11T15:13:13.180-0300] {dag.py:3096} INFO - Sync 1 DAGs
[2024-05-11T15:13:13.197-0300] {logging_mixin.py:188} INFO - [2024-05-11T15:13:13.196-0300] {dag.py:3954} INFO - Setting next_dagrun for example_dag_decorator to None, run_after=None
[2024-05-11T15:13:13.958-0300] {processor.py:183} INFO - Processing /home/patricia/Documentos/airflow/airflow_venv/lib/python3.10/site-packages/airflow/example_dags/example_dag_decorator.py took 2.479 seconds
[2024-05-11T15:14:10.377-0300] {processor.py:161} INFO - Started process (PID=4823) to work on /home/patricia/Documentos/airflow/airflow_venv/lib/python3.10/site-packages/airflow/example_dags/example_dag_decorator.py
[2024-05-11T15:14:10.392-0300] {processor.py:830} INFO - Processing file /home/patricia/Documentos/airflow/airflow_venv/lib/python3.10/site-packages/airflow/example_dags/example_dag_decorator.py for tasks to queue
[2024-05-11T15:14:10.401-0300] {logging_mixin.py:188} INFO - [2024-05-11T15:14:10.400-0300] {dagbag.py:545} INFO - Filling up the DagBag from /home/patricia/Documentos/airflow/airflow_venv/lib/python3.10/site-packages/airflow/example_dags/example_dag_decorator.py
[2024-05-11T15:14:10.651-0300] {processor.py:840} INFO - DAG(s) 'example_dag_decorator' retrieved from /home/patricia/Documentos/airflow/airflow_venv/lib/python3.10/site-packages/airflow/example_dags/example_dag_decorator.py
[2024-05-11T15:14:10.749-0300] {logging_mixin.py:188} INFO - [2024-05-11T15:14:10.748-0300] {dag.py:3096} INFO - Sync 1 DAGs
[2024-05-11T15:14:10.759-0300] {logging_mixin.py:188} INFO - [2024-05-11T15:14:10.759-0300] {dag.py:3954} INFO - Setting next_dagrun for example_dag_decorator to None, run_after=None
[2024-05-11T15:14:10.795-0300] {processor.py:183} INFO - Processing /home/patricia/Documentos/airflow/airflow_venv/lib/python3.10/site-packages/airflow/example_dags/example_dag_decorator.py took 0.442 seconds
[2024-05-11T15:15:33.084-0300] {processor.py:161} INFO - Started process (PID=5010) to work on /home/patricia/Documentos/airflow/airflow_venv/lib/python3.10/site-packages/airflow/example_dags/example_dag_decorator.py
[2024-05-11T15:15:33.088-0300] {processor.py:830} INFO - Processing file /home/patricia/Documentos/airflow/airflow_venv/lib/python3.10/site-packages/airflow/example_dags/example_dag_decorator.py for tasks to queue
[2024-05-11T15:15:33.091-0300] {logging_mixin.py:188} INFO - [2024-05-11T15:15:33.090-0300] {dagbag.py:545} INFO - Filling up the DagBag from /home/patricia/Documentos/airflow/airflow_venv/lib/python3.10/site-packages/airflow/example_dags/example_dag_decorator.py
[2024-05-11T15:15:33.525-0300] {processor.py:840} INFO - DAG(s) 'example_dag_decorator' retrieved from /home/patricia/Documentos/airflow/airflow_venv/lib/python3.10/site-packages/airflow/example_dags/example_dag_decorator.py
[2024-05-11T15:15:33.829-0300] {logging_mixin.py:188} INFO - [2024-05-11T15:15:33.829-0300] {dag.py:3096} INFO - Sync 1 DAGs
[2024-05-11T15:15:33.842-0300] {logging_mixin.py:188} INFO - [2024-05-11T15:15:33.842-0300] {dag.py:3954} INFO - Setting next_dagrun for example_dag_decorator to None, run_after=None
[2024-05-11T15:15:33.903-0300] {processor.py:183} INFO - Processing /home/patricia/Documentos/airflow/airflow_venv/lib/python3.10/site-packages/airflow/example_dags/example_dag_decorator.py took 0.831 seconds
[2024-05-11T15:16:33.272-0300] {processor.py:161} INFO - Started process (PID=5136) to work on /home/patricia/Documentos/airflow/airflow_venv/lib/python3.10/site-packages/airflow/example_dags/example_dag_decorator.py
[2024-05-11T15:16:33.274-0300] {processor.py:830} INFO - Processing file /home/patricia/Documentos/airflow/airflow_venv/lib/python3.10/site-packages/airflow/example_dags/example_dag_decorator.py for tasks to queue
[2024-05-11T15:16:33.278-0300] {logging_mixin.py:188} INFO - [2024-05-11T15:16:33.277-0300] {dagbag.py:545} INFO - Filling up the DagBag from /home/patricia/Documentos/airflow/airflow_venv/lib/python3.10/site-packages/airflow/example_dags/example_dag_decorator.py
[2024-05-11T15:16:33.367-0300] {processor.py:840} INFO - DAG(s) 'example_dag_decorator' retrieved from /home/patricia/Documentos/airflow/airflow_venv/lib/python3.10/site-packages/airflow/example_dags/example_dag_decorator.py
[2024-05-11T15:16:33.455-0300] {logging_mixin.py:188} INFO - [2024-05-11T15:16:33.455-0300] {dag.py:3096} INFO - Sync 1 DAGs
[2024-05-11T15:16:33.464-0300] {logging_mixin.py:188} INFO - [2024-05-11T15:16:33.464-0300] {dag.py:3954} INFO - Setting next_dagrun for example_dag_decorator to None, run_after=None
[2024-05-11T15:16:33.545-0300] {processor.py:183} INFO - Processing /home/patricia/Documentos/airflow/airflow_venv/lib/python3.10/site-packages/airflow/example_dags/example_dag_decorator.py took 0.306 seconds
[2024-05-11T15:17:38.488-0300] {processor.py:161} INFO - Started process (PID=5288) to work on /home/patricia/Documentos/airflow/airflow_venv/lib/python3.10/site-packages/airflow/example_dags/example_dag_decorator.py
[2024-05-11T15:17:38.496-0300] {processor.py:830} INFO - Processing file /home/patricia/Documentos/airflow/airflow_venv/lib/python3.10/site-packages/airflow/example_dags/example_dag_decorator.py for tasks to queue
[2024-05-11T15:17:38.506-0300] {logging_mixin.py:188} INFO - [2024-05-11T15:17:38.505-0300] {dagbag.py:545} INFO - Filling up the DagBag from /home/patricia/Documentos/airflow/airflow_venv/lib/python3.10/site-packages/airflow/example_dags/example_dag_decorator.py
[2024-05-11T15:17:38.661-0300] {processor.py:840} INFO - DAG(s) 'example_dag_decorator' retrieved from /home/patricia/Documentos/airflow/airflow_venv/lib/python3.10/site-packages/airflow/example_dags/example_dag_decorator.py
[2024-05-11T15:17:38.756-0300] {logging_mixin.py:188} INFO - [2024-05-11T15:17:38.756-0300] {dag.py:3096} INFO - Sync 1 DAGs
[2024-05-11T15:17:38.768-0300] {logging_mixin.py:188} INFO - [2024-05-11T15:17:38.768-0300] {dag.py:3954} INFO - Setting next_dagrun for example_dag_decorator to None, run_after=None
[2024-05-11T15:17:38.802-0300] {processor.py:183} INFO - Processing /home/patricia/Documentos/airflow/airflow_venv/lib/python3.10/site-packages/airflow/example_dags/example_dag_decorator.py took 0.373 seconds
[2024-05-11T15:18:48.839-0300] {processor.py:161} INFO - Started process (PID=5904) to work on /home/patricia/Documentos/airflow/airflow_venv/lib/python3.10/site-packages/airflow/example_dags/example_dag_decorator.py
[2024-05-11T15:18:48.841-0300] {processor.py:830} INFO - Processing file /home/patricia/Documentos/airflow/airflow_venv/lib/python3.10/site-packages/airflow/example_dags/example_dag_decorator.py for tasks to queue
[2024-05-11T15:18:48.844-0300] {logging_mixin.py:188} INFO - [2024-05-11T15:18:48.843-0300] {dagbag.py:545} INFO - Filling up the DagBag from /home/patricia/Documentos/airflow/airflow_venv/lib/python3.10/site-packages/airflow/example_dags/example_dag_decorator.py
[2024-05-11T15:18:49.111-0300] {processor.py:840} INFO - DAG(s) 'example_dag_decorator' retrieved from /home/patricia/Documentos/airflow/airflow_venv/lib/python3.10/site-packages/airflow/example_dags/example_dag_decorator.py
[2024-05-11T15:18:49.270-0300] {logging_mixin.py:188} INFO - [2024-05-11T15:18:49.270-0300] {dag.py:3096} INFO - Sync 1 DAGs
[2024-05-11T15:18:49.289-0300] {logging_mixin.py:188} INFO - [2024-05-11T15:18:49.289-0300] {dag.py:3954} INFO - Setting next_dagrun for example_dag_decorator to None, run_after=None
[2024-05-11T15:18:49.475-0300] {processor.py:183} INFO - Processing /home/patricia/Documentos/airflow/airflow_venv/lib/python3.10/site-packages/airflow/example_dags/example_dag_decorator.py took 0.653 seconds
[2024-05-11T15:19:59.011-0300] {processor.py:161} INFO - Started process (PID=6047) to work on /home/patricia/Documentos/airflow/airflow_venv/lib/python3.10/site-packages/airflow/example_dags/example_dag_decorator.py
[2024-05-11T15:19:59.013-0300] {processor.py:830} INFO - Processing file /home/patricia/Documentos/airflow/airflow_venv/lib/python3.10/site-packages/airflow/example_dags/example_dag_decorator.py for tasks to queue
[2024-05-11T15:19:59.016-0300] {logging_mixin.py:188} INFO - [2024-05-11T15:19:59.015-0300] {dagbag.py:545} INFO - Filling up the DagBag from /home/patricia/Documentos/airflow/airflow_venv/lib/python3.10/site-packages/airflow/example_dags/example_dag_decorator.py
[2024-05-11T15:19:59.136-0300] {processor.py:840} INFO - DAG(s) 'example_dag_decorator' retrieved from /home/patricia/Documentos/airflow/airflow_venv/lib/python3.10/site-packages/airflow/example_dags/example_dag_decorator.py
[2024-05-11T15:19:59.164-0300] {logging_mixin.py:188} INFO - [2024-05-11T15:19:59.164-0300] {dag.py:3096} INFO - Sync 1 DAGs
[2024-05-11T15:19:59.184-0300] {logging_mixin.py:188} INFO - [2024-05-11T15:19:59.184-0300] {dag.py:3954} INFO - Setting next_dagrun for example_dag_decorator to None, run_after=None
[2024-05-11T15:19:59.254-0300] {processor.py:183} INFO - Processing /home/patricia/Documentos/airflow/airflow_venv/lib/python3.10/site-packages/airflow/example_dags/example_dag_decorator.py took 0.252 seconds
[2024-05-11T15:21:44.780-0300] {processor.py:161} INFO - Started process (PID=6233) to work on /home/patricia/Documentos/airflow/airflow_venv/lib/python3.10/site-packages/airflow/example_dags/example_dag_decorator.py
[2024-05-11T15:21:44.784-0300] {processor.py:830} INFO - Processing file /home/patricia/Documentos/airflow/airflow_venv/lib/python3.10/site-packages/airflow/example_dags/example_dag_decorator.py for tasks to queue
[2024-05-11T15:21:44.789-0300] {logging_mixin.py:188} INFO - [2024-05-11T15:21:44.788-0300] {dagbag.py:545} INFO - Filling up the DagBag from /home/patricia/Documentos/airflow/airflow_venv/lib/python3.10/site-packages/airflow/example_dags/example_dag_decorator.py
[2024-05-11T15:21:44.876-0300] {processor.py:840} INFO - DAG(s) 'example_dag_decorator' retrieved from /home/patricia/Documentos/airflow/airflow_venv/lib/python3.10/site-packages/airflow/example_dags/example_dag_decorator.py
[2024-05-11T15:21:44.910-0300] {logging_mixin.py:188} INFO - [2024-05-11T15:21:44.910-0300] {dag.py:3096} INFO - Sync 1 DAGs
[2024-05-11T15:21:44.928-0300] {logging_mixin.py:188} INFO - [2024-05-11T15:21:44.928-0300] {dag.py:3954} INFO - Setting next_dagrun for example_dag_decorator to None, run_after=None
[2024-05-11T15:21:45.024-0300] {processor.py:183} INFO - Processing /home/patricia/Documentos/airflow/airflow_venv/lib/python3.10/site-packages/airflow/example_dags/example_dag_decorator.py took 0.260 seconds
[2024-05-11T15:22:53.247-0300] {processor.py:161} INFO - Started process (PID=6371) to work on /home/patricia/Documentos/airflow/airflow_venv/lib/python3.10/site-packages/airflow/example_dags/example_dag_decorator.py
[2024-05-11T15:22:53.249-0300] {processor.py:830} INFO - Processing file /home/patricia/Documentos/airflow/airflow_venv/lib/python3.10/site-packages/airflow/example_dags/example_dag_decorator.py for tasks to queue
[2024-05-11T15:22:53.252-0300] {logging_mixin.py:188} INFO - [2024-05-11T15:22:53.251-0300] {dagbag.py:545} INFO - Filling up the DagBag from /home/patricia/Documentos/airflow/airflow_venv/lib/python3.10/site-packages/airflow/example_dags/example_dag_decorator.py
[2024-05-11T15:22:53.336-0300] {processor.py:840} INFO - DAG(s) 'example_dag_decorator' retrieved from /home/patricia/Documentos/airflow/airflow_venv/lib/python3.10/site-packages/airflow/example_dags/example_dag_decorator.py
[2024-05-11T15:22:53.428-0300] {logging_mixin.py:188} INFO - [2024-05-11T15:22:53.428-0300] {dag.py:3096} INFO - Sync 1 DAGs
[2024-05-11T15:22:53.438-0300] {logging_mixin.py:188} INFO - [2024-05-11T15:22:53.438-0300] {dag.py:3954} INFO - Setting next_dagrun for example_dag_decorator to None, run_after=None
[2024-05-11T15:22:53.488-0300] {processor.py:183} INFO - Processing /home/patricia/Documentos/airflow/airflow_venv/lib/python3.10/site-packages/airflow/example_dags/example_dag_decorator.py took 0.250 seconds
[2024-05-11T15:23:53.247-0300] {processor.py:161} INFO - Started process (PID=6500) to work on /home/patricia/Documentos/airflow/airflow_venv/lib/python3.10/site-packages/airflow/example_dags/example_dag_decorator.py
[2024-05-11T15:23:53.249-0300] {processor.py:830} INFO - Processing file /home/patricia/Documentos/airflow/airflow_venv/lib/python3.10/site-packages/airflow/example_dags/example_dag_decorator.py for tasks to queue
[2024-05-11T15:23:53.251-0300] {logging_mixin.py:188} INFO - [2024-05-11T15:23:53.251-0300] {dagbag.py:545} INFO - Filling up the DagBag from /home/patricia/Documentos/airflow/airflow_venv/lib/python3.10/site-packages/airflow/example_dags/example_dag_decorator.py
[2024-05-11T15:23:53.333-0300] {processor.py:840} INFO - DAG(s) 'example_dag_decorator' retrieved from /home/patricia/Documentos/airflow/airflow_venv/lib/python3.10/site-packages/airflow/example_dags/example_dag_decorator.py
[2024-05-11T15:23:53.422-0300] {logging_mixin.py:188} INFO - [2024-05-11T15:23:53.422-0300] {dag.py:3096} INFO - Sync 1 DAGs
[2024-05-11T15:23:53.437-0300] {logging_mixin.py:188} INFO - [2024-05-11T15:23:53.436-0300] {dag.py:3954} INFO - Setting next_dagrun for example_dag_decorator to None, run_after=None
[2024-05-11T15:23:53.470-0300] {processor.py:183} INFO - Processing /home/patricia/Documentos/airflow/airflow_venv/lib/python3.10/site-packages/airflow/example_dags/example_dag_decorator.py took 0.231 seconds
[2024-05-11T15:24:51.474-0300] {processor.py:161} INFO - Started process (PID=6610) to work on /home/patricia/Documentos/airflow/airflow_venv/lib/python3.10/site-packages/airflow/example_dags/example_dag_decorator.py
[2024-05-11T15:24:51.477-0300] {processor.py:830} INFO - Processing file /home/patricia/Documentos/airflow/airflow_venv/lib/python3.10/site-packages/airflow/example_dags/example_dag_decorator.py for tasks to queue
[2024-05-11T15:24:51.481-0300] {logging_mixin.py:188} INFO - [2024-05-11T15:24:51.480-0300] {dagbag.py:545} INFO - Filling up the DagBag from /home/patricia/Documentos/airflow/airflow_venv/lib/python3.10/site-packages/airflow/example_dags/example_dag_decorator.py
[2024-05-11T15:24:51.574-0300] {processor.py:840} INFO - DAG(s) 'example_dag_decorator' retrieved from /home/patricia/Documentos/airflow/airflow_venv/lib/python3.10/site-packages/airflow/example_dags/example_dag_decorator.py
[2024-05-11T15:24:51.598-0300] {logging_mixin.py:188} INFO - [2024-05-11T15:24:51.597-0300] {dag.py:3096} INFO - Sync 1 DAGs
[2024-05-11T15:24:51.610-0300] {logging_mixin.py:188} INFO - [2024-05-11T15:24:51.610-0300] {dag.py:3954} INFO - Setting next_dagrun for example_dag_decorator to None, run_after=None
[2024-05-11T15:24:51.665-0300] {processor.py:183} INFO - Processing /home/patricia/Documentos/airflow/airflow_venv/lib/python3.10/site-packages/airflow/example_dags/example_dag_decorator.py took 0.198 seconds
[2024-05-11T15:26:23.738-0300] {processor.py:161} INFO - Started process (PID=7504) to work on /home/patricia/Documentos/airflow/airflow_venv/lib/python3.10/site-packages/airflow/example_dags/example_dag_decorator.py
[2024-05-11T15:26:23.741-0300] {processor.py:830} INFO - Processing file /home/patricia/Documentos/airflow/airflow_venv/lib/python3.10/site-packages/airflow/example_dags/example_dag_decorator.py for tasks to queue
[2024-05-11T15:26:23.744-0300] {logging_mixin.py:188} INFO - [2024-05-11T15:26:23.744-0300] {dagbag.py:545} INFO - Filling up the DagBag from /home/patricia/Documentos/airflow/airflow_venv/lib/python3.10/site-packages/airflow/example_dags/example_dag_decorator.py
[2024-05-11T15:26:23.882-0300] {processor.py:840} INFO - DAG(s) 'example_dag_decorator' retrieved from /home/patricia/Documentos/airflow/airflow_venv/lib/python3.10/site-packages/airflow/example_dags/example_dag_decorator.py
[2024-05-11T15:26:24.345-0300] {logging_mixin.py:188} INFO - [2024-05-11T15:26:24.344-0300] {dag.py:3096} INFO - Sync 1 DAGs
[2024-05-11T15:26:24.375-0300] {logging_mixin.py:188} INFO - [2024-05-11T15:26:24.374-0300] {dag.py:3954} INFO - Setting next_dagrun for example_dag_decorator to None, run_after=None
[2024-05-11T15:26:24.467-0300] {processor.py:183} INFO - Processing /home/patricia/Documentos/airflow/airflow_venv/lib/python3.10/site-packages/airflow/example_dags/example_dag_decorator.py took 0.738 seconds
[2024-05-11T15:27:46.096-0300] {processor.py:161} INFO - Started process (PID=7680) to work on /home/patricia/Documentos/airflow/airflow_venv/lib/python3.10/site-packages/airflow/example_dags/example_dag_decorator.py
[2024-05-11T15:27:46.100-0300] {processor.py:830} INFO - Processing file /home/patricia/Documentos/airflow/airflow_venv/lib/python3.10/site-packages/airflow/example_dags/example_dag_decorator.py for tasks to queue
[2024-05-11T15:27:46.105-0300] {logging_mixin.py:188} INFO - [2024-05-11T15:27:46.104-0300] {dagbag.py:545} INFO - Filling up the DagBag from /home/patricia/Documentos/airflow/airflow_venv/lib/python3.10/site-packages/airflow/example_dags/example_dag_decorator.py
[2024-05-11T15:27:46.409-0300] {processor.py:840} INFO - DAG(s) 'example_dag_decorator' retrieved from /home/patricia/Documentos/airflow/airflow_venv/lib/python3.10/site-packages/airflow/example_dags/example_dag_decorator.py
[2024-05-11T15:27:46.561-0300] {logging_mixin.py:188} INFO - [2024-05-11T15:27:46.561-0300] {dag.py:3096} INFO - Sync 1 DAGs
[2024-05-11T15:27:46.574-0300] {logging_mixin.py:188} INFO - [2024-05-11T15:27:46.574-0300] {dag.py:3954} INFO - Setting next_dagrun for example_dag_decorator to None, run_after=None
[2024-05-11T15:27:46.655-0300] {processor.py:183} INFO - Processing /home/patricia/Documentos/airflow/airflow_venv/lib/python3.10/site-packages/airflow/example_dags/example_dag_decorator.py took 0.567 seconds
[2024-05-11T15:29:00.585-0300] {processor.py:161} INFO - Started process (PID=7829) to work on /home/patricia/Documentos/airflow/airflow_venv/lib/python3.10/site-packages/airflow/example_dags/example_dag_decorator.py
[2024-05-11T15:29:00.602-0300] {processor.py:830} INFO - Processing file /home/patricia/Documentos/airflow/airflow_venv/lib/python3.10/site-packages/airflow/example_dags/example_dag_decorator.py for tasks to queue
[2024-05-11T15:29:00.606-0300] {logging_mixin.py:188} INFO - [2024-05-11T15:29:00.605-0300] {dagbag.py:545} INFO - Filling up the DagBag from /home/patricia/Documentos/airflow/airflow_venv/lib/python3.10/site-packages/airflow/example_dags/example_dag_decorator.py
[2024-05-11T15:29:00.869-0300] {processor.py:840} INFO - DAG(s) 'example_dag_decorator' retrieved from /home/patricia/Documentos/airflow/airflow_venv/lib/python3.10/site-packages/airflow/example_dags/example_dag_decorator.py
[2024-05-11T15:29:00.986-0300] {logging_mixin.py:188} INFO - [2024-05-11T15:29:00.985-0300] {dag.py:3096} INFO - Sync 1 DAGs
[2024-05-11T15:29:00.998-0300] {logging_mixin.py:188} INFO - [2024-05-11T15:29:00.998-0300] {dag.py:3954} INFO - Setting next_dagrun for example_dag_decorator to None, run_after=None
[2024-05-11T15:29:01.053-0300] {processor.py:183} INFO - Processing /home/patricia/Documentos/airflow/airflow_venv/lib/python3.10/site-packages/airflow/example_dags/example_dag_decorator.py took 0.477 seconds
[2024-05-11T15:30:34.566-0300] {processor.py:161} INFO - Started process (PID=8025) to work on /home/patricia/Documentos/airflow/airflow_venv/lib/python3.10/site-packages/airflow/example_dags/example_dag_decorator.py
[2024-05-11T15:30:34.569-0300] {processor.py:830} INFO - Processing file /home/patricia/Documentos/airflow/airflow_venv/lib/python3.10/site-packages/airflow/example_dags/example_dag_decorator.py for tasks to queue
[2024-05-11T15:30:34.576-0300] {logging_mixin.py:188} INFO - [2024-05-11T15:30:34.576-0300] {dagbag.py:545} INFO - Filling up the DagBag from /home/patricia/Documentos/airflow/airflow_venv/lib/python3.10/site-packages/airflow/example_dags/example_dag_decorator.py
[2024-05-11T15:30:34.732-0300] {processor.py:840} INFO - DAG(s) 'example_dag_decorator' retrieved from /home/patricia/Documentos/airflow/airflow_venv/lib/python3.10/site-packages/airflow/example_dags/example_dag_decorator.py
[2024-05-11T15:30:34.920-0300] {logging_mixin.py:188} INFO - [2024-05-11T15:30:34.920-0300] {dag.py:3096} INFO - Sync 1 DAGs
[2024-05-11T15:30:34.931-0300] {logging_mixin.py:188} INFO - [2024-05-11T15:30:34.931-0300] {dag.py:3954} INFO - Setting next_dagrun for example_dag_decorator to None, run_after=None
[2024-05-11T15:30:35.013-0300] {processor.py:183} INFO - Processing /home/patricia/Documentos/airflow/airflow_venv/lib/python3.10/site-packages/airflow/example_dags/example_dag_decorator.py took 0.454 seconds
[2024-05-11T15:31:41.349-0300] {processor.py:161} INFO - Started process (PID=8209) to work on /home/patricia/Documentos/airflow/airflow_venv/lib/python3.10/site-packages/airflow/example_dags/example_dag_decorator.py
[2024-05-11T15:31:41.353-0300] {processor.py:830} INFO - Processing file /home/patricia/Documentos/airflow/airflow_venv/lib/python3.10/site-packages/airflow/example_dags/example_dag_decorator.py for tasks to queue
[2024-05-11T15:31:41.355-0300] {logging_mixin.py:188} INFO - [2024-05-11T15:31:41.355-0300] {dagbag.py:545} INFO - Filling up the DagBag from /home/patricia/Documentos/airflow/airflow_venv/lib/python3.10/site-packages/airflow/example_dags/example_dag_decorator.py
[2024-05-11T15:31:41.455-0300] {processor.py:840} INFO - DAG(s) 'example_dag_decorator' retrieved from /home/patricia/Documentos/airflow/airflow_venv/lib/python3.10/site-packages/airflow/example_dags/example_dag_decorator.py
[2024-05-11T15:31:41.559-0300] {logging_mixin.py:188} INFO - [2024-05-11T15:31:41.559-0300] {dag.py:3096} INFO - Sync 1 DAGs
[2024-05-11T15:31:41.575-0300] {logging_mixin.py:188} INFO - [2024-05-11T15:31:41.575-0300] {dag.py:3954} INFO - Setting next_dagrun for example_dag_decorator to None, run_after=None
[2024-05-11T15:31:41.610-0300] {processor.py:183} INFO - Processing /home/patricia/Documentos/airflow/airflow_venv/lib/python3.10/site-packages/airflow/example_dags/example_dag_decorator.py took 0.271 seconds
[2024-05-11T15:32:43.705-0300] {processor.py:161} INFO - Started process (PID=8514) to work on /home/patricia/Documentos/airflow/airflow_venv/lib/python3.10/site-packages/airflow/example_dags/example_dag_decorator.py
[2024-05-11T15:32:43.709-0300] {processor.py:830} INFO - Processing file /home/patricia/Documentos/airflow/airflow_venv/lib/python3.10/site-packages/airflow/example_dags/example_dag_decorator.py for tasks to queue
[2024-05-11T15:32:43.711-0300] {logging_mixin.py:188} INFO - [2024-05-11T15:32:43.711-0300] {dagbag.py:545} INFO - Filling up the DagBag from /home/patricia/Documentos/airflow/airflow_venv/lib/python3.10/site-packages/airflow/example_dags/example_dag_decorator.py
[2024-05-11T15:32:43.794-0300] {processor.py:840} INFO - DAG(s) 'example_dag_decorator' retrieved from /home/patricia/Documentos/airflow/airflow_venv/lib/python3.10/site-packages/airflow/example_dags/example_dag_decorator.py
[2024-05-11T15:32:43.912-0300] {logging_mixin.py:188} INFO - [2024-05-11T15:32:43.912-0300] {dag.py:3096} INFO - Sync 1 DAGs
[2024-05-11T15:32:43.926-0300] {logging_mixin.py:188} INFO - [2024-05-11T15:32:43.926-0300] {dag.py:3954} INFO - Setting next_dagrun for example_dag_decorator to None, run_after=None
[2024-05-11T15:32:44.044-0300] {processor.py:183} INFO - Processing /home/patricia/Documentos/airflow/airflow_venv/lib/python3.10/site-packages/airflow/example_dags/example_dag_decorator.py took 0.345 seconds
[2024-05-11T15:33:54.820-0300] {processor.py:161} INFO - Started process (PID=9100) to work on /home/patricia/Documentos/airflow/airflow_venv/lib/python3.10/site-packages/airflow/example_dags/example_dag_decorator.py
[2024-05-11T15:33:54.825-0300] {processor.py:830} INFO - Processing file /home/patricia/Documentos/airflow/airflow_venv/lib/python3.10/site-packages/airflow/example_dags/example_dag_decorator.py for tasks to queue
[2024-05-11T15:33:54.828-0300] {logging_mixin.py:188} INFO - [2024-05-11T15:33:54.828-0300] {dagbag.py:545} INFO - Filling up the DagBag from /home/patricia/Documentos/airflow/airflow_venv/lib/python3.10/site-packages/airflow/example_dags/example_dag_decorator.py
[2024-05-11T15:33:54.978-0300] {processor.py:840} INFO - DAG(s) 'example_dag_decorator' retrieved from /home/patricia/Documentos/airflow/airflow_venv/lib/python3.10/site-packages/airflow/example_dags/example_dag_decorator.py
[2024-05-11T15:33:55.213-0300] {logging_mixin.py:188} INFO - [2024-05-11T15:33:55.212-0300] {dag.py:3096} INFO - Sync 1 DAGs
[2024-05-11T15:33:55.246-0300] {logging_mixin.py:188} INFO - [2024-05-11T15:33:55.245-0300] {dag.py:3954} INFO - Setting next_dagrun for example_dag_decorator to None, run_after=None
[2024-05-11T15:33:55.417-0300] {processor.py:183} INFO - Processing /home/patricia/Documentos/airflow/airflow_venv/lib/python3.10/site-packages/airflow/example_dags/example_dag_decorator.py took 0.609 seconds
[2024-05-11T15:35:14.819-0300] {processor.py:161} INFO - Started process (PID=9404) to work on /home/patricia/Documentos/airflow/airflow_venv/lib/python3.10/site-packages/airflow/example_dags/example_dag_decorator.py
[2024-05-11T15:35:14.823-0300] {processor.py:830} INFO - Processing file /home/patricia/Documentos/airflow/airflow_venv/lib/python3.10/site-packages/airflow/example_dags/example_dag_decorator.py for tasks to queue
[2024-05-11T15:35:14.829-0300] {logging_mixin.py:188} INFO - [2024-05-11T15:35:14.828-0300] {dagbag.py:545} INFO - Filling up the DagBag from /home/patricia/Documentos/airflow/airflow_venv/lib/python3.10/site-packages/airflow/example_dags/example_dag_decorator.py
[2024-05-11T15:35:15.065-0300] {processor.py:840} INFO - DAG(s) 'example_dag_decorator' retrieved from /home/patricia/Documentos/airflow/airflow_venv/lib/python3.10/site-packages/airflow/example_dags/example_dag_decorator.py
[2024-05-11T15:35:15.109-0300] {logging_mixin.py:188} INFO - [2024-05-11T15:35:15.105-0300] {dag.py:3096} INFO - Sync 1 DAGs
[2024-05-11T15:35:15.152-0300] {logging_mixin.py:188} INFO - [2024-05-11T15:35:15.151-0300] {dag.py:3954} INFO - Setting next_dagrun for example_dag_decorator to None, run_after=None
[2024-05-11T15:35:15.316-0300] {processor.py:183} INFO - Processing /home/patricia/Documentos/airflow/airflow_venv/lib/python3.10/site-packages/airflow/example_dags/example_dag_decorator.py took 0.513 seconds
[2024-05-11T15:36:32.441-0300] {processor.py:161} INFO - Started process (PID=9612) to work on /home/patricia/Documentos/airflow/airflow_venv/lib/python3.10/site-packages/airflow/example_dags/example_dag_decorator.py
[2024-05-11T15:36:32.443-0300] {processor.py:830} INFO - Processing file /home/patricia/Documentos/airflow/airflow_venv/lib/python3.10/site-packages/airflow/example_dags/example_dag_decorator.py for tasks to queue
[2024-05-11T15:36:32.446-0300] {logging_mixin.py:188} INFO - [2024-05-11T15:36:32.446-0300] {dagbag.py:545} INFO - Filling up the DagBag from /home/patricia/Documentos/airflow/airflow_venv/lib/python3.10/site-packages/airflow/example_dags/example_dag_decorator.py
[2024-05-11T15:36:32.539-0300] {processor.py:840} INFO - DAG(s) 'example_dag_decorator' retrieved from /home/patricia/Documentos/airflow/airflow_venv/lib/python3.10/site-packages/airflow/example_dags/example_dag_decorator.py
[2024-05-11T15:36:32.663-0300] {logging_mixin.py:188} INFO - [2024-05-11T15:36:32.663-0300] {dag.py:3096} INFO - Sync 1 DAGs
[2024-05-11T15:36:32.688-0300] {logging_mixin.py:188} INFO - [2024-05-11T15:36:32.688-0300] {dag.py:3954} INFO - Setting next_dagrun for example_dag_decorator to None, run_after=None
[2024-05-11T15:36:32.735-0300] {processor.py:183} INFO - Processing /home/patricia/Documentos/airflow/airflow_venv/lib/python3.10/site-packages/airflow/example_dags/example_dag_decorator.py took 0.303 seconds
[2024-05-11T15:38:43.328-0300] {processor.py:161} INFO - Started process (PID=9969) to work on /home/patricia/Documentos/airflow/airflow_venv/lib/python3.10/site-packages/airflow/example_dags/example_dag_decorator.py
[2024-05-11T15:38:43.331-0300] {processor.py:830} INFO - Processing file /home/patricia/Documentos/airflow/airflow_venv/lib/python3.10/site-packages/airflow/example_dags/example_dag_decorator.py for tasks to queue
[2024-05-11T15:38:43.334-0300] {logging_mixin.py:188} INFO - [2024-05-11T15:38:43.334-0300] {dagbag.py:545} INFO - Filling up the DagBag from /home/patricia/Documentos/airflow/airflow_venv/lib/python3.10/site-packages/airflow/example_dags/example_dag_decorator.py
[2024-05-11T15:38:43.409-0300] {processor.py:840} INFO - DAG(s) 'example_dag_decorator' retrieved from /home/patricia/Documentos/airflow/airflow_venv/lib/python3.10/site-packages/airflow/example_dags/example_dag_decorator.py
[2024-05-11T15:38:43.524-0300] {logging_mixin.py:188} INFO - [2024-05-11T15:38:43.523-0300] {dag.py:3096} INFO - Sync 1 DAGs
[2024-05-11T15:38:43.534-0300] {logging_mixin.py:188} INFO - [2024-05-11T15:38:43.534-0300] {dag.py:3954} INFO - Setting next_dagrun for example_dag_decorator to None, run_after=None
[2024-05-11T15:38:43.593-0300] {processor.py:183} INFO - Processing /home/patricia/Documentos/airflow/airflow_venv/lib/python3.10/site-packages/airflow/example_dags/example_dag_decorator.py took 0.272 seconds
[2024-05-11T15:39:43.138-0300] {processor.py:161} INFO - Started process (PID=10070) to work on /home/patricia/Documentos/airflow/airflow_venv/lib/python3.10/site-packages/airflow/example_dags/example_dag_decorator.py
[2024-05-11T15:39:43.141-0300] {processor.py:830} INFO - Processing file /home/patricia/Documentos/airflow/airflow_venv/lib/python3.10/site-packages/airflow/example_dags/example_dag_decorator.py for tasks to queue
[2024-05-11T15:39:43.143-0300] {logging_mixin.py:188} INFO - [2024-05-11T15:39:43.143-0300] {dagbag.py:545} INFO - Filling up the DagBag from /home/patricia/Documentos/airflow/airflow_venv/lib/python3.10/site-packages/airflow/example_dags/example_dag_decorator.py
[2024-05-11T15:39:43.372-0300] {processor.py:840} INFO - DAG(s) 'example_dag_decorator' retrieved from /home/patricia/Documentos/airflow/airflow_venv/lib/python3.10/site-packages/airflow/example_dags/example_dag_decorator.py
[2024-05-11T15:39:43.419-0300] {logging_mixin.py:188} INFO - [2024-05-11T15:39:43.418-0300] {dag.py:3096} INFO - Sync 1 DAGs
[2024-05-11T15:39:43.450-0300] {logging_mixin.py:188} INFO - [2024-05-11T15:39:43.450-0300] {dag.py:3954} INFO - Setting next_dagrun for example_dag_decorator to None, run_after=None
[2024-05-11T15:39:43.527-0300] {processor.py:183} INFO - Processing /home/patricia/Documentos/airflow/airflow_venv/lib/python3.10/site-packages/airflow/example_dags/example_dag_decorator.py took 0.400 seconds
[2024-05-11T16:28:16.818-0300] {processor.py:161} INFO - Started process (PID=10993) to work on /home/patricia/Documentos/airflow/airflow_venv/lib/python3.10/site-packages/airflow/example_dags/example_dag_decorator.py
[2024-05-11T16:28:16.822-0300] {processor.py:830} INFO - Processing file /home/patricia/Documentos/airflow/airflow_venv/lib/python3.10/site-packages/airflow/example_dags/example_dag_decorator.py for tasks to queue
[2024-05-11T16:28:16.827-0300] {logging_mixin.py:188} INFO - [2024-05-11T16:28:16.826-0300] {dagbag.py:545} INFO - Filling up the DagBag from /home/patricia/Documentos/airflow/airflow_venv/lib/python3.10/site-packages/airflow/example_dags/example_dag_decorator.py
[2024-05-11T16:28:16.998-0300] {processor.py:840} INFO - DAG(s) 'example_dag_decorator' retrieved from /home/patricia/Documentos/airflow/airflow_venv/lib/python3.10/site-packages/airflow/example_dags/example_dag_decorator.py
[2024-05-11T16:28:17.459-0300] {logging_mixin.py:188} INFO - [2024-05-11T16:28:17.459-0300] {dag.py:3096} INFO - Sync 1 DAGs
[2024-05-11T16:28:17.477-0300] {logging_mixin.py:188} INFO - [2024-05-11T16:28:17.476-0300] {dag.py:3954} INFO - Setting next_dagrun for example_dag_decorator to None, run_after=None
[2024-05-11T16:28:17.652-0300] {processor.py:183} INFO - Processing /home/patricia/Documentos/airflow/airflow_venv/lib/python3.10/site-packages/airflow/example_dags/example_dag_decorator.py took 0.851 seconds
[2024-05-11T16:30:31.409-0300] {processor.py:161} INFO - Started process (PID=11252) to work on /home/patricia/Documentos/airflow/airflow_venv/lib/python3.10/site-packages/airflow/example_dags/example_dag_decorator.py
[2024-05-11T16:30:31.415-0300] {processor.py:830} INFO - Processing file /home/patricia/Documentos/airflow/airflow_venv/lib/python3.10/site-packages/airflow/example_dags/example_dag_decorator.py for tasks to queue
[2024-05-11T16:30:31.420-0300] {logging_mixin.py:188} INFO - [2024-05-11T16:30:31.419-0300] {dagbag.py:545} INFO - Filling up the DagBag from /home/patricia/Documentos/airflow/airflow_venv/lib/python3.10/site-packages/airflow/example_dags/example_dag_decorator.py
[2024-05-11T16:30:32.945-0300] {processor.py:840} INFO - DAG(s) 'example_dag_decorator' retrieved from /home/patricia/Documentos/airflow/airflow_venv/lib/python3.10/site-packages/airflow/example_dags/example_dag_decorator.py
[2024-05-11T16:30:33.172-0300] {logging_mixin.py:188} INFO - [2024-05-11T16:30:33.171-0300] {dag.py:3096} INFO - Sync 1 DAGs
[2024-05-11T16:30:33.211-0300] {logging_mixin.py:188} INFO - [2024-05-11T16:30:33.210-0300] {dag.py:3954} INFO - Setting next_dagrun for example_dag_decorator to None, run_after=None
[2024-05-11T16:30:33.344-0300] {processor.py:183} INFO - Processing /home/patricia/Documentos/airflow/airflow_venv/lib/python3.10/site-packages/airflow/example_dags/example_dag_decorator.py took 1.955 seconds
[2024-05-11T16:31:53.752-0300] {processor.py:161} INFO - Started process (PID=11401) to work on /home/patricia/Documentos/airflow/airflow_venv/lib/python3.10/site-packages/airflow/example_dags/example_dag_decorator.py
[2024-05-11T16:31:53.759-0300] {processor.py:830} INFO - Processing file /home/patricia/Documentos/airflow/airflow_venv/lib/python3.10/site-packages/airflow/example_dags/example_dag_decorator.py for tasks to queue
[2024-05-11T16:31:53.764-0300] {logging_mixin.py:188} INFO - [2024-05-11T16:31:53.763-0300] {dagbag.py:545} INFO - Filling up the DagBag from /home/patricia/Documentos/airflow/airflow_venv/lib/python3.10/site-packages/airflow/example_dags/example_dag_decorator.py
[2024-05-11T16:31:54.563-0300] {processor.py:840} INFO - DAG(s) 'example_dag_decorator' retrieved from /home/patricia/Documentos/airflow/airflow_venv/lib/python3.10/site-packages/airflow/example_dags/example_dag_decorator.py
[2024-05-11T16:31:54.905-0300] {logging_mixin.py:188} INFO - [2024-05-11T16:31:54.905-0300] {dag.py:3096} INFO - Sync 1 DAGs
[2024-05-11T16:31:54.927-0300] {logging_mixin.py:188} INFO - [2024-05-11T16:31:54.926-0300] {dag.py:3954} INFO - Setting next_dagrun for example_dag_decorator to None, run_after=None
[2024-05-11T16:31:55.078-0300] {processor.py:183} INFO - Processing /home/patricia/Documentos/airflow/airflow_venv/lib/python3.10/site-packages/airflow/example_dags/example_dag_decorator.py took 1.356 seconds
[2024-05-11T16:33:48.158-0300] {processor.py:161} INFO - Started process (PID=11657) to work on /home/patricia/Documentos/airflow/airflow_venv/lib/python3.10/site-packages/airflow/example_dags/example_dag_decorator.py
[2024-05-11T16:33:48.162-0300] {processor.py:830} INFO - Processing file /home/patricia/Documentos/airflow/airflow_venv/lib/python3.10/site-packages/airflow/example_dags/example_dag_decorator.py for tasks to queue
[2024-05-11T16:33:48.170-0300] {logging_mixin.py:188} INFO - [2024-05-11T16:33:48.168-0300] {dagbag.py:545} INFO - Filling up the DagBag from /home/patricia/Documentos/airflow/airflow_venv/lib/python3.10/site-packages/airflow/example_dags/example_dag_decorator.py
[2024-05-11T16:33:48.380-0300] {processor.py:840} INFO - DAG(s) 'example_dag_decorator' retrieved from /home/patricia/Documentos/airflow/airflow_venv/lib/python3.10/site-packages/airflow/example_dags/example_dag_decorator.py
[2024-05-11T16:33:48.763-0300] {logging_mixin.py:188} INFO - [2024-05-11T16:33:48.763-0300] {dag.py:3096} INFO - Sync 1 DAGs
[2024-05-11T16:33:48.792-0300] {logging_mixin.py:188} INFO - [2024-05-11T16:33:48.792-0300] {dag.py:3954} INFO - Setting next_dagrun for example_dag_decorator to None, run_after=None
[2024-05-11T16:33:48.912-0300] {processor.py:183} INFO - Processing /home/patricia/Documentos/airflow/airflow_venv/lib/python3.10/site-packages/airflow/example_dags/example_dag_decorator.py took 0.774 seconds
[2024-05-11T16:35:25.131-0300] {processor.py:161} INFO - Started process (PID=11814) to work on /home/patricia/Documentos/airflow/airflow_venv/lib/python3.10/site-packages/airflow/example_dags/example_dag_decorator.py
[2024-05-11T16:35:25.139-0300] {processor.py:830} INFO - Processing file /home/patricia/Documentos/airflow/airflow_venv/lib/python3.10/site-packages/airflow/example_dags/example_dag_decorator.py for tasks to queue
[2024-05-11T16:35:25.146-0300] {logging_mixin.py:188} INFO - [2024-05-11T16:35:25.145-0300] {dagbag.py:545} INFO - Filling up the DagBag from /home/patricia/Documentos/airflow/airflow_venv/lib/python3.10/site-packages/airflow/example_dags/example_dag_decorator.py
[2024-05-11T16:35:25.421-0300] {processor.py:840} INFO - DAG(s) 'example_dag_decorator' retrieved from /home/patricia/Documentos/airflow/airflow_venv/lib/python3.10/site-packages/airflow/example_dags/example_dag_decorator.py
[2024-05-11T16:35:25.917-0300] {logging_mixin.py:188} INFO - [2024-05-11T16:35:25.909-0300] {dag.py:3096} INFO - Sync 1 DAGs
[2024-05-11T16:35:25.966-0300] {logging_mixin.py:188} INFO - [2024-05-11T16:35:25.966-0300] {dag.py:3954} INFO - Setting next_dagrun for example_dag_decorator to None, run_after=None
[2024-05-11T16:35:26.042-0300] {processor.py:183} INFO - Processing /home/patricia/Documentos/airflow/airflow_venv/lib/python3.10/site-packages/airflow/example_dags/example_dag_decorator.py took 0.926 seconds
[2024-05-11T16:37:00.583-0300] {processor.py:161} INFO - Started process (PID=11960) to work on /home/patricia/Documentos/airflow/airflow_venv/lib/python3.10/site-packages/airflow/example_dags/example_dag_decorator.py
[2024-05-11T16:37:00.595-0300] {processor.py:830} INFO - Processing file /home/patricia/Documentos/airflow/airflow_venv/lib/python3.10/site-packages/airflow/example_dags/example_dag_decorator.py for tasks to queue
[2024-05-11T16:37:00.611-0300] {logging_mixin.py:188} INFO - [2024-05-11T16:37:00.608-0300] {dagbag.py:545} INFO - Filling up the DagBag from /home/patricia/Documentos/airflow/airflow_venv/lib/python3.10/site-packages/airflow/example_dags/example_dag_decorator.py
[2024-05-11T16:37:00.870-0300] {processor.py:840} INFO - DAG(s) 'example_dag_decorator' retrieved from /home/patricia/Documentos/airflow/airflow_venv/lib/python3.10/site-packages/airflow/example_dags/example_dag_decorator.py
[2024-05-11T16:37:01.127-0300] {logging_mixin.py:188} INFO - [2024-05-11T16:37:01.126-0300] {dag.py:3096} INFO - Sync 1 DAGs
[2024-05-11T16:37:01.169-0300] {logging_mixin.py:188} INFO - [2024-05-11T16:37:01.168-0300] {dag.py:3954} INFO - Setting next_dagrun for example_dag_decorator to None, run_after=None
[2024-05-11T16:37:01.282-0300] {processor.py:183} INFO - Processing /home/patricia/Documentos/airflow/airflow_venv/lib/python3.10/site-packages/airflow/example_dags/example_dag_decorator.py took 0.738 seconds
