[2024-05-11T15:12:10.360-0300] {processor.py:161} INFO - Started process (PID=4630) to work on /home/patricia/Documentos/airflow/airflow_venv/lib/python3.10/site-packages/airflow/example_dags/example_branch_datetime_operator.py
[2024-05-11T15:12:10.366-0300] {processor.py:830} INFO - Processing file /home/patricia/Documentos/airflow/airflow_venv/lib/python3.10/site-packages/airflow/example_dags/example_branch_datetime_operator.py for tasks to queue
[2024-05-11T15:12:10.370-0300] {logging_mixin.py:188} INFO - [2024-05-11T15:12:10.369-0300] {dagbag.py:545} INFO - Filling up the DagBag from /home/patricia/Documentos/airflow/airflow_venv/lib/python3.10/site-packages/airflow/example_dags/example_branch_datetime_operator.py
[2024-05-11T15:12:10.398-0300] {processor.py:840} INFO - DAG(s) 'example_branch_datetime_operator', 'example_branch_datetime_operator_3', 'example_branch_datetime_operator_2' retrieved from /home/patricia/Documentos/airflow/airflow_venv/lib/python3.10/site-packages/airflow/example_dags/example_branch_datetime_operator.py
[2024-05-11T15:12:10.677-0300] {logging_mixin.py:188} INFO - [2024-05-11T15:12:10.677-0300] {dag.py:3096} INFO - Sync 3 DAGs
[2024-05-11T15:12:10.905-0300] {logging_mixin.py:188} INFO - [2024-05-11T15:12:10.905-0300] {dag.py:3954} INFO - Setting next_dagrun for example_branch_datetime_operator to 2024-05-10 00:00:00+00:00, run_after=2024-05-11 00:00:00+00:00
[2024-05-11T15:12:10.930-0300] {logging_mixin.py:188} INFO - [2024-05-11T15:12:10.930-0300] {dag.py:3954} INFO - Setting next_dagrun for example_branch_datetime_operator_2 to 2024-05-10 00:00:00+00:00, run_after=2024-05-11 00:00:00+00:00
[2024-05-11T15:12:10.940-0300] {logging_mixin.py:188} INFO - [2024-05-11T15:12:10.939-0300] {dag.py:3954} INFO - Setting next_dagrun for example_branch_datetime_operator_3 to 2024-05-10 00:00:00+00:00, run_after=2024-05-11 00:00:00+00:00
[2024-05-11T15:12:11.006-0300] {processor.py:183} INFO - Processing /home/patricia/Documentos/airflow/airflow_venv/lib/python3.10/site-packages/airflow/example_dags/example_branch_datetime_operator.py took 0.672 seconds
[2024-05-11T15:14:33.106-0300] {processor.py:161} INFO - Started process (PID=4883) to work on /home/patricia/Documentos/airflow/airflow_venv/lib/python3.10/site-packages/airflow/example_dags/example_branch_datetime_operator.py
[2024-05-11T15:14:33.109-0300] {processor.py:830} INFO - Processing file /home/patricia/Documentos/airflow/airflow_venv/lib/python3.10/site-packages/airflow/example_dags/example_branch_datetime_operator.py for tasks to queue
[2024-05-11T15:14:33.111-0300] {logging_mixin.py:188} INFO - [2024-05-11T15:14:33.110-0300] {dagbag.py:545} INFO - Filling up the DagBag from /home/patricia/Documentos/airflow/airflow_venv/lib/python3.10/site-packages/airflow/example_dags/example_branch_datetime_operator.py
[2024-05-11T15:14:33.125-0300] {processor.py:840} INFO - DAG(s) 'example_branch_datetime_operator_3', 'example_branch_datetime_operator_2', 'example_branch_datetime_operator' retrieved from /home/patricia/Documentos/airflow/airflow_venv/lib/python3.10/site-packages/airflow/example_dags/example_branch_datetime_operator.py
[2024-05-11T15:14:33.170-0300] {logging_mixin.py:188} INFO - [2024-05-11T15:14:33.170-0300] {dag.py:3096} INFO - Sync 3 DAGs
[2024-05-11T15:14:33.280-0300] {logging_mixin.py:188} INFO - [2024-05-11T15:14:33.280-0300] {dag.py:3954} INFO - Setting next_dagrun for example_branch_datetime_operator to 2024-05-10 00:00:00+00:00, run_after=2024-05-11 00:00:00+00:00
[2024-05-11T15:14:33.286-0300] {logging_mixin.py:188} INFO - [2024-05-11T15:14:33.285-0300] {dag.py:3954} INFO - Setting next_dagrun for example_branch_datetime_operator_2 to 2024-05-10 00:00:00+00:00, run_after=2024-05-11 00:00:00+00:00
[2024-05-11T15:14:33.288-0300] {logging_mixin.py:188} INFO - [2024-05-11T15:14:33.288-0300] {dag.py:3954} INFO - Setting next_dagrun for example_branch_datetime_operator_3 to 2024-05-10 00:00:00+00:00, run_after=2024-05-11 00:00:00+00:00
[2024-05-11T15:14:33.325-0300] {processor.py:183} INFO - Processing /home/patricia/Documentos/airflow/airflow_venv/lib/python3.10/site-packages/airflow/example_dags/example_branch_datetime_operator.py took 0.228 seconds
[2024-05-11T15:15:49.649-0300] {processor.py:161} INFO - Started process (PID=5048) to work on /home/patricia/Documentos/airflow/airflow_venv/lib/python3.10/site-packages/airflow/example_dags/example_branch_datetime_operator.py
[2024-05-11T15:15:49.653-0300] {processor.py:830} INFO - Processing file /home/patricia/Documentos/airflow/airflow_venv/lib/python3.10/site-packages/airflow/example_dags/example_branch_datetime_operator.py for tasks to queue
[2024-05-11T15:15:49.655-0300] {logging_mixin.py:188} INFO - [2024-05-11T15:15:49.655-0300] {dagbag.py:545} INFO - Filling up the DagBag from /home/patricia/Documentos/airflow/airflow_venv/lib/python3.10/site-packages/airflow/example_dags/example_branch_datetime_operator.py
[2024-05-11T15:15:49.668-0300] {processor.py:840} INFO - DAG(s) 'example_branch_datetime_operator_3', 'example_branch_datetime_operator', 'example_branch_datetime_operator_2' retrieved from /home/patricia/Documentos/airflow/airflow_venv/lib/python3.10/site-packages/airflow/example_dags/example_branch_datetime_operator.py
[2024-05-11T15:15:49.693-0300] {logging_mixin.py:188} INFO - [2024-05-11T15:15:49.693-0300] {dag.py:3096} INFO - Sync 3 DAGs
[2024-05-11T15:15:49.717-0300] {logging_mixin.py:188} INFO - [2024-05-11T15:15:49.717-0300] {dag.py:3954} INFO - Setting next_dagrun for example_branch_datetime_operator to 2024-05-10 00:00:00+00:00, run_after=2024-05-11 00:00:00+00:00
[2024-05-11T15:15:49.722-0300] {logging_mixin.py:188} INFO - [2024-05-11T15:15:49.722-0300] {dag.py:3954} INFO - Setting next_dagrun for example_branch_datetime_operator_2 to 2024-05-10 00:00:00+00:00, run_after=2024-05-11 00:00:00+00:00
[2024-05-11T15:15:49.725-0300] {logging_mixin.py:188} INFO - [2024-05-11T15:15:49.725-0300] {dag.py:3954} INFO - Setting next_dagrun for example_branch_datetime_operator_3 to 2024-05-10 00:00:00+00:00, run_after=2024-05-11 00:00:00+00:00
[2024-05-11T15:15:49.767-0300] {processor.py:183} INFO - Processing /home/patricia/Documentos/airflow/airflow_venv/lib/python3.10/site-packages/airflow/example_dags/example_branch_datetime_operator.py took 0.125 seconds
[2024-05-11T15:16:47.757-0300] {processor.py:161} INFO - Started process (PID=5164) to work on /home/patricia/Documentos/airflow/airflow_venv/lib/python3.10/site-packages/airflow/example_dags/example_branch_datetime_operator.py
[2024-05-11T15:16:47.759-0300] {processor.py:830} INFO - Processing file /home/patricia/Documentos/airflow/airflow_venv/lib/python3.10/site-packages/airflow/example_dags/example_branch_datetime_operator.py for tasks to queue
[2024-05-11T15:16:47.762-0300] {logging_mixin.py:188} INFO - [2024-05-11T15:16:47.761-0300] {dagbag.py:545} INFO - Filling up the DagBag from /home/patricia/Documentos/airflow/airflow_venv/lib/python3.10/site-packages/airflow/example_dags/example_branch_datetime_operator.py
[2024-05-11T15:16:47.775-0300] {processor.py:840} INFO - DAG(s) 'example_branch_datetime_operator_2', 'example_branch_datetime_operator', 'example_branch_datetime_operator_3' retrieved from /home/patricia/Documentos/airflow/airflow_venv/lib/python3.10/site-packages/airflow/example_dags/example_branch_datetime_operator.py
[2024-05-11T15:16:47.797-0300] {logging_mixin.py:188} INFO - [2024-05-11T15:16:47.797-0300] {dag.py:3096} INFO - Sync 3 DAGs
[2024-05-11T15:16:47.818-0300] {logging_mixin.py:188} INFO - [2024-05-11T15:16:47.818-0300] {dag.py:3954} INFO - Setting next_dagrun for example_branch_datetime_operator to 2024-05-10 00:00:00+00:00, run_after=2024-05-11 00:00:00+00:00
[2024-05-11T15:16:47.823-0300] {logging_mixin.py:188} INFO - [2024-05-11T15:16:47.823-0300] {dag.py:3954} INFO - Setting next_dagrun for example_branch_datetime_operator_2 to 2024-05-10 00:00:00+00:00, run_after=2024-05-11 00:00:00+00:00
[2024-05-11T15:16:47.825-0300] {logging_mixin.py:188} INFO - [2024-05-11T15:16:47.825-0300] {dag.py:3954} INFO - Setting next_dagrun for example_branch_datetime_operator_3 to 2024-05-10 00:00:00+00:00, run_after=2024-05-11 00:00:00+00:00
[2024-05-11T15:16:47.860-0300] {processor.py:183} INFO - Processing /home/patricia/Documentos/airflow/airflow_venv/lib/python3.10/site-packages/airflow/example_dags/example_branch_datetime_operator.py took 0.110 seconds
[2024-05-11T15:17:55.711-0300] {processor.py:161} INFO - Started process (PID=5323) to work on /home/patricia/Documentos/airflow/airflow_venv/lib/python3.10/site-packages/airflow/example_dags/example_branch_datetime_operator.py
[2024-05-11T15:17:55.716-0300] {processor.py:830} INFO - Processing file /home/patricia/Documentos/airflow/airflow_venv/lib/python3.10/site-packages/airflow/example_dags/example_branch_datetime_operator.py for tasks to queue
[2024-05-11T15:17:55.718-0300] {logging_mixin.py:188} INFO - [2024-05-11T15:17:55.717-0300] {dagbag.py:545} INFO - Filling up the DagBag from /home/patricia/Documentos/airflow/airflow_venv/lib/python3.10/site-packages/airflow/example_dags/example_branch_datetime_operator.py
[2024-05-11T15:17:55.730-0300] {processor.py:840} INFO - DAG(s) 'example_branch_datetime_operator_2', 'example_branch_datetime_operator', 'example_branch_datetime_operator_3' retrieved from /home/patricia/Documentos/airflow/airflow_venv/lib/python3.10/site-packages/airflow/example_dags/example_branch_datetime_operator.py
[2024-05-11T15:17:55.754-0300] {logging_mixin.py:188} INFO - [2024-05-11T15:17:55.754-0300] {dag.py:3096} INFO - Sync 3 DAGs
[2024-05-11T15:17:55.778-0300] {logging_mixin.py:188} INFO - [2024-05-11T15:17:55.778-0300] {dag.py:3954} INFO - Setting next_dagrun for example_branch_datetime_operator to 2024-05-10 00:00:00+00:00, run_after=2024-05-11 00:00:00+00:00
[2024-05-11T15:17:55.783-0300] {logging_mixin.py:188} INFO - [2024-05-11T15:17:55.783-0300] {dag.py:3954} INFO - Setting next_dagrun for example_branch_datetime_operator_2 to 2024-05-10 00:00:00+00:00, run_after=2024-05-11 00:00:00+00:00
[2024-05-11T15:17:55.786-0300] {logging_mixin.py:188} INFO - [2024-05-11T15:17:55.786-0300] {dag.py:3954} INFO - Setting next_dagrun for example_branch_datetime_operator_3 to 2024-05-10 00:00:00+00:00, run_after=2024-05-11 00:00:00+00:00
[2024-05-11T15:17:55.817-0300] {processor.py:183} INFO - Processing /home/patricia/Documentos/airflow/airflow_venv/lib/python3.10/site-packages/airflow/example_dags/example_branch_datetime_operator.py took 0.113 seconds
[2024-05-11T15:19:04.376-0300] {processor.py:161} INFO - Started process (PID=5937) to work on /home/patricia/Documentos/airflow/airflow_venv/lib/python3.10/site-packages/airflow/example_dags/example_branch_datetime_operator.py
[2024-05-11T15:19:04.379-0300] {processor.py:830} INFO - Processing file /home/patricia/Documentos/airflow/airflow_venv/lib/python3.10/site-packages/airflow/example_dags/example_branch_datetime_operator.py for tasks to queue
[2024-05-11T15:19:04.383-0300] {logging_mixin.py:188} INFO - [2024-05-11T15:19:04.382-0300] {dagbag.py:545} INFO - Filling up the DagBag from /home/patricia/Documentos/airflow/airflow_venv/lib/python3.10/site-packages/airflow/example_dags/example_branch_datetime_operator.py
[2024-05-11T15:19:04.407-0300] {processor.py:840} INFO - DAG(s) 'example_branch_datetime_operator_2', 'example_branch_datetime_operator', 'example_branch_datetime_operator_3' retrieved from /home/patricia/Documentos/airflow/airflow_venv/lib/python3.10/site-packages/airflow/example_dags/example_branch_datetime_operator.py
[2024-05-11T15:19:04.449-0300] {logging_mixin.py:188} INFO - [2024-05-11T15:19:04.449-0300] {dag.py:3096} INFO - Sync 3 DAGs
[2024-05-11T15:19:04.481-0300] {logging_mixin.py:188} INFO - [2024-05-11T15:19:04.481-0300] {dag.py:3954} INFO - Setting next_dagrun for example_branch_datetime_operator to 2024-05-10 00:00:00+00:00, run_after=2024-05-11 00:00:00+00:00
[2024-05-11T15:19:04.488-0300] {logging_mixin.py:188} INFO - [2024-05-11T15:19:04.488-0300] {dag.py:3954} INFO - Setting next_dagrun for example_branch_datetime_operator_2 to 2024-05-10 00:00:00+00:00, run_after=2024-05-11 00:00:00+00:00
[2024-05-11T15:19:04.492-0300] {logging_mixin.py:188} INFO - [2024-05-11T15:19:04.492-0300] {dag.py:3954} INFO - Setting next_dagrun for example_branch_datetime_operator_3 to 2024-05-10 00:00:00+00:00, run_after=2024-05-11 00:00:00+00:00
[2024-05-11T15:19:04.533-0300] {processor.py:183} INFO - Processing /home/patricia/Documentos/airflow/airflow_venv/lib/python3.10/site-packages/airflow/example_dags/example_branch_datetime_operator.py took 0.197 seconds
[2024-05-11T15:20:12.736-0300] {processor.py:161} INFO - Started process (PID=6082) to work on /home/patricia/Documentos/airflow/airflow_venv/lib/python3.10/site-packages/airflow/example_dags/example_branch_datetime_operator.py
[2024-05-11T15:20:12.740-0300] {processor.py:830} INFO - Processing file /home/patricia/Documentos/airflow/airflow_venv/lib/python3.10/site-packages/airflow/example_dags/example_branch_datetime_operator.py for tasks to queue
[2024-05-11T15:20:12.743-0300] {logging_mixin.py:188} INFO - [2024-05-11T15:20:12.743-0300] {dagbag.py:545} INFO - Filling up the DagBag from /home/patricia/Documentos/airflow/airflow_venv/lib/python3.10/site-packages/airflow/example_dags/example_branch_datetime_operator.py
[2024-05-11T15:20:12.758-0300] {processor.py:840} INFO - DAG(s) 'example_branch_datetime_operator', 'example_branch_datetime_operator_2', 'example_branch_datetime_operator_3' retrieved from /home/patricia/Documentos/airflow/airflow_venv/lib/python3.10/site-packages/airflow/example_dags/example_branch_datetime_operator.py
[2024-05-11T15:20:12.784-0300] {logging_mixin.py:188} INFO - [2024-05-11T15:20:12.783-0300] {dag.py:3096} INFO - Sync 3 DAGs
[2024-05-11T15:20:12.811-0300] {logging_mixin.py:188} INFO - [2024-05-11T15:20:12.811-0300] {dag.py:3954} INFO - Setting next_dagrun for example_branch_datetime_operator to 2024-05-10 00:00:00+00:00, run_after=2024-05-11 00:00:00+00:00
[2024-05-11T15:20:12.818-0300] {logging_mixin.py:188} INFO - [2024-05-11T15:20:12.817-0300] {dag.py:3954} INFO - Setting next_dagrun for example_branch_datetime_operator_2 to 2024-05-10 00:00:00+00:00, run_after=2024-05-11 00:00:00+00:00
[2024-05-11T15:20:12.823-0300] {logging_mixin.py:188} INFO - [2024-05-11T15:20:12.823-0300] {dag.py:3954} INFO - Setting next_dagrun for example_branch_datetime_operator_3 to 2024-05-10 00:00:00+00:00, run_after=2024-05-11 00:00:00+00:00
[2024-05-11T15:20:12.889-0300] {processor.py:183} INFO - Processing /home/patricia/Documentos/airflow/airflow_venv/lib/python3.10/site-packages/airflow/example_dags/example_branch_datetime_operator.py took 0.174 seconds
[2024-05-11T15:22:09.101-0300] {processor.py:161} INFO - Started process (PID=6279) to work on /home/patricia/Documentos/airflow/airflow_venv/lib/python3.10/site-packages/airflow/example_dags/example_branch_datetime_operator.py
[2024-05-11T15:22:09.105-0300] {processor.py:830} INFO - Processing file /home/patricia/Documentos/airflow/airflow_venv/lib/python3.10/site-packages/airflow/example_dags/example_branch_datetime_operator.py for tasks to queue
[2024-05-11T15:22:09.108-0300] {logging_mixin.py:188} INFO - [2024-05-11T15:22:09.108-0300] {dagbag.py:545} INFO - Filling up the DagBag from /home/patricia/Documentos/airflow/airflow_venv/lib/python3.10/site-packages/airflow/example_dags/example_branch_datetime_operator.py
[2024-05-11T15:22:09.126-0300] {processor.py:840} INFO - DAG(s) 'example_branch_datetime_operator', 'example_branch_datetime_operator_2', 'example_branch_datetime_operator_3' retrieved from /home/patricia/Documentos/airflow/airflow_venv/lib/python3.10/site-packages/airflow/example_dags/example_branch_datetime_operator.py
[2024-05-11T15:22:09.148-0300] {logging_mixin.py:188} INFO - [2024-05-11T15:22:09.148-0300] {dag.py:3096} INFO - Sync 3 DAGs
[2024-05-11T15:22:09.170-0300] {logging_mixin.py:188} INFO - [2024-05-11T15:22:09.170-0300] {dag.py:3954} INFO - Setting next_dagrun for example_branch_datetime_operator to 2024-05-10 00:00:00+00:00, run_after=2024-05-11 00:00:00+00:00
[2024-05-11T15:22:09.176-0300] {logging_mixin.py:188} INFO - [2024-05-11T15:22:09.176-0300] {dag.py:3954} INFO - Setting next_dagrun for example_branch_datetime_operator_2 to 2024-05-10 00:00:00+00:00, run_after=2024-05-11 00:00:00+00:00
[2024-05-11T15:22:09.179-0300] {logging_mixin.py:188} INFO - [2024-05-11T15:22:09.179-0300] {dag.py:3954} INFO - Setting next_dagrun for example_branch_datetime_operator_3 to 2024-05-10 00:00:00+00:00, run_after=2024-05-11 00:00:00+00:00
[2024-05-11T15:22:09.212-0300] {processor.py:183} INFO - Processing /home/patricia/Documentos/airflow/airflow_venv/lib/python3.10/site-packages/airflow/example_dags/example_branch_datetime_operator.py took 0.119 seconds
[2024-05-11T15:23:13.956-0300] {processor.py:161} INFO - Started process (PID=6419) to work on /home/patricia/Documentos/airflow/airflow_venv/lib/python3.10/site-packages/airflow/example_dags/example_branch_datetime_operator.py
[2024-05-11T15:23:13.962-0300] {processor.py:830} INFO - Processing file /home/patricia/Documentos/airflow/airflow_venv/lib/python3.10/site-packages/airflow/example_dags/example_branch_datetime_operator.py for tasks to queue
[2024-05-11T15:23:13.970-0300] {logging_mixin.py:188} INFO - [2024-05-11T15:23:13.968-0300] {dagbag.py:545} INFO - Filling up the DagBag from /home/patricia/Documentos/airflow/airflow_venv/lib/python3.10/site-packages/airflow/example_dags/example_branch_datetime_operator.py
[2024-05-11T15:23:13.998-0300] {processor.py:840} INFO - DAG(s) 'example_branch_datetime_operator_2', 'example_branch_datetime_operator_3', 'example_branch_datetime_operator' retrieved from /home/patricia/Documentos/airflow/airflow_venv/lib/python3.10/site-packages/airflow/example_dags/example_branch_datetime_operator.py
[2024-05-11T15:23:14.067-0300] {logging_mixin.py:188} INFO - [2024-05-11T15:23:14.066-0300] {dag.py:3096} INFO - Sync 3 DAGs
[2024-05-11T15:23:14.122-0300] {logging_mixin.py:188} INFO - [2024-05-11T15:23:14.121-0300] {dag.py:3954} INFO - Setting next_dagrun for example_branch_datetime_operator to 2024-05-10 00:00:00+00:00, run_after=2024-05-11 00:00:00+00:00
[2024-05-11T15:23:14.134-0300] {logging_mixin.py:188} INFO - [2024-05-11T15:23:14.133-0300] {dag.py:3954} INFO - Setting next_dagrun for example_branch_datetime_operator_2 to 2024-05-10 00:00:00+00:00, run_after=2024-05-11 00:00:00+00:00
[2024-05-11T15:23:14.139-0300] {logging_mixin.py:188} INFO - [2024-05-11T15:23:14.139-0300] {dag.py:3954} INFO - Setting next_dagrun for example_branch_datetime_operator_3 to 2024-05-10 00:00:00+00:00, run_after=2024-05-11 00:00:00+00:00
[2024-05-11T15:23:14.203-0300] {processor.py:183} INFO - Processing /home/patricia/Documentos/airflow/airflow_venv/lib/python3.10/site-packages/airflow/example_dags/example_branch_datetime_operator.py took 0.261 seconds
[2024-05-11T15:24:16.292-0300] {processor.py:161} INFO - Started process (PID=6541) to work on /home/patricia/Documentos/airflow/airflow_venv/lib/python3.10/site-packages/airflow/example_dags/example_branch_datetime_operator.py
[2024-05-11T15:24:16.295-0300] {processor.py:830} INFO - Processing file /home/patricia/Documentos/airflow/airflow_venv/lib/python3.10/site-packages/airflow/example_dags/example_branch_datetime_operator.py for tasks to queue
[2024-05-11T15:24:16.298-0300] {logging_mixin.py:188} INFO - [2024-05-11T15:24:16.297-0300] {dagbag.py:545} INFO - Filling up the DagBag from /home/patricia/Documentos/airflow/airflow_venv/lib/python3.10/site-packages/airflow/example_dags/example_branch_datetime_operator.py
[2024-05-11T15:24:16.310-0300] {processor.py:840} INFO - DAG(s) 'example_branch_datetime_operator_3', 'example_branch_datetime_operator', 'example_branch_datetime_operator_2' retrieved from /home/patricia/Documentos/airflow/airflow_venv/lib/python3.10/site-packages/airflow/example_dags/example_branch_datetime_operator.py
[2024-05-11T15:24:16.335-0300] {logging_mixin.py:188} INFO - [2024-05-11T15:24:16.335-0300] {dag.py:3096} INFO - Sync 3 DAGs
[2024-05-11T15:24:16.359-0300] {logging_mixin.py:188} INFO - [2024-05-11T15:24:16.358-0300] {dag.py:3954} INFO - Setting next_dagrun for example_branch_datetime_operator to 2024-05-10 00:00:00+00:00, run_after=2024-05-11 00:00:00+00:00
[2024-05-11T15:24:16.364-0300] {logging_mixin.py:188} INFO - [2024-05-11T15:24:16.364-0300] {dag.py:3954} INFO - Setting next_dagrun for example_branch_datetime_operator_2 to 2024-05-10 00:00:00+00:00, run_after=2024-05-11 00:00:00+00:00
[2024-05-11T15:24:16.367-0300] {logging_mixin.py:188} INFO - [2024-05-11T15:24:16.367-0300] {dag.py:3954} INFO - Setting next_dagrun for example_branch_datetime_operator_3 to 2024-05-10 00:00:00+00:00, run_after=2024-05-11 00:00:00+00:00
[2024-05-11T15:24:16.401-0300] {processor.py:183} INFO - Processing /home/patricia/Documentos/airflow/airflow_venv/lib/python3.10/site-packages/airflow/example_dags/example_branch_datetime_operator.py took 0.116 seconds
[2024-05-11T15:27:09.707-0300] {processor.py:161} INFO - Started process (PID=7604) to work on /home/patricia/Documentos/airflow/airflow_venv/lib/python3.10/site-packages/airflow/example_dags/example_branch_datetime_operator.py
[2024-05-11T15:27:09.714-0300] {processor.py:830} INFO - Processing file /home/patricia/Documentos/airflow/airflow_venv/lib/python3.10/site-packages/airflow/example_dags/example_branch_datetime_operator.py for tasks to queue
[2024-05-11T15:27:09.719-0300] {logging_mixin.py:188} INFO - [2024-05-11T15:27:09.718-0300] {dagbag.py:545} INFO - Filling up the DagBag from /home/patricia/Documentos/airflow/airflow_venv/lib/python3.10/site-packages/airflow/example_dags/example_branch_datetime_operator.py
[2024-05-11T15:27:09.735-0300] {processor.py:840} INFO - DAG(s) 'example_branch_datetime_operator_2', 'example_branch_datetime_operator', 'example_branch_datetime_operator_3' retrieved from /home/patricia/Documentos/airflow/airflow_venv/lib/python3.10/site-packages/airflow/example_dags/example_branch_datetime_operator.py
[2024-05-11T15:27:09.880-0300] {logging_mixin.py:188} INFO - [2024-05-11T15:27:09.880-0300] {dag.py:3096} INFO - Sync 3 DAGs
[2024-05-11T15:27:10.028-0300] {logging_mixin.py:188} INFO - [2024-05-11T15:27:10.028-0300] {dag.py:3954} INFO - Setting next_dagrun for example_branch_datetime_operator to 2024-05-10 00:00:00+00:00, run_after=2024-05-11 00:00:00+00:00
[2024-05-11T15:27:10.044-0300] {logging_mixin.py:188} INFO - [2024-05-11T15:27:10.044-0300] {dag.py:3954} INFO - Setting next_dagrun for example_branch_datetime_operator_2 to 2024-05-10 00:00:00+00:00, run_after=2024-05-11 00:00:00+00:00
[2024-05-11T15:27:10.048-0300] {logging_mixin.py:188} INFO - [2024-05-11T15:27:10.048-0300] {dag.py:3954} INFO - Setting next_dagrun for example_branch_datetime_operator_3 to 2024-05-10 00:00:00+00:00, run_after=2024-05-11 00:00:00+00:00
[2024-05-11T15:27:10.093-0300] {processor.py:183} INFO - Processing /home/patricia/Documentos/airflow/airflow_venv/lib/python3.10/site-packages/airflow/example_dags/example_branch_datetime_operator.py took 0.405 seconds
[2024-05-11T15:28:39.496-0300] {processor.py:161} INFO - Started process (PID=7789) to work on /home/patricia/Documentos/airflow/airflow_venv/lib/python3.10/site-packages/airflow/example_dags/example_branch_datetime_operator.py
[2024-05-11T15:28:39.509-0300] {processor.py:830} INFO - Processing file /home/patricia/Documentos/airflow/airflow_venv/lib/python3.10/site-packages/airflow/example_dags/example_branch_datetime_operator.py for tasks to queue
[2024-05-11T15:28:39.514-0300] {logging_mixin.py:188} INFO - [2024-05-11T15:28:39.513-0300] {dagbag.py:545} INFO - Filling up the DagBag from /home/patricia/Documentos/airflow/airflow_venv/lib/python3.10/site-packages/airflow/example_dags/example_branch_datetime_operator.py
[2024-05-11T15:28:39.530-0300] {processor.py:840} INFO - DAG(s) 'example_branch_datetime_operator_3', 'example_branch_datetime_operator', 'example_branch_datetime_operator_2' retrieved from /home/patricia/Documentos/airflow/airflow_venv/lib/python3.10/site-packages/airflow/example_dags/example_branch_datetime_operator.py
[2024-05-11T15:28:39.573-0300] {logging_mixin.py:188} INFO - [2024-05-11T15:28:39.569-0300] {dag.py:3096} INFO - Sync 3 DAGs
[2024-05-11T15:28:39.782-0300] {logging_mixin.py:188} INFO - [2024-05-11T15:28:39.782-0300] {dag.py:3954} INFO - Setting next_dagrun for example_branch_datetime_operator to 2024-05-10 00:00:00+00:00, run_after=2024-05-11 00:00:00+00:00
[2024-05-11T15:28:39.800-0300] {logging_mixin.py:188} INFO - [2024-05-11T15:28:39.800-0300] {dag.py:3954} INFO - Setting next_dagrun for example_branch_datetime_operator_2 to 2024-05-10 00:00:00+00:00, run_after=2024-05-11 00:00:00+00:00
[2024-05-11T15:28:39.805-0300] {logging_mixin.py:188} INFO - [2024-05-11T15:28:39.804-0300] {dag.py:3954} INFO - Setting next_dagrun for example_branch_datetime_operator_3 to 2024-05-10 00:00:00+00:00, run_after=2024-05-11 00:00:00+00:00
[2024-05-11T15:28:39.840-0300] {processor.py:183} INFO - Processing /home/patricia/Documentos/airflow/airflow_venv/lib/python3.10/site-packages/airflow/example_dags/example_branch_datetime_operator.py took 0.352 seconds
[2024-05-11T15:30:06.139-0300] {processor.py:161} INFO - Started process (PID=7963) to work on /home/patricia/Documentos/airflow/airflow_venv/lib/python3.10/site-packages/airflow/example_dags/example_branch_datetime_operator.py
[2024-05-11T15:30:06.187-0300] {processor.py:830} INFO - Processing file /home/patricia/Documentos/airflow/airflow_venv/lib/python3.10/site-packages/airflow/example_dags/example_branch_datetime_operator.py for tasks to queue
[2024-05-11T15:30:06.200-0300] {logging_mixin.py:188} INFO - [2024-05-11T15:30:06.199-0300] {dagbag.py:545} INFO - Filling up the DagBag from /home/patricia/Documentos/airflow/airflow_venv/lib/python3.10/site-packages/airflow/example_dags/example_branch_datetime_operator.py
[2024-05-11T15:30:06.221-0300] {processor.py:840} INFO - DAG(s) 'example_branch_datetime_operator', 'example_branch_datetime_operator_2', 'example_branch_datetime_operator_3' retrieved from /home/patricia/Documentos/airflow/airflow_venv/lib/python3.10/site-packages/airflow/example_dags/example_branch_datetime_operator.py
[2024-05-11T15:30:06.260-0300] {logging_mixin.py:188} INFO - [2024-05-11T15:30:06.259-0300] {dag.py:3096} INFO - Sync 3 DAGs
[2024-05-11T15:30:06.300-0300] {logging_mixin.py:188} INFO - [2024-05-11T15:30:06.300-0300] {dag.py:3954} INFO - Setting next_dagrun for example_branch_datetime_operator to 2024-05-10 00:00:00+00:00, run_after=2024-05-11 00:00:00+00:00
[2024-05-11T15:30:06.310-0300] {logging_mixin.py:188} INFO - [2024-05-11T15:30:06.309-0300] {dag.py:3954} INFO - Setting next_dagrun for example_branch_datetime_operator_2 to 2024-05-10 00:00:00+00:00, run_after=2024-05-11 00:00:00+00:00
[2024-05-11T15:30:06.314-0300] {logging_mixin.py:188} INFO - [2024-05-11T15:30:06.314-0300] {dag.py:3954} INFO - Setting next_dagrun for example_branch_datetime_operator_3 to 2024-05-10 00:00:00+00:00, run_after=2024-05-11 00:00:00+00:00
[2024-05-11T15:30:06.632-0300] {processor.py:183} INFO - Processing /home/patricia/Documentos/airflow/airflow_venv/lib/python3.10/site-packages/airflow/example_dags/example_branch_datetime_operator.py took 0.526 seconds
[2024-05-11T15:31:26.302-0300] {processor.py:161} INFO - Started process (PID=8179) to work on /home/patricia/Documentos/airflow/airflow_venv/lib/python3.10/site-packages/airflow/example_dags/example_branch_datetime_operator.py
[2024-05-11T15:31:26.305-0300] {processor.py:830} INFO - Processing file /home/patricia/Documentos/airflow/airflow_venv/lib/python3.10/site-packages/airflow/example_dags/example_branch_datetime_operator.py for tasks to queue
[2024-05-11T15:31:26.307-0300] {logging_mixin.py:188} INFO - [2024-05-11T15:31:26.307-0300] {dagbag.py:545} INFO - Filling up the DagBag from /home/patricia/Documentos/airflow/airflow_venv/lib/python3.10/site-packages/airflow/example_dags/example_branch_datetime_operator.py
[2024-05-11T15:31:26.322-0300] {processor.py:840} INFO - DAG(s) 'example_branch_datetime_operator_2', 'example_branch_datetime_operator', 'example_branch_datetime_operator_3' retrieved from /home/patricia/Documentos/airflow/airflow_venv/lib/python3.10/site-packages/airflow/example_dags/example_branch_datetime_operator.py
[2024-05-11T15:31:26.354-0300] {logging_mixin.py:188} INFO - [2024-05-11T15:31:26.354-0300] {dag.py:3096} INFO - Sync 3 DAGs
[2024-05-11T15:31:26.403-0300] {logging_mixin.py:188} INFO - [2024-05-11T15:31:26.402-0300] {dag.py:3954} INFO - Setting next_dagrun for example_branch_datetime_operator to 2024-05-10 00:00:00+00:00, run_after=2024-05-11 00:00:00+00:00
[2024-05-11T15:31:26.409-0300] {logging_mixin.py:188} INFO - [2024-05-11T15:31:26.409-0300] {dag.py:3954} INFO - Setting next_dagrun for example_branch_datetime_operator_2 to 2024-05-10 00:00:00+00:00, run_after=2024-05-11 00:00:00+00:00
[2024-05-11T15:31:26.412-0300] {logging_mixin.py:188} INFO - [2024-05-11T15:31:26.412-0300] {dag.py:3954} INFO - Setting next_dagrun for example_branch_datetime_operator_3 to 2024-05-10 00:00:00+00:00, run_after=2024-05-11 00:00:00+00:00
[2024-05-11T15:31:26.448-0300] {processor.py:183} INFO - Processing /home/patricia/Documentos/airflow/airflow_venv/lib/python3.10/site-packages/airflow/example_dags/example_branch_datetime_operator.py took 0.154 seconds
[2024-05-11T15:32:30.815-0300] {processor.py:161} INFO - Started process (PID=8439) to work on /home/patricia/Documentos/airflow/airflow_venv/lib/python3.10/site-packages/airflow/example_dags/example_branch_datetime_operator.py
[2024-05-11T15:32:30.820-0300] {processor.py:830} INFO - Processing file /home/patricia/Documentos/airflow/airflow_venv/lib/python3.10/site-packages/airflow/example_dags/example_branch_datetime_operator.py for tasks to queue
[2024-05-11T15:32:30.823-0300] {logging_mixin.py:188} INFO - [2024-05-11T15:32:30.822-0300] {dagbag.py:545} INFO - Filling up the DagBag from /home/patricia/Documentos/airflow/airflow_venv/lib/python3.10/site-packages/airflow/example_dags/example_branch_datetime_operator.py
[2024-05-11T15:32:30.836-0300] {processor.py:840} INFO - DAG(s) 'example_branch_datetime_operator', 'example_branch_datetime_operator_2', 'example_branch_datetime_operator_3' retrieved from /home/patricia/Documentos/airflow/airflow_venv/lib/python3.10/site-packages/airflow/example_dags/example_branch_datetime_operator.py
[2024-05-11T15:32:30.860-0300] {logging_mixin.py:188} INFO - [2024-05-11T15:32:30.859-0300] {dag.py:3096} INFO - Sync 3 DAGs
[2024-05-11T15:32:30.900-0300] {logging_mixin.py:188} INFO - [2024-05-11T15:32:30.899-0300] {dag.py:3954} INFO - Setting next_dagrun for example_branch_datetime_operator to 2024-05-10 00:00:00+00:00, run_after=2024-05-11 00:00:00+00:00
[2024-05-11T15:32:30.907-0300] {logging_mixin.py:188} INFO - [2024-05-11T15:32:30.907-0300] {dag.py:3954} INFO - Setting next_dagrun for example_branch_datetime_operator_2 to 2024-05-10 00:00:00+00:00, run_after=2024-05-11 00:00:00+00:00
[2024-05-11T15:32:30.911-0300] {logging_mixin.py:188} INFO - [2024-05-11T15:32:30.911-0300] {dag.py:3954} INFO - Setting next_dagrun for example_branch_datetime_operator_3 to 2024-05-10 00:00:00+00:00, run_after=2024-05-11 00:00:00+00:00
[2024-05-11T15:32:30.945-0300] {processor.py:183} INFO - Processing /home/patricia/Documentos/airflow/airflow_venv/lib/python3.10/site-packages/airflow/example_dags/example_branch_datetime_operator.py took 0.138 seconds
[2024-05-11T15:33:38.408-0300] {processor.py:161} INFO - Started process (PID=8780) to work on /home/patricia/Documentos/airflow/airflow_venv/lib/python3.10/site-packages/airflow/example_dags/example_branch_datetime_operator.py
[2024-05-11T15:33:38.413-0300] {processor.py:830} INFO - Processing file /home/patricia/Documentos/airflow/airflow_venv/lib/python3.10/site-packages/airflow/example_dags/example_branch_datetime_operator.py for tasks to queue
[2024-05-11T15:33:38.417-0300] {logging_mixin.py:188} INFO - [2024-05-11T15:33:38.416-0300] {dagbag.py:545} INFO - Filling up the DagBag from /home/patricia/Documentos/airflow/airflow_venv/lib/python3.10/site-packages/airflow/example_dags/example_branch_datetime_operator.py
[2024-05-11T15:33:38.439-0300] {processor.py:840} INFO - DAG(s) 'example_branch_datetime_operator', 'example_branch_datetime_operator_2', 'example_branch_datetime_operator_3' retrieved from /home/patricia/Documentos/airflow/airflow_venv/lib/python3.10/site-packages/airflow/example_dags/example_branch_datetime_operator.py
[2024-05-11T15:33:38.477-0300] {logging_mixin.py:188} INFO - [2024-05-11T15:33:38.477-0300] {dag.py:3096} INFO - Sync 3 DAGs
[2024-05-11T15:33:38.507-0300] {logging_mixin.py:188} INFO - [2024-05-11T15:33:38.507-0300] {dag.py:3954} INFO - Setting next_dagrun for example_branch_datetime_operator to 2024-05-10 00:00:00+00:00, run_after=2024-05-11 00:00:00+00:00
[2024-05-11T15:33:38.512-0300] {logging_mixin.py:188} INFO - [2024-05-11T15:33:38.512-0300] {dag.py:3954} INFO - Setting next_dagrun for example_branch_datetime_operator_2 to 2024-05-10 00:00:00+00:00, run_after=2024-05-11 00:00:00+00:00
[2024-05-11T15:33:38.515-0300] {logging_mixin.py:188} INFO - [2024-05-11T15:33:38.514-0300] {dag.py:3954} INFO - Setting next_dagrun for example_branch_datetime_operator_3 to 2024-05-10 00:00:00+00:00, run_after=2024-05-11 00:00:00+00:00
[2024-05-11T15:33:38.604-0300] {processor.py:183} INFO - Processing /home/patricia/Documentos/airflow/airflow_venv/lib/python3.10/site-packages/airflow/example_dags/example_branch_datetime_operator.py took 0.209 seconds
[2024-05-11T15:34:56.366-0300] {processor.py:161} INFO - Started process (PID=9370) to work on /home/patricia/Documentos/airflow/airflow_venv/lib/python3.10/site-packages/airflow/example_dags/example_branch_datetime_operator.py
[2024-05-11T15:34:56.385-0300] {processor.py:830} INFO - Processing file /home/patricia/Documentos/airflow/airflow_venv/lib/python3.10/site-packages/airflow/example_dags/example_branch_datetime_operator.py for tasks to queue
[2024-05-11T15:34:56.391-0300] {logging_mixin.py:188} INFO - [2024-05-11T15:34:56.390-0300] {dagbag.py:545} INFO - Filling up the DagBag from /home/patricia/Documentos/airflow/airflow_venv/lib/python3.10/site-packages/airflow/example_dags/example_branch_datetime_operator.py
[2024-05-11T15:34:56.404-0300] {processor.py:840} INFO - DAG(s) 'example_branch_datetime_operator', 'example_branch_datetime_operator_3', 'example_branch_datetime_operator_2' retrieved from /home/patricia/Documentos/airflow/airflow_venv/lib/python3.10/site-packages/airflow/example_dags/example_branch_datetime_operator.py
[2024-05-11T15:34:56.439-0300] {logging_mixin.py:188} INFO - [2024-05-11T15:34:56.439-0300] {dag.py:3096} INFO - Sync 3 DAGs
[2024-05-11T15:34:56.492-0300] {logging_mixin.py:188} INFO - [2024-05-11T15:34:56.491-0300] {dag.py:3954} INFO - Setting next_dagrun for example_branch_datetime_operator to 2024-05-10 00:00:00+00:00, run_after=2024-05-11 00:00:00+00:00
[2024-05-11T15:34:56.500-0300] {logging_mixin.py:188} INFO - [2024-05-11T15:34:56.500-0300] {dag.py:3954} INFO - Setting next_dagrun for example_branch_datetime_operator_2 to 2024-05-10 00:00:00+00:00, run_after=2024-05-11 00:00:00+00:00
[2024-05-11T15:34:56.507-0300] {logging_mixin.py:188} INFO - [2024-05-11T15:34:56.507-0300] {dag.py:3954} INFO - Setting next_dagrun for example_branch_datetime_operator_3 to 2024-05-10 00:00:00+00:00, run_after=2024-05-11 00:00:00+00:00
[2024-05-11T15:34:56.544-0300] {processor.py:183} INFO - Processing /home/patricia/Documentos/airflow/airflow_venv/lib/python3.10/site-packages/airflow/example_dags/example_branch_datetime_operator.py took 0.194 seconds
[2024-05-11T15:36:11.460-0300] {processor.py:161} INFO - Started process (PID=9573) to work on /home/patricia/Documentos/airflow/airflow_venv/lib/python3.10/site-packages/airflow/example_dags/example_branch_datetime_operator.py
[2024-05-11T15:36:11.468-0300] {processor.py:830} INFO - Processing file /home/patricia/Documentos/airflow/airflow_venv/lib/python3.10/site-packages/airflow/example_dags/example_branch_datetime_operator.py for tasks to queue
[2024-05-11T15:36:11.474-0300] {logging_mixin.py:188} INFO - [2024-05-11T15:36:11.472-0300] {dagbag.py:545} INFO - Filling up the DagBag from /home/patricia/Documentos/airflow/airflow_venv/lib/python3.10/site-packages/airflow/example_dags/example_branch_datetime_operator.py
[2024-05-11T15:36:11.536-0300] {processor.py:840} INFO - DAG(s) 'example_branch_datetime_operator_3', 'example_branch_datetime_operator_2', 'example_branch_datetime_operator' retrieved from /home/patricia/Documentos/airflow/airflow_venv/lib/python3.10/site-packages/airflow/example_dags/example_branch_datetime_operator.py
[2024-05-11T15:36:11.704-0300] {logging_mixin.py:188} INFO - [2024-05-11T15:36:11.703-0300] {dag.py:3096} INFO - Sync 3 DAGs
[2024-05-11T15:36:11.845-0300] {logging_mixin.py:188} INFO - [2024-05-11T15:36:11.845-0300] {dag.py:3954} INFO - Setting next_dagrun for example_branch_datetime_operator to 2024-05-10 00:00:00+00:00, run_after=2024-05-11 00:00:00+00:00
[2024-05-11T15:36:11.857-0300] {logging_mixin.py:188} INFO - [2024-05-11T15:36:11.857-0300] {dag.py:3954} INFO - Setting next_dagrun for example_branch_datetime_operator_2 to 2024-05-10 00:00:00+00:00, run_after=2024-05-11 00:00:00+00:00
[2024-05-11T15:36:11.862-0300] {logging_mixin.py:188} INFO - [2024-05-11T15:36:11.862-0300] {dag.py:3954} INFO - Setting next_dagrun for example_branch_datetime_operator_3 to 2024-05-10 00:00:00+00:00, run_after=2024-05-11 00:00:00+00:00
[2024-05-11T15:36:11.953-0300] {processor.py:183} INFO - Processing /home/patricia/Documentos/airflow/airflow_venv/lib/python3.10/site-packages/airflow/example_dags/example_branch_datetime_operator.py took 0.511 seconds
[2024-05-11T15:37:49.512-0300] {processor.py:161} INFO - Started process (PID=9871) to work on /home/patricia/Documentos/airflow/airflow_venv/lib/python3.10/site-packages/airflow/example_dags/example_branch_datetime_operator.py
[2024-05-11T15:37:49.681-0300] {processor.py:830} INFO - Processing file /home/patricia/Documentos/airflow/airflow_venv/lib/python3.10/site-packages/airflow/example_dags/example_branch_datetime_operator.py for tasks to queue
[2024-05-11T15:37:49.714-0300] {logging_mixin.py:188} INFO - [2024-05-11T15:37:49.713-0300] {dagbag.py:545} INFO - Filling up the DagBag from /home/patricia/Documentos/airflow/airflow_venv/lib/python3.10/site-packages/airflow/example_dags/example_branch_datetime_operator.py
[2024-05-11T15:37:49.731-0300] {processor.py:840} INFO - DAG(s) 'example_branch_datetime_operator_2', 'example_branch_datetime_operator_3', 'example_branch_datetime_operator' retrieved from /home/patricia/Documentos/airflow/airflow_venv/lib/python3.10/site-packages/airflow/example_dags/example_branch_datetime_operator.py
[2024-05-11T15:37:49.791-0300] {logging_mixin.py:188} INFO - [2024-05-11T15:37:49.791-0300] {dag.py:3096} INFO - Sync 3 DAGs
[2024-05-11T15:37:49.814-0300] {logging_mixin.py:188} INFO - [2024-05-11T15:37:49.814-0300] {dag.py:3954} INFO - Setting next_dagrun for example_branch_datetime_operator to 2024-05-10 00:00:00+00:00, run_after=2024-05-11 00:00:00+00:00
[2024-05-11T15:37:49.819-0300] {logging_mixin.py:188} INFO - [2024-05-11T15:37:49.819-0300] {dag.py:3954} INFO - Setting next_dagrun for example_branch_datetime_operator_2 to 2024-05-10 00:00:00+00:00, run_after=2024-05-11 00:00:00+00:00
[2024-05-11T15:37:49.822-0300] {logging_mixin.py:188} INFO - [2024-05-11T15:37:49.821-0300] {dag.py:3954} INFO - Setting next_dagrun for example_branch_datetime_operator_3 to 2024-05-10 00:00:00+00:00, run_after=2024-05-11 00:00:00+00:00
[2024-05-11T15:37:51.262-0300] {processor.py:183} INFO - Processing /home/patricia/Documentos/airflow/airflow_venv/lib/python3.10/site-packages/airflow/example_dags/example_branch_datetime_operator.py took 1.805 seconds
[2024-05-11T15:39:52.223-0300] {processor.py:161} INFO - Started process (PID=10084) to work on /home/patricia/Documentos/airflow/airflow_venv/lib/python3.10/site-packages/airflow/example_dags/example_branch_datetime_operator.py
[2024-05-11T15:39:52.228-0300] {processor.py:830} INFO - Processing file /home/patricia/Documentos/airflow/airflow_venv/lib/python3.10/site-packages/airflow/example_dags/example_branch_datetime_operator.py for tasks to queue
[2024-05-11T15:39:52.231-0300] {logging_mixin.py:188} INFO - [2024-05-11T15:39:52.230-0300] {dagbag.py:545} INFO - Filling up the DagBag from /home/patricia/Documentos/airflow/airflow_venv/lib/python3.10/site-packages/airflow/example_dags/example_branch_datetime_operator.py
[2024-05-11T15:39:52.244-0300] {processor.py:840} INFO - DAG(s) 'example_branch_datetime_operator_3', 'example_branch_datetime_operator_2', 'example_branch_datetime_operator' retrieved from /home/patricia/Documentos/airflow/airflow_venv/lib/python3.10/site-packages/airflow/example_dags/example_branch_datetime_operator.py
[2024-05-11T15:39:52.273-0300] {logging_mixin.py:188} INFO - [2024-05-11T15:39:52.273-0300] {dag.py:3096} INFO - Sync 3 DAGs
[2024-05-11T15:39:52.297-0300] {logging_mixin.py:188} INFO - [2024-05-11T15:39:52.297-0300] {dag.py:3954} INFO - Setting next_dagrun for example_branch_datetime_operator to 2024-05-10 00:00:00+00:00, run_after=2024-05-11 00:00:00+00:00
[2024-05-11T15:39:52.302-0300] {logging_mixin.py:188} INFO - [2024-05-11T15:39:52.302-0300] {dag.py:3954} INFO - Setting next_dagrun for example_branch_datetime_operator_2 to 2024-05-10 00:00:00+00:00, run_after=2024-05-11 00:00:00+00:00
[2024-05-11T15:39:52.304-0300] {logging_mixin.py:188} INFO - [2024-05-11T15:39:52.304-0300] {dag.py:3954} INFO - Setting next_dagrun for example_branch_datetime_operator_3 to 2024-05-10 00:00:00+00:00, run_after=2024-05-11 00:00:00+00:00
[2024-05-11T15:39:52.335-0300] {processor.py:183} INFO - Processing /home/patricia/Documentos/airflow/airflow_venv/lib/python3.10/site-packages/airflow/example_dags/example_branch_datetime_operator.py took 0.121 seconds
[2024-05-11T16:29:26.605-0300] {processor.py:161} INFO - Started process (PID=11125) to work on /home/patricia/Documentos/airflow/airflow_venv/lib/python3.10/site-packages/airflow/example_dags/example_branch_datetime_operator.py
[2024-05-11T16:29:26.614-0300] {processor.py:830} INFO - Processing file /home/patricia/Documentos/airflow/airflow_venv/lib/python3.10/site-packages/airflow/example_dags/example_branch_datetime_operator.py for tasks to queue
[2024-05-11T16:29:26.619-0300] {logging_mixin.py:188} INFO - [2024-05-11T16:29:26.618-0300] {dagbag.py:545} INFO - Filling up the DagBag from /home/patricia/Documentos/airflow/airflow_venv/lib/python3.10/site-packages/airflow/example_dags/example_branch_datetime_operator.py
[2024-05-11T16:29:26.691-0300] {processor.py:840} INFO - DAG(s) 'example_branch_datetime_operator_2', 'example_branch_datetime_operator', 'example_branch_datetime_operator_3' retrieved from /home/patricia/Documentos/airflow/airflow_venv/lib/python3.10/site-packages/airflow/example_dags/example_branch_datetime_operator.py
[2024-05-11T16:29:27.045-0300] {logging_mixin.py:188} INFO - [2024-05-11T16:29:27.044-0300] {dag.py:3096} INFO - Sync 3 DAGs
[2024-05-11T16:29:27.366-0300] {logging_mixin.py:188} INFO - [2024-05-11T16:29:27.365-0300] {dag.py:3954} INFO - Setting next_dagrun for example_branch_datetime_operator to 2024-05-10 00:00:00+00:00, run_after=2024-05-11 00:00:00+00:00
[2024-05-11T16:29:27.395-0300] {logging_mixin.py:188} INFO - [2024-05-11T16:29:27.395-0300] {dag.py:3954} INFO - Setting next_dagrun for example_branch_datetime_operator_2 to 2024-05-10 00:00:00+00:00, run_after=2024-05-11 00:00:00+00:00
[2024-05-11T16:29:27.407-0300] {logging_mixin.py:188} INFO - [2024-05-11T16:29:27.406-0300] {dag.py:3954} INFO - Setting next_dagrun for example_branch_datetime_operator_3 to 2024-05-10 00:00:00+00:00, run_after=2024-05-11 00:00:00+00:00
[2024-05-11T16:29:27.830-0300] {processor.py:183} INFO - Processing /home/patricia/Documentos/airflow/airflow_venv/lib/python3.10/site-packages/airflow/example_dags/example_branch_datetime_operator.py took 1.252 seconds
[2024-05-11T16:32:18.262-0300] {processor.py:161} INFO - Started process (PID=11441) to work on /home/patricia/Documentos/airflow/airflow_venv/lib/python3.10/site-packages/airflow/example_dags/example_branch_datetime_operator.py
[2024-05-11T16:32:18.269-0300] {processor.py:830} INFO - Processing file /home/patricia/Documentos/airflow/airflow_venv/lib/python3.10/site-packages/airflow/example_dags/example_branch_datetime_operator.py for tasks to queue
[2024-05-11T16:32:18.274-0300] {logging_mixin.py:188} INFO - [2024-05-11T16:32:18.273-0300] {dagbag.py:545} INFO - Filling up the DagBag from /home/patricia/Documentos/airflow/airflow_venv/lib/python3.10/site-packages/airflow/example_dags/example_branch_datetime_operator.py
[2024-05-11T16:32:18.302-0300] {processor.py:840} INFO - DAG(s) 'example_branch_datetime_operator_3', 'example_branch_datetime_operator', 'example_branch_datetime_operator_2' retrieved from /home/patricia/Documentos/airflow/airflow_venv/lib/python3.10/site-packages/airflow/example_dags/example_branch_datetime_operator.py
[2024-05-11T16:32:18.363-0300] {logging_mixin.py:188} INFO - [2024-05-11T16:32:18.362-0300] {dag.py:3096} INFO - Sync 3 DAGs
[2024-05-11T16:32:18.703-0300] {logging_mixin.py:188} INFO - [2024-05-11T16:32:18.702-0300] {dag.py:3954} INFO - Setting next_dagrun for example_branch_datetime_operator to 2024-05-10 00:00:00+00:00, run_after=2024-05-11 00:00:00+00:00
[2024-05-11T16:32:18.714-0300] {logging_mixin.py:188} INFO - [2024-05-11T16:32:18.713-0300] {dag.py:3954} INFO - Setting next_dagrun for example_branch_datetime_operator_2 to 2024-05-10 00:00:00+00:00, run_after=2024-05-11 00:00:00+00:00
[2024-05-11T16:32:18.720-0300] {logging_mixin.py:188} INFO - [2024-05-11T16:32:18.720-0300] {dag.py:3954} INFO - Setting next_dagrun for example_branch_datetime_operator_3 to 2024-05-10 00:00:00+00:00, run_after=2024-05-11 00:00:00+00:00
[2024-05-11T16:32:18.785-0300] {processor.py:183} INFO - Processing /home/patricia/Documentos/airflow/airflow_venv/lib/python3.10/site-packages/airflow/example_dags/example_branch_datetime_operator.py took 0.558 seconds
[2024-05-11T16:34:08.357-0300] {processor.py:161} INFO - Started process (PID=11694) to work on /home/patricia/Documentos/airflow/airflow_venv/lib/python3.10/site-packages/airflow/example_dags/example_branch_datetime_operator.py
[2024-05-11T16:34:08.362-0300] {processor.py:830} INFO - Processing file /home/patricia/Documentos/airflow/airflow_venv/lib/python3.10/site-packages/airflow/example_dags/example_branch_datetime_operator.py for tasks to queue
[2024-05-11T16:34:08.367-0300] {logging_mixin.py:188} INFO - [2024-05-11T16:34:08.366-0300] {dagbag.py:545} INFO - Filling up the DagBag from /home/patricia/Documentos/airflow/airflow_venv/lib/python3.10/site-packages/airflow/example_dags/example_branch_datetime_operator.py
[2024-05-11T16:34:08.404-0300] {processor.py:840} INFO - DAG(s) 'example_branch_datetime_operator_2', 'example_branch_datetime_operator', 'example_branch_datetime_operator_3' retrieved from /home/patricia/Documentos/airflow/airflow_venv/lib/python3.10/site-packages/airflow/example_dags/example_branch_datetime_operator.py
[2024-05-11T16:34:08.537-0300] {logging_mixin.py:188} INFO - [2024-05-11T16:34:08.522-0300] {dag.py:3096} INFO - Sync 3 DAGs
[2024-05-11T16:34:08.665-0300] {logging_mixin.py:188} INFO - [2024-05-11T16:34:08.665-0300] {dag.py:3954} INFO - Setting next_dagrun for example_branch_datetime_operator to 2024-05-10 00:00:00+00:00, run_after=2024-05-11 00:00:00+00:00
[2024-05-11T16:34:08.677-0300] {logging_mixin.py:188} INFO - [2024-05-11T16:34:08.676-0300] {dag.py:3954} INFO - Setting next_dagrun for example_branch_datetime_operator_2 to 2024-05-10 00:00:00+00:00, run_after=2024-05-11 00:00:00+00:00
[2024-05-11T16:34:08.683-0300] {logging_mixin.py:188} INFO - [2024-05-11T16:34:08.682-0300] {dag.py:3954} INFO - Setting next_dagrun for example_branch_datetime_operator_3 to 2024-05-10 00:00:00+00:00, run_after=2024-05-11 00:00:00+00:00
[2024-05-11T16:34:08.803-0300] {processor.py:183} INFO - Processing /home/patricia/Documentos/airflow/airflow_venv/lib/python3.10/site-packages/airflow/example_dags/example_branch_datetime_operator.py took 0.466 seconds
[2024-05-11T16:35:45.651-0300] {processor.py:161} INFO - Started process (PID=11842) to work on /home/patricia/Documentos/airflow/airflow_venv/lib/python3.10/site-packages/airflow/example_dags/example_branch_datetime_operator.py
[2024-05-11T16:35:45.659-0300] {processor.py:830} INFO - Processing file /home/patricia/Documentos/airflow/airflow_venv/lib/python3.10/site-packages/airflow/example_dags/example_branch_datetime_operator.py for tasks to queue
[2024-05-11T16:35:45.664-0300] {logging_mixin.py:188} INFO - [2024-05-11T16:35:45.663-0300] {dagbag.py:545} INFO - Filling up the DagBag from /home/patricia/Documentos/airflow/airflow_venv/lib/python3.10/site-packages/airflow/example_dags/example_branch_datetime_operator.py
[2024-05-11T16:35:45.687-0300] {processor.py:840} INFO - DAG(s) 'example_branch_datetime_operator', 'example_branch_datetime_operator_2', 'example_branch_datetime_operator_3' retrieved from /home/patricia/Documentos/airflow/airflow_venv/lib/python3.10/site-packages/airflow/example_dags/example_branch_datetime_operator.py
[2024-05-11T16:35:45.734-0300] {logging_mixin.py:188} INFO - [2024-05-11T16:35:45.734-0300] {dag.py:3096} INFO - Sync 3 DAGs
[2024-05-11T16:35:45.778-0300] {logging_mixin.py:188} INFO - [2024-05-11T16:35:45.777-0300] {dag.py:3954} INFO - Setting next_dagrun for example_branch_datetime_operator to 2024-05-10 00:00:00+00:00, run_after=2024-05-11 00:00:00+00:00
[2024-05-11T16:35:45.787-0300] {logging_mixin.py:188} INFO - [2024-05-11T16:35:45.786-0300] {dag.py:3954} INFO - Setting next_dagrun for example_branch_datetime_operator_2 to 2024-05-10 00:00:00+00:00, run_after=2024-05-11 00:00:00+00:00
[2024-05-11T16:35:45.791-0300] {logging_mixin.py:188} INFO - [2024-05-11T16:35:45.791-0300] {dag.py:3954} INFO - Setting next_dagrun for example_branch_datetime_operator_3 to 2024-05-10 00:00:00+00:00, run_after=2024-05-11 00:00:00+00:00
[2024-05-11T16:35:45.899-0300] {processor.py:183} INFO - Processing /home/patricia/Documentos/airflow/airflow_venv/lib/python3.10/site-packages/airflow/example_dags/example_branch_datetime_operator.py took 0.282 seconds
