[2024-05-11T15:12:02.910-0300] {processor.py:161} INFO - Started process (PID=4618) to work on /home/patricia/Documentos/airflow/airflow_venv/lib/python3.10/site-packages/airflow/example_dags/example_bash_operator.py
[2024-05-11T15:12:02.912-0300] {processor.py:830} INFO - Processing file /home/patricia/Documentos/airflow/airflow_venv/lib/python3.10/site-packages/airflow/example_dags/example_bash_operator.py for tasks to queue
[2024-05-11T15:12:02.914-0300] {logging_mixin.py:188} INFO - [2024-05-11T15:12:02.913-0300] {dagbag.py:545} INFO - Filling up the DagBag from /home/patricia/Documentos/airflow/airflow_venv/lib/python3.10/site-packages/airflow/example_dags/example_bash_operator.py
[2024-05-11T15:12:02.941-0300] {processor.py:840} INFO - DAG(s) 'example_bash_operator' retrieved from /home/patricia/Documentos/airflow/airflow_venv/lib/python3.10/site-packages/airflow/example_dags/example_bash_operator.py
[2024-05-11T15:12:03.278-0300] {logging_mixin.py:188} INFO - [2024-05-11T15:12:03.277-0300] {dag.py:3096} INFO - Sync 1 DAGs
[2024-05-11T15:12:03.452-0300] {logging_mixin.py:188} INFO - [2024-05-11T15:12:03.452-0300] {dag.py:3954} INFO - Setting next_dagrun for example_bash_operator to 2024-05-10 00:00:00+00:00, run_after=2024-05-11 00:00:00+00:00
[2024-05-11T15:12:03.500-0300] {processor.py:183} INFO - Processing /home/patricia/Documentos/airflow/airflow_venv/lib/python3.10/site-packages/airflow/example_dags/example_bash_operator.py took 0.606 seconds
[2024-05-11T15:14:28.133-0300] {processor.py:161} INFO - Started process (PID=4866) to work on /home/patricia/Documentos/airflow/airflow_venv/lib/python3.10/site-packages/airflow/example_dags/example_bash_operator.py
[2024-05-11T15:14:28.135-0300] {processor.py:830} INFO - Processing file /home/patricia/Documentos/airflow/airflow_venv/lib/python3.10/site-packages/airflow/example_dags/example_bash_operator.py for tasks to queue
[2024-05-11T15:14:28.139-0300] {logging_mixin.py:188} INFO - [2024-05-11T15:14:28.138-0300] {dagbag.py:545} INFO - Filling up the DagBag from /home/patricia/Documentos/airflow/airflow_venv/lib/python3.10/site-packages/airflow/example_dags/example_bash_operator.py
[2024-05-11T15:14:28.174-0300] {processor.py:840} INFO - DAG(s) 'example_bash_operator' retrieved from /home/patricia/Documentos/airflow/airflow_venv/lib/python3.10/site-packages/airflow/example_dags/example_bash_operator.py
[2024-05-11T15:14:28.208-0300] {logging_mixin.py:188} INFO - [2024-05-11T15:14:28.207-0300] {dag.py:3096} INFO - Sync 1 DAGs
[2024-05-11T15:14:28.375-0300] {logging_mixin.py:188} INFO - [2024-05-11T15:14:28.375-0300] {dag.py:3954} INFO - Setting next_dagrun for example_bash_operator to 2024-05-10 00:00:00+00:00, run_after=2024-05-11 00:00:00+00:00
[2024-05-11T15:14:28.415-0300] {processor.py:183} INFO - Processing /home/patricia/Documentos/airflow/airflow_venv/lib/python3.10/site-packages/airflow/example_dags/example_bash_operator.py took 0.300 seconds
[2024-05-11T15:15:45.293-0300] {processor.py:161} INFO - Started process (PID=5035) to work on /home/patricia/Documentos/airflow/airflow_venv/lib/python3.10/site-packages/airflow/example_dags/example_bash_operator.py
[2024-05-11T15:15:45.297-0300] {processor.py:830} INFO - Processing file /home/patricia/Documentos/airflow/airflow_venv/lib/python3.10/site-packages/airflow/example_dags/example_bash_operator.py for tasks to queue
[2024-05-11T15:15:45.301-0300] {logging_mixin.py:188} INFO - [2024-05-11T15:15:45.299-0300] {dagbag.py:545} INFO - Filling up the DagBag from /home/patricia/Documentos/airflow/airflow_venv/lib/python3.10/site-packages/airflow/example_dags/example_bash_operator.py
[2024-05-11T15:15:45.318-0300] {processor.py:840} INFO - DAG(s) 'example_bash_operator' retrieved from /home/patricia/Documentos/airflow/airflow_venv/lib/python3.10/site-packages/airflow/example_dags/example_bash_operator.py
[2024-05-11T15:15:45.350-0300] {logging_mixin.py:188} INFO - [2024-05-11T15:15:45.349-0300] {dag.py:3096} INFO - Sync 1 DAGs
[2024-05-11T15:15:45.377-0300] {logging_mixin.py:188} INFO - [2024-05-11T15:15:45.377-0300] {dag.py:3954} INFO - Setting next_dagrun for example_bash_operator to 2024-05-10 00:00:00+00:00, run_after=2024-05-11 00:00:00+00:00
[2024-05-11T15:15:45.431-0300] {processor.py:183} INFO - Processing /home/patricia/Documentos/airflow/airflow_venv/lib/python3.10/site-packages/airflow/example_dags/example_bash_operator.py took 0.151 seconds
[2024-05-11T15:16:43.786-0300] {processor.py:161} INFO - Started process (PID=5157) to work on /home/patricia/Documentos/airflow/airflow_venv/lib/python3.10/site-packages/airflow/example_dags/example_bash_operator.py
[2024-05-11T15:16:43.788-0300] {processor.py:830} INFO - Processing file /home/patricia/Documentos/airflow/airflow_venv/lib/python3.10/site-packages/airflow/example_dags/example_bash_operator.py for tasks to queue
[2024-05-11T15:16:43.790-0300] {logging_mixin.py:188} INFO - [2024-05-11T15:16:43.790-0300] {dagbag.py:545} INFO - Filling up the DagBag from /home/patricia/Documentos/airflow/airflow_venv/lib/python3.10/site-packages/airflow/example_dags/example_bash_operator.py
[2024-05-11T15:16:43.805-0300] {processor.py:840} INFO - DAG(s) 'example_bash_operator' retrieved from /home/patricia/Documentos/airflow/airflow_venv/lib/python3.10/site-packages/airflow/example_dags/example_bash_operator.py
[2024-05-11T15:16:43.851-0300] {logging_mixin.py:188} INFO - [2024-05-11T15:16:43.851-0300] {dag.py:3096} INFO - Sync 1 DAGs
[2024-05-11T15:16:43.899-0300] {logging_mixin.py:188} INFO - [2024-05-11T15:16:43.899-0300] {dag.py:3954} INFO - Setting next_dagrun for example_bash_operator to 2024-05-10 00:00:00+00:00, run_after=2024-05-11 00:00:00+00:00
[2024-05-11T15:16:43.947-0300] {processor.py:183} INFO - Processing /home/patricia/Documentos/airflow/airflow_venv/lib/python3.10/site-packages/airflow/example_dags/example_bash_operator.py took 0.172 seconds
[2024-05-11T15:17:50.298-0300] {processor.py:161} INFO - Started process (PID=5310) to work on /home/patricia/Documentos/airflow/airflow_venv/lib/python3.10/site-packages/airflow/example_dags/example_bash_operator.py
[2024-05-11T15:17:50.301-0300] {processor.py:830} INFO - Processing file /home/patricia/Documentos/airflow/airflow_venv/lib/python3.10/site-packages/airflow/example_dags/example_bash_operator.py for tasks to queue
[2024-05-11T15:17:50.305-0300] {logging_mixin.py:188} INFO - [2024-05-11T15:17:50.304-0300] {dagbag.py:545} INFO - Filling up the DagBag from /home/patricia/Documentos/airflow/airflow_venv/lib/python3.10/site-packages/airflow/example_dags/example_bash_operator.py
[2024-05-11T15:17:50.328-0300] {processor.py:840} INFO - DAG(s) 'example_bash_operator' retrieved from /home/patricia/Documentos/airflow/airflow_venv/lib/python3.10/site-packages/airflow/example_dags/example_bash_operator.py
[2024-05-11T15:17:50.427-0300] {logging_mixin.py:188} INFO - [2024-05-11T15:17:50.426-0300] {dag.py:3096} INFO - Sync 1 DAGs
[2024-05-11T15:17:50.456-0300] {logging_mixin.py:188} INFO - [2024-05-11T15:17:50.456-0300] {dag.py:3954} INFO - Setting next_dagrun for example_bash_operator to 2024-05-10 00:00:00+00:00, run_after=2024-05-11 00:00:00+00:00
[2024-05-11T15:17:50.510-0300] {processor.py:183} INFO - Processing /home/patricia/Documentos/airflow/airflow_venv/lib/python3.10/site-packages/airflow/example_dags/example_bash_operator.py took 0.223 seconds
[2024-05-11T15:19:00.076-0300] {processor.py:161} INFO - Started process (PID=5928) to work on /home/patricia/Documentos/airflow/airflow_venv/lib/python3.10/site-packages/airflow/example_dags/example_bash_operator.py
[2024-05-11T15:19:00.079-0300] {processor.py:830} INFO - Processing file /home/patricia/Documentos/airflow/airflow_venv/lib/python3.10/site-packages/airflow/example_dags/example_bash_operator.py for tasks to queue
[2024-05-11T15:19:00.082-0300] {logging_mixin.py:188} INFO - [2024-05-11T15:19:00.081-0300] {dagbag.py:545} INFO - Filling up the DagBag from /home/patricia/Documentos/airflow/airflow_venv/lib/python3.10/site-packages/airflow/example_dags/example_bash_operator.py
[2024-05-11T15:19:00.114-0300] {processor.py:840} INFO - DAG(s) 'example_bash_operator' retrieved from /home/patricia/Documentos/airflow/airflow_venv/lib/python3.10/site-packages/airflow/example_dags/example_bash_operator.py
[2024-05-11T15:19:00.165-0300] {logging_mixin.py:188} INFO - [2024-05-11T15:19:00.165-0300] {dag.py:3096} INFO - Sync 1 DAGs
[2024-05-11T15:19:00.201-0300] {logging_mixin.py:188} INFO - [2024-05-11T15:19:00.201-0300] {dag.py:3954} INFO - Setting next_dagrun for example_bash_operator to 2024-05-10 00:00:00+00:00, run_after=2024-05-11 00:00:00+00:00
[2024-05-11T15:19:00.277-0300] {processor.py:183} INFO - Processing /home/patricia/Documentos/airflow/airflow_venv/lib/python3.10/site-packages/airflow/example_dags/example_bash_operator.py took 0.215 seconds
[2024-05-11T15:20:08.617-0300] {processor.py:161} INFO - Started process (PID=6075) to work on /home/patricia/Documentos/airflow/airflow_venv/lib/python3.10/site-packages/airflow/example_dags/example_bash_operator.py
[2024-05-11T15:20:08.619-0300] {processor.py:830} INFO - Processing file /home/patricia/Documentos/airflow/airflow_venv/lib/python3.10/site-packages/airflow/example_dags/example_bash_operator.py for tasks to queue
[2024-05-11T15:20:08.622-0300] {logging_mixin.py:188} INFO - [2024-05-11T15:20:08.621-0300] {dagbag.py:545} INFO - Filling up the DagBag from /home/patricia/Documentos/airflow/airflow_venv/lib/python3.10/site-packages/airflow/example_dags/example_bash_operator.py
[2024-05-11T15:20:08.637-0300] {processor.py:840} INFO - DAG(s) 'example_bash_operator' retrieved from /home/patricia/Documentos/airflow/airflow_venv/lib/python3.10/site-packages/airflow/example_dags/example_bash_operator.py
[2024-05-11T15:20:08.672-0300] {logging_mixin.py:188} INFO - [2024-05-11T15:20:08.672-0300] {dag.py:3096} INFO - Sync 1 DAGs
[2024-05-11T15:20:08.703-0300] {logging_mixin.py:188} INFO - [2024-05-11T15:20:08.703-0300] {dag.py:3954} INFO - Setting next_dagrun for example_bash_operator to 2024-05-10 00:00:00+00:00, run_after=2024-05-11 00:00:00+00:00
[2024-05-11T15:20:08.756-0300] {processor.py:183} INFO - Processing /home/patricia/Documentos/airflow/airflow_venv/lib/python3.10/site-packages/airflow/example_dags/example_bash_operator.py took 0.147 seconds
[2024-05-11T15:22:04.483-0300] {processor.py:161} INFO - Started process (PID=6266) to work on /home/patricia/Documentos/airflow/airflow_venv/lib/python3.10/site-packages/airflow/example_dags/example_bash_operator.py
[2024-05-11T15:22:04.485-0300] {processor.py:830} INFO - Processing file /home/patricia/Documentos/airflow/airflow_venv/lib/python3.10/site-packages/airflow/example_dags/example_bash_operator.py for tasks to queue
[2024-05-11T15:22:04.488-0300] {logging_mixin.py:188} INFO - [2024-05-11T15:22:04.487-0300] {dagbag.py:545} INFO - Filling up the DagBag from /home/patricia/Documentos/airflow/airflow_venv/lib/python3.10/site-packages/airflow/example_dags/example_bash_operator.py
[2024-05-11T15:22:04.502-0300] {processor.py:840} INFO - DAG(s) 'example_bash_operator' retrieved from /home/patricia/Documentos/airflow/airflow_venv/lib/python3.10/site-packages/airflow/example_dags/example_bash_operator.py
[2024-05-11T15:22:04.528-0300] {logging_mixin.py:188} INFO - [2024-05-11T15:22:04.528-0300] {dag.py:3096} INFO - Sync 1 DAGs
[2024-05-11T15:22:04.550-0300] {logging_mixin.py:188} INFO - [2024-05-11T15:22:04.550-0300] {dag.py:3954} INFO - Setting next_dagrun for example_bash_operator to 2024-05-10 00:00:00+00:00, run_after=2024-05-11 00:00:00+00:00
[2024-05-11T15:22:04.581-0300] {processor.py:183} INFO - Processing /home/patricia/Documentos/airflow/airflow_venv/lib/python3.10/site-packages/airflow/example_dags/example_bash_operator.py took 0.105 seconds
[2024-05-11T15:23:08.911-0300] {processor.py:161} INFO - Started process (PID=6409) to work on /home/patricia/Documentos/airflow/airflow_venv/lib/python3.10/site-packages/airflow/example_dags/example_bash_operator.py
[2024-05-11T15:23:08.915-0300] {processor.py:830} INFO - Processing file /home/patricia/Documentos/airflow/airflow_venv/lib/python3.10/site-packages/airflow/example_dags/example_bash_operator.py for tasks to queue
[2024-05-11T15:23:08.918-0300] {logging_mixin.py:188} INFO - [2024-05-11T15:23:08.917-0300] {dagbag.py:545} INFO - Filling up the DagBag from /home/patricia/Documentos/airflow/airflow_venv/lib/python3.10/site-packages/airflow/example_dags/example_bash_operator.py
[2024-05-11T15:23:08.933-0300] {processor.py:840} INFO - DAG(s) 'example_bash_operator' retrieved from /home/patricia/Documentos/airflow/airflow_venv/lib/python3.10/site-packages/airflow/example_dags/example_bash_operator.py
[2024-05-11T15:23:08.963-0300] {logging_mixin.py:188} INFO - [2024-05-11T15:23:08.963-0300] {dag.py:3096} INFO - Sync 1 DAGs
[2024-05-11T15:23:08.985-0300] {logging_mixin.py:188} INFO - [2024-05-11T15:23:08.985-0300] {dag.py:3954} INFO - Setting next_dagrun for example_bash_operator to 2024-05-10 00:00:00+00:00, run_after=2024-05-11 00:00:00+00:00
[2024-05-11T15:23:09.018-0300] {processor.py:183} INFO - Processing /home/patricia/Documentos/airflow/airflow_venv/lib/python3.10/site-packages/airflow/example_dags/example_bash_operator.py took 0.114 seconds
[2024-05-11T15:24:11.139-0300] {processor.py:161} INFO - Started process (PID=6529) to work on /home/patricia/Documentos/airflow/airflow_venv/lib/python3.10/site-packages/airflow/example_dags/example_bash_operator.py
[2024-05-11T15:24:11.143-0300] {processor.py:830} INFO - Processing file /home/patricia/Documentos/airflow/airflow_venv/lib/python3.10/site-packages/airflow/example_dags/example_bash_operator.py for tasks to queue
[2024-05-11T15:24:11.148-0300] {logging_mixin.py:188} INFO - [2024-05-11T15:24:11.147-0300] {dagbag.py:545} INFO - Filling up the DagBag from /home/patricia/Documentos/airflow/airflow_venv/lib/python3.10/site-packages/airflow/example_dags/example_bash_operator.py
[2024-05-11T15:24:11.171-0300] {processor.py:840} INFO - DAG(s) 'example_bash_operator' retrieved from /home/patricia/Documentos/airflow/airflow_venv/lib/python3.10/site-packages/airflow/example_dags/example_bash_operator.py
[2024-05-11T15:24:11.209-0300] {logging_mixin.py:188} INFO - [2024-05-11T15:24:11.209-0300] {dag.py:3096} INFO - Sync 1 DAGs
[2024-05-11T15:24:11.234-0300] {logging_mixin.py:188} INFO - [2024-05-11T15:24:11.234-0300] {dag.py:3954} INFO - Setting next_dagrun for example_bash_operator to 2024-05-10 00:00:00+00:00, run_after=2024-05-11 00:00:00+00:00
[2024-05-11T15:24:11.274-0300] {processor.py:183} INFO - Processing /home/patricia/Documentos/airflow/airflow_venv/lib/python3.10/site-packages/airflow/example_dags/example_bash_operator.py took 0.146 seconds
[2024-05-11T15:27:01.697-0300] {processor.py:161} INFO - Started process (PID=7593) to work on /home/patricia/Documentos/airflow/airflow_venv/lib/python3.10/site-packages/airflow/example_dags/example_bash_operator.py
[2024-05-11T15:27:01.701-0300] {processor.py:830} INFO - Processing file /home/patricia/Documentos/airflow/airflow_venv/lib/python3.10/site-packages/airflow/example_dags/example_bash_operator.py for tasks to queue
[2024-05-11T15:27:01.704-0300] {logging_mixin.py:188} INFO - [2024-05-11T15:27:01.704-0300] {dagbag.py:545} INFO - Filling up the DagBag from /home/patricia/Documentos/airflow/airflow_venv/lib/python3.10/site-packages/airflow/example_dags/example_bash_operator.py
[2024-05-11T15:27:01.751-0300] {processor.py:840} INFO - DAG(s) 'example_bash_operator' retrieved from /home/patricia/Documentos/airflow/airflow_venv/lib/python3.10/site-packages/airflow/example_dags/example_bash_operator.py
[2024-05-11T15:27:01.934-0300] {logging_mixin.py:188} INFO - [2024-05-11T15:27:01.934-0300] {dag.py:3096} INFO - Sync 1 DAGs
[2024-05-11T15:27:02.109-0300] {logging_mixin.py:188} INFO - [2024-05-11T15:27:02.109-0300] {dag.py:3954} INFO - Setting next_dagrun for example_bash_operator to 2024-05-10 00:00:00+00:00, run_after=2024-05-11 00:00:00+00:00
[2024-05-11T15:27:02.146-0300] {processor.py:183} INFO - Processing /home/patricia/Documentos/airflow/airflow_venv/lib/python3.10/site-packages/airflow/example_dags/example_bash_operator.py took 0.461 seconds
[2024-05-11T15:28:34.047-0300] {processor.py:161} INFO - Started process (PID=7780) to work on /home/patricia/Documentos/airflow/airflow_venv/lib/python3.10/site-packages/airflow/example_dags/example_bash_operator.py
[2024-05-11T15:28:34.050-0300] {processor.py:830} INFO - Processing file /home/patricia/Documentos/airflow/airflow_venv/lib/python3.10/site-packages/airflow/example_dags/example_bash_operator.py for tasks to queue
[2024-05-11T15:28:34.055-0300] {logging_mixin.py:188} INFO - [2024-05-11T15:28:34.052-0300] {dagbag.py:545} INFO - Filling up the DagBag from /home/patricia/Documentos/airflow/airflow_venv/lib/python3.10/site-packages/airflow/example_dags/example_bash_operator.py
[2024-05-11T15:28:34.082-0300] {processor.py:840} INFO - DAG(s) 'example_bash_operator' retrieved from /home/patricia/Documentos/airflow/airflow_venv/lib/python3.10/site-packages/airflow/example_dags/example_bash_operator.py
[2024-05-11T15:28:34.141-0300] {logging_mixin.py:188} INFO - [2024-05-11T15:28:34.140-0300] {dag.py:3096} INFO - Sync 1 DAGs
[2024-05-11T15:28:34.183-0300] {logging_mixin.py:188} INFO - [2024-05-11T15:28:34.183-0300] {dag.py:3954} INFO - Setting next_dagrun for example_bash_operator to 2024-05-10 00:00:00+00:00, run_after=2024-05-11 00:00:00+00:00
[2024-05-11T15:28:34.460-0300] {processor.py:183} INFO - Processing /home/patricia/Documentos/airflow/airflow_venv/lib/python3.10/site-packages/airflow/example_dags/example_bash_operator.py took 0.439 seconds
[2024-05-11T15:29:57.690-0300] {processor.py:161} INFO - Started process (PID=7942) to work on /home/patricia/Documentos/airflow/airflow_venv/lib/python3.10/site-packages/airflow/example_dags/example_bash_operator.py
[2024-05-11T15:29:57.761-0300] {processor.py:830} INFO - Processing file /home/patricia/Documentos/airflow/airflow_venv/lib/python3.10/site-packages/airflow/example_dags/example_bash_operator.py for tasks to queue
[2024-05-11T15:29:57.764-0300] {logging_mixin.py:188} INFO - [2024-05-11T15:29:57.764-0300] {dagbag.py:545} INFO - Filling up the DagBag from /home/patricia/Documentos/airflow/airflow_venv/lib/python3.10/site-packages/airflow/example_dags/example_bash_operator.py
[2024-05-11T15:29:57.830-0300] {processor.py:840} INFO - DAG(s) 'example_bash_operator' retrieved from /home/patricia/Documentos/airflow/airflow_venv/lib/python3.10/site-packages/airflow/example_dags/example_bash_operator.py
[2024-05-11T15:29:57.876-0300] {logging_mixin.py:188} INFO - [2024-05-11T15:29:57.876-0300] {dag.py:3096} INFO - Sync 1 DAGs
[2024-05-11T15:29:57.907-0300] {logging_mixin.py:188} INFO - [2024-05-11T15:29:57.906-0300] {dag.py:3954} INFO - Setting next_dagrun for example_bash_operator to 2024-05-10 00:00:00+00:00, run_after=2024-05-11 00:00:00+00:00
[2024-05-11T15:29:58.387-0300] {processor.py:183} INFO - Processing /home/patricia/Documentos/airflow/airflow_venv/lib/python3.10/site-packages/airflow/example_dags/example_bash_operator.py took 0.713 seconds
[2024-05-11T15:31:22.131-0300] {processor.py:161} INFO - Started process (PID=8163) to work on /home/patricia/Documentos/airflow/airflow_venv/lib/python3.10/site-packages/airflow/example_dags/example_bash_operator.py
[2024-05-11T15:31:22.134-0300] {processor.py:830} INFO - Processing file /home/patricia/Documentos/airflow/airflow_venv/lib/python3.10/site-packages/airflow/example_dags/example_bash_operator.py for tasks to queue
[2024-05-11T15:31:22.137-0300] {logging_mixin.py:188} INFO - [2024-05-11T15:31:22.137-0300] {dagbag.py:545} INFO - Filling up the DagBag from /home/patricia/Documentos/airflow/airflow_venv/lib/python3.10/site-packages/airflow/example_dags/example_bash_operator.py
[2024-05-11T15:31:22.150-0300] {processor.py:840} INFO - DAG(s) 'example_bash_operator' retrieved from /home/patricia/Documentos/airflow/airflow_venv/lib/python3.10/site-packages/airflow/example_dags/example_bash_operator.py
[2024-05-11T15:31:22.207-0300] {logging_mixin.py:188} INFO - [2024-05-11T15:31:22.207-0300] {dag.py:3096} INFO - Sync 1 DAGs
[2024-05-11T15:31:22.244-0300] {logging_mixin.py:188} INFO - [2024-05-11T15:31:22.243-0300] {dag.py:3954} INFO - Setting next_dagrun for example_bash_operator to 2024-05-10 00:00:00+00:00, run_after=2024-05-11 00:00:00+00:00
[2024-05-11T15:31:22.300-0300] {processor.py:183} INFO - Processing /home/patricia/Documentos/airflow/airflow_venv/lib/python3.10/site-packages/airflow/example_dags/example_bash_operator.py took 0.175 seconds
[2024-05-11T15:32:25.880-0300] {processor.py:161} INFO - Started process (PID=8422) to work on /home/patricia/Documentos/airflow/airflow_venv/lib/python3.10/site-packages/airflow/example_dags/example_bash_operator.py
[2024-05-11T15:32:25.883-0300] {processor.py:830} INFO - Processing file /home/patricia/Documentos/airflow/airflow_venv/lib/python3.10/site-packages/airflow/example_dags/example_bash_operator.py for tasks to queue
[2024-05-11T15:32:25.886-0300] {logging_mixin.py:188} INFO - [2024-05-11T15:32:25.885-0300] {dagbag.py:545} INFO - Filling up the DagBag from /home/patricia/Documentos/airflow/airflow_venv/lib/python3.10/site-packages/airflow/example_dags/example_bash_operator.py
[2024-05-11T15:32:25.901-0300] {processor.py:840} INFO - DAG(s) 'example_bash_operator' retrieved from /home/patricia/Documentos/airflow/airflow_venv/lib/python3.10/site-packages/airflow/example_dags/example_bash_operator.py
[2024-05-11T15:32:25.928-0300] {logging_mixin.py:188} INFO - [2024-05-11T15:32:25.927-0300] {dag.py:3096} INFO - Sync 1 DAGs
[2024-05-11T15:32:25.953-0300] {logging_mixin.py:188} INFO - [2024-05-11T15:32:25.953-0300] {dag.py:3954} INFO - Setting next_dagrun for example_bash_operator to 2024-05-10 00:00:00+00:00, run_after=2024-05-11 00:00:00+00:00
[2024-05-11T15:32:25.989-0300] {processor.py:183} INFO - Processing /home/patricia/Documentos/airflow/airflow_venv/lib/python3.10/site-packages/airflow/example_dags/example_bash_operator.py took 0.117 seconds
[2024-05-11T15:33:33.507-0300] {processor.py:161} INFO - Started process (PID=8712) to work on /home/patricia/Documentos/airflow/airflow_venv/lib/python3.10/site-packages/airflow/example_dags/example_bash_operator.py
[2024-05-11T15:33:33.510-0300] {processor.py:830} INFO - Processing file /home/patricia/Documentos/airflow/airflow_venv/lib/python3.10/site-packages/airflow/example_dags/example_bash_operator.py for tasks to queue
[2024-05-11T15:33:33.512-0300] {logging_mixin.py:188} INFO - [2024-05-11T15:33:33.512-0300] {dagbag.py:545} INFO - Filling up the DagBag from /home/patricia/Documentos/airflow/airflow_venv/lib/python3.10/site-packages/airflow/example_dags/example_bash_operator.py
[2024-05-11T15:33:33.532-0300] {processor.py:840} INFO - DAG(s) 'example_bash_operator' retrieved from /home/patricia/Documentos/airflow/airflow_venv/lib/python3.10/site-packages/airflow/example_dags/example_bash_operator.py
[2024-05-11T15:33:33.557-0300] {logging_mixin.py:188} INFO - [2024-05-11T15:33:33.557-0300] {dag.py:3096} INFO - Sync 1 DAGs
[2024-05-11T15:33:33.579-0300] {logging_mixin.py:188} INFO - [2024-05-11T15:33:33.579-0300] {dag.py:3954} INFO - Setting next_dagrun for example_bash_operator to 2024-05-10 00:00:00+00:00, run_after=2024-05-11 00:00:00+00:00
[2024-05-11T15:33:33.628-0300] {processor.py:183} INFO - Processing /home/patricia/Documentos/airflow/airflow_venv/lib/python3.10/site-packages/airflow/example_dags/example_bash_operator.py took 0.135 seconds
[2024-05-11T15:34:51.073-0300] {processor.py:161} INFO - Started process (PID=9361) to work on /home/patricia/Documentos/airflow/airflow_venv/lib/python3.10/site-packages/airflow/example_dags/example_bash_operator.py
[2024-05-11T15:34:51.077-0300] {processor.py:830} INFO - Processing file /home/patricia/Documentos/airflow/airflow_venv/lib/python3.10/site-packages/airflow/example_dags/example_bash_operator.py for tasks to queue
[2024-05-11T15:34:51.079-0300] {logging_mixin.py:188} INFO - [2024-05-11T15:34:51.079-0300] {dagbag.py:545} INFO - Filling up the DagBag from /home/patricia/Documentos/airflow/airflow_venv/lib/python3.10/site-packages/airflow/example_dags/example_bash_operator.py
[2024-05-11T15:34:51.093-0300] {processor.py:840} INFO - DAG(s) 'example_bash_operator' retrieved from /home/patricia/Documentos/airflow/airflow_venv/lib/python3.10/site-packages/airflow/example_dags/example_bash_operator.py
[2024-05-11T15:34:51.141-0300] {logging_mixin.py:188} INFO - [2024-05-11T15:34:51.140-0300] {dag.py:3096} INFO - Sync 1 DAGs
[2024-05-11T15:34:51.180-0300] {logging_mixin.py:188} INFO - [2024-05-11T15:34:51.179-0300] {dag.py:3954} INFO - Setting next_dagrun for example_bash_operator to 2024-05-10 00:00:00+00:00, run_after=2024-05-11 00:00:00+00:00
[2024-05-11T15:34:51.216-0300] {processor.py:183} INFO - Processing /home/patricia/Documentos/airflow/airflow_venv/lib/python3.10/site-packages/airflow/example_dags/example_bash_operator.py took 0.168 seconds
[2024-05-11T15:36:06.755-0300] {processor.py:161} INFO - Started process (PID=9563) to work on /home/patricia/Documentos/airflow/airflow_venv/lib/python3.10/site-packages/airflow/example_dags/example_bash_operator.py
[2024-05-11T15:36:06.762-0300] {processor.py:830} INFO - Processing file /home/patricia/Documentos/airflow/airflow_venv/lib/python3.10/site-packages/airflow/example_dags/example_bash_operator.py for tasks to queue
[2024-05-11T15:36:06.766-0300] {logging_mixin.py:188} INFO - [2024-05-11T15:36:06.765-0300] {dagbag.py:545} INFO - Filling up the DagBag from /home/patricia/Documentos/airflow/airflow_venv/lib/python3.10/site-packages/airflow/example_dags/example_bash_operator.py
[2024-05-11T15:36:06.823-0300] {processor.py:840} INFO - DAG(s) 'example_bash_operator' retrieved from /home/patricia/Documentos/airflow/airflow_venv/lib/python3.10/site-packages/airflow/example_dags/example_bash_operator.py
[2024-05-11T15:36:06.864-0300] {logging_mixin.py:188} INFO - [2024-05-11T15:36:06.864-0300] {dag.py:3096} INFO - Sync 1 DAGs
[2024-05-11T15:36:06.965-0300] {logging_mixin.py:188} INFO - [2024-05-11T15:36:06.965-0300] {dag.py:3954} INFO - Setting next_dagrun for example_bash_operator to 2024-05-10 00:00:00+00:00, run_after=2024-05-11 00:00:00+00:00
[2024-05-11T15:36:07.017-0300] {processor.py:183} INFO - Processing /home/patricia/Documentos/airflow/airflow_venv/lib/python3.10/site-packages/airflow/example_dags/example_bash_operator.py took 0.270 seconds
[2024-05-11T15:37:30.853-0300] {processor.py:161} INFO - Started process (PID=9849) to work on /home/patricia/Documentos/airflow/airflow_venv/lib/python3.10/site-packages/airflow/example_dags/example_bash_operator.py
[2024-05-11T15:37:30.858-0300] {processor.py:830} INFO - Processing file /home/patricia/Documentos/airflow/airflow_venv/lib/python3.10/site-packages/airflow/example_dags/example_bash_operator.py for tasks to queue
[2024-05-11T15:37:30.867-0300] {logging_mixin.py:188} INFO - [2024-05-11T15:37:30.866-0300] {dagbag.py:545} INFO - Filling up the DagBag from /home/patricia/Documentos/airflow/airflow_venv/lib/python3.10/site-packages/airflow/example_dags/example_bash_operator.py
[2024-05-11T15:37:30.911-0300] {processor.py:840} INFO - DAG(s) 'example_bash_operator' retrieved from /home/patricia/Documentos/airflow/airflow_venv/lib/python3.10/site-packages/airflow/example_dags/example_bash_operator.py
[2024-05-11T15:37:31.009-0300] {logging_mixin.py:188} INFO - [2024-05-11T15:37:31.008-0300] {dag.py:3096} INFO - Sync 1 DAGs
[2024-05-11T15:37:31.145-0300] {logging_mixin.py:188} INFO - [2024-05-11T15:37:31.145-0300] {dag.py:3954} INFO - Setting next_dagrun for example_bash_operator to 2024-05-10 00:00:00+00:00, run_after=2024-05-11 00:00:00+00:00
[2024-05-11T15:37:31.262-0300] {processor.py:183} INFO - Processing /home/patricia/Documentos/airflow/airflow_venv/lib/python3.10/site-packages/airflow/example_dags/example_bash_operator.py took 0.469 seconds
[2024-05-11T15:39:16.398-0300] {processor.py:161} INFO - Started process (PID=10024) to work on /home/patricia/Documentos/airflow/airflow_venv/lib/python3.10/site-packages/airflow/example_dags/example_bash_operator.py
[2024-05-11T15:39:16.402-0300] {processor.py:830} INFO - Processing file /home/patricia/Documentos/airflow/airflow_venv/lib/python3.10/site-packages/airflow/example_dags/example_bash_operator.py for tasks to queue
[2024-05-11T15:39:16.473-0300] {logging_mixin.py:188} INFO - [2024-05-11T15:39:16.471-0300] {dagbag.py:545} INFO - Filling up the DagBag from /home/patricia/Documentos/airflow/airflow_venv/lib/python3.10/site-packages/airflow/example_dags/example_bash_operator.py
[2024-05-11T15:39:16.523-0300] {processor.py:840} INFO - DAG(s) 'example_bash_operator' retrieved from /home/patricia/Documentos/airflow/airflow_venv/lib/python3.10/site-packages/airflow/example_dags/example_bash_operator.py
[2024-05-11T15:39:16.586-0300] {logging_mixin.py:188} INFO - [2024-05-11T15:39:16.585-0300] {dag.py:3096} INFO - Sync 1 DAGs
[2024-05-11T15:39:16.630-0300] {logging_mixin.py:188} INFO - [2024-05-11T15:39:16.630-0300] {dag.py:3954} INFO - Setting next_dagrun for example_bash_operator to 2024-05-10 00:00:00+00:00, run_after=2024-05-11 00:00:00+00:00
[2024-05-11T15:39:16.886-0300] {processor.py:183} INFO - Processing /home/patricia/Documentos/airflow/airflow_venv/lib/python3.10/site-packages/airflow/example_dags/example_bash_operator.py took 0.513 seconds
[2024-05-11T15:40:35.427-0300] {processor.py:161} INFO - Started process (PID=10575) to work on /home/patricia/Documentos/airflow/airflow_venv/lib/python3.10/site-packages/airflow/example_dags/example_bash_operator.py
[2024-05-11T15:40:35.460-0300] {processor.py:830} INFO - Processing file /home/patricia/Documentos/airflow/airflow_venv/lib/python3.10/site-packages/airflow/example_dags/example_bash_operator.py for tasks to queue
[2024-05-11T15:40:35.463-0300] {logging_mixin.py:188} INFO - [2024-05-11T15:40:35.463-0300] {dagbag.py:545} INFO - Filling up the DagBag from /home/patricia/Documentos/airflow/airflow_venv/lib/python3.10/site-packages/airflow/example_dags/example_bash_operator.py
[2024-05-11T15:40:35.523-0300] {processor.py:840} INFO - DAG(s) 'example_bash_operator' retrieved from /home/patricia/Documentos/airflow/airflow_venv/lib/python3.10/site-packages/airflow/example_dags/example_bash_operator.py
[2024-05-11T15:40:35.575-0300] {logging_mixin.py:188} INFO - [2024-05-11T15:40:35.574-0300] {dag.py:3096} INFO - Sync 1 DAGs
[2024-05-11T15:40:35.688-0300] {logging_mixin.py:188} INFO - [2024-05-11T15:40:35.688-0300] {dag.py:3954} INFO - Setting next_dagrun for example_bash_operator to 2024-05-10 00:00:00+00:00, run_after=2024-05-11 00:00:00+00:00
[2024-05-11T15:40:35.786-0300] {processor.py:183} INFO - Processing /home/patricia/Documentos/airflow/airflow_venv/lib/python3.10/site-packages/airflow/example_dags/example_bash_operator.py took 0.378 seconds
[2024-05-11T16:29:08.879-0300] {processor.py:161} INFO - Started process (PID=11095) to work on /home/patricia/Documentos/airflow/airflow_venv/lib/python3.10/site-packages/airflow/example_dags/example_bash_operator.py
[2024-05-11T16:29:08.887-0300] {processor.py:830} INFO - Processing file /home/patricia/Documentos/airflow/airflow_venv/lib/python3.10/site-packages/airflow/example_dags/example_bash_operator.py for tasks to queue
[2024-05-11T16:29:08.898-0300] {logging_mixin.py:188} INFO - [2024-05-11T16:29:08.897-0300] {dagbag.py:545} INFO - Filling up the DagBag from /home/patricia/Documentos/airflow/airflow_venv/lib/python3.10/site-packages/airflow/example_dags/example_bash_operator.py
[2024-05-11T16:29:09.051-0300] {processor.py:840} INFO - DAG(s) 'example_bash_operator' retrieved from /home/patricia/Documentos/airflow/airflow_venv/lib/python3.10/site-packages/airflow/example_dags/example_bash_operator.py
[2024-05-11T16:29:11.921-0300] {logging_mixin.py:188} INFO - [2024-05-11T16:29:11.920-0300] {dag.py:3096} INFO - Sync 1 DAGs
[2024-05-11T16:29:13.718-0300] {logging_mixin.py:188} INFO - [2024-05-11T16:29:13.717-0300] {dag.py:3954} INFO - Setting next_dagrun for example_bash_operator to 2024-05-10 00:00:00+00:00, run_after=2024-05-11 00:00:00+00:00
[2024-05-11T16:29:14.270-0300] {processor.py:183} INFO - Processing /home/patricia/Documentos/airflow/airflow_venv/lib/python3.10/site-packages/airflow/example_dags/example_bash_operator.py took 5.516 seconds
[2024-05-11T16:31:14.435-0300] {processor.py:161} INFO - Started process (PID=11334) to work on /home/patricia/Documentos/airflow/airflow_venv/lib/python3.10/site-packages/airflow/example_dags/example_bash_operator.py
[2024-05-11T16:31:14.444-0300] {processor.py:830} INFO - Processing file /home/patricia/Documentos/airflow/airflow_venv/lib/python3.10/site-packages/airflow/example_dags/example_bash_operator.py for tasks to queue
[2024-05-11T16:31:14.450-0300] {logging_mixin.py:188} INFO - [2024-05-11T16:31:14.449-0300] {dagbag.py:545} INFO - Filling up the DagBag from /home/patricia/Documentos/airflow/airflow_venv/lib/python3.10/site-packages/airflow/example_dags/example_bash_operator.py
[2024-05-11T16:31:14.529-0300] {processor.py:840} INFO - DAG(s) 'example_bash_operator' retrieved from /home/patricia/Documentos/airflow/airflow_venv/lib/python3.10/site-packages/airflow/example_dags/example_bash_operator.py
[2024-05-11T16:31:14.624-0300] {logging_mixin.py:188} INFO - [2024-05-11T16:31:14.624-0300] {dag.py:3096} INFO - Sync 1 DAGs
[2024-05-11T16:31:14.686-0300] {logging_mixin.py:188} INFO - [2024-05-11T16:31:14.686-0300] {dag.py:3954} INFO - Setting next_dagrun for example_bash_operator to 2024-05-10 00:00:00+00:00, run_after=2024-05-11 00:00:00+00:00
[2024-05-11T16:31:14.876-0300] {processor.py:183} INFO - Processing /home/patricia/Documentos/airflow/airflow_venv/lib/python3.10/site-packages/airflow/example_dags/example_bash_operator.py took 0.467 seconds
[2024-05-11T16:33:18.017-0300] {processor.py:161} INFO - Started process (PID=11588) to work on /home/patricia/Documentos/airflow/airflow_venv/lib/python3.10/site-packages/airflow/example_dags/example_bash_operator.py
[2024-05-11T16:33:18.023-0300] {processor.py:830} INFO - Processing file /home/patricia/Documentos/airflow/airflow_venv/lib/python3.10/site-packages/airflow/example_dags/example_bash_operator.py for tasks to queue
[2024-05-11T16:33:18.045-0300] {logging_mixin.py:188} INFO - [2024-05-11T16:33:18.042-0300] {dagbag.py:545} INFO - Filling up the DagBag from /home/patricia/Documentos/airflow/airflow_venv/lib/python3.10/site-packages/airflow/example_dags/example_bash_operator.py
[2024-05-11T16:33:18.203-0300] {processor.py:840} INFO - DAG(s) 'example_bash_operator' retrieved from /home/patricia/Documentos/airflow/airflow_venv/lib/python3.10/site-packages/airflow/example_dags/example_bash_operator.py
[2024-05-11T16:33:18.262-0300] {logging_mixin.py:188} INFO - [2024-05-11T16:33:18.261-0300] {dag.py:3096} INFO - Sync 1 DAGs
[2024-05-11T16:33:18.314-0300] {logging_mixin.py:188} INFO - [2024-05-11T16:33:18.314-0300] {dag.py:3954} INFO - Setting next_dagrun for example_bash_operator to 2024-05-10 00:00:00+00:00, run_after=2024-05-11 00:00:00+00:00
[2024-05-11T16:33:18.378-0300] {processor.py:183} INFO - Processing /home/patricia/Documentos/airflow/airflow_venv/lib/python3.10/site-packages/airflow/example_dags/example_bash_operator.py took 0.392 seconds
[2024-05-11T16:34:58.479-0300] {processor.py:161} INFO - Started process (PID=11772) to work on /home/patricia/Documentos/airflow/airflow_venv/lib/python3.10/site-packages/airflow/example_dags/example_bash_operator.py
[2024-05-11T16:34:58.484-0300] {processor.py:830} INFO - Processing file /home/patricia/Documentos/airflow/airflow_venv/lib/python3.10/site-packages/airflow/example_dags/example_bash_operator.py for tasks to queue
[2024-05-11T16:34:58.490-0300] {logging_mixin.py:188} INFO - [2024-05-11T16:34:58.489-0300] {dagbag.py:545} INFO - Filling up the DagBag from /home/patricia/Documentos/airflow/airflow_venv/lib/python3.10/site-packages/airflow/example_dags/example_bash_operator.py
[2024-05-11T16:34:58.527-0300] {processor.py:840} INFO - DAG(s) 'example_bash_operator' retrieved from /home/patricia/Documentos/airflow/airflow_venv/lib/python3.10/site-packages/airflow/example_dags/example_bash_operator.py
[2024-05-11T16:34:58.590-0300] {logging_mixin.py:188} INFO - [2024-05-11T16:34:58.590-0300] {dag.py:3096} INFO - Sync 1 DAGs
[2024-05-11T16:34:58.638-0300] {logging_mixin.py:188} INFO - [2024-05-11T16:34:58.638-0300] {dag.py:3954} INFO - Setting next_dagrun for example_bash_operator to 2024-05-10 00:00:00+00:00, run_after=2024-05-11 00:00:00+00:00
[2024-05-11T16:34:58.715-0300] {processor.py:183} INFO - Processing /home/patricia/Documentos/airflow/airflow_venv/lib/python3.10/site-packages/airflow/example_dags/example_bash_operator.py took 0.256 seconds
[2024-05-11T16:36:36.977-0300] {processor.py:161} INFO - Started process (PID=11923) to work on /home/patricia/Documentos/airflow/airflow_venv/lib/python3.10/site-packages/airflow/example_dags/example_bash_operator.py
[2024-05-11T16:36:36.986-0300] {processor.py:830} INFO - Processing file /home/patricia/Documentos/airflow/airflow_venv/lib/python3.10/site-packages/airflow/example_dags/example_bash_operator.py for tasks to queue
[2024-05-11T16:36:36.996-0300] {logging_mixin.py:188} INFO - [2024-05-11T16:36:36.994-0300] {dagbag.py:545} INFO - Filling up the DagBag from /home/patricia/Documentos/airflow/airflow_venv/lib/python3.10/site-packages/airflow/example_dags/example_bash_operator.py
[2024-05-11T16:36:37.033-0300] {processor.py:840} INFO - DAG(s) 'example_bash_operator' retrieved from /home/patricia/Documentos/airflow/airflow_venv/lib/python3.10/site-packages/airflow/example_dags/example_bash_operator.py
[2024-05-11T16:36:37.093-0300] {logging_mixin.py:188} INFO - [2024-05-11T16:36:37.092-0300] {dag.py:3096} INFO - Sync 1 DAGs
[2024-05-11T16:36:37.141-0300] {logging_mixin.py:188} INFO - [2024-05-11T16:36:37.140-0300] {dag.py:3954} INFO - Setting next_dagrun for example_bash_operator to 2024-05-10 00:00:00+00:00, run_after=2024-05-11 00:00:00+00:00
[2024-05-11T16:36:37.201-0300] {processor.py:183} INFO - Processing /home/patricia/Documentos/airflow/airflow_venv/lib/python3.10/site-packages/airflow/example_dags/example_bash_operator.py took 0.273 seconds
