[2024-05-11T15:11:31.688-0300] {processor.py:161} INFO - Started process (PID=4514) to work on /home/patricia/Documentos/airflow/airflow_venv/lib/python3.10/site-packages/airflow/example_dags/example_xcomargs.py
[2024-05-11T15:11:31.691-0300] {processor.py:830} INFO - Processing file /home/patricia/Documentos/airflow/airflow_venv/lib/python3.10/site-packages/airflow/example_dags/example_xcomargs.py for tasks to queue
[2024-05-11T15:11:31.696-0300] {logging_mixin.py:188} INFO - [2024-05-11T15:11:31.695-0300] {dagbag.py:545} INFO - Filling up the DagBag from /home/patricia/Documentos/airflow/airflow_venv/lib/python3.10/site-packages/airflow/example_dags/example_xcomargs.py
[2024-05-11T15:11:31.713-0300] {processor.py:840} INFO - DAG(s) 'example_xcom_args_with_operators', 'example_xcom_args' retrieved from /home/patricia/Documentos/airflow/airflow_venv/lib/python3.10/site-packages/airflow/example_dags/example_xcomargs.py
[2024-05-11T15:11:31.837-0300] {logging_mixin.py:188} INFO - [2024-05-11T15:11:31.836-0300] {dag.py:3096} INFO - Sync 2 DAGs
[2024-05-11T15:11:31.850-0300] {logging_mixin.py:188} INFO - [2024-05-11T15:11:31.849-0300] {dag.py:3954} INFO - Setting next_dagrun for example_xcom_args to None, run_after=None
[2024-05-11T15:11:31.858-0300] {logging_mixin.py:188} INFO - [2024-05-11T15:11:31.858-0300] {dag.py:3954} INFO - Setting next_dagrun for example_xcom_args_with_operators to None, run_after=None
[2024-05-11T15:11:31.899-0300] {processor.py:183} INFO - Processing /home/patricia/Documentos/airflow/airflow_venv/lib/python3.10/site-packages/airflow/example_dags/example_xcomargs.py took 0.227 seconds
[2024-05-11T15:13:37.100-0300] {processor.py:161} INFO - Started process (PID=4743) to work on /home/patricia/Documentos/airflow/airflow_venv/lib/python3.10/site-packages/airflow/example_dags/example_xcomargs.py
[2024-05-11T15:13:37.106-0300] {processor.py:830} INFO - Processing file /home/patricia/Documentos/airflow/airflow_venv/lib/python3.10/site-packages/airflow/example_dags/example_xcomargs.py for tasks to queue
[2024-05-11T15:13:37.111-0300] {logging_mixin.py:188} INFO - [2024-05-11T15:13:37.110-0300] {dagbag.py:545} INFO - Filling up the DagBag from /home/patricia/Documentos/airflow/airflow_venv/lib/python3.10/site-packages/airflow/example_dags/example_xcomargs.py
[2024-05-11T15:13:37.136-0300] {processor.py:840} INFO - DAG(s) 'example_xcom_args', 'example_xcom_args_with_operators' retrieved from /home/patricia/Documentos/airflow/airflow_venv/lib/python3.10/site-packages/airflow/example_dags/example_xcomargs.py
[2024-05-11T15:13:37.174-0300] {logging_mixin.py:188} INFO - [2024-05-11T15:13:37.173-0300] {dag.py:3096} INFO - Sync 2 DAGs
[2024-05-11T15:13:37.199-0300] {logging_mixin.py:188} INFO - [2024-05-11T15:13:37.199-0300] {dag.py:3954} INFO - Setting next_dagrun for example_xcom_args to None, run_after=None
[2024-05-11T15:13:37.206-0300] {logging_mixin.py:188} INFO - [2024-05-11T15:13:37.205-0300] {dag.py:3954} INFO - Setting next_dagrun for example_xcom_args_with_operators to None, run_after=None
[2024-05-11T15:13:37.256-0300] {processor.py:183} INFO - Processing /home/patricia/Documentos/airflow/airflow_venv/lib/python3.10/site-packages/airflow/example_dags/example_xcomargs.py took 0.168 seconds
[2024-05-11T15:15:07.264-0300] {processor.py:161} INFO - Started process (PID=4959) to work on /home/patricia/Documentos/airflow/airflow_venv/lib/python3.10/site-packages/airflow/example_dags/example_xcomargs.py
[2024-05-11T15:15:07.268-0300] {processor.py:830} INFO - Processing file /home/patricia/Documentos/airflow/airflow_venv/lib/python3.10/site-packages/airflow/example_dags/example_xcomargs.py for tasks to queue
[2024-05-11T15:15:07.271-0300] {logging_mixin.py:188} INFO - [2024-05-11T15:15:07.271-0300] {dagbag.py:545} INFO - Filling up the DagBag from /home/patricia/Documentos/airflow/airflow_venv/lib/python3.10/site-packages/airflow/example_dags/example_xcomargs.py
[2024-05-11T15:15:07.390-0300] {processor.py:840} INFO - DAG(s) 'example_xcom_args_with_operators', 'example_xcom_args' retrieved from /home/patricia/Documentos/airflow/airflow_venv/lib/python3.10/site-packages/airflow/example_dags/example_xcomargs.py
[2024-05-11T15:15:07.404-0300] {logging_mixin.py:188} INFO - [2024-05-11T15:15:07.404-0300] {dag.py:3096} INFO - Sync 2 DAGs
[2024-05-11T15:15:07.415-0300] {logging_mixin.py:188} INFO - [2024-05-11T15:15:07.414-0300] {dag.py:3954} INFO - Setting next_dagrun for example_xcom_args to None, run_after=None
[2024-05-11T15:15:07.418-0300] {logging_mixin.py:188} INFO - [2024-05-11T15:15:07.418-0300] {dag.py:3954} INFO - Setting next_dagrun for example_xcom_args_with_operators to None, run_after=None
[2024-05-11T15:15:07.482-0300] {processor.py:183} INFO - Processing /home/patricia/Documentos/airflow/airflow_venv/lib/python3.10/site-packages/airflow/example_dags/example_xcomargs.py took 0.231 seconds
[2024-05-11T15:16:11.831-0300] {processor.py:161} INFO - Started process (PID=5100) to work on /home/patricia/Documentos/airflow/airflow_venv/lib/python3.10/site-packages/airflow/example_dags/example_xcomargs.py
[2024-05-11T15:16:11.833-0300] {processor.py:830} INFO - Processing file /home/patricia/Documentos/airflow/airflow_venv/lib/python3.10/site-packages/airflow/example_dags/example_xcomargs.py for tasks to queue
[2024-05-11T15:16:11.836-0300] {logging_mixin.py:188} INFO - [2024-05-11T15:16:11.835-0300] {dagbag.py:545} INFO - Filling up the DagBag from /home/patricia/Documentos/airflow/airflow_venv/lib/python3.10/site-packages/airflow/example_dags/example_xcomargs.py
[2024-05-11T15:16:11.847-0300] {processor.py:840} INFO - DAG(s) 'example_xcom_args', 'example_xcom_args_with_operators' retrieved from /home/patricia/Documentos/airflow/airflow_venv/lib/python3.10/site-packages/airflow/example_dags/example_xcomargs.py
[2024-05-11T15:16:11.868-0300] {logging_mixin.py:188} INFO - [2024-05-11T15:16:11.867-0300] {dag.py:3096} INFO - Sync 2 DAGs
[2024-05-11T15:16:11.881-0300] {logging_mixin.py:188} INFO - [2024-05-11T15:16:11.881-0300] {dag.py:3954} INFO - Setting next_dagrun for example_xcom_args to None, run_after=None
[2024-05-11T15:16:11.885-0300] {logging_mixin.py:188} INFO - [2024-05-11T15:16:11.885-0300] {dag.py:3954} INFO - Setting next_dagrun for example_xcom_args_with_operators to None, run_after=None
[2024-05-11T15:16:11.916-0300] {processor.py:183} INFO - Processing /home/patricia/Documentos/airflow/airflow_venv/lib/python3.10/site-packages/airflow/example_dags/example_xcomargs.py took 0.093 seconds
[2024-05-11T15:17:14.505-0300] {processor.py:161} INFO - Started process (PID=5224) to work on /home/patricia/Documentos/airflow/airflow_venv/lib/python3.10/site-packages/airflow/example_dags/example_xcomargs.py
[2024-05-11T15:17:14.513-0300] {processor.py:830} INFO - Processing file /home/patricia/Documentos/airflow/airflow_venv/lib/python3.10/site-packages/airflow/example_dags/example_xcomargs.py for tasks to queue
[2024-05-11T15:17:14.517-0300] {logging_mixin.py:188} INFO - [2024-05-11T15:17:14.516-0300] {dagbag.py:545} INFO - Filling up the DagBag from /home/patricia/Documentos/airflow/airflow_venv/lib/python3.10/site-packages/airflow/example_dags/example_xcomargs.py
[2024-05-11T15:17:14.532-0300] {processor.py:840} INFO - DAG(s) 'example_xcom_args', 'example_xcom_args_with_operators' retrieved from /home/patricia/Documentos/airflow/airflow_venv/lib/python3.10/site-packages/airflow/example_dags/example_xcomargs.py
[2024-05-11T15:17:14.570-0300] {logging_mixin.py:188} INFO - [2024-05-11T15:17:14.570-0300] {dag.py:3096} INFO - Sync 2 DAGs
[2024-05-11T15:17:14.591-0300] {logging_mixin.py:188} INFO - [2024-05-11T15:17:14.591-0300] {dag.py:3954} INFO - Setting next_dagrun for example_xcom_args to None, run_after=None
[2024-05-11T15:17:14.600-0300] {logging_mixin.py:188} INFO - [2024-05-11T15:17:14.599-0300] {dag.py:3954} INFO - Setting next_dagrun for example_xcom_args_with_operators to None, run_after=None
[2024-05-11T15:17:14.651-0300] {processor.py:183} INFO - Processing /home/patricia/Documentos/airflow/airflow_venv/lib/python3.10/site-packages/airflow/example_dags/example_xcomargs.py took 0.156 seconds
[2024-05-11T15:18:21.338-0300] {processor.py:161} INFO - Started process (PID=5613) to work on /home/patricia/Documentos/airflow/airflow_venv/lib/python3.10/site-packages/airflow/example_dags/example_xcomargs.py
[2024-05-11T15:18:21.342-0300] {processor.py:830} INFO - Processing file /home/patricia/Documentos/airflow/airflow_venv/lib/python3.10/site-packages/airflow/example_dags/example_xcomargs.py for tasks to queue
[2024-05-11T15:18:21.345-0300] {logging_mixin.py:188} INFO - [2024-05-11T15:18:21.344-0300] {dagbag.py:545} INFO - Filling up the DagBag from /home/patricia/Documentos/airflow/airflow_venv/lib/python3.10/site-packages/airflow/example_dags/example_xcomargs.py
[2024-05-11T15:18:21.365-0300] {processor.py:840} INFO - DAG(s) 'example_xcom_args_with_operators', 'example_xcom_args' retrieved from /home/patricia/Documentos/airflow/airflow_venv/lib/python3.10/site-packages/airflow/example_dags/example_xcomargs.py
[2024-05-11T15:18:21.403-0300] {logging_mixin.py:188} INFO - [2024-05-11T15:18:21.403-0300] {dag.py:3096} INFO - Sync 2 DAGs
[2024-05-11T15:18:21.432-0300] {logging_mixin.py:188} INFO - [2024-05-11T15:18:21.431-0300] {dag.py:3954} INFO - Setting next_dagrun for example_xcom_args to None, run_after=None
[2024-05-11T15:18:21.438-0300] {logging_mixin.py:188} INFO - [2024-05-11T15:18:21.437-0300] {dag.py:3954} INFO - Setting next_dagrun for example_xcom_args_with_operators to None, run_after=None
[2024-05-11T15:18:21.513-0300] {processor.py:183} INFO - Processing /home/patricia/Documentos/airflow/airflow_venv/lib/python3.10/site-packages/airflow/example_dags/example_xcomargs.py took 0.198 seconds
[2024-05-11T15:19:30.787-0300] {processor.py:161} INFO - Started process (PID=5987) to work on /home/patricia/Documentos/airflow/airflow_venv/lib/python3.10/site-packages/airflow/example_dags/example_xcomargs.py
[2024-05-11T15:19:30.794-0300] {processor.py:830} INFO - Processing file /home/patricia/Documentos/airflow/airflow_venv/lib/python3.10/site-packages/airflow/example_dags/example_xcomargs.py for tasks to queue
[2024-05-11T15:19:30.796-0300] {logging_mixin.py:188} INFO - [2024-05-11T15:19:30.796-0300] {dagbag.py:545} INFO - Filling up the DagBag from /home/patricia/Documentos/airflow/airflow_venv/lib/python3.10/site-packages/airflow/example_dags/example_xcomargs.py
[2024-05-11T15:19:30.829-0300] {processor.py:840} INFO - DAG(s) 'example_xcom_args', 'example_xcom_args_with_operators' retrieved from /home/patricia/Documentos/airflow/airflow_venv/lib/python3.10/site-packages/airflow/example_dags/example_xcomargs.py
[2024-05-11T15:19:30.895-0300] {logging_mixin.py:188} INFO - [2024-05-11T15:19:30.895-0300] {dag.py:3096} INFO - Sync 2 DAGs
[2024-05-11T15:19:30.918-0300] {logging_mixin.py:188} INFO - [2024-05-11T15:19:30.918-0300] {dag.py:3954} INFO - Setting next_dagrun for example_xcom_args to None, run_after=None
[2024-05-11T15:19:30.922-0300] {logging_mixin.py:188} INFO - [2024-05-11T15:19:30.922-0300] {dag.py:3954} INFO - Setting next_dagrun for example_xcom_args_with_operators to None, run_after=None
[2024-05-11T15:19:30.972-0300] {processor.py:183} INFO - Processing /home/patricia/Documentos/airflow/airflow_venv/lib/python3.10/site-packages/airflow/example_dags/example_xcomargs.py took 0.197 seconds
[2024-05-11T15:21:07.566-0300] {processor.py:161} INFO - Started process (PID=6167) to work on /home/patricia/Documentos/airflow/airflow_venv/lib/python3.10/site-packages/airflow/example_dags/example_xcomargs.py
[2024-05-11T15:21:07.792-0300] {processor.py:830} INFO - Processing file /home/patricia/Documentos/airflow/airflow_venv/lib/python3.10/site-packages/airflow/example_dags/example_xcomargs.py for tasks to queue
[2024-05-11T15:21:07.795-0300] {logging_mixin.py:188} INFO - [2024-05-11T15:21:07.795-0300] {dagbag.py:545} INFO - Filling up the DagBag from /home/patricia/Documentos/airflow/airflow_venv/lib/python3.10/site-packages/airflow/example_dags/example_xcomargs.py
[2024-05-11T15:21:07.807-0300] {processor.py:840} INFO - DAG(s) 'example_xcom_args', 'example_xcom_args_with_operators' retrieved from /home/patricia/Documentos/airflow/airflow_venv/lib/python3.10/site-packages/airflow/example_dags/example_xcomargs.py
[2024-05-11T15:21:07.846-0300] {logging_mixin.py:188} INFO - [2024-05-11T15:21:07.846-0300] {dag.py:3096} INFO - Sync 2 DAGs
[2024-05-11T15:21:07.861-0300] {logging_mixin.py:188} INFO - [2024-05-11T15:21:07.861-0300] {dag.py:3954} INFO - Setting next_dagrun for example_xcom_args to None, run_after=None
[2024-05-11T15:21:07.865-0300] {logging_mixin.py:188} INFO - [2024-05-11T15:21:07.865-0300] {dag.py:3954} INFO - Setting next_dagrun for example_xcom_args_with_operators to None, run_after=None
[2024-05-11T15:21:09.349-0300] {processor.py:183} INFO - Processing /home/patricia/Documentos/airflow/airflow_venv/lib/python3.10/site-packages/airflow/example_dags/example_xcomargs.py took 1.794 seconds
[2024-05-11T15:22:36.261-0300] {processor.py:161} INFO - Started process (PID=6339) to work on /home/patricia/Documentos/airflow/airflow_venv/lib/python3.10/site-packages/airflow/example_dags/example_xcomargs.py
[2024-05-11T15:22:36.270-0300] {processor.py:830} INFO - Processing file /home/patricia/Documentos/airflow/airflow_venv/lib/python3.10/site-packages/airflow/example_dags/example_xcomargs.py for tasks to queue
[2024-05-11T15:22:36.280-0300] {logging_mixin.py:188} INFO - [2024-05-11T15:22:36.272-0300] {dagbag.py:545} INFO - Filling up the DagBag from /home/patricia/Documentos/airflow/airflow_venv/lib/python3.10/site-packages/airflow/example_dags/example_xcomargs.py
[2024-05-11T15:22:36.312-0300] {processor.py:840} INFO - DAG(s) 'example_xcom_args', 'example_xcom_args_with_operators' retrieved from /home/patricia/Documentos/airflow/airflow_venv/lib/python3.10/site-packages/airflow/example_dags/example_xcomargs.py
[2024-05-11T15:22:36.333-0300] {logging_mixin.py:188} INFO - [2024-05-11T15:22:36.332-0300] {dag.py:3096} INFO - Sync 2 DAGs
[2024-05-11T15:22:36.347-0300] {logging_mixin.py:188} INFO - [2024-05-11T15:22:36.346-0300] {dag.py:3954} INFO - Setting next_dagrun for example_xcom_args to None, run_after=None
[2024-05-11T15:22:36.352-0300] {logging_mixin.py:188} INFO - [2024-05-11T15:22:36.352-0300] {dag.py:3954} INFO - Setting next_dagrun for example_xcom_args_with_operators to None, run_after=None
[2024-05-11T15:22:36.383-0300] {processor.py:183} INFO - Processing /home/patricia/Documentos/airflow/airflow_venv/lib/python3.10/site-packages/airflow/example_dags/example_xcomargs.py took 0.129 seconds
[2024-05-11T15:23:37.273-0300] {processor.py:161} INFO - Started process (PID=6468) to work on /home/patricia/Documentos/airflow/airflow_venv/lib/python3.10/site-packages/airflow/example_dags/example_xcomargs.py
[2024-05-11T15:23:37.277-0300] {processor.py:830} INFO - Processing file /home/patricia/Documentos/airflow/airflow_venv/lib/python3.10/site-packages/airflow/example_dags/example_xcomargs.py for tasks to queue
[2024-05-11T15:23:37.281-0300] {logging_mixin.py:188} INFO - [2024-05-11T15:23:37.280-0300] {dagbag.py:545} INFO - Filling up the DagBag from /home/patricia/Documentos/airflow/airflow_venv/lib/python3.10/site-packages/airflow/example_dags/example_xcomargs.py
[2024-05-11T15:23:37.292-0300] {processor.py:840} INFO - DAG(s) 'example_xcom_args', 'example_xcom_args_with_operators' retrieved from /home/patricia/Documentos/airflow/airflow_venv/lib/python3.10/site-packages/airflow/example_dags/example_xcomargs.py
[2024-05-11T15:23:37.364-0300] {logging_mixin.py:188} INFO - [2024-05-11T15:23:37.364-0300] {dag.py:3096} INFO - Sync 2 DAGs
[2024-05-11T15:23:37.379-0300] {logging_mixin.py:188} INFO - [2024-05-11T15:23:37.379-0300] {dag.py:3954} INFO - Setting next_dagrun for example_xcom_args to None, run_after=None
[2024-05-11T15:23:37.383-0300] {logging_mixin.py:188} INFO - [2024-05-11T15:23:37.383-0300] {dag.py:3954} INFO - Setting next_dagrun for example_xcom_args_with_operators to None, run_after=None
[2024-05-11T15:23:37.416-0300] {processor.py:183} INFO - Processing /home/patricia/Documentos/airflow/airflow_venv/lib/python3.10/site-packages/airflow/example_dags/example_xcomargs.py took 0.161 seconds
[2024-05-11T15:24:39.655-0300] {processor.py:161} INFO - Started process (PID=6584) to work on /home/patricia/Documentos/airflow/airflow_venv/lib/python3.10/site-packages/airflow/example_dags/example_xcomargs.py
[2024-05-11T15:24:39.661-0300] {processor.py:830} INFO - Processing file /home/patricia/Documentos/airflow/airflow_venv/lib/python3.10/site-packages/airflow/example_dags/example_xcomargs.py for tasks to queue
[2024-05-11T15:24:39.664-0300] {logging_mixin.py:188} INFO - [2024-05-11T15:24:39.663-0300] {dagbag.py:545} INFO - Filling up the DagBag from /home/patricia/Documentos/airflow/airflow_venv/lib/python3.10/site-packages/airflow/example_dags/example_xcomargs.py
[2024-05-11T15:24:39.675-0300] {processor.py:840} INFO - DAG(s) 'example_xcom_args', 'example_xcom_args_with_operators' retrieved from /home/patricia/Documentos/airflow/airflow_venv/lib/python3.10/site-packages/airflow/example_dags/example_xcomargs.py
[2024-05-11T15:24:39.722-0300] {logging_mixin.py:188} INFO - [2024-05-11T15:24:39.722-0300] {dag.py:3096} INFO - Sync 2 DAGs
[2024-05-11T15:24:39.756-0300] {logging_mixin.py:188} INFO - [2024-05-11T15:24:39.756-0300] {dag.py:3954} INFO - Setting next_dagrun for example_xcom_args to None, run_after=None
[2024-05-11T15:24:39.761-0300] {logging_mixin.py:188} INFO - [2024-05-11T15:24:39.761-0300] {dag.py:3954} INFO - Setting next_dagrun for example_xcom_args_with_operators to None, run_after=None
[2024-05-11T15:24:39.803-0300] {processor.py:183} INFO - Processing /home/patricia/Documentos/airflow/airflow_venv/lib/python3.10/site-packages/airflow/example_dags/example_xcomargs.py took 0.168 seconds
[2024-05-11T15:26:37.006-0300] {processor.py:161} INFO - Started process (PID=7537) to work on /home/patricia/Documentos/airflow/airflow_venv/lib/python3.10/site-packages/airflow/example_dags/example_xcomargs.py
[2024-05-11T15:26:37.026-0300] {processor.py:830} INFO - Processing file /home/patricia/Documentos/airflow/airflow_venv/lib/python3.10/site-packages/airflow/example_dags/example_xcomargs.py for tasks to queue
[2024-05-11T15:26:37.030-0300] {logging_mixin.py:188} INFO - [2024-05-11T15:26:37.029-0300] {dagbag.py:545} INFO - Filling up the DagBag from /home/patricia/Documentos/airflow/airflow_venv/lib/python3.10/site-packages/airflow/example_dags/example_xcomargs.py
[2024-05-11T15:26:37.072-0300] {processor.py:840} INFO - DAG(s) 'example_xcom_args', 'example_xcom_args_with_operators' retrieved from /home/patricia/Documentos/airflow/airflow_venv/lib/python3.10/site-packages/airflow/example_dags/example_xcomargs.py
[2024-05-11T15:26:37.264-0300] {logging_mixin.py:188} INFO - [2024-05-11T15:26:37.264-0300] {dag.py:3096} INFO - Sync 2 DAGs
[2024-05-11T15:26:37.278-0300] {logging_mixin.py:188} INFO - [2024-05-11T15:26:37.278-0300] {dag.py:3954} INFO - Setting next_dagrun for example_xcom_args to None, run_after=None
[2024-05-11T15:26:37.299-0300] {logging_mixin.py:188} INFO - [2024-05-11T15:26:37.299-0300] {dag.py:3954} INFO - Setting next_dagrun for example_xcom_args_with_operators to None, run_after=None
[2024-05-11T15:26:37.353-0300] {processor.py:183} INFO - Processing /home/patricia/Documentos/airflow/airflow_venv/lib/python3.10/site-packages/airflow/example_dags/example_xcomargs.py took 0.360 seconds
[2024-05-11T15:27:58.050-0300] {processor.py:161} INFO - Started process (PID=7705) to work on /home/patricia/Documentos/airflow/airflow_venv/lib/python3.10/site-packages/airflow/example_dags/example_xcomargs.py
[2024-05-11T15:27:58.058-0300] {processor.py:830} INFO - Processing file /home/patricia/Documentos/airflow/airflow_venv/lib/python3.10/site-packages/airflow/example_dags/example_xcomargs.py for tasks to queue
[2024-05-11T15:27:58.065-0300] {logging_mixin.py:188} INFO - [2024-05-11T15:27:58.064-0300] {dagbag.py:545} INFO - Filling up the DagBag from /home/patricia/Documentos/airflow/airflow_venv/lib/python3.10/site-packages/airflow/example_dags/example_xcomargs.py
[2024-05-11T15:27:58.093-0300] {processor.py:840} INFO - DAG(s) 'example_xcom_args_with_operators', 'example_xcom_args' retrieved from /home/patricia/Documentos/airflow/airflow_venv/lib/python3.10/site-packages/airflow/example_dags/example_xcomargs.py
[2024-05-11T15:27:58.124-0300] {logging_mixin.py:188} INFO - [2024-05-11T15:27:58.123-0300] {dag.py:3096} INFO - Sync 2 DAGs
[2024-05-11T15:27:58.141-0300] {logging_mixin.py:188} INFO - [2024-05-11T15:27:58.141-0300] {dag.py:3954} INFO - Setting next_dagrun for example_xcom_args to None, run_after=None
[2024-05-11T15:27:58.146-0300] {logging_mixin.py:188} INFO - [2024-05-11T15:27:58.145-0300] {dag.py:3954} INFO - Setting next_dagrun for example_xcom_args_with_operators to None, run_after=None
[2024-05-11T15:27:58.238-0300] {processor.py:183} INFO - Processing /home/patricia/Documentos/airflow/airflow_venv/lib/python3.10/site-packages/airflow/example_dags/example_xcomargs.py took 0.206 seconds
[2024-05-11T15:29:15.098-0300] {processor.py:161} INFO - Started process (PID=7853) to work on /home/patricia/Documentos/airflow/airflow_venv/lib/python3.10/site-packages/airflow/example_dags/example_xcomargs.py
[2024-05-11T15:29:15.101-0300] {processor.py:830} INFO - Processing file /home/patricia/Documentos/airflow/airflow_venv/lib/python3.10/site-packages/airflow/example_dags/example_xcomargs.py for tasks to queue
[2024-05-11T15:29:15.104-0300] {logging_mixin.py:188} INFO - [2024-05-11T15:29:15.104-0300] {dagbag.py:545} INFO - Filling up the DagBag from /home/patricia/Documentos/airflow/airflow_venv/lib/python3.10/site-packages/airflow/example_dags/example_xcomargs.py
[2024-05-11T15:29:15.135-0300] {processor.py:840} INFO - DAG(s) 'example_xcom_args', 'example_xcom_args_with_operators' retrieved from /home/patricia/Documentos/airflow/airflow_venv/lib/python3.10/site-packages/airflow/example_dags/example_xcomargs.py
[2024-05-11T15:29:15.365-0300] {logging_mixin.py:188} INFO - [2024-05-11T15:29:15.365-0300] {dag.py:3096} INFO - Sync 2 DAGs
[2024-05-11T15:29:15.395-0300] {logging_mixin.py:188} INFO - [2024-05-11T15:29:15.395-0300] {dag.py:3954} INFO - Setting next_dagrun for example_xcom_args to None, run_after=None
[2024-05-11T15:29:15.405-0300] {logging_mixin.py:188} INFO - [2024-05-11T15:29:15.405-0300] {dag.py:3954} INFO - Setting next_dagrun for example_xcom_args_with_operators to None, run_after=None
[2024-05-11T15:29:15.481-0300] {processor.py:183} INFO - Processing /home/patricia/Documentos/airflow/airflow_venv/lib/python3.10/site-packages/airflow/example_dags/example_xcomargs.py took 0.412 seconds
[2024-05-11T15:30:46.732-0300] {processor.py:161} INFO - Started process (PID=8056) to work on /home/patricia/Documentos/airflow/airflow_venv/lib/python3.10/site-packages/airflow/example_dags/example_xcomargs.py
[2024-05-11T15:30:46.738-0300] {processor.py:830} INFO - Processing file /home/patricia/Documentos/airflow/airflow_venv/lib/python3.10/site-packages/airflow/example_dags/example_xcomargs.py for tasks to queue
[2024-05-11T15:30:46.742-0300] {logging_mixin.py:188} INFO - [2024-05-11T15:30:46.741-0300] {dagbag.py:545} INFO - Filling up the DagBag from /home/patricia/Documentos/airflow/airflow_venv/lib/python3.10/site-packages/airflow/example_dags/example_xcomargs.py
[2024-05-11T15:30:46.758-0300] {processor.py:840} INFO - DAG(s) 'example_xcom_args_with_operators', 'example_xcom_args' retrieved from /home/patricia/Documentos/airflow/airflow_venv/lib/python3.10/site-packages/airflow/example_dags/example_xcomargs.py
[2024-05-11T15:30:46.826-0300] {logging_mixin.py:188} INFO - [2024-05-11T15:30:46.826-0300] {dag.py:3096} INFO - Sync 2 DAGs
[2024-05-11T15:30:46.856-0300] {logging_mixin.py:188} INFO - [2024-05-11T15:30:46.853-0300] {dag.py:3954} INFO - Setting next_dagrun for example_xcom_args to None, run_after=None
[2024-05-11T15:30:46.867-0300] {logging_mixin.py:188} INFO - [2024-05-11T15:30:46.863-0300] {dag.py:3954} INFO - Setting next_dagrun for example_xcom_args_with_operators to None, run_after=None
[2024-05-11T15:30:46.921-0300] {processor.py:183} INFO - Processing /home/patricia/Documentos/airflow/airflow_venv/lib/python3.10/site-packages/airflow/example_dags/example_xcomargs.py took 0.199 seconds
[2024-05-11T15:31:53.932-0300] {processor.py:161} INFO - Started process (PID=8232) to work on /home/patricia/Documentos/airflow/airflow_venv/lib/python3.10/site-packages/airflow/example_dags/example_xcomargs.py
[2024-05-11T15:31:53.935-0300] {processor.py:830} INFO - Processing file /home/patricia/Documentos/airflow/airflow_venv/lib/python3.10/site-packages/airflow/example_dags/example_xcomargs.py for tasks to queue
[2024-05-11T15:31:53.937-0300] {logging_mixin.py:188} INFO - [2024-05-11T15:31:53.937-0300] {dagbag.py:545} INFO - Filling up the DagBag from /home/patricia/Documentos/airflow/airflow_venv/lib/python3.10/site-packages/airflow/example_dags/example_xcomargs.py
[2024-05-11T15:31:53.947-0300] {processor.py:840} INFO - DAG(s) 'example_xcom_args', 'example_xcom_args_with_operators' retrieved from /home/patricia/Documentos/airflow/airflow_venv/lib/python3.10/site-packages/airflow/example_dags/example_xcomargs.py
[2024-05-11T15:31:53.969-0300] {logging_mixin.py:188} INFO - [2024-05-11T15:31:53.969-0300] {dag.py:3096} INFO - Sync 2 DAGs
[2024-05-11T15:31:53.982-0300] {logging_mixin.py:188} INFO - [2024-05-11T15:31:53.982-0300] {dag.py:3954} INFO - Setting next_dagrun for example_xcom_args to None, run_after=None
[2024-05-11T15:31:53.986-0300] {logging_mixin.py:188} INFO - [2024-05-11T15:31:53.986-0300] {dag.py:3954} INFO - Setting next_dagrun for example_xcom_args_with_operators to None, run_after=None
[2024-05-11T15:31:54.026-0300] {processor.py:183} INFO - Processing /home/patricia/Documentos/airflow/airflow_venv/lib/python3.10/site-packages/airflow/example_dags/example_xcomargs.py took 0.103 seconds
[2024-05-11T15:32:55.587-0300] {processor.py:161} INFO - Started process (PID=8607) to work on /home/patricia/Documentos/airflow/airflow_venv/lib/python3.10/site-packages/airflow/example_dags/example_xcomargs.py
[2024-05-11T15:32:55.592-0300] {processor.py:830} INFO - Processing file /home/patricia/Documentos/airflow/airflow_venv/lib/python3.10/site-packages/airflow/example_dags/example_xcomargs.py for tasks to queue
[2024-05-11T15:32:55.597-0300] {logging_mixin.py:188} INFO - [2024-05-11T15:32:55.596-0300] {dagbag.py:545} INFO - Filling up the DagBag from /home/patricia/Documentos/airflow/airflow_venv/lib/python3.10/site-packages/airflow/example_dags/example_xcomargs.py
[2024-05-11T15:32:55.608-0300] {processor.py:840} INFO - DAG(s) 'example_xcom_args', 'example_xcom_args_with_operators' retrieved from /home/patricia/Documentos/airflow/airflow_venv/lib/python3.10/site-packages/airflow/example_dags/example_xcomargs.py
[2024-05-11T15:32:55.629-0300] {logging_mixin.py:188} INFO - [2024-05-11T15:32:55.628-0300] {dag.py:3096} INFO - Sync 2 DAGs
[2024-05-11T15:32:55.642-0300] {logging_mixin.py:188} INFO - [2024-05-11T15:32:55.642-0300] {dag.py:3954} INFO - Setting next_dagrun for example_xcom_args to None, run_after=None
[2024-05-11T15:32:55.647-0300] {logging_mixin.py:188} INFO - [2024-05-11T15:32:55.646-0300] {dag.py:3954} INFO - Setting next_dagrun for example_xcom_args_with_operators to None, run_after=None
[2024-05-11T15:32:55.677-0300] {processor.py:183} INFO - Processing /home/patricia/Documentos/airflow/airflow_venv/lib/python3.10/site-packages/airflow/example_dags/example_xcomargs.py took 0.105 seconds
[2024-05-11T15:34:08.784-0300] {processor.py:161} INFO - Started process (PID=9251) to work on /home/patricia/Documentos/airflow/airflow_venv/lib/python3.10/site-packages/airflow/example_dags/example_xcomargs.py
[2024-05-11T15:34:08.789-0300] {processor.py:830} INFO - Processing file /home/patricia/Documentos/airflow/airflow_venv/lib/python3.10/site-packages/airflow/example_dags/example_xcomargs.py for tasks to queue
[2024-05-11T15:34:08.793-0300] {logging_mixin.py:188} INFO - [2024-05-11T15:34:08.792-0300] {dagbag.py:545} INFO - Filling up the DagBag from /home/patricia/Documentos/airflow/airflow_venv/lib/python3.10/site-packages/airflow/example_dags/example_xcomargs.py
[2024-05-11T15:34:08.821-0300] {processor.py:840} INFO - DAG(s) 'example_xcom_args_with_operators', 'example_xcom_args' retrieved from /home/patricia/Documentos/airflow/airflow_venv/lib/python3.10/site-packages/airflow/example_dags/example_xcomargs.py
[2024-05-11T15:34:08.877-0300] {logging_mixin.py:188} INFO - [2024-05-11T15:34:08.874-0300] {dag.py:3096} INFO - Sync 2 DAGs
[2024-05-11T15:34:08.914-0300] {logging_mixin.py:188} INFO - [2024-05-11T15:34:08.914-0300] {dag.py:3954} INFO - Setting next_dagrun for example_xcom_args to None, run_after=None
[2024-05-11T15:34:08.923-0300] {logging_mixin.py:188} INFO - [2024-05-11T15:34:08.923-0300] {dag.py:3954} INFO - Setting next_dagrun for example_xcom_args_with_operators to None, run_after=None
[2024-05-11T15:34:09.039-0300] {processor.py:183} INFO - Processing /home/patricia/Documentos/airflow/airflow_venv/lib/python3.10/site-packages/airflow/example_dags/example_xcomargs.py took 0.266 seconds
[2024-05-11T15:35:28.191-0300] {processor.py:161} INFO - Started process (PID=9498) to work on /home/patricia/Documentos/airflow/airflow_venv/lib/python3.10/site-packages/airflow/example_dags/example_xcomargs.py
[2024-05-11T15:35:28.194-0300] {processor.py:830} INFO - Processing file /home/patricia/Documentos/airflow/airflow_venv/lib/python3.10/site-packages/airflow/example_dags/example_xcomargs.py for tasks to queue
[2024-05-11T15:35:28.197-0300] {logging_mixin.py:188} INFO - [2024-05-11T15:35:28.196-0300] {dagbag.py:545} INFO - Filling up the DagBag from /home/patricia/Documentos/airflow/airflow_venv/lib/python3.10/site-packages/airflow/example_dags/example_xcomargs.py
[2024-05-11T15:35:28.210-0300] {processor.py:840} INFO - DAG(s) 'example_xcom_args', 'example_xcom_args_with_operators' retrieved from /home/patricia/Documentos/airflow/airflow_venv/lib/python3.10/site-packages/airflow/example_dags/example_xcomargs.py
[2024-05-11T15:35:28.235-0300] {logging_mixin.py:188} INFO - [2024-05-11T15:35:28.235-0300] {dag.py:3096} INFO - Sync 2 DAGs
[2024-05-11T15:35:28.252-0300] {logging_mixin.py:188} INFO - [2024-05-11T15:35:28.252-0300] {dag.py:3954} INFO - Setting next_dagrun for example_xcom_args to None, run_after=None
[2024-05-11T15:35:28.258-0300] {logging_mixin.py:188} INFO - [2024-05-11T15:35:28.257-0300] {dag.py:3954} INFO - Setting next_dagrun for example_xcom_args_with_operators to None, run_after=None
[2024-05-11T15:35:28.304-0300] {processor.py:183} INFO - Processing /home/patricia/Documentos/airflow/airflow_venv/lib/python3.10/site-packages/airflow/example_dags/example_xcomargs.py took 0.121 seconds
[2024-05-11T15:36:45.944-0300] {processor.py:161} INFO - Started process (PID=9631) to work on /home/patricia/Documentos/airflow/airflow_venv/lib/python3.10/site-packages/airflow/example_dags/example_xcomargs.py
[2024-05-11T15:36:45.948-0300] {processor.py:830} INFO - Processing file /home/patricia/Documentos/airflow/airflow_venv/lib/python3.10/site-packages/airflow/example_dags/example_xcomargs.py for tasks to queue
[2024-05-11T15:36:45.953-0300] {logging_mixin.py:188} INFO - [2024-05-11T15:36:45.952-0300] {dagbag.py:545} INFO - Filling up the DagBag from /home/patricia/Documentos/airflow/airflow_venv/lib/python3.10/site-packages/airflow/example_dags/example_xcomargs.py
[2024-05-11T15:36:45.973-0300] {processor.py:840} INFO - DAG(s) 'example_xcom_args', 'example_xcom_args_with_operators' retrieved from /home/patricia/Documentos/airflow/airflow_venv/lib/python3.10/site-packages/airflow/example_dags/example_xcomargs.py
[2024-05-11T15:36:46.021-0300] {logging_mixin.py:188} INFO - [2024-05-11T15:36:46.019-0300] {dag.py:3096} INFO - Sync 2 DAGs
[2024-05-11T15:36:46.054-0300] {logging_mixin.py:188} INFO - [2024-05-11T15:36:46.053-0300] {dag.py:3954} INFO - Setting next_dagrun for example_xcom_args to None, run_after=None
[2024-05-11T15:36:46.062-0300] {logging_mixin.py:188} INFO - [2024-05-11T15:36:46.062-0300] {dag.py:3954} INFO - Setting next_dagrun for example_xcom_args_with_operators to None, run_after=None
[2024-05-11T15:36:46.124-0300] {processor.py:183} INFO - Processing /home/patricia/Documentos/airflow/airflow_venv/lib/python3.10/site-packages/airflow/example_dags/example_xcomargs.py took 0.197 seconds
[2024-05-11T15:38:55.671-0300] {processor.py:161} INFO - Started process (PID=9991) to work on /home/patricia/Documentos/airflow/airflow_venv/lib/python3.10/site-packages/airflow/example_dags/example_xcomargs.py
[2024-05-11T15:38:55.673-0300] {processor.py:830} INFO - Processing file /home/patricia/Documentos/airflow/airflow_venv/lib/python3.10/site-packages/airflow/example_dags/example_xcomargs.py for tasks to queue
[2024-05-11T15:38:55.677-0300] {logging_mixin.py:188} INFO - [2024-05-11T15:38:55.675-0300] {dagbag.py:545} INFO - Filling up the DagBag from /home/patricia/Documentos/airflow/airflow_venv/lib/python3.10/site-packages/airflow/example_dags/example_xcomargs.py
[2024-05-11T15:38:55.689-0300] {processor.py:840} INFO - DAG(s) 'example_xcom_args', 'example_xcom_args_with_operators' retrieved from /home/patricia/Documentos/airflow/airflow_venv/lib/python3.10/site-packages/airflow/example_dags/example_xcomargs.py
[2024-05-11T15:38:55.710-0300] {logging_mixin.py:188} INFO - [2024-05-11T15:38:55.709-0300] {dag.py:3096} INFO - Sync 2 DAGs
[2024-05-11T15:38:55.723-0300] {logging_mixin.py:188} INFO - [2024-05-11T15:38:55.723-0300] {dag.py:3954} INFO - Setting next_dagrun for example_xcom_args to None, run_after=None
[2024-05-11T15:38:55.727-0300] {logging_mixin.py:188} INFO - [2024-05-11T15:38:55.727-0300] {dag.py:3954} INFO - Setting next_dagrun for example_xcom_args_with_operators to None, run_after=None
[2024-05-11T15:38:55.758-0300] {processor.py:183} INFO - Processing /home/patricia/Documentos/airflow/airflow_venv/lib/python3.10/site-packages/airflow/example_dags/example_xcomargs.py took 0.095 seconds
[2024-05-11T15:40:10.727-0300] {processor.py:161} INFO - Started process (PID=10344) to work on /home/patricia/Documentos/airflow/airflow_venv/lib/python3.10/site-packages/airflow/example_dags/example_xcomargs.py
[2024-05-11T15:40:10.730-0300] {processor.py:830} INFO - Processing file /home/patricia/Documentos/airflow/airflow_venv/lib/python3.10/site-packages/airflow/example_dags/example_xcomargs.py for tasks to queue
[2024-05-11T15:40:10.734-0300] {logging_mixin.py:188} INFO - [2024-05-11T15:40:10.734-0300] {dagbag.py:545} INFO - Filling up the DagBag from /home/patricia/Documentos/airflow/airflow_venv/lib/python3.10/site-packages/airflow/example_dags/example_xcomargs.py
[2024-05-11T15:40:10.766-0300] {processor.py:840} INFO - DAG(s) 'example_xcom_args', 'example_xcom_args_with_operators' retrieved from /home/patricia/Documentos/airflow/airflow_venv/lib/python3.10/site-packages/airflow/example_dags/example_xcomargs.py
[2024-05-11T15:40:10.815-0300] {logging_mixin.py:188} INFO - [2024-05-11T15:40:10.814-0300] {dag.py:3096} INFO - Sync 2 DAGs
[2024-05-11T15:40:10.840-0300] {logging_mixin.py:188} INFO - [2024-05-11T15:40:10.840-0300] {dag.py:3954} INFO - Setting next_dagrun for example_xcom_args to None, run_after=None
[2024-05-11T15:40:10.845-0300] {logging_mixin.py:188} INFO - [2024-05-11T15:40:10.845-0300] {dag.py:3954} INFO - Setting next_dagrun for example_xcom_args_with_operators to None, run_after=None
[2024-05-11T15:40:10.910-0300] {processor.py:183} INFO - Processing /home/patricia/Documentos/airflow/airflow_venv/lib/python3.10/site-packages/airflow/example_dags/example_xcomargs.py took 0.208 seconds
[2024-05-11T16:28:32.014-0300] {processor.py:161} INFO - Started process (PID=11019) to work on /home/patricia/Documentos/airflow/airflow_venv/lib/python3.10/site-packages/airflow/example_dags/example_xcomargs.py
[2024-05-11T16:28:32.019-0300] {processor.py:830} INFO - Processing file /home/patricia/Documentos/airflow/airflow_venv/lib/python3.10/site-packages/airflow/example_dags/example_xcomargs.py for tasks to queue
[2024-05-11T16:28:32.028-0300] {logging_mixin.py:188} INFO - [2024-05-11T16:28:32.026-0300] {dagbag.py:545} INFO - Filling up the DagBag from /home/patricia/Documentos/airflow/airflow_venv/lib/python3.10/site-packages/airflow/example_dags/example_xcomargs.py
[2024-05-11T16:28:32.058-0300] {processor.py:840} INFO - DAG(s) 'example_xcom_args', 'example_xcom_args_with_operators' retrieved from /home/patricia/Documentos/airflow/airflow_venv/lib/python3.10/site-packages/airflow/example_dags/example_xcomargs.py
[2024-05-11T16:28:32.283-0300] {logging_mixin.py:188} INFO - [2024-05-11T16:28:32.283-0300] {dag.py:3096} INFO - Sync 2 DAGs
[2024-05-11T16:28:32.301-0300] {logging_mixin.py:188} INFO - [2024-05-11T16:28:32.301-0300] {dag.py:3954} INFO - Setting next_dagrun for example_xcom_args to None, run_after=None
[2024-05-11T16:28:32.307-0300] {logging_mixin.py:188} INFO - [2024-05-11T16:28:32.306-0300] {dag.py:3954} INFO - Setting next_dagrun for example_xcom_args_with_operators to None, run_after=None
[2024-05-11T16:28:32.385-0300] {processor.py:183} INFO - Processing /home/patricia/Documentos/airflow/airflow_venv/lib/python3.10/site-packages/airflow/example_dags/example_xcomargs.py took 0.393 seconds
[2024-05-11T16:30:45.902-0300] {processor.py:161} INFO - Started process (PID=11284) to work on /home/patricia/Documentos/airflow/airflow_venv/lib/python3.10/site-packages/airflow/example_dags/example_xcomargs.py
[2024-05-11T16:30:45.909-0300] {processor.py:830} INFO - Processing file /home/patricia/Documentos/airflow/airflow_venv/lib/python3.10/site-packages/airflow/example_dags/example_xcomargs.py for tasks to queue
[2024-05-11T16:30:45.918-0300] {logging_mixin.py:188} INFO - [2024-05-11T16:30:45.916-0300] {dagbag.py:545} INFO - Filling up the DagBag from /home/patricia/Documentos/airflow/airflow_venv/lib/python3.10/site-packages/airflow/example_dags/example_xcomargs.py
[2024-05-11T16:30:46.026-0300] {processor.py:840} INFO - DAG(s) 'example_xcom_args', 'example_xcom_args_with_operators' retrieved from /home/patricia/Documentos/airflow/airflow_venv/lib/python3.10/site-packages/airflow/example_dags/example_xcomargs.py
[2024-05-11T16:30:46.115-0300] {logging_mixin.py:188} INFO - [2024-05-11T16:30:46.115-0300] {dag.py:3096} INFO - Sync 2 DAGs
[2024-05-11T16:30:46.144-0300] {logging_mixin.py:188} INFO - [2024-05-11T16:30:46.144-0300] {dag.py:3954} INFO - Setting next_dagrun for example_xcom_args to None, run_after=None
[2024-05-11T16:30:46.154-0300] {logging_mixin.py:188} INFO - [2024-05-11T16:30:46.153-0300] {dag.py:3954} INFO - Setting next_dagrun for example_xcom_args_with_operators to None, run_after=None
[2024-05-11T16:30:46.212-0300] {processor.py:183} INFO - Processing /home/patricia/Documentos/airflow/airflow_venv/lib/python3.10/site-packages/airflow/example_dags/example_xcomargs.py took 0.399 seconds
[2024-05-11T16:32:12.368-0300] {processor.py:161} INFO - Started process (PID=11424) to work on /home/patricia/Documentos/airflow/airflow_venv/lib/python3.10/site-packages/airflow/example_dags/example_xcomargs.py
[2024-05-11T16:32:12.375-0300] {processor.py:830} INFO - Processing file /home/patricia/Documentos/airflow/airflow_venv/lib/python3.10/site-packages/airflow/example_dags/example_xcomargs.py for tasks to queue
[2024-05-11T16:32:12.387-0300] {logging_mixin.py:188} INFO - [2024-05-11T16:32:12.386-0300] {dagbag.py:545} INFO - Filling up the DagBag from /home/patricia/Documentos/airflow/airflow_venv/lib/python3.10/site-packages/airflow/example_dags/example_xcomargs.py
[2024-05-11T16:32:12.441-0300] {processor.py:840} INFO - DAG(s) 'example_xcom_args', 'example_xcom_args_with_operators' retrieved from /home/patricia/Documentos/airflow/airflow_venv/lib/python3.10/site-packages/airflow/example_dags/example_xcomargs.py
[2024-05-11T16:32:12.511-0300] {logging_mixin.py:188} INFO - [2024-05-11T16:32:12.511-0300] {dag.py:3096} INFO - Sync 2 DAGs
[2024-05-11T16:32:12.894-0300] {logging_mixin.py:188} INFO - [2024-05-11T16:32:12.894-0300] {dag.py:3954} INFO - Setting next_dagrun for example_xcom_args to None, run_after=None
[2024-05-11T16:32:12.909-0300] {logging_mixin.py:188} INFO - [2024-05-11T16:32:12.908-0300] {dag.py:3954} INFO - Setting next_dagrun for example_xcom_args_with_operators to None, run_after=None
[2024-05-11T16:32:12.998-0300] {processor.py:183} INFO - Processing /home/patricia/Documentos/airflow/airflow_venv/lib/python3.10/site-packages/airflow/example_dags/example_xcomargs.py took 0.654 seconds
[2024-05-11T16:34:02.472-0300] {processor.py:161} INFO - Started process (PID=11684) to work on /home/patricia/Documentos/airflow/airflow_venv/lib/python3.10/site-packages/airflow/example_dags/example_xcomargs.py
[2024-05-11T16:34:02.478-0300] {processor.py:830} INFO - Processing file /home/patricia/Documentos/airflow/airflow_venv/lib/python3.10/site-packages/airflow/example_dags/example_xcomargs.py for tasks to queue
[2024-05-11T16:34:02.493-0300] {logging_mixin.py:188} INFO - [2024-05-11T16:34:02.486-0300] {dagbag.py:545} INFO - Filling up the DagBag from /home/patricia/Documentos/airflow/airflow_venv/lib/python3.10/site-packages/airflow/example_dags/example_xcomargs.py
[2024-05-11T16:34:02.555-0300] {processor.py:840} INFO - DAG(s) 'example_xcom_args', 'example_xcom_args_with_operators' retrieved from /home/patricia/Documentos/airflow/airflow_venv/lib/python3.10/site-packages/airflow/example_dags/example_xcomargs.py
[2024-05-11T16:34:02.665-0300] {logging_mixin.py:188} INFO - [2024-05-11T16:34:02.665-0300] {dag.py:3096} INFO - Sync 2 DAGs
[2024-05-11T16:34:02.771-0300] {logging_mixin.py:188} INFO - [2024-05-11T16:34:02.768-0300] {dag.py:3954} INFO - Setting next_dagrun for example_xcom_args to None, run_after=None
[2024-05-11T16:34:02.783-0300] {logging_mixin.py:188} INFO - [2024-05-11T16:34:02.781-0300] {dag.py:3954} INFO - Setting next_dagrun for example_xcom_args_with_operators to None, run_after=None
[2024-05-11T16:34:02.852-0300] {processor.py:183} INFO - Processing /home/patricia/Documentos/airflow/airflow_venv/lib/python3.10/site-packages/airflow/example_dags/example_xcomargs.py took 0.395 seconds
[2024-05-11T16:35:40.044-0300] {processor.py:161} INFO - Started process (PID=11834) to work on /home/patricia/Documentos/airflow/airflow_venv/lib/python3.10/site-packages/airflow/example_dags/example_xcomargs.py
[2024-05-11T16:35:40.052-0300] {processor.py:830} INFO - Processing file /home/patricia/Documentos/airflow/airflow_venv/lib/python3.10/site-packages/airflow/example_dags/example_xcomargs.py for tasks to queue
[2024-05-11T16:35:40.063-0300] {logging_mixin.py:188} INFO - [2024-05-11T16:35:40.061-0300] {dagbag.py:545} INFO - Filling up the DagBag from /home/patricia/Documentos/airflow/airflow_venv/lib/python3.10/site-packages/airflow/example_dags/example_xcomargs.py
[2024-05-11T16:35:40.113-0300] {processor.py:840} INFO - DAG(s) 'example_xcom_args', 'example_xcom_args_with_operators' retrieved from /home/patricia/Documentos/airflow/airflow_venv/lib/python3.10/site-packages/airflow/example_dags/example_xcomargs.py
[2024-05-11T16:35:40.181-0300] {logging_mixin.py:188} INFO - [2024-05-11T16:35:40.180-0300] {dag.py:3096} INFO - Sync 2 DAGs
[2024-05-11T16:35:40.211-0300] {logging_mixin.py:188} INFO - [2024-05-11T16:35:40.210-0300] {dag.py:3954} INFO - Setting next_dagrun for example_xcom_args to None, run_after=None
[2024-05-11T16:35:40.219-0300] {logging_mixin.py:188} INFO - [2024-05-11T16:35:40.218-0300] {dag.py:3954} INFO - Setting next_dagrun for example_xcom_args_with_operators to None, run_after=None
[2024-05-11T16:35:40.275-0300] {processor.py:183} INFO - Processing /home/patricia/Documentos/airflow/airflow_venv/lib/python3.10/site-packages/airflow/example_dags/example_xcomargs.py took 0.301 seconds
