[2024-05-11T15:11:06.975-0300] {processor.py:161} INFO - Started process (PID=4474) to work on /home/patricia/Documentos/airflow/airflow_venv/lib/python3.10/site-packages/airflow/example_dags/example_sla_dag.py
[2024-05-11T15:11:06.976-0300] {processor.py:830} INFO - Processing file /home/patricia/Documentos/airflow/airflow_venv/lib/python3.10/site-packages/airflow/example_dags/example_sla_dag.py for tasks to queue
[2024-05-11T15:11:06.978-0300] {logging_mixin.py:188} INFO - [2024-05-11T15:11:06.978-0300] {dagbag.py:545} INFO - Filling up the DagBag from /home/patricia/Documentos/airflow/airflow_venv/lib/python3.10/site-packages/airflow/example_dags/example_sla_dag.py
[2024-05-11T15:11:06.988-0300] {processor.py:840} INFO - DAG(s) 'example_sla_dag' retrieved from /home/patricia/Documentos/airflow/airflow_venv/lib/python3.10/site-packages/airflow/example_dags/example_sla_dag.py
[2024-05-11T15:11:06.999-0300] {logging_mixin.py:188} INFO - [2024-05-11T15:11:06.998-0300] {dag.py:3096} INFO - Sync 1 DAGs
[2024-05-11T15:11:07.023-0300] {logging_mixin.py:188} INFO - [2024-05-11T15:11:07.023-0300] {dag.py:3954} INFO - Setting next_dagrun for example_sla_dag to 2024-05-11 18:08:00+00:00, run_after=2024-05-11 18:10:00+00:00
[2024-05-11T15:11:07.053-0300] {processor.py:183} INFO - Processing /home/patricia/Documentos/airflow/airflow_venv/lib/python3.10/site-packages/airflow/example_dags/example_sla_dag.py took 0.086 seconds
[2024-05-11T15:12:27.330-0300] {processor.py:161} INFO - Started process (PID=4657) to work on /home/patricia/Documentos/airflow/airflow_venv/lib/python3.10/site-packages/airflow/example_dags/example_sla_dag.py
[2024-05-11T15:12:27.335-0300] {processor.py:830} INFO - Processing file /home/patricia/Documentos/airflow/airflow_venv/lib/python3.10/site-packages/airflow/example_dags/example_sla_dag.py for tasks to queue
[2024-05-11T15:12:27.339-0300] {logging_mixin.py:188} INFO - [2024-05-11T15:12:27.337-0300] {dagbag.py:545} INFO - Filling up the DagBag from /home/patricia/Documentos/airflow/airflow_venv/lib/python3.10/site-packages/airflow/example_dags/example_sla_dag.py
[2024-05-11T15:12:27.366-0300] {processor.py:840} INFO - DAG(s) 'example_sla_dag' retrieved from /home/patricia/Documentos/airflow/airflow_venv/lib/python3.10/site-packages/airflow/example_dags/example_sla_dag.py
[2024-05-11T15:12:27.968-0300] {logging_mixin.py:188} INFO - [2024-05-11T15:12:27.967-0300] {dag.py:3096} INFO - Sync 1 DAGs
[2024-05-11T15:12:28.008-0300] {logging_mixin.py:188} INFO - [2024-05-11T15:12:28.007-0300] {dag.py:3954} INFO - Setting next_dagrun for example_sla_dag to 2024-05-11 18:10:00+00:00, run_after=2024-05-11 18:12:00+00:00
[2024-05-11T15:12:28.131-0300] {processor.py:183} INFO - Processing /home/patricia/Documentos/airflow/airflow_venv/lib/python3.10/site-packages/airflow/example_dags/example_sla_dag.py took 0.828 seconds
[2024-05-11T15:13:58.723-0300] {processor.py:161} INFO - Started process (PID=4791) to work on /home/patricia/Documentos/airflow/airflow_venv/lib/python3.10/site-packages/airflow/example_dags/example_sla_dag.py
[2024-05-11T15:13:58.729-0300] {processor.py:830} INFO - Processing file /home/patricia/Documentos/airflow/airflow_venv/lib/python3.10/site-packages/airflow/example_dags/example_sla_dag.py for tasks to queue
[2024-05-11T15:13:58.731-0300] {logging_mixin.py:188} INFO - [2024-05-11T15:13:58.731-0300] {dagbag.py:545} INFO - Filling up the DagBag from /home/patricia/Documentos/airflow/airflow_venv/lib/python3.10/site-packages/airflow/example_dags/example_sla_dag.py
[2024-05-11T15:13:58.742-0300] {processor.py:840} INFO - DAG(s) 'example_sla_dag' retrieved from /home/patricia/Documentos/airflow/airflow_venv/lib/python3.10/site-packages/airflow/example_dags/example_sla_dag.py
[2024-05-11T15:13:58.760-0300] {logging_mixin.py:188} INFO - [2024-05-11T15:13:58.760-0300] {dag.py:3096} INFO - Sync 1 DAGs
[2024-05-11T15:13:58.783-0300] {logging_mixin.py:188} INFO - [2024-05-11T15:13:58.783-0300] {dag.py:3954} INFO - Setting next_dagrun for example_sla_dag to 2024-05-11 18:10:00+00:00, run_after=2024-05-11 18:12:00+00:00
[2024-05-11T15:13:59.100-0300] {processor.py:183} INFO - Processing /home/patricia/Documentos/airflow/airflow_venv/lib/python3.10/site-packages/airflow/example_dags/example_sla_dag.py took 0.384 seconds
[2024-05-11T15:14:47.297-0300] {processor.py:161} INFO - Started process (PID=4914) to work on /home/patricia/Documentos/airflow/airflow_venv/lib/python3.10/site-packages/airflow/example_dags/example_sla_dag.py
[2024-05-11T15:14:47.300-0300] {processor.py:830} INFO - Processing file /home/patricia/Documentos/airflow/airflow_venv/lib/python3.10/site-packages/airflow/example_dags/example_sla_dag.py for tasks to queue
[2024-05-11T15:14:47.303-0300] {logging_mixin.py:188} INFO - [2024-05-11T15:14:47.301-0300] {dagbag.py:545} INFO - Filling up the DagBag from /home/patricia/Documentos/airflow/airflow_venv/lib/python3.10/site-packages/airflow/example_dags/example_sla_dag.py
[2024-05-11T15:14:47.316-0300] {processor.py:840} INFO - DAG(s) 'example_sla_dag' retrieved from /home/patricia/Documentos/airflow/airflow_venv/lib/python3.10/site-packages/airflow/example_dags/example_sla_dag.py
[2024-05-11T15:14:47.436-0300] {logging_mixin.py:188} INFO - [2024-05-11T15:14:47.435-0300] {dag.py:3096} INFO - Sync 1 DAGs
[2024-05-11T15:14:47.482-0300] {logging_mixin.py:188} INFO - [2024-05-11T15:14:47.481-0300] {dag.py:3954} INFO - Setting next_dagrun for example_sla_dag to 2024-05-11 18:12:00+00:00, run_after=2024-05-11 18:14:00+00:00
[2024-05-11T15:14:47.570-0300] {processor.py:183} INFO - Processing /home/patricia/Documentos/airflow/airflow_venv/lib/python3.10/site-packages/airflow/example_dags/example_sla_dag.py took 0.280 seconds
[2024-05-11T15:15:27.514-0300] {processor.py:161} INFO - Started process (PID=5003) to work on /home/patricia/Documentos/airflow/airflow_venv/lib/python3.10/site-packages/airflow/example_dags/example_sla_dag.py
[2024-05-11T15:15:27.527-0300] {processor.py:830} INFO - Processing file /home/patricia/Documentos/airflow/airflow_venv/lib/python3.10/site-packages/airflow/example_dags/example_sla_dag.py for tasks to queue
[2024-05-11T15:15:27.532-0300] {logging_mixin.py:188} INFO - [2024-05-11T15:15:27.530-0300] {dagbag.py:545} INFO - Filling up the DagBag from /home/patricia/Documentos/airflow/airflow_venv/lib/python3.10/site-packages/airflow/example_dags/example_sla_dag.py
[2024-05-11T15:15:27.547-0300] {processor.py:840} INFO - DAG(s) 'example_sla_dag' retrieved from /home/patricia/Documentos/airflow/airflow_venv/lib/python3.10/site-packages/airflow/example_dags/example_sla_dag.py
[2024-05-11T15:15:27.602-0300] {logging_mixin.py:188} INFO - [2024-05-11T15:15:27.602-0300] {dag.py:3096} INFO - Sync 1 DAGs
[2024-05-11T15:15:27.662-0300] {logging_mixin.py:188} INFO - [2024-05-11T15:15:27.662-0300] {dag.py:3954} INFO - Setting next_dagrun for example_sla_dag to 2024-05-11 18:12:00+00:00, run_after=2024-05-11 18:14:00+00:00
[2024-05-11T15:15:27.831-0300] {processor.py:183} INFO - Processing /home/patricia/Documentos/airflow/airflow_venv/lib/python3.10/site-packages/airflow/example_dags/example_sla_dag.py took 0.328 seconds
[2024-05-11T15:16:27.786-0300] {processor.py:161} INFO - Started process (PID=5123) to work on /home/patricia/Documentos/airflow/airflow_venv/lib/python3.10/site-packages/airflow/example_dags/example_sla_dag.py
[2024-05-11T15:16:27.789-0300] {processor.py:830} INFO - Processing file /home/patricia/Documentos/airflow/airflow_venv/lib/python3.10/site-packages/airflow/example_dags/example_sla_dag.py for tasks to queue
[2024-05-11T15:16:27.794-0300] {logging_mixin.py:188} INFO - [2024-05-11T15:16:27.793-0300] {dagbag.py:545} INFO - Filling up the DagBag from /home/patricia/Documentos/airflow/airflow_venv/lib/python3.10/site-packages/airflow/example_dags/example_sla_dag.py
[2024-05-11T15:16:27.814-0300] {processor.py:840} INFO - DAG(s) 'example_sla_dag' retrieved from /home/patricia/Documentos/airflow/airflow_venv/lib/python3.10/site-packages/airflow/example_dags/example_sla_dag.py
[2024-05-11T15:16:27.866-0300] {logging_mixin.py:188} INFO - [2024-05-11T15:16:27.866-0300] {dag.py:3096} INFO - Sync 1 DAGs
[2024-05-11T15:16:27.895-0300] {logging_mixin.py:188} INFO - [2024-05-11T15:16:27.895-0300] {dag.py:3954} INFO - Setting next_dagrun for example_sla_dag to 2024-05-11 18:14:00+00:00, run_after=2024-05-11 18:16:00+00:00
[2024-05-11T15:16:27.956-0300] {processor.py:183} INFO - Processing /home/patricia/Documentos/airflow/airflow_venv/lib/python3.10/site-packages/airflow/example_dags/example_sla_dag.py took 0.189 seconds
[2024-05-11T15:17:33.593-0300] {processor.py:161} INFO - Started process (PID=5281) to work on /home/patricia/Documentos/airflow/airflow_venv/lib/python3.10/site-packages/airflow/example_dags/example_sla_dag.py
[2024-05-11T15:17:33.595-0300] {processor.py:830} INFO - Processing file /home/patricia/Documentos/airflow/airflow_venv/lib/python3.10/site-packages/airflow/example_dags/example_sla_dag.py for tasks to queue
[2024-05-11T15:17:33.598-0300] {logging_mixin.py:188} INFO - [2024-05-11T15:17:33.598-0300] {dagbag.py:545} INFO - Filling up the DagBag from /home/patricia/Documentos/airflow/airflow_venv/lib/python3.10/site-packages/airflow/example_dags/example_sla_dag.py
[2024-05-11T15:17:33.609-0300] {processor.py:840} INFO - DAG(s) 'example_sla_dag' retrieved from /home/patricia/Documentos/airflow/airflow_venv/lib/python3.10/site-packages/airflow/example_dags/example_sla_dag.py
[2024-05-11T15:17:33.627-0300] {logging_mixin.py:188} INFO - [2024-05-11T15:17:33.627-0300] {dag.py:3096} INFO - Sync 1 DAGs
[2024-05-11T15:17:33.651-0300] {logging_mixin.py:188} INFO - [2024-05-11T15:17:33.651-0300] {dag.py:3954} INFO - Setting next_dagrun for example_sla_dag to 2024-05-11 18:14:00+00:00, run_after=2024-05-11 18:16:00+00:00
[2024-05-11T15:17:33.683-0300] {processor.py:183} INFO - Processing /home/patricia/Documentos/airflow/airflow_venv/lib/python3.10/site-packages/airflow/example_dags/example_sla_dag.py took 0.098 seconds
[2024-05-11T15:18:43.372-0300] {processor.py:161} INFO - Started process (PID=5887) to work on /home/patricia/Documentos/airflow/airflow_venv/lib/python3.10/site-packages/airflow/example_dags/example_sla_dag.py
[2024-05-11T15:18:43.375-0300] {processor.py:830} INFO - Processing file /home/patricia/Documentos/airflow/airflow_venv/lib/python3.10/site-packages/airflow/example_dags/example_sla_dag.py for tasks to queue
[2024-05-11T15:18:43.379-0300] {logging_mixin.py:188} INFO - [2024-05-11T15:18:43.378-0300] {dagbag.py:545} INFO - Filling up the DagBag from /home/patricia/Documentos/airflow/airflow_venv/lib/python3.10/site-packages/airflow/example_dags/example_sla_dag.py
[2024-05-11T15:18:43.393-0300] {processor.py:840} INFO - DAG(s) 'example_sla_dag' retrieved from /home/patricia/Documentos/airflow/airflow_venv/lib/python3.10/site-packages/airflow/example_dags/example_sla_dag.py
[2024-05-11T15:18:43.466-0300] {logging_mixin.py:188} INFO - [2024-05-11T15:18:43.466-0300] {dag.py:3096} INFO - Sync 1 DAGs
[2024-05-11T15:18:43.518-0300] {logging_mixin.py:188} INFO - [2024-05-11T15:18:43.518-0300] {dag.py:3954} INFO - Setting next_dagrun for example_sla_dag to 2024-05-11 18:16:00+00:00, run_after=2024-05-11 18:18:00+00:00
[2024-05-11T15:18:43.583-0300] {processor.py:183} INFO - Processing /home/patricia/Documentos/airflow/airflow_venv/lib/python3.10/site-packages/airflow/example_dags/example_sla_dag.py took 0.220 seconds
[2024-05-11T15:19:53.231-0300] {processor.py:161} INFO - Started process (PID=6032) to work on /home/patricia/Documentos/airflow/airflow_venv/lib/python3.10/site-packages/airflow/example_dags/example_sla_dag.py
[2024-05-11T15:19:53.235-0300] {processor.py:830} INFO - Processing file /home/patricia/Documentos/airflow/airflow_venv/lib/python3.10/site-packages/airflow/example_dags/example_sla_dag.py for tasks to queue
[2024-05-11T15:19:53.255-0300] {logging_mixin.py:188} INFO - [2024-05-11T15:19:53.244-0300] {dagbag.py:545} INFO - Filling up the DagBag from /home/patricia/Documentos/airflow/airflow_venv/lib/python3.10/site-packages/airflow/example_dags/example_sla_dag.py
[2024-05-11T15:19:53.268-0300] {processor.py:840} INFO - DAG(s) 'example_sla_dag' retrieved from /home/patricia/Documentos/airflow/airflow_venv/lib/python3.10/site-packages/airflow/example_dags/example_sla_dag.py
[2024-05-11T15:19:53.329-0300] {logging_mixin.py:188} INFO - [2024-05-11T15:19:53.328-0300] {dag.py:3096} INFO - Sync 1 DAGs
[2024-05-11T15:19:53.362-0300] {logging_mixin.py:188} INFO - [2024-05-11T15:19:53.362-0300] {dag.py:3954} INFO - Setting next_dagrun for example_sla_dag to 2024-05-11 18:16:00+00:00, run_after=2024-05-11 18:18:00+00:00
[2024-05-11T15:19:53.417-0300] {processor.py:183} INFO - Processing /home/patricia/Documentos/airflow/airflow_venv/lib/python3.10/site-packages/airflow/example_dags/example_sla_dag.py took 0.206 seconds
[2024-05-11T15:21:33.540-0300] {processor.py:161} INFO - Started process (PID=6208) to work on /home/patricia/Documentos/airflow/airflow_venv/lib/python3.10/site-packages/airflow/example_dags/example_sla_dag.py
[2024-05-11T15:21:33.545-0300] {processor.py:830} INFO - Processing file /home/patricia/Documentos/airflow/airflow_venv/lib/python3.10/site-packages/airflow/example_dags/example_sla_dag.py for tasks to queue
[2024-05-11T15:21:33.552-0300] {logging_mixin.py:188} INFO - [2024-05-11T15:21:33.550-0300] {dagbag.py:545} INFO - Filling up the DagBag from /home/patricia/Documentos/airflow/airflow_venv/lib/python3.10/site-packages/airflow/example_dags/example_sla_dag.py
[2024-05-11T15:21:33.577-0300] {processor.py:840} INFO - DAG(s) 'example_sla_dag' retrieved from /home/patricia/Documentos/airflow/airflow_venv/lib/python3.10/site-packages/airflow/example_dags/example_sla_dag.py
[2024-05-11T15:21:33.613-0300] {logging_mixin.py:188} INFO - [2024-05-11T15:21:33.613-0300] {dag.py:3096} INFO - Sync 1 DAGs
[2024-05-11T15:21:33.702-0300] {logging_mixin.py:188} INFO - [2024-05-11T15:21:33.702-0300] {dag.py:3954} INFO - Setting next_dagrun for example_sla_dag to 2024-05-11 18:18:00+00:00, run_after=2024-05-11 18:20:00+00:00
[2024-05-11T15:21:33.778-0300] {processor.py:183} INFO - Processing /home/patricia/Documentos/airflow/airflow_venv/lib/python3.10/site-packages/airflow/example_dags/example_sla_dag.py took 0.252 seconds
[2024-05-11T15:22:21.877-0300] {processor.py:161} INFO - Started process (PID=6307) to work on /home/patricia/Documentos/airflow/airflow_venv/lib/python3.10/site-packages/airflow/example_dags/example_sla_dag.py
[2024-05-11T15:22:21.881-0300] {processor.py:830} INFO - Processing file /home/patricia/Documentos/airflow/airflow_venv/lib/python3.10/site-packages/airflow/example_dags/example_sla_dag.py for tasks to queue
[2024-05-11T15:22:21.884-0300] {logging_mixin.py:188} INFO - [2024-05-11T15:22:21.883-0300] {dagbag.py:545} INFO - Filling up the DagBag from /home/patricia/Documentos/airflow/airflow_venv/lib/python3.10/site-packages/airflow/example_dags/example_sla_dag.py
[2024-05-11T15:22:21.897-0300] {processor.py:840} INFO - DAG(s) 'example_sla_dag' retrieved from /home/patricia/Documentos/airflow/airflow_venv/lib/python3.10/site-packages/airflow/example_dags/example_sla_dag.py
[2024-05-11T15:22:21.915-0300] {logging_mixin.py:188} INFO - [2024-05-11T15:22:21.915-0300] {dag.py:3096} INFO - Sync 1 DAGs
[2024-05-11T15:22:21.943-0300] {logging_mixin.py:188} INFO - [2024-05-11T15:22:21.943-0300] {dag.py:3954} INFO - Setting next_dagrun for example_sla_dag to 2024-05-11 18:20:00+00:00, run_after=2024-05-11 18:22:00+00:00
[2024-05-11T15:22:22.013-0300] {processor.py:183} INFO - Processing /home/patricia/Documentos/airflow/airflow_venv/lib/python3.10/site-packages/airflow/example_dags/example_sla_dag.py took 0.149 seconds
[2024-05-11T15:23:24.181-0300] {processor.py:161} INFO - Started process (PID=6442) to work on /home/patricia/Documentos/airflow/airflow_venv/lib/python3.10/site-packages/airflow/example_dags/example_sla_dag.py
[2024-05-11T15:23:24.187-0300] {processor.py:830} INFO - Processing file /home/patricia/Documentos/airflow/airflow_venv/lib/python3.10/site-packages/airflow/example_dags/example_sla_dag.py for tasks to queue
[2024-05-11T15:23:24.192-0300] {logging_mixin.py:188} INFO - [2024-05-11T15:23:24.191-0300] {dagbag.py:545} INFO - Filling up the DagBag from /home/patricia/Documentos/airflow/airflow_venv/lib/python3.10/site-packages/airflow/example_dags/example_sla_dag.py
[2024-05-11T15:23:24.223-0300] {processor.py:840} INFO - DAG(s) 'example_sla_dag' retrieved from /home/patricia/Documentos/airflow/airflow_venv/lib/python3.10/site-packages/airflow/example_dags/example_sla_dag.py
[2024-05-11T15:23:24.277-0300] {logging_mixin.py:188} INFO - [2024-05-11T15:23:24.275-0300] {dag.py:3096} INFO - Sync 1 DAGs
[2024-05-11T15:23:24.355-0300] {logging_mixin.py:188} INFO - [2024-05-11T15:23:24.355-0300] {dag.py:3954} INFO - Setting next_dagrun for example_sla_dag to 2024-05-11 18:20:00+00:00, run_after=2024-05-11 18:22:00+00:00
[2024-05-11T15:23:24.424-0300] {processor.py:183} INFO - Processing /home/patricia/Documentos/airflow/airflow_venv/lib/python3.10/site-packages/airflow/example_dags/example_sla_dag.py took 0.261 seconds
[2024-05-11T15:24:27.632-0300] {processor.py:161} INFO - Started process (PID=6562) to work on /home/patricia/Documentos/airflow/airflow_venv/lib/python3.10/site-packages/airflow/example_dags/example_sla_dag.py
[2024-05-11T15:24:27.635-0300] {processor.py:830} INFO - Processing file /home/patricia/Documentos/airflow/airflow_venv/lib/python3.10/site-packages/airflow/example_dags/example_sla_dag.py for tasks to queue
[2024-05-11T15:24:27.639-0300] {logging_mixin.py:188} INFO - [2024-05-11T15:24:27.638-0300] {dagbag.py:545} INFO - Filling up the DagBag from /home/patricia/Documentos/airflow/airflow_venv/lib/python3.10/site-packages/airflow/example_dags/example_sla_dag.py
[2024-05-11T15:24:27.651-0300] {processor.py:840} INFO - DAG(s) 'example_sla_dag' retrieved from /home/patricia/Documentos/airflow/airflow_venv/lib/python3.10/site-packages/airflow/example_dags/example_sla_dag.py
[2024-05-11T15:24:27.671-0300] {logging_mixin.py:188} INFO - [2024-05-11T15:24:27.671-0300] {dag.py:3096} INFO - Sync 1 DAGs
[2024-05-11T15:24:27.704-0300] {logging_mixin.py:188} INFO - [2024-05-11T15:24:27.704-0300] {dag.py:3954} INFO - Setting next_dagrun for example_sla_dag to 2024-05-11 18:22:00+00:00, run_after=2024-05-11 18:24:00+00:00
[2024-05-11T15:24:27.743-0300] {processor.py:183} INFO - Processing /home/patricia/Documentos/airflow/airflow_venv/lib/python3.10/site-packages/airflow/example_dags/example_sla_dag.py took 0.118 seconds
[2024-05-11T15:26:10.238-0300] {processor.py:161} INFO - Started process (PID=6968) to work on /home/patricia/Documentos/airflow/airflow_venv/lib/python3.10/site-packages/airflow/example_dags/example_sla_dag.py
[2024-05-11T15:26:10.242-0300] {processor.py:830} INFO - Processing file /home/patricia/Documentos/airflow/airflow_venv/lib/python3.10/site-packages/airflow/example_dags/example_sla_dag.py for tasks to queue
[2024-05-11T15:26:10.246-0300] {logging_mixin.py:188} INFO - [2024-05-11T15:26:10.245-0300] {dagbag.py:545} INFO - Filling up the DagBag from /home/patricia/Documentos/airflow/airflow_venv/lib/python3.10/site-packages/airflow/example_dags/example_sla_dag.py
[2024-05-11T15:26:10.256-0300] {processor.py:840} INFO - DAG(s) 'example_sla_dag' retrieved from /home/patricia/Documentos/airflow/airflow_venv/lib/python3.10/site-packages/airflow/example_dags/example_sla_dag.py
[2024-05-11T15:26:10.269-0300] {logging_mixin.py:188} INFO - [2024-05-11T15:26:10.269-0300] {dag.py:3096} INFO - Sync 1 DAGs
[2024-05-11T15:26:10.294-0300] {logging_mixin.py:188} INFO - [2024-05-11T15:26:10.294-0300] {dag.py:3954} INFO - Setting next_dagrun for example_sla_dag to 2024-05-11 18:24:00+00:00, run_after=2024-05-11 18:26:00+00:00
[2024-05-11T15:26:10.341-0300] {processor.py:183} INFO - Processing /home/patricia/Documentos/airflow/airflow_venv/lib/python3.10/site-packages/airflow/example_dags/example_sla_dag.py took 0.112 seconds
[2024-05-11T15:27:28.471-0300] {processor.py:161} INFO - Started process (PID=7645) to work on /home/patricia/Documentos/airflow/airflow_venv/lib/python3.10/site-packages/airflow/example_dags/example_sla_dag.py
[2024-05-11T15:27:28.474-0300] {processor.py:830} INFO - Processing file /home/patricia/Documentos/airflow/airflow_venv/lib/python3.10/site-packages/airflow/example_dags/example_sla_dag.py for tasks to queue
[2024-05-11T15:27:28.478-0300] {logging_mixin.py:188} INFO - [2024-05-11T15:27:28.477-0300] {dagbag.py:545} INFO - Filling up the DagBag from /home/patricia/Documentos/airflow/airflow_venv/lib/python3.10/site-packages/airflow/example_dags/example_sla_dag.py
[2024-05-11T15:27:28.496-0300] {processor.py:840} INFO - DAG(s) 'example_sla_dag' retrieved from /home/patricia/Documentos/airflow/airflow_venv/lib/python3.10/site-packages/airflow/example_dags/example_sla_dag.py
[2024-05-11T15:27:28.722-0300] {logging_mixin.py:188} INFO - [2024-05-11T15:27:28.722-0300] {dag.py:3096} INFO - Sync 1 DAGs
[2024-05-11T15:27:28.848-0300] {logging_mixin.py:188} INFO - [2024-05-11T15:27:28.848-0300] {dag.py:3954} INFO - Setting next_dagrun for example_sla_dag to 2024-05-11 18:24:00+00:00, run_after=2024-05-11 18:26:00+00:00
[2024-05-11T15:27:28.980-0300] {processor.py:183} INFO - Processing /home/patricia/Documentos/airflow/airflow_venv/lib/python3.10/site-packages/airflow/example_dags/example_sla_dag.py took 0.518 seconds
[2024-05-11T15:28:15.707-0300] {processor.py:161} INFO - Started process (PID=7741) to work on /home/patricia/Documentos/airflow/airflow_venv/lib/python3.10/site-packages/airflow/example_dags/example_sla_dag.py
[2024-05-11T15:28:15.712-0300] {processor.py:830} INFO - Processing file /home/patricia/Documentos/airflow/airflow_venv/lib/python3.10/site-packages/airflow/example_dags/example_sla_dag.py for tasks to queue
[2024-05-11T15:28:15.728-0300] {logging_mixin.py:188} INFO - [2024-05-11T15:28:15.727-0300] {dagbag.py:545} INFO - Filling up the DagBag from /home/patricia/Documentos/airflow/airflow_venv/lib/python3.10/site-packages/airflow/example_dags/example_sla_dag.py
[2024-05-11T15:28:15.743-0300] {processor.py:840} INFO - DAG(s) 'example_sla_dag' retrieved from /home/patricia/Documentos/airflow/airflow_venv/lib/python3.10/site-packages/airflow/example_dags/example_sla_dag.py
[2024-05-11T15:28:15.763-0300] {logging_mixin.py:188} INFO - [2024-05-11T15:28:15.762-0300] {dag.py:3096} INFO - Sync 1 DAGs
[2024-05-11T15:28:15.809-0300] {logging_mixin.py:188} INFO - [2024-05-11T15:28:15.808-0300] {dag.py:3954} INFO - Setting next_dagrun for example_sla_dag to 2024-05-11 18:26:00+00:00, run_after=2024-05-11 18:28:00+00:00
[2024-05-11T15:28:15.867-0300] {processor.py:183} INFO - Processing /home/patricia/Documentos/airflow/airflow_venv/lib/python3.10/site-packages/airflow/example_dags/example_sla_dag.py took 0.167 seconds
[2024-05-11T15:29:33.824-0300] {processor.py:161} INFO - Started process (PID=7894) to work on /home/patricia/Documentos/airflow/airflow_venv/lib/python3.10/site-packages/airflow/example_dags/example_sla_dag.py
[2024-05-11T15:29:33.854-0300] {processor.py:830} INFO - Processing file /home/patricia/Documentos/airflow/airflow_venv/lib/python3.10/site-packages/airflow/example_dags/example_sla_dag.py for tasks to queue
[2024-05-11T15:29:33.859-0300] {logging_mixin.py:188} INFO - [2024-05-11T15:29:33.859-0300] {dagbag.py:545} INFO - Filling up the DagBag from /home/patricia/Documentos/airflow/airflow_venv/lib/python3.10/site-packages/airflow/example_dags/example_sla_dag.py
[2024-05-11T15:29:33.873-0300] {processor.py:840} INFO - DAG(s) 'example_sla_dag' retrieved from /home/patricia/Documentos/airflow/airflow_venv/lib/python3.10/site-packages/airflow/example_dags/example_sla_dag.py
[2024-05-11T15:29:33.894-0300] {logging_mixin.py:188} INFO - [2024-05-11T15:29:33.893-0300] {dag.py:3096} INFO - Sync 1 DAGs
[2024-05-11T15:29:33.936-0300] {logging_mixin.py:188} INFO - [2024-05-11T15:29:33.936-0300] {dag.py:3954} INFO - Setting next_dagrun for example_sla_dag to 2024-05-11 18:26:00+00:00, run_after=2024-05-11 18:28:00+00:00
[2024-05-11T15:29:34.047-0300] {processor.py:183} INFO - Processing /home/patricia/Documentos/airflow/airflow_venv/lib/python3.10/site-packages/airflow/example_dags/example_sla_dag.py took 0.233 seconds
[2024-05-11T15:30:22.632-0300] {processor.py:161} INFO - Started process (PID=7998) to work on /home/patricia/Documentos/airflow/airflow_venv/lib/python3.10/site-packages/airflow/example_dags/example_sla_dag.py
[2024-05-11T15:30:22.634-0300] {processor.py:830} INFO - Processing file /home/patricia/Documentos/airflow/airflow_venv/lib/python3.10/site-packages/airflow/example_dags/example_sla_dag.py for tasks to queue
[2024-05-11T15:30:22.640-0300] {logging_mixin.py:188} INFO - [2024-05-11T15:30:22.639-0300] {dagbag.py:545} INFO - Filling up the DagBag from /home/patricia/Documentos/airflow/airflow_venv/lib/python3.10/site-packages/airflow/example_dags/example_sla_dag.py
[2024-05-11T15:30:22.655-0300] {processor.py:840} INFO - DAG(s) 'example_sla_dag' retrieved from /home/patricia/Documentos/airflow/airflow_venv/lib/python3.10/site-packages/airflow/example_dags/example_sla_dag.py
[2024-05-11T15:30:22.692-0300] {logging_mixin.py:188} INFO - [2024-05-11T15:30:22.691-0300] {dag.py:3096} INFO - Sync 1 DAGs
[2024-05-11T15:30:22.743-0300] {logging_mixin.py:188} INFO - [2024-05-11T15:30:22.743-0300] {dag.py:3954} INFO - Setting next_dagrun for example_sla_dag to 2024-05-11 18:28:00+00:00, run_after=2024-05-11 18:30:00+00:00
[2024-05-11T15:30:22.804-0300] {processor.py:183} INFO - Processing /home/patricia/Documentos/airflow/airflow_venv/lib/python3.10/site-packages/airflow/example_dags/example_sla_dag.py took 0.184 seconds
[2024-05-11T15:31:07.134-0300] {processor.py:161} INFO - Started process (PID=8126) to work on /home/patricia/Documentos/airflow/airflow_venv/lib/python3.10/site-packages/airflow/example_dags/example_sla_dag.py
[2024-05-11T15:31:07.146-0300] {processor.py:830} INFO - Processing file /home/patricia/Documentos/airflow/airflow_venv/lib/python3.10/site-packages/airflow/example_dags/example_sla_dag.py for tasks to queue
[2024-05-11T15:31:07.151-0300] {logging_mixin.py:188} INFO - [2024-05-11T15:31:07.150-0300] {dagbag.py:545} INFO - Filling up the DagBag from /home/patricia/Documentos/airflow/airflow_venv/lib/python3.10/site-packages/airflow/example_dags/example_sla_dag.py
[2024-05-11T15:31:07.175-0300] {processor.py:840} INFO - DAG(s) 'example_sla_dag' retrieved from /home/patricia/Documentos/airflow/airflow_venv/lib/python3.10/site-packages/airflow/example_dags/example_sla_dag.py
[2024-05-11T15:31:07.219-0300] {logging_mixin.py:188} INFO - [2024-05-11T15:31:07.218-0300] {dag.py:3096} INFO - Sync 1 DAGs
[2024-05-11T15:31:07.274-0300] {logging_mixin.py:188} INFO - [2024-05-11T15:31:07.274-0300] {dag.py:3954} INFO - Setting next_dagrun for example_sla_dag to 2024-05-11 18:28:00+00:00, run_after=2024-05-11 18:30:00+00:00
[2024-05-11T15:31:07.467-0300] {processor.py:183} INFO - Processing /home/patricia/Documentos/airflow/airflow_venv/lib/python3.10/site-packages/airflow/example_dags/example_sla_dag.py took 0.362 seconds
[2024-05-11T15:32:11.613-0300] {processor.py:161} INFO - Started process (PID=8356) to work on /home/patricia/Documentos/airflow/airflow_venv/lib/python3.10/site-packages/airflow/example_dags/example_sla_dag.py
[2024-05-11T15:32:11.615-0300] {processor.py:830} INFO - Processing file /home/patricia/Documentos/airflow/airflow_venv/lib/python3.10/site-packages/airflow/example_dags/example_sla_dag.py for tasks to queue
[2024-05-11T15:32:11.618-0300] {logging_mixin.py:188} INFO - [2024-05-11T15:32:11.618-0300] {dagbag.py:545} INFO - Filling up the DagBag from /home/patricia/Documentos/airflow/airflow_venv/lib/python3.10/site-packages/airflow/example_dags/example_sla_dag.py
[2024-05-11T15:32:11.630-0300] {processor.py:840} INFO - DAG(s) 'example_sla_dag' retrieved from /home/patricia/Documentos/airflow/airflow_venv/lib/python3.10/site-packages/airflow/example_dags/example_sla_dag.py
[2024-05-11T15:32:11.653-0300] {logging_mixin.py:188} INFO - [2024-05-11T15:32:11.653-0300] {dag.py:3096} INFO - Sync 1 DAGs
[2024-05-11T15:32:11.680-0300] {logging_mixin.py:188} INFO - [2024-05-11T15:32:11.679-0300] {dag.py:3954} INFO - Setting next_dagrun for example_sla_dag to 2024-05-11 18:30:00+00:00, run_after=2024-05-11 18:32:00+00:00
[2024-05-11T15:32:11.717-0300] {processor.py:183} INFO - Processing /home/patricia/Documentos/airflow/airflow_venv/lib/python3.10/site-packages/airflow/example_dags/example_sla_dag.py took 0.111 seconds
[2024-05-11T15:33:16.141-0300] {processor.py:161} INFO - Started process (PID=8667) to work on /home/patricia/Documentos/airflow/airflow_venv/lib/python3.10/site-packages/airflow/example_dags/example_sla_dag.py
[2024-05-11T15:33:16.143-0300] {processor.py:830} INFO - Processing file /home/patricia/Documentos/airflow/airflow_venv/lib/python3.10/site-packages/airflow/example_dags/example_sla_dag.py for tasks to queue
[2024-05-11T15:33:16.145-0300] {logging_mixin.py:188} INFO - [2024-05-11T15:33:16.145-0300] {dagbag.py:545} INFO - Filling up the DagBag from /home/patricia/Documentos/airflow/airflow_venv/lib/python3.10/site-packages/airflow/example_dags/example_sla_dag.py
[2024-05-11T15:33:16.156-0300] {processor.py:840} INFO - DAG(s) 'example_sla_dag' retrieved from /home/patricia/Documentos/airflow/airflow_venv/lib/python3.10/site-packages/airflow/example_dags/example_sla_dag.py
[2024-05-11T15:33:16.175-0300] {logging_mixin.py:188} INFO - [2024-05-11T15:33:16.175-0300] {dag.py:3096} INFO - Sync 1 DAGs
[2024-05-11T15:33:16.202-0300] {logging_mixin.py:188} INFO - [2024-05-11T15:33:16.201-0300] {dag.py:3954} INFO - Setting next_dagrun for example_sla_dag to 2024-05-11 18:30:00+00:00, run_after=2024-05-11 18:32:00+00:00
[2024-05-11T15:33:16.294-0300] {processor.py:183} INFO - Processing /home/patricia/Documentos/airflow/airflow_venv/lib/python3.10/site-packages/airflow/example_dags/example_sla_dag.py took 0.162 seconds
[2024-05-11T15:34:31.294-0300] {processor.py:161} INFO - Started process (PID=9311) to work on /home/patricia/Documentos/airflow/airflow_venv/lib/python3.10/site-packages/airflow/example_dags/example_sla_dag.py
[2024-05-11T15:34:31.297-0300] {processor.py:830} INFO - Processing file /home/patricia/Documentos/airflow/airflow_venv/lib/python3.10/site-packages/airflow/example_dags/example_sla_dag.py for tasks to queue
[2024-05-11T15:34:31.299-0300] {logging_mixin.py:188} INFO - [2024-05-11T15:34:31.299-0300] {dagbag.py:545} INFO - Filling up the DagBag from /home/patricia/Documentos/airflow/airflow_venv/lib/python3.10/site-packages/airflow/example_dags/example_sla_dag.py
[2024-05-11T15:34:31.311-0300] {processor.py:840} INFO - DAG(s) 'example_sla_dag' retrieved from /home/patricia/Documentos/airflow/airflow_venv/lib/python3.10/site-packages/airflow/example_dags/example_sla_dag.py
[2024-05-11T15:34:31.330-0300] {logging_mixin.py:188} INFO - [2024-05-11T15:34:31.330-0300] {dag.py:3096} INFO - Sync 1 DAGs
[2024-05-11T15:34:31.355-0300] {logging_mixin.py:188} INFO - [2024-05-11T15:34:31.355-0300] {dag.py:3954} INFO - Setting next_dagrun for example_sla_dag to 2024-05-11 18:32:00+00:00, run_after=2024-05-11 18:34:00+00:00
[2024-05-11T15:34:31.391-0300] {processor.py:183} INFO - Processing /home/patricia/Documentos/airflow/airflow_venv/lib/python3.10/site-packages/airflow/example_dags/example_sla_dag.py took 0.104 seconds
[2024-05-11T15:35:44.638-0300] {processor.py:161} INFO - Started process (PID=9530) to work on /home/patricia/Documentos/airflow/airflow_venv/lib/python3.10/site-packages/airflow/example_dags/example_sla_dag.py
[2024-05-11T15:35:44.641-0300] {processor.py:830} INFO - Processing file /home/patricia/Documentos/airflow/airflow_venv/lib/python3.10/site-packages/airflow/example_dags/example_sla_dag.py for tasks to queue
[2024-05-11T15:35:44.645-0300] {logging_mixin.py:188} INFO - [2024-05-11T15:35:44.644-0300] {dagbag.py:545} INFO - Filling up the DagBag from /home/patricia/Documentos/airflow/airflow_venv/lib/python3.10/site-packages/airflow/example_dags/example_sla_dag.py
[2024-05-11T15:35:44.659-0300] {processor.py:840} INFO - DAG(s) 'example_sla_dag' retrieved from /home/patricia/Documentos/airflow/airflow_venv/lib/python3.10/site-packages/airflow/example_dags/example_sla_dag.py
[2024-05-11T15:35:44.682-0300] {logging_mixin.py:188} INFO - [2024-05-11T15:35:44.681-0300] {dag.py:3096} INFO - Sync 1 DAGs
[2024-05-11T15:35:44.726-0300] {logging_mixin.py:188} INFO - [2024-05-11T15:35:44.726-0300] {dag.py:3954} INFO - Setting next_dagrun for example_sla_dag to 2024-05-11 18:32:00+00:00, run_after=2024-05-11 18:34:00+00:00
[2024-05-11T15:35:44.781-0300] {processor.py:183} INFO - Processing /home/patricia/Documentos/airflow/airflow_venv/lib/python3.10/site-packages/airflow/example_dags/example_sla_dag.py took 0.154 seconds
[2024-05-11T15:36:27.233-0300] {processor.py:161} INFO - Started process (PID=9607) to work on /home/patricia/Documentos/airflow/airflow_venv/lib/python3.10/site-packages/airflow/example_dags/example_sla_dag.py
[2024-05-11T15:36:27.241-0300] {processor.py:830} INFO - Processing file /home/patricia/Documentos/airflow/airflow_venv/lib/python3.10/site-packages/airflow/example_dags/example_sla_dag.py for tasks to queue
[2024-05-11T15:36:27.248-0300] {logging_mixin.py:188} INFO - [2024-05-11T15:36:27.245-0300] {dagbag.py:545} INFO - Filling up the DagBag from /home/patricia/Documentos/airflow/airflow_venv/lib/python3.10/site-packages/airflow/example_dags/example_sla_dag.py
[2024-05-11T15:36:27.276-0300] {processor.py:840} INFO - DAG(s) 'example_sla_dag' retrieved from /home/patricia/Documentos/airflow/airflow_venv/lib/python3.10/site-packages/airflow/example_dags/example_sla_dag.py
[2024-05-11T15:36:27.327-0300] {logging_mixin.py:188} INFO - [2024-05-11T15:36:27.327-0300] {dag.py:3096} INFO - Sync 1 DAGs
[2024-05-11T15:36:27.370-0300] {logging_mixin.py:188} INFO - [2024-05-11T15:36:27.369-0300] {dag.py:3954} INFO - Setting next_dagrun for example_sla_dag to 2024-05-11 18:34:00+00:00, run_after=2024-05-11 18:36:00+00:00
[2024-05-11T15:36:27.421-0300] {processor.py:183} INFO - Processing /home/patricia/Documentos/airflow/airflow_venv/lib/python3.10/site-packages/airflow/example_dags/example_sla_dag.py took 0.199 seconds
[2024-05-11T15:37:08.670-0300] {processor.py:161} INFO - Started process (PID=9791) to work on /home/patricia/Documentos/airflow/airflow_venv/lib/python3.10/site-packages/airflow/example_dags/example_sla_dag.py
[2024-05-11T15:37:08.672-0300] {processor.py:830} INFO - Processing file /home/patricia/Documentos/airflow/airflow_venv/lib/python3.10/site-packages/airflow/example_dags/example_sla_dag.py for tasks to queue
[2024-05-11T15:37:08.675-0300] {logging_mixin.py:188} INFO - [2024-05-11T15:37:08.674-0300] {dagbag.py:545} INFO - Filling up the DagBag from /home/patricia/Documentos/airflow/airflow_venv/lib/python3.10/site-packages/airflow/example_dags/example_sla_dag.py
[2024-05-11T15:37:08.688-0300] {processor.py:840} INFO - DAG(s) 'example_sla_dag' retrieved from /home/patricia/Documentos/airflow/airflow_venv/lib/python3.10/site-packages/airflow/example_dags/example_sla_dag.py
[2024-05-11T15:37:08.709-0300] {logging_mixin.py:188} INFO - [2024-05-11T15:37:08.709-0300] {dag.py:3096} INFO - Sync 1 DAGs
[2024-05-11T15:37:08.741-0300] {logging_mixin.py:188} INFO - [2024-05-11T15:37:08.741-0300] {dag.py:3954} INFO - Setting next_dagrun for example_sla_dag to 2024-05-11 18:34:00+00:00, run_after=2024-05-11 18:36:00+00:00
[2024-05-11T15:37:08.781-0300] {processor.py:183} INFO - Processing /home/patricia/Documentos/airflow/airflow_venv/lib/python3.10/site-packages/airflow/example_dags/example_sla_dag.py took 0.120 seconds
[2024-05-11T15:38:31.254-0300] {processor.py:161} INFO - Started process (PID=9942) to work on /home/patricia/Documentos/airflow/airflow_venv/lib/python3.10/site-packages/airflow/example_dags/example_sla_dag.py
[2024-05-11T15:38:31.256-0300] {processor.py:830} INFO - Processing file /home/patricia/Documentos/airflow/airflow_venv/lib/python3.10/site-packages/airflow/example_dags/example_sla_dag.py for tasks to queue
[2024-05-11T15:38:31.258-0300] {logging_mixin.py:188} INFO - [2024-05-11T15:38:31.258-0300] {dagbag.py:545} INFO - Filling up the DagBag from /home/patricia/Documentos/airflow/airflow_venv/lib/python3.10/site-packages/airflow/example_dags/example_sla_dag.py
[2024-05-11T15:38:31.269-0300] {processor.py:840} INFO - DAG(s) 'example_sla_dag' retrieved from /home/patricia/Documentos/airflow/airflow_venv/lib/python3.10/site-packages/airflow/example_dags/example_sla_dag.py
[2024-05-11T15:38:31.286-0300] {logging_mixin.py:188} INFO - [2024-05-11T15:38:31.285-0300] {dag.py:3096} INFO - Sync 1 DAGs
[2024-05-11T15:38:31.310-0300] {logging_mixin.py:188} INFO - [2024-05-11T15:38:31.310-0300] {dag.py:3954} INFO - Setting next_dagrun for example_sla_dag to 2024-05-11 18:36:00+00:00, run_after=2024-05-11 18:38:00+00:00
[2024-05-11T15:38:31.345-0300] {processor.py:183} INFO - Processing /home/patricia/Documentos/airflow/airflow_venv/lib/python3.10/site-packages/airflow/example_dags/example_sla_dag.py took 0.098 seconds
[2024-05-11T15:39:29.932-0300] {processor.py:161} INFO - Started process (PID=10047) to work on /home/patricia/Documentos/airflow/airflow_venv/lib/python3.10/site-packages/airflow/example_dags/example_sla_dag.py
[2024-05-11T15:39:29.939-0300] {processor.py:830} INFO - Processing file /home/patricia/Documentos/airflow/airflow_venv/lib/python3.10/site-packages/airflow/example_dags/example_sla_dag.py for tasks to queue
[2024-05-11T15:39:29.946-0300] {logging_mixin.py:188} INFO - [2024-05-11T15:39:29.943-0300] {dagbag.py:545} INFO - Filling up the DagBag from /home/patricia/Documentos/airflow/airflow_venv/lib/python3.10/site-packages/airflow/example_dags/example_sla_dag.py
[2024-05-11T15:39:29.983-0300] {processor.py:840} INFO - DAG(s) 'example_sla_dag' retrieved from /home/patricia/Documentos/airflow/airflow_venv/lib/python3.10/site-packages/airflow/example_dags/example_sla_dag.py
[2024-05-11T15:39:30.042-0300] {logging_mixin.py:188} INFO - [2024-05-11T15:39:30.042-0300] {dag.py:3096} INFO - Sync 1 DAGs
[2024-05-11T15:39:30.107-0300] {logging_mixin.py:188} INFO - [2024-05-11T15:39:30.107-0300] {dag.py:3954} INFO - Setting next_dagrun for example_sla_dag to 2024-05-11 18:36:00+00:00, run_after=2024-05-11 18:38:00+00:00
[2024-05-11T15:39:30.224-0300] {processor.py:183} INFO - Processing /home/patricia/Documentos/airflow/airflow_venv/lib/python3.10/site-packages/airflow/example_dags/example_sla_dag.py took 0.327 seconds
[2024-05-11T15:40:48.229-0300] {processor.py:161} INFO - Started process (PID=10600) to work on /home/patricia/Documentos/airflow/airflow_venv/lib/python3.10/site-packages/airflow/example_dags/example_sla_dag.py
[2024-05-11T15:40:48.239-0300] {processor.py:830} INFO - Processing file /home/patricia/Documentos/airflow/airflow_venv/lib/python3.10/site-packages/airflow/example_dags/example_sla_dag.py for tasks to queue
[2024-05-11T15:40:48.242-0300] {logging_mixin.py:188} INFO - [2024-05-11T15:40:48.241-0300] {dagbag.py:545} INFO - Filling up the DagBag from /home/patricia/Documentos/airflow/airflow_venv/lib/python3.10/site-packages/airflow/example_dags/example_sla_dag.py
[2024-05-11T15:40:48.257-0300] {processor.py:840} INFO - DAG(s) 'example_sla_dag' retrieved from /home/patricia/Documentos/airflow/airflow_venv/lib/python3.10/site-packages/airflow/example_dags/example_sla_dag.py
[2024-05-11T15:40:48.277-0300] {logging_mixin.py:188} INFO - [2024-05-11T15:40:48.277-0300] {dag.py:3096} INFO - Sync 1 DAGs
[2024-05-11T15:40:48.327-0300] {logging_mixin.py:188} INFO - [2024-05-11T15:40:48.327-0300] {dag.py:3954} INFO - Setting next_dagrun for example_sla_dag to 2024-05-11 18:38:00+00:00, run_after=2024-05-11 18:40:00+00:00
[2024-05-11T15:40:48.387-0300] {processor.py:183} INFO - Processing /home/patricia/Documentos/airflow/airflow_venv/lib/python3.10/site-packages/airflow/example_dags/example_sla_dag.py took 0.174 seconds
[2024-05-11T16:28:02.223-0300] {processor.py:161} INFO - Started process (PID=10949) to work on /home/patricia/Documentos/airflow/airflow_venv/lib/python3.10/site-packages/airflow/example_dags/example_sla_dag.py
[2024-05-11T16:28:02.228-0300] {processor.py:830} INFO - Processing file /home/patricia/Documentos/airflow/airflow_venv/lib/python3.10/site-packages/airflow/example_dags/example_sla_dag.py for tasks to queue
[2024-05-11T16:28:02.297-0300] {logging_mixin.py:188} INFO - [2024-05-11T16:28:02.296-0300] {dagbag.py:545} INFO - Filling up the DagBag from /home/patricia/Documentos/airflow/airflow_venv/lib/python3.10/site-packages/airflow/example_dags/example_sla_dag.py
[2024-05-11T16:28:02.318-0300] {processor.py:840} INFO - DAG(s) 'example_sla_dag' retrieved from /home/patricia/Documentos/airflow/airflow_venv/lib/python3.10/site-packages/airflow/example_dags/example_sla_dag.py
[2024-05-11T16:28:02.335-0300] {logging_mixin.py:188} INFO - [2024-05-11T16:28:02.335-0300] {dag.py:3096} INFO - Sync 1 DAGs
[2024-05-11T16:28:02.379-0300] {logging_mixin.py:188} INFO - [2024-05-11T16:28:02.379-0300] {dag.py:3954} INFO - Setting next_dagrun for example_sla_dag to 2024-05-11 19:26:00+00:00, run_after=2024-05-11 19:28:00+00:00
[2024-05-11T16:28:02.447-0300] {processor.py:183} INFO - Processing /home/patricia/Documentos/airflow/airflow_venv/lib/python3.10/site-packages/airflow/example_dags/example_sla_dag.py took 0.238 seconds
[2024-05-11T16:30:13.735-0300] {processor.py:161} INFO - Started process (PID=11216) to work on /home/patricia/Documentos/airflow/airflow_venv/lib/python3.10/site-packages/airflow/example_dags/example_sla_dag.py
[2024-05-11T16:30:13.738-0300] {processor.py:830} INFO - Processing file /home/patricia/Documentos/airflow/airflow_venv/lib/python3.10/site-packages/airflow/example_dags/example_sla_dag.py for tasks to queue
[2024-05-11T16:30:13.744-0300] {logging_mixin.py:188} INFO - [2024-05-11T16:30:13.743-0300] {dagbag.py:545} INFO - Filling up the DagBag from /home/patricia/Documentos/airflow/airflow_venv/lib/python3.10/site-packages/airflow/example_dags/example_sla_dag.py
[2024-05-11T16:30:13.768-0300] {processor.py:840} INFO - DAG(s) 'example_sla_dag' retrieved from /home/patricia/Documentos/airflow/airflow_venv/lib/python3.10/site-packages/airflow/example_dags/example_sla_dag.py
[2024-05-11T16:30:14.357-0300] {logging_mixin.py:188} INFO - [2024-05-11T16:30:14.357-0300] {dag.py:3096} INFO - Sync 1 DAGs
[2024-05-11T16:30:14.428-0300] {logging_mixin.py:188} INFO - [2024-05-11T16:30:14.428-0300] {dag.py:3954} INFO - Setting next_dagrun for example_sla_dag to 2024-05-11 19:28:00+00:00, run_after=2024-05-11 19:30:00+00:00
[2024-05-11T16:30:14.564-0300] {processor.py:183} INFO - Processing /home/patricia/Documentos/airflow/airflow_venv/lib/python3.10/site-packages/airflow/example_dags/example_sla_dag.py took 0.850 seconds
[2024-05-11T16:31:34.609-0300] {processor.py:161} INFO - Started process (PID=11370) to work on /home/patricia/Documentos/airflow/airflow_venv/lib/python3.10/site-packages/airflow/example_dags/example_sla_dag.py
[2024-05-11T16:31:34.634-0300] {processor.py:830} INFO - Processing file /home/patricia/Documentos/airflow/airflow_venv/lib/python3.10/site-packages/airflow/example_dags/example_sla_dag.py for tasks to queue
[2024-05-11T16:31:34.641-0300] {logging_mixin.py:188} INFO - [2024-05-11T16:31:34.640-0300] {dagbag.py:545} INFO - Filling up the DagBag from /home/patricia/Documentos/airflow/airflow_venv/lib/python3.10/site-packages/airflow/example_dags/example_sla_dag.py
[2024-05-11T16:31:34.672-0300] {processor.py:840} INFO - DAG(s) 'example_sla_dag' retrieved from /home/patricia/Documentos/airflow/airflow_venv/lib/python3.10/site-packages/airflow/example_dags/example_sla_dag.py
[2024-05-11T16:31:34.776-0300] {logging_mixin.py:188} INFO - [2024-05-11T16:31:34.776-0300] {dag.py:3096} INFO - Sync 1 DAGs
[2024-05-11T16:31:35.003-0300] {logging_mixin.py:188} INFO - [2024-05-11T16:31:35.002-0300] {dag.py:3954} INFO - Setting next_dagrun for example_sla_dag to 2024-05-11 19:28:00+00:00, run_after=2024-05-11 19:30:00+00:00
[2024-05-11T16:31:35.073-0300] {processor.py:183} INFO - Processing /home/patricia/Documentos/airflow/airflow_venv/lib/python3.10/site-packages/airflow/example_dags/example_sla_dag.py took 0.541 seconds
[2024-05-11T16:32:38.907-0300] {processor.py:161} INFO - Started process (PID=11480) to work on /home/patricia/Documentos/airflow/airflow_venv/lib/python3.10/site-packages/airflow/example_dags/example_sla_dag.py
[2024-05-11T16:32:38.911-0300] {processor.py:830} INFO - Processing file /home/patricia/Documentos/airflow/airflow_venv/lib/python3.10/site-packages/airflow/example_dags/example_sla_dag.py for tasks to queue
[2024-05-11T16:32:38.917-0300] {logging_mixin.py:188} INFO - [2024-05-11T16:32:38.916-0300] {dagbag.py:545} INFO - Filling up the DagBag from /home/patricia/Documentos/airflow/airflow_venv/lib/python3.10/site-packages/airflow/example_dags/example_sla_dag.py
[2024-05-11T16:32:39.275-0300] {processor.py:840} INFO - DAG(s) 'example_sla_dag' retrieved from /home/patricia/Documentos/airflow/airflow_venv/lib/python3.10/site-packages/airflow/example_dags/example_sla_dag.py
[2024-05-11T16:32:39.309-0300] {logging_mixin.py:188} INFO - [2024-05-11T16:32:39.308-0300] {dag.py:3096} INFO - Sync 1 DAGs
[2024-05-11T16:32:39.371-0300] {logging_mixin.py:188} INFO - [2024-05-11T16:32:39.370-0300] {dag.py:3954} INFO - Setting next_dagrun for example_sla_dag to 2024-05-11 19:30:00+00:00, run_after=2024-05-11 19:32:00+00:00
[2024-05-11T16:32:39.570-0300] {processor.py:183} INFO - Processing /home/patricia/Documentos/airflow/airflow_venv/lib/python3.10/site-packages/airflow/example_dags/example_sla_dag.py took 0.691 seconds
[2024-05-11T16:33:35.311-0300] {processor.py:161} INFO - Started process (PID=11625) to work on /home/patricia/Documentos/airflow/airflow_venv/lib/python3.10/site-packages/airflow/example_dags/example_sla_dag.py
[2024-05-11T16:33:35.320-0300] {processor.py:830} INFO - Processing file /home/patricia/Documentos/airflow/airflow_venv/lib/python3.10/site-packages/airflow/example_dags/example_sla_dag.py for tasks to queue
[2024-05-11T16:33:35.330-0300] {logging_mixin.py:188} INFO - [2024-05-11T16:33:35.328-0300] {dagbag.py:545} INFO - Filling up the DagBag from /home/patricia/Documentos/airflow/airflow_venv/lib/python3.10/site-packages/airflow/example_dags/example_sla_dag.py
[2024-05-11T16:33:35.374-0300] {processor.py:840} INFO - DAG(s) 'example_sla_dag' retrieved from /home/patricia/Documentos/airflow/airflow_venv/lib/python3.10/site-packages/airflow/example_dags/example_sla_dag.py
[2024-05-11T16:33:35.424-0300] {logging_mixin.py:188} INFO - [2024-05-11T16:33:35.423-0300] {dag.py:3096} INFO - Sync 1 DAGs
[2024-05-11T16:33:35.476-0300] {logging_mixin.py:188} INFO - [2024-05-11T16:33:35.475-0300] {dag.py:3954} INFO - Setting next_dagrun for example_sla_dag to 2024-05-11 19:30:00+00:00, run_after=2024-05-11 19:32:00+00:00
[2024-05-11T16:33:35.537-0300] {processor.py:183} INFO - Processing /home/patricia/Documentos/airflow/airflow_venv/lib/python3.10/site-packages/airflow/example_dags/example_sla_dag.py took 0.260 seconds
[2024-05-11T16:34:26.949-0300] {processor.py:161} INFO - Started process (PID=11719) to work on /home/patricia/Documentos/airflow/airflow_venv/lib/python3.10/site-packages/airflow/example_dags/example_sla_dag.py
[2024-05-11T16:34:26.994-0300] {processor.py:830} INFO - Processing file /home/patricia/Documentos/airflow/airflow_venv/lib/python3.10/site-packages/airflow/example_dags/example_sla_dag.py for tasks to queue
[2024-05-11T16:34:27.000-0300] {logging_mixin.py:188} INFO - [2024-05-11T16:34:26.999-0300] {dagbag.py:545} INFO - Filling up the DagBag from /home/patricia/Documentos/airflow/airflow_venv/lib/python3.10/site-packages/airflow/example_dags/example_sla_dag.py
[2024-05-11T16:34:27.025-0300] {processor.py:840} INFO - DAG(s) 'example_sla_dag' retrieved from /home/patricia/Documentos/airflow/airflow_venv/lib/python3.10/site-packages/airflow/example_dags/example_sla_dag.py
[2024-05-11T16:34:27.074-0300] {logging_mixin.py:188} INFO - [2024-05-11T16:34:27.074-0300] {dag.py:3096} INFO - Sync 1 DAGs
[2024-05-11T16:34:27.160-0300] {logging_mixin.py:188} INFO - [2024-05-11T16:34:27.159-0300] {dag.py:3954} INFO - Setting next_dagrun for example_sla_dag to 2024-05-11 19:32:00+00:00, run_after=2024-05-11 19:34:00+00:00
[2024-05-11T16:34:27.237-0300] {processor.py:183} INFO - Processing /home/patricia/Documentos/airflow/airflow_venv/lib/python3.10/site-packages/airflow/example_dags/example_sla_dag.py took 0.336 seconds
[2024-05-11T16:35:14.014-0300] {processor.py:161} INFO - Started process (PID=11798) to work on /home/patricia/Documentos/airflow/airflow_venv/lib/python3.10/site-packages/airflow/example_dags/example_sla_dag.py
[2024-05-11T16:35:14.023-0300] {processor.py:830} INFO - Processing file /home/patricia/Documentos/airflow/airflow_venv/lib/python3.10/site-packages/airflow/example_dags/example_sla_dag.py for tasks to queue
[2024-05-11T16:35:14.031-0300] {logging_mixin.py:188} INFO - [2024-05-11T16:35:14.030-0300] {dagbag.py:545} INFO - Filling up the DagBag from /home/patricia/Documentos/airflow/airflow_venv/lib/python3.10/site-packages/airflow/example_dags/example_sla_dag.py
[2024-05-11T16:35:14.061-0300] {processor.py:840} INFO - DAG(s) 'example_sla_dag' retrieved from /home/patricia/Documentos/airflow/airflow_venv/lib/python3.10/site-packages/airflow/example_dags/example_sla_dag.py
[2024-05-11T16:35:14.100-0300] {logging_mixin.py:188} INFO - [2024-05-11T16:35:14.100-0300] {dag.py:3096} INFO - Sync 1 DAGs
[2024-05-11T16:35:14.156-0300] {logging_mixin.py:188} INFO - [2024-05-11T16:35:14.156-0300] {dag.py:3954} INFO - Setting next_dagrun for example_sla_dag to 2024-05-11 19:32:00+00:00, run_after=2024-05-11 19:34:00+00:00
[2024-05-11T16:35:14.217-0300] {processor.py:183} INFO - Processing /home/patricia/Documentos/airflow/airflow_venv/lib/python3.10/site-packages/airflow/example_dags/example_sla_dag.py took 0.243 seconds
[2024-05-11T16:36:04.529-0300] {processor.py:161} INFO - Started process (PID=11871) to work on /home/patricia/Documentos/airflow/airflow_venv/lib/python3.10/site-packages/airflow/example_dags/example_sla_dag.py
[2024-05-11T16:36:04.535-0300] {processor.py:830} INFO - Processing file /home/patricia/Documentos/airflow/airflow_venv/lib/python3.10/site-packages/airflow/example_dags/example_sla_dag.py for tasks to queue
[2024-05-11T16:36:04.548-0300] {logging_mixin.py:188} INFO - [2024-05-11T16:36:04.545-0300] {dagbag.py:545} INFO - Filling up the DagBag from /home/patricia/Documentos/airflow/airflow_venv/lib/python3.10/site-packages/airflow/example_dags/example_sla_dag.py
[2024-05-11T16:36:04.601-0300] {processor.py:840} INFO - DAG(s) 'example_sla_dag' retrieved from /home/patricia/Documentos/airflow/airflow_venv/lib/python3.10/site-packages/airflow/example_dags/example_sla_dag.py
[2024-05-11T16:36:04.650-0300] {logging_mixin.py:188} INFO - [2024-05-11T16:36:04.649-0300] {dag.py:3096} INFO - Sync 1 DAGs
[2024-05-11T16:36:04.709-0300] {logging_mixin.py:188} INFO - [2024-05-11T16:36:04.708-0300] {dag.py:3954} INFO - Setting next_dagrun for example_sla_dag to 2024-05-11 19:34:00+00:00, run_after=2024-05-11 19:36:00+00:00
[2024-05-11T16:36:04.791-0300] {processor.py:183} INFO - Processing /home/patricia/Documentos/airflow/airflow_venv/lib/python3.10/site-packages/airflow/example_dags/example_sla_dag.py took 0.288 seconds
[2024-05-11T16:36:52.628-0300] {processor.py:161} INFO - Started process (PID=11948) to work on /home/patricia/Documentos/airflow/airflow_venv/lib/python3.10/site-packages/airflow/example_dags/example_sla_dag.py
[2024-05-11T16:36:52.634-0300] {processor.py:830} INFO - Processing file /home/patricia/Documentos/airflow/airflow_venv/lib/python3.10/site-packages/airflow/example_dags/example_sla_dag.py for tasks to queue
[2024-05-11T16:36:52.638-0300] {logging_mixin.py:188} INFO - [2024-05-11T16:36:52.637-0300] {dagbag.py:545} INFO - Filling up the DagBag from /home/patricia/Documentos/airflow/airflow_venv/lib/python3.10/site-packages/airflow/example_dags/example_sla_dag.py
[2024-05-11T16:36:52.662-0300] {processor.py:840} INFO - DAG(s) 'example_sla_dag' retrieved from /home/patricia/Documentos/airflow/airflow_venv/lib/python3.10/site-packages/airflow/example_dags/example_sla_dag.py
[2024-05-11T16:36:52.699-0300] {logging_mixin.py:188} INFO - [2024-05-11T16:36:52.699-0300] {dag.py:3096} INFO - Sync 1 DAGs
[2024-05-11T16:36:52.754-0300] {logging_mixin.py:188} INFO - [2024-05-11T16:36:52.754-0300] {dag.py:3954} INFO - Setting next_dagrun for example_sla_dag to 2024-05-11 19:34:00+00:00, run_after=2024-05-11 19:36:00+00:00
[2024-05-11T16:36:52.821-0300] {processor.py:183} INFO - Processing /home/patricia/Documentos/airflow/airflow_venv/lib/python3.10/site-packages/airflow/example_dags/example_sla_dag.py took 0.213 seconds
