[2024-05-11T15:11:01.621-0300] {processor.py:161} INFO - Started process (PID=4458) to work on /home/patricia/Documentos/airflow/airflow_venv/lib/python3.10/site-packages/airflow/example_dags/example_trigger_controller_dag.py
[2024-05-11T15:11:01.623-0300] {processor.py:830} INFO - Processing file /home/patricia/Documentos/airflow/airflow_venv/lib/python3.10/site-packages/airflow/example_dags/example_trigger_controller_dag.py for tasks to queue
[2024-05-11T15:11:01.626-0300] {logging_mixin.py:188} INFO - [2024-05-11T15:11:01.626-0300] {dagbag.py:545} INFO - Filling up the DagBag from /home/patricia/Documentos/airflow/airflow_venv/lib/python3.10/site-packages/airflow/example_dags/example_trigger_controller_dag.py
[2024-05-11T15:11:01.634-0300] {processor.py:840} INFO - DAG(s) 'example_trigger_controller_dag' retrieved from /home/patricia/Documentos/airflow/airflow_venv/lib/python3.10/site-packages/airflow/example_dags/example_trigger_controller_dag.py
[2024-05-11T15:11:01.648-0300] {logging_mixin.py:188} INFO - [2024-05-11T15:11:01.648-0300] {dag.py:3096} INFO - Sync 1 DAGs
[2024-05-11T15:11:01.680-0300] {logging_mixin.py:188} INFO - [2024-05-11T15:11:01.680-0300] {dag.py:3954} INFO - Setting next_dagrun for example_trigger_controller_dag to 2021-01-01 00:00:00+00:00, run_after=2021-01-01 00:00:00+00:00
[2024-05-11T15:11:01.743-0300] {processor.py:183} INFO - Processing /home/patricia/Documentos/airflow/airflow_venv/lib/python3.10/site-packages/airflow/example_dags/example_trigger_controller_dag.py took 0.135 seconds
[2024-05-11T15:12:20.233-0300] {processor.py:161} INFO - Started process (PID=4650) to work on /home/patricia/Documentos/airflow/airflow_venv/lib/python3.10/site-packages/airflow/example_dags/example_trigger_controller_dag.py
[2024-05-11T15:12:20.239-0300] {processor.py:830} INFO - Processing file /home/patricia/Documentos/airflow/airflow_venv/lib/python3.10/site-packages/airflow/example_dags/example_trigger_controller_dag.py for tasks to queue
[2024-05-11T15:12:20.243-0300] {logging_mixin.py:188} INFO - [2024-05-11T15:12:20.242-0300] {dagbag.py:545} INFO - Filling up the DagBag from /home/patricia/Documentos/airflow/airflow_venv/lib/python3.10/site-packages/airflow/example_dags/example_trigger_controller_dag.py
[2024-05-11T15:12:20.250-0300] {processor.py:840} INFO - DAG(s) 'example_trigger_controller_dag' retrieved from /home/patricia/Documentos/airflow/airflow_venv/lib/python3.10/site-packages/airflow/example_dags/example_trigger_controller_dag.py
[2024-05-11T15:12:20.376-0300] {logging_mixin.py:188} INFO - [2024-05-11T15:12:20.376-0300] {dag.py:3096} INFO - Sync 1 DAGs
[2024-05-11T15:12:20.546-0300] {logging_mixin.py:188} INFO - [2024-05-11T15:12:20.546-0300] {dag.py:3954} INFO - Setting next_dagrun for example_trigger_controller_dag to 2021-01-01 00:00:00+00:00, run_after=2021-01-01 00:00:00+00:00
[2024-05-11T15:12:20.631-0300] {processor.py:183} INFO - Processing /home/patricia/Documentos/airflow/airflow_venv/lib/python3.10/site-packages/airflow/example_dags/example_trigger_controller_dag.py took 0.409 seconds
[2024-05-11T15:13:52.641-0300] {processor.py:161} INFO - Started process (PID=4774) to work on /home/patricia/Documentos/airflow/airflow_venv/lib/python3.10/site-packages/airflow/example_dags/example_trigger_controller_dag.py
[2024-05-11T15:13:52.643-0300] {processor.py:830} INFO - Processing file /home/patricia/Documentos/airflow/airflow_venv/lib/python3.10/site-packages/airflow/example_dags/example_trigger_controller_dag.py for tasks to queue
[2024-05-11T15:13:52.646-0300] {logging_mixin.py:188} INFO - [2024-05-11T15:13:52.645-0300] {dagbag.py:545} INFO - Filling up the DagBag from /home/patricia/Documentos/airflow/airflow_venv/lib/python3.10/site-packages/airflow/example_dags/example_trigger_controller_dag.py
[2024-05-11T15:13:52.653-0300] {processor.py:840} INFO - DAG(s) 'example_trigger_controller_dag' retrieved from /home/patricia/Documentos/airflow/airflow_venv/lib/python3.10/site-packages/airflow/example_dags/example_trigger_controller_dag.py
[2024-05-11T15:13:52.670-0300] {logging_mixin.py:188} INFO - [2024-05-11T15:13:52.670-0300] {dag.py:3096} INFO - Sync 1 DAGs
[2024-05-11T15:13:52.692-0300] {logging_mixin.py:188} INFO - [2024-05-11T15:13:52.692-0300] {dag.py:3954} INFO - Setting next_dagrun for example_trigger_controller_dag to 2021-01-01 00:00:00+00:00, run_after=2021-01-01 00:00:00+00:00
[2024-05-11T15:13:52.729-0300] {processor.py:183} INFO - Processing /home/patricia/Documentos/airflow/airflow_venv/lib/python3.10/site-packages/airflow/example_dags/example_trigger_controller_dag.py took 0.096 seconds
[2024-05-11T15:14:40.701-0300] {processor.py:161} INFO - Started process (PID=4903) to work on /home/patricia/Documentos/airflow/airflow_venv/lib/python3.10/site-packages/airflow/example_dags/example_trigger_controller_dag.py
[2024-05-11T15:14:40.703-0300] {processor.py:830} INFO - Processing file /home/patricia/Documentos/airflow/airflow_venv/lib/python3.10/site-packages/airflow/example_dags/example_trigger_controller_dag.py for tasks to queue
[2024-05-11T15:14:40.708-0300] {logging_mixin.py:188} INFO - [2024-05-11T15:14:40.707-0300] {dagbag.py:545} INFO - Filling up the DagBag from /home/patricia/Documentos/airflow/airflow_venv/lib/python3.10/site-packages/airflow/example_dags/example_trigger_controller_dag.py
[2024-05-11T15:14:40.782-0300] {processor.py:840} INFO - DAG(s) 'example_trigger_controller_dag' retrieved from /home/patricia/Documentos/airflow/airflow_venv/lib/python3.10/site-packages/airflow/example_dags/example_trigger_controller_dag.py
[2024-05-11T15:14:40.823-0300] {logging_mixin.py:188} INFO - [2024-05-11T15:14:40.822-0300] {dag.py:3096} INFO - Sync 1 DAGs
[2024-05-11T15:14:41.090-0300] {logging_mixin.py:188} INFO - [2024-05-11T15:14:41.089-0300] {dag.py:3954} INFO - Setting next_dagrun for example_trigger_controller_dag to 2021-01-01 00:00:00+00:00, run_after=2021-01-01 00:00:00+00:00
[2024-05-11T15:14:41.184-0300] {processor.py:183} INFO - Processing /home/patricia/Documentos/airflow/airflow_venv/lib/python3.10/site-packages/airflow/example_dags/example_trigger_controller_dag.py took 0.509 seconds
[2024-05-11T15:15:22.064-0300] {processor.py:161} INFO - Started process (PID=4989) to work on /home/patricia/Documentos/airflow/airflow_venv/lib/python3.10/site-packages/airflow/example_dags/example_trigger_controller_dag.py
[2024-05-11T15:15:22.067-0300] {processor.py:830} INFO - Processing file /home/patricia/Documentos/airflow/airflow_venv/lib/python3.10/site-packages/airflow/example_dags/example_trigger_controller_dag.py for tasks to queue
[2024-05-11T15:15:22.071-0300] {logging_mixin.py:188} INFO - [2024-05-11T15:15:22.070-0300] {dagbag.py:545} INFO - Filling up the DagBag from /home/patricia/Documentos/airflow/airflow_venv/lib/python3.10/site-packages/airflow/example_dags/example_trigger_controller_dag.py
[2024-05-11T15:15:22.081-0300] {processor.py:840} INFO - DAG(s) 'example_trigger_controller_dag' retrieved from /home/patricia/Documentos/airflow/airflow_venv/lib/python3.10/site-packages/airflow/example_dags/example_trigger_controller_dag.py
[2024-05-11T15:15:22.119-0300] {logging_mixin.py:188} INFO - [2024-05-11T15:15:22.119-0300] {dag.py:3096} INFO - Sync 1 DAGs
[2024-05-11T15:15:22.154-0300] {logging_mixin.py:188} INFO - [2024-05-11T15:15:22.153-0300] {dag.py:3954} INFO - Setting next_dagrun for example_trigger_controller_dag to 2021-01-01 00:00:00+00:00, run_after=2021-01-01 00:00:00+00:00
[2024-05-11T15:15:22.261-0300] {processor.py:183} INFO - Processing /home/patricia/Documentos/airflow/airflow_venv/lib/python3.10/site-packages/airflow/example_dags/example_trigger_controller_dag.py took 0.214 seconds
[2024-05-11T15:15:55.530-0300] {processor.py:161} INFO - Started process (PID=5065) to work on /home/patricia/Documentos/airflow/airflow_venv/lib/python3.10/site-packages/airflow/example_dags/example_trigger_controller_dag.py
[2024-05-11T15:15:55.533-0300] {processor.py:830} INFO - Processing file /home/patricia/Documentos/airflow/airflow_venv/lib/python3.10/site-packages/airflow/example_dags/example_trigger_controller_dag.py for tasks to queue
[2024-05-11T15:15:55.536-0300] {logging_mixin.py:188} INFO - [2024-05-11T15:15:55.535-0300] {dagbag.py:545} INFO - Filling up the DagBag from /home/patricia/Documentos/airflow/airflow_venv/lib/python3.10/site-packages/airflow/example_dags/example_trigger_controller_dag.py
[2024-05-11T15:15:55.542-0300] {processor.py:840} INFO - DAG(s) 'example_trigger_controller_dag' retrieved from /home/patricia/Documentos/airflow/airflow_venv/lib/python3.10/site-packages/airflow/example_dags/example_trigger_controller_dag.py
[2024-05-11T15:15:55.562-0300] {logging_mixin.py:188} INFO - [2024-05-11T15:15:55.562-0300] {dag.py:3096} INFO - Sync 1 DAGs
[2024-05-11T15:15:55.583-0300] {logging_mixin.py:188} INFO - [2024-05-11T15:15:55.583-0300] {dag.py:3954} INFO - Setting next_dagrun for example_trigger_controller_dag to 2021-01-01 00:00:00+00:00, run_after=2021-01-01 00:00:00+00:00
[2024-05-11T15:15:55.618-0300] {processor.py:183} INFO - Processing /home/patricia/Documentos/airflow/airflow_venv/lib/python3.10/site-packages/airflow/example_dags/example_trigger_controller_dag.py took 0.094 seconds
[2024-05-11T15:16:55.571-0300] {processor.py:161} INFO - Started process (PID=5183) to work on /home/patricia/Documentos/airflow/airflow_venv/lib/python3.10/site-packages/airflow/example_dags/example_trigger_controller_dag.py
[2024-05-11T15:16:55.590-0300] {processor.py:830} INFO - Processing file /home/patricia/Documentos/airflow/airflow_venv/lib/python3.10/site-packages/airflow/example_dags/example_trigger_controller_dag.py for tasks to queue
[2024-05-11T15:16:55.595-0300] {logging_mixin.py:188} INFO - [2024-05-11T15:16:55.594-0300] {dagbag.py:545} INFO - Filling up the DagBag from /home/patricia/Documentos/airflow/airflow_venv/lib/python3.10/site-packages/airflow/example_dags/example_trigger_controller_dag.py
[2024-05-11T15:16:55.607-0300] {processor.py:840} INFO - DAG(s) 'example_trigger_controller_dag' retrieved from /home/patricia/Documentos/airflow/airflow_venv/lib/python3.10/site-packages/airflow/example_dags/example_trigger_controller_dag.py
[2024-05-11T15:16:55.656-0300] {logging_mixin.py:188} INFO - [2024-05-11T15:16:55.652-0300] {dag.py:3096} INFO - Sync 1 DAGs
[2024-05-11T15:16:55.694-0300] {logging_mixin.py:188} INFO - [2024-05-11T15:16:55.694-0300] {dag.py:3954} INFO - Setting next_dagrun for example_trigger_controller_dag to 2021-01-01 00:00:00+00:00, run_after=2021-01-01 00:00:00+00:00
[2024-05-11T15:16:55.745-0300] {processor.py:183} INFO - Processing /home/patricia/Documentos/airflow/airflow_venv/lib/python3.10/site-packages/airflow/example_dags/example_trigger_controller_dag.py took 0.183 seconds
[2024-05-11T15:18:02.715-0300] {processor.py:161} INFO - Started process (PID=5341) to work on /home/patricia/Documentos/airflow/airflow_venv/lib/python3.10/site-packages/airflow/example_dags/example_trigger_controller_dag.py
[2024-05-11T15:18:02.718-0300] {processor.py:830} INFO - Processing file /home/patricia/Documentos/airflow/airflow_venv/lib/python3.10/site-packages/airflow/example_dags/example_trigger_controller_dag.py for tasks to queue
[2024-05-11T15:18:02.721-0300] {logging_mixin.py:188} INFO - [2024-05-11T15:18:02.721-0300] {dagbag.py:545} INFO - Filling up the DagBag from /home/patricia/Documentos/airflow/airflow_venv/lib/python3.10/site-packages/airflow/example_dags/example_trigger_controller_dag.py
[2024-05-11T15:18:02.728-0300] {processor.py:840} INFO - DAG(s) 'example_trigger_controller_dag' retrieved from /home/patricia/Documentos/airflow/airflow_venv/lib/python3.10/site-packages/airflow/example_dags/example_trigger_controller_dag.py
[2024-05-11T15:18:02.746-0300] {logging_mixin.py:188} INFO - [2024-05-11T15:18:02.746-0300] {dag.py:3096} INFO - Sync 1 DAGs
[2024-05-11T15:18:02.768-0300] {logging_mixin.py:188} INFO - [2024-05-11T15:18:02.767-0300] {dag.py:3954} INFO - Setting next_dagrun for example_trigger_controller_dag to 2021-01-01 00:00:00+00:00, run_after=2021-01-01 00:00:00+00:00
[2024-05-11T15:18:02.806-0300] {processor.py:183} INFO - Processing /home/patricia/Documentos/airflow/airflow_venv/lib/python3.10/site-packages/airflow/example_dags/example_trigger_controller_dag.py took 0.100 seconds
[2024-05-11T15:18:37.072-0300] {processor.py:161} INFO - Started process (PID=5866) to work on /home/patricia/Documentos/airflow/airflow_venv/lib/python3.10/site-packages/airflow/example_dags/example_trigger_controller_dag.py
[2024-05-11T15:18:37.075-0300] {processor.py:830} INFO - Processing file /home/patricia/Documentos/airflow/airflow_venv/lib/python3.10/site-packages/airflow/example_dags/example_trigger_controller_dag.py for tasks to queue
[2024-05-11T15:18:37.079-0300] {logging_mixin.py:188} INFO - [2024-05-11T15:18:37.078-0300] {dagbag.py:545} INFO - Filling up the DagBag from /home/patricia/Documentos/airflow/airflow_venv/lib/python3.10/site-packages/airflow/example_dags/example_trigger_controller_dag.py
[2024-05-11T15:18:37.087-0300] {processor.py:840} INFO - DAG(s) 'example_trigger_controller_dag' retrieved from /home/patricia/Documentos/airflow/airflow_venv/lib/python3.10/site-packages/airflow/example_dags/example_trigger_controller_dag.py
[2024-05-11T15:18:37.115-0300] {logging_mixin.py:188} INFO - [2024-05-11T15:18:37.114-0300] {dag.py:3096} INFO - Sync 1 DAGs
[2024-05-11T15:18:37.149-0300] {logging_mixin.py:188} INFO - [2024-05-11T15:18:37.148-0300] {dag.py:3954} INFO - Setting next_dagrun for example_trigger_controller_dag to 2021-01-01 00:00:00+00:00, run_after=2021-01-01 00:00:00+00:00
[2024-05-11T15:18:37.225-0300] {processor.py:183} INFO - Processing /home/patricia/Documentos/airflow/airflow_venv/lib/python3.10/site-packages/airflow/example_dags/example_trigger_controller_dag.py took 0.163 seconds
[2024-05-11T15:19:11.799-0300] {processor.py:161} INFO - Started process (PID=5956) to work on /home/patricia/Documentos/airflow/airflow_venv/lib/python3.10/site-packages/airflow/example_dags/example_trigger_controller_dag.py
[2024-05-11T15:19:11.802-0300] {processor.py:830} INFO - Processing file /home/patricia/Documentos/airflow/airflow_venv/lib/python3.10/site-packages/airflow/example_dags/example_trigger_controller_dag.py for tasks to queue
[2024-05-11T15:19:11.805-0300] {logging_mixin.py:188} INFO - [2024-05-11T15:19:11.805-0300] {dagbag.py:545} INFO - Filling up the DagBag from /home/patricia/Documentos/airflow/airflow_venv/lib/python3.10/site-packages/airflow/example_dags/example_trigger_controller_dag.py
[2024-05-11T15:19:11.813-0300] {processor.py:840} INFO - DAG(s) 'example_trigger_controller_dag' retrieved from /home/patricia/Documentos/airflow/airflow_venv/lib/python3.10/site-packages/airflow/example_dags/example_trigger_controller_dag.py
[2024-05-11T15:19:11.838-0300] {logging_mixin.py:188} INFO - [2024-05-11T15:19:11.838-0300] {dag.py:3096} INFO - Sync 1 DAGs
[2024-05-11T15:19:11.866-0300] {logging_mixin.py:188} INFO - [2024-05-11T15:19:11.865-0300] {dag.py:3954} INFO - Setting next_dagrun for example_trigger_controller_dag to 2021-01-01 00:00:00+00:00, run_after=2021-01-01 00:00:00+00:00
[2024-05-11T15:19:11.909-0300] {processor.py:183} INFO - Processing /home/patricia/Documentos/airflow/airflow_venv/lib/python3.10/site-packages/airflow/example_dags/example_trigger_controller_dag.py took 0.118 seconds
[2024-05-11T15:19:47.239-0300] {processor.py:161} INFO - Started process (PID=6024) to work on /home/patricia/Documentos/airflow/airflow_venv/lib/python3.10/site-packages/airflow/example_dags/example_trigger_controller_dag.py
[2024-05-11T15:19:47.242-0300] {processor.py:830} INFO - Processing file /home/patricia/Documentos/airflow/airflow_venv/lib/python3.10/site-packages/airflow/example_dags/example_trigger_controller_dag.py for tasks to queue
[2024-05-11T15:19:47.247-0300] {logging_mixin.py:188} INFO - [2024-05-11T15:19:47.246-0300] {dagbag.py:545} INFO - Filling up the DagBag from /home/patricia/Documentos/airflow/airflow_venv/lib/python3.10/site-packages/airflow/example_dags/example_trigger_controller_dag.py
[2024-05-11T15:19:47.262-0300] {processor.py:840} INFO - DAG(s) 'example_trigger_controller_dag' retrieved from /home/patricia/Documentos/airflow/airflow_venv/lib/python3.10/site-packages/airflow/example_dags/example_trigger_controller_dag.py
[2024-05-11T15:19:47.305-0300] {logging_mixin.py:188} INFO - [2024-05-11T15:19:47.304-0300] {dag.py:3096} INFO - Sync 1 DAGs
[2024-05-11T15:19:47.380-0300] {logging_mixin.py:188} INFO - [2024-05-11T15:19:47.379-0300] {dag.py:3954} INFO - Setting next_dagrun for example_trigger_controller_dag to 2021-01-01 00:00:00+00:00, run_after=2021-01-01 00:00:00+00:00
[2024-05-11T15:19:47.461-0300] {processor.py:183} INFO - Processing /home/patricia/Documentos/airflow/airflow_venv/lib/python3.10/site-packages/airflow/example_dags/example_trigger_controller_dag.py took 0.232 seconds
[2024-05-11T15:21:26.664-0300] {processor.py:161} INFO - Started process (PID=6193) to work on /home/patricia/Documentos/airflow/airflow_venv/lib/python3.10/site-packages/airflow/example_dags/example_trigger_controller_dag.py
[2024-05-11T15:21:26.669-0300] {processor.py:830} INFO - Processing file /home/patricia/Documentos/airflow/airflow_venv/lib/python3.10/site-packages/airflow/example_dags/example_trigger_controller_dag.py for tasks to queue
[2024-05-11T15:21:26.674-0300] {logging_mixin.py:188} INFO - [2024-05-11T15:21:26.673-0300] {dagbag.py:545} INFO - Filling up the DagBag from /home/patricia/Documentos/airflow/airflow_venv/lib/python3.10/site-packages/airflow/example_dags/example_trigger_controller_dag.py
[2024-05-11T15:21:26.697-0300] {processor.py:840} INFO - DAG(s) 'example_trigger_controller_dag' retrieved from /home/patricia/Documentos/airflow/airflow_venv/lib/python3.10/site-packages/airflow/example_dags/example_trigger_controller_dag.py
[2024-05-11T15:21:26.740-0300] {logging_mixin.py:188} INFO - [2024-05-11T15:21:26.739-0300] {dag.py:3096} INFO - Sync 1 DAGs
[2024-05-11T15:21:26.798-0300] {logging_mixin.py:188} INFO - [2024-05-11T15:21:26.798-0300] {dag.py:3954} INFO - Setting next_dagrun for example_trigger_controller_dag to 2021-01-01 00:00:00+00:00, run_after=2021-01-01 00:00:00+00:00
[2024-05-11T15:21:26.926-0300] {processor.py:183} INFO - Processing /home/patricia/Documentos/airflow/airflow_venv/lib/python3.10/site-packages/airflow/example_dags/example_trigger_controller_dag.py took 0.286 seconds
[2024-05-11T15:22:15.539-0300] {processor.py:161} INFO - Started process (PID=6291) to work on /home/patricia/Documentos/airflow/airflow_venv/lib/python3.10/site-packages/airflow/example_dags/example_trigger_controller_dag.py
[2024-05-11T15:22:15.541-0300] {processor.py:830} INFO - Processing file /home/patricia/Documentos/airflow/airflow_venv/lib/python3.10/site-packages/airflow/example_dags/example_trigger_controller_dag.py for tasks to queue
[2024-05-11T15:22:15.544-0300] {logging_mixin.py:188} INFO - [2024-05-11T15:22:15.543-0300] {dagbag.py:545} INFO - Filling up the DagBag from /home/patricia/Documentos/airflow/airflow_venv/lib/python3.10/site-packages/airflow/example_dags/example_trigger_controller_dag.py
[2024-05-11T15:22:15.551-0300] {processor.py:840} INFO - DAG(s) 'example_trigger_controller_dag' retrieved from /home/patricia/Documentos/airflow/airflow_venv/lib/python3.10/site-packages/airflow/example_dags/example_trigger_controller_dag.py
[2024-05-11T15:22:15.569-0300] {logging_mixin.py:188} INFO - [2024-05-11T15:22:15.569-0300] {dag.py:3096} INFO - Sync 1 DAGs
[2024-05-11T15:22:15.595-0300] {logging_mixin.py:188} INFO - [2024-05-11T15:22:15.595-0300] {dag.py:3954} INFO - Setting next_dagrun for example_trigger_controller_dag to 2021-01-01 00:00:00+00:00, run_after=2021-01-01 00:00:00+00:00
[2024-05-11T15:22:15.633-0300] {processor.py:183} INFO - Processing /home/patricia/Documentos/airflow/airflow_venv/lib/python3.10/site-packages/airflow/example_dags/example_trigger_controller_dag.py took 0.102 seconds
[2024-05-11T15:22:50.457-0300] {processor.py:161} INFO - Started process (PID=6364) to work on /home/patricia/Documentos/airflow/airflow_venv/lib/python3.10/site-packages/airflow/example_dags/example_trigger_controller_dag.py
[2024-05-11T15:22:50.459-0300] {processor.py:830} INFO - Processing file /home/patricia/Documentos/airflow/airflow_venv/lib/python3.10/site-packages/airflow/example_dags/example_trigger_controller_dag.py for tasks to queue
[2024-05-11T15:22:50.474-0300] {logging_mixin.py:188} INFO - [2024-05-11T15:22:50.474-0300] {dagbag.py:545} INFO - Filling up the DagBag from /home/patricia/Documentos/airflow/airflow_venv/lib/python3.10/site-packages/airflow/example_dags/example_trigger_controller_dag.py
[2024-05-11T15:22:50.482-0300] {processor.py:840} INFO - DAG(s) 'example_trigger_controller_dag' retrieved from /home/patricia/Documentos/airflow/airflow_venv/lib/python3.10/site-packages/airflow/example_dags/example_trigger_controller_dag.py
[2024-05-11T15:22:50.502-0300] {logging_mixin.py:188} INFO - [2024-05-11T15:22:50.502-0300] {dag.py:3096} INFO - Sync 1 DAGs
[2024-05-11T15:22:50.523-0300] {logging_mixin.py:188} INFO - [2024-05-11T15:22:50.523-0300] {dag.py:3954} INFO - Setting next_dagrun for example_trigger_controller_dag to 2021-01-01 00:00:00+00:00, run_after=2021-01-01 00:00:00+00:00
[2024-05-11T15:22:50.557-0300] {processor.py:183} INFO - Processing /home/patricia/Documentos/airflow/airflow_venv/lib/python3.10/site-packages/airflow/example_dags/example_trigger_controller_dag.py took 0.110 seconds
[2024-05-11T15:23:49.563-0300] {processor.py:161} INFO - Started process (PID=6496) to work on /home/patricia/Documentos/airflow/airflow_venv/lib/python3.10/site-packages/airflow/example_dags/example_trigger_controller_dag.py
[2024-05-11T15:23:49.568-0300] {processor.py:830} INFO - Processing file /home/patricia/Documentos/airflow/airflow_venv/lib/python3.10/site-packages/airflow/example_dags/example_trigger_controller_dag.py for tasks to queue
[2024-05-11T15:23:49.574-0300] {logging_mixin.py:188} INFO - [2024-05-11T15:23:49.572-0300] {dagbag.py:545} INFO - Filling up the DagBag from /home/patricia/Documentos/airflow/airflow_venv/lib/python3.10/site-packages/airflow/example_dags/example_trigger_controller_dag.py
[2024-05-11T15:23:49.588-0300] {processor.py:840} INFO - DAG(s) 'example_trigger_controller_dag' retrieved from /home/patricia/Documentos/airflow/airflow_venv/lib/python3.10/site-packages/airflow/example_dags/example_trigger_controller_dag.py
[2024-05-11T15:23:49.628-0300] {logging_mixin.py:188} INFO - [2024-05-11T15:23:49.628-0300] {dag.py:3096} INFO - Sync 1 DAGs
[2024-05-11T15:23:49.680-0300] {logging_mixin.py:188} INFO - [2024-05-11T15:23:49.677-0300] {dag.py:3954} INFO - Setting next_dagrun for example_trigger_controller_dag to 2021-01-01 00:00:00+00:00, run_after=2021-01-01 00:00:00+00:00
[2024-05-11T15:23:49.777-0300] {processor.py:183} INFO - Processing /home/patricia/Documentos/airflow/airflow_venv/lib/python3.10/site-packages/airflow/example_dags/example_trigger_controller_dag.py took 0.233 seconds
[2024-05-11T15:24:48.755-0300] {processor.py:161} INFO - Started process (PID=6606) to work on /home/patricia/Documentos/airflow/airflow_venv/lib/python3.10/site-packages/airflow/example_dags/example_trigger_controller_dag.py
[2024-05-11T15:24:48.757-0300] {processor.py:830} INFO - Processing file /home/patricia/Documentos/airflow/airflow_venv/lib/python3.10/site-packages/airflow/example_dags/example_trigger_controller_dag.py for tasks to queue
[2024-05-11T15:24:48.759-0300] {logging_mixin.py:188} INFO - [2024-05-11T15:24:48.759-0300] {dagbag.py:545} INFO - Filling up the DagBag from /home/patricia/Documentos/airflow/airflow_venv/lib/python3.10/site-packages/airflow/example_dags/example_trigger_controller_dag.py
[2024-05-11T15:24:48.766-0300] {processor.py:840} INFO - DAG(s) 'example_trigger_controller_dag' retrieved from /home/patricia/Documentos/airflow/airflow_venv/lib/python3.10/site-packages/airflow/example_dags/example_trigger_controller_dag.py
[2024-05-11T15:24:48.783-0300] {logging_mixin.py:188} INFO - [2024-05-11T15:24:48.783-0300] {dag.py:3096} INFO - Sync 1 DAGs
[2024-05-11T15:24:48.804-0300] {logging_mixin.py:188} INFO - [2024-05-11T15:24:48.803-0300] {dag.py:3954} INFO - Setting next_dagrun for example_trigger_controller_dag to 2021-01-01 00:00:00+00:00, run_after=2021-01-01 00:00:00+00:00
[2024-05-11T15:24:48.847-0300] {processor.py:183} INFO - Processing /home/patricia/Documentos/airflow/airflow_venv/lib/python3.10/site-packages/airflow/example_dags/example_trigger_controller_dag.py took 0.100 seconds
[2024-05-11T15:26:03.017-0300] {processor.py:161} INFO - Started process (PID=6768) to work on /home/patricia/Documentos/airflow/airflow_venv/lib/python3.10/site-packages/airflow/example_dags/example_trigger_controller_dag.py
[2024-05-11T15:26:03.022-0300] {processor.py:830} INFO - Processing file /home/patricia/Documentos/airflow/airflow_venv/lib/python3.10/site-packages/airflow/example_dags/example_trigger_controller_dag.py for tasks to queue
[2024-05-11T15:26:03.025-0300] {logging_mixin.py:188} INFO - [2024-05-11T15:26:03.024-0300] {dagbag.py:545} INFO - Filling up the DagBag from /home/patricia/Documentos/airflow/airflow_venv/lib/python3.10/site-packages/airflow/example_dags/example_trigger_controller_dag.py
[2024-05-11T15:26:03.031-0300] {processor.py:840} INFO - DAG(s) 'example_trigger_controller_dag' retrieved from /home/patricia/Documentos/airflow/airflow_venv/lib/python3.10/site-packages/airflow/example_dags/example_trigger_controller_dag.py
[2024-05-11T15:26:03.096-0300] {logging_mixin.py:188} INFO - [2024-05-11T15:26:03.095-0300] {dag.py:3096} INFO - Sync 1 DAGs
[2024-05-11T15:26:03.298-0300] {logging_mixin.py:188} INFO - [2024-05-11T15:26:03.298-0300] {dag.py:3954} INFO - Setting next_dagrun for example_trigger_controller_dag to 2021-01-01 00:00:00+00:00, run_after=2021-01-01 00:00:00+00:00
[2024-05-11T15:26:03.502-0300] {processor.py:183} INFO - Processing /home/patricia/Documentos/airflow/airflow_venv/lib/python3.10/site-packages/airflow/example_dags/example_trigger_controller_dag.py took 0.494 seconds
[2024-05-11T15:27:20.408-0300] {processor.py:161} INFO - Started process (PID=7624) to work on /home/patricia/Documentos/airflow/airflow_venv/lib/python3.10/site-packages/airflow/example_dags/example_trigger_controller_dag.py
[2024-05-11T15:27:20.412-0300] {processor.py:830} INFO - Processing file /home/patricia/Documentos/airflow/airflow_venv/lib/python3.10/site-packages/airflow/example_dags/example_trigger_controller_dag.py for tasks to queue
[2024-05-11T15:27:20.416-0300] {logging_mixin.py:188} INFO - [2024-05-11T15:27:20.415-0300] {dagbag.py:545} INFO - Filling up the DagBag from /home/patricia/Documentos/airflow/airflow_venv/lib/python3.10/site-packages/airflow/example_dags/example_trigger_controller_dag.py
[2024-05-11T15:27:20.423-0300] {processor.py:840} INFO - DAG(s) 'example_trigger_controller_dag' retrieved from /home/patricia/Documentos/airflow/airflow_venv/lib/python3.10/site-packages/airflow/example_dags/example_trigger_controller_dag.py
[2024-05-11T15:27:20.649-0300] {logging_mixin.py:188} INFO - [2024-05-11T15:27:20.649-0300] {dag.py:3096} INFO - Sync 1 DAGs
[2024-05-11T15:27:20.779-0300] {logging_mixin.py:188} INFO - [2024-05-11T15:27:20.779-0300] {dag.py:3954} INFO - Setting next_dagrun for example_trigger_controller_dag to 2021-01-01 00:00:00+00:00, run_after=2021-01-01 00:00:00+00:00
[2024-05-11T15:27:20.825-0300] {processor.py:183} INFO - Processing /home/patricia/Documentos/airflow/airflow_venv/lib/python3.10/site-packages/airflow/example_dags/example_trigger_controller_dag.py took 0.426 seconds
[2024-05-11T15:28:09.290-0300] {processor.py:161} INFO - Started process (PID=7723) to work on /home/patricia/Documentos/airflow/airflow_venv/lib/python3.10/site-packages/airflow/example_dags/example_trigger_controller_dag.py
[2024-05-11T15:28:09.310-0300] {processor.py:830} INFO - Processing file /home/patricia/Documentos/airflow/airflow_venv/lib/python3.10/site-packages/airflow/example_dags/example_trigger_controller_dag.py for tasks to queue
[2024-05-11T15:28:09.313-0300] {logging_mixin.py:188} INFO - [2024-05-11T15:28:09.312-0300] {dagbag.py:545} INFO - Filling up the DagBag from /home/patricia/Documentos/airflow/airflow_venv/lib/python3.10/site-packages/airflow/example_dags/example_trigger_controller_dag.py
[2024-05-11T15:28:09.323-0300] {processor.py:840} INFO - DAG(s) 'example_trigger_controller_dag' retrieved from /home/patricia/Documentos/airflow/airflow_venv/lib/python3.10/site-packages/airflow/example_dags/example_trigger_controller_dag.py
[2024-05-11T15:28:09.362-0300] {logging_mixin.py:188} INFO - [2024-05-11T15:28:09.362-0300] {dag.py:3096} INFO - Sync 1 DAGs
[2024-05-11T15:28:09.395-0300] {logging_mixin.py:188} INFO - [2024-05-11T15:28:09.395-0300] {dag.py:3954} INFO - Setting next_dagrun for example_trigger_controller_dag to 2021-01-01 00:00:00+00:00, run_after=2021-01-01 00:00:00+00:00
[2024-05-11T15:28:09.479-0300] {processor.py:183} INFO - Processing /home/patricia/Documentos/airflow/airflow_venv/lib/python3.10/site-packages/airflow/example_dags/example_trigger_controller_dag.py took 0.203 seconds
[2024-05-11T15:28:48.017-0300] {processor.py:161} INFO - Started process (PID=7806) to work on /home/patricia/Documentos/airflow/airflow_venv/lib/python3.10/site-packages/airflow/example_dags/example_trigger_controller_dag.py
[2024-05-11T15:28:48.021-0300] {processor.py:830} INFO - Processing file /home/patricia/Documentos/airflow/airflow_venv/lib/python3.10/site-packages/airflow/example_dags/example_trigger_controller_dag.py for tasks to queue
[2024-05-11T15:28:48.030-0300] {logging_mixin.py:188} INFO - [2024-05-11T15:28:48.029-0300] {dagbag.py:545} INFO - Filling up the DagBag from /home/patricia/Documentos/airflow/airflow_venv/lib/python3.10/site-packages/airflow/example_dags/example_trigger_controller_dag.py
[2024-05-11T15:28:48.036-0300] {processor.py:840} INFO - DAG(s) 'example_trigger_controller_dag' retrieved from /home/patricia/Documentos/airflow/airflow_venv/lib/python3.10/site-packages/airflow/example_dags/example_trigger_controller_dag.py
[2024-05-11T15:28:48.055-0300] {logging_mixin.py:188} INFO - [2024-05-11T15:28:48.055-0300] {dag.py:3096} INFO - Sync 1 DAGs
[2024-05-11T15:28:48.193-0300] {logging_mixin.py:188} INFO - [2024-05-11T15:28:48.192-0300] {dag.py:3954} INFO - Setting next_dagrun for example_trigger_controller_dag to 2021-01-01 00:00:00+00:00, run_after=2021-01-01 00:00:00+00:00
[2024-05-11T15:28:48.273-0300] {processor.py:183} INFO - Processing /home/patricia/Documentos/airflow/airflow_venv/lib/python3.10/site-packages/airflow/example_dags/example_trigger_controller_dag.py took 0.264 seconds
[2024-05-11T15:29:27.365-0300] {processor.py:161} INFO - Started process (PID=7877) to work on /home/patricia/Documentos/airflow/airflow_venv/lib/python3.10/site-packages/airflow/example_dags/example_trigger_controller_dag.py
[2024-05-11T15:29:27.370-0300] {processor.py:830} INFO - Processing file /home/patricia/Documentos/airflow/airflow_venv/lib/python3.10/site-packages/airflow/example_dags/example_trigger_controller_dag.py for tasks to queue
[2024-05-11T15:29:27.373-0300] {logging_mixin.py:188} INFO - [2024-05-11T15:29:27.373-0300] {dagbag.py:545} INFO - Filling up the DagBag from /home/patricia/Documentos/airflow/airflow_venv/lib/python3.10/site-packages/airflow/example_dags/example_trigger_controller_dag.py
[2024-05-11T15:29:27.566-0300] {processor.py:840} INFO - DAG(s) 'example_trigger_controller_dag' retrieved from /home/patricia/Documentos/airflow/airflow_venv/lib/python3.10/site-packages/airflow/example_dags/example_trigger_controller_dag.py
[2024-05-11T15:29:27.593-0300] {logging_mixin.py:188} INFO - [2024-05-11T15:29:27.593-0300] {dag.py:3096} INFO - Sync 1 DAGs
[2024-05-11T15:29:27.625-0300] {logging_mixin.py:188} INFO - [2024-05-11T15:29:27.624-0300] {dag.py:3954} INFO - Setting next_dagrun for example_trigger_controller_dag to 2021-01-01 00:00:00+00:00, run_after=2021-01-01 00:00:00+00:00
[2024-05-11T15:29:27.678-0300] {processor.py:183} INFO - Processing /home/patricia/Documentos/airflow/airflow_venv/lib/python3.10/site-packages/airflow/example_dags/example_trigger_controller_dag.py took 0.340 seconds
[2024-05-11T15:30:17.371-0300] {processor.py:161} INFO - Started process (PID=7986) to work on /home/patricia/Documentos/airflow/airflow_venv/lib/python3.10/site-packages/airflow/example_dags/example_trigger_controller_dag.py
[2024-05-11T15:30:17.374-0300] {processor.py:830} INFO - Processing file /home/patricia/Documentos/airflow/airflow_venv/lib/python3.10/site-packages/airflow/example_dags/example_trigger_controller_dag.py for tasks to queue
[2024-05-11T15:30:17.379-0300] {logging_mixin.py:188} INFO - [2024-05-11T15:30:17.378-0300] {dagbag.py:545} INFO - Filling up the DagBag from /home/patricia/Documentos/airflow/airflow_venv/lib/python3.10/site-packages/airflow/example_dags/example_trigger_controller_dag.py
[2024-05-11T15:30:17.386-0300] {processor.py:840} INFO - DAG(s) 'example_trigger_controller_dag' retrieved from /home/patricia/Documentos/airflow/airflow_venv/lib/python3.10/site-packages/airflow/example_dags/example_trigger_controller_dag.py
[2024-05-11T15:30:17.415-0300] {logging_mixin.py:188} INFO - [2024-05-11T15:30:17.415-0300] {dag.py:3096} INFO - Sync 1 DAGs
[2024-05-11T15:30:17.443-0300] {logging_mixin.py:188} INFO - [2024-05-11T15:30:17.443-0300] {dag.py:3954} INFO - Setting next_dagrun for example_trigger_controller_dag to 2021-01-01 00:00:00+00:00, run_after=2021-01-01 00:00:00+00:00
[2024-05-11T15:30:17.518-0300] {processor.py:183} INFO - Processing /home/patricia/Documentos/airflow/airflow_venv/lib/python3.10/site-packages/airflow/example_dags/example_trigger_controller_dag.py took 0.168 seconds
[2024-05-11T15:31:02.046-0300] {processor.py:161} INFO - Started process (PID=8096) to work on /home/patricia/Documentos/airflow/airflow_venv/lib/python3.10/site-packages/airflow/example_dags/example_trigger_controller_dag.py
[2024-05-11T15:31:02.050-0300] {processor.py:830} INFO - Processing file /home/patricia/Documentos/airflow/airflow_venv/lib/python3.10/site-packages/airflow/example_dags/example_trigger_controller_dag.py for tasks to queue
[2024-05-11T15:31:02.055-0300] {logging_mixin.py:188} INFO - [2024-05-11T15:31:02.055-0300] {dagbag.py:545} INFO - Filling up the DagBag from /home/patricia/Documentos/airflow/airflow_venv/lib/python3.10/site-packages/airflow/example_dags/example_trigger_controller_dag.py
[2024-05-11T15:31:02.066-0300] {processor.py:840} INFO - DAG(s) 'example_trigger_controller_dag' retrieved from /home/patricia/Documentos/airflow/airflow_venv/lib/python3.10/site-packages/airflow/example_dags/example_trigger_controller_dag.py
[2024-05-11T15:31:02.188-0300] {logging_mixin.py:188} INFO - [2024-05-11T15:31:02.187-0300] {dag.py:3096} INFO - Sync 1 DAGs
[2024-05-11T15:31:02.226-0300] {logging_mixin.py:188} INFO - [2024-05-11T15:31:02.225-0300] {dag.py:3954} INFO - Setting next_dagrun for example_trigger_controller_dag to 2021-01-01 00:00:00+00:00, run_after=2021-01-01 00:00:00+00:00
[2024-05-11T15:31:02.312-0300] {processor.py:183} INFO - Processing /home/patricia/Documentos/airflow/airflow_venv/lib/python3.10/site-packages/airflow/example_dags/example_trigger_controller_dag.py took 0.278 seconds
[2024-05-11T15:32:06.431-0300] {processor.py:161} INFO - Started process (PID=8314) to work on /home/patricia/Documentos/airflow/airflow_venv/lib/python3.10/site-packages/airflow/example_dags/example_trigger_controller_dag.py
[2024-05-11T15:32:06.434-0300] {processor.py:830} INFO - Processing file /home/patricia/Documentos/airflow/airflow_venv/lib/python3.10/site-packages/airflow/example_dags/example_trigger_controller_dag.py for tasks to queue
[2024-05-11T15:32:06.437-0300] {logging_mixin.py:188} INFO - [2024-05-11T15:32:06.436-0300] {dagbag.py:545} INFO - Filling up the DagBag from /home/patricia/Documentos/airflow/airflow_venv/lib/python3.10/site-packages/airflow/example_dags/example_trigger_controller_dag.py
[2024-05-11T15:32:06.442-0300] {processor.py:840} INFO - DAG(s) 'example_trigger_controller_dag' retrieved from /home/patricia/Documentos/airflow/airflow_venv/lib/python3.10/site-packages/airflow/example_dags/example_trigger_controller_dag.py
[2024-05-11T15:32:06.460-0300] {logging_mixin.py:188} INFO - [2024-05-11T15:32:06.460-0300] {dag.py:3096} INFO - Sync 1 DAGs
[2024-05-11T15:32:06.480-0300] {logging_mixin.py:188} INFO - [2024-05-11T15:32:06.480-0300] {dag.py:3954} INFO - Setting next_dagrun for example_trigger_controller_dag to 2021-01-01 00:00:00+00:00, run_after=2021-01-01 00:00:00+00:00
[2024-05-11T15:32:06.514-0300] {processor.py:183} INFO - Processing /home/patricia/Documentos/airflow/airflow_venv/lib/python3.10/site-packages/airflow/example_dags/example_trigger_controller_dag.py took 0.089 seconds
[2024-05-11T15:33:10.188-0300] {processor.py:161} INFO - Started process (PID=8656) to work on /home/patricia/Documentos/airflow/airflow_venv/lib/python3.10/site-packages/airflow/example_dags/example_trigger_controller_dag.py
[2024-05-11T15:33:10.192-0300] {processor.py:830} INFO - Processing file /home/patricia/Documentos/airflow/airflow_venv/lib/python3.10/site-packages/airflow/example_dags/example_trigger_controller_dag.py for tasks to queue
[2024-05-11T15:33:10.199-0300] {logging_mixin.py:188} INFO - [2024-05-11T15:33:10.198-0300] {dagbag.py:545} INFO - Filling up the DagBag from /home/patricia/Documentos/airflow/airflow_venv/lib/python3.10/site-packages/airflow/example_dags/example_trigger_controller_dag.py
[2024-05-11T15:33:10.214-0300] {processor.py:840} INFO - DAG(s) 'example_trigger_controller_dag' retrieved from /home/patricia/Documentos/airflow/airflow_venv/lib/python3.10/site-packages/airflow/example_dags/example_trigger_controller_dag.py
[2024-05-11T15:33:10.262-0300] {logging_mixin.py:188} INFO - [2024-05-11T15:33:10.262-0300] {dag.py:3096} INFO - Sync 1 DAGs
[2024-05-11T15:33:10.299-0300] {logging_mixin.py:188} INFO - [2024-05-11T15:33:10.298-0300] {dag.py:3954} INFO - Setting next_dagrun for example_trigger_controller_dag to 2021-01-01 00:00:00+00:00, run_after=2021-01-01 00:00:00+00:00
[2024-05-11T15:33:10.377-0300] {processor.py:183} INFO - Processing /home/patricia/Documentos/airflow/airflow_venv/lib/python3.10/site-packages/airflow/example_dags/example_trigger_controller_dag.py took 0.221 seconds
[2024-05-11T15:33:45.724-0300] {processor.py:161} INFO - Started process (PID=8964) to work on /home/patricia/Documentos/airflow/airflow_venv/lib/python3.10/site-packages/airflow/example_dags/example_trigger_controller_dag.py
[2024-05-11T15:33:45.729-0300] {processor.py:830} INFO - Processing file /home/patricia/Documentos/airflow/airflow_venv/lib/python3.10/site-packages/airflow/example_dags/example_trigger_controller_dag.py for tasks to queue
[2024-05-11T15:33:45.732-0300] {logging_mixin.py:188} INFO - [2024-05-11T15:33:45.731-0300] {dagbag.py:545} INFO - Filling up the DagBag from /home/patricia/Documentos/airflow/airflow_venv/lib/python3.10/site-packages/airflow/example_dags/example_trigger_controller_dag.py
[2024-05-11T15:33:45.738-0300] {processor.py:840} INFO - DAG(s) 'example_trigger_controller_dag' retrieved from /home/patricia/Documentos/airflow/airflow_venv/lib/python3.10/site-packages/airflow/example_dags/example_trigger_controller_dag.py
[2024-05-11T15:33:45.764-0300] {logging_mixin.py:188} INFO - [2024-05-11T15:33:45.764-0300] {dag.py:3096} INFO - Sync 1 DAGs
[2024-05-11T15:33:45.805-0300] {logging_mixin.py:188} INFO - [2024-05-11T15:33:45.805-0300] {dag.py:3954} INFO - Setting next_dagrun for example_trigger_controller_dag to 2021-01-01 00:00:00+00:00, run_after=2021-01-01 00:00:00+00:00
[2024-05-11T15:33:45.847-0300] {processor.py:183} INFO - Processing /home/patricia/Documentos/airflow/airflow_venv/lib/python3.10/site-packages/airflow/example_dags/example_trigger_controller_dag.py took 0.136 seconds
[2024-05-11T15:34:25.860-0300] {processor.py:161} INFO - Started process (PID=9292) to work on /home/patricia/Documentos/airflow/airflow_venv/lib/python3.10/site-packages/airflow/example_dags/example_trigger_controller_dag.py
[2024-05-11T15:34:25.867-0300] {processor.py:830} INFO - Processing file /home/patricia/Documentos/airflow/airflow_venv/lib/python3.10/site-packages/airflow/example_dags/example_trigger_controller_dag.py for tasks to queue
[2024-05-11T15:34:25.871-0300] {logging_mixin.py:188} INFO - [2024-05-11T15:34:25.870-0300] {dagbag.py:545} INFO - Filling up the DagBag from /home/patricia/Documentos/airflow/airflow_venv/lib/python3.10/site-packages/airflow/example_dags/example_trigger_controller_dag.py
[2024-05-11T15:34:25.890-0300] {processor.py:840} INFO - DAG(s) 'example_trigger_controller_dag' retrieved from /home/patricia/Documentos/airflow/airflow_venv/lib/python3.10/site-packages/airflow/example_dags/example_trigger_controller_dag.py
[2024-05-11T15:34:25.925-0300] {logging_mixin.py:188} INFO - [2024-05-11T15:34:25.924-0300] {dag.py:3096} INFO - Sync 1 DAGs
[2024-05-11T15:34:25.978-0300] {logging_mixin.py:188} INFO - [2024-05-11T15:34:25.978-0300] {dag.py:3954} INFO - Setting next_dagrun for example_trigger_controller_dag to 2021-01-01 00:00:00+00:00, run_after=2021-01-01 00:00:00+00:00
[2024-05-11T15:34:26.030-0300] {processor.py:183} INFO - Processing /home/patricia/Documentos/airflow/airflow_venv/lib/python3.10/site-packages/airflow/example_dags/example_trigger_controller_dag.py took 0.183 seconds
[2024-05-11T15:35:05.709-0300] {processor.py:161} INFO - Started process (PID=9388) to work on /home/patricia/Documentos/airflow/airflow_venv/lib/python3.10/site-packages/airflow/example_dags/example_trigger_controller_dag.py
[2024-05-11T15:35:05.711-0300] {processor.py:830} INFO - Processing file /home/patricia/Documentos/airflow/airflow_venv/lib/python3.10/site-packages/airflow/example_dags/example_trigger_controller_dag.py for tasks to queue
[2024-05-11T15:35:05.714-0300] {logging_mixin.py:188} INFO - [2024-05-11T15:35:05.714-0300] {dagbag.py:545} INFO - Filling up the DagBag from /home/patricia/Documentos/airflow/airflow_venv/lib/python3.10/site-packages/airflow/example_dags/example_trigger_controller_dag.py
[2024-05-11T15:35:05.721-0300] {processor.py:840} INFO - DAG(s) 'example_trigger_controller_dag' retrieved from /home/patricia/Documentos/airflow/airflow_venv/lib/python3.10/site-packages/airflow/example_dags/example_trigger_controller_dag.py
[2024-05-11T15:35:05.750-0300] {logging_mixin.py:188} INFO - [2024-05-11T15:35:05.749-0300] {dag.py:3096} INFO - Sync 1 DAGs
[2024-05-11T15:35:05.797-0300] {logging_mixin.py:188} INFO - [2024-05-11T15:35:05.797-0300] {dag.py:3954} INFO - Setting next_dagrun for example_trigger_controller_dag to 2021-01-01 00:00:00+00:00, run_after=2021-01-01 00:00:00+00:00
[2024-05-11T15:35:05.878-0300] {processor.py:183} INFO - Processing /home/patricia/Documentos/airflow/airflow_venv/lib/python3.10/site-packages/airflow/example_dags/example_trigger_controller_dag.py took 0.179 seconds
[2024-05-11T15:35:42.219-0300] {processor.py:161} INFO - Started process (PID=9522) to work on /home/patricia/Documentos/airflow/airflow_venv/lib/python3.10/site-packages/airflow/example_dags/example_trigger_controller_dag.py
[2024-05-11T15:35:42.225-0300] {processor.py:830} INFO - Processing file /home/patricia/Documentos/airflow/airflow_venv/lib/python3.10/site-packages/airflow/example_dags/example_trigger_controller_dag.py for tasks to queue
[2024-05-11T15:35:42.230-0300] {logging_mixin.py:188} INFO - [2024-05-11T15:35:42.229-0300] {dagbag.py:545} INFO - Filling up the DagBag from /home/patricia/Documentos/airflow/airflow_venv/lib/python3.10/site-packages/airflow/example_dags/example_trigger_controller_dag.py
[2024-05-11T15:35:42.262-0300] {processor.py:840} INFO - DAG(s) 'example_trigger_controller_dag' retrieved from /home/patricia/Documentos/airflow/airflow_venv/lib/python3.10/site-packages/airflow/example_dags/example_trigger_controller_dag.py
[2024-05-11T15:35:42.334-0300] {logging_mixin.py:188} INFO - [2024-05-11T15:35:42.333-0300] {dag.py:3096} INFO - Sync 1 DAGs
[2024-05-11T15:35:42.392-0300] {logging_mixin.py:188} INFO - [2024-05-11T15:35:42.391-0300] {dag.py:3954} INFO - Setting next_dagrun for example_trigger_controller_dag to 2021-01-01 00:00:00+00:00, run_after=2021-01-01 00:00:00+00:00
[2024-05-11T15:35:42.477-0300] {processor.py:183} INFO - Processing /home/patricia/Documentos/airflow/airflow_venv/lib/python3.10/site-packages/airflow/example_dags/example_trigger_controller_dag.py took 0.275 seconds
[2024-05-11T15:36:21.034-0300] {processor.py:161} INFO - Started process (PID=9594) to work on /home/patricia/Documentos/airflow/airflow_venv/lib/python3.10/site-packages/airflow/example_dags/example_trigger_controller_dag.py
[2024-05-11T15:36:21.038-0300] {processor.py:830} INFO - Processing file /home/patricia/Documentos/airflow/airflow_venv/lib/python3.10/site-packages/airflow/example_dags/example_trigger_controller_dag.py for tasks to queue
[2024-05-11T15:36:21.041-0300] {logging_mixin.py:188} INFO - [2024-05-11T15:36:21.041-0300] {dagbag.py:545} INFO - Filling up the DagBag from /home/patricia/Documentos/airflow/airflow_venv/lib/python3.10/site-packages/airflow/example_dags/example_trigger_controller_dag.py
[2024-05-11T15:36:21.054-0300] {processor.py:840} INFO - DAG(s) 'example_trigger_controller_dag' retrieved from /home/patricia/Documentos/airflow/airflow_venv/lib/python3.10/site-packages/airflow/example_dags/example_trigger_controller_dag.py
[2024-05-11T15:36:21.081-0300] {logging_mixin.py:188} INFO - [2024-05-11T15:36:21.080-0300] {dag.py:3096} INFO - Sync 1 DAGs
[2024-05-11T15:36:21.111-0300] {logging_mixin.py:188} INFO - [2024-05-11T15:36:21.110-0300] {dag.py:3954} INFO - Setting next_dagrun for example_trigger_controller_dag to 2021-01-01 00:00:00+00:00, run_after=2021-01-01 00:00:00+00:00
[2024-05-11T15:36:21.208-0300] {processor.py:183} INFO - Processing /home/patricia/Documentos/airflow/airflow_venv/lib/python3.10/site-packages/airflow/example_dags/example_trigger_controller_dag.py took 0.186 seconds
[2024-05-11T15:37:02.691-0300] {processor.py:161} INFO - Started process (PID=9757) to work on /home/patricia/Documentos/airflow/airflow_venv/lib/python3.10/site-packages/airflow/example_dags/example_trigger_controller_dag.py
[2024-05-11T15:37:02.696-0300] {processor.py:830} INFO - Processing file /home/patricia/Documentos/airflow/airflow_venv/lib/python3.10/site-packages/airflow/example_dags/example_trigger_controller_dag.py for tasks to queue
[2024-05-11T15:37:02.711-0300] {logging_mixin.py:188} INFO - [2024-05-11T15:37:02.710-0300] {dagbag.py:545} INFO - Filling up the DagBag from /home/patricia/Documentos/airflow/airflow_venv/lib/python3.10/site-packages/airflow/example_dags/example_trigger_controller_dag.py
[2024-05-11T15:37:02.730-0300] {processor.py:840} INFO - DAG(s) 'example_trigger_controller_dag' retrieved from /home/patricia/Documentos/airflow/airflow_venv/lib/python3.10/site-packages/airflow/example_dags/example_trigger_controller_dag.py
[2024-05-11T15:37:02.749-0300] {logging_mixin.py:188} INFO - [2024-05-11T15:37:02.748-0300] {dag.py:3096} INFO - Sync 1 DAGs
[2024-05-11T15:37:02.773-0300] {logging_mixin.py:188} INFO - [2024-05-11T15:37:02.772-0300] {dag.py:3954} INFO - Setting next_dagrun for example_trigger_controller_dag to 2021-01-01 00:00:00+00:00, run_after=2021-01-01 00:00:00+00:00
[2024-05-11T15:37:02.834-0300] {processor.py:183} INFO - Processing /home/patricia/Documentos/airflow/airflow_venv/lib/python3.10/site-packages/airflow/example_dags/example_trigger_controller_dag.py took 0.156 seconds
[2024-05-11T15:38:19.823-0300] {processor.py:161} INFO - Started process (PID=9923) to work on /home/patricia/Documentos/airflow/airflow_venv/lib/python3.10/site-packages/airflow/example_dags/example_trigger_controller_dag.py
[2024-05-11T15:38:20.115-0300] {processor.py:830} INFO - Processing file /home/patricia/Documentos/airflow/airflow_venv/lib/python3.10/site-packages/airflow/example_dags/example_trigger_controller_dag.py for tasks to queue
[2024-05-11T15:38:20.118-0300] {logging_mixin.py:188} INFO - [2024-05-11T15:38:20.118-0300] {dagbag.py:545} INFO - Filling up the DagBag from /home/patricia/Documentos/airflow/airflow_venv/lib/python3.10/site-packages/airflow/example_dags/example_trigger_controller_dag.py
[2024-05-11T15:38:20.141-0300] {processor.py:840} INFO - DAG(s) 'example_trigger_controller_dag' retrieved from /home/patricia/Documentos/airflow/airflow_venv/lib/python3.10/site-packages/airflow/example_dags/example_trigger_controller_dag.py
[2024-05-11T15:38:21.312-0300] {logging_mixin.py:188} INFO - [2024-05-11T15:38:21.311-0300] {dag.py:3096} INFO - Sync 1 DAGs
[2024-05-11T15:38:21.436-0300] {logging_mixin.py:188} INFO - [2024-05-11T15:38:21.436-0300] {dag.py:3954} INFO - Setting next_dagrun for example_trigger_controller_dag to 2021-01-01 00:00:00+00:00, run_after=2021-01-01 00:00:00+00:00
[2024-05-11T15:38:23.785-0300] {processor.py:183} INFO - Processing /home/patricia/Documentos/airflow/airflow_venv/lib/python3.10/site-packages/airflow/example_dags/example_trigger_controller_dag.py took 3.969 seconds
[2024-05-11T15:39:23.097-0300] {processor.py:161} INFO - Started process (PID=10035) to work on /home/patricia/Documentos/airflow/airflow_venv/lib/python3.10/site-packages/airflow/example_dags/example_trigger_controller_dag.py
[2024-05-11T15:39:23.100-0300] {processor.py:830} INFO - Processing file /home/patricia/Documentos/airflow/airflow_venv/lib/python3.10/site-packages/airflow/example_dags/example_trigger_controller_dag.py for tasks to queue
[2024-05-11T15:39:23.102-0300] {logging_mixin.py:188} INFO - [2024-05-11T15:39:23.102-0300] {dagbag.py:545} INFO - Filling up the DagBag from /home/patricia/Documentos/airflow/airflow_venv/lib/python3.10/site-packages/airflow/example_dags/example_trigger_controller_dag.py
[2024-05-11T15:39:23.109-0300] {processor.py:840} INFO - DAG(s) 'example_trigger_controller_dag' retrieved from /home/patricia/Documentos/airflow/airflow_venv/lib/python3.10/site-packages/airflow/example_dags/example_trigger_controller_dag.py
[2024-05-11T15:39:23.128-0300] {logging_mixin.py:188} INFO - [2024-05-11T15:39:23.128-0300] {dag.py:3096} INFO - Sync 1 DAGs
[2024-05-11T15:39:23.152-0300] {logging_mixin.py:188} INFO - [2024-05-11T15:39:23.151-0300] {dag.py:3954} INFO - Setting next_dagrun for example_trigger_controller_dag to 2021-01-01 00:00:00+00:00, run_after=2021-01-01 00:00:00+00:00
[2024-05-11T15:39:23.194-0300] {processor.py:183} INFO - Processing /home/patricia/Documentos/airflow/airflow_venv/lib/python3.10/site-packages/airflow/example_dags/example_trigger_controller_dag.py took 0.104 seconds
[2024-05-11T15:40:01.202-0300] {processor.py:161} INFO - Started process (PID=10110) to work on /home/patricia/Documentos/airflow/airflow_venv/lib/python3.10/site-packages/airflow/example_dags/example_trigger_controller_dag.py
[2024-05-11T15:40:01.204-0300] {processor.py:830} INFO - Processing file /home/patricia/Documentos/airflow/airflow_venv/lib/python3.10/site-packages/airflow/example_dags/example_trigger_controller_dag.py for tasks to queue
[2024-05-11T15:40:01.207-0300] {logging_mixin.py:188} INFO - [2024-05-11T15:40:01.206-0300] {dagbag.py:545} INFO - Filling up the DagBag from /home/patricia/Documentos/airflow/airflow_venv/lib/python3.10/site-packages/airflow/example_dags/example_trigger_controller_dag.py
[2024-05-11T15:40:01.223-0300] {processor.py:840} INFO - DAG(s) 'example_trigger_controller_dag' retrieved from /home/patricia/Documentos/airflow/airflow_venv/lib/python3.10/site-packages/airflow/example_dags/example_trigger_controller_dag.py
[2024-05-11T15:40:01.255-0300] {logging_mixin.py:188} INFO - [2024-05-11T15:40:01.255-0300] {dag.py:3096} INFO - Sync 1 DAGs
[2024-05-11T15:40:01.300-0300] {logging_mixin.py:188} INFO - [2024-05-11T15:40:01.299-0300] {dag.py:3954} INFO - Setting next_dagrun for example_trigger_controller_dag to 2021-01-01 00:00:00+00:00, run_after=2021-01-01 00:00:00+00:00
[2024-05-11T15:40:01.361-0300] {processor.py:183} INFO - Processing /home/patricia/Documentos/airflow/airflow_venv/lib/python3.10/site-packages/airflow/example_dags/example_trigger_controller_dag.py took 0.166 seconds
[2024-05-11T15:40:42.317-0300] {processor.py:161} INFO - Started process (PID=10585) to work on /home/patricia/Documentos/airflow/airflow_venv/lib/python3.10/site-packages/airflow/example_dags/example_trigger_controller_dag.py
[2024-05-11T15:40:42.325-0300] {processor.py:830} INFO - Processing file /home/patricia/Documentos/airflow/airflow_venv/lib/python3.10/site-packages/airflow/example_dags/example_trigger_controller_dag.py for tasks to queue
[2024-05-11T15:40:42.329-0300] {logging_mixin.py:188} INFO - [2024-05-11T15:40:42.328-0300] {dagbag.py:545} INFO - Filling up the DagBag from /home/patricia/Documentos/airflow/airflow_venv/lib/python3.10/site-packages/airflow/example_dags/example_trigger_controller_dag.py
[2024-05-11T15:40:42.339-0300] {processor.py:840} INFO - DAG(s) 'example_trigger_controller_dag' retrieved from /home/patricia/Documentos/airflow/airflow_venv/lib/python3.10/site-packages/airflow/example_dags/example_trigger_controller_dag.py
[2024-05-11T15:40:42.397-0300] {logging_mixin.py:188} INFO - [2024-05-11T15:40:42.396-0300] {dag.py:3096} INFO - Sync 1 DAGs
[2024-05-11T15:40:42.455-0300] {logging_mixin.py:188} INFO - [2024-05-11T15:40:42.454-0300] {dag.py:3954} INFO - Setting next_dagrun for example_trigger_controller_dag to 2021-01-01 00:00:00+00:00, run_after=2021-01-01 00:00:00+00:00
[2024-05-11T15:40:42.531-0300] {processor.py:183} INFO - Processing /home/patricia/Documentos/airflow/airflow_venv/lib/python3.10/site-packages/airflow/example_dags/example_trigger_controller_dag.py took 0.223 seconds
[2024-05-11T16:27:55.572-0300] {processor.py:161} INFO - Started process (PID=10935) to work on /home/patricia/Documentos/airflow/airflow_venv/lib/python3.10/site-packages/airflow/example_dags/example_trigger_controller_dag.py
[2024-05-11T16:27:55.583-0300] {processor.py:830} INFO - Processing file /home/patricia/Documentos/airflow/airflow_venv/lib/python3.10/site-packages/airflow/example_dags/example_trigger_controller_dag.py for tasks to queue
[2024-05-11T16:27:55.588-0300] {logging_mixin.py:188} INFO - [2024-05-11T16:27:55.587-0300] {dagbag.py:545} INFO - Filling up the DagBag from /home/patricia/Documentos/airflow/airflow_venv/lib/python3.10/site-packages/airflow/example_dags/example_trigger_controller_dag.py
[2024-05-11T16:27:55.599-0300] {processor.py:840} INFO - DAG(s) 'example_trigger_controller_dag' retrieved from /home/patricia/Documentos/airflow/airflow_venv/lib/python3.10/site-packages/airflow/example_dags/example_trigger_controller_dag.py
[2024-05-11T16:27:55.619-0300] {logging_mixin.py:188} INFO - [2024-05-11T16:27:55.619-0300] {dag.py:3096} INFO - Sync 1 DAGs
[2024-05-11T16:27:55.657-0300] {logging_mixin.py:188} INFO - [2024-05-11T16:27:55.656-0300] {dag.py:3954} INFO - Setting next_dagrun for example_trigger_controller_dag to 2021-01-01 00:00:00+00:00, run_after=2021-01-01 00:00:00+00:00
[2024-05-11T16:27:55.728-0300] {processor.py:183} INFO - Processing /home/patricia/Documentos/airflow/airflow_venv/lib/python3.10/site-packages/airflow/example_dags/example_trigger_controller_dag.py took 0.172 seconds
[2024-05-11T16:30:03.388-0300] {processor.py:161} INFO - Started process (PID=11193) to work on /home/patricia/Documentos/airflow/airflow_venv/lib/python3.10/site-packages/airflow/example_dags/example_trigger_controller_dag.py
[2024-05-11T16:30:03.405-0300] {processor.py:830} INFO - Processing file /home/patricia/Documentos/airflow/airflow_venv/lib/python3.10/site-packages/airflow/example_dags/example_trigger_controller_dag.py for tasks to queue
[2024-05-11T16:30:03.414-0300] {logging_mixin.py:188} INFO - [2024-05-11T16:30:03.413-0300] {dagbag.py:545} INFO - Filling up the DagBag from /home/patricia/Documentos/airflow/airflow_venv/lib/python3.10/site-packages/airflow/example_dags/example_trigger_controller_dag.py
[2024-05-11T16:30:03.436-0300] {processor.py:840} INFO - DAG(s) 'example_trigger_controller_dag' retrieved from /home/patricia/Documentos/airflow/airflow_venv/lib/python3.10/site-packages/airflow/example_dags/example_trigger_controller_dag.py
[2024-05-11T16:30:03.756-0300] {logging_mixin.py:188} INFO - [2024-05-11T16:30:03.755-0300] {dag.py:3096} INFO - Sync 1 DAGs
[2024-05-11T16:30:03.978-0300] {logging_mixin.py:188} INFO - [2024-05-11T16:30:03.977-0300] {dag.py:3954} INFO - Setting next_dagrun for example_trigger_controller_dag to 2021-01-01 00:00:00+00:00, run_after=2021-01-01 00:00:00+00:00
[2024-05-11T16:30:04.324-0300] {processor.py:183} INFO - Processing /home/patricia/Documentos/airflow/airflow_venv/lib/python3.10/site-packages/airflow/example_dags/example_trigger_controller_dag.py took 0.955 seconds
[2024-05-11T16:31:27.039-0300] {processor.py:161} INFO - Started process (PID=11355) to work on /home/patricia/Documentos/airflow/airflow_venv/lib/python3.10/site-packages/airflow/example_dags/example_trigger_controller_dag.py
[2024-05-11T16:31:27.056-0300] {processor.py:830} INFO - Processing file /home/patricia/Documentos/airflow/airflow_venv/lib/python3.10/site-packages/airflow/example_dags/example_trigger_controller_dag.py for tasks to queue
[2024-05-11T16:31:27.068-0300] {logging_mixin.py:188} INFO - [2024-05-11T16:31:27.064-0300] {dagbag.py:545} INFO - Filling up the DagBag from /home/patricia/Documentos/airflow/airflow_venv/lib/python3.10/site-packages/airflow/example_dags/example_trigger_controller_dag.py
[2024-05-11T16:31:27.099-0300] {processor.py:840} INFO - DAG(s) 'example_trigger_controller_dag' retrieved from /home/patricia/Documentos/airflow/airflow_venv/lib/python3.10/site-packages/airflow/example_dags/example_trigger_controller_dag.py
[2024-05-11T16:31:27.168-0300] {logging_mixin.py:188} INFO - [2024-05-11T16:31:27.168-0300] {dag.py:3096} INFO - Sync 1 DAGs
[2024-05-11T16:31:27.217-0300] {logging_mixin.py:188} INFO - [2024-05-11T16:31:27.216-0300] {dag.py:3954} INFO - Setting next_dagrun for example_trigger_controller_dag to 2021-01-01 00:00:00+00:00, run_after=2021-01-01 00:00:00+00:00
[2024-05-11T16:31:27.465-0300] {processor.py:183} INFO - Processing /home/patricia/Documentos/airflow/airflow_venv/lib/python3.10/site-packages/airflow/example_dags/example_trigger_controller_dag.py took 0.448 seconds
[2024-05-11T16:32:29.131-0300] {processor.py:161} INFO - Started process (PID=11462) to work on /home/patricia/Documentos/airflow/airflow_venv/lib/python3.10/site-packages/airflow/example_dags/example_trigger_controller_dag.py
[2024-05-11T16:32:29.189-0300] {processor.py:830} INFO - Processing file /home/patricia/Documentos/airflow/airflow_venv/lib/python3.10/site-packages/airflow/example_dags/example_trigger_controller_dag.py for tasks to queue
[2024-05-11T16:32:29.200-0300] {logging_mixin.py:188} INFO - [2024-05-11T16:32:29.199-0300] {dagbag.py:545} INFO - Filling up the DagBag from /home/patricia/Documentos/airflow/airflow_venv/lib/python3.10/site-packages/airflow/example_dags/example_trigger_controller_dag.py
[2024-05-11T16:32:29.222-0300] {processor.py:840} INFO - DAG(s) 'example_trigger_controller_dag' retrieved from /home/patricia/Documentos/airflow/airflow_venv/lib/python3.10/site-packages/airflow/example_dags/example_trigger_controller_dag.py
[2024-05-11T16:32:29.483-0300] {logging_mixin.py:188} INFO - [2024-05-11T16:32:29.483-0300] {dag.py:3096} INFO - Sync 1 DAGs
[2024-05-11T16:32:29.523-0300] {logging_mixin.py:188} INFO - [2024-05-11T16:32:29.523-0300] {dag.py:3954} INFO - Setting next_dagrun for example_trigger_controller_dag to 2021-01-01 00:00:00+00:00, run_after=2021-01-01 00:00:00+00:00
[2024-05-11T16:32:29.594-0300] {processor.py:183} INFO - Processing /home/patricia/Documentos/airflow/airflow_venv/lib/python3.10/site-packages/airflow/example_dags/example_trigger_controller_dag.py took 0.480 seconds
[2024-05-11T16:33:28.374-0300] {processor.py:161} INFO - Started process (PID=11608) to work on /home/patricia/Documentos/airflow/airflow_venv/lib/python3.10/site-packages/airflow/example_dags/example_trigger_controller_dag.py
[2024-05-11T16:33:28.387-0300] {processor.py:830} INFO - Processing file /home/patricia/Documentos/airflow/airflow_venv/lib/python3.10/site-packages/airflow/example_dags/example_trigger_controller_dag.py for tasks to queue
[2024-05-11T16:33:28.398-0300] {logging_mixin.py:188} INFO - [2024-05-11T16:33:28.396-0300] {dagbag.py:545} INFO - Filling up the DagBag from /home/patricia/Documentos/airflow/airflow_venv/lib/python3.10/site-packages/airflow/example_dags/example_trigger_controller_dag.py
[2024-05-11T16:33:28.431-0300] {processor.py:840} INFO - DAG(s) 'example_trigger_controller_dag' retrieved from /home/patricia/Documentos/airflow/airflow_venv/lib/python3.10/site-packages/airflow/example_dags/example_trigger_controller_dag.py
[2024-05-11T16:33:28.471-0300] {logging_mixin.py:188} INFO - [2024-05-11T16:33:28.471-0300] {dag.py:3096} INFO - Sync 1 DAGs
[2024-05-11T16:33:28.524-0300] {logging_mixin.py:188} INFO - [2024-05-11T16:33:28.523-0300] {dag.py:3954} INFO - Setting next_dagrun for example_trigger_controller_dag to 2021-01-01 00:00:00+00:00, run_after=2021-01-01 00:00:00+00:00
[2024-05-11T16:33:28.592-0300] {processor.py:183} INFO - Processing /home/patricia/Documentos/airflow/airflow_venv/lib/python3.10/site-packages/airflow/example_dags/example_trigger_controller_dag.py took 0.254 seconds
[2024-05-11T16:34:19.777-0300] {processor.py:161} INFO - Started process (PID=11711) to work on /home/patricia/Documentos/airflow/airflow_venv/lib/python3.10/site-packages/airflow/example_dags/example_trigger_controller_dag.py
[2024-05-11T16:34:19.788-0300] {processor.py:830} INFO - Processing file /home/patricia/Documentos/airflow/airflow_venv/lib/python3.10/site-packages/airflow/example_dags/example_trigger_controller_dag.py for tasks to queue
[2024-05-11T16:34:19.796-0300] {logging_mixin.py:188} INFO - [2024-05-11T16:34:19.794-0300] {dagbag.py:545} INFO - Filling up the DagBag from /home/patricia/Documentos/airflow/airflow_venv/lib/python3.10/site-packages/airflow/example_dags/example_trigger_controller_dag.py
[2024-05-11T16:34:19.822-0300] {processor.py:840} INFO - DAG(s) 'example_trigger_controller_dag' retrieved from /home/patricia/Documentos/airflow/airflow_venv/lib/python3.10/site-packages/airflow/example_dags/example_trigger_controller_dag.py
[2024-05-11T16:34:20.009-0300] {logging_mixin.py:188} INFO - [2024-05-11T16:34:20.008-0300] {dag.py:3096} INFO - Sync 1 DAGs
[2024-05-11T16:34:20.155-0300] {logging_mixin.py:188} INFO - [2024-05-11T16:34:20.154-0300] {dag.py:3954} INFO - Setting next_dagrun for example_trigger_controller_dag to 2021-01-01 00:00:00+00:00, run_after=2021-01-01 00:00:00+00:00
[2024-05-11T16:34:20.358-0300] {processor.py:183} INFO - Processing /home/patricia/Documentos/airflow/airflow_venv/lib/python3.10/site-packages/airflow/example_dags/example_trigger_controller_dag.py took 0.595 seconds
[2024-05-11T16:35:06.635-0300] {processor.py:161} INFO - Started process (PID=11787) to work on /home/patricia/Documentos/airflow/airflow_venv/lib/python3.10/site-packages/airflow/example_dags/example_trigger_controller_dag.py
[2024-05-11T16:35:06.652-0300] {processor.py:830} INFO - Processing file /home/patricia/Documentos/airflow/airflow_venv/lib/python3.10/site-packages/airflow/example_dags/example_trigger_controller_dag.py for tasks to queue
[2024-05-11T16:35:06.658-0300] {logging_mixin.py:188} INFO - [2024-05-11T16:35:06.657-0300] {dagbag.py:545} INFO - Filling up the DagBag from /home/patricia/Documentos/airflow/airflow_venv/lib/python3.10/site-packages/airflow/example_dags/example_trigger_controller_dag.py
[2024-05-11T16:35:06.681-0300] {processor.py:840} INFO - DAG(s) 'example_trigger_controller_dag' retrieved from /home/patricia/Documentos/airflow/airflow_venv/lib/python3.10/site-packages/airflow/example_dags/example_trigger_controller_dag.py
[2024-05-11T16:35:06.725-0300] {logging_mixin.py:188} INFO - [2024-05-11T16:35:06.725-0300] {dag.py:3096} INFO - Sync 1 DAGs
[2024-05-11T16:35:06.777-0300] {logging_mixin.py:188} INFO - [2024-05-11T16:35:06.776-0300] {dag.py:3954} INFO - Setting next_dagrun for example_trigger_controller_dag to 2021-01-01 00:00:00+00:00, run_after=2021-01-01 00:00:00+00:00
[2024-05-11T16:35:06.837-0300] {processor.py:183} INFO - Processing /home/patricia/Documentos/airflow/airflow_venv/lib/python3.10/site-packages/airflow/example_dags/example_trigger_controller_dag.py took 0.216 seconds
[2024-05-11T16:35:57.534-0300] {processor.py:161} INFO - Started process (PID=11856) to work on /home/patricia/Documentos/airflow/airflow_venv/lib/python3.10/site-packages/airflow/example_dags/example_trigger_controller_dag.py
[2024-05-11T16:35:57.604-0300] {processor.py:830} INFO - Processing file /home/patricia/Documentos/airflow/airflow_venv/lib/python3.10/site-packages/airflow/example_dags/example_trigger_controller_dag.py for tasks to queue
[2024-05-11T16:35:57.610-0300] {logging_mixin.py:188} INFO - [2024-05-11T16:35:57.608-0300] {dagbag.py:545} INFO - Filling up the DagBag from /home/patricia/Documentos/airflow/airflow_venv/lib/python3.10/site-packages/airflow/example_dags/example_trigger_controller_dag.py
[2024-05-11T16:35:57.631-0300] {processor.py:840} INFO - DAG(s) 'example_trigger_controller_dag' retrieved from /home/patricia/Documentos/airflow/airflow_venv/lib/python3.10/site-packages/airflow/example_dags/example_trigger_controller_dag.py
[2024-05-11T16:35:57.671-0300] {logging_mixin.py:188} INFO - [2024-05-11T16:35:57.671-0300] {dag.py:3096} INFO - Sync 1 DAGs
[2024-05-11T16:35:57.737-0300] {logging_mixin.py:188} INFO - [2024-05-11T16:35:57.737-0300] {dag.py:3954} INFO - Setting next_dagrun for example_trigger_controller_dag to 2021-01-01 00:00:00+00:00, run_after=2021-01-01 00:00:00+00:00
[2024-05-11T16:35:57.810-0300] {processor.py:183} INFO - Processing /home/patricia/Documentos/airflow/airflow_venv/lib/python3.10/site-packages/airflow/example_dags/example_trigger_controller_dag.py took 0.321 seconds
[2024-05-11T16:36:46.338-0300] {processor.py:161} INFO - Started process (PID=11934) to work on /home/patricia/Documentos/airflow/airflow_venv/lib/python3.10/site-packages/airflow/example_dags/example_trigger_controller_dag.py
[2024-05-11T16:36:46.343-0300] {processor.py:830} INFO - Processing file /home/patricia/Documentos/airflow/airflow_venv/lib/python3.10/site-packages/airflow/example_dags/example_trigger_controller_dag.py for tasks to queue
[2024-05-11T16:36:46.349-0300] {logging_mixin.py:188} INFO - [2024-05-11T16:36:46.348-0300] {dagbag.py:545} INFO - Filling up the DagBag from /home/patricia/Documentos/airflow/airflow_venv/lib/python3.10/site-packages/airflow/example_dags/example_trigger_controller_dag.py
[2024-05-11T16:36:46.363-0300] {processor.py:840} INFO - DAG(s) 'example_trigger_controller_dag' retrieved from /home/patricia/Documentos/airflow/airflow_venv/lib/python3.10/site-packages/airflow/example_dags/example_trigger_controller_dag.py
[2024-05-11T16:36:46.400-0300] {logging_mixin.py:188} INFO - [2024-05-11T16:36:46.399-0300] {dag.py:3096} INFO - Sync 1 DAGs
[2024-05-11T16:36:46.446-0300] {logging_mixin.py:188} INFO - [2024-05-11T16:36:46.446-0300] {dag.py:3954} INFO - Setting next_dagrun for example_trigger_controller_dag to 2021-01-01 00:00:00+00:00, run_after=2021-01-01 00:00:00+00:00
[2024-05-11T16:36:46.507-0300] {processor.py:183} INFO - Processing /home/patricia/Documentos/airflow/airflow_venv/lib/python3.10/site-packages/airflow/example_dags/example_trigger_controller_dag.py took 0.215 seconds
