[2024-05-11T15:11:44.320-0300] {processor.py:161} INFO - Started process (PID=4556) to work on /home/patricia/Documentos/airflow/airflow_venv/lib/python3.10/site-packages/airflow/example_dags/example_datasets.py
[2024-05-11T15:11:44.322-0300] {processor.py:830} INFO - Processing file /home/patricia/Documentos/airflow/airflow_venv/lib/python3.10/site-packages/airflow/example_dags/example_datasets.py for tasks to queue
[2024-05-11T15:11:44.326-0300] {logging_mixin.py:188} INFO - [2024-05-11T15:11:44.325-0300] {dagbag.py:545} INFO - Filling up the DagBag from /home/patricia/Documentos/airflow/airflow_venv/lib/python3.10/site-packages/airflow/example_dags/example_datasets.py
[2024-05-11T15:11:44.349-0300] {processor.py:840} INFO - DAG(s) 'consume_1_or_both_2_and_3_with_dataset_expressions', 'consume_1_and_2_with_dataset_expressions', 'dataset_consumes_1_never_scheduled', 'dataset_produces_1', 'conditional_dataset_and_time_based_timetable', 'dataset_consumes_unknown_never_scheduled', 'dataset_produces_2', 'dataset_consumes_1', 'consume_1_or_2_with_dataset_expressions', 'dataset_consumes_1_and_2' retrieved from /home/patricia/Documentos/airflow/airflow_venv/lib/python3.10/site-packages/airflow/example_dags/example_datasets.py
[2024-05-11T15:11:44.685-0300] {logging_mixin.py:188} INFO - [2024-05-11T15:11:44.685-0300] {dag.py:3096} INFO - Sync 10 DAGs
[2024-05-11T15:11:44.711-0300] {logging_mixin.py:188} INFO - [2024-05-11T15:11:44.710-0300] {dag.py:3954} INFO - Setting next_dagrun for conditional_dataset_and_time_based_timetable to 2024-05-08 01:00:00+00:00, run_after=2024-05-08 01:00:00+00:00
[2024-05-11T15:11:44.730-0300] {logging_mixin.py:188} INFO - [2024-05-11T15:11:44.729-0300] {dag.py:3954} INFO - Setting next_dagrun for consume_1_and_2_with_dataset_expressions to None, run_after=None
[2024-05-11T15:11:44.731-0300] {logging_mixin.py:188} INFO - [2024-05-11T15:11:44.731-0300] {dag.py:3954} INFO - Setting next_dagrun for consume_1_or_2_with_dataset_expressions to None, run_after=None
[2024-05-11T15:11:44.733-0300] {logging_mixin.py:188} INFO - [2024-05-11T15:11:44.733-0300] {dag.py:3954} INFO - Setting next_dagrun for consume_1_or_both_2_and_3_with_dataset_expressions to None, run_after=None
[2024-05-11T15:11:44.735-0300] {logging_mixin.py:188} INFO - [2024-05-11T15:11:44.734-0300] {dag.py:3954} INFO - Setting next_dagrun for dataset_consumes_1 to None, run_after=None
[2024-05-11T15:11:44.736-0300] {logging_mixin.py:188} INFO - [2024-05-11T15:11:44.736-0300] {dag.py:3954} INFO - Setting next_dagrun for dataset_consumes_1_and_2 to None, run_after=None
[2024-05-11T15:11:44.737-0300] {logging_mixin.py:188} INFO - [2024-05-11T15:11:44.737-0300] {dag.py:3954} INFO - Setting next_dagrun for dataset_consumes_1_never_scheduled to None, run_after=None
[2024-05-11T15:11:44.739-0300] {logging_mixin.py:188} INFO - [2024-05-11T15:11:44.738-0300] {dag.py:3954} INFO - Setting next_dagrun for dataset_consumes_unknown_never_scheduled to None, run_after=None
[2024-05-11T15:11:44.741-0300] {logging_mixin.py:188} INFO - [2024-05-11T15:11:44.741-0300] {dag.py:3954} INFO - Setting next_dagrun for dataset_produces_1 to 2024-05-10 00:00:00+00:00, run_after=2024-05-11 00:00:00+00:00
[2024-05-11T15:11:44.743-0300] {logging_mixin.py:188} INFO - [2024-05-11T15:11:44.742-0300] {dag.py:3954} INFO - Setting next_dagrun for dataset_produces_2 to None, run_after=None
[2024-05-11T15:11:44.803-0300] {processor.py:183} INFO - Processing /home/patricia/Documentos/airflow/airflow_venv/lib/python3.10/site-packages/airflow/example_dags/example_datasets.py took 0.493 seconds
[2024-05-11T15:13:46.131-0300] {processor.py:161} INFO - Started process (PID=4763) to work on /home/patricia/Documentos/airflow/airflow_venv/lib/python3.10/site-packages/airflow/example_dags/example_datasets.py
[2024-05-11T15:13:46.135-0300] {processor.py:830} INFO - Processing file /home/patricia/Documentos/airflow/airflow_venv/lib/python3.10/site-packages/airflow/example_dags/example_datasets.py for tasks to queue
[2024-05-11T15:13:46.140-0300] {logging_mixin.py:188} INFO - [2024-05-11T15:13:46.140-0300] {dagbag.py:545} INFO - Filling up the DagBag from /home/patricia/Documentos/airflow/airflow_venv/lib/python3.10/site-packages/airflow/example_dags/example_datasets.py
[2024-05-11T15:13:46.171-0300] {processor.py:840} INFO - DAG(s) 'dataset_consumes_unknown_never_scheduled', 'consume_1_or_2_with_dataset_expressions', 'dataset_produces_1', 'dataset_consumes_1_never_scheduled', 'consume_1_and_2_with_dataset_expressions', 'dataset_consumes_1', 'dataset_consumes_1_and_2', 'conditional_dataset_and_time_based_timetable', 'dataset_produces_2', 'consume_1_or_both_2_and_3_with_dataset_expressions' retrieved from /home/patricia/Documentos/airflow/airflow_venv/lib/python3.10/site-packages/airflow/example_dags/example_datasets.py
[2024-05-11T15:13:46.267-0300] {logging_mixin.py:188} INFO - [2024-05-11T15:13:46.266-0300] {dag.py:3096} INFO - Sync 10 DAGs
[2024-05-11T15:13:46.324-0300] {logging_mixin.py:188} INFO - [2024-05-11T15:13:46.324-0300] {dag.py:3954} INFO - Setting next_dagrun for conditional_dataset_and_time_based_timetable to 2024-05-08 01:00:00+00:00, run_after=2024-05-08 01:00:00+00:00
[2024-05-11T15:13:46.332-0300] {logging_mixin.py:188} INFO - [2024-05-11T15:13:46.331-0300] {dag.py:3954} INFO - Setting next_dagrun for consume_1_and_2_with_dataset_expressions to None, run_after=None
[2024-05-11T15:13:46.334-0300] {logging_mixin.py:188} INFO - [2024-05-11T15:13:46.334-0300] {dag.py:3954} INFO - Setting next_dagrun for consume_1_or_2_with_dataset_expressions to None, run_after=None
[2024-05-11T15:13:46.339-0300] {logging_mixin.py:188} INFO - [2024-05-11T15:13:46.339-0300] {dag.py:3954} INFO - Setting next_dagrun for consume_1_or_both_2_and_3_with_dataset_expressions to None, run_after=None
[2024-05-11T15:13:46.342-0300] {logging_mixin.py:188} INFO - [2024-05-11T15:13:46.341-0300] {dag.py:3954} INFO - Setting next_dagrun for dataset_consumes_1 to None, run_after=None
[2024-05-11T15:13:46.344-0300] {logging_mixin.py:188} INFO - [2024-05-11T15:13:46.344-0300] {dag.py:3954} INFO - Setting next_dagrun for dataset_consumes_1_and_2 to None, run_after=None
[2024-05-11T15:13:46.347-0300] {logging_mixin.py:188} INFO - [2024-05-11T15:13:46.346-0300] {dag.py:3954} INFO - Setting next_dagrun for dataset_consumes_1_never_scheduled to None, run_after=None
[2024-05-11T15:13:46.349-0300] {logging_mixin.py:188} INFO - [2024-05-11T15:13:46.348-0300] {dag.py:3954} INFO - Setting next_dagrun for dataset_consumes_unknown_never_scheduled to None, run_after=None
[2024-05-11T15:13:46.354-0300] {logging_mixin.py:188} INFO - [2024-05-11T15:13:46.354-0300] {dag.py:3954} INFO - Setting next_dagrun for dataset_produces_1 to 2024-05-10 00:00:00+00:00, run_after=2024-05-11 00:00:00+00:00
[2024-05-11T15:13:46.357-0300] {logging_mixin.py:188} INFO - [2024-05-11T15:13:46.356-0300] {dag.py:3954} INFO - Setting next_dagrun for dataset_produces_2 to None, run_after=None
[2024-05-11T15:13:46.764-0300] {processor.py:183} INFO - Processing /home/patricia/Documentos/airflow/airflow_venv/lib/python3.10/site-packages/airflow/example_dags/example_datasets.py took 0.657 seconds
[2024-05-11T15:15:16.501-0300] {processor.py:161} INFO - Started process (PID=4978) to work on /home/patricia/Documentos/airflow/airflow_venv/lib/python3.10/site-packages/airflow/example_dags/example_datasets.py
[2024-05-11T15:15:16.504-0300] {processor.py:830} INFO - Processing file /home/patricia/Documentos/airflow/airflow_venv/lib/python3.10/site-packages/airflow/example_dags/example_datasets.py for tasks to queue
[2024-05-11T15:15:16.509-0300] {logging_mixin.py:188} INFO - [2024-05-11T15:15:16.508-0300] {dagbag.py:545} INFO - Filling up the DagBag from /home/patricia/Documentos/airflow/airflow_venv/lib/python3.10/site-packages/airflow/example_dags/example_datasets.py
[2024-05-11T15:15:16.538-0300] {processor.py:840} INFO - DAG(s) 'dataset_consumes_1_and_2', 'dataset_consumes_unknown_never_scheduled', 'consume_1_or_2_with_dataset_expressions', 'dataset_consumes_1', 'consume_1_and_2_with_dataset_expressions', 'conditional_dataset_and_time_based_timetable', 'dataset_produces_1', 'dataset_produces_2', 'dataset_consumes_1_never_scheduled', 'consume_1_or_both_2_and_3_with_dataset_expressions' retrieved from /home/patricia/Documentos/airflow/airflow_venv/lib/python3.10/site-packages/airflow/example_dags/example_datasets.py
[2024-05-11T15:15:16.643-0300] {logging_mixin.py:188} INFO - [2024-05-11T15:15:16.643-0300] {dag.py:3096} INFO - Sync 10 DAGs
[2024-05-11T15:15:16.680-0300] {logging_mixin.py:188} INFO - [2024-05-11T15:15:16.680-0300] {dag.py:3954} INFO - Setting next_dagrun for conditional_dataset_and_time_based_timetable to 2024-05-08 01:00:00+00:00, run_after=2024-05-08 01:00:00+00:00
[2024-05-11T15:15:16.685-0300] {logging_mixin.py:188} INFO - [2024-05-11T15:15:16.685-0300] {dag.py:3954} INFO - Setting next_dagrun for consume_1_and_2_with_dataset_expressions to None, run_after=None
[2024-05-11T15:15:16.687-0300] {logging_mixin.py:188} INFO - [2024-05-11T15:15:16.687-0300] {dag.py:3954} INFO - Setting next_dagrun for consume_1_or_2_with_dataset_expressions to None, run_after=None
[2024-05-11T15:15:16.689-0300] {logging_mixin.py:188} INFO - [2024-05-11T15:15:16.688-0300] {dag.py:3954} INFO - Setting next_dagrun for consume_1_or_both_2_and_3_with_dataset_expressions to None, run_after=None
[2024-05-11T15:15:16.691-0300] {logging_mixin.py:188} INFO - [2024-05-11T15:15:16.691-0300] {dag.py:3954} INFO - Setting next_dagrun for dataset_consumes_1 to None, run_after=None
[2024-05-11T15:15:16.694-0300] {logging_mixin.py:188} INFO - [2024-05-11T15:15:16.693-0300] {dag.py:3954} INFO - Setting next_dagrun for dataset_consumes_1_and_2 to None, run_after=None
[2024-05-11T15:15:16.695-0300] {logging_mixin.py:188} INFO - [2024-05-11T15:15:16.695-0300] {dag.py:3954} INFO - Setting next_dagrun for dataset_consumes_1_never_scheduled to None, run_after=None
[2024-05-11T15:15:16.697-0300] {logging_mixin.py:188} INFO - [2024-05-11T15:15:16.697-0300] {dag.py:3954} INFO - Setting next_dagrun for dataset_consumes_unknown_never_scheduled to None, run_after=None
[2024-05-11T15:15:16.701-0300] {logging_mixin.py:188} INFO - [2024-05-11T15:15:16.701-0300] {dag.py:3954} INFO - Setting next_dagrun for dataset_produces_1 to 2024-05-10 00:00:00+00:00, run_after=2024-05-11 00:00:00+00:00
[2024-05-11T15:15:16.703-0300] {logging_mixin.py:188} INFO - [2024-05-11T15:15:16.703-0300] {dag.py:3954} INFO - Setting next_dagrun for dataset_produces_2 to None, run_after=None
[2024-05-11T15:15:16.827-0300] {processor.py:183} INFO - Processing /home/patricia/Documentos/airflow/airflow_venv/lib/python3.10/site-packages/airflow/example_dags/example_datasets.py took 0.351 seconds
[2024-05-11T15:16:21.178-0300] {processor.py:161} INFO - Started process (PID=5118) to work on /home/patricia/Documentos/airflow/airflow_venv/lib/python3.10/site-packages/airflow/example_dags/example_datasets.py
[2024-05-11T15:16:21.181-0300] {processor.py:830} INFO - Processing file /home/patricia/Documentos/airflow/airflow_venv/lib/python3.10/site-packages/airflow/example_dags/example_datasets.py for tasks to queue
[2024-05-11T15:16:21.185-0300] {logging_mixin.py:188} INFO - [2024-05-11T15:16:21.184-0300] {dagbag.py:545} INFO - Filling up the DagBag from /home/patricia/Documentos/airflow/airflow_venv/lib/python3.10/site-packages/airflow/example_dags/example_datasets.py
[2024-05-11T15:16:21.211-0300] {processor.py:840} INFO - DAG(s) 'consume_1_and_2_with_dataset_expressions', 'dataset_consumes_1_and_2', 'dataset_consumes_1_never_scheduled', 'dataset_produces_2', 'conditional_dataset_and_time_based_timetable', 'dataset_produces_1', 'consume_1_or_both_2_and_3_with_dataset_expressions', 'dataset_consumes_1', 'consume_1_or_2_with_dataset_expressions', 'dataset_consumes_unknown_never_scheduled' retrieved from /home/patricia/Documentos/airflow/airflow_venv/lib/python3.10/site-packages/airflow/example_dags/example_datasets.py
[2024-05-11T15:16:21.320-0300] {logging_mixin.py:188} INFO - [2024-05-11T15:16:21.319-0300] {dag.py:3096} INFO - Sync 10 DAGs
[2024-05-11T15:16:21.347-0300] {logging_mixin.py:188} INFO - [2024-05-11T15:16:21.347-0300] {dag.py:3954} INFO - Setting next_dagrun for conditional_dataset_and_time_based_timetable to 2024-05-08 01:00:00+00:00, run_after=2024-05-08 01:00:00+00:00
[2024-05-11T15:16:21.352-0300] {logging_mixin.py:188} INFO - [2024-05-11T15:16:21.352-0300] {dag.py:3954} INFO - Setting next_dagrun for consume_1_and_2_with_dataset_expressions to None, run_after=None
[2024-05-11T15:16:21.353-0300] {logging_mixin.py:188} INFO - [2024-05-11T15:16:21.353-0300] {dag.py:3954} INFO - Setting next_dagrun for consume_1_or_2_with_dataset_expressions to None, run_after=None
[2024-05-11T15:16:21.355-0300] {logging_mixin.py:188} INFO - [2024-05-11T15:16:21.354-0300] {dag.py:3954} INFO - Setting next_dagrun for consume_1_or_both_2_and_3_with_dataset_expressions to None, run_after=None
[2024-05-11T15:16:21.356-0300] {logging_mixin.py:188} INFO - [2024-05-11T15:16:21.356-0300] {dag.py:3954} INFO - Setting next_dagrun for dataset_consumes_1 to None, run_after=None
[2024-05-11T15:16:21.358-0300] {logging_mixin.py:188} INFO - [2024-05-11T15:16:21.357-0300] {dag.py:3954} INFO - Setting next_dagrun for dataset_consumes_1_and_2 to None, run_after=None
[2024-05-11T15:16:21.359-0300] {logging_mixin.py:188} INFO - [2024-05-11T15:16:21.359-0300] {dag.py:3954} INFO - Setting next_dagrun for dataset_consumes_1_never_scheduled to None, run_after=None
[2024-05-11T15:16:21.361-0300] {logging_mixin.py:188} INFO - [2024-05-11T15:16:21.360-0300] {dag.py:3954} INFO - Setting next_dagrun for dataset_consumes_unknown_never_scheduled to None, run_after=None
[2024-05-11T15:16:21.363-0300] {logging_mixin.py:188} INFO - [2024-05-11T15:16:21.363-0300] {dag.py:3954} INFO - Setting next_dagrun for dataset_produces_1 to 2024-05-10 00:00:00+00:00, run_after=2024-05-11 00:00:00+00:00
[2024-05-11T15:16:21.365-0300] {logging_mixin.py:188} INFO - [2024-05-11T15:16:21.365-0300] {dag.py:3954} INFO - Setting next_dagrun for dataset_produces_2 to None, run_after=None
[2024-05-11T15:16:21.415-0300] {processor.py:183} INFO - Processing /home/patricia/Documentos/airflow/airflow_venv/lib/python3.10/site-packages/airflow/example_dags/example_datasets.py took 0.247 seconds
[2024-05-11T15:17:23.880-0300] {processor.py:161} INFO - Started process (PID=5257) to work on /home/patricia/Documentos/airflow/airflow_venv/lib/python3.10/site-packages/airflow/example_dags/example_datasets.py
[2024-05-11T15:17:23.882-0300] {processor.py:830} INFO - Processing file /home/patricia/Documentos/airflow/airflow_venv/lib/python3.10/site-packages/airflow/example_dags/example_datasets.py for tasks to queue
[2024-05-11T15:17:23.885-0300] {logging_mixin.py:188} INFO - [2024-05-11T15:17:23.885-0300] {dagbag.py:545} INFO - Filling up the DagBag from /home/patricia/Documentos/airflow/airflow_venv/lib/python3.10/site-packages/airflow/example_dags/example_datasets.py
[2024-05-11T15:17:23.900-0300] {processor.py:840} INFO - DAG(s) 'dataset_consumes_1', 'consume_1_or_both_2_and_3_with_dataset_expressions', 'dataset_produces_2', 'dataset_consumes_1_and_2', 'consume_1_and_2_with_dataset_expressions', 'dataset_produces_1', 'consume_1_or_2_with_dataset_expressions', 'conditional_dataset_and_time_based_timetable', 'dataset_consumes_1_never_scheduled', 'dataset_consumes_unknown_never_scheduled' retrieved from /home/patricia/Documentos/airflow/airflow_venv/lib/python3.10/site-packages/airflow/example_dags/example_datasets.py
[2024-05-11T15:17:23.944-0300] {logging_mixin.py:188} INFO - [2024-05-11T15:17:23.944-0300] {dag.py:3096} INFO - Sync 10 DAGs
[2024-05-11T15:17:23.985-0300] {logging_mixin.py:188} INFO - [2024-05-11T15:17:23.985-0300] {dag.py:3954} INFO - Setting next_dagrun for conditional_dataset_and_time_based_timetable to 2024-05-08 01:00:00+00:00, run_after=2024-05-08 01:00:00+00:00
[2024-05-11T15:17:23.989-0300] {logging_mixin.py:188} INFO - [2024-05-11T15:17:23.989-0300] {dag.py:3954} INFO - Setting next_dagrun for consume_1_and_2_with_dataset_expressions to None, run_after=None
[2024-05-11T15:17:23.990-0300] {logging_mixin.py:188} INFO - [2024-05-11T15:17:23.990-0300] {dag.py:3954} INFO - Setting next_dagrun for consume_1_or_2_with_dataset_expressions to None, run_after=None
[2024-05-11T15:17:23.991-0300] {logging_mixin.py:188} INFO - [2024-05-11T15:17:23.991-0300] {dag.py:3954} INFO - Setting next_dagrun for consume_1_or_both_2_and_3_with_dataset_expressions to None, run_after=None
[2024-05-11T15:17:23.993-0300] {logging_mixin.py:188} INFO - [2024-05-11T15:17:23.993-0300] {dag.py:3954} INFO - Setting next_dagrun for dataset_consumes_1 to None, run_after=None
[2024-05-11T15:17:23.994-0300] {logging_mixin.py:188} INFO - [2024-05-11T15:17:23.994-0300] {dag.py:3954} INFO - Setting next_dagrun for dataset_consumes_1_and_2 to None, run_after=None
[2024-05-11T15:17:23.995-0300] {logging_mixin.py:188} INFO - [2024-05-11T15:17:23.995-0300] {dag.py:3954} INFO - Setting next_dagrun for dataset_consumes_1_never_scheduled to None, run_after=None
[2024-05-11T15:17:23.996-0300] {logging_mixin.py:188} INFO - [2024-05-11T15:17:23.996-0300] {dag.py:3954} INFO - Setting next_dagrun for dataset_consumes_unknown_never_scheduled to None, run_after=None
[2024-05-11T15:17:23.998-0300] {logging_mixin.py:188} INFO - [2024-05-11T15:17:23.998-0300] {dag.py:3954} INFO - Setting next_dagrun for dataset_produces_1 to 2024-05-10 00:00:00+00:00, run_after=2024-05-11 00:00:00+00:00
[2024-05-11T15:17:23.999-0300] {logging_mixin.py:188} INFO - [2024-05-11T15:17:23.999-0300] {dag.py:3954} INFO - Setting next_dagrun for dataset_produces_2 to None, run_after=None
[2024-05-11T15:17:24.044-0300] {processor.py:183} INFO - Processing /home/patricia/Documentos/airflow/airflow_venv/lib/python3.10/site-packages/airflow/example_dags/example_datasets.py took 0.171 seconds
[2024-05-11T15:18:31.677-0300] {processor.py:161} INFO - Started process (PID=5754) to work on /home/patricia/Documentos/airflow/airflow_venv/lib/python3.10/site-packages/airflow/example_dags/example_datasets.py
[2024-05-11T15:18:31.682-0300] {processor.py:830} INFO - Processing file /home/patricia/Documentos/airflow/airflow_venv/lib/python3.10/site-packages/airflow/example_dags/example_datasets.py for tasks to queue
[2024-05-11T15:18:31.686-0300] {logging_mixin.py:188} INFO - [2024-05-11T15:18:31.684-0300] {dagbag.py:545} INFO - Filling up the DagBag from /home/patricia/Documentos/airflow/airflow_venv/lib/python3.10/site-packages/airflow/example_dags/example_datasets.py
[2024-05-11T15:18:31.701-0300] {processor.py:840} INFO - DAG(s) 'consume_1_or_2_with_dataset_expressions', 'dataset_produces_1', 'dataset_consumes_unknown_never_scheduled', 'consume_1_and_2_with_dataset_expressions', 'conditional_dataset_and_time_based_timetable', 'dataset_consumes_1_never_scheduled', 'dataset_produces_2', 'dataset_consumes_1_and_2', 'consume_1_or_both_2_and_3_with_dataset_expressions', 'dataset_consumes_1' retrieved from /home/patricia/Documentos/airflow/airflow_venv/lib/python3.10/site-packages/airflow/example_dags/example_datasets.py
[2024-05-11T15:18:31.759-0300] {logging_mixin.py:188} INFO - [2024-05-11T15:18:31.759-0300] {dag.py:3096} INFO - Sync 10 DAGs
[2024-05-11T15:18:31.796-0300] {logging_mixin.py:188} INFO - [2024-05-11T15:18:31.796-0300] {dag.py:3954} INFO - Setting next_dagrun for conditional_dataset_and_time_based_timetable to 2024-05-08 01:00:00+00:00, run_after=2024-05-08 01:00:00+00:00
[2024-05-11T15:18:31.801-0300] {logging_mixin.py:188} INFO - [2024-05-11T15:18:31.800-0300] {dag.py:3954} INFO - Setting next_dagrun for consume_1_and_2_with_dataset_expressions to None, run_after=None
[2024-05-11T15:18:31.803-0300] {logging_mixin.py:188} INFO - [2024-05-11T15:18:31.803-0300] {dag.py:3954} INFO - Setting next_dagrun for consume_1_or_2_with_dataset_expressions to None, run_after=None
[2024-05-11T15:18:31.804-0300] {logging_mixin.py:188} INFO - [2024-05-11T15:18:31.804-0300] {dag.py:3954} INFO - Setting next_dagrun for consume_1_or_both_2_and_3_with_dataset_expressions to None, run_after=None
[2024-05-11T15:18:31.806-0300] {logging_mixin.py:188} INFO - [2024-05-11T15:18:31.806-0300] {dag.py:3954} INFO - Setting next_dagrun for dataset_consumes_1 to None, run_after=None
[2024-05-11T15:18:31.807-0300] {logging_mixin.py:188} INFO - [2024-05-11T15:18:31.807-0300] {dag.py:3954} INFO - Setting next_dagrun for dataset_consumes_1_and_2 to None, run_after=None
[2024-05-11T15:18:31.809-0300] {logging_mixin.py:188} INFO - [2024-05-11T15:18:31.809-0300] {dag.py:3954} INFO - Setting next_dagrun for dataset_consumes_1_never_scheduled to None, run_after=None
[2024-05-11T15:18:31.810-0300] {logging_mixin.py:188} INFO - [2024-05-11T15:18:31.810-0300] {dag.py:3954} INFO - Setting next_dagrun for dataset_consumes_unknown_never_scheduled to None, run_after=None
[2024-05-11T15:18:31.815-0300] {logging_mixin.py:188} INFO - [2024-05-11T15:18:31.814-0300] {dag.py:3954} INFO - Setting next_dagrun for dataset_produces_1 to 2024-05-10 00:00:00+00:00, run_after=2024-05-11 00:00:00+00:00
[2024-05-11T15:18:31.816-0300] {logging_mixin.py:188} INFO - [2024-05-11T15:18:31.816-0300] {dag.py:3954} INFO - Setting next_dagrun for dataset_produces_2 to None, run_after=None
[2024-05-11T15:18:31.884-0300] {processor.py:183} INFO - Processing /home/patricia/Documentos/airflow/airflow_venv/lib/python3.10/site-packages/airflow/example_dags/example_datasets.py took 0.215 seconds
[2024-05-11T15:19:41.948-0300] {processor.py:161} INFO - Started process (PID=6010) to work on /home/patricia/Documentos/airflow/airflow_venv/lib/python3.10/site-packages/airflow/example_dags/example_datasets.py
[2024-05-11T15:19:41.958-0300] {processor.py:830} INFO - Processing file /home/patricia/Documentos/airflow/airflow_venv/lib/python3.10/site-packages/airflow/example_dags/example_datasets.py for tasks to queue
[2024-05-11T15:19:41.967-0300] {logging_mixin.py:188} INFO - [2024-05-11T15:19:41.963-0300] {dagbag.py:545} INFO - Filling up the DagBag from /home/patricia/Documentos/airflow/airflow_venv/lib/python3.10/site-packages/airflow/example_dags/example_datasets.py
[2024-05-11T15:19:41.994-0300] {processor.py:840} INFO - DAG(s) 'dataset_consumes_1_never_scheduled', 'consume_1_or_2_with_dataset_expressions', 'consume_1_or_both_2_and_3_with_dataset_expressions', 'dataset_consumes_1', 'dataset_consumes_unknown_never_scheduled', 'dataset_produces_2', 'consume_1_and_2_with_dataset_expressions', 'dataset_produces_1', 'conditional_dataset_and_time_based_timetable', 'dataset_consumes_1_and_2' retrieved from /home/patricia/Documentos/airflow/airflow_venv/lib/python3.10/site-packages/airflow/example_dags/example_datasets.py
[2024-05-11T15:19:42.109-0300] {logging_mixin.py:188} INFO - [2024-05-11T15:19:42.109-0300] {dag.py:3096} INFO - Sync 10 DAGs
[2024-05-11T15:19:42.142-0300] {logging_mixin.py:188} INFO - [2024-05-11T15:19:42.142-0300] {dag.py:3954} INFO - Setting next_dagrun for conditional_dataset_and_time_based_timetable to 2024-05-08 01:00:00+00:00, run_after=2024-05-08 01:00:00+00:00
[2024-05-11T15:19:42.147-0300] {logging_mixin.py:188} INFO - [2024-05-11T15:19:42.146-0300] {dag.py:3954} INFO - Setting next_dagrun for consume_1_and_2_with_dataset_expressions to None, run_after=None
[2024-05-11T15:19:42.149-0300] {logging_mixin.py:188} INFO - [2024-05-11T15:19:42.148-0300] {dag.py:3954} INFO - Setting next_dagrun for consume_1_or_2_with_dataset_expressions to None, run_after=None
[2024-05-11T15:19:42.150-0300] {logging_mixin.py:188} INFO - [2024-05-11T15:19:42.150-0300] {dag.py:3954} INFO - Setting next_dagrun for consume_1_or_both_2_and_3_with_dataset_expressions to None, run_after=None
[2024-05-11T15:19:42.152-0300] {logging_mixin.py:188} INFO - [2024-05-11T15:19:42.151-0300] {dag.py:3954} INFO - Setting next_dagrun for dataset_consumes_1 to None, run_after=None
[2024-05-11T15:19:42.153-0300] {logging_mixin.py:188} INFO - [2024-05-11T15:19:42.153-0300] {dag.py:3954} INFO - Setting next_dagrun for dataset_consumes_1_and_2 to None, run_after=None
[2024-05-11T15:19:42.154-0300] {logging_mixin.py:188} INFO - [2024-05-11T15:19:42.154-0300] {dag.py:3954} INFO - Setting next_dagrun for dataset_consumes_1_never_scheduled to None, run_after=None
[2024-05-11T15:19:42.156-0300] {logging_mixin.py:188} INFO - [2024-05-11T15:19:42.155-0300] {dag.py:3954} INFO - Setting next_dagrun for dataset_consumes_unknown_never_scheduled to None, run_after=None
[2024-05-11T15:19:42.158-0300] {logging_mixin.py:188} INFO - [2024-05-11T15:19:42.158-0300] {dag.py:3954} INFO - Setting next_dagrun for dataset_produces_1 to 2024-05-10 00:00:00+00:00, run_after=2024-05-11 00:00:00+00:00
[2024-05-11T15:19:42.160-0300] {logging_mixin.py:188} INFO - [2024-05-11T15:19:42.160-0300] {dag.py:3954} INFO - Setting next_dagrun for dataset_produces_2 to None, run_after=None
[2024-05-11T15:19:42.220-0300] {processor.py:183} INFO - Processing /home/patricia/Documentos/airflow/airflow_venv/lib/python3.10/site-packages/airflow/example_dags/example_datasets.py took 0.280 seconds
[2024-05-11T15:21:21.717-0300] {processor.py:161} INFO - Started process (PID=6187) to work on /home/patricia/Documentos/airflow/airflow_venv/lib/python3.10/site-packages/airflow/example_dags/example_datasets.py
[2024-05-11T15:21:21.719-0300] {processor.py:830} INFO - Processing file /home/patricia/Documentos/airflow/airflow_venv/lib/python3.10/site-packages/airflow/example_dags/example_datasets.py for tasks to queue
[2024-05-11T15:21:21.722-0300] {logging_mixin.py:188} INFO - [2024-05-11T15:21:21.722-0300] {dagbag.py:545} INFO - Filling up the DagBag from /home/patricia/Documentos/airflow/airflow_venv/lib/python3.10/site-packages/airflow/example_dags/example_datasets.py
[2024-05-11T15:21:21.742-0300] {processor.py:840} INFO - DAG(s) 'dataset_produces_2', 'dataset_consumes_1', 'conditional_dataset_and_time_based_timetable', 'dataset_produces_1', 'dataset_consumes_1_and_2', 'consume_1_and_2_with_dataset_expressions', 'consume_1_or_both_2_and_3_with_dataset_expressions', 'dataset_consumes_unknown_never_scheduled', 'consume_1_or_2_with_dataset_expressions', 'dataset_consumes_1_never_scheduled' retrieved from /home/patricia/Documentos/airflow/airflow_venv/lib/python3.10/site-packages/airflow/example_dags/example_datasets.py
[2024-05-11T15:21:21.802-0300] {logging_mixin.py:188} INFO - [2024-05-11T15:21:21.802-0300] {dag.py:3096} INFO - Sync 10 DAGs
[2024-05-11T15:21:21.836-0300] {logging_mixin.py:188} INFO - [2024-05-11T15:21:21.835-0300] {dag.py:3954} INFO - Setting next_dagrun for conditional_dataset_and_time_based_timetable to 2024-05-08 01:00:00+00:00, run_after=2024-05-08 01:00:00+00:00
[2024-05-11T15:21:21.840-0300] {logging_mixin.py:188} INFO - [2024-05-11T15:21:21.839-0300] {dag.py:3954} INFO - Setting next_dagrun for consume_1_and_2_with_dataset_expressions to None, run_after=None
[2024-05-11T15:21:21.841-0300] {logging_mixin.py:188} INFO - [2024-05-11T15:21:21.841-0300] {dag.py:3954} INFO - Setting next_dagrun for consume_1_or_2_with_dataset_expressions to None, run_after=None
[2024-05-11T15:21:21.843-0300] {logging_mixin.py:188} INFO - [2024-05-11T15:21:21.842-0300] {dag.py:3954} INFO - Setting next_dagrun for consume_1_or_both_2_and_3_with_dataset_expressions to None, run_after=None
[2024-05-11T15:21:21.844-0300] {logging_mixin.py:188} INFO - [2024-05-11T15:21:21.844-0300] {dag.py:3954} INFO - Setting next_dagrun for dataset_consumes_1 to None, run_after=None
[2024-05-11T15:21:21.845-0300] {logging_mixin.py:188} INFO - [2024-05-11T15:21:21.845-0300] {dag.py:3954} INFO - Setting next_dagrun for dataset_consumes_1_and_2 to None, run_after=None
[2024-05-11T15:21:21.846-0300] {logging_mixin.py:188} INFO - [2024-05-11T15:21:21.846-0300] {dag.py:3954} INFO - Setting next_dagrun for dataset_consumes_1_never_scheduled to None, run_after=None
[2024-05-11T15:21:21.848-0300] {logging_mixin.py:188} INFO - [2024-05-11T15:21:21.848-0300] {dag.py:3954} INFO - Setting next_dagrun for dataset_consumes_unknown_never_scheduled to None, run_after=None
[2024-05-11T15:21:21.850-0300] {logging_mixin.py:188} INFO - [2024-05-11T15:21:21.850-0300] {dag.py:3954} INFO - Setting next_dagrun for dataset_produces_1 to 2024-05-10 00:00:00+00:00, run_after=2024-05-11 00:00:00+00:00
[2024-05-11T15:21:21.852-0300] {logging_mixin.py:188} INFO - [2024-05-11T15:21:21.851-0300] {dag.py:3954} INFO - Setting next_dagrun for dataset_produces_2 to None, run_after=None
[2024-05-11T15:21:21.898-0300] {processor.py:183} INFO - Processing /home/patricia/Documentos/airflow/airflow_venv/lib/python3.10/site-packages/airflow/example_dags/example_datasets.py took 0.194 seconds
[2024-05-11T15:22:45.234-0300] {processor.py:161} INFO - Started process (PID=6357) to work on /home/patricia/Documentos/airflow/airflow_venv/lib/python3.10/site-packages/airflow/example_dags/example_datasets.py
[2024-05-11T15:22:45.237-0300] {processor.py:830} INFO - Processing file /home/patricia/Documentos/airflow/airflow_venv/lib/python3.10/site-packages/airflow/example_dags/example_datasets.py for tasks to queue
[2024-05-11T15:22:45.240-0300] {logging_mixin.py:188} INFO - [2024-05-11T15:22:45.239-0300] {dagbag.py:545} INFO - Filling up the DagBag from /home/patricia/Documentos/airflow/airflow_venv/lib/python3.10/site-packages/airflow/example_dags/example_datasets.py
[2024-05-11T15:22:45.255-0300] {processor.py:840} INFO - DAG(s) 'conditional_dataset_and_time_based_timetable', 'dataset_produces_1', 'dataset_consumes_unknown_never_scheduled', 'dataset_consumes_1_and_2', 'dataset_consumes_1_never_scheduled', 'dataset_produces_2', 'consume_1_or_2_with_dataset_expressions', 'consume_1_and_2_with_dataset_expressions', 'consume_1_or_both_2_and_3_with_dataset_expressions', 'dataset_consumes_1' retrieved from /home/patricia/Documentos/airflow/airflow_venv/lib/python3.10/site-packages/airflow/example_dags/example_datasets.py
[2024-05-11T15:22:45.299-0300] {logging_mixin.py:188} INFO - [2024-05-11T15:22:45.299-0300] {dag.py:3096} INFO - Sync 10 DAGs
[2024-05-11T15:22:45.326-0300] {logging_mixin.py:188} INFO - [2024-05-11T15:22:45.326-0300] {dag.py:3954} INFO - Setting next_dagrun for conditional_dataset_and_time_based_timetable to 2024-05-08 01:00:00+00:00, run_after=2024-05-08 01:00:00+00:00
[2024-05-11T15:22:45.331-0300] {logging_mixin.py:188} INFO - [2024-05-11T15:22:45.331-0300] {dag.py:3954} INFO - Setting next_dagrun for consume_1_and_2_with_dataset_expressions to None, run_after=None
[2024-05-11T15:22:45.333-0300] {logging_mixin.py:188} INFO - [2024-05-11T15:22:45.333-0300] {dag.py:3954} INFO - Setting next_dagrun for consume_1_or_2_with_dataset_expressions to None, run_after=None
[2024-05-11T15:22:45.334-0300] {logging_mixin.py:188} INFO - [2024-05-11T15:22:45.334-0300] {dag.py:3954} INFO - Setting next_dagrun for consume_1_or_both_2_and_3_with_dataset_expressions to None, run_after=None
[2024-05-11T15:22:45.335-0300] {logging_mixin.py:188} INFO - [2024-05-11T15:22:45.335-0300] {dag.py:3954} INFO - Setting next_dagrun for dataset_consumes_1 to None, run_after=None
[2024-05-11T15:22:45.336-0300] {logging_mixin.py:188} INFO - [2024-05-11T15:22:45.336-0300] {dag.py:3954} INFO - Setting next_dagrun for dataset_consumes_1_and_2 to None, run_after=None
[2024-05-11T15:22:45.337-0300] {logging_mixin.py:188} INFO - [2024-05-11T15:22:45.337-0300] {dag.py:3954} INFO - Setting next_dagrun for dataset_consumes_1_never_scheduled to None, run_after=None
[2024-05-11T15:22:45.338-0300] {logging_mixin.py:188} INFO - [2024-05-11T15:22:45.338-0300] {dag.py:3954} INFO - Setting next_dagrun for dataset_consumes_unknown_never_scheduled to None, run_after=None
[2024-05-11T15:22:45.340-0300] {logging_mixin.py:188} INFO - [2024-05-11T15:22:45.340-0300] {dag.py:3954} INFO - Setting next_dagrun for dataset_produces_1 to 2024-05-10 00:00:00+00:00, run_after=2024-05-11 00:00:00+00:00
[2024-05-11T15:22:45.344-0300] {logging_mixin.py:188} INFO - [2024-05-11T15:22:45.344-0300] {dag.py:3954} INFO - Setting next_dagrun for dataset_produces_2 to None, run_after=None
[2024-05-11T15:22:45.395-0300] {processor.py:183} INFO - Processing /home/patricia/Documentos/airflow/airflow_venv/lib/python3.10/site-packages/airflow/example_dags/example_datasets.py took 0.169 seconds
[2024-05-11T15:23:46.424-0300] {processor.py:161} INFO - Started process (PID=6488) to work on /home/patricia/Documentos/airflow/airflow_venv/lib/python3.10/site-packages/airflow/example_dags/example_datasets.py
[2024-05-11T15:23:46.426-0300] {processor.py:830} INFO - Processing file /home/patricia/Documentos/airflow/airflow_venv/lib/python3.10/site-packages/airflow/example_dags/example_datasets.py for tasks to queue
[2024-05-11T15:23:46.429-0300] {logging_mixin.py:188} INFO - [2024-05-11T15:23:46.428-0300] {dagbag.py:545} INFO - Filling up the DagBag from /home/patricia/Documentos/airflow/airflow_venv/lib/python3.10/site-packages/airflow/example_dags/example_datasets.py
[2024-05-11T15:23:46.444-0300] {processor.py:840} INFO - DAG(s) 'dataset_consumes_1_never_scheduled', 'consume_1_or_2_with_dataset_expressions', 'consume_1_and_2_with_dataset_expressions', 'consume_1_or_both_2_and_3_with_dataset_expressions', 'dataset_produces_2', 'dataset_produces_1', 'dataset_consumes_unknown_never_scheduled', 'dataset_consumes_1', 'dataset_consumes_1_and_2', 'conditional_dataset_and_time_based_timetable' retrieved from /home/patricia/Documentos/airflow/airflow_venv/lib/python3.10/site-packages/airflow/example_dags/example_datasets.py
[2024-05-11T15:23:46.489-0300] {logging_mixin.py:188} INFO - [2024-05-11T15:23:46.488-0300] {dag.py:3096} INFO - Sync 10 DAGs
[2024-05-11T15:23:46.515-0300] {logging_mixin.py:188} INFO - [2024-05-11T15:23:46.514-0300] {dag.py:3954} INFO - Setting next_dagrun for conditional_dataset_and_time_based_timetable to 2024-05-08 01:00:00+00:00, run_after=2024-05-08 01:00:00+00:00
[2024-05-11T15:23:46.518-0300] {logging_mixin.py:188} INFO - [2024-05-11T15:23:46.518-0300] {dag.py:3954} INFO - Setting next_dagrun for consume_1_and_2_with_dataset_expressions to None, run_after=None
[2024-05-11T15:23:46.520-0300] {logging_mixin.py:188} INFO - [2024-05-11T15:23:46.520-0300] {dag.py:3954} INFO - Setting next_dagrun for consume_1_or_2_with_dataset_expressions to None, run_after=None
[2024-05-11T15:23:46.521-0300] {logging_mixin.py:188} INFO - [2024-05-11T15:23:46.521-0300] {dag.py:3954} INFO - Setting next_dagrun for consume_1_or_both_2_and_3_with_dataset_expressions to None, run_after=None
[2024-05-11T15:23:46.523-0300] {logging_mixin.py:188} INFO - [2024-05-11T15:23:46.522-0300] {dag.py:3954} INFO - Setting next_dagrun for dataset_consumes_1 to None, run_after=None
[2024-05-11T15:23:46.524-0300] {logging_mixin.py:188} INFO - [2024-05-11T15:23:46.524-0300] {dag.py:3954} INFO - Setting next_dagrun for dataset_consumes_1_and_2 to None, run_after=None
[2024-05-11T15:23:46.525-0300] {logging_mixin.py:188} INFO - [2024-05-11T15:23:46.525-0300] {dag.py:3954} INFO - Setting next_dagrun for dataset_consumes_1_never_scheduled to None, run_after=None
[2024-05-11T15:23:46.527-0300] {logging_mixin.py:188} INFO - [2024-05-11T15:23:46.526-0300] {dag.py:3954} INFO - Setting next_dagrun for dataset_consumes_unknown_never_scheduled to None, run_after=None
[2024-05-11T15:23:46.529-0300] {logging_mixin.py:188} INFO - [2024-05-11T15:23:46.529-0300] {dag.py:3954} INFO - Setting next_dagrun for dataset_produces_1 to 2024-05-10 00:00:00+00:00, run_after=2024-05-11 00:00:00+00:00
[2024-05-11T15:23:46.531-0300] {logging_mixin.py:188} INFO - [2024-05-11T15:23:46.530-0300] {dag.py:3954} INFO - Setting next_dagrun for dataset_produces_2 to None, run_after=None
[2024-05-11T15:23:46.575-0300] {processor.py:183} INFO - Processing /home/patricia/Documentos/airflow/airflow_venv/lib/python3.10/site-packages/airflow/example_dags/example_datasets.py took 0.159 seconds
[2024-05-11T15:24:47.422-0300] {processor.py:161} INFO - Started process (PID=6604) to work on /home/patricia/Documentos/airflow/airflow_venv/lib/python3.10/site-packages/airflow/example_dags/example_datasets.py
[2024-05-11T15:24:47.433-0300] {processor.py:830} INFO - Processing file /home/patricia/Documentos/airflow/airflow_venv/lib/python3.10/site-packages/airflow/example_dags/example_datasets.py for tasks to queue
[2024-05-11T15:24:47.435-0300] {logging_mixin.py:188} INFO - [2024-05-11T15:24:47.435-0300] {dagbag.py:545} INFO - Filling up the DagBag from /home/patricia/Documentos/airflow/airflow_venv/lib/python3.10/site-packages/airflow/example_dags/example_datasets.py
[2024-05-11T15:24:47.452-0300] {processor.py:840} INFO - DAG(s) 'consume_1_and_2_with_dataset_expressions', 'dataset_consumes_unknown_never_scheduled', 'dataset_consumes_1_and_2', 'conditional_dataset_and_time_based_timetable', 'dataset_produces_2', 'dataset_consumes_1', 'dataset_produces_1', 'consume_1_or_both_2_and_3_with_dataset_expressions', 'dataset_consumes_1_never_scheduled', 'consume_1_or_2_with_dataset_expressions' retrieved from /home/patricia/Documentos/airflow/airflow_venv/lib/python3.10/site-packages/airflow/example_dags/example_datasets.py
[2024-05-11T15:24:47.508-0300] {logging_mixin.py:188} INFO - [2024-05-11T15:24:47.508-0300] {dag.py:3096} INFO - Sync 10 DAGs
[2024-05-11T15:24:47.548-0300] {logging_mixin.py:188} INFO - [2024-05-11T15:24:47.548-0300] {dag.py:3954} INFO - Setting next_dagrun for conditional_dataset_and_time_based_timetable to 2024-05-08 01:00:00+00:00, run_after=2024-05-08 01:00:00+00:00
[2024-05-11T15:24:47.552-0300] {logging_mixin.py:188} INFO - [2024-05-11T15:24:47.552-0300] {dag.py:3954} INFO - Setting next_dagrun for consume_1_and_2_with_dataset_expressions to None, run_after=None
[2024-05-11T15:24:47.554-0300] {logging_mixin.py:188} INFO - [2024-05-11T15:24:47.553-0300] {dag.py:3954} INFO - Setting next_dagrun for consume_1_or_2_with_dataset_expressions to None, run_after=None
[2024-05-11T15:24:47.555-0300] {logging_mixin.py:188} INFO - [2024-05-11T15:24:47.555-0300] {dag.py:3954} INFO - Setting next_dagrun for consume_1_or_both_2_and_3_with_dataset_expressions to None, run_after=None
[2024-05-11T15:24:47.557-0300] {logging_mixin.py:188} INFO - [2024-05-11T15:24:47.557-0300] {dag.py:3954} INFO - Setting next_dagrun for dataset_consumes_1 to None, run_after=None
[2024-05-11T15:24:47.559-0300] {logging_mixin.py:188} INFO - [2024-05-11T15:24:47.558-0300] {dag.py:3954} INFO - Setting next_dagrun for dataset_consumes_1_and_2 to None, run_after=None
[2024-05-11T15:24:47.559-0300] {logging_mixin.py:188} INFO - [2024-05-11T15:24:47.559-0300] {dag.py:3954} INFO - Setting next_dagrun for dataset_consumes_1_never_scheduled to None, run_after=None
[2024-05-11T15:24:47.560-0300] {logging_mixin.py:188} INFO - [2024-05-11T15:24:47.560-0300] {dag.py:3954} INFO - Setting next_dagrun for dataset_consumes_unknown_never_scheduled to None, run_after=None
[2024-05-11T15:24:47.563-0300] {logging_mixin.py:188} INFO - [2024-05-11T15:24:47.563-0300] {dag.py:3954} INFO - Setting next_dagrun for dataset_produces_1 to 2024-05-10 00:00:00+00:00, run_after=2024-05-11 00:00:00+00:00
[2024-05-11T15:24:47.564-0300] {logging_mixin.py:188} INFO - [2024-05-11T15:24:47.564-0300] {dag.py:3954} INFO - Setting next_dagrun for dataset_produces_2 to None, run_after=None
[2024-05-11T15:24:47.607-0300] {processor.py:183} INFO - Processing /home/patricia/Documentos/airflow/airflow_venv/lib/python3.10/site-packages/airflow/example_dags/example_datasets.py took 0.196 seconds
[2024-05-11T15:26:47.682-0300] {processor.py:161} INFO - Started process (PID=7562) to work on /home/patricia/Documentos/airflow/airflow_venv/lib/python3.10/site-packages/airflow/example_dags/example_datasets.py
[2024-05-11T15:26:47.708-0300] {processor.py:830} INFO - Processing file /home/patricia/Documentos/airflow/airflow_venv/lib/python3.10/site-packages/airflow/example_dags/example_datasets.py for tasks to queue
[2024-05-11T15:26:47.711-0300] {logging_mixin.py:188} INFO - [2024-05-11T15:26:47.711-0300] {dagbag.py:545} INFO - Filling up the DagBag from /home/patricia/Documentos/airflow/airflow_venv/lib/python3.10/site-packages/airflow/example_dags/example_datasets.py
[2024-05-11T15:26:47.728-0300] {processor.py:840} INFO - DAG(s) 'dataset_produces_1', 'consume_1_or_2_with_dataset_expressions', 'conditional_dataset_and_time_based_timetable', 'consume_1_and_2_with_dataset_expressions', 'consume_1_or_both_2_and_3_with_dataset_expressions', 'dataset_produces_2', 'dataset_consumes_1_and_2', 'dataset_consumes_1', 'dataset_consumes_unknown_never_scheduled', 'dataset_consumes_1_never_scheduled' retrieved from /home/patricia/Documentos/airflow/airflow_venv/lib/python3.10/site-packages/airflow/example_dags/example_datasets.py
[2024-05-11T15:26:48.009-0300] {logging_mixin.py:188} INFO - [2024-05-11T15:26:48.009-0300] {dag.py:3096} INFO - Sync 10 DAGs
[2024-05-11T15:26:48.029-0300] {logging_mixin.py:188} INFO - [2024-05-11T15:26:48.029-0300] {dag.py:3954} INFO - Setting next_dagrun for conditional_dataset_and_time_based_timetable to 2024-05-08 01:00:00+00:00, run_after=2024-05-08 01:00:00+00:00
[2024-05-11T15:26:48.033-0300] {logging_mixin.py:188} INFO - [2024-05-11T15:26:48.032-0300] {dag.py:3954} INFO - Setting next_dagrun for consume_1_and_2_with_dataset_expressions to None, run_after=None
[2024-05-11T15:26:48.037-0300] {logging_mixin.py:188} INFO - [2024-05-11T15:26:48.037-0300] {dag.py:3954} INFO - Setting next_dagrun for consume_1_or_2_with_dataset_expressions to None, run_after=None
[2024-05-11T15:26:48.039-0300] {logging_mixin.py:188} INFO - [2024-05-11T15:26:48.038-0300] {dag.py:3954} INFO - Setting next_dagrun for consume_1_or_both_2_and_3_with_dataset_expressions to None, run_after=None
[2024-05-11T15:26:48.040-0300] {logging_mixin.py:188} INFO - [2024-05-11T15:26:48.040-0300] {dag.py:3954} INFO - Setting next_dagrun for dataset_consumes_1 to None, run_after=None
[2024-05-11T15:26:48.041-0300] {logging_mixin.py:188} INFO - [2024-05-11T15:26:48.041-0300] {dag.py:3954} INFO - Setting next_dagrun for dataset_consumes_1_and_2 to None, run_after=None
[2024-05-11T15:26:48.042-0300] {logging_mixin.py:188} INFO - [2024-05-11T15:26:48.042-0300] {dag.py:3954} INFO - Setting next_dagrun for dataset_consumes_1_never_scheduled to None, run_after=None
[2024-05-11T15:26:48.043-0300] {logging_mixin.py:188} INFO - [2024-05-11T15:26:48.043-0300] {dag.py:3954} INFO - Setting next_dagrun for dataset_consumes_unknown_never_scheduled to None, run_after=None
[2024-05-11T15:26:48.046-0300] {logging_mixin.py:188} INFO - [2024-05-11T15:26:48.045-0300] {dag.py:3954} INFO - Setting next_dagrun for dataset_produces_1 to 2024-05-10 00:00:00+00:00, run_after=2024-05-11 00:00:00+00:00
[2024-05-11T15:26:48.047-0300] {logging_mixin.py:188} INFO - [2024-05-11T15:26:48.046-0300] {dag.py:3954} INFO - Setting next_dagrun for dataset_produces_2 to None, run_after=None
[2024-05-11T15:26:48.093-0300] {processor.py:183} INFO - Processing /home/patricia/Documentos/airflow/airflow_venv/lib/python3.10/site-packages/airflow/example_dags/example_datasets.py took 0.420 seconds
[2024-05-11T15:28:21.380-0300] {processor.py:161} INFO - Started process (PID=7752) to work on /home/patricia/Documentos/airflow/airflow_venv/lib/python3.10/site-packages/airflow/example_dags/example_datasets.py
[2024-05-11T15:28:21.406-0300] {processor.py:830} INFO - Processing file /home/patricia/Documentos/airflow/airflow_venv/lib/python3.10/site-packages/airflow/example_dags/example_datasets.py for tasks to queue
[2024-05-11T15:28:21.410-0300] {logging_mixin.py:188} INFO - [2024-05-11T15:28:21.409-0300] {dagbag.py:545} INFO - Filling up the DagBag from /home/patricia/Documentos/airflow/airflow_venv/lib/python3.10/site-packages/airflow/example_dags/example_datasets.py
[2024-05-11T15:28:21.448-0300] {processor.py:840} INFO - DAG(s) 'consume_1_or_both_2_and_3_with_dataset_expressions', 'dataset_consumes_1_and_2', 'consume_1_or_2_with_dataset_expressions', 'dataset_produces_2', 'consume_1_and_2_with_dataset_expressions', 'dataset_consumes_unknown_never_scheduled', 'conditional_dataset_and_time_based_timetable', 'dataset_consumes_1_never_scheduled', 'dataset_consumes_1', 'dataset_produces_1' retrieved from /home/patricia/Documentos/airflow/airflow_venv/lib/python3.10/site-packages/airflow/example_dags/example_datasets.py
[2024-05-11T15:28:21.548-0300] {logging_mixin.py:188} INFO - [2024-05-11T15:28:21.546-0300] {dag.py:3096} INFO - Sync 10 DAGs
[2024-05-11T15:28:21.751-0300] {logging_mixin.py:188} INFO - [2024-05-11T15:28:21.751-0300] {dag.py:3954} INFO - Setting next_dagrun for conditional_dataset_and_time_based_timetable to 2024-05-08 01:00:00+00:00, run_after=2024-05-08 01:00:00+00:00
[2024-05-11T15:28:21.756-0300] {logging_mixin.py:188} INFO - [2024-05-11T15:28:21.756-0300] {dag.py:3954} INFO - Setting next_dagrun for consume_1_and_2_with_dataset_expressions to None, run_after=None
[2024-05-11T15:28:21.758-0300] {logging_mixin.py:188} INFO - [2024-05-11T15:28:21.758-0300] {dag.py:3954} INFO - Setting next_dagrun for consume_1_or_2_with_dataset_expressions to None, run_after=None
[2024-05-11T15:28:21.759-0300] {logging_mixin.py:188} INFO - [2024-05-11T15:28:21.759-0300] {dag.py:3954} INFO - Setting next_dagrun for consume_1_or_both_2_and_3_with_dataset_expressions to None, run_after=None
[2024-05-11T15:28:21.761-0300] {logging_mixin.py:188} INFO - [2024-05-11T15:28:21.761-0300] {dag.py:3954} INFO - Setting next_dagrun for dataset_consumes_1 to None, run_after=None
[2024-05-11T15:28:21.763-0300] {logging_mixin.py:188} INFO - [2024-05-11T15:28:21.762-0300] {dag.py:3954} INFO - Setting next_dagrun for dataset_consumes_1_and_2 to None, run_after=None
[2024-05-11T15:28:21.764-0300] {logging_mixin.py:188} INFO - [2024-05-11T15:28:21.764-0300] {dag.py:3954} INFO - Setting next_dagrun for dataset_consumes_1_never_scheduled to None, run_after=None
[2024-05-11T15:28:21.765-0300] {logging_mixin.py:188} INFO - [2024-05-11T15:28:21.765-0300] {dag.py:3954} INFO - Setting next_dagrun for dataset_consumes_unknown_never_scheduled to None, run_after=None
[2024-05-11T15:28:21.768-0300] {logging_mixin.py:188} INFO - [2024-05-11T15:28:21.768-0300] {dag.py:3954} INFO - Setting next_dagrun for dataset_produces_1 to 2024-05-10 00:00:00+00:00, run_after=2024-05-11 00:00:00+00:00
[2024-05-11T15:28:21.770-0300] {logging_mixin.py:188} INFO - [2024-05-11T15:28:21.769-0300] {dag.py:3954} INFO - Setting next_dagrun for dataset_produces_2 to None, run_after=None
[2024-05-11T15:28:21.866-0300] {processor.py:183} INFO - Processing /home/patricia/Documentos/airflow/airflow_venv/lib/python3.10/site-packages/airflow/example_dags/example_datasets.py took 0.495 seconds
[2024-05-11T15:29:40.395-0300] {processor.py:161} INFO - Started process (PID=7907) to work on /home/patricia/Documentos/airflow/airflow_venv/lib/python3.10/site-packages/airflow/example_dags/example_datasets.py
[2024-05-11T15:29:40.402-0300] {processor.py:830} INFO - Processing file /home/patricia/Documentos/airflow/airflow_venv/lib/python3.10/site-packages/airflow/example_dags/example_datasets.py for tasks to queue
[2024-05-11T15:29:40.418-0300] {logging_mixin.py:188} INFO - [2024-05-11T15:29:40.416-0300] {dagbag.py:545} INFO - Filling up the DagBag from /home/patricia/Documentos/airflow/airflow_venv/lib/python3.10/site-packages/airflow/example_dags/example_datasets.py
[2024-05-11T15:29:40.474-0300] {processor.py:840} INFO - DAG(s) 'conditional_dataset_and_time_based_timetable', 'dataset_consumes_1', 'dataset_consumes_unknown_never_scheduled', 'consume_1_and_2_with_dataset_expressions', 'dataset_produces_2', 'dataset_consumes_1_never_scheduled', 'consume_1_or_both_2_and_3_with_dataset_expressions', 'dataset_produces_1', 'consume_1_or_2_with_dataset_expressions', 'dataset_consumes_1_and_2' retrieved from /home/patricia/Documentos/airflow/airflow_venv/lib/python3.10/site-packages/airflow/example_dags/example_datasets.py
[2024-05-11T15:29:40.607-0300] {logging_mixin.py:188} INFO - [2024-05-11T15:29:40.607-0300] {dag.py:3096} INFO - Sync 10 DAGs
[2024-05-11T15:29:40.750-0300] {logging_mixin.py:188} INFO - [2024-05-11T15:29:40.750-0300] {dag.py:3954} INFO - Setting next_dagrun for conditional_dataset_and_time_based_timetable to 2024-05-08 01:00:00+00:00, run_after=2024-05-08 01:00:00+00:00
[2024-05-11T15:29:40.765-0300] {logging_mixin.py:188} INFO - [2024-05-11T15:29:40.764-0300] {dag.py:3954} INFO - Setting next_dagrun for consume_1_and_2_with_dataset_expressions to None, run_after=None
[2024-05-11T15:29:40.767-0300] {logging_mixin.py:188} INFO - [2024-05-11T15:29:40.767-0300] {dag.py:3954} INFO - Setting next_dagrun for consume_1_or_2_with_dataset_expressions to None, run_after=None
[2024-05-11T15:29:40.769-0300] {logging_mixin.py:188} INFO - [2024-05-11T15:29:40.768-0300] {dag.py:3954} INFO - Setting next_dagrun for consume_1_or_both_2_and_3_with_dataset_expressions to None, run_after=None
[2024-05-11T15:29:40.770-0300] {logging_mixin.py:188} INFO - [2024-05-11T15:29:40.770-0300] {dag.py:3954} INFO - Setting next_dagrun for dataset_consumes_1 to None, run_after=None
[2024-05-11T15:29:40.779-0300] {logging_mixin.py:188} INFO - [2024-05-11T15:29:40.778-0300] {dag.py:3954} INFO - Setting next_dagrun for dataset_consumes_1_and_2 to None, run_after=None
[2024-05-11T15:29:40.783-0300] {logging_mixin.py:188} INFO - [2024-05-11T15:29:40.783-0300] {dag.py:3954} INFO - Setting next_dagrun for dataset_consumes_1_never_scheduled to None, run_after=None
[2024-05-11T15:29:40.785-0300] {logging_mixin.py:188} INFO - [2024-05-11T15:29:40.785-0300] {dag.py:3954} INFO - Setting next_dagrun for dataset_consumes_unknown_never_scheduled to None, run_after=None
[2024-05-11T15:29:40.832-0300] {logging_mixin.py:188} INFO - [2024-05-11T15:29:40.832-0300] {dag.py:3954} INFO - Setting next_dagrun for dataset_produces_1 to 2024-05-10 00:00:00+00:00, run_after=2024-05-11 00:00:00+00:00
[2024-05-11T15:29:40.842-0300] {logging_mixin.py:188} INFO - [2024-05-11T15:29:40.839-0300] {dag.py:3954} INFO - Setting next_dagrun for dataset_produces_2 to None, run_after=None
[2024-05-11T15:29:40.939-0300] {processor.py:183} INFO - Processing /home/patricia/Documentos/airflow/airflow_venv/lib/python3.10/site-packages/airflow/example_dags/example_datasets.py took 0.555 seconds
[2024-05-11T15:30:57.254-0300] {processor.py:161} INFO - Started process (PID=8075) to work on /home/patricia/Documentos/airflow/airflow_venv/lib/python3.10/site-packages/airflow/example_dags/example_datasets.py
[2024-05-11T15:30:57.299-0300] {processor.py:830} INFO - Processing file /home/patricia/Documentos/airflow/airflow_venv/lib/python3.10/site-packages/airflow/example_dags/example_datasets.py for tasks to queue
[2024-05-11T15:30:57.302-0300] {logging_mixin.py:188} INFO - [2024-05-11T15:30:57.302-0300] {dagbag.py:545} INFO - Filling up the DagBag from /home/patricia/Documentos/airflow/airflow_venv/lib/python3.10/site-packages/airflow/example_dags/example_datasets.py
[2024-05-11T15:30:57.327-0300] {processor.py:840} INFO - DAG(s) 'dataset_consumes_1_never_scheduled', 'conditional_dataset_and_time_based_timetable', 'dataset_produces_2', 'consume_1_and_2_with_dataset_expressions', 'dataset_consumes_unknown_never_scheduled', 'dataset_consumes_1', 'consume_1_or_2_with_dataset_expressions', 'consume_1_or_both_2_and_3_with_dataset_expressions', 'dataset_produces_1', 'dataset_consumes_1_and_2' retrieved from /home/patricia/Documentos/airflow/airflow_venv/lib/python3.10/site-packages/airflow/example_dags/example_datasets.py
[2024-05-11T15:30:57.411-0300] {logging_mixin.py:188} INFO - [2024-05-11T15:30:57.410-0300] {dag.py:3096} INFO - Sync 10 DAGs
[2024-05-11T15:30:57.448-0300] {logging_mixin.py:188} INFO - [2024-05-11T15:30:57.447-0300] {dag.py:3954} INFO - Setting next_dagrun for conditional_dataset_and_time_based_timetable to 2024-05-08 01:00:00+00:00, run_after=2024-05-08 01:00:00+00:00
[2024-05-11T15:30:57.469-0300] {logging_mixin.py:188} INFO - [2024-05-11T15:30:57.468-0300] {dag.py:3954} INFO - Setting next_dagrun for consume_1_and_2_with_dataset_expressions to None, run_after=None
[2024-05-11T15:30:57.470-0300] {logging_mixin.py:188} INFO - [2024-05-11T15:30:57.470-0300] {dag.py:3954} INFO - Setting next_dagrun for consume_1_or_2_with_dataset_expressions to None, run_after=None
[2024-05-11T15:30:57.472-0300] {logging_mixin.py:188} INFO - [2024-05-11T15:30:57.472-0300] {dag.py:3954} INFO - Setting next_dagrun for consume_1_or_both_2_and_3_with_dataset_expressions to None, run_after=None
[2024-05-11T15:30:57.476-0300] {logging_mixin.py:188} INFO - [2024-05-11T15:30:57.475-0300] {dag.py:3954} INFO - Setting next_dagrun for dataset_consumes_1 to None, run_after=None
[2024-05-11T15:30:57.478-0300] {logging_mixin.py:188} INFO - [2024-05-11T15:30:57.478-0300] {dag.py:3954} INFO - Setting next_dagrun for dataset_consumes_1_and_2 to None, run_after=None
[2024-05-11T15:30:57.480-0300] {logging_mixin.py:188} INFO - [2024-05-11T15:30:57.480-0300] {dag.py:3954} INFO - Setting next_dagrun for dataset_consumes_1_never_scheduled to None, run_after=None
[2024-05-11T15:30:57.481-0300] {logging_mixin.py:188} INFO - [2024-05-11T15:30:57.481-0300] {dag.py:3954} INFO - Setting next_dagrun for dataset_consumes_unknown_never_scheduled to None, run_after=None
[2024-05-11T15:30:57.484-0300] {logging_mixin.py:188} INFO - [2024-05-11T15:30:57.484-0300] {dag.py:3954} INFO - Setting next_dagrun for dataset_produces_1 to 2024-05-10 00:00:00+00:00, run_after=2024-05-11 00:00:00+00:00
[2024-05-11T15:30:57.486-0300] {logging_mixin.py:188} INFO - [2024-05-11T15:30:57.485-0300] {dag.py:3954} INFO - Setting next_dagrun for dataset_produces_2 to None, run_after=None
[2024-05-11T15:30:57.562-0300] {processor.py:183} INFO - Processing /home/patricia/Documentos/airflow/airflow_venv/lib/python3.10/site-packages/airflow/example_dags/example_datasets.py took 0.317 seconds
[2024-05-11T15:32:02.270-0300] {processor.py:161} INFO - Started process (PID=8293) to work on /home/patricia/Documentos/airflow/airflow_venv/lib/python3.10/site-packages/airflow/example_dags/example_datasets.py
[2024-05-11T15:32:02.278-0300] {processor.py:830} INFO - Processing file /home/patricia/Documentos/airflow/airflow_venv/lib/python3.10/site-packages/airflow/example_dags/example_datasets.py for tasks to queue
[2024-05-11T15:32:02.282-0300] {logging_mixin.py:188} INFO - [2024-05-11T15:32:02.281-0300] {dagbag.py:545} INFO - Filling up the DagBag from /home/patricia/Documentos/airflow/airflow_venv/lib/python3.10/site-packages/airflow/example_dags/example_datasets.py
[2024-05-11T15:32:02.310-0300] {processor.py:840} INFO - DAG(s) 'dataset_consumes_1_and_2', 'conditional_dataset_and_time_based_timetable', 'consume_1_or_both_2_and_3_with_dataset_expressions', 'dataset_produces_2', 'dataset_consumes_1_never_scheduled', 'dataset_consumes_1', 'consume_1_or_2_with_dataset_expressions', 'dataset_consumes_unknown_never_scheduled', 'dataset_produces_1', 'consume_1_and_2_with_dataset_expressions' retrieved from /home/patricia/Documentos/airflow/airflow_venv/lib/python3.10/site-packages/airflow/example_dags/example_datasets.py
[2024-05-11T15:32:02.390-0300] {logging_mixin.py:188} INFO - [2024-05-11T15:32:02.389-0300] {dag.py:3096} INFO - Sync 10 DAGs
[2024-05-11T15:32:02.442-0300] {logging_mixin.py:188} INFO - [2024-05-11T15:32:02.442-0300] {dag.py:3954} INFO - Setting next_dagrun for conditional_dataset_and_time_based_timetable to 2024-05-08 01:00:00+00:00, run_after=2024-05-08 01:00:00+00:00
[2024-05-11T15:32:02.456-0300] {logging_mixin.py:188} INFO - [2024-05-11T15:32:02.456-0300] {dag.py:3954} INFO - Setting next_dagrun for consume_1_and_2_with_dataset_expressions to None, run_after=None
[2024-05-11T15:32:02.469-0300] {logging_mixin.py:188} INFO - [2024-05-11T15:32:02.469-0300] {dag.py:3954} INFO - Setting next_dagrun for consume_1_or_2_with_dataset_expressions to None, run_after=None
[2024-05-11T15:32:02.473-0300] {logging_mixin.py:188} INFO - [2024-05-11T15:32:02.472-0300] {dag.py:3954} INFO - Setting next_dagrun for consume_1_or_both_2_and_3_with_dataset_expressions to None, run_after=None
[2024-05-11T15:32:02.476-0300] {logging_mixin.py:188} INFO - [2024-05-11T15:32:02.476-0300] {dag.py:3954} INFO - Setting next_dagrun for dataset_consumes_1 to None, run_after=None
[2024-05-11T15:32:02.479-0300] {logging_mixin.py:188} INFO - [2024-05-11T15:32:02.479-0300] {dag.py:3954} INFO - Setting next_dagrun for dataset_consumes_1_and_2 to None, run_after=None
[2024-05-11T15:32:02.491-0300] {logging_mixin.py:188} INFO - [2024-05-11T15:32:02.491-0300] {dag.py:3954} INFO - Setting next_dagrun for dataset_consumes_1_never_scheduled to None, run_after=None
[2024-05-11T15:32:02.494-0300] {logging_mixin.py:188} INFO - [2024-05-11T15:32:02.493-0300] {dag.py:3954} INFO - Setting next_dagrun for dataset_consumes_unknown_never_scheduled to None, run_after=None
[2024-05-11T15:32:02.505-0300] {logging_mixin.py:188} INFO - [2024-05-11T15:32:02.504-0300] {dag.py:3954} INFO - Setting next_dagrun for dataset_produces_1 to 2024-05-10 00:00:00+00:00, run_after=2024-05-11 00:00:00+00:00
[2024-05-11T15:32:02.536-0300] {logging_mixin.py:188} INFO - [2024-05-11T15:32:02.536-0300] {dag.py:3954} INFO - Setting next_dagrun for dataset_produces_2 to None, run_after=None
[2024-05-11T15:32:02.655-0300] {processor.py:183} INFO - Processing /home/patricia/Documentos/airflow/airflow_venv/lib/python3.10/site-packages/airflow/example_dags/example_datasets.py took 0.398 seconds
[2024-05-11T15:33:05.814-0300] {processor.py:161} INFO - Started process (PID=8640) to work on /home/patricia/Documentos/airflow/airflow_venv/lib/python3.10/site-packages/airflow/example_dags/example_datasets.py
[2024-05-11T15:33:05.818-0300] {processor.py:830} INFO - Processing file /home/patricia/Documentos/airflow/airflow_venv/lib/python3.10/site-packages/airflow/example_dags/example_datasets.py for tasks to queue
[2024-05-11T15:33:05.820-0300] {logging_mixin.py:188} INFO - [2024-05-11T15:33:05.820-0300] {dagbag.py:545} INFO - Filling up the DagBag from /home/patricia/Documentos/airflow/airflow_venv/lib/python3.10/site-packages/airflow/example_dags/example_datasets.py
[2024-05-11T15:33:05.840-0300] {processor.py:840} INFO - DAG(s) 'dataset_consumes_1', 'conditional_dataset_and_time_based_timetable', 'dataset_consumes_1_and_2', 'dataset_produces_2', 'consume_1_and_2_with_dataset_expressions', 'dataset_consumes_1_never_scheduled', 'consume_1_or_both_2_and_3_with_dataset_expressions', 'consume_1_or_2_with_dataset_expressions', 'dataset_produces_1', 'dataset_consumes_unknown_never_scheduled' retrieved from /home/patricia/Documentos/airflow/airflow_venv/lib/python3.10/site-packages/airflow/example_dags/example_datasets.py
[2024-05-11T15:33:05.890-0300] {logging_mixin.py:188} INFO - [2024-05-11T15:33:05.890-0300] {dag.py:3096} INFO - Sync 10 DAGs
[2024-05-11T15:33:05.915-0300] {logging_mixin.py:188} INFO - [2024-05-11T15:33:05.915-0300] {dag.py:3954} INFO - Setting next_dagrun for conditional_dataset_and_time_based_timetable to 2024-05-08 01:00:00+00:00, run_after=2024-05-08 01:00:00+00:00
[2024-05-11T15:33:05.919-0300] {logging_mixin.py:188} INFO - [2024-05-11T15:33:05.919-0300] {dag.py:3954} INFO - Setting next_dagrun for consume_1_and_2_with_dataset_expressions to None, run_after=None
[2024-05-11T15:33:05.920-0300] {logging_mixin.py:188} INFO - [2024-05-11T15:33:05.920-0300] {dag.py:3954} INFO - Setting next_dagrun for consume_1_or_2_with_dataset_expressions to None, run_after=None
[2024-05-11T15:33:05.921-0300] {logging_mixin.py:188} INFO - [2024-05-11T15:33:05.921-0300] {dag.py:3954} INFO - Setting next_dagrun for consume_1_or_both_2_and_3_with_dataset_expressions to None, run_after=None
[2024-05-11T15:33:05.923-0300] {logging_mixin.py:188} INFO - [2024-05-11T15:33:05.923-0300] {dag.py:3954} INFO - Setting next_dagrun for dataset_consumes_1 to None, run_after=None
[2024-05-11T15:33:05.924-0300] {logging_mixin.py:188} INFO - [2024-05-11T15:33:05.924-0300] {dag.py:3954} INFO - Setting next_dagrun for dataset_consumes_1_and_2 to None, run_after=None
[2024-05-11T15:33:05.925-0300] {logging_mixin.py:188} INFO - [2024-05-11T15:33:05.925-0300] {dag.py:3954} INFO - Setting next_dagrun for dataset_consumes_1_never_scheduled to None, run_after=None
[2024-05-11T15:33:05.927-0300] {logging_mixin.py:188} INFO - [2024-05-11T15:33:05.927-0300] {dag.py:3954} INFO - Setting next_dagrun for dataset_consumes_unknown_never_scheduled to None, run_after=None
[2024-05-11T15:33:05.929-0300] {logging_mixin.py:188} INFO - [2024-05-11T15:33:05.929-0300] {dag.py:3954} INFO - Setting next_dagrun for dataset_produces_1 to 2024-05-10 00:00:00+00:00, run_after=2024-05-11 00:00:00+00:00
[2024-05-11T15:33:05.931-0300] {logging_mixin.py:188} INFO - [2024-05-11T15:33:05.930-0300] {dag.py:3954} INFO - Setting next_dagrun for dataset_produces_2 to None, run_after=None
[2024-05-11T15:33:05.987-0300] {processor.py:183} INFO - Processing /home/patricia/Documentos/airflow/airflow_venv/lib/python3.10/site-packages/airflow/example_dags/example_datasets.py took 0.183 seconds
[2024-05-11T15:34:20.789-0300] {processor.py:161} INFO - Started process (PID=9279) to work on /home/patricia/Documentos/airflow/airflow_venv/lib/python3.10/site-packages/airflow/example_dags/example_datasets.py
[2024-05-11T15:34:20.791-0300] {processor.py:830} INFO - Processing file /home/patricia/Documentos/airflow/airflow_venv/lib/python3.10/site-packages/airflow/example_dags/example_datasets.py for tasks to queue
[2024-05-11T15:34:20.794-0300] {logging_mixin.py:188} INFO - [2024-05-11T15:34:20.793-0300] {dagbag.py:545} INFO - Filling up the DagBag from /home/patricia/Documentos/airflow/airflow_venv/lib/python3.10/site-packages/airflow/example_dags/example_datasets.py
[2024-05-11T15:34:20.822-0300] {processor.py:840} INFO - DAG(s) 'dataset_consumes_1_never_scheduled', 'consume_1_and_2_with_dataset_expressions', 'conditional_dataset_and_time_based_timetable', 'dataset_produces_1', 'dataset_produces_2', 'dataset_consumes_1', 'dataset_consumes_unknown_never_scheduled', 'consume_1_or_both_2_and_3_with_dataset_expressions', 'consume_1_or_2_with_dataset_expressions', 'dataset_consumes_1_and_2' retrieved from /home/patricia/Documentos/airflow/airflow_venv/lib/python3.10/site-packages/airflow/example_dags/example_datasets.py
[2024-05-11T15:34:20.886-0300] {logging_mixin.py:188} INFO - [2024-05-11T15:34:20.886-0300] {dag.py:3096} INFO - Sync 10 DAGs
[2024-05-11T15:34:20.918-0300] {logging_mixin.py:188} INFO - [2024-05-11T15:34:20.918-0300] {dag.py:3954} INFO - Setting next_dagrun for conditional_dataset_and_time_based_timetable to 2024-05-08 01:00:00+00:00, run_after=2024-05-08 01:00:00+00:00
[2024-05-11T15:34:20.923-0300] {logging_mixin.py:188} INFO - [2024-05-11T15:34:20.923-0300] {dag.py:3954} INFO - Setting next_dagrun for consume_1_and_2_with_dataset_expressions to None, run_after=None
[2024-05-11T15:34:20.924-0300] {logging_mixin.py:188} INFO - [2024-05-11T15:34:20.924-0300] {dag.py:3954} INFO - Setting next_dagrun for consume_1_or_2_with_dataset_expressions to None, run_after=None
[2024-05-11T15:34:20.926-0300] {logging_mixin.py:188} INFO - [2024-05-11T15:34:20.926-0300] {dag.py:3954} INFO - Setting next_dagrun for consume_1_or_both_2_and_3_with_dataset_expressions to None, run_after=None
[2024-05-11T15:34:20.928-0300] {logging_mixin.py:188} INFO - [2024-05-11T15:34:20.927-0300] {dag.py:3954} INFO - Setting next_dagrun for dataset_consumes_1 to None, run_after=None
[2024-05-11T15:34:20.930-0300] {logging_mixin.py:188} INFO - [2024-05-11T15:34:20.929-0300] {dag.py:3954} INFO - Setting next_dagrun for dataset_consumes_1_and_2 to None, run_after=None
[2024-05-11T15:34:20.931-0300] {logging_mixin.py:188} INFO - [2024-05-11T15:34:20.931-0300] {dag.py:3954} INFO - Setting next_dagrun for dataset_consumes_1_never_scheduled to None, run_after=None
[2024-05-11T15:34:20.933-0300] {logging_mixin.py:188} INFO - [2024-05-11T15:34:20.932-0300] {dag.py:3954} INFO - Setting next_dagrun for dataset_consumes_unknown_never_scheduled to None, run_after=None
[2024-05-11T15:34:20.935-0300] {logging_mixin.py:188} INFO - [2024-05-11T15:34:20.935-0300] {dag.py:3954} INFO - Setting next_dagrun for dataset_produces_1 to 2024-05-10 00:00:00+00:00, run_after=2024-05-11 00:00:00+00:00
[2024-05-11T15:34:20.937-0300] {logging_mixin.py:188} INFO - [2024-05-11T15:34:20.937-0300] {dag.py:3954} INFO - Setting next_dagrun for dataset_produces_2 to None, run_after=None
[2024-05-11T15:34:21.000-0300] {processor.py:183} INFO - Processing /home/patricia/Documentos/airflow/airflow_venv/lib/python3.10/site-packages/airflow/example_dags/example_datasets.py took 0.235 seconds
[2024-05-11T15:35:37.125-0300] {processor.py:161} INFO - Started process (PID=9515) to work on /home/patricia/Documentos/airflow/airflow_venv/lib/python3.10/site-packages/airflow/example_dags/example_datasets.py
[2024-05-11T15:35:37.130-0300] {processor.py:830} INFO - Processing file /home/patricia/Documentos/airflow/airflow_venv/lib/python3.10/site-packages/airflow/example_dags/example_datasets.py for tasks to queue
[2024-05-11T15:35:37.135-0300] {logging_mixin.py:188} INFO - [2024-05-11T15:35:37.134-0300] {dagbag.py:545} INFO - Filling up the DagBag from /home/patricia/Documentos/airflow/airflow_venv/lib/python3.10/site-packages/airflow/example_dags/example_datasets.py
[2024-05-11T15:35:37.176-0300] {processor.py:840} INFO - DAG(s) 'consume_1_or_both_2_and_3_with_dataset_expressions', 'dataset_produces_1', 'dataset_consumes_1_and_2', 'consume_1_or_2_with_dataset_expressions', 'consume_1_and_2_with_dataset_expressions', 'dataset_consumes_unknown_never_scheduled', 'dataset_consumes_1_never_scheduled', 'dataset_produces_2', 'conditional_dataset_and_time_based_timetable', 'dataset_consumes_1' retrieved from /home/patricia/Documentos/airflow/airflow_venv/lib/python3.10/site-packages/airflow/example_dags/example_datasets.py
[2024-05-11T15:35:37.325-0300] {logging_mixin.py:188} INFO - [2024-05-11T15:35:37.324-0300] {dag.py:3096} INFO - Sync 10 DAGs
[2024-05-11T15:35:37.392-0300] {logging_mixin.py:188} INFO - [2024-05-11T15:35:37.391-0300] {dag.py:3954} INFO - Setting next_dagrun for conditional_dataset_and_time_based_timetable to 2024-05-08 01:00:00+00:00, run_after=2024-05-08 01:00:00+00:00
[2024-05-11T15:35:37.403-0300] {logging_mixin.py:188} INFO - [2024-05-11T15:35:37.402-0300] {dag.py:3954} INFO - Setting next_dagrun for consume_1_and_2_with_dataset_expressions to None, run_after=None
[2024-05-11T15:35:37.406-0300] {logging_mixin.py:188} INFO - [2024-05-11T15:35:37.405-0300] {dag.py:3954} INFO - Setting next_dagrun for consume_1_or_2_with_dataset_expressions to None, run_after=None
[2024-05-11T15:35:37.408-0300] {logging_mixin.py:188} INFO - [2024-05-11T15:35:37.408-0300] {dag.py:3954} INFO - Setting next_dagrun for consume_1_or_both_2_and_3_with_dataset_expressions to None, run_after=None
[2024-05-11T15:35:37.411-0300] {logging_mixin.py:188} INFO - [2024-05-11T15:35:37.411-0300] {dag.py:3954} INFO - Setting next_dagrun for dataset_consumes_1 to None, run_after=None
[2024-05-11T15:35:37.416-0300] {logging_mixin.py:188} INFO - [2024-05-11T15:35:37.415-0300] {dag.py:3954} INFO - Setting next_dagrun for dataset_consumes_1_and_2 to None, run_after=None
[2024-05-11T15:35:37.420-0300] {logging_mixin.py:188} INFO - [2024-05-11T15:35:37.419-0300] {dag.py:3954} INFO - Setting next_dagrun for dataset_consumes_1_never_scheduled to None, run_after=None
[2024-05-11T15:35:37.423-0300] {logging_mixin.py:188} INFO - [2024-05-11T15:35:37.423-0300] {dag.py:3954} INFO - Setting next_dagrun for dataset_consumes_unknown_never_scheduled to None, run_after=None
[2024-05-11T15:35:37.428-0300] {logging_mixin.py:188} INFO - [2024-05-11T15:35:37.427-0300] {dag.py:3954} INFO - Setting next_dagrun for dataset_produces_1 to 2024-05-10 00:00:00+00:00, run_after=2024-05-11 00:00:00+00:00
[2024-05-11T15:35:37.432-0300] {logging_mixin.py:188} INFO - [2024-05-11T15:35:37.431-0300] {dag.py:3954} INFO - Setting next_dagrun for dataset_produces_2 to None, run_after=None
[2024-05-11T15:35:37.561-0300] {processor.py:183} INFO - Processing /home/patricia/Documentos/airflow/airflow_venv/lib/python3.10/site-packages/airflow/example_dags/example_datasets.py took 0.455 seconds
[2024-05-11T15:36:56.765-0300] {processor.py:161} INFO - Started process (PID=9704) to work on /home/patricia/Documentos/airflow/airflow_venv/lib/python3.10/site-packages/airflow/example_dags/example_datasets.py
[2024-05-11T15:36:56.798-0300] {processor.py:830} INFO - Processing file /home/patricia/Documentos/airflow/airflow_venv/lib/python3.10/site-packages/airflow/example_dags/example_datasets.py for tasks to queue
[2024-05-11T15:36:56.806-0300] {logging_mixin.py:188} INFO - [2024-05-11T15:36:56.805-0300] {dagbag.py:545} INFO - Filling up the DagBag from /home/patricia/Documentos/airflow/airflow_venv/lib/python3.10/site-packages/airflow/example_dags/example_datasets.py
[2024-05-11T15:36:56.841-0300] {processor.py:840} INFO - DAG(s) 'dataset_produces_1', 'dataset_consumes_1_and_2', 'dataset_produces_2', 'conditional_dataset_and_time_based_timetable', 'consume_1_and_2_with_dataset_expressions', 'consume_1_or_2_with_dataset_expressions', 'consume_1_or_both_2_and_3_with_dataset_expressions', 'dataset_consumes_unknown_never_scheduled', 'dataset_consumes_1_never_scheduled', 'dataset_consumes_1' retrieved from /home/patricia/Documentos/airflow/airflow_venv/lib/python3.10/site-packages/airflow/example_dags/example_datasets.py
[2024-05-11T15:36:56.973-0300] {logging_mixin.py:188} INFO - [2024-05-11T15:36:56.972-0300] {dag.py:3096} INFO - Sync 10 DAGs
[2024-05-11T15:36:57.089-0300] {logging_mixin.py:188} INFO - [2024-05-11T15:36:57.088-0300] {dag.py:3954} INFO - Setting next_dagrun for conditional_dataset_and_time_based_timetable to 2024-05-08 01:00:00+00:00, run_after=2024-05-08 01:00:00+00:00
[2024-05-11T15:36:57.108-0300] {logging_mixin.py:188} INFO - [2024-05-11T15:36:57.107-0300] {dag.py:3954} INFO - Setting next_dagrun for consume_1_and_2_with_dataset_expressions to None, run_after=None
[2024-05-11T15:36:57.113-0300] {logging_mixin.py:188} INFO - [2024-05-11T15:36:57.111-0300] {dag.py:3954} INFO - Setting next_dagrun for consume_1_or_2_with_dataset_expressions to None, run_after=None
[2024-05-11T15:36:57.117-0300] {logging_mixin.py:188} INFO - [2024-05-11T15:36:57.117-0300] {dag.py:3954} INFO - Setting next_dagrun for consume_1_or_both_2_and_3_with_dataset_expressions to None, run_after=None
[2024-05-11T15:36:57.121-0300] {logging_mixin.py:188} INFO - [2024-05-11T15:36:57.120-0300] {dag.py:3954} INFO - Setting next_dagrun for dataset_consumes_1 to None, run_after=None
[2024-05-11T15:36:57.123-0300] {logging_mixin.py:188} INFO - [2024-05-11T15:36:57.123-0300] {dag.py:3954} INFO - Setting next_dagrun for dataset_consumes_1_and_2 to None, run_after=None
[2024-05-11T15:36:57.125-0300] {logging_mixin.py:188} INFO - [2024-05-11T15:36:57.125-0300] {dag.py:3954} INFO - Setting next_dagrun for dataset_consumes_1_never_scheduled to None, run_after=None
[2024-05-11T15:36:57.137-0300] {logging_mixin.py:188} INFO - [2024-05-11T15:36:57.137-0300] {dag.py:3954} INFO - Setting next_dagrun for dataset_consumes_unknown_never_scheduled to None, run_after=None
[2024-05-11T15:36:57.142-0300] {logging_mixin.py:188} INFO - [2024-05-11T15:36:57.142-0300] {dag.py:3954} INFO - Setting next_dagrun for dataset_produces_1 to 2024-05-10 00:00:00+00:00, run_after=2024-05-11 00:00:00+00:00
[2024-05-11T15:36:57.144-0300] {logging_mixin.py:188} INFO - [2024-05-11T15:36:57.144-0300] {dag.py:3954} INFO - Setting next_dagrun for dataset_produces_2 to None, run_after=None
[2024-05-11T15:36:57.256-0300] {processor.py:183} INFO - Processing /home/patricia/Documentos/airflow/airflow_venv/lib/python3.10/site-packages/airflow/example_dags/example_datasets.py took 0.543 seconds
[2024-05-11T15:39:03.524-0300] {processor.py:161} INFO - Started process (PID=10006) to work on /home/patricia/Documentos/airflow/airflow_venv/lib/python3.10/site-packages/airflow/example_dags/example_datasets.py
[2024-05-11T15:39:03.526-0300] {processor.py:830} INFO - Processing file /home/patricia/Documentos/airflow/airflow_venv/lib/python3.10/site-packages/airflow/example_dags/example_datasets.py for tasks to queue
[2024-05-11T15:39:03.528-0300] {logging_mixin.py:188} INFO - [2024-05-11T15:39:03.528-0300] {dagbag.py:545} INFO - Filling up the DagBag from /home/patricia/Documentos/airflow/airflow_venv/lib/python3.10/site-packages/airflow/example_dags/example_datasets.py
[2024-05-11T15:39:03.543-0300] {processor.py:840} INFO - DAG(s) 'consume_1_or_2_with_dataset_expressions', 'dataset_consumes_1_never_scheduled', 'dataset_produces_1', 'consume_1_or_both_2_and_3_with_dataset_expressions', 'dataset_consumes_unknown_never_scheduled', 'dataset_produces_2', 'conditional_dataset_and_time_based_timetable', 'dataset_consumes_1_and_2', 'dataset_consumes_1', 'consume_1_and_2_with_dataset_expressions' retrieved from /home/patricia/Documentos/airflow/airflow_venv/lib/python3.10/site-packages/airflow/example_dags/example_datasets.py
[2024-05-11T15:39:03.588-0300] {logging_mixin.py:188} INFO - [2024-05-11T15:39:03.588-0300] {dag.py:3096} INFO - Sync 10 DAGs
[2024-05-11T15:39:03.618-0300] {logging_mixin.py:188} INFO - [2024-05-11T15:39:03.617-0300] {dag.py:3954} INFO - Setting next_dagrun for conditional_dataset_and_time_based_timetable to 2024-05-08 01:00:00+00:00, run_after=2024-05-08 01:00:00+00:00
[2024-05-11T15:39:03.622-0300] {logging_mixin.py:188} INFO - [2024-05-11T15:39:03.622-0300] {dag.py:3954} INFO - Setting next_dagrun for consume_1_and_2_with_dataset_expressions to None, run_after=None
[2024-05-11T15:39:03.624-0300] {logging_mixin.py:188} INFO - [2024-05-11T15:39:03.623-0300] {dag.py:3954} INFO - Setting next_dagrun for consume_1_or_2_with_dataset_expressions to None, run_after=None
[2024-05-11T15:39:03.626-0300] {logging_mixin.py:188} INFO - [2024-05-11T15:39:03.626-0300] {dag.py:3954} INFO - Setting next_dagrun for consume_1_or_both_2_and_3_with_dataset_expressions to None, run_after=None
[2024-05-11T15:39:03.628-0300] {logging_mixin.py:188} INFO - [2024-05-11T15:39:03.628-0300] {dag.py:3954} INFO - Setting next_dagrun for dataset_consumes_1 to None, run_after=None
[2024-05-11T15:39:03.629-0300] {logging_mixin.py:188} INFO - [2024-05-11T15:39:03.629-0300] {dag.py:3954} INFO - Setting next_dagrun for dataset_consumes_1_and_2 to None, run_after=None
[2024-05-11T15:39:03.630-0300] {logging_mixin.py:188} INFO - [2024-05-11T15:39:03.630-0300] {dag.py:3954} INFO - Setting next_dagrun for dataset_consumes_1_never_scheduled to None, run_after=None
[2024-05-11T15:39:03.632-0300] {logging_mixin.py:188} INFO - [2024-05-11T15:39:03.631-0300] {dag.py:3954} INFO - Setting next_dagrun for dataset_consumes_unknown_never_scheduled to None, run_after=None
[2024-05-11T15:39:03.634-0300] {logging_mixin.py:188} INFO - [2024-05-11T15:39:03.634-0300] {dag.py:3954} INFO - Setting next_dagrun for dataset_produces_1 to 2024-05-10 00:00:00+00:00, run_after=2024-05-11 00:00:00+00:00
[2024-05-11T15:39:03.636-0300] {logging_mixin.py:188} INFO - [2024-05-11T15:39:03.636-0300] {dag.py:3954} INFO - Setting next_dagrun for dataset_produces_2 to None, run_after=None
[2024-05-11T15:39:03.681-0300] {processor.py:183} INFO - Processing /home/patricia/Documentos/airflow/airflow_venv/lib/python3.10/site-packages/airflow/example_dags/example_datasets.py took 0.165 seconds
[2024-05-11T15:40:21.442-0300] {processor.py:161} INFO - Started process (PID=10430) to work on /home/patricia/Documentos/airflow/airflow_venv/lib/python3.10/site-packages/airflow/example_dags/example_datasets.py
[2024-05-11T15:40:21.445-0300] {processor.py:830} INFO - Processing file /home/patricia/Documentos/airflow/airflow_venv/lib/python3.10/site-packages/airflow/example_dags/example_datasets.py for tasks to queue
[2024-05-11T15:40:21.447-0300] {logging_mixin.py:188} INFO - [2024-05-11T15:40:21.446-0300] {dagbag.py:545} INFO - Filling up the DagBag from /home/patricia/Documentos/airflow/airflow_venv/lib/python3.10/site-packages/airflow/example_dags/example_datasets.py
[2024-05-11T15:40:21.471-0300] {processor.py:840} INFO - DAG(s) 'consume_1_and_2_with_dataset_expressions', 'consume_1_or_2_with_dataset_expressions', 'consume_1_or_both_2_and_3_with_dataset_expressions', 'dataset_consumes_1', 'dataset_consumes_1_and_2', 'dataset_produces_2', 'dataset_consumes_unknown_never_scheduled', 'dataset_consumes_1_never_scheduled', 'conditional_dataset_and_time_based_timetable', 'dataset_produces_1' retrieved from /home/patricia/Documentos/airflow/airflow_venv/lib/python3.10/site-packages/airflow/example_dags/example_datasets.py
[2024-05-11T15:40:21.535-0300] {logging_mixin.py:188} INFO - [2024-05-11T15:40:21.535-0300] {dag.py:3096} INFO - Sync 10 DAGs
[2024-05-11T15:40:21.579-0300] {logging_mixin.py:188} INFO - [2024-05-11T15:40:21.579-0300] {dag.py:3954} INFO - Setting next_dagrun for conditional_dataset_and_time_based_timetable to 2024-05-08 01:00:00+00:00, run_after=2024-05-08 01:00:00+00:00
[2024-05-11T15:40:21.591-0300] {logging_mixin.py:188} INFO - [2024-05-11T15:40:21.590-0300] {dag.py:3954} INFO - Setting next_dagrun for consume_1_and_2_with_dataset_expressions to None, run_after=None
[2024-05-11T15:40:21.592-0300] {logging_mixin.py:188} INFO - [2024-05-11T15:40:21.592-0300] {dag.py:3954} INFO - Setting next_dagrun for consume_1_or_2_with_dataset_expressions to None, run_after=None
[2024-05-11T15:40:21.594-0300] {logging_mixin.py:188} INFO - [2024-05-11T15:40:21.593-0300] {dag.py:3954} INFO - Setting next_dagrun for consume_1_or_both_2_and_3_with_dataset_expressions to None, run_after=None
[2024-05-11T15:40:21.595-0300] {logging_mixin.py:188} INFO - [2024-05-11T15:40:21.595-0300] {dag.py:3954} INFO - Setting next_dagrun for dataset_consumes_1 to None, run_after=None
[2024-05-11T15:40:21.596-0300] {logging_mixin.py:188} INFO - [2024-05-11T15:40:21.596-0300] {dag.py:3954} INFO - Setting next_dagrun for dataset_consumes_1_and_2 to None, run_after=None
[2024-05-11T15:40:21.598-0300] {logging_mixin.py:188} INFO - [2024-05-11T15:40:21.598-0300] {dag.py:3954} INFO - Setting next_dagrun for dataset_consumes_1_never_scheduled to None, run_after=None
[2024-05-11T15:40:21.601-0300] {logging_mixin.py:188} INFO - [2024-05-11T15:40:21.600-0300] {dag.py:3954} INFO - Setting next_dagrun for dataset_consumes_unknown_never_scheduled to None, run_after=None
[2024-05-11T15:40:21.603-0300] {logging_mixin.py:188} INFO - [2024-05-11T15:40:21.603-0300] {dag.py:3954} INFO - Setting next_dagrun for dataset_produces_1 to 2024-05-10 00:00:00+00:00, run_after=2024-05-11 00:00:00+00:00
[2024-05-11T15:40:21.621-0300] {logging_mixin.py:188} INFO - [2024-05-11T15:40:21.620-0300] {dag.py:3954} INFO - Setting next_dagrun for dataset_produces_2 to None, run_after=None
[2024-05-11T15:40:21.715-0300] {processor.py:183} INFO - Processing /home/patricia/Documentos/airflow/airflow_venv/lib/python3.10/site-packages/airflow/example_dags/example_datasets.py took 0.288 seconds
[2024-05-11T16:28:46.585-0300] {processor.py:161} INFO - Started process (PID=11042) to work on /home/patricia/Documentos/airflow/airflow_venv/lib/python3.10/site-packages/airflow/example_dags/example_datasets.py
[2024-05-11T16:28:46.595-0300] {processor.py:830} INFO - Processing file /home/patricia/Documentos/airflow/airflow_venv/lib/python3.10/site-packages/airflow/example_dags/example_datasets.py for tasks to queue
[2024-05-11T16:28:46.601-0300] {logging_mixin.py:188} INFO - [2024-05-11T16:28:46.600-0300] {dagbag.py:545} INFO - Filling up the DagBag from /home/patricia/Documentos/airflow/airflow_venv/lib/python3.10/site-packages/airflow/example_dags/example_datasets.py
[2024-05-11T16:28:46.635-0300] {processor.py:840} INFO - DAG(s) 'dataset_produces_1', 'dataset_consumes_unknown_never_scheduled', 'dataset_consumes_1', 'dataset_consumes_1_never_scheduled', 'consume_1_or_both_2_and_3_with_dataset_expressions', 'conditional_dataset_and_time_based_timetable', 'consume_1_and_2_with_dataset_expressions', 'consume_1_or_2_with_dataset_expressions', 'dataset_consumes_1_and_2', 'dataset_produces_2' retrieved from /home/patricia/Documentos/airflow/airflow_venv/lib/python3.10/site-packages/airflow/example_dags/example_datasets.py
[2024-05-11T16:28:47.819-0300] {logging_mixin.py:188} INFO - [2024-05-11T16:28:47.818-0300] {dag.py:3096} INFO - Sync 10 DAGs
[2024-05-11T16:28:47.948-0300] {logging_mixin.py:188} INFO - [2024-05-11T16:28:47.947-0300] {dag.py:3954} INFO - Setting next_dagrun for conditional_dataset_and_time_based_timetable to 2024-05-08 01:00:00+00:00, run_after=2024-05-08 01:00:00+00:00
[2024-05-11T16:28:47.957-0300] {logging_mixin.py:188} INFO - [2024-05-11T16:28:47.957-0300] {dag.py:3954} INFO - Setting next_dagrun for consume_1_and_2_with_dataset_expressions to None, run_after=None
[2024-05-11T16:28:47.963-0300] {logging_mixin.py:188} INFO - [2024-05-11T16:28:47.962-0300] {dag.py:3954} INFO - Setting next_dagrun for consume_1_or_2_with_dataset_expressions to None, run_after=None
[2024-05-11T16:28:47.968-0300] {logging_mixin.py:188} INFO - [2024-05-11T16:28:47.967-0300] {dag.py:3954} INFO - Setting next_dagrun for consume_1_or_both_2_and_3_with_dataset_expressions to None, run_after=None
[2024-05-11T16:28:47.972-0300] {logging_mixin.py:188} INFO - [2024-05-11T16:28:47.971-0300] {dag.py:3954} INFO - Setting next_dagrun for dataset_consumes_1 to None, run_after=None
[2024-05-11T16:28:47.975-0300] {logging_mixin.py:188} INFO - [2024-05-11T16:28:47.975-0300] {dag.py:3954} INFO - Setting next_dagrun for dataset_consumes_1_and_2 to None, run_after=None
[2024-05-11T16:28:47.979-0300] {logging_mixin.py:188} INFO - [2024-05-11T16:28:47.978-0300] {dag.py:3954} INFO - Setting next_dagrun for dataset_consumes_1_never_scheduled to None, run_after=None
[2024-05-11T16:28:47.983-0300] {logging_mixin.py:188} INFO - [2024-05-11T16:28:47.983-0300] {dag.py:3954} INFO - Setting next_dagrun for dataset_consumes_unknown_never_scheduled to None, run_after=None
[2024-05-11T16:28:47.991-0300] {logging_mixin.py:188} INFO - [2024-05-11T16:28:47.990-0300] {dag.py:3954} INFO - Setting next_dagrun for dataset_produces_1 to 2024-05-10 00:00:00+00:00, run_after=2024-05-11 00:00:00+00:00
[2024-05-11T16:28:47.995-0300] {logging_mixin.py:188} INFO - [2024-05-11T16:28:47.994-0300] {dag.py:3954} INFO - Setting next_dagrun for dataset_produces_2 to None, run_after=None
[2024-05-11T16:28:48.261-0300] {processor.py:183} INFO - Processing /home/patricia/Documentos/airflow/airflow_venv/lib/python3.10/site-packages/airflow/example_dags/example_datasets.py took 1.783 seconds
[2024-05-11T16:30:57.395-0300] {processor.py:161} INFO - Started process (PID=11304) to work on /home/patricia/Documentos/airflow/airflow_venv/lib/python3.10/site-packages/airflow/example_dags/example_datasets.py
[2024-05-11T16:30:57.401-0300] {processor.py:830} INFO - Processing file /home/patricia/Documentos/airflow/airflow_venv/lib/python3.10/site-packages/airflow/example_dags/example_datasets.py for tasks to queue
[2024-05-11T16:30:57.410-0300] {logging_mixin.py:188} INFO - [2024-05-11T16:30:57.409-0300] {dagbag.py:545} INFO - Filling up the DagBag from /home/patricia/Documentos/airflow/airflow_venv/lib/python3.10/site-packages/airflow/example_dags/example_datasets.py
[2024-05-11T16:30:57.453-0300] {processor.py:840} INFO - DAG(s) 'dataset_produces_2', 'consume_1_and_2_with_dataset_expressions', 'dataset_produces_1', 'dataset_consumes_1', 'consume_1_or_2_with_dataset_expressions', 'dataset_consumes_unknown_never_scheduled', 'dataset_consumes_1_and_2', 'dataset_consumes_1_never_scheduled', 'conditional_dataset_and_time_based_timetable', 'consume_1_or_both_2_and_3_with_dataset_expressions' retrieved from /home/patricia/Documentos/airflow/airflow_venv/lib/python3.10/site-packages/airflow/example_dags/example_datasets.py
[2024-05-11T16:30:57.754-0300] {logging_mixin.py:188} INFO - [2024-05-11T16:30:57.753-0300] {dag.py:3096} INFO - Sync 10 DAGs
[2024-05-11T16:30:57.933-0300] {logging_mixin.py:188} INFO - [2024-05-11T16:30:57.932-0300] {dag.py:3954} INFO - Setting next_dagrun for conditional_dataset_and_time_based_timetable to 2024-05-08 01:00:00+00:00, run_after=2024-05-08 01:00:00+00:00
[2024-05-11T16:30:57.947-0300] {logging_mixin.py:188} INFO - [2024-05-11T16:30:57.946-0300] {dag.py:3954} INFO - Setting next_dagrun for consume_1_and_2_with_dataset_expressions to None, run_after=None
[2024-05-11T16:30:57.956-0300] {logging_mixin.py:188} INFO - [2024-05-11T16:30:57.956-0300] {dag.py:3954} INFO - Setting next_dagrun for consume_1_or_2_with_dataset_expressions to None, run_after=None
[2024-05-11T16:30:57.961-0300] {logging_mixin.py:188} INFO - [2024-05-11T16:30:57.961-0300] {dag.py:3954} INFO - Setting next_dagrun for consume_1_or_both_2_and_3_with_dataset_expressions to None, run_after=None
[2024-05-11T16:30:57.966-0300] {logging_mixin.py:188} INFO - [2024-05-11T16:30:57.965-0300] {dag.py:3954} INFO - Setting next_dagrun for dataset_consumes_1 to None, run_after=None
[2024-05-11T16:30:57.971-0300] {logging_mixin.py:188} INFO - [2024-05-11T16:30:57.970-0300] {dag.py:3954} INFO - Setting next_dagrun for dataset_consumes_1_and_2 to None, run_after=None
[2024-05-11T16:30:57.975-0300] {logging_mixin.py:188} INFO - [2024-05-11T16:30:57.974-0300] {dag.py:3954} INFO - Setting next_dagrun for dataset_consumes_1_never_scheduled to None, run_after=None
[2024-05-11T16:30:57.978-0300] {logging_mixin.py:188} INFO - [2024-05-11T16:30:57.978-0300] {dag.py:3954} INFO - Setting next_dagrun for dataset_consumes_unknown_never_scheduled to None, run_after=None
[2024-05-11T16:30:57.984-0300] {logging_mixin.py:188} INFO - [2024-05-11T16:30:57.984-0300] {dag.py:3954} INFO - Setting next_dagrun for dataset_produces_1 to 2024-05-10 00:00:00+00:00, run_after=2024-05-11 00:00:00+00:00
[2024-05-11T16:30:57.988-0300] {logging_mixin.py:188} INFO - [2024-05-11T16:30:57.988-0300] {dag.py:3954} INFO - Setting next_dagrun for dataset_produces_2 to None, run_after=None
[2024-05-11T16:30:58.602-0300] {processor.py:183} INFO - Processing /home/patricia/Documentos/airflow/airflow_venv/lib/python3.10/site-packages/airflow/example_dags/example_datasets.py took 1.242 seconds
[2024-05-11T16:33:02.142-0300] {processor.py:161} INFO - Started process (PID=11530) to work on /home/patricia/Documentos/airflow/airflow_venv/lib/python3.10/site-packages/airflow/example_dags/example_datasets.py
[2024-05-11T16:33:02.159-0300] {processor.py:830} INFO - Processing file /home/patricia/Documentos/airflow/airflow_venv/lib/python3.10/site-packages/airflow/example_dags/example_datasets.py for tasks to queue
[2024-05-11T16:33:02.170-0300] {logging_mixin.py:188} INFO - [2024-05-11T16:33:02.166-0300] {dagbag.py:545} INFO - Filling up the DagBag from /home/patricia/Documentos/airflow/airflow_venv/lib/python3.10/site-packages/airflow/example_dags/example_datasets.py
[2024-05-11T16:33:02.210-0300] {processor.py:840} INFO - DAG(s) 'dataset_consumes_1', 'dataset_produces_2', 'consume_1_or_both_2_and_3_with_dataset_expressions', 'consume_1_or_2_with_dataset_expressions', 'conditional_dataset_and_time_based_timetable', 'dataset_consumes_1_never_scheduled', 'dataset_produces_1', 'dataset_consumes_1_and_2', 'dataset_consumes_unknown_never_scheduled', 'consume_1_and_2_with_dataset_expressions' retrieved from /home/patricia/Documentos/airflow/airflow_venv/lib/python3.10/site-packages/airflow/example_dags/example_datasets.py
[2024-05-11T16:33:02.854-0300] {logging_mixin.py:188} INFO - [2024-05-11T16:33:02.854-0300] {dag.py:3096} INFO - Sync 10 DAGs
[2024-05-11T16:33:03.017-0300] {logging_mixin.py:188} INFO - [2024-05-11T16:33:03.016-0300] {dag.py:3954} INFO - Setting next_dagrun for conditional_dataset_and_time_based_timetable to 2024-05-08 01:00:00+00:00, run_after=2024-05-08 01:00:00+00:00
[2024-05-11T16:33:03.027-0300] {logging_mixin.py:188} INFO - [2024-05-11T16:33:03.026-0300] {dag.py:3954} INFO - Setting next_dagrun for consume_1_and_2_with_dataset_expressions to None, run_after=None
[2024-05-11T16:33:03.033-0300] {logging_mixin.py:188} INFO - [2024-05-11T16:33:03.033-0300] {dag.py:3954} INFO - Setting next_dagrun for consume_1_or_2_with_dataset_expressions to None, run_after=None
[2024-05-11T16:33:03.037-0300] {logging_mixin.py:188} INFO - [2024-05-11T16:33:03.036-0300] {dag.py:3954} INFO - Setting next_dagrun for consume_1_or_both_2_and_3_with_dataset_expressions to None, run_after=None
[2024-05-11T16:33:03.040-0300] {logging_mixin.py:188} INFO - [2024-05-11T16:33:03.039-0300] {dag.py:3954} INFO - Setting next_dagrun for dataset_consumes_1 to None, run_after=None
[2024-05-11T16:33:03.047-0300] {logging_mixin.py:188} INFO - [2024-05-11T16:33:03.046-0300] {dag.py:3954} INFO - Setting next_dagrun for dataset_consumes_1_and_2 to None, run_after=None
[2024-05-11T16:33:03.051-0300] {logging_mixin.py:188} INFO - [2024-05-11T16:33:03.050-0300] {dag.py:3954} INFO - Setting next_dagrun for dataset_consumes_1_never_scheduled to None, run_after=None
[2024-05-11T16:33:03.054-0300] {logging_mixin.py:188} INFO - [2024-05-11T16:33:03.054-0300] {dag.py:3954} INFO - Setting next_dagrun for dataset_consumes_unknown_never_scheduled to None, run_after=None
[2024-05-11T16:33:03.063-0300] {logging_mixin.py:188} INFO - [2024-05-11T16:33:03.062-0300] {dag.py:3954} INFO - Setting next_dagrun for dataset_produces_1 to 2024-05-10 00:00:00+00:00, run_after=2024-05-11 00:00:00+00:00
[2024-05-11T16:33:03.067-0300] {logging_mixin.py:188} INFO - [2024-05-11T16:33:03.066-0300] {dag.py:3954} INFO - Setting next_dagrun for dataset_produces_2 to None, run_after=None
[2024-05-11T16:33:03.370-0300] {processor.py:183} INFO - Processing /home/patricia/Documentos/airflow/airflow_venv/lib/python3.10/site-packages/airflow/example_dags/example_datasets.py took 1.243 seconds
[2024-05-11T16:34:43.428-0300] {processor.py:161} INFO - Started process (PID=11750) to work on /home/patricia/Documentos/airflow/airflow_venv/lib/python3.10/site-packages/airflow/example_dags/example_datasets.py
[2024-05-11T16:34:43.436-0300] {processor.py:830} INFO - Processing file /home/patricia/Documentos/airflow/airflow_venv/lib/python3.10/site-packages/airflow/example_dags/example_datasets.py for tasks to queue
[2024-05-11T16:34:43.446-0300] {logging_mixin.py:188} INFO - [2024-05-11T16:34:43.445-0300] {dagbag.py:545} INFO - Filling up the DagBag from /home/patricia/Documentos/airflow/airflow_venv/lib/python3.10/site-packages/airflow/example_dags/example_datasets.py
[2024-05-11T16:34:43.488-0300] {processor.py:840} INFO - DAG(s) 'consume_1_and_2_with_dataset_expressions', 'consume_1_or_both_2_and_3_with_dataset_expressions', 'conditional_dataset_and_time_based_timetable', 'dataset_consumes_1_and_2', 'dataset_produces_2', 'dataset_consumes_1_never_scheduled', 'consume_1_or_2_with_dataset_expressions', 'dataset_consumes_unknown_never_scheduled', 'dataset_produces_1', 'dataset_consumes_1' retrieved from /home/patricia/Documentos/airflow/airflow_venv/lib/python3.10/site-packages/airflow/example_dags/example_datasets.py
[2024-05-11T16:34:43.581-0300] {logging_mixin.py:188} INFO - [2024-05-11T16:34:43.581-0300] {dag.py:3096} INFO - Sync 10 DAGs
[2024-05-11T16:34:43.635-0300] {logging_mixin.py:188} INFO - [2024-05-11T16:34:43.634-0300] {dag.py:3954} INFO - Setting next_dagrun for conditional_dataset_and_time_based_timetable to 2024-05-08 01:00:00+00:00, run_after=2024-05-08 01:00:00+00:00
[2024-05-11T16:34:43.644-0300] {logging_mixin.py:188} INFO - [2024-05-11T16:34:43.643-0300] {dag.py:3954} INFO - Setting next_dagrun for consume_1_and_2_with_dataset_expressions to None, run_after=None
[2024-05-11T16:34:43.647-0300] {logging_mixin.py:188} INFO - [2024-05-11T16:34:43.647-0300] {dag.py:3954} INFO - Setting next_dagrun for consume_1_or_2_with_dataset_expressions to None, run_after=None
[2024-05-11T16:34:43.650-0300] {logging_mixin.py:188} INFO - [2024-05-11T16:34:43.650-0300] {dag.py:3954} INFO - Setting next_dagrun for consume_1_or_both_2_and_3_with_dataset_expressions to None, run_after=None
[2024-05-11T16:34:43.653-0300] {logging_mixin.py:188} INFO - [2024-05-11T16:34:43.652-0300] {dag.py:3954} INFO - Setting next_dagrun for dataset_consumes_1 to None, run_after=None
[2024-05-11T16:34:43.655-0300] {logging_mixin.py:188} INFO - [2024-05-11T16:34:43.655-0300] {dag.py:3954} INFO - Setting next_dagrun for dataset_consumes_1_and_2 to None, run_after=None
[2024-05-11T16:34:43.658-0300] {logging_mixin.py:188} INFO - [2024-05-11T16:34:43.658-0300] {dag.py:3954} INFO - Setting next_dagrun for dataset_consumes_1_never_scheduled to None, run_after=None
[2024-05-11T16:34:43.660-0300] {logging_mixin.py:188} INFO - [2024-05-11T16:34:43.660-0300] {dag.py:3954} INFO - Setting next_dagrun for dataset_consumes_unknown_never_scheduled to None, run_after=None
[2024-05-11T16:34:43.666-0300] {logging_mixin.py:188} INFO - [2024-05-11T16:34:43.666-0300] {dag.py:3954} INFO - Setting next_dagrun for dataset_produces_1 to 2024-05-10 00:00:00+00:00, run_after=2024-05-11 00:00:00+00:00
[2024-05-11T16:34:43.669-0300] {logging_mixin.py:188} INFO - [2024-05-11T16:34:43.668-0300] {dag.py:3954} INFO - Setting next_dagrun for dataset_produces_2 to None, run_after=None
[2024-05-11T16:34:43.791-0300] {processor.py:183} INFO - Processing /home/patricia/Documentos/airflow/airflow_venv/lib/python3.10/site-packages/airflow/example_dags/example_datasets.py took 0.395 seconds
[2024-05-11T16:36:23.932-0300] {processor.py:161} INFO - Started process (PID=11904) to work on /home/patricia/Documentos/airflow/airflow_venv/lib/python3.10/site-packages/airflow/example_dags/example_datasets.py
[2024-05-11T16:36:23.938-0300] {processor.py:830} INFO - Processing file /home/patricia/Documentos/airflow/airflow_venv/lib/python3.10/site-packages/airflow/example_dags/example_datasets.py for tasks to queue
[2024-05-11T16:36:23.948-0300] {logging_mixin.py:188} INFO - [2024-05-11T16:36:23.947-0300] {dagbag.py:545} INFO - Filling up the DagBag from /home/patricia/Documentos/airflow/airflow_venv/lib/python3.10/site-packages/airflow/example_dags/example_datasets.py
[2024-05-11T16:36:23.979-0300] {processor.py:840} INFO - DAG(s) 'dataset_consumes_unknown_never_scheduled', 'dataset_produces_1', 'conditional_dataset_and_time_based_timetable', 'consume_1_and_2_with_dataset_expressions', 'dataset_consumes_1', 'dataset_consumes_1_and_2', 'dataset_consumes_1_never_scheduled', 'consume_1_or_2_with_dataset_expressions', 'dataset_produces_2', 'consume_1_or_both_2_and_3_with_dataset_expressions' retrieved from /home/patricia/Documentos/airflow/airflow_venv/lib/python3.10/site-packages/airflow/example_dags/example_datasets.py
[2024-05-11T16:36:24.182-0300] {logging_mixin.py:188} INFO - [2024-05-11T16:36:24.182-0300] {dag.py:3096} INFO - Sync 10 DAGs
[2024-05-11T16:36:24.262-0300] {logging_mixin.py:188} INFO - [2024-05-11T16:36:24.261-0300] {dag.py:3954} INFO - Setting next_dagrun for conditional_dataset_and_time_based_timetable to 2024-05-08 01:00:00+00:00, run_after=2024-05-08 01:00:00+00:00
[2024-05-11T16:36:24.279-0300] {logging_mixin.py:188} INFO - [2024-05-11T16:36:24.278-0300] {dag.py:3954} INFO - Setting next_dagrun for consume_1_and_2_with_dataset_expressions to None, run_after=None
[2024-05-11T16:36:24.284-0300] {logging_mixin.py:188} INFO - [2024-05-11T16:36:24.284-0300] {dag.py:3954} INFO - Setting next_dagrun for consume_1_or_2_with_dataset_expressions to None, run_after=None
[2024-05-11T16:36:24.290-0300] {logging_mixin.py:188} INFO - [2024-05-11T16:36:24.289-0300] {dag.py:3954} INFO - Setting next_dagrun for consume_1_or_both_2_and_3_with_dataset_expressions to None, run_after=None
[2024-05-11T16:36:24.297-0300] {logging_mixin.py:188} INFO - [2024-05-11T16:36:24.296-0300] {dag.py:3954} INFO - Setting next_dagrun for dataset_consumes_1 to None, run_after=None
[2024-05-11T16:36:24.302-0300] {logging_mixin.py:188} INFO - [2024-05-11T16:36:24.301-0300] {dag.py:3954} INFO - Setting next_dagrun for dataset_consumes_1_and_2 to None, run_after=None
[2024-05-11T16:36:24.310-0300] {logging_mixin.py:188} INFO - [2024-05-11T16:36:24.310-0300] {dag.py:3954} INFO - Setting next_dagrun for dataset_consumes_1_never_scheduled to None, run_after=None
[2024-05-11T16:36:24.314-0300] {logging_mixin.py:188} INFO - [2024-05-11T16:36:24.314-0300] {dag.py:3954} INFO - Setting next_dagrun for dataset_consumes_unknown_never_scheduled to None, run_after=None
[2024-05-11T16:36:24.325-0300] {logging_mixin.py:188} INFO - [2024-05-11T16:36:24.324-0300] {dag.py:3954} INFO - Setting next_dagrun for dataset_produces_1 to 2024-05-10 00:00:00+00:00, run_after=2024-05-11 00:00:00+00:00
[2024-05-11T16:36:24.330-0300] {logging_mixin.py:188} INFO - [2024-05-11T16:36:24.329-0300] {dag.py:3954} INFO - Setting next_dagrun for dataset_produces_2 to None, run_after=None
[2024-05-11T16:36:24.428-0300] {processor.py:183} INFO - Processing /home/patricia/Documentos/airflow/airflow_venv/lib/python3.10/site-packages/airflow/example_dags/example_datasets.py took 0.529 seconds
