[2024-05-11T15:11:14.194-0300] {processor.py:161} INFO - Started process (PID=4492) to work on /home/patricia/Documentos/airflow/airflow_venv/lib/python3.10/site-packages/airflow/example_dags/example_latest_only.py
[2024-05-11T15:11:14.197-0300] {processor.py:830} INFO - Processing file /home/patricia/Documentos/airflow/airflow_venv/lib/python3.10/site-packages/airflow/example_dags/example_latest_only.py for tasks to queue
[2024-05-11T15:11:14.203-0300] {logging_mixin.py:188} INFO - [2024-05-11T15:11:14.203-0300] {dagbag.py:545} INFO - Filling up the DagBag from /home/patricia/Documentos/airflow/airflow_venv/lib/python3.10/site-packages/airflow/example_dags/example_latest_only.py
[2024-05-11T15:11:14.257-0300] {processor.py:840} INFO - DAG(s) 'latest_only' retrieved from /home/patricia/Documentos/airflow/airflow_venv/lib/python3.10/site-packages/airflow/example_dags/example_latest_only.py
[2024-05-11T15:11:14.367-0300] {logging_mixin.py:188} INFO - [2024-05-11T15:11:14.367-0300] {dag.py:3096} INFO - Sync 1 DAGs
[2024-05-11T15:11:14.444-0300] {logging_mixin.py:188} INFO - [2024-05-11T15:11:14.444-0300] {dag.py:3954} INFO - Setting next_dagrun for latest_only to 2024-05-11 12:00:00+00:00, run_after=2024-05-11 16:00:00+00:00
[2024-05-11T15:11:14.512-0300] {processor.py:183} INFO - Processing /home/patricia/Documentos/airflow/airflow_venv/lib/python3.10/site-packages/airflow/example_dags/example_latest_only.py took 0.342 seconds
[2024-05-11T15:12:37.448-0300] {processor.py:161} INFO - Started process (PID=4671) to work on /home/patricia/Documentos/airflow/airflow_venv/lib/python3.10/site-packages/airflow/example_dags/example_latest_only.py
[2024-05-11T15:12:37.517-0300] {processor.py:830} INFO - Processing file /home/patricia/Documentos/airflow/airflow_venv/lib/python3.10/site-packages/airflow/example_dags/example_latest_only.py for tasks to queue
[2024-05-11T15:12:37.520-0300] {logging_mixin.py:188} INFO - [2024-05-11T15:12:37.519-0300] {dagbag.py:545} INFO - Filling up the DagBag from /home/patricia/Documentos/airflow/airflow_venv/lib/python3.10/site-packages/airflow/example_dags/example_latest_only.py
[2024-05-11T15:12:37.527-0300] {processor.py:840} INFO - DAG(s) 'latest_only' retrieved from /home/patricia/Documentos/airflow/airflow_venv/lib/python3.10/site-packages/airflow/example_dags/example_latest_only.py
[2024-05-11T15:12:38.568-0300] {logging_mixin.py:188} INFO - [2024-05-11T15:12:38.568-0300] {dag.py:3096} INFO - Sync 1 DAGs
[2024-05-11T15:12:38.584-0300] {logging_mixin.py:188} INFO - [2024-05-11T15:12:38.584-0300] {dag.py:3954} INFO - Setting next_dagrun for latest_only to 2024-05-11 12:00:00+00:00, run_after=2024-05-11 16:00:00+00:00
[2024-05-11T15:12:59.790-0300] {processor.py:183} INFO - Processing /home/patricia/Documentos/airflow/airflow_venv/lib/python3.10/site-packages/airflow/example_dags/example_latest_only.py took 22.349 seconds
[2024-05-11T15:14:06.942-0300] {processor.py:161} INFO - Started process (PID=4812) to work on /home/patricia/Documentos/airflow/airflow_venv/lib/python3.10/site-packages/airflow/example_dags/example_latest_only.py
[2024-05-11T15:14:06.945-0300] {processor.py:830} INFO - Processing file /home/patricia/Documentos/airflow/airflow_venv/lib/python3.10/site-packages/airflow/example_dags/example_latest_only.py for tasks to queue
[2024-05-11T15:14:06.948-0300] {logging_mixin.py:188} INFO - [2024-05-11T15:14:06.947-0300] {dagbag.py:545} INFO - Filling up the DagBag from /home/patricia/Documentos/airflow/airflow_venv/lib/python3.10/site-packages/airflow/example_dags/example_latest_only.py
[2024-05-11T15:14:06.955-0300] {processor.py:840} INFO - DAG(s) 'latest_only' retrieved from /home/patricia/Documentos/airflow/airflow_venv/lib/python3.10/site-packages/airflow/example_dags/example_latest_only.py
[2024-05-11T15:14:06.976-0300] {logging_mixin.py:188} INFO - [2024-05-11T15:14:06.975-0300] {dag.py:3096} INFO - Sync 1 DAGs
[2024-05-11T15:14:07.001-0300] {logging_mixin.py:188} INFO - [2024-05-11T15:14:07.000-0300] {dag.py:3954} INFO - Setting next_dagrun for latest_only to 2024-05-11 12:00:00+00:00, run_after=2024-05-11 16:00:00+00:00
[2024-05-11T15:14:07.164-0300] {processor.py:183} INFO - Processing /home/patricia/Documentos/airflow/airflow_venv/lib/python3.10/site-packages/airflow/example_dags/example_latest_only.py took 0.230 seconds
[2024-05-11T15:15:29.097-0300] {processor.py:161} INFO - Started process (PID=5004) to work on /home/patricia/Documentos/airflow/airflow_venv/lib/python3.10/site-packages/airflow/example_dags/example_latest_only.py
[2024-05-11T15:15:29.099-0300] {processor.py:830} INFO - Processing file /home/patricia/Documentos/airflow/airflow_venv/lib/python3.10/site-packages/airflow/example_dags/example_latest_only.py for tasks to queue
[2024-05-11T15:15:29.103-0300] {logging_mixin.py:188} INFO - [2024-05-11T15:15:29.103-0300] {dagbag.py:545} INFO - Filling up the DagBag from /home/patricia/Documentos/airflow/airflow_venv/lib/python3.10/site-packages/airflow/example_dags/example_latest_only.py
[2024-05-11T15:15:29.112-0300] {processor.py:840} INFO - DAG(s) 'latest_only' retrieved from /home/patricia/Documentos/airflow/airflow_venv/lib/python3.10/site-packages/airflow/example_dags/example_latest_only.py
[2024-05-11T15:15:29.220-0300] {logging_mixin.py:188} INFO - [2024-05-11T15:15:29.219-0300] {dag.py:3096} INFO - Sync 1 DAGs
[2024-05-11T15:15:29.318-0300] {logging_mixin.py:188} INFO - [2024-05-11T15:15:29.317-0300] {dag.py:3954} INFO - Setting next_dagrun for latest_only to 2024-05-11 12:00:00+00:00, run_after=2024-05-11 16:00:00+00:00
[2024-05-11T15:15:29.370-0300] {processor.py:183} INFO - Processing /home/patricia/Documentos/airflow/airflow_venv/lib/python3.10/site-packages/airflow/example_dags/example_latest_only.py took 0.282 seconds
[2024-05-11T15:16:29.021-0300] {processor.py:161} INFO - Started process (PID=5124) to work on /home/patricia/Documentos/airflow/airflow_venv/lib/python3.10/site-packages/airflow/example_dags/example_latest_only.py
[2024-05-11T15:16:29.026-0300] {processor.py:830} INFO - Processing file /home/patricia/Documentos/airflow/airflow_venv/lib/python3.10/site-packages/airflow/example_dags/example_latest_only.py for tasks to queue
[2024-05-11T15:16:29.030-0300] {logging_mixin.py:188} INFO - [2024-05-11T15:16:29.029-0300] {dagbag.py:545} INFO - Filling up the DagBag from /home/patricia/Documentos/airflow/airflow_venv/lib/python3.10/site-packages/airflow/example_dags/example_latest_only.py
[2024-05-11T15:16:29.039-0300] {processor.py:840} INFO - DAG(s) 'latest_only' retrieved from /home/patricia/Documentos/airflow/airflow_venv/lib/python3.10/site-packages/airflow/example_dags/example_latest_only.py
[2024-05-11T15:16:29.063-0300] {logging_mixin.py:188} INFO - [2024-05-11T15:16:29.063-0300] {dag.py:3096} INFO - Sync 1 DAGs
[2024-05-11T15:16:29.095-0300] {logging_mixin.py:188} INFO - [2024-05-11T15:16:29.095-0300] {dag.py:3954} INFO - Setting next_dagrun for latest_only to 2024-05-11 12:00:00+00:00, run_after=2024-05-11 16:00:00+00:00
[2024-05-11T15:16:29.134-0300] {processor.py:183} INFO - Processing /home/patricia/Documentos/airflow/airflow_venv/lib/python3.10/site-packages/airflow/example_dags/example_latest_only.py took 0.122 seconds
[2024-05-11T15:17:34.846-0300] {processor.py:161} INFO - Started process (PID=5282) to work on /home/patricia/Documentos/airflow/airflow_venv/lib/python3.10/site-packages/airflow/example_dags/example_latest_only.py
[2024-05-11T15:17:34.848-0300] {processor.py:830} INFO - Processing file /home/patricia/Documentos/airflow/airflow_venv/lib/python3.10/site-packages/airflow/example_dags/example_latest_only.py for tasks to queue
[2024-05-11T15:17:34.851-0300] {logging_mixin.py:188} INFO - [2024-05-11T15:17:34.850-0300] {dagbag.py:545} INFO - Filling up the DagBag from /home/patricia/Documentos/airflow/airflow_venv/lib/python3.10/site-packages/airflow/example_dags/example_latest_only.py
[2024-05-11T15:17:34.859-0300] {processor.py:840} INFO - DAG(s) 'latest_only' retrieved from /home/patricia/Documentos/airflow/airflow_venv/lib/python3.10/site-packages/airflow/example_dags/example_latest_only.py
[2024-05-11T15:17:34.879-0300] {logging_mixin.py:188} INFO - [2024-05-11T15:17:34.879-0300] {dag.py:3096} INFO - Sync 1 DAGs
[2024-05-11T15:17:34.907-0300] {logging_mixin.py:188} INFO - [2024-05-11T15:17:34.906-0300] {dag.py:3954} INFO - Setting next_dagrun for latest_only to 2024-05-11 12:00:00+00:00, run_after=2024-05-11 16:00:00+00:00
[2024-05-11T15:17:34.941-0300] {processor.py:183} INFO - Processing /home/patricia/Documentos/airflow/airflow_venv/lib/python3.10/site-packages/airflow/example_dags/example_latest_only.py took 0.102 seconds
[2024-05-11T15:18:44.907-0300] {processor.py:161} INFO - Started process (PID=5890) to work on /home/patricia/Documentos/airflow/airflow_venv/lib/python3.10/site-packages/airflow/example_dags/example_latest_only.py
[2024-05-11T15:18:44.917-0300] {processor.py:830} INFO - Processing file /home/patricia/Documentos/airflow/airflow_venv/lib/python3.10/site-packages/airflow/example_dags/example_latest_only.py for tasks to queue
[2024-05-11T15:18:44.921-0300] {logging_mixin.py:188} INFO - [2024-05-11T15:18:44.920-0300] {dagbag.py:545} INFO - Filling up the DagBag from /home/patricia/Documentos/airflow/airflow_venv/lib/python3.10/site-packages/airflow/example_dags/example_latest_only.py
[2024-05-11T15:18:44.936-0300] {processor.py:840} INFO - DAG(s) 'latest_only' retrieved from /home/patricia/Documentos/airflow/airflow_venv/lib/python3.10/site-packages/airflow/example_dags/example_latest_only.py
[2024-05-11T15:18:44.989-0300] {logging_mixin.py:188} INFO - [2024-05-11T15:18:44.989-0300] {dag.py:3096} INFO - Sync 1 DAGs
[2024-05-11T15:18:45.050-0300] {logging_mixin.py:188} INFO - [2024-05-11T15:18:45.050-0300] {dag.py:3954} INFO - Setting next_dagrun for latest_only to 2024-05-11 12:00:00+00:00, run_after=2024-05-11 16:00:00+00:00
[2024-05-11T15:18:45.117-0300] {processor.py:183} INFO - Processing /home/patricia/Documentos/airflow/airflow_venv/lib/python3.10/site-packages/airflow/example_dags/example_latest_only.py took 0.222 seconds
[2024-05-11T15:19:55.069-0300] {processor.py:161} INFO - Started process (PID=6035) to work on /home/patricia/Documentos/airflow/airflow_venv/lib/python3.10/site-packages/airflow/example_dags/example_latest_only.py
[2024-05-11T15:19:55.075-0300] {processor.py:830} INFO - Processing file /home/patricia/Documentos/airflow/airflow_venv/lib/python3.10/site-packages/airflow/example_dags/example_latest_only.py for tasks to queue
[2024-05-11T15:19:55.103-0300] {logging_mixin.py:188} INFO - [2024-05-11T15:19:55.102-0300] {dagbag.py:545} INFO - Filling up the DagBag from /home/patricia/Documentos/airflow/airflow_venv/lib/python3.10/site-packages/airflow/example_dags/example_latest_only.py
[2024-05-11T15:19:55.127-0300] {processor.py:840} INFO - DAG(s) 'latest_only' retrieved from /home/patricia/Documentos/airflow/airflow_venv/lib/python3.10/site-packages/airflow/example_dags/example_latest_only.py
[2024-05-11T15:19:55.156-0300] {logging_mixin.py:188} INFO - [2024-05-11T15:19:55.156-0300] {dag.py:3096} INFO - Sync 1 DAGs
[2024-05-11T15:19:55.220-0300] {logging_mixin.py:188} INFO - [2024-05-11T15:19:55.219-0300] {dag.py:3954} INFO - Setting next_dagrun for latest_only to 2024-05-11 12:00:00+00:00, run_after=2024-05-11 16:00:00+00:00
[2024-05-11T15:19:55.276-0300] {processor.py:183} INFO - Processing /home/patricia/Documentos/airflow/airflow_venv/lib/python3.10/site-packages/airflow/example_dags/example_latest_only.py took 0.215 seconds
[2024-05-11T15:21:41.689-0300] {processor.py:161} INFO - Started process (PID=6221) to work on /home/patricia/Documentos/airflow/airflow_venv/lib/python3.10/site-packages/airflow/example_dags/example_latest_only.py
[2024-05-11T15:21:41.693-0300] {processor.py:830} INFO - Processing file /home/patricia/Documentos/airflow/airflow_venv/lib/python3.10/site-packages/airflow/example_dags/example_latest_only.py for tasks to queue
[2024-05-11T15:21:41.697-0300] {logging_mixin.py:188} INFO - [2024-05-11T15:21:41.696-0300] {dagbag.py:545} INFO - Filling up the DagBag from /home/patricia/Documentos/airflow/airflow_venv/lib/python3.10/site-packages/airflow/example_dags/example_latest_only.py
[2024-05-11T15:21:41.706-0300] {processor.py:840} INFO - DAG(s) 'latest_only' retrieved from /home/patricia/Documentos/airflow/airflow_venv/lib/python3.10/site-packages/airflow/example_dags/example_latest_only.py
[2024-05-11T15:21:41.731-0300] {logging_mixin.py:188} INFO - [2024-05-11T15:21:41.731-0300] {dag.py:3096} INFO - Sync 1 DAGs
[2024-05-11T15:21:41.761-0300] {logging_mixin.py:188} INFO - [2024-05-11T15:21:41.761-0300] {dag.py:3954} INFO - Setting next_dagrun for latest_only to 2024-05-11 12:00:00+00:00, run_after=2024-05-11 16:00:00+00:00
[2024-05-11T15:21:41.826-0300] {processor.py:183} INFO - Processing /home/patricia/Documentos/airflow/airflow_venv/lib/python3.10/site-packages/airflow/example_dags/example_latest_only.py took 0.150 seconds
[2024-05-11T15:22:31.054-0300] {processor.py:161} INFO - Started process (PID=6331) to work on /home/patricia/Documentos/airflow/airflow_venv/lib/python3.10/site-packages/airflow/example_dags/example_latest_only.py
[2024-05-11T15:22:31.060-0300] {processor.py:830} INFO - Processing file /home/patricia/Documentos/airflow/airflow_venv/lib/python3.10/site-packages/airflow/example_dags/example_latest_only.py for tasks to queue
[2024-05-11T15:22:31.071-0300] {logging_mixin.py:188} INFO - [2024-05-11T15:22:31.070-0300] {dagbag.py:545} INFO - Filling up the DagBag from /home/patricia/Documentos/airflow/airflow_venv/lib/python3.10/site-packages/airflow/example_dags/example_latest_only.py
[2024-05-11T15:22:31.087-0300] {processor.py:840} INFO - DAG(s) 'latest_only' retrieved from /home/patricia/Documentos/airflow/airflow_venv/lib/python3.10/site-packages/airflow/example_dags/example_latest_only.py
[2024-05-11T15:22:31.119-0300] {logging_mixin.py:188} INFO - [2024-05-11T15:22:31.119-0300] {dag.py:3096} INFO - Sync 1 DAGs
[2024-05-11T15:22:31.165-0300] {logging_mixin.py:188} INFO - [2024-05-11T15:22:31.165-0300] {dag.py:3954} INFO - Setting next_dagrun for latest_only to 2024-05-11 12:00:00+00:00, run_after=2024-05-11 16:00:00+00:00
[2024-05-11T15:22:31.202-0300] {processor.py:183} INFO - Processing /home/patricia/Documentos/airflow/airflow_venv/lib/python3.10/site-packages/airflow/example_dags/example_latest_only.py took 0.156 seconds
[2024-05-11T15:23:32.938-0300] {processor.py:161} INFO - Started process (PID=6460) to work on /home/patricia/Documentos/airflow/airflow_venv/lib/python3.10/site-packages/airflow/example_dags/example_latest_only.py
[2024-05-11T15:23:32.941-0300] {processor.py:830} INFO - Processing file /home/patricia/Documentos/airflow/airflow_venv/lib/python3.10/site-packages/airflow/example_dags/example_latest_only.py for tasks to queue
[2024-05-11T15:23:32.943-0300] {logging_mixin.py:188} INFO - [2024-05-11T15:23:32.943-0300] {dagbag.py:545} INFO - Filling up the DagBag from /home/patricia/Documentos/airflow/airflow_venv/lib/python3.10/site-packages/airflow/example_dags/example_latest_only.py
[2024-05-11T15:23:32.951-0300] {processor.py:840} INFO - DAG(s) 'latest_only' retrieved from /home/patricia/Documentos/airflow/airflow_venv/lib/python3.10/site-packages/airflow/example_dags/example_latest_only.py
[2024-05-11T15:23:32.970-0300] {logging_mixin.py:188} INFO - [2024-05-11T15:23:32.969-0300] {dag.py:3096} INFO - Sync 1 DAGs
[2024-05-11T15:23:32.991-0300] {logging_mixin.py:188} INFO - [2024-05-11T15:23:32.991-0300] {dag.py:3954} INFO - Setting next_dagrun for latest_only to 2024-05-11 12:00:00+00:00, run_after=2024-05-11 16:00:00+00:00
[2024-05-11T15:23:33.028-0300] {processor.py:183} INFO - Processing /home/patricia/Documentos/airflow/airflow_venv/lib/python3.10/site-packages/airflow/example_dags/example_latest_only.py took 0.098 seconds
[2024-05-11T15:24:34.626-0300] {processor.py:161} INFO - Started process (PID=6578) to work on /home/patricia/Documentos/airflow/airflow_venv/lib/python3.10/site-packages/airflow/example_dags/example_latest_only.py
[2024-05-11T15:24:34.629-0300] {processor.py:830} INFO - Processing file /home/patricia/Documentos/airflow/airflow_venv/lib/python3.10/site-packages/airflow/example_dags/example_latest_only.py for tasks to queue
[2024-05-11T15:24:34.631-0300] {logging_mixin.py:188} INFO - [2024-05-11T15:24:34.631-0300] {dagbag.py:545} INFO - Filling up the DagBag from /home/patricia/Documentos/airflow/airflow_venv/lib/python3.10/site-packages/airflow/example_dags/example_latest_only.py
[2024-05-11T15:24:34.638-0300] {processor.py:840} INFO - DAG(s) 'latest_only' retrieved from /home/patricia/Documentos/airflow/airflow_venv/lib/python3.10/site-packages/airflow/example_dags/example_latest_only.py
[2024-05-11T15:24:34.657-0300] {logging_mixin.py:188} INFO - [2024-05-11T15:24:34.657-0300] {dag.py:3096} INFO - Sync 1 DAGs
[2024-05-11T15:24:34.679-0300] {logging_mixin.py:188} INFO - [2024-05-11T15:24:34.678-0300] {dag.py:3954} INFO - Setting next_dagrun for latest_only to 2024-05-11 12:00:00+00:00, run_after=2024-05-11 16:00:00+00:00
[2024-05-11T15:24:34.715-0300] {processor.py:183} INFO - Processing /home/patricia/Documentos/airflow/airflow_venv/lib/python3.10/site-packages/airflow/example_dags/example_latest_only.py took 0.098 seconds
[2024-05-11T15:26:19.507-0300] {processor.py:161} INFO - Started process (PID=7498) to work on /home/patricia/Documentos/airflow/airflow_venv/lib/python3.10/site-packages/airflow/example_dags/example_latest_only.py
[2024-05-11T15:26:19.512-0300] {processor.py:830} INFO - Processing file /home/patricia/Documentos/airflow/airflow_venv/lib/python3.10/site-packages/airflow/example_dags/example_latest_only.py for tasks to queue
[2024-05-11T15:26:19.517-0300] {logging_mixin.py:188} INFO - [2024-05-11T15:26:19.517-0300] {dagbag.py:545} INFO - Filling up the DagBag from /home/patricia/Documentos/airflow/airflow_venv/lib/python3.10/site-packages/airflow/example_dags/example_latest_only.py
[2024-05-11T15:26:19.527-0300] {processor.py:840} INFO - DAG(s) 'latest_only' retrieved from /home/patricia/Documentos/airflow/airflow_venv/lib/python3.10/site-packages/airflow/example_dags/example_latest_only.py
[2024-05-11T15:26:19.545-0300] {logging_mixin.py:188} INFO - [2024-05-11T15:26:19.545-0300] {dag.py:3096} INFO - Sync 1 DAGs
[2024-05-11T15:26:19.580-0300] {logging_mixin.py:188} INFO - [2024-05-11T15:26:19.580-0300] {dag.py:3954} INFO - Setting next_dagrun for latest_only to 2024-05-11 12:00:00+00:00, run_after=2024-05-11 16:00:00+00:00
[2024-05-11T15:26:19.644-0300] {processor.py:183} INFO - Processing /home/patricia/Documentos/airflow/airflow_venv/lib/python3.10/site-packages/airflow/example_dags/example_latest_only.py took 0.148 seconds
[2024-05-11T15:27:41.721-0300] {processor.py:161} INFO - Started process (PID=7670) to work on /home/patricia/Documentos/airflow/airflow_venv/lib/python3.10/site-packages/airflow/example_dags/example_latest_only.py
[2024-05-11T15:27:41.724-0300] {processor.py:830} INFO - Processing file /home/patricia/Documentos/airflow/airflow_venv/lib/python3.10/site-packages/airflow/example_dags/example_latest_only.py for tasks to queue
[2024-05-11T15:27:41.728-0300] {logging_mixin.py:188} INFO - [2024-05-11T15:27:41.727-0300] {dagbag.py:545} INFO - Filling up the DagBag from /home/patricia/Documentos/airflow/airflow_venv/lib/python3.10/site-packages/airflow/example_dags/example_latest_only.py
[2024-05-11T15:27:41.735-0300] {processor.py:840} INFO - DAG(s) 'latest_only' retrieved from /home/patricia/Documentos/airflow/airflow_venv/lib/python3.10/site-packages/airflow/example_dags/example_latest_only.py
[2024-05-11T15:27:42.091-0300] {logging_mixin.py:188} INFO - [2024-05-11T15:27:42.091-0300] {dag.py:3096} INFO - Sync 1 DAGs
[2024-05-11T15:27:42.110-0300] {logging_mixin.py:188} INFO - [2024-05-11T15:27:42.110-0300] {dag.py:3954} INFO - Setting next_dagrun for latest_only to 2024-05-11 12:00:00+00:00, run_after=2024-05-11 16:00:00+00:00
[2024-05-11T15:27:42.161-0300] {processor.py:183} INFO - Processing /home/patricia/Documentos/airflow/airflow_venv/lib/python3.10/site-packages/airflow/example_dags/example_latest_only.py took 0.453 seconds
[2024-05-11T15:28:57.376-0300] {processor.py:161} INFO - Started process (PID=7823) to work on /home/patricia/Documentos/airflow/airflow_venv/lib/python3.10/site-packages/airflow/example_dags/example_latest_only.py
[2024-05-11T15:28:57.378-0300] {processor.py:830} INFO - Processing file /home/patricia/Documentos/airflow/airflow_venv/lib/python3.10/site-packages/airflow/example_dags/example_latest_only.py for tasks to queue
[2024-05-11T15:28:57.383-0300] {logging_mixin.py:188} INFO - [2024-05-11T15:28:57.382-0300] {dagbag.py:545} INFO - Filling up the DagBag from /home/patricia/Documentos/airflow/airflow_venv/lib/python3.10/site-packages/airflow/example_dags/example_latest_only.py
[2024-05-11T15:28:57.390-0300] {processor.py:840} INFO - DAG(s) 'latest_only' retrieved from /home/patricia/Documentos/airflow/airflow_venv/lib/python3.10/site-packages/airflow/example_dags/example_latest_only.py
[2024-05-11T15:28:57.420-0300] {logging_mixin.py:188} INFO - [2024-05-11T15:28:57.419-0300] {dag.py:3096} INFO - Sync 1 DAGs
[2024-05-11T15:28:57.556-0300] {logging_mixin.py:188} INFO - [2024-05-11T15:28:57.556-0300] {dag.py:3954} INFO - Setting next_dagrun for latest_only to 2024-05-11 12:00:00+00:00, run_after=2024-05-11 16:00:00+00:00
[2024-05-11T15:28:57.592-0300] {processor.py:183} INFO - Processing /home/patricia/Documentos/airflow/airflow_venv/lib/python3.10/site-packages/airflow/example_dags/example_latest_only.py took 0.258 seconds
[2024-05-11T15:30:30.982-0300] {processor.py:161} INFO - Started process (PID=8019) to work on /home/patricia/Documentos/airflow/airflow_venv/lib/python3.10/site-packages/airflow/example_dags/example_latest_only.py
[2024-05-11T15:30:30.986-0300] {processor.py:830} INFO - Processing file /home/patricia/Documentos/airflow/airflow_venv/lib/python3.10/site-packages/airflow/example_dags/example_latest_only.py for tasks to queue
[2024-05-11T15:30:30.999-0300] {logging_mixin.py:188} INFO - [2024-05-11T15:30:30.993-0300] {dagbag.py:545} INFO - Filling up the DagBag from /home/patricia/Documentos/airflow/airflow_venv/lib/python3.10/site-packages/airflow/example_dags/example_latest_only.py
[2024-05-11T15:30:31.008-0300] {processor.py:840} INFO - DAG(s) 'latest_only' retrieved from /home/patricia/Documentos/airflow/airflow_venv/lib/python3.10/site-packages/airflow/example_dags/example_latest_only.py
[2024-05-11T15:30:31.066-0300] {logging_mixin.py:188} INFO - [2024-05-11T15:30:31.066-0300] {dag.py:3096} INFO - Sync 1 DAGs
[2024-05-11T15:30:31.097-0300] {logging_mixin.py:188} INFO - [2024-05-11T15:30:31.096-0300] {dag.py:3954} INFO - Setting next_dagrun for latest_only to 2024-05-11 12:00:00+00:00, run_after=2024-05-11 16:00:00+00:00
[2024-05-11T15:30:31.184-0300] {processor.py:183} INFO - Processing /home/patricia/Documentos/airflow/airflow_venv/lib/python3.10/site-packages/airflow/example_dags/example_latest_only.py took 0.209 seconds
[2024-05-11T15:31:37.384-0300] {processor.py:161} INFO - Started process (PID=8203) to work on /home/patricia/Documentos/airflow/airflow_venv/lib/python3.10/site-packages/airflow/example_dags/example_latest_only.py
[2024-05-11T15:31:37.390-0300] {processor.py:830} INFO - Processing file /home/patricia/Documentos/airflow/airflow_venv/lib/python3.10/site-packages/airflow/example_dags/example_latest_only.py for tasks to queue
[2024-05-11T15:31:37.399-0300] {logging_mixin.py:188} INFO - [2024-05-11T15:31:37.397-0300] {dagbag.py:545} INFO - Filling up the DagBag from /home/patricia/Documentos/airflow/airflow_venv/lib/python3.10/site-packages/airflow/example_dags/example_latest_only.py
[2024-05-11T15:31:37.426-0300] {processor.py:840} INFO - DAG(s) 'latest_only' retrieved from /home/patricia/Documentos/airflow/airflow_venv/lib/python3.10/site-packages/airflow/example_dags/example_latest_only.py
[2024-05-11T15:31:37.499-0300] {logging_mixin.py:188} INFO - [2024-05-11T15:31:37.498-0300] {dag.py:3096} INFO - Sync 1 DAGs
[2024-05-11T15:31:37.551-0300] {logging_mixin.py:188} INFO - [2024-05-11T15:31:37.550-0300] {dag.py:3954} INFO - Setting next_dagrun for latest_only to 2024-05-11 12:00:00+00:00, run_after=2024-05-11 16:00:00+00:00
[2024-05-11T15:31:37.713-0300] {processor.py:183} INFO - Processing /home/patricia/Documentos/airflow/airflow_venv/lib/python3.10/site-packages/airflow/example_dags/example_latest_only.py took 0.354 seconds
[2024-05-11T15:32:40.148-0300] {processor.py:161} INFO - Started process (PID=8488) to work on /home/patricia/Documentos/airflow/airflow_venv/lib/python3.10/site-packages/airflow/example_dags/example_latest_only.py
[2024-05-11T15:32:40.152-0300] {processor.py:830} INFO - Processing file /home/patricia/Documentos/airflow/airflow_venv/lib/python3.10/site-packages/airflow/example_dags/example_latest_only.py for tasks to queue
[2024-05-11T15:32:40.155-0300] {logging_mixin.py:188} INFO - [2024-05-11T15:32:40.154-0300] {dagbag.py:545} INFO - Filling up the DagBag from /home/patricia/Documentos/airflow/airflow_venv/lib/python3.10/site-packages/airflow/example_dags/example_latest_only.py
[2024-05-11T15:32:40.161-0300] {processor.py:840} INFO - DAG(s) 'latest_only' retrieved from /home/patricia/Documentos/airflow/airflow_venv/lib/python3.10/site-packages/airflow/example_dags/example_latest_only.py
[2024-05-11T15:32:40.180-0300] {logging_mixin.py:188} INFO - [2024-05-11T15:32:40.180-0300] {dag.py:3096} INFO - Sync 1 DAGs
[2024-05-11T15:32:40.202-0300] {logging_mixin.py:188} INFO - [2024-05-11T15:32:40.202-0300] {dag.py:3954} INFO - Setting next_dagrun for latest_only to 2024-05-11 12:00:00+00:00, run_after=2024-05-11 16:00:00+00:00
[2024-05-11T15:32:40.237-0300] {processor.py:183} INFO - Processing /home/patricia/Documentos/airflow/airflow_venv/lib/python3.10/site-packages/airflow/example_dags/example_latest_only.py took 0.095 seconds
[2024-05-11T15:33:50.848-0300] {processor.py:161} INFO - Started process (PID=8983) to work on /home/patricia/Documentos/airflow/airflow_venv/lib/python3.10/site-packages/airflow/example_dags/example_latest_only.py
[2024-05-11T15:33:50.859-0300] {processor.py:830} INFO - Processing file /home/patricia/Documentos/airflow/airflow_venv/lib/python3.10/site-packages/airflow/example_dags/example_latest_only.py for tasks to queue
[2024-05-11T15:33:50.875-0300] {logging_mixin.py:188} INFO - [2024-05-11T15:33:50.861-0300] {dagbag.py:545} INFO - Filling up the DagBag from /home/patricia/Documentos/airflow/airflow_venv/lib/python3.10/site-packages/airflow/example_dags/example_latest_only.py
[2024-05-11T15:33:50.884-0300] {processor.py:840} INFO - DAG(s) 'latest_only' retrieved from /home/patricia/Documentos/airflow/airflow_venv/lib/python3.10/site-packages/airflow/example_dags/example_latest_only.py
[2024-05-11T15:33:50.904-0300] {logging_mixin.py:188} INFO - [2024-05-11T15:33:50.904-0300] {dag.py:3096} INFO - Sync 1 DAGs
[2024-05-11T15:33:50.931-0300] {logging_mixin.py:188} INFO - [2024-05-11T15:33:50.931-0300] {dag.py:3954} INFO - Setting next_dagrun for latest_only to 2024-05-11 12:00:00+00:00, run_after=2024-05-11 16:00:00+00:00
[2024-05-11T15:33:50.979-0300] {processor.py:183} INFO - Processing /home/patricia/Documentos/airflow/airflow_venv/lib/python3.10/site-packages/airflow/example_dags/example_latest_only.py took 0.143 seconds
[2024-05-11T15:34:39.072-0300] {processor.py:161} INFO - Started process (PID=9339) to work on /home/patricia/Documentos/airflow/airflow_venv/lib/python3.10/site-packages/airflow/example_dags/example_latest_only.py
[2024-05-11T15:34:39.075-0300] {processor.py:830} INFO - Processing file /home/patricia/Documentos/airflow/airflow_venv/lib/python3.10/site-packages/airflow/example_dags/example_latest_only.py for tasks to queue
[2024-05-11T15:34:39.077-0300] {logging_mixin.py:188} INFO - [2024-05-11T15:34:39.077-0300] {dagbag.py:545} INFO - Filling up the DagBag from /home/patricia/Documentos/airflow/airflow_venv/lib/python3.10/site-packages/airflow/example_dags/example_latest_only.py
[2024-05-11T15:34:39.083-0300] {processor.py:840} INFO - DAG(s) 'latest_only' retrieved from /home/patricia/Documentos/airflow/airflow_venv/lib/python3.10/site-packages/airflow/example_dags/example_latest_only.py
[2024-05-11T15:34:39.105-0300] {logging_mixin.py:188} INFO - [2024-05-11T15:34:39.104-0300] {dag.py:3096} INFO - Sync 1 DAGs
[2024-05-11T15:34:39.129-0300] {logging_mixin.py:188} INFO - [2024-05-11T15:34:39.128-0300] {dag.py:3954} INFO - Setting next_dagrun for latest_only to 2024-05-11 12:00:00+00:00, run_after=2024-05-11 16:00:00+00:00
[2024-05-11T15:34:39.160-0300] {processor.py:183} INFO - Processing /home/patricia/Documentos/airflow/airflow_venv/lib/python3.10/site-packages/airflow/example_dags/example_latest_only.py took 0.095 seconds
[2024-05-11T15:35:53.805-0300] {processor.py:161} INFO - Started process (PID=9538) to work on /home/patricia/Documentos/airflow/airflow_venv/lib/python3.10/site-packages/airflow/example_dags/example_latest_only.py
[2024-05-11T15:35:53.808-0300] {processor.py:830} INFO - Processing file /home/patricia/Documentos/airflow/airflow_venv/lib/python3.10/site-packages/airflow/example_dags/example_latest_only.py for tasks to queue
[2024-05-11T15:35:53.812-0300] {logging_mixin.py:188} INFO - [2024-05-11T15:35:53.811-0300] {dagbag.py:545} INFO - Filling up the DagBag from /home/patricia/Documentos/airflow/airflow_venv/lib/python3.10/site-packages/airflow/example_dags/example_latest_only.py
[2024-05-11T15:35:53.823-0300] {processor.py:840} INFO - DAG(s) 'latest_only' retrieved from /home/patricia/Documentos/airflow/airflow_venv/lib/python3.10/site-packages/airflow/example_dags/example_latest_only.py
[2024-05-11T15:35:53.846-0300] {logging_mixin.py:188} INFO - [2024-05-11T15:35:53.846-0300] {dag.py:3096} INFO - Sync 1 DAGs
[2024-05-11T15:35:53.871-0300] {logging_mixin.py:188} INFO - [2024-05-11T15:35:53.870-0300] {dag.py:3954} INFO - Setting next_dagrun for latest_only to 2024-05-11 12:00:00+00:00, run_after=2024-05-11 16:00:00+00:00
[2024-05-11T15:35:53.908-0300] {processor.py:183} INFO - Processing /home/patricia/Documentos/airflow/airflow_venv/lib/python3.10/site-packages/airflow/example_dags/example_latest_only.py took 0.113 seconds
[2024-05-11T15:37:16.685-0300] {processor.py:161} INFO - Started process (PID=9816) to work on /home/patricia/Documentos/airflow/airflow_venv/lib/python3.10/site-packages/airflow/example_dags/example_latest_only.py
[2024-05-11T15:37:16.690-0300] {processor.py:830} INFO - Processing file /home/patricia/Documentos/airflow/airflow_venv/lib/python3.10/site-packages/airflow/example_dags/example_latest_only.py for tasks to queue
[2024-05-11T15:37:16.696-0300] {logging_mixin.py:188} INFO - [2024-05-11T15:37:16.694-0300] {dagbag.py:545} INFO - Filling up the DagBag from /home/patricia/Documentos/airflow/airflow_venv/lib/python3.10/site-packages/airflow/example_dags/example_latest_only.py
[2024-05-11T15:37:16.711-0300] {processor.py:840} INFO - DAG(s) 'latest_only' retrieved from /home/patricia/Documentos/airflow/airflow_venv/lib/python3.10/site-packages/airflow/example_dags/example_latest_only.py
[2024-05-11T15:37:16.752-0300] {logging_mixin.py:188} INFO - [2024-05-11T15:37:16.752-0300] {dag.py:3096} INFO - Sync 1 DAGs
[2024-05-11T15:37:16.858-0300] {logging_mixin.py:188} INFO - [2024-05-11T15:37:16.858-0300] {dag.py:3954} INFO - Setting next_dagrun for latest_only to 2024-05-11 12:00:00+00:00, run_after=2024-05-11 16:00:00+00:00
[2024-05-11T15:37:16.969-0300] {processor.py:183} INFO - Processing /home/patricia/Documentos/airflow/airflow_venv/lib/python3.10/site-packages/airflow/example_dags/example_latest_only.py took 0.361 seconds
[2024-05-11T15:38:39.115-0300] {processor.py:161} INFO - Started process (PID=9961) to work on /home/patricia/Documentos/airflow/airflow_venv/lib/python3.10/site-packages/airflow/example_dags/example_latest_only.py
[2024-05-11T15:38:39.122-0300] {processor.py:830} INFO - Processing file /home/patricia/Documentos/airflow/airflow_venv/lib/python3.10/site-packages/airflow/example_dags/example_latest_only.py for tasks to queue
[2024-05-11T15:38:39.125-0300] {logging_mixin.py:188} INFO - [2024-05-11T15:38:39.124-0300] {dagbag.py:545} INFO - Filling up the DagBag from /home/patricia/Documentos/airflow/airflow_venv/lib/python3.10/site-packages/airflow/example_dags/example_latest_only.py
[2024-05-11T15:38:39.170-0300] {processor.py:840} INFO - DAG(s) 'latest_only' retrieved from /home/patricia/Documentos/airflow/airflow_venv/lib/python3.10/site-packages/airflow/example_dags/example_latest_only.py
[2024-05-11T15:38:39.195-0300] {logging_mixin.py:188} INFO - [2024-05-11T15:38:39.195-0300] {dag.py:3096} INFO - Sync 1 DAGs
[2024-05-11T15:38:39.230-0300] {logging_mixin.py:188} INFO - [2024-05-11T15:38:39.229-0300] {dag.py:3954} INFO - Setting next_dagrun for latest_only to 2024-05-11 12:00:00+00:00, run_after=2024-05-11 16:00:00+00:00
[2024-05-11T15:38:39.281-0300] {processor.py:183} INFO - Processing /home/patricia/Documentos/airflow/airflow_venv/lib/python3.10/site-packages/airflow/example_dags/example_latest_only.py took 0.183 seconds
[2024-05-11T15:39:39.250-0300] {processor.py:161} INFO - Started process (PID=10066) to work on /home/patricia/Documentos/airflow/airflow_venv/lib/python3.10/site-packages/airflow/example_dags/example_latest_only.py
[2024-05-11T15:39:39.263-0300] {processor.py:830} INFO - Processing file /home/patricia/Documentos/airflow/airflow_venv/lib/python3.10/site-packages/airflow/example_dags/example_latest_only.py for tasks to queue
[2024-05-11T15:39:39.275-0300] {logging_mixin.py:188} INFO - [2024-05-11T15:39:39.274-0300] {dagbag.py:545} INFO - Filling up the DagBag from /home/patricia/Documentos/airflow/airflow_venv/lib/python3.10/site-packages/airflow/example_dags/example_latest_only.py
[2024-05-11T15:39:39.311-0300] {processor.py:840} INFO - DAG(s) 'latest_only' retrieved from /home/patricia/Documentos/airflow/airflow_venv/lib/python3.10/site-packages/airflow/example_dags/example_latest_only.py
[2024-05-11T15:39:39.391-0300] {logging_mixin.py:188} INFO - [2024-05-11T15:39:39.390-0300] {dag.py:3096} INFO - Sync 1 DAGs
[2024-05-11T15:39:39.457-0300] {logging_mixin.py:188} INFO - [2024-05-11T15:39:39.456-0300] {dag.py:3954} INFO - Setting next_dagrun for latest_only to 2024-05-11 12:00:00+00:00, run_after=2024-05-11 16:00:00+00:00
[2024-05-11T15:39:39.546-0300] {processor.py:183} INFO - Processing /home/patricia/Documentos/airflow/airflow_venv/lib/python3.10/site-packages/airflow/example_dags/example_latest_only.py took 0.335 seconds
[2024-05-11T16:28:11.707-0300] {processor.py:161} INFO - Started process (PID=10975) to work on /home/patricia/Documentos/airflow/airflow_venv/lib/python3.10/site-packages/airflow/example_dags/example_latest_only.py
[2024-05-11T16:28:11.716-0300] {processor.py:830} INFO - Processing file /home/patricia/Documentos/airflow/airflow_venv/lib/python3.10/site-packages/airflow/example_dags/example_latest_only.py for tasks to queue
[2024-05-11T16:28:11.730-0300] {logging_mixin.py:188} INFO - [2024-05-11T16:28:11.727-0300] {dagbag.py:545} INFO - Filling up the DagBag from /home/patricia/Documentos/airflow/airflow_venv/lib/python3.10/site-packages/airflow/example_dags/example_latest_only.py
[2024-05-11T16:28:11.758-0300] {processor.py:840} INFO - DAG(s) 'latest_only' retrieved from /home/patricia/Documentos/airflow/airflow_venv/lib/python3.10/site-packages/airflow/example_dags/example_latest_only.py
[2024-05-11T16:28:12.108-0300] {logging_mixin.py:188} INFO - [2024-05-11T16:28:12.107-0300] {dag.py:3096} INFO - Sync 1 DAGs
[2024-05-11T16:28:12.151-0300] {logging_mixin.py:188} INFO - [2024-05-11T16:28:12.150-0300] {dag.py:3954} INFO - Setting next_dagrun for latest_only to 2024-05-11 12:00:00+00:00, run_after=2024-05-11 16:00:00+00:00
[2024-05-11T16:28:12.235-0300] {processor.py:183} INFO - Processing /home/patricia/Documentos/airflow/airflow_venv/lib/python3.10/site-packages/airflow/example_dags/example_latest_only.py took 0.559 seconds
[2024-05-11T16:30:26.567-0300] {processor.py:161} INFO - Started process (PID=11239) to work on /home/patricia/Documentos/airflow/airflow_venv/lib/python3.10/site-packages/airflow/example_dags/example_latest_only.py
[2024-05-11T16:30:26.580-0300] {processor.py:830} INFO - Processing file /home/patricia/Documentos/airflow/airflow_venv/lib/python3.10/site-packages/airflow/example_dags/example_latest_only.py for tasks to queue
[2024-05-11T16:30:26.589-0300] {logging_mixin.py:188} INFO - [2024-05-11T16:30:26.587-0300] {dagbag.py:545} INFO - Filling up the DagBag from /home/patricia/Documentos/airflow/airflow_venv/lib/python3.10/site-packages/airflow/example_dags/example_latest_only.py
[2024-05-11T16:30:26.613-0300] {processor.py:840} INFO - DAG(s) 'latest_only' retrieved from /home/patricia/Documentos/airflow/airflow_venv/lib/python3.10/site-packages/airflow/example_dags/example_latest_only.py
[2024-05-11T16:30:26.654-0300] {logging_mixin.py:188} INFO - [2024-05-11T16:30:26.653-0300] {dag.py:3096} INFO - Sync 1 DAGs
[2024-05-11T16:30:26.700-0300] {logging_mixin.py:188} INFO - [2024-05-11T16:30:26.699-0300] {dag.py:3954} INFO - Setting next_dagrun for latest_only to 2024-05-11 12:00:00+00:00, run_after=2024-05-11 16:00:00+00:00
[2024-05-11T16:30:26.797-0300] {processor.py:183} INFO - Processing /home/patricia/Documentos/airflow/airflow_venv/lib/python3.10/site-packages/airflow/example_dags/example_latest_only.py took 0.255 seconds
[2024-05-11T16:31:47.948-0300] {processor.py:161} INFO - Started process (PID=11389) to work on /home/patricia/Documentos/airflow/airflow_venv/lib/python3.10/site-packages/airflow/example_dags/example_latest_only.py
[2024-05-11T16:31:47.957-0300] {processor.py:830} INFO - Processing file /home/patricia/Documentos/airflow/airflow_venv/lib/python3.10/site-packages/airflow/example_dags/example_latest_only.py for tasks to queue
[2024-05-11T16:31:47.966-0300] {logging_mixin.py:188} INFO - [2024-05-11T16:31:47.965-0300] {dagbag.py:545} INFO - Filling up the DagBag from /home/patricia/Documentos/airflow/airflow_venv/lib/python3.10/site-packages/airflow/example_dags/example_latest_only.py
[2024-05-11T16:31:47.996-0300] {processor.py:840} INFO - DAG(s) 'latest_only' retrieved from /home/patricia/Documentos/airflow/airflow_venv/lib/python3.10/site-packages/airflow/example_dags/example_latest_only.py
[2024-05-11T16:31:48.039-0300] {logging_mixin.py:188} INFO - [2024-05-11T16:31:48.038-0300] {dag.py:3096} INFO - Sync 1 DAGs
[2024-05-11T16:31:48.313-0300] {logging_mixin.py:188} INFO - [2024-05-11T16:31:48.313-0300] {dag.py:3954} INFO - Setting next_dagrun for latest_only to 2024-05-11 12:00:00+00:00, run_after=2024-05-11 16:00:00+00:00
[2024-05-11T16:31:48.373-0300] {processor.py:183} INFO - Processing /home/patricia/Documentos/airflow/airflow_venv/lib/python3.10/site-packages/airflow/example_dags/example_latest_only.py took 0.443 seconds
[2024-05-11T16:32:50.531-0300] {processor.py:161} INFO - Started process (PID=11508) to work on /home/patricia/Documentos/airflow/airflow_venv/lib/python3.10/site-packages/airflow/example_dags/example_latest_only.py
[2024-05-11T16:32:50.535-0300] {processor.py:830} INFO - Processing file /home/patricia/Documentos/airflow/airflow_venv/lib/python3.10/site-packages/airflow/example_dags/example_latest_only.py for tasks to queue
[2024-05-11T16:32:50.541-0300] {logging_mixin.py:188} INFO - [2024-05-11T16:32:50.539-0300] {dagbag.py:545} INFO - Filling up the DagBag from /home/patricia/Documentos/airflow/airflow_venv/lib/python3.10/site-packages/airflow/example_dags/example_latest_only.py
[2024-05-11T16:32:50.554-0300] {processor.py:840} INFO - DAG(s) 'latest_only' retrieved from /home/patricia/Documentos/airflow/airflow_venv/lib/python3.10/site-packages/airflow/example_dags/example_latest_only.py
[2024-05-11T16:32:50.592-0300] {logging_mixin.py:188} INFO - [2024-05-11T16:32:50.591-0300] {dag.py:3096} INFO - Sync 1 DAGs
[2024-05-11T16:32:50.637-0300] {logging_mixin.py:188} INFO - [2024-05-11T16:32:50.637-0300] {dag.py:3954} INFO - Setting next_dagrun for latest_only to 2024-05-11 12:00:00+00:00, run_after=2024-05-11 16:00:00+00:00
[2024-05-11T16:32:50.710-0300] {processor.py:183} INFO - Processing /home/patricia/Documentos/airflow/airflow_venv/lib/python3.10/site-packages/airflow/example_dags/example_latest_only.py took 0.198 seconds
[2024-05-11T16:33:46.022-0300] {processor.py:161} INFO - Started process (PID=11651) to work on /home/patricia/Documentos/airflow/airflow_venv/lib/python3.10/site-packages/airflow/example_dags/example_latest_only.py
[2024-05-11T16:33:46.035-0300] {processor.py:830} INFO - Processing file /home/patricia/Documentos/airflow/airflow_venv/lib/python3.10/site-packages/airflow/example_dags/example_latest_only.py for tasks to queue
[2024-05-11T16:33:46.041-0300] {logging_mixin.py:188} INFO - [2024-05-11T16:33:46.040-0300] {dagbag.py:545} INFO - Filling up the DagBag from /home/patricia/Documentos/airflow/airflow_venv/lib/python3.10/site-packages/airflow/example_dags/example_latest_only.py
[2024-05-11T16:33:46.065-0300] {processor.py:840} INFO - DAG(s) 'latest_only' retrieved from /home/patricia/Documentos/airflow/airflow_venv/lib/python3.10/site-packages/airflow/example_dags/example_latest_only.py
[2024-05-11T16:33:46.106-0300] {logging_mixin.py:188} INFO - [2024-05-11T16:33:46.105-0300] {dag.py:3096} INFO - Sync 1 DAGs
[2024-05-11T16:33:46.148-0300] {logging_mixin.py:188} INFO - [2024-05-11T16:33:46.147-0300] {dag.py:3954} INFO - Setting next_dagrun for latest_only to 2024-05-11 12:00:00+00:00, run_after=2024-05-11 16:00:00+00:00
[2024-05-11T16:33:46.221-0300] {processor.py:183} INFO - Processing /home/patricia/Documentos/airflow/airflow_venv/lib/python3.10/site-packages/airflow/example_dags/example_latest_only.py took 0.260 seconds
[2024-05-11T16:35:21.824-0300] {processor.py:161} INFO - Started process (PID=11805) to work on /home/patricia/Documentos/airflow/airflow_venv/lib/python3.10/site-packages/airflow/example_dags/example_latest_only.py
[2024-05-11T16:35:21.829-0300] {processor.py:830} INFO - Processing file /home/patricia/Documentos/airflow/airflow_venv/lib/python3.10/site-packages/airflow/example_dags/example_latest_only.py for tasks to queue
[2024-05-11T16:35:21.836-0300] {logging_mixin.py:188} INFO - [2024-05-11T16:35:21.835-0300] {dagbag.py:545} INFO - Filling up the DagBag from /home/patricia/Documentos/airflow/airflow_venv/lib/python3.10/site-packages/airflow/example_dags/example_latest_only.py
[2024-05-11T16:35:21.854-0300] {processor.py:840} INFO - DAG(s) 'latest_only' retrieved from /home/patricia/Documentos/airflow/airflow_venv/lib/python3.10/site-packages/airflow/example_dags/example_latest_only.py
[2024-05-11T16:35:21.926-0300] {logging_mixin.py:188} INFO - [2024-05-11T16:35:21.925-0300] {dag.py:3096} INFO - Sync 1 DAGs
[2024-05-11T16:35:22.038-0300] {logging_mixin.py:188} INFO - [2024-05-11T16:35:22.038-0300] {dag.py:3954} INFO - Setting next_dagrun for latest_only to 2024-05-11 12:00:00+00:00, run_after=2024-05-11 16:00:00+00:00
[2024-05-11T16:35:22.234-0300] {processor.py:183} INFO - Processing /home/patricia/Documentos/airflow/airflow_venv/lib/python3.10/site-packages/airflow/example_dags/example_latest_only.py took 0.440 seconds
[2024-05-11T16:36:58.072-0300] {processor.py:161} INFO - Started process (PID=11953) to work on /home/patricia/Documentos/airflow/airflow_venv/lib/python3.10/site-packages/airflow/example_dags/example_latest_only.py
[2024-05-11T16:36:58.082-0300] {processor.py:830} INFO - Processing file /home/patricia/Documentos/airflow/airflow_venv/lib/python3.10/site-packages/airflow/example_dags/example_latest_only.py for tasks to queue
[2024-05-11T16:36:58.092-0300] {logging_mixin.py:188} INFO - [2024-05-11T16:36:58.090-0300] {dagbag.py:545} INFO - Filling up the DagBag from /home/patricia/Documentos/airflow/airflow_venv/lib/python3.10/site-packages/airflow/example_dags/example_latest_only.py
[2024-05-11T16:36:58.111-0300] {processor.py:840} INFO - DAG(s) 'latest_only' retrieved from /home/patricia/Documentos/airflow/airflow_venv/lib/python3.10/site-packages/airflow/example_dags/example_latest_only.py
[2024-05-11T16:36:58.150-0300] {logging_mixin.py:188} INFO - [2024-05-11T16:36:58.149-0300] {dag.py:3096} INFO - Sync 1 DAGs
[2024-05-11T16:36:58.197-0300] {logging_mixin.py:188} INFO - [2024-05-11T16:36:58.197-0300] {dag.py:3954} INFO - Setting next_dagrun for latest_only to 2024-05-11 12:00:00+00:00, run_after=2024-05-11 16:00:00+00:00
[2024-05-11T16:36:58.259-0300] {processor.py:183} INFO - Processing /home/patricia/Documentos/airflow/airflow_venv/lib/python3.10/site-packages/airflow/example_dags/example_latest_only.py took 0.228 seconds
