[2024-05-11T15:11:37.103-0300] {processor.py:161} INFO - Started process (PID=4526) to work on /home/patricia/Documentos/airflow/airflow_venv/lib/python3.10/site-packages/airflow/example_dags/example_params_ui_tutorial.py
[2024-05-11T15:11:37.105-0300] {processor.py:830} INFO - Processing file /home/patricia/Documentos/airflow/airflow_venv/lib/python3.10/site-packages/airflow/example_dags/example_params_ui_tutorial.py for tasks to queue
[2024-05-11T15:11:37.108-0300] {logging_mixin.py:188} INFO - [2024-05-11T15:11:37.107-0300] {dagbag.py:545} INFO - Filling up the DagBag from /home/patricia/Documentos/airflow/airflow_venv/lib/python3.10/site-packages/airflow/example_dags/example_params_ui_tutorial.py
[2024-05-11T15:11:37.129-0300] {processor.py:840} INFO - DAG(s) 'example_params_ui_tutorial' retrieved from /home/patricia/Documentos/airflow/airflow_venv/lib/python3.10/site-packages/airflow/example_dags/example_params_ui_tutorial.py
[2024-05-11T15:11:37.397-0300] {logging_mixin.py:188} INFO - [2024-05-11T15:11:37.396-0300] {dag.py:3096} INFO - Sync 1 DAGs
[2024-05-11T15:11:37.416-0300] {logging_mixin.py:188} INFO - [2024-05-11T15:11:37.416-0300] {dag.py:3954} INFO - Setting next_dagrun for example_params_ui_tutorial to None, run_after=None
[2024-05-11T15:11:37.591-0300] {processor.py:183} INFO - Processing /home/patricia/Documentos/airflow/airflow_venv/lib/python3.10/site-packages/airflow/example_dags/example_params_ui_tutorial.py took 0.500 seconds
[2024-05-11T15:13:41.858-0300] {processor.py:161} INFO - Started process (PID=4749) to work on /home/patricia/Documentos/airflow/airflow_venv/lib/python3.10/site-packages/airflow/example_dags/example_params_ui_tutorial.py
[2024-05-11T15:13:41.862-0300] {processor.py:830} INFO - Processing file /home/patricia/Documentos/airflow/airflow_venv/lib/python3.10/site-packages/airflow/example_dags/example_params_ui_tutorial.py for tasks to queue
[2024-05-11T15:13:41.866-0300] {logging_mixin.py:188} INFO - [2024-05-11T15:13:41.866-0300] {dagbag.py:545} INFO - Filling up the DagBag from /home/patricia/Documentos/airflow/airflow_venv/lib/python3.10/site-packages/airflow/example_dags/example_params_ui_tutorial.py
[2024-05-11T15:13:41.895-0300] {processor.py:840} INFO - DAG(s) 'example_params_ui_tutorial' retrieved from /home/patricia/Documentos/airflow/airflow_venv/lib/python3.10/site-packages/airflow/example_dags/example_params_ui_tutorial.py
[2024-05-11T15:13:41.981-0300] {logging_mixin.py:188} INFO - [2024-05-11T15:13:41.981-0300] {dag.py:3096} INFO - Sync 1 DAGs
[2024-05-11T15:13:41.994-0300] {logging_mixin.py:188} INFO - [2024-05-11T15:13:41.993-0300] {dag.py:3954} INFO - Setting next_dagrun for example_params_ui_tutorial to None, run_after=None
[2024-05-11T15:13:42.030-0300] {processor.py:183} INFO - Processing /home/patricia/Documentos/airflow/airflow_venv/lib/python3.10/site-packages/airflow/example_dags/example_params_ui_tutorial.py took 0.188 seconds
[2024-05-11T15:15:12.470-0300] {processor.py:161} INFO - Started process (PID=4967) to work on /home/patricia/Documentos/airflow/airflow_venv/lib/python3.10/site-packages/airflow/example_dags/example_params_ui_tutorial.py
[2024-05-11T15:15:12.473-0300] {processor.py:830} INFO - Processing file /home/patricia/Documentos/airflow/airflow_venv/lib/python3.10/site-packages/airflow/example_dags/example_params_ui_tutorial.py for tasks to queue
[2024-05-11T15:15:12.477-0300] {logging_mixin.py:188} INFO - [2024-05-11T15:15:12.476-0300] {dagbag.py:545} INFO - Filling up the DagBag from /home/patricia/Documentos/airflow/airflow_venv/lib/python3.10/site-packages/airflow/example_dags/example_params_ui_tutorial.py
[2024-05-11T15:15:12.498-0300] {processor.py:840} INFO - DAG(s) 'example_params_ui_tutorial' retrieved from /home/patricia/Documentos/airflow/airflow_venv/lib/python3.10/site-packages/airflow/example_dags/example_params_ui_tutorial.py
[2024-05-11T15:15:12.563-0300] {logging_mixin.py:188} INFO - [2024-05-11T15:15:12.562-0300] {dag.py:3096} INFO - Sync 1 DAGs
[2024-05-11T15:15:12.595-0300] {logging_mixin.py:188} INFO - [2024-05-11T15:15:12.595-0300] {dag.py:3954} INFO - Setting next_dagrun for example_params_ui_tutorial to None, run_after=None
[2024-05-11T15:15:12.704-0300] {processor.py:183} INFO - Processing /home/patricia/Documentos/airflow/airflow_venv/lib/python3.10/site-packages/airflow/example_dags/example_params_ui_tutorial.py took 0.242 seconds
[2024-05-11T15:16:15.863-0300] {processor.py:161} INFO - Started process (PID=5106) to work on /home/patricia/Documentos/airflow/airflow_venv/lib/python3.10/site-packages/airflow/example_dags/example_params_ui_tutorial.py
[2024-05-11T15:16:15.870-0300] {processor.py:830} INFO - Processing file /home/patricia/Documentos/airflow/airflow_venv/lib/python3.10/site-packages/airflow/example_dags/example_params_ui_tutorial.py for tasks to queue
[2024-05-11T15:16:15.875-0300] {logging_mixin.py:188} INFO - [2024-05-11T15:16:15.873-0300] {dagbag.py:545} INFO - Filling up the DagBag from /home/patricia/Documentos/airflow/airflow_venv/lib/python3.10/site-packages/airflow/example_dags/example_params_ui_tutorial.py
[2024-05-11T15:16:15.934-0300] {processor.py:840} INFO - DAG(s) 'example_params_ui_tutorial' retrieved from /home/patricia/Documentos/airflow/airflow_venv/lib/python3.10/site-packages/airflow/example_dags/example_params_ui_tutorial.py
[2024-05-11T15:16:16.064-0300] {logging_mixin.py:188} INFO - [2024-05-11T15:16:16.063-0300] {dag.py:3096} INFO - Sync 1 DAGs
[2024-05-11T15:16:16.090-0300] {logging_mixin.py:188} INFO - [2024-05-11T15:16:16.089-0300] {dag.py:3954} INFO - Setting next_dagrun for example_params_ui_tutorial to None, run_after=None
[2024-05-11T15:16:16.163-0300] {processor.py:183} INFO - Processing /home/patricia/Documentos/airflow/airflow_venv/lib/python3.10/site-packages/airflow/example_dags/example_params_ui_tutorial.py took 0.308 seconds
[2024-05-11T15:17:19.129-0300] {processor.py:161} INFO - Started process (PID=5238) to work on /home/patricia/Documentos/airflow/airflow_venv/lib/python3.10/site-packages/airflow/example_dags/example_params_ui_tutorial.py
[2024-05-11T15:17:19.133-0300] {processor.py:830} INFO - Processing file /home/patricia/Documentos/airflow/airflow_venv/lib/python3.10/site-packages/airflow/example_dags/example_params_ui_tutorial.py for tasks to queue
[2024-05-11T15:17:19.142-0300] {logging_mixin.py:188} INFO - [2024-05-11T15:17:19.141-0300] {dagbag.py:545} INFO - Filling up the DagBag from /home/patricia/Documentos/airflow/airflow_venv/lib/python3.10/site-packages/airflow/example_dags/example_params_ui_tutorial.py
[2024-05-11T15:17:19.169-0300] {processor.py:840} INFO - DAG(s) 'example_params_ui_tutorial' retrieved from /home/patricia/Documentos/airflow/airflow_venv/lib/python3.10/site-packages/airflow/example_dags/example_params_ui_tutorial.py
[2024-05-11T15:17:19.300-0300] {logging_mixin.py:188} INFO - [2024-05-11T15:17:19.300-0300] {dag.py:3096} INFO - Sync 1 DAGs
[2024-05-11T15:17:19.334-0300] {logging_mixin.py:188} INFO - [2024-05-11T15:17:19.334-0300] {dag.py:3954} INFO - Setting next_dagrun for example_params_ui_tutorial to None, run_after=None
[2024-05-11T15:17:19.407-0300] {processor.py:183} INFO - Processing /home/patricia/Documentos/airflow/airflow_venv/lib/python3.10/site-packages/airflow/example_dags/example_params_ui_tutorial.py took 0.294 seconds
[2024-05-11T15:18:26.686-0300] {processor.py:161} INFO - Started process (PID=5634) to work on /home/patricia/Documentos/airflow/airflow_venv/lib/python3.10/site-packages/airflow/example_dags/example_params_ui_tutorial.py
[2024-05-11T15:18:26.689-0300] {processor.py:830} INFO - Processing file /home/patricia/Documentos/airflow/airflow_venv/lib/python3.10/site-packages/airflow/example_dags/example_params_ui_tutorial.py for tasks to queue
[2024-05-11T15:18:26.693-0300] {logging_mixin.py:188} INFO - [2024-05-11T15:18:26.692-0300] {dagbag.py:545} INFO - Filling up the DagBag from /home/patricia/Documentos/airflow/airflow_venv/lib/python3.10/site-packages/airflow/example_dags/example_params_ui_tutorial.py
[2024-05-11T15:18:26.726-0300] {processor.py:840} INFO - DAG(s) 'example_params_ui_tutorial' retrieved from /home/patricia/Documentos/airflow/airflow_venv/lib/python3.10/site-packages/airflow/example_dags/example_params_ui_tutorial.py
[2024-05-11T15:18:26.849-0300] {logging_mixin.py:188} INFO - [2024-05-11T15:18:26.849-0300] {dag.py:3096} INFO - Sync 1 DAGs
[2024-05-11T15:18:26.869-0300] {logging_mixin.py:188} INFO - [2024-05-11T15:18:26.868-0300] {dag.py:3954} INFO - Setting next_dagrun for example_params_ui_tutorial to None, run_after=None
[2024-05-11T15:18:26.955-0300] {processor.py:183} INFO - Processing /home/patricia/Documentos/airflow/airflow_venv/lib/python3.10/site-packages/airflow/example_dags/example_params_ui_tutorial.py took 0.283 seconds
[2024-05-11T15:19:36.136-0300] {processor.py:161} INFO - Started process (PID=6000) to work on /home/patricia/Documentos/airflow/airflow_venv/lib/python3.10/site-packages/airflow/example_dags/example_params_ui_tutorial.py
[2024-05-11T15:19:36.139-0300] {processor.py:830} INFO - Processing file /home/patricia/Documentos/airflow/airflow_venv/lib/python3.10/site-packages/airflow/example_dags/example_params_ui_tutorial.py for tasks to queue
[2024-05-11T15:19:36.143-0300] {logging_mixin.py:188} INFO - [2024-05-11T15:19:36.142-0300] {dagbag.py:545} INFO - Filling up the DagBag from /home/patricia/Documentos/airflow/airflow_venv/lib/python3.10/site-packages/airflow/example_dags/example_params_ui_tutorial.py
[2024-05-11T15:19:36.166-0300] {processor.py:840} INFO - DAG(s) 'example_params_ui_tutorial' retrieved from /home/patricia/Documentos/airflow/airflow_venv/lib/python3.10/site-packages/airflow/example_dags/example_params_ui_tutorial.py
[2024-05-11T15:19:36.299-0300] {logging_mixin.py:188} INFO - [2024-05-11T15:19:36.299-0300] {dag.py:3096} INFO - Sync 1 DAGs
[2024-05-11T15:19:36.318-0300] {logging_mixin.py:188} INFO - [2024-05-11T15:19:36.317-0300] {dag.py:3954} INFO - Setting next_dagrun for example_params_ui_tutorial to None, run_after=None
[2024-05-11T15:19:36.431-0300] {processor.py:183} INFO - Processing /home/patricia/Documentos/airflow/airflow_venv/lib/python3.10/site-packages/airflow/example_dags/example_params_ui_tutorial.py took 0.304 seconds
[2024-05-11T15:21:17.308-0300] {processor.py:161} INFO - Started process (PID=6174) to work on /home/patricia/Documentos/airflow/airflow_venv/lib/python3.10/site-packages/airflow/example_dags/example_params_ui_tutorial.py
[2024-05-11T15:21:17.316-0300] {processor.py:830} INFO - Processing file /home/patricia/Documentos/airflow/airflow_venv/lib/python3.10/site-packages/airflow/example_dags/example_params_ui_tutorial.py for tasks to queue
[2024-05-11T15:21:17.325-0300] {logging_mixin.py:188} INFO - [2024-05-11T15:21:17.319-0300] {dagbag.py:545} INFO - Filling up the DagBag from /home/patricia/Documentos/airflow/airflow_venv/lib/python3.10/site-packages/airflow/example_dags/example_params_ui_tutorial.py
[2024-05-11T15:21:17.342-0300] {processor.py:840} INFO - DAG(s) 'example_params_ui_tutorial' retrieved from /home/patricia/Documentos/airflow/airflow_venv/lib/python3.10/site-packages/airflow/example_dags/example_params_ui_tutorial.py
[2024-05-11T15:21:17.429-0300] {logging_mixin.py:188} INFO - [2024-05-11T15:21:17.429-0300] {dag.py:3096} INFO - Sync 1 DAGs
[2024-05-11T15:21:17.461-0300] {logging_mixin.py:188} INFO - [2024-05-11T15:21:17.461-0300] {dag.py:3954} INFO - Setting next_dagrun for example_params_ui_tutorial to None, run_after=None
[2024-05-11T15:21:17.501-0300] {processor.py:183} INFO - Processing /home/patricia/Documentos/airflow/airflow_venv/lib/python3.10/site-packages/airflow/example_dags/example_params_ui_tutorial.py took 0.205 seconds
[2024-05-11T15:22:41.247-0300] {processor.py:161} INFO - Started process (PID=6347) to work on /home/patricia/Documentos/airflow/airflow_venv/lib/python3.10/site-packages/airflow/example_dags/example_params_ui_tutorial.py
[2024-05-11T15:22:41.249-0300] {processor.py:830} INFO - Processing file /home/patricia/Documentos/airflow/airflow_venv/lib/python3.10/site-packages/airflow/example_dags/example_params_ui_tutorial.py for tasks to queue
[2024-05-11T15:22:41.251-0300] {logging_mixin.py:188} INFO - [2024-05-11T15:22:41.251-0300] {dagbag.py:545} INFO - Filling up the DagBag from /home/patricia/Documentos/airflow/airflow_venv/lib/python3.10/site-packages/airflow/example_dags/example_params_ui_tutorial.py
[2024-05-11T15:22:41.269-0300] {processor.py:840} INFO - DAG(s) 'example_params_ui_tutorial' retrieved from /home/patricia/Documentos/airflow/airflow_venv/lib/python3.10/site-packages/airflow/example_dags/example_params_ui_tutorial.py
[2024-05-11T15:22:41.321-0300] {logging_mixin.py:188} INFO - [2024-05-11T15:22:41.321-0300] {dag.py:3096} INFO - Sync 1 DAGs
[2024-05-11T15:22:41.335-0300] {logging_mixin.py:188} INFO - [2024-05-11T15:22:41.334-0300] {dag.py:3954} INFO - Setting next_dagrun for example_params_ui_tutorial to None, run_after=None
[2024-05-11T15:22:41.367-0300] {processor.py:183} INFO - Processing /home/patricia/Documentos/airflow/airflow_venv/lib/python3.10/site-packages/airflow/example_dags/example_params_ui_tutorial.py took 0.128 seconds
[2024-05-11T15:23:41.275-0300] {processor.py:161} INFO - Started process (PID=6480) to work on /home/patricia/Documentos/airflow/airflow_venv/lib/python3.10/site-packages/airflow/example_dags/example_params_ui_tutorial.py
[2024-05-11T15:23:41.282-0300] {processor.py:830} INFO - Processing file /home/patricia/Documentos/airflow/airflow_venv/lib/python3.10/site-packages/airflow/example_dags/example_params_ui_tutorial.py for tasks to queue
[2024-05-11T15:23:41.285-0300] {logging_mixin.py:188} INFO - [2024-05-11T15:23:41.285-0300] {dagbag.py:545} INFO - Filling up the DagBag from /home/patricia/Documentos/airflow/airflow_venv/lib/python3.10/site-packages/airflow/example_dags/example_params_ui_tutorial.py
[2024-05-11T15:23:41.300-0300] {processor.py:840} INFO - DAG(s) 'example_params_ui_tutorial' retrieved from /home/patricia/Documentos/airflow/airflow_venv/lib/python3.10/site-packages/airflow/example_dags/example_params_ui_tutorial.py
[2024-05-11T15:23:41.358-0300] {logging_mixin.py:188} INFO - [2024-05-11T15:23:41.357-0300] {dag.py:3096} INFO - Sync 1 DAGs
[2024-05-11T15:23:41.376-0300] {logging_mixin.py:188} INFO - [2024-05-11T15:23:41.376-0300] {dag.py:3954} INFO - Setting next_dagrun for example_params_ui_tutorial to None, run_after=None
[2024-05-11T15:23:41.421-0300] {processor.py:183} INFO - Processing /home/patricia/Documentos/airflow/airflow_venv/lib/python3.10/site-packages/airflow/example_dags/example_params_ui_tutorial.py took 0.153 seconds
[2024-05-11T15:24:42.789-0300] {processor.py:161} INFO - Started process (PID=6592) to work on /home/patricia/Documentos/airflow/airflow_venv/lib/python3.10/site-packages/airflow/example_dags/example_params_ui_tutorial.py
[2024-05-11T15:24:42.791-0300] {processor.py:830} INFO - Processing file /home/patricia/Documentos/airflow/airflow_venv/lib/python3.10/site-packages/airflow/example_dags/example_params_ui_tutorial.py for tasks to queue
[2024-05-11T15:24:42.794-0300] {logging_mixin.py:188} INFO - [2024-05-11T15:24:42.793-0300] {dagbag.py:545} INFO - Filling up the DagBag from /home/patricia/Documentos/airflow/airflow_venv/lib/python3.10/site-packages/airflow/example_dags/example_params_ui_tutorial.py
[2024-05-11T15:24:42.810-0300] {processor.py:840} INFO - DAG(s) 'example_params_ui_tutorial' retrieved from /home/patricia/Documentos/airflow/airflow_venv/lib/python3.10/site-packages/airflow/example_dags/example_params_ui_tutorial.py
[2024-05-11T15:24:42.868-0300] {logging_mixin.py:188} INFO - [2024-05-11T15:24:42.868-0300] {dag.py:3096} INFO - Sync 1 DAGs
[2024-05-11T15:24:42.888-0300] {logging_mixin.py:188} INFO - [2024-05-11T15:24:42.888-0300] {dag.py:3954} INFO - Setting next_dagrun for example_params_ui_tutorial to None, run_after=None
[2024-05-11T15:24:42.923-0300] {processor.py:183} INFO - Processing /home/patricia/Documentos/airflow/airflow_venv/lib/python3.10/site-packages/airflow/example_dags/example_params_ui_tutorial.py took 0.143 seconds
[2024-05-11T15:26:42.186-0300] {processor.py:161} INFO - Started process (PID=7554) to work on /home/patricia/Documentos/airflow/airflow_venv/lib/python3.10/site-packages/airflow/example_dags/example_params_ui_tutorial.py
[2024-05-11T15:26:42.190-0300] {processor.py:830} INFO - Processing file /home/patricia/Documentos/airflow/airflow_venv/lib/python3.10/site-packages/airflow/example_dags/example_params_ui_tutorial.py for tasks to queue
[2024-05-11T15:26:42.192-0300] {logging_mixin.py:188} INFO - [2024-05-11T15:26:42.192-0300] {dagbag.py:545} INFO - Filling up the DagBag from /home/patricia/Documentos/airflow/airflow_venv/lib/python3.10/site-packages/airflow/example_dags/example_params_ui_tutorial.py
[2024-05-11T15:26:42.205-0300] {processor.py:840} INFO - DAG(s) 'example_params_ui_tutorial' retrieved from /home/patricia/Documentos/airflow/airflow_venv/lib/python3.10/site-packages/airflow/example_dags/example_params_ui_tutorial.py
[2024-05-11T15:26:42.333-0300] {logging_mixin.py:188} INFO - [2024-05-11T15:26:42.333-0300] {dag.py:3096} INFO - Sync 1 DAGs
[2024-05-11T15:26:42.439-0300] {logging_mixin.py:188} INFO - [2024-05-11T15:26:42.438-0300] {dag.py:3954} INFO - Setting next_dagrun for example_params_ui_tutorial to None, run_after=None
[2024-05-11T15:26:42.473-0300] {processor.py:183} INFO - Processing /home/patricia/Documentos/airflow/airflow_venv/lib/python3.10/site-packages/airflow/example_dags/example_params_ui_tutorial.py took 0.293 seconds
[2024-05-11T15:28:03.189-0300] {processor.py:161} INFO - Started process (PID=7713) to work on /home/patricia/Documentos/airflow/airflow_venv/lib/python3.10/site-packages/airflow/example_dags/example_params_ui_tutorial.py
[2024-05-11T15:28:03.218-0300] {processor.py:830} INFO - Processing file /home/patricia/Documentos/airflow/airflow_venv/lib/python3.10/site-packages/airflow/example_dags/example_params_ui_tutorial.py for tasks to queue
[2024-05-11T15:28:03.222-0300] {logging_mixin.py:188} INFO - [2024-05-11T15:28:03.221-0300] {dagbag.py:545} INFO - Filling up the DagBag from /home/patricia/Documentos/airflow/airflow_venv/lib/python3.10/site-packages/airflow/example_dags/example_params_ui_tutorial.py
[2024-05-11T15:28:03.239-0300] {processor.py:840} INFO - DAG(s) 'example_params_ui_tutorial' retrieved from /home/patricia/Documentos/airflow/airflow_venv/lib/python3.10/site-packages/airflow/example_dags/example_params_ui_tutorial.py
[2024-05-11T15:28:03.335-0300] {logging_mixin.py:188} INFO - [2024-05-11T15:28:03.335-0300] {dag.py:3096} INFO - Sync 1 DAGs
[2024-05-11T15:28:03.367-0300] {logging_mixin.py:188} INFO - [2024-05-11T15:28:03.366-0300] {dag.py:3954} INFO - Setting next_dagrun for example_params_ui_tutorial to None, run_after=None
[2024-05-11T15:28:03.418-0300] {processor.py:183} INFO - Processing /home/patricia/Documentos/airflow/airflow_venv/lib/python3.10/site-packages/airflow/example_dags/example_params_ui_tutorial.py took 0.237 seconds
[2024-05-11T15:29:20.268-0300] {processor.py:161} INFO - Started process (PID=7865) to work on /home/patricia/Documentos/airflow/airflow_venv/lib/python3.10/site-packages/airflow/example_dags/example_params_ui_tutorial.py
[2024-05-11T15:29:20.271-0300] {processor.py:830} INFO - Processing file /home/patricia/Documentos/airflow/airflow_venv/lib/python3.10/site-packages/airflow/example_dags/example_params_ui_tutorial.py for tasks to queue
[2024-05-11T15:29:20.275-0300] {logging_mixin.py:188} INFO - [2024-05-11T15:29:20.275-0300] {dagbag.py:545} INFO - Filling up the DagBag from /home/patricia/Documentos/airflow/airflow_venv/lib/python3.10/site-packages/airflow/example_dags/example_params_ui_tutorial.py
[2024-05-11T15:29:20.541-0300] {processor.py:840} INFO - DAG(s) 'example_params_ui_tutorial' retrieved from /home/patricia/Documentos/airflow/airflow_venv/lib/python3.10/site-packages/airflow/example_dags/example_params_ui_tutorial.py
[2024-05-11T15:29:20.649-0300] {logging_mixin.py:188} INFO - [2024-05-11T15:29:20.649-0300] {dag.py:3096} INFO - Sync 1 DAGs
[2024-05-11T15:29:20.665-0300] {logging_mixin.py:188} INFO - [2024-05-11T15:29:20.665-0300] {dag.py:3954} INFO - Setting next_dagrun for example_params_ui_tutorial to None, run_after=None
[2024-05-11T15:29:20.710-0300] {processor.py:183} INFO - Processing /home/patricia/Documentos/airflow/airflow_venv/lib/python3.10/site-packages/airflow/example_dags/example_params_ui_tutorial.py took 0.456 seconds
[2024-05-11T15:30:51.553-0300] {processor.py:161} INFO - Started process (PID=8062) to work on /home/patricia/Documentos/airflow/airflow_venv/lib/python3.10/site-packages/airflow/example_dags/example_params_ui_tutorial.py
[2024-05-11T15:30:51.557-0300] {processor.py:830} INFO - Processing file /home/patricia/Documentos/airflow/airflow_venv/lib/python3.10/site-packages/airflow/example_dags/example_params_ui_tutorial.py for tasks to queue
[2024-05-11T15:30:51.566-0300] {logging_mixin.py:188} INFO - [2024-05-11T15:30:51.565-0300] {dagbag.py:545} INFO - Filling up the DagBag from /home/patricia/Documentos/airflow/airflow_venv/lib/python3.10/site-packages/airflow/example_dags/example_params_ui_tutorial.py
[2024-05-11T15:30:51.585-0300] {processor.py:840} INFO - DAG(s) 'example_params_ui_tutorial' retrieved from /home/patricia/Documentos/airflow/airflow_venv/lib/python3.10/site-packages/airflow/example_dags/example_params_ui_tutorial.py
[2024-05-11T15:30:51.677-0300] {logging_mixin.py:188} INFO - [2024-05-11T15:30:51.677-0300] {dag.py:3096} INFO - Sync 1 DAGs
[2024-05-11T15:30:51.695-0300] {logging_mixin.py:188} INFO - [2024-05-11T15:30:51.695-0300] {dag.py:3954} INFO - Setting next_dagrun for example_params_ui_tutorial to None, run_after=None
[2024-05-11T15:30:51.857-0300] {processor.py:183} INFO - Processing /home/patricia/Documentos/airflow/airflow_venv/lib/python3.10/site-packages/airflow/example_dags/example_params_ui_tutorial.py took 0.315 seconds
[2024-05-11T15:31:57.976-0300] {processor.py:161} INFO - Started process (PID=8263) to work on /home/patricia/Documentos/airflow/airflow_venv/lib/python3.10/site-packages/airflow/example_dags/example_params_ui_tutorial.py
[2024-05-11T15:31:57.985-0300] {processor.py:830} INFO - Processing file /home/patricia/Documentos/airflow/airflow_venv/lib/python3.10/site-packages/airflow/example_dags/example_params_ui_tutorial.py for tasks to queue
[2024-05-11T15:31:57.992-0300] {logging_mixin.py:188} INFO - [2024-05-11T15:31:57.990-0300] {dagbag.py:545} INFO - Filling up the DagBag from /home/patricia/Documentos/airflow/airflow_venv/lib/python3.10/site-packages/airflow/example_dags/example_params_ui_tutorial.py
[2024-05-11T15:31:58.030-0300] {processor.py:840} INFO - DAG(s) 'example_params_ui_tutorial' retrieved from /home/patricia/Documentos/airflow/airflow_venv/lib/python3.10/site-packages/airflow/example_dags/example_params_ui_tutorial.py
[2024-05-11T15:31:58.126-0300] {logging_mixin.py:188} INFO - [2024-05-11T15:31:58.126-0300] {dag.py:3096} INFO - Sync 1 DAGs
[2024-05-11T15:31:58.156-0300] {logging_mixin.py:188} INFO - [2024-05-11T15:31:58.156-0300] {dag.py:3954} INFO - Setting next_dagrun for example_params_ui_tutorial to None, run_after=None
[2024-05-11T15:31:58.223-0300] {processor.py:183} INFO - Processing /home/patricia/Documentos/airflow/airflow_venv/lib/python3.10/site-packages/airflow/example_dags/example_params_ui_tutorial.py took 0.266 seconds
[2024-05-11T15:33:00.838-0300] {processor.py:161} INFO - Started process (PID=8627) to work on /home/patricia/Documentos/airflow/airflow_venv/lib/python3.10/site-packages/airflow/example_dags/example_params_ui_tutorial.py
[2024-05-11T15:33:00.858-0300] {processor.py:830} INFO - Processing file /home/patricia/Documentos/airflow/airflow_venv/lib/python3.10/site-packages/airflow/example_dags/example_params_ui_tutorial.py for tasks to queue
[2024-05-11T15:33:00.861-0300] {logging_mixin.py:188} INFO - [2024-05-11T15:33:00.860-0300] {dagbag.py:545} INFO - Filling up the DagBag from /home/patricia/Documentos/airflow/airflow_venv/lib/python3.10/site-packages/airflow/example_dags/example_params_ui_tutorial.py
[2024-05-11T15:33:00.880-0300] {processor.py:840} INFO - DAG(s) 'example_params_ui_tutorial' retrieved from /home/patricia/Documentos/airflow/airflow_venv/lib/python3.10/site-packages/airflow/example_dags/example_params_ui_tutorial.py
[2024-05-11T15:33:01.035-0300] {logging_mixin.py:188} INFO - [2024-05-11T15:33:01.035-0300] {dag.py:3096} INFO - Sync 1 DAGs
[2024-05-11T15:33:01.084-0300] {logging_mixin.py:188} INFO - [2024-05-11T15:33:01.084-0300] {dag.py:3954} INFO - Setting next_dagrun for example_params_ui_tutorial to None, run_after=None
[2024-05-11T15:33:01.133-0300] {processor.py:183} INFO - Processing /home/patricia/Documentos/airflow/airflow_venv/lib/python3.10/site-packages/airflow/example_dags/example_params_ui_tutorial.py took 0.317 seconds
[2024-05-11T15:34:15.002-0300] {processor.py:161} INFO - Started process (PID=9269) to work on /home/patricia/Documentos/airflow/airflow_venv/lib/python3.10/site-packages/airflow/example_dags/example_params_ui_tutorial.py
[2024-05-11T15:34:15.006-0300] {processor.py:830} INFO - Processing file /home/patricia/Documentos/airflow/airflow_venv/lib/python3.10/site-packages/airflow/example_dags/example_params_ui_tutorial.py for tasks to queue
[2024-05-11T15:34:15.049-0300] {logging_mixin.py:188} INFO - [2024-05-11T15:34:15.048-0300] {dagbag.py:545} INFO - Filling up the DagBag from /home/patricia/Documentos/airflow/airflow_venv/lib/python3.10/site-packages/airflow/example_dags/example_params_ui_tutorial.py
[2024-05-11T15:34:15.111-0300] {processor.py:840} INFO - DAG(s) 'example_params_ui_tutorial' retrieved from /home/patricia/Documentos/airflow/airflow_venv/lib/python3.10/site-packages/airflow/example_dags/example_params_ui_tutorial.py
[2024-05-11T15:34:15.211-0300] {logging_mixin.py:188} INFO - [2024-05-11T15:34:15.211-0300] {dag.py:3096} INFO - Sync 1 DAGs
[2024-05-11T15:34:15.235-0300] {logging_mixin.py:188} INFO - [2024-05-11T15:34:15.235-0300] {dag.py:3954} INFO - Setting next_dagrun for example_params_ui_tutorial to None, run_after=None
[2024-05-11T15:34:15.289-0300] {processor.py:183} INFO - Processing /home/patricia/Documentos/airflow/airflow_venv/lib/python3.10/site-packages/airflow/example_dags/example_params_ui_tutorial.py took 0.299 seconds
[2024-05-11T15:35:32.821-0300] {processor.py:161} INFO - Started process (PID=9511) to work on /home/patricia/Documentos/airflow/airflow_venv/lib/python3.10/site-packages/airflow/example_dags/example_params_ui_tutorial.py
[2024-05-11T15:35:32.829-0300] {processor.py:830} INFO - Processing file /home/patricia/Documentos/airflow/airflow_venv/lib/python3.10/site-packages/airflow/example_dags/example_params_ui_tutorial.py for tasks to queue
[2024-05-11T15:35:32.833-0300] {logging_mixin.py:188} INFO - [2024-05-11T15:35:32.832-0300] {dagbag.py:545} INFO - Filling up the DagBag from /home/patricia/Documentos/airflow/airflow_venv/lib/python3.10/site-packages/airflow/example_dags/example_params_ui_tutorial.py
[2024-05-11T15:35:32.862-0300] {processor.py:840} INFO - DAG(s) 'example_params_ui_tutorial' retrieved from /home/patricia/Documentos/airflow/airflow_venv/lib/python3.10/site-packages/airflow/example_dags/example_params_ui_tutorial.py
[2024-05-11T15:35:33.011-0300] {logging_mixin.py:188} INFO - [2024-05-11T15:35:33.010-0300] {dag.py:3096} INFO - Sync 1 DAGs
[2024-05-11T15:35:33.048-0300] {logging_mixin.py:188} INFO - [2024-05-11T15:35:33.048-0300] {dag.py:3954} INFO - Setting next_dagrun for example_params_ui_tutorial to None, run_after=None
[2024-05-11T15:35:33.121-0300] {processor.py:183} INFO - Processing /home/patricia/Documentos/airflow/airflow_venv/lib/python3.10/site-packages/airflow/example_dags/example_params_ui_tutorial.py took 0.314 seconds
[2024-05-11T15:36:51.675-0300] {processor.py:161} INFO - Started process (PID=9643) to work on /home/patricia/Documentos/airflow/airflow_venv/lib/python3.10/site-packages/airflow/example_dags/example_params_ui_tutorial.py
[2024-05-11T15:36:51.682-0300] {processor.py:830} INFO - Processing file /home/patricia/Documentos/airflow/airflow_venv/lib/python3.10/site-packages/airflow/example_dags/example_params_ui_tutorial.py for tasks to queue
[2024-05-11T15:36:51.688-0300] {logging_mixin.py:188} INFO - [2024-05-11T15:36:51.686-0300] {dagbag.py:545} INFO - Filling up the DagBag from /home/patricia/Documentos/airflow/airflow_venv/lib/python3.10/site-packages/airflow/example_dags/example_params_ui_tutorial.py
[2024-05-11T15:36:51.755-0300] {processor.py:840} INFO - DAG(s) 'example_params_ui_tutorial' retrieved from /home/patricia/Documentos/airflow/airflow_venv/lib/python3.10/site-packages/airflow/example_dags/example_params_ui_tutorial.py
[2024-05-11T15:36:52.040-0300] {logging_mixin.py:188} INFO - [2024-05-11T15:36:52.039-0300] {dag.py:3096} INFO - Sync 1 DAGs
[2024-05-11T15:36:52.098-0300] {logging_mixin.py:188} INFO - [2024-05-11T15:36:52.097-0300] {dag.py:3954} INFO - Setting next_dagrun for example_params_ui_tutorial to None, run_after=None
[2024-05-11T15:36:52.342-0300] {processor.py:183} INFO - Processing /home/patricia/Documentos/airflow/airflow_venv/lib/python3.10/site-packages/airflow/example_dags/example_params_ui_tutorial.py took 0.690 seconds
[2024-05-11T15:38:59.526-0300] {processor.py:161} INFO - Started process (PID=9996) to work on /home/patricia/Documentos/airflow/airflow_venv/lib/python3.10/site-packages/airflow/example_dags/example_params_ui_tutorial.py
[2024-05-11T15:38:59.528-0300] {processor.py:830} INFO - Processing file /home/patricia/Documentos/airflow/airflow_venv/lib/python3.10/site-packages/airflow/example_dags/example_params_ui_tutorial.py for tasks to queue
[2024-05-11T15:38:59.531-0300] {logging_mixin.py:188} INFO - [2024-05-11T15:38:59.531-0300] {dagbag.py:545} INFO - Filling up the DagBag from /home/patricia/Documentos/airflow/airflow_venv/lib/python3.10/site-packages/airflow/example_dags/example_params_ui_tutorial.py
[2024-05-11T15:38:59.545-0300] {processor.py:840} INFO - DAG(s) 'example_params_ui_tutorial' retrieved from /home/patricia/Documentos/airflow/airflow_venv/lib/python3.10/site-packages/airflow/example_dags/example_params_ui_tutorial.py
[2024-05-11T15:38:59.594-0300] {logging_mixin.py:188} INFO - [2024-05-11T15:38:59.594-0300] {dag.py:3096} INFO - Sync 1 DAGs
[2024-05-11T15:38:59.608-0300] {logging_mixin.py:188} INFO - [2024-05-11T15:38:59.607-0300] {dag.py:3954} INFO - Setting next_dagrun for example_params_ui_tutorial to None, run_after=None
[2024-05-11T15:38:59.645-0300] {processor.py:183} INFO - Processing /home/patricia/Documentos/airflow/airflow_venv/lib/python3.10/site-packages/airflow/example_dags/example_params_ui_tutorial.py took 0.126 seconds
[2024-05-11T15:40:16.071-0300] {processor.py:161} INFO - Started process (PID=10376) to work on /home/patricia/Documentos/airflow/airflow_venv/lib/python3.10/site-packages/airflow/example_dags/example_params_ui_tutorial.py
[2024-05-11T15:40:16.074-0300] {processor.py:830} INFO - Processing file /home/patricia/Documentos/airflow/airflow_venv/lib/python3.10/site-packages/airflow/example_dags/example_params_ui_tutorial.py for tasks to queue
[2024-05-11T15:40:16.076-0300] {logging_mixin.py:188} INFO - [2024-05-11T15:40:16.075-0300] {dagbag.py:545} INFO - Filling up the DagBag from /home/patricia/Documentos/airflow/airflow_venv/lib/python3.10/site-packages/airflow/example_dags/example_params_ui_tutorial.py
[2024-05-11T15:40:16.091-0300] {processor.py:840} INFO - DAG(s) 'example_params_ui_tutorial' retrieved from /home/patricia/Documentos/airflow/airflow_venv/lib/python3.10/site-packages/airflow/example_dags/example_params_ui_tutorial.py
[2024-05-11T15:40:16.138-0300] {logging_mixin.py:188} INFO - [2024-05-11T15:40:16.137-0300] {dag.py:3096} INFO - Sync 1 DAGs
[2024-05-11T15:40:16.155-0300] {logging_mixin.py:188} INFO - [2024-05-11T15:40:16.154-0300] {dag.py:3954} INFO - Setting next_dagrun for example_params_ui_tutorial to None, run_after=None
[2024-05-11T15:40:16.223-0300] {processor.py:183} INFO - Processing /home/patricia/Documentos/airflow/airflow_venv/lib/python3.10/site-packages/airflow/example_dags/example_params_ui_tutorial.py took 0.161 seconds
[2024-05-11T16:28:38.676-0300] {processor.py:161} INFO - Started process (PID=11032) to work on /home/patricia/Documentos/airflow/airflow_venv/lib/python3.10/site-packages/airflow/example_dags/example_params_ui_tutorial.py
[2024-05-11T16:28:38.681-0300] {processor.py:830} INFO - Processing file /home/patricia/Documentos/airflow/airflow_venv/lib/python3.10/site-packages/airflow/example_dags/example_params_ui_tutorial.py for tasks to queue
[2024-05-11T16:28:38.687-0300] {logging_mixin.py:188} INFO - [2024-05-11T16:28:38.686-0300] {dagbag.py:545} INFO - Filling up the DagBag from /home/patricia/Documentos/airflow/airflow_venv/lib/python3.10/site-packages/airflow/example_dags/example_params_ui_tutorial.py
[2024-05-11T16:28:38.717-0300] {processor.py:840} INFO - DAG(s) 'example_params_ui_tutorial' retrieved from /home/patricia/Documentos/airflow/airflow_venv/lib/python3.10/site-packages/airflow/example_dags/example_params_ui_tutorial.py
[2024-05-11T16:28:39.026-0300] {logging_mixin.py:188} INFO - [2024-05-11T16:28:39.026-0300] {dag.py:3096} INFO - Sync 1 DAGs
[2024-05-11T16:28:39.280-0300] {logging_mixin.py:188} INFO - [2024-05-11T16:28:39.280-0300] {dag.py:3954} INFO - Setting next_dagrun for example_params_ui_tutorial to None, run_after=None
[2024-05-11T16:28:39.353-0300] {processor.py:183} INFO - Processing /home/patricia/Documentos/airflow/airflow_venv/lib/python3.10/site-packages/airflow/example_dags/example_params_ui_tutorial.py took 0.692 seconds
[2024-05-11T16:30:51.395-0300] {processor.py:161} INFO - Started process (PID=11298) to work on /home/patricia/Documentos/airflow/airflow_venv/lib/python3.10/site-packages/airflow/example_dags/example_params_ui_tutorial.py
[2024-05-11T16:30:51.402-0300] {processor.py:830} INFO - Processing file /home/patricia/Documentos/airflow/airflow_venv/lib/python3.10/site-packages/airflow/example_dags/example_params_ui_tutorial.py for tasks to queue
[2024-05-11T16:30:51.430-0300] {logging_mixin.py:188} INFO - [2024-05-11T16:30:51.429-0300] {dagbag.py:545} INFO - Filling up the DagBag from /home/patricia/Documentos/airflow/airflow_venv/lib/python3.10/site-packages/airflow/example_dags/example_params_ui_tutorial.py
[2024-05-11T16:30:51.465-0300] {processor.py:840} INFO - DAG(s) 'example_params_ui_tutorial' retrieved from /home/patricia/Documentos/airflow/airflow_venv/lib/python3.10/site-packages/airflow/example_dags/example_params_ui_tutorial.py
[2024-05-11T16:30:51.745-0300] {logging_mixin.py:188} INFO - [2024-05-11T16:30:51.744-0300] {dag.py:3096} INFO - Sync 1 DAGs
[2024-05-11T16:30:51.772-0300] {logging_mixin.py:188} INFO - [2024-05-11T16:30:51.772-0300] {dag.py:3954} INFO - Setting next_dagrun for example_params_ui_tutorial to None, run_after=None
[2024-05-11T16:30:51.941-0300] {processor.py:183} INFO - Processing /home/patricia/Documentos/airflow/airflow_venv/lib/python3.10/site-packages/airflow/example_dags/example_params_ui_tutorial.py took 0.561 seconds
[2024-05-11T16:32:55.487-0300] {processor.py:161} INFO - Started process (PID=11515) to work on /home/patricia/Documentos/airflow/airflow_venv/lib/python3.10/site-packages/airflow/example_dags/example_params_ui_tutorial.py
[2024-05-11T16:32:55.497-0300] {processor.py:830} INFO - Processing file /home/patricia/Documentos/airflow/airflow_venv/lib/python3.10/site-packages/airflow/example_dags/example_params_ui_tutorial.py for tasks to queue
[2024-05-11T16:32:55.506-0300] {logging_mixin.py:188} INFO - [2024-05-11T16:32:55.503-0300] {dagbag.py:545} INFO - Filling up the DagBag from /home/patricia/Documentos/airflow/airflow_venv/lib/python3.10/site-packages/airflow/example_dags/example_params_ui_tutorial.py
[2024-05-11T16:32:55.569-0300] {processor.py:840} INFO - DAG(s) 'example_params_ui_tutorial' retrieved from /home/patricia/Documentos/airflow/airflow_venv/lib/python3.10/site-packages/airflow/example_dags/example_params_ui_tutorial.py
[2024-05-11T16:32:55.751-0300] {logging_mixin.py:188} INFO - [2024-05-11T16:32:55.750-0300] {dag.py:3096} INFO - Sync 1 DAGs
[2024-05-11T16:32:55.892-0300] {logging_mixin.py:188} INFO - [2024-05-11T16:32:55.891-0300] {dag.py:3954} INFO - Setting next_dagrun for example_params_ui_tutorial to None, run_after=None
[2024-05-11T16:32:55.964-0300] {processor.py:183} INFO - Processing /home/patricia/Documentos/airflow/airflow_venv/lib/python3.10/site-packages/airflow/example_dags/example_params_ui_tutorial.py took 0.523 seconds
[2024-05-11T16:34:38.185-0300] {processor.py:161} INFO - Started process (PID=11737) to work on /home/patricia/Documentos/airflow/airflow_venv/lib/python3.10/site-packages/airflow/example_dags/example_params_ui_tutorial.py
[2024-05-11T16:34:38.191-0300] {processor.py:830} INFO - Processing file /home/patricia/Documentos/airflow/airflow_venv/lib/python3.10/site-packages/airflow/example_dags/example_params_ui_tutorial.py for tasks to queue
[2024-05-11T16:34:38.199-0300] {logging_mixin.py:188} INFO - [2024-05-11T16:34:38.198-0300] {dagbag.py:545} INFO - Filling up the DagBag from /home/patricia/Documentos/airflow/airflow_venv/lib/python3.10/site-packages/airflow/example_dags/example_params_ui_tutorial.py
[2024-05-11T16:34:38.239-0300] {processor.py:840} INFO - DAG(s) 'example_params_ui_tutorial' retrieved from /home/patricia/Documentos/airflow/airflow_venv/lib/python3.10/site-packages/airflow/example_dags/example_params_ui_tutorial.py
[2024-05-11T16:34:38.399-0300] {logging_mixin.py:188} INFO - [2024-05-11T16:34:38.399-0300] {dag.py:3096} INFO - Sync 1 DAGs
[2024-05-11T16:34:38.426-0300] {logging_mixin.py:188} INFO - [2024-05-11T16:34:38.426-0300] {dag.py:3954} INFO - Setting next_dagrun for example_params_ui_tutorial to None, run_after=None
[2024-05-11T16:34:38.487-0300] {processor.py:183} INFO - Processing /home/patricia/Documentos/airflow/airflow_venv/lib/python3.10/site-packages/airflow/example_dags/example_params_ui_tutorial.py took 0.331 seconds
[2024-05-11T16:36:18.256-0300] {processor.py:161} INFO - Started process (PID=11891) to work on /home/patricia/Documentos/airflow/airflow_venv/lib/python3.10/site-packages/airflow/example_dags/example_params_ui_tutorial.py
[2024-05-11T16:36:18.271-0300] {processor.py:830} INFO - Processing file /home/patricia/Documentos/airflow/airflow_venv/lib/python3.10/site-packages/airflow/example_dags/example_params_ui_tutorial.py for tasks to queue
[2024-05-11T16:36:18.280-0300] {logging_mixin.py:188} INFO - [2024-05-11T16:36:18.278-0300] {dagbag.py:545} INFO - Filling up the DagBag from /home/patricia/Documentos/airflow/airflow_venv/lib/python3.10/site-packages/airflow/example_dags/example_params_ui_tutorial.py
[2024-05-11T16:36:18.355-0300] {processor.py:840} INFO - DAG(s) 'example_params_ui_tutorial' retrieved from /home/patricia/Documentos/airflow/airflow_venv/lib/python3.10/site-packages/airflow/example_dags/example_params_ui_tutorial.py
[2024-05-11T16:36:18.470-0300] {logging_mixin.py:188} INFO - [2024-05-11T16:36:18.469-0300] {dag.py:3096} INFO - Sync 1 DAGs
[2024-05-11T16:36:18.499-0300] {logging_mixin.py:188} INFO - [2024-05-11T16:36:18.499-0300] {dag.py:3954} INFO - Setting next_dagrun for example_params_ui_tutorial to None, run_after=None
[2024-05-11T16:36:18.566-0300] {processor.py:183} INFO - Processing /home/patricia/Documentos/airflow/airflow_venv/lib/python3.10/site-packages/airflow/example_dags/example_params_ui_tutorial.py took 0.338 seconds
