[2024-05-11T15:12:06.248-0300] {processor.py:161} INFO - Started process (PID=4620) to work on /home/patricia/Documentos/airflow/airflow_venv/lib/python3.10/site-packages/airflow/example_dags/example_branch_labels.py
[2024-05-11T15:12:06.251-0300] {processor.py:830} INFO - Processing file /home/patricia/Documentos/airflow/airflow_venv/lib/python3.10/site-packages/airflow/example_dags/example_branch_labels.py for tasks to queue
[2024-05-11T15:12:06.257-0300] {logging_mixin.py:188} INFO - [2024-05-11T15:12:06.256-0300] {dagbag.py:545} INFO - Filling up the DagBag from /home/patricia/Documentos/airflow/airflow_venv/lib/python3.10/site-packages/airflow/example_dags/example_branch_labels.py
[2024-05-11T15:12:06.361-0300] {processor.py:840} INFO - DAG(s) 'example_branch_labels' retrieved from /home/patricia/Documentos/airflow/airflow_venv/lib/python3.10/site-packages/airflow/example_dags/example_branch_labels.py
[2024-05-11T15:12:06.509-0300] {logging_mixin.py:188} INFO - [2024-05-11T15:12:06.508-0300] {dag.py:3096} INFO - Sync 1 DAGs
[2024-05-11T15:12:06.691-0300] {logging_mixin.py:188} INFO - [2024-05-11T15:12:06.690-0300] {dag.py:3954} INFO - Setting next_dagrun for example_branch_labels to 2024-05-10 00:00:00+00:00, run_after=2024-05-11 00:00:00+00:00
[2024-05-11T15:12:06.753-0300] {processor.py:183} INFO - Processing /home/patricia/Documentos/airflow/airflow_venv/lib/python3.10/site-packages/airflow/example_dags/example_branch_labels.py took 0.528 seconds
[2024-05-11T15:14:30.932-0300] {processor.py:161} INFO - Started process (PID=4880) to work on /home/patricia/Documentos/airflow/airflow_venv/lib/python3.10/site-packages/airflow/example_dags/example_branch_labels.py
[2024-05-11T15:14:30.934-0300] {processor.py:830} INFO - Processing file /home/patricia/Documentos/airflow/airflow_venv/lib/python3.10/site-packages/airflow/example_dags/example_branch_labels.py for tasks to queue
[2024-05-11T15:14:30.937-0300] {logging_mixin.py:188} INFO - [2024-05-11T15:14:30.936-0300] {dagbag.py:545} INFO - Filling up the DagBag from /home/patricia/Documentos/airflow/airflow_venv/lib/python3.10/site-packages/airflow/example_dags/example_branch_labels.py
[2024-05-11T15:14:30.947-0300] {processor.py:840} INFO - DAG(s) 'example_branch_labels' retrieved from /home/patricia/Documentos/airflow/airflow_venv/lib/python3.10/site-packages/airflow/example_dags/example_branch_labels.py
[2024-05-11T15:14:30.978-0300] {logging_mixin.py:188} INFO - [2024-05-11T15:14:30.977-0300] {dag.py:3096} INFO - Sync 1 DAGs
[2024-05-11T15:14:31.166-0300] {logging_mixin.py:188} INFO - [2024-05-11T15:14:31.166-0300] {dag.py:3954} INFO - Setting next_dagrun for example_branch_labels to 2024-05-10 00:00:00+00:00, run_after=2024-05-11 00:00:00+00:00
[2024-05-11T15:14:31.207-0300] {processor.py:183} INFO - Processing /home/patricia/Documentos/airflow/airflow_venv/lib/python3.10/site-packages/airflow/example_dags/example_branch_labels.py took 0.282 seconds
[2024-05-11T15:15:47.930-0300] {processor.py:161} INFO - Started process (PID=5045) to work on /home/patricia/Documentos/airflow/airflow_venv/lib/python3.10/site-packages/airflow/example_dags/example_branch_labels.py
[2024-05-11T15:15:47.933-0300] {processor.py:830} INFO - Processing file /home/patricia/Documentos/airflow/airflow_venv/lib/python3.10/site-packages/airflow/example_dags/example_branch_labels.py for tasks to queue
[2024-05-11T15:15:47.940-0300] {logging_mixin.py:188} INFO - [2024-05-11T15:15:47.939-0300] {dagbag.py:545} INFO - Filling up the DagBag from /home/patricia/Documentos/airflow/airflow_venv/lib/python3.10/site-packages/airflow/example_dags/example_branch_labels.py
[2024-05-11T15:15:47.967-0300] {processor.py:840} INFO - DAG(s) 'example_branch_labels' retrieved from /home/patricia/Documentos/airflow/airflow_venv/lib/python3.10/site-packages/airflow/example_dags/example_branch_labels.py
[2024-05-11T15:15:48.008-0300] {logging_mixin.py:188} INFO - [2024-05-11T15:15:48.008-0300] {dag.py:3096} INFO - Sync 1 DAGs
[2024-05-11T15:15:48.070-0300] {logging_mixin.py:188} INFO - [2024-05-11T15:15:48.069-0300] {dag.py:3954} INFO - Setting next_dagrun for example_branch_labels to 2024-05-10 00:00:00+00:00, run_after=2024-05-11 00:00:00+00:00
[2024-05-11T15:15:48.167-0300] {processor.py:183} INFO - Processing /home/patricia/Documentos/airflow/airflow_venv/lib/python3.10/site-packages/airflow/example_dags/example_branch_labels.py took 0.255 seconds
[2024-05-11T15:16:46.341-0300] {processor.py:161} INFO - Started process (PID=5161) to work on /home/patricia/Documentos/airflow/airflow_venv/lib/python3.10/site-packages/airflow/example_dags/example_branch_labels.py
[2024-05-11T15:16:46.345-0300] {processor.py:830} INFO - Processing file /home/patricia/Documentos/airflow/airflow_venv/lib/python3.10/site-packages/airflow/example_dags/example_branch_labels.py for tasks to queue
[2024-05-11T15:16:46.348-0300] {logging_mixin.py:188} INFO - [2024-05-11T15:16:46.347-0300] {dagbag.py:545} INFO - Filling up the DagBag from /home/patricia/Documentos/airflow/airflow_venv/lib/python3.10/site-packages/airflow/example_dags/example_branch_labels.py
[2024-05-11T15:16:46.357-0300] {processor.py:840} INFO - DAG(s) 'example_branch_labels' retrieved from /home/patricia/Documentos/airflow/airflow_venv/lib/python3.10/site-packages/airflow/example_dags/example_branch_labels.py
[2024-05-11T15:16:46.375-0300] {logging_mixin.py:188} INFO - [2024-05-11T15:16:46.375-0300] {dag.py:3096} INFO - Sync 1 DAGs
[2024-05-11T15:16:46.398-0300] {logging_mixin.py:188} INFO - [2024-05-11T15:16:46.397-0300] {dag.py:3954} INFO - Setting next_dagrun for example_branch_labels to 2024-05-10 00:00:00+00:00, run_after=2024-05-11 00:00:00+00:00
[2024-05-11T15:16:46.432-0300] {processor.py:183} INFO - Processing /home/patricia/Documentos/airflow/airflow_venv/lib/python3.10/site-packages/airflow/example_dags/example_branch_labels.py took 0.098 seconds
[2024-05-11T15:17:52.611-0300] {processor.py:161} INFO - Started process (PID=5318) to work on /home/patricia/Documentos/airflow/airflow_venv/lib/python3.10/site-packages/airflow/example_dags/example_branch_labels.py
[2024-05-11T15:17:52.709-0300] {processor.py:830} INFO - Processing file /home/patricia/Documentos/airflow/airflow_venv/lib/python3.10/site-packages/airflow/example_dags/example_branch_labels.py for tasks to queue
[2024-05-11T15:17:52.713-0300] {logging_mixin.py:188} INFO - [2024-05-11T15:17:52.712-0300] {dagbag.py:545} INFO - Filling up the DagBag from /home/patricia/Documentos/airflow/airflow_venv/lib/python3.10/site-packages/airflow/example_dags/example_branch_labels.py
[2024-05-11T15:17:52.762-0300] {processor.py:840} INFO - DAG(s) 'example_branch_labels' retrieved from /home/patricia/Documentos/airflow/airflow_venv/lib/python3.10/site-packages/airflow/example_dags/example_branch_labels.py
[2024-05-11T15:17:52.806-0300] {logging_mixin.py:188} INFO - [2024-05-11T15:17:52.805-0300] {dag.py:3096} INFO - Sync 1 DAGs
[2024-05-11T15:17:52.931-0300] {logging_mixin.py:188} INFO - [2024-05-11T15:17:52.930-0300] {dag.py:3954} INFO - Setting next_dagrun for example_branch_labels to 2024-05-10 00:00:00+00:00, run_after=2024-05-11 00:00:00+00:00
[2024-05-11T15:17:53.041-0300] {processor.py:183} INFO - Processing /home/patricia/Documentos/airflow/airflow_venv/lib/python3.10/site-packages/airflow/example_dags/example_branch_labels.py took 0.457 seconds
[2024-05-11T15:19:02.707-0300] {processor.py:161} INFO - Started process (PID=5932) to work on /home/patricia/Documentos/airflow/airflow_venv/lib/python3.10/site-packages/airflow/example_dags/example_branch_labels.py
[2024-05-11T15:19:02.710-0300] {processor.py:830} INFO - Processing file /home/patricia/Documentos/airflow/airflow_venv/lib/python3.10/site-packages/airflow/example_dags/example_branch_labels.py for tasks to queue
[2024-05-11T15:19:02.714-0300] {logging_mixin.py:188} INFO - [2024-05-11T15:19:02.713-0300] {dagbag.py:545} INFO - Filling up the DagBag from /home/patricia/Documentos/airflow/airflow_venv/lib/python3.10/site-packages/airflow/example_dags/example_branch_labels.py
[2024-05-11T15:19:02.728-0300] {processor.py:840} INFO - DAG(s) 'example_branch_labels' retrieved from /home/patricia/Documentos/airflow/airflow_venv/lib/python3.10/site-packages/airflow/example_dags/example_branch_labels.py
[2024-05-11T15:19:02.760-0300] {logging_mixin.py:188} INFO - [2024-05-11T15:19:02.760-0300] {dag.py:3096} INFO - Sync 1 DAGs
[2024-05-11T15:19:02.791-0300] {logging_mixin.py:188} INFO - [2024-05-11T15:19:02.791-0300] {dag.py:3954} INFO - Setting next_dagrun for example_branch_labels to 2024-05-10 00:00:00+00:00, run_after=2024-05-11 00:00:00+00:00
[2024-05-11T15:19:02.830-0300] {processor.py:183} INFO - Processing /home/patricia/Documentos/airflow/airflow_venv/lib/python3.10/site-packages/airflow/example_dags/example_branch_labels.py took 0.132 seconds
[2024-05-11T15:20:11.118-0300] {processor.py:161} INFO - Started process (PID=6078) to work on /home/patricia/Documentos/airflow/airflow_venv/lib/python3.10/site-packages/airflow/example_dags/example_branch_labels.py
[2024-05-11T15:20:11.121-0300] {processor.py:830} INFO - Processing file /home/patricia/Documentos/airflow/airflow_venv/lib/python3.10/site-packages/airflow/example_dags/example_branch_labels.py for tasks to queue
[2024-05-11T15:20:11.123-0300] {logging_mixin.py:188} INFO - [2024-05-11T15:20:11.123-0300] {dagbag.py:545} INFO - Filling up the DagBag from /home/patricia/Documentos/airflow/airflow_venv/lib/python3.10/site-packages/airflow/example_dags/example_branch_labels.py
[2024-05-11T15:20:11.133-0300] {processor.py:840} INFO - DAG(s) 'example_branch_labels' retrieved from /home/patricia/Documentos/airflow/airflow_venv/lib/python3.10/site-packages/airflow/example_dags/example_branch_labels.py
[2024-05-11T15:20:11.153-0300] {logging_mixin.py:188} INFO - [2024-05-11T15:20:11.153-0300] {dag.py:3096} INFO - Sync 1 DAGs
[2024-05-11T15:20:11.176-0300] {logging_mixin.py:188} INFO - [2024-05-11T15:20:11.176-0300] {dag.py:3954} INFO - Setting next_dagrun for example_branch_labels to 2024-05-10 00:00:00+00:00, run_after=2024-05-11 00:00:00+00:00
[2024-05-11T15:20:11.214-0300] {processor.py:183} INFO - Processing /home/patricia/Documentos/airflow/airflow_venv/lib/python3.10/site-packages/airflow/example_dags/example_branch_labels.py took 0.103 seconds
[2024-05-11T15:22:06.565-0300] {processor.py:161} INFO - Started process (PID=6270) to work on /home/patricia/Documentos/airflow/airflow_venv/lib/python3.10/site-packages/airflow/example_dags/example_branch_labels.py
[2024-05-11T15:22:06.569-0300] {processor.py:830} INFO - Processing file /home/patricia/Documentos/airflow/airflow_venv/lib/python3.10/site-packages/airflow/example_dags/example_branch_labels.py for tasks to queue
[2024-05-11T15:22:06.574-0300] {logging_mixin.py:188} INFO - [2024-05-11T15:22:06.573-0300] {dagbag.py:545} INFO - Filling up the DagBag from /home/patricia/Documentos/airflow/airflow_venv/lib/python3.10/site-packages/airflow/example_dags/example_branch_labels.py
[2024-05-11T15:22:06.595-0300] {processor.py:840} INFO - DAG(s) 'example_branch_labels' retrieved from /home/patricia/Documentos/airflow/airflow_venv/lib/python3.10/site-packages/airflow/example_dags/example_branch_labels.py
[2024-05-11T15:22:06.641-0300] {logging_mixin.py:188} INFO - [2024-05-11T15:22:06.640-0300] {dag.py:3096} INFO - Sync 1 DAGs
[2024-05-11T15:22:06.689-0300] {logging_mixin.py:188} INFO - [2024-05-11T15:22:06.688-0300] {dag.py:3954} INFO - Setting next_dagrun for example_branch_labels to 2024-05-10 00:00:00+00:00, run_after=2024-05-11 00:00:00+00:00
[2024-05-11T15:22:06.753-0300] {processor.py:183} INFO - Processing /home/patricia/Documentos/airflow/airflow_venv/lib/python3.10/site-packages/airflow/example_dags/example_branch_labels.py took 0.205 seconds
[2024-05-11T15:23:11.515-0300] {processor.py:161} INFO - Started process (PID=6414) to work on /home/patricia/Documentos/airflow/airflow_venv/lib/python3.10/site-packages/airflow/example_dags/example_branch_labels.py
[2024-05-11T15:23:11.517-0300] {processor.py:830} INFO - Processing file /home/patricia/Documentos/airflow/airflow_venv/lib/python3.10/site-packages/airflow/example_dags/example_branch_labels.py for tasks to queue
[2024-05-11T15:23:11.519-0300] {logging_mixin.py:188} INFO - [2024-05-11T15:23:11.519-0300] {dagbag.py:545} INFO - Filling up the DagBag from /home/patricia/Documentos/airflow/airflow_venv/lib/python3.10/site-packages/airflow/example_dags/example_branch_labels.py
[2024-05-11T15:23:11.529-0300] {processor.py:840} INFO - DAG(s) 'example_branch_labels' retrieved from /home/patricia/Documentos/airflow/airflow_venv/lib/python3.10/site-packages/airflow/example_dags/example_branch_labels.py
[2024-05-11T15:23:11.552-0300] {logging_mixin.py:188} INFO - [2024-05-11T15:23:11.551-0300] {dag.py:3096} INFO - Sync 1 DAGs
[2024-05-11T15:23:11.580-0300] {logging_mixin.py:188} INFO - [2024-05-11T15:23:11.579-0300] {dag.py:3954} INFO - Setting next_dagrun for example_branch_labels to 2024-05-10 00:00:00+00:00, run_after=2024-05-11 00:00:00+00:00
[2024-05-11T15:23:11.619-0300] {processor.py:183} INFO - Processing /home/patricia/Documentos/airflow/airflow_venv/lib/python3.10/site-packages/airflow/example_dags/example_branch_labels.py took 0.113 seconds
[2024-05-11T15:24:13.811-0300] {processor.py:161} INFO - Started process (PID=6538) to work on /home/patricia/Documentos/airflow/airflow_venv/lib/python3.10/site-packages/airflow/example_dags/example_branch_labels.py
[2024-05-11T15:24:13.814-0300] {processor.py:830} INFO - Processing file /home/patricia/Documentos/airflow/airflow_venv/lib/python3.10/site-packages/airflow/example_dags/example_branch_labels.py for tasks to queue
[2024-05-11T15:24:13.817-0300] {logging_mixin.py:188} INFO - [2024-05-11T15:24:13.816-0300] {dagbag.py:545} INFO - Filling up the DagBag from /home/patricia/Documentos/airflow/airflow_venv/lib/python3.10/site-packages/airflow/example_dags/example_branch_labels.py
[2024-05-11T15:24:13.827-0300] {processor.py:840} INFO - DAG(s) 'example_branch_labels' retrieved from /home/patricia/Documentos/airflow/airflow_venv/lib/python3.10/site-packages/airflow/example_dags/example_branch_labels.py
[2024-05-11T15:24:13.848-0300] {logging_mixin.py:188} INFO - [2024-05-11T15:24:13.848-0300] {dag.py:3096} INFO - Sync 1 DAGs
[2024-05-11T15:24:13.870-0300] {logging_mixin.py:188} INFO - [2024-05-11T15:24:13.870-0300] {dag.py:3954} INFO - Setting next_dagrun for example_branch_labels to 2024-05-10 00:00:00+00:00, run_after=2024-05-11 00:00:00+00:00
[2024-05-11T15:24:13.904-0300] {processor.py:183} INFO - Processing /home/patricia/Documentos/airflow/airflow_venv/lib/python3.10/site-packages/airflow/example_dags/example_branch_labels.py took 0.101 seconds
[2024-05-11T15:27:05.622-0300] {processor.py:161} INFO - Started process (PID=7598) to work on /home/patricia/Documentos/airflow/airflow_venv/lib/python3.10/site-packages/airflow/example_dags/example_branch_labels.py
[2024-05-11T15:27:05.628-0300] {processor.py:830} INFO - Processing file /home/patricia/Documentos/airflow/airflow_venv/lib/python3.10/site-packages/airflow/example_dags/example_branch_labels.py for tasks to queue
[2024-05-11T15:27:05.630-0300] {logging_mixin.py:188} INFO - [2024-05-11T15:27:05.630-0300] {dagbag.py:545} INFO - Filling up the DagBag from /home/patricia/Documentos/airflow/airflow_venv/lib/python3.10/site-packages/airflow/example_dags/example_branch_labels.py
[2024-05-11T15:27:05.652-0300] {processor.py:840} INFO - DAG(s) 'example_branch_labels' retrieved from /home/patricia/Documentos/airflow/airflow_venv/lib/python3.10/site-packages/airflow/example_dags/example_branch_labels.py
[2024-05-11T15:27:05.815-0300] {logging_mixin.py:188} INFO - [2024-05-11T15:27:05.815-0300] {dag.py:3096} INFO - Sync 1 DAGs
[2024-05-11T15:27:05.963-0300] {logging_mixin.py:188} INFO - [2024-05-11T15:27:05.963-0300] {dag.py:3954} INFO - Setting next_dagrun for example_branch_labels to 2024-05-10 00:00:00+00:00, run_after=2024-05-11 00:00:00+00:00
[2024-05-11T15:27:06.032-0300] {processor.py:183} INFO - Processing /home/patricia/Documentos/airflow/airflow_venv/lib/python3.10/site-packages/airflow/example_dags/example_branch_labels.py took 0.427 seconds
[2024-05-11T15:28:36.607-0300] {processor.py:161} INFO - Started process (PID=7784) to work on /home/patricia/Documentos/airflow/airflow_venv/lib/python3.10/site-packages/airflow/example_dags/example_branch_labels.py
[2024-05-11T15:28:36.618-0300] {processor.py:830} INFO - Processing file /home/patricia/Documentos/airflow/airflow_venv/lib/python3.10/site-packages/airflow/example_dags/example_branch_labels.py for tasks to queue
[2024-05-11T15:28:36.622-0300] {logging_mixin.py:188} INFO - [2024-05-11T15:28:36.621-0300] {dagbag.py:545} INFO - Filling up the DagBag from /home/patricia/Documentos/airflow/airflow_venv/lib/python3.10/site-packages/airflow/example_dags/example_branch_labels.py
[2024-05-11T15:28:36.644-0300] {processor.py:840} INFO - DAG(s) 'example_branch_labels' retrieved from /home/patricia/Documentos/airflow/airflow_venv/lib/python3.10/site-packages/airflow/example_dags/example_branch_labels.py
[2024-05-11T15:28:36.681-0300] {logging_mixin.py:188} INFO - [2024-05-11T15:28:36.681-0300] {dag.py:3096} INFO - Sync 1 DAGs
[2024-05-11T15:28:36.713-0300] {logging_mixin.py:188} INFO - [2024-05-11T15:28:36.712-0300] {dag.py:3954} INFO - Setting next_dagrun for example_branch_labels to 2024-05-10 00:00:00+00:00, run_after=2024-05-11 00:00:00+00:00
[2024-05-11T15:28:36.974-0300] {processor.py:183} INFO - Processing /home/patricia/Documentos/airflow/airflow_venv/lib/python3.10/site-packages/airflow/example_dags/example_branch_labels.py took 0.382 seconds
[2024-05-11T15:30:01.743-0300] {processor.py:161} INFO - Started process (PID=7949) to work on /home/patricia/Documentos/airflow/airflow_venv/lib/python3.10/site-packages/airflow/example_dags/example_branch_labels.py
[2024-05-11T15:30:01.830-0300] {processor.py:830} INFO - Processing file /home/patricia/Documentos/airflow/airflow_venv/lib/python3.10/site-packages/airflow/example_dags/example_branch_labels.py for tasks to queue
[2024-05-11T15:30:01.833-0300] {logging_mixin.py:188} INFO - [2024-05-11T15:30:01.832-0300] {dagbag.py:545} INFO - Filling up the DagBag from /home/patricia/Documentos/airflow/airflow_venv/lib/python3.10/site-packages/airflow/example_dags/example_branch_labels.py
[2024-05-11T15:30:01.848-0300] {processor.py:840} INFO - DAG(s) 'example_branch_labels' retrieved from /home/patricia/Documentos/airflow/airflow_venv/lib/python3.10/site-packages/airflow/example_dags/example_branch_labels.py
[2024-05-11T15:30:01.873-0300] {logging_mixin.py:188} INFO - [2024-05-11T15:30:01.872-0300] {dag.py:3096} INFO - Sync 1 DAGs
[2024-05-11T15:30:01.926-0300] {logging_mixin.py:188} INFO - [2024-05-11T15:30:01.925-0300] {dag.py:3954} INFO - Setting next_dagrun for example_branch_labels to 2024-05-10 00:00:00+00:00, run_after=2024-05-11 00:00:00+00:00
[2024-05-11T15:30:02.437-0300] {processor.py:183} INFO - Processing /home/patricia/Documentos/airflow/airflow_venv/lib/python3.10/site-packages/airflow/example_dags/example_branch_labels.py took 0.703 seconds
[2024-05-11T15:31:24.261-0300] {processor.py:161} INFO - Started process (PID=8167) to work on /home/patricia/Documentos/airflow/airflow_venv/lib/python3.10/site-packages/airflow/example_dags/example_branch_labels.py
[2024-05-11T15:31:24.270-0300] {processor.py:830} INFO - Processing file /home/patricia/Documentos/airflow/airflow_venv/lib/python3.10/site-packages/airflow/example_dags/example_branch_labels.py for tasks to queue
[2024-05-11T15:31:24.277-0300] {logging_mixin.py:188} INFO - [2024-05-11T15:31:24.276-0300] {dagbag.py:545} INFO - Filling up the DagBag from /home/patricia/Documentos/airflow/airflow_venv/lib/python3.10/site-packages/airflow/example_dags/example_branch_labels.py
[2024-05-11T15:31:24.299-0300] {processor.py:840} INFO - DAG(s) 'example_branch_labels' retrieved from /home/patricia/Documentos/airflow/airflow_venv/lib/python3.10/site-packages/airflow/example_dags/example_branch_labels.py
[2024-05-11T15:31:24.354-0300] {logging_mixin.py:188} INFO - [2024-05-11T15:31:24.353-0300] {dag.py:3096} INFO - Sync 1 DAGs
[2024-05-11T15:31:24.421-0300] {logging_mixin.py:188} INFO - [2024-05-11T15:31:24.421-0300] {dag.py:3954} INFO - Setting next_dagrun for example_branch_labels to 2024-05-10 00:00:00+00:00, run_after=2024-05-11 00:00:00+00:00
[2024-05-11T15:31:24.595-0300] {processor.py:183} INFO - Processing /home/patricia/Documentos/airflow/airflow_venv/lib/python3.10/site-packages/airflow/example_dags/example_branch_labels.py took 0.352 seconds
[2024-05-11T15:32:28.383-0300] {processor.py:161} INFO - Started process (PID=8427) to work on /home/patricia/Documentos/airflow/airflow_venv/lib/python3.10/site-packages/airflow/example_dags/example_branch_labels.py
[2024-05-11T15:32:28.387-0300] {processor.py:830} INFO - Processing file /home/patricia/Documentos/airflow/airflow_venv/lib/python3.10/site-packages/airflow/example_dags/example_branch_labels.py for tasks to queue
[2024-05-11T15:32:28.392-0300] {logging_mixin.py:188} INFO - [2024-05-11T15:32:28.390-0300] {dagbag.py:545} INFO - Filling up the DagBag from /home/patricia/Documentos/airflow/airflow_venv/lib/python3.10/site-packages/airflow/example_dags/example_branch_labels.py
[2024-05-11T15:32:28.412-0300] {processor.py:840} INFO - DAG(s) 'example_branch_labels' retrieved from /home/patricia/Documentos/airflow/airflow_venv/lib/python3.10/site-packages/airflow/example_dags/example_branch_labels.py
[2024-05-11T15:32:28.451-0300] {logging_mixin.py:188} INFO - [2024-05-11T15:32:28.450-0300] {dag.py:3096} INFO - Sync 1 DAGs
[2024-05-11T15:32:28.485-0300] {logging_mixin.py:188} INFO - [2024-05-11T15:32:28.484-0300] {dag.py:3954} INFO - Setting next_dagrun for example_branch_labels to 2024-05-10 00:00:00+00:00, run_after=2024-05-11 00:00:00+00:00
[2024-05-11T15:32:28.520-0300] {processor.py:183} INFO - Processing /home/patricia/Documentos/airflow/airflow_venv/lib/python3.10/site-packages/airflow/example_dags/example_branch_labels.py took 0.145 seconds
[2024-05-11T15:33:36.301-0300] {processor.py:161} INFO - Started process (PID=8717) to work on /home/patricia/Documentos/airflow/airflow_venv/lib/python3.10/site-packages/airflow/example_dags/example_branch_labels.py
[2024-05-11T15:33:36.303-0300] {processor.py:830} INFO - Processing file /home/patricia/Documentos/airflow/airflow_venv/lib/python3.10/site-packages/airflow/example_dags/example_branch_labels.py for tasks to queue
[2024-05-11T15:33:36.306-0300] {logging_mixin.py:188} INFO - [2024-05-11T15:33:36.305-0300] {dagbag.py:545} INFO - Filling up the DagBag from /home/patricia/Documentos/airflow/airflow_venv/lib/python3.10/site-packages/airflow/example_dags/example_branch_labels.py
[2024-05-11T15:33:36.320-0300] {processor.py:840} INFO - DAG(s) 'example_branch_labels' retrieved from /home/patricia/Documentos/airflow/airflow_venv/lib/python3.10/site-packages/airflow/example_dags/example_branch_labels.py
[2024-05-11T15:33:36.349-0300] {logging_mixin.py:188} INFO - [2024-05-11T15:33:36.348-0300] {dag.py:3096} INFO - Sync 1 DAGs
[2024-05-11T15:33:36.427-0300] {logging_mixin.py:188} INFO - [2024-05-11T15:33:36.427-0300] {dag.py:3954} INFO - Setting next_dagrun for example_branch_labels to 2024-05-10 00:00:00+00:00, run_after=2024-05-11 00:00:00+00:00
[2024-05-11T15:33:36.518-0300] {processor.py:183} INFO - Processing /home/patricia/Documentos/airflow/airflow_venv/lib/python3.10/site-packages/airflow/example_dags/example_branch_labels.py took 0.229 seconds
[2024-05-11T15:34:54.200-0300] {processor.py:161} INFO - Started process (PID=9366) to work on /home/patricia/Documentos/airflow/airflow_venv/lib/python3.10/site-packages/airflow/example_dags/example_branch_labels.py
[2024-05-11T15:34:54.206-0300] {processor.py:830} INFO - Processing file /home/patricia/Documentos/airflow/airflow_venv/lib/python3.10/site-packages/airflow/example_dags/example_branch_labels.py for tasks to queue
[2024-05-11T15:34:54.209-0300] {logging_mixin.py:188} INFO - [2024-05-11T15:34:54.207-0300] {dagbag.py:545} INFO - Filling up the DagBag from /home/patricia/Documentos/airflow/airflow_venv/lib/python3.10/site-packages/airflow/example_dags/example_branch_labels.py
[2024-05-11T15:34:54.221-0300] {processor.py:840} INFO - DAG(s) 'example_branch_labels' retrieved from /home/patricia/Documentos/airflow/airflow_venv/lib/python3.10/site-packages/airflow/example_dags/example_branch_labels.py
[2024-05-11T15:34:54.288-0300] {logging_mixin.py:188} INFO - [2024-05-11T15:34:54.288-0300] {dag.py:3096} INFO - Sync 1 DAGs
[2024-05-11T15:34:54.311-0300] {logging_mixin.py:188} INFO - [2024-05-11T15:34:54.310-0300] {dag.py:3954} INFO - Setting next_dagrun for example_branch_labels to 2024-05-10 00:00:00+00:00, run_after=2024-05-11 00:00:00+00:00
[2024-05-11T15:34:54.353-0300] {processor.py:183} INFO - Processing /home/patricia/Documentos/airflow/airflow_venv/lib/python3.10/site-packages/airflow/example_dags/example_branch_labels.py took 0.167 seconds
[2024-05-11T15:36:09.750-0300] {processor.py:161} INFO - Started process (PID=9570) to work on /home/patricia/Documentos/airflow/airflow_venv/lib/python3.10/site-packages/airflow/example_dags/example_branch_labels.py
[2024-05-11T15:36:09.754-0300] {processor.py:830} INFO - Processing file /home/patricia/Documentos/airflow/airflow_venv/lib/python3.10/site-packages/airflow/example_dags/example_branch_labels.py for tasks to queue
[2024-05-11T15:36:09.757-0300] {logging_mixin.py:188} INFO - [2024-05-11T15:36:09.756-0300] {dagbag.py:545} INFO - Filling up the DagBag from /home/patricia/Documentos/airflow/airflow_venv/lib/python3.10/site-packages/airflow/example_dags/example_branch_labels.py
[2024-05-11T15:36:09.802-0300] {processor.py:840} INFO - DAG(s) 'example_branch_labels' retrieved from /home/patricia/Documentos/airflow/airflow_venv/lib/python3.10/site-packages/airflow/example_dags/example_branch_labels.py
[2024-05-11T15:36:09.827-0300] {logging_mixin.py:188} INFO - [2024-05-11T15:36:09.826-0300] {dag.py:3096} INFO - Sync 1 DAGs
[2024-05-11T15:36:09.853-0300] {logging_mixin.py:188} INFO - [2024-05-11T15:36:09.853-0300] {dag.py:3954} INFO - Setting next_dagrun for example_branch_labels to 2024-05-10 00:00:00+00:00, run_after=2024-05-11 00:00:00+00:00
[2024-05-11T15:36:09.933-0300] {processor.py:183} INFO - Processing /home/patricia/Documentos/airflow/airflow_venv/lib/python3.10/site-packages/airflow/example_dags/example_branch_labels.py took 0.191 seconds
[2024-05-11T15:37:40.402-0300] {processor.py:161} INFO - Started process (PID=9862) to work on /home/patricia/Documentos/airflow/airflow_venv/lib/python3.10/site-packages/airflow/example_dags/example_branch_labels.py
[2024-05-11T15:37:40.538-0300] {processor.py:830} INFO - Processing file /home/patricia/Documentos/airflow/airflow_venv/lib/python3.10/site-packages/airflow/example_dags/example_branch_labels.py for tasks to queue
[2024-05-11T15:37:40.543-0300] {logging_mixin.py:188} INFO - [2024-05-11T15:37:40.540-0300] {dagbag.py:545} INFO - Filling up the DagBag from /home/patricia/Documentos/airflow/airflow_venv/lib/python3.10/site-packages/airflow/example_dags/example_branch_labels.py
[2024-05-11T15:37:40.559-0300] {processor.py:840} INFO - DAG(s) 'example_branch_labels' retrieved from /home/patricia/Documentos/airflow/airflow_venv/lib/python3.10/site-packages/airflow/example_dags/example_branch_labels.py
[2024-05-11T15:37:41.953-0300] {logging_mixin.py:188} INFO - [2024-05-11T15:37:41.953-0300] {dag.py:3096} INFO - Sync 1 DAGs
[2024-05-11T15:37:41.981-0300] {logging_mixin.py:188} INFO - [2024-05-11T15:37:41.981-0300] {dag.py:3954} INFO - Setting next_dagrun for example_branch_labels to 2024-05-10 00:00:00+00:00, run_after=2024-05-11 00:00:00+00:00
[2024-05-11T15:37:43.914-0300] {processor.py:183} INFO - Processing /home/patricia/Documentos/airflow/airflow_venv/lib/python3.10/site-packages/airflow/example_dags/example_branch_labels.py took 3.526 seconds
[2024-05-11T15:39:50.362-0300] {processor.py:161} INFO - Started process (PID=10082) to work on /home/patricia/Documentos/airflow/airflow_venv/lib/python3.10/site-packages/airflow/example_dags/example_branch_labels.py
[2024-05-11T15:39:50.367-0300] {processor.py:830} INFO - Processing file /home/patricia/Documentos/airflow/airflow_venv/lib/python3.10/site-packages/airflow/example_dags/example_branch_labels.py for tasks to queue
[2024-05-11T15:39:50.369-0300] {logging_mixin.py:188} INFO - [2024-05-11T15:39:50.369-0300] {dagbag.py:545} INFO - Filling up the DagBag from /home/patricia/Documentos/airflow/airflow_venv/lib/python3.10/site-packages/airflow/example_dags/example_branch_labels.py
[2024-05-11T15:39:50.379-0300] {processor.py:840} INFO - DAG(s) 'example_branch_labels' retrieved from /home/patricia/Documentos/airflow/airflow_venv/lib/python3.10/site-packages/airflow/example_dags/example_branch_labels.py
[2024-05-11T15:39:50.399-0300] {logging_mixin.py:188} INFO - [2024-05-11T15:39:50.399-0300] {dag.py:3096} INFO - Sync 1 DAGs
[2024-05-11T15:39:50.421-0300] {logging_mixin.py:188} INFO - [2024-05-11T15:39:50.421-0300] {dag.py:3954} INFO - Setting next_dagrun for example_branch_labels to 2024-05-10 00:00:00+00:00, run_after=2024-05-11 00:00:00+00:00
[2024-05-11T15:39:50.452-0300] {processor.py:183} INFO - Processing /home/patricia/Documentos/airflow/airflow_venv/lib/python3.10/site-packages/airflow/example_dags/example_branch_labels.py took 0.098 seconds
[2024-05-11T16:29:19.115-0300] {processor.py:161} INFO - Started process (PID=11112) to work on /home/patricia/Documentos/airflow/airflow_venv/lib/python3.10/site-packages/airflow/example_dags/example_branch_labels.py
[2024-05-11T16:29:19.122-0300] {processor.py:830} INFO - Processing file /home/patricia/Documentos/airflow/airflow_venv/lib/python3.10/site-packages/airflow/example_dags/example_branch_labels.py for tasks to queue
[2024-05-11T16:29:19.128-0300] {logging_mixin.py:188} INFO - [2024-05-11T16:29:19.127-0300] {dagbag.py:545} INFO - Filling up the DagBag from /home/patricia/Documentos/airflow/airflow_venv/lib/python3.10/site-packages/airflow/example_dags/example_branch_labels.py
[2024-05-11T16:29:19.151-0300] {processor.py:840} INFO - DAG(s) 'example_branch_labels' retrieved from /home/patricia/Documentos/airflow/airflow_venv/lib/python3.10/site-packages/airflow/example_dags/example_branch_labels.py
[2024-05-11T16:29:19.521-0300] {logging_mixin.py:188} INFO - [2024-05-11T16:29:19.520-0300] {dag.py:3096} INFO - Sync 1 DAGs
[2024-05-11T16:29:20.504-0300] {logging_mixin.py:188} INFO - [2024-05-11T16:29:20.503-0300] {dag.py:3954} INFO - Setting next_dagrun for example_branch_labels to 2024-05-10 00:00:00+00:00, run_after=2024-05-11 00:00:00+00:00
[2024-05-11T16:29:21.341-0300] {processor.py:183} INFO - Processing /home/patricia/Documentos/airflow/airflow_venv/lib/python3.10/site-packages/airflow/example_dags/example_branch_labels.py took 2.261 seconds
[2024-05-11T16:31:17.987-0300] {processor.py:161} INFO - Started process (PID=11342) to work on /home/patricia/Documentos/airflow/airflow_venv/lib/python3.10/site-packages/airflow/example_dags/example_branch_labels.py
[2024-05-11T16:31:17.993-0300] {processor.py:830} INFO - Processing file /home/patricia/Documentos/airflow/airflow_venv/lib/python3.10/site-packages/airflow/example_dags/example_branch_labels.py for tasks to queue
[2024-05-11T16:31:17.999-0300] {logging_mixin.py:188} INFO - [2024-05-11T16:31:17.998-0300] {dagbag.py:545} INFO - Filling up the DagBag from /home/patricia/Documentos/airflow/airflow_venv/lib/python3.10/site-packages/airflow/example_dags/example_branch_labels.py
[2024-05-11T16:31:18.038-0300] {processor.py:840} INFO - DAG(s) 'example_branch_labels' retrieved from /home/patricia/Documentos/airflow/airflow_venv/lib/python3.10/site-packages/airflow/example_dags/example_branch_labels.py
[2024-05-11T16:31:18.104-0300] {logging_mixin.py:188} INFO - [2024-05-11T16:31:18.104-0300] {dag.py:3096} INFO - Sync 1 DAGs
[2024-05-11T16:31:18.212-0300] {logging_mixin.py:188} INFO - [2024-05-11T16:31:18.211-0300] {dag.py:3954} INFO - Setting next_dagrun for example_branch_labels to 2024-05-10 00:00:00+00:00, run_after=2024-05-11 00:00:00+00:00
[2024-05-11T16:31:18.834-0300] {processor.py:183} INFO - Processing /home/patricia/Documentos/airflow/airflow_venv/lib/python3.10/site-packages/airflow/example_dags/example_branch_labels.py took 0.866 seconds
[2024-05-11T16:33:21.291-0300] {processor.py:161} INFO - Started process (PID=11591) to work on /home/patricia/Documentos/airflow/airflow_venv/lib/python3.10/site-packages/airflow/example_dags/example_branch_labels.py
[2024-05-11T16:33:21.297-0300] {processor.py:830} INFO - Processing file /home/patricia/Documentos/airflow/airflow_venv/lib/python3.10/site-packages/airflow/example_dags/example_branch_labels.py for tasks to queue
[2024-05-11T16:33:21.301-0300] {logging_mixin.py:188} INFO - [2024-05-11T16:33:21.300-0300] {dagbag.py:545} INFO - Filling up the DagBag from /home/patricia/Documentos/airflow/airflow_venv/lib/python3.10/site-packages/airflow/example_dags/example_branch_labels.py
[2024-05-11T16:33:21.347-0300] {processor.py:840} INFO - DAG(s) 'example_branch_labels' retrieved from /home/patricia/Documentos/airflow/airflow_venv/lib/python3.10/site-packages/airflow/example_dags/example_branch_labels.py
[2024-05-11T16:33:21.434-0300] {logging_mixin.py:188} INFO - [2024-05-11T16:33:21.434-0300] {dag.py:3096} INFO - Sync 1 DAGs
[2024-05-11T16:33:21.537-0300] {logging_mixin.py:188} INFO - [2024-05-11T16:33:21.537-0300] {dag.py:3954} INFO - Setting next_dagrun for example_branch_labels to 2024-05-10 00:00:00+00:00, run_after=2024-05-11 00:00:00+00:00
[2024-05-11T16:33:21.675-0300] {processor.py:183} INFO - Processing /home/patricia/Documentos/airflow/airflow_venv/lib/python3.10/site-packages/airflow/example_dags/example_branch_labels.py took 0.402 seconds
[2024-05-11T16:35:01.116-0300] {processor.py:161} INFO - Started process (PID=11780) to work on /home/patricia/Documentos/airflow/airflow_venv/lib/python3.10/site-packages/airflow/example_dags/example_branch_labels.py
[2024-05-11T16:35:01.134-0300] {processor.py:830} INFO - Processing file /home/patricia/Documentos/airflow/airflow_venv/lib/python3.10/site-packages/airflow/example_dags/example_branch_labels.py for tasks to queue
[2024-05-11T16:35:01.145-0300] {logging_mixin.py:188} INFO - [2024-05-11T16:35:01.144-0300] {dagbag.py:545} INFO - Filling up the DagBag from /home/patricia/Documentos/airflow/airflow_venv/lib/python3.10/site-packages/airflow/example_dags/example_branch_labels.py
[2024-05-11T16:35:01.185-0300] {processor.py:840} INFO - DAG(s) 'example_branch_labels' retrieved from /home/patricia/Documentos/airflow/airflow_venv/lib/python3.10/site-packages/airflow/example_dags/example_branch_labels.py
[2024-05-11T16:35:01.275-0300] {logging_mixin.py:188} INFO - [2024-05-11T16:35:01.274-0300] {dag.py:3096} INFO - Sync 1 DAGs
[2024-05-11T16:35:01.340-0300] {logging_mixin.py:188} INFO - [2024-05-11T16:35:01.339-0300] {dag.py:3954} INFO - Setting next_dagrun for example_branch_labels to 2024-05-10 00:00:00+00:00, run_after=2024-05-11 00:00:00+00:00
[2024-05-11T16:35:01.419-0300] {processor.py:183} INFO - Processing /home/patricia/Documentos/airflow/airflow_venv/lib/python3.10/site-packages/airflow/example_dags/example_branch_labels.py took 0.331 seconds
[2024-05-11T16:36:39.722-0300] {processor.py:161} INFO - Started process (PID=11927) to work on /home/patricia/Documentos/airflow/airflow_venv/lib/python3.10/site-packages/airflow/example_dags/example_branch_labels.py
[2024-05-11T16:36:39.731-0300] {processor.py:830} INFO - Processing file /home/patricia/Documentos/airflow/airflow_venv/lib/python3.10/site-packages/airflow/example_dags/example_branch_labels.py for tasks to queue
[2024-05-11T16:36:39.750-0300] {logging_mixin.py:188} INFO - [2024-05-11T16:36:39.747-0300] {dagbag.py:545} INFO - Filling up the DagBag from /home/patricia/Documentos/airflow/airflow_venv/lib/python3.10/site-packages/airflow/example_dags/example_branch_labels.py
[2024-05-11T16:36:39.786-0300] {processor.py:840} INFO - DAG(s) 'example_branch_labels' retrieved from /home/patricia/Documentos/airflow/airflow_venv/lib/python3.10/site-packages/airflow/example_dags/example_branch_labels.py
[2024-05-11T16:36:39.830-0300] {logging_mixin.py:188} INFO - [2024-05-11T16:36:39.829-0300] {dag.py:3096} INFO - Sync 1 DAGs
[2024-05-11T16:36:39.880-0300] {logging_mixin.py:188} INFO - [2024-05-11T16:36:39.879-0300] {dag.py:3954} INFO - Setting next_dagrun for example_branch_labels to 2024-05-10 00:00:00+00:00, run_after=2024-05-11 00:00:00+00:00
[2024-05-11T16:36:39.951-0300] {processor.py:183} INFO - Processing /home/patricia/Documentos/airflow/airflow_venv/lib/python3.10/site-packages/airflow/example_dags/example_branch_labels.py took 0.266 seconds
