[2024-05-11T15:11:26.360-0300] {processor.py:161} INFO - Started process (PID=4508) to work on /home/patricia/Documentos/airflow/airflow_venv/lib/python3.10/site-packages/airflow/example_dags/example_dynamic_task_mapping.py
[2024-05-11T15:11:26.376-0300] {processor.py:830} INFO - Processing file /home/patricia/Documentos/airflow/airflow_venv/lib/python3.10/site-packages/airflow/example_dags/example_dynamic_task_mapping.py for tasks to queue
[2024-05-11T15:11:26.380-0300] {logging_mixin.py:188} INFO - [2024-05-11T15:11:26.379-0300] {dagbag.py:545} INFO - Filling up the DagBag from /home/patricia/Documentos/airflow/airflow_venv/lib/python3.10/site-packages/airflow/example_dags/example_dynamic_task_mapping.py
[2024-05-11T15:11:26.398-0300] {processor.py:840} INFO - DAG(s) 'example_dynamic_task_mapping' retrieved from /home/patricia/Documentos/airflow/airflow_venv/lib/python3.10/site-packages/airflow/example_dags/example_dynamic_task_mapping.py
[2024-05-11T15:11:26.633-0300] {logging_mixin.py:188} INFO - [2024-05-11T15:11:26.633-0300] {dag.py:3096} INFO - Sync 1 DAGs
[2024-05-11T15:11:26.651-0300] {logging_mixin.py:188} INFO - [2024-05-11T15:11:26.651-0300] {dag.py:3954} INFO - Setting next_dagrun for example_dynamic_task_mapping to 2022-03-04 00:00:00+00:00, run_after=2022-03-05 00:00:00+00:00
[2024-05-11T15:11:26.686-0300] {processor.py:183} INFO - Processing /home/patricia/Documentos/airflow/airflow_venv/lib/python3.10/site-packages/airflow/example_dags/example_dynamic_task_mapping.py took 0.360 seconds
[2024-05-11T15:13:30.104-0300] {processor.py:161} INFO - Started process (PID=4719) to work on /home/patricia/Documentos/airflow/airflow_venv/lib/python3.10/site-packages/airflow/example_dags/example_dynamic_task_mapping.py
[2024-05-11T15:13:30.168-0300] {processor.py:830} INFO - Processing file /home/patricia/Documentos/airflow/airflow_venv/lib/python3.10/site-packages/airflow/example_dags/example_dynamic_task_mapping.py for tasks to queue
[2024-05-11T15:13:30.173-0300] {logging_mixin.py:188} INFO - [2024-05-11T15:13:30.172-0300] {dagbag.py:545} INFO - Filling up the DagBag from /home/patricia/Documentos/airflow/airflow_venv/lib/python3.10/site-packages/airflow/example_dags/example_dynamic_task_mapping.py
[2024-05-11T15:13:30.193-0300] {processor.py:840} INFO - DAG(s) 'example_dynamic_task_mapping' retrieved from /home/patricia/Documentos/airflow/airflow_venv/lib/python3.10/site-packages/airflow/example_dags/example_dynamic_task_mapping.py
[2024-05-11T15:13:30.246-0300] {logging_mixin.py:188} INFO - [2024-05-11T15:13:30.246-0300] {dag.py:3096} INFO - Sync 1 DAGs
[2024-05-11T15:13:30.304-0300] {logging_mixin.py:188} INFO - [2024-05-11T15:13:30.303-0300] {dag.py:3954} INFO - Setting next_dagrun for example_dynamic_task_mapping to 2022-03-04 00:00:00+00:00, run_after=2022-03-05 00:00:00+00:00
[2024-05-11T15:13:30.520-0300] {processor.py:183} INFO - Processing /home/patricia/Documentos/airflow/airflow_venv/lib/python3.10/site-packages/airflow/example_dags/example_dynamic_task_mapping.py took 0.443 seconds
[2024-05-11T15:15:00.594-0300] {processor.py:161} INFO - Started process (PID=4944) to work on /home/patricia/Documentos/airflow/airflow_venv/lib/python3.10/site-packages/airflow/example_dags/example_dynamic_task_mapping.py
[2024-05-11T15:15:00.596-0300] {processor.py:830} INFO - Processing file /home/patricia/Documentos/airflow/airflow_venv/lib/python3.10/site-packages/airflow/example_dags/example_dynamic_task_mapping.py for tasks to queue
[2024-05-11T15:15:00.599-0300] {logging_mixin.py:188} INFO - [2024-05-11T15:15:00.598-0300] {dagbag.py:545} INFO - Filling up the DagBag from /home/patricia/Documentos/airflow/airflow_venv/lib/python3.10/site-packages/airflow/example_dags/example_dynamic_task_mapping.py
[2024-05-11T15:15:00.607-0300] {processor.py:840} INFO - DAG(s) 'example_dynamic_task_mapping' retrieved from /home/patricia/Documentos/airflow/airflow_venv/lib/python3.10/site-packages/airflow/example_dags/example_dynamic_task_mapping.py
[2024-05-11T15:15:00.793-0300] {logging_mixin.py:188} INFO - [2024-05-11T15:15:00.792-0300] {dag.py:3096} INFO - Sync 1 DAGs
[2024-05-11T15:15:00.814-0300] {logging_mixin.py:188} INFO - [2024-05-11T15:15:00.813-0300] {dag.py:3954} INFO - Setting next_dagrun for example_dynamic_task_mapping to 2022-03-04 00:00:00+00:00, run_after=2022-03-05 00:00:00+00:00
[2024-05-11T15:15:00.845-0300] {processor.py:183} INFO - Processing /home/patricia/Documentos/airflow/airflow_venv/lib/python3.10/site-packages/airflow/example_dags/example_dynamic_task_mapping.py took 0.259 seconds
[2024-05-11T15:16:06.918-0300] {processor.py:161} INFO - Started process (PID=5087) to work on /home/patricia/Documentos/airflow/airflow_venv/lib/python3.10/site-packages/airflow/example_dags/example_dynamic_task_mapping.py
[2024-05-11T15:16:06.920-0300] {processor.py:830} INFO - Processing file /home/patricia/Documentos/airflow/airflow_venv/lib/python3.10/site-packages/airflow/example_dags/example_dynamic_task_mapping.py for tasks to queue
[2024-05-11T15:16:06.923-0300] {logging_mixin.py:188} INFO - [2024-05-11T15:16:06.922-0300] {dagbag.py:545} INFO - Filling up the DagBag from /home/patricia/Documentos/airflow/airflow_venv/lib/python3.10/site-packages/airflow/example_dags/example_dynamic_task_mapping.py
[2024-05-11T15:16:06.932-0300] {processor.py:840} INFO - DAG(s) 'example_dynamic_task_mapping' retrieved from /home/patricia/Documentos/airflow/airflow_venv/lib/python3.10/site-packages/airflow/example_dags/example_dynamic_task_mapping.py
[2024-05-11T15:16:06.950-0300] {logging_mixin.py:188} INFO - [2024-05-11T15:16:06.950-0300] {dag.py:3096} INFO - Sync 1 DAGs
[2024-05-11T15:16:06.971-0300] {logging_mixin.py:188} INFO - [2024-05-11T15:16:06.970-0300] {dag.py:3954} INFO - Setting next_dagrun for example_dynamic_task_mapping to 2022-03-04 00:00:00+00:00, run_after=2022-03-05 00:00:00+00:00
[2024-05-11T15:16:07.006-0300] {processor.py:183} INFO - Processing /home/patricia/Documentos/airflow/airflow_venv/lib/python3.10/site-packages/airflow/example_dags/example_dynamic_task_mapping.py took 0.096 seconds
[2024-05-11T15:17:08.966-0300] {processor.py:161} INFO - Started process (PID=5216) to work on /home/patricia/Documentos/airflow/airflow_venv/lib/python3.10/site-packages/airflow/example_dags/example_dynamic_task_mapping.py
[2024-05-11T15:17:09.021-0300] {processor.py:830} INFO - Processing file /home/patricia/Documentos/airflow/airflow_venv/lib/python3.10/site-packages/airflow/example_dags/example_dynamic_task_mapping.py for tasks to queue
[2024-05-11T15:17:09.024-0300] {logging_mixin.py:188} INFO - [2024-05-11T15:17:09.023-0300] {dagbag.py:545} INFO - Filling up the DagBag from /home/patricia/Documentos/airflow/airflow_venv/lib/python3.10/site-packages/airflow/example_dags/example_dynamic_task_mapping.py
[2024-05-11T15:17:09.036-0300] {processor.py:840} INFO - DAG(s) 'example_dynamic_task_mapping' retrieved from /home/patricia/Documentos/airflow/airflow_venv/lib/python3.10/site-packages/airflow/example_dags/example_dynamic_task_mapping.py
[2024-05-11T15:17:09.069-0300] {logging_mixin.py:188} INFO - [2024-05-11T15:17:09.068-0300] {dag.py:3096} INFO - Sync 1 DAGs
[2024-05-11T15:17:09.230-0300] {logging_mixin.py:188} INFO - [2024-05-11T15:17:09.229-0300] {dag.py:3954} INFO - Setting next_dagrun for example_dynamic_task_mapping to 2022-03-04 00:00:00+00:00, run_after=2022-03-05 00:00:00+00:00
[2024-05-11T15:17:09.269-0300] {processor.py:183} INFO - Processing /home/patricia/Documentos/airflow/airflow_venv/lib/python3.10/site-packages/airflow/example_dags/example_dynamic_task_mapping.py took 0.331 seconds
[2024-05-11T15:18:14.893-0300] {processor.py:161} INFO - Started process (PID=5528) to work on /home/patricia/Documentos/airflow/airflow_venv/lib/python3.10/site-packages/airflow/example_dags/example_dynamic_task_mapping.py
[2024-05-11T15:18:14.896-0300] {processor.py:830} INFO - Processing file /home/patricia/Documentos/airflow/airflow_venv/lib/python3.10/site-packages/airflow/example_dags/example_dynamic_task_mapping.py for tasks to queue
[2024-05-11T15:18:14.917-0300] {logging_mixin.py:188} INFO - [2024-05-11T15:18:14.904-0300] {dagbag.py:545} INFO - Filling up the DagBag from /home/patricia/Documentos/airflow/airflow_venv/lib/python3.10/site-packages/airflow/example_dags/example_dynamic_task_mapping.py
[2024-05-11T15:18:14.927-0300] {processor.py:840} INFO - DAG(s) 'example_dynamic_task_mapping' retrieved from /home/patricia/Documentos/airflow/airflow_venv/lib/python3.10/site-packages/airflow/example_dags/example_dynamic_task_mapping.py
[2024-05-11T15:18:14.947-0300] {logging_mixin.py:188} INFO - [2024-05-11T15:18:14.947-0300] {dag.py:3096} INFO - Sync 1 DAGs
[2024-05-11T15:18:14.972-0300] {logging_mixin.py:188} INFO - [2024-05-11T15:18:14.972-0300] {dag.py:3954} INFO - Setting next_dagrun for example_dynamic_task_mapping to 2022-03-04 00:00:00+00:00, run_after=2022-03-05 00:00:00+00:00
[2024-05-11T15:18:15.024-0300] {processor.py:183} INFO - Processing /home/patricia/Documentos/airflow/airflow_venv/lib/python3.10/site-packages/airflow/example_dags/example_dynamic_task_mapping.py took 0.138 seconds
[2024-05-11T15:19:24.130-0300] {processor.py:161} INFO - Started process (PID=5976) to work on /home/patricia/Documentos/airflow/airflow_venv/lib/python3.10/site-packages/airflow/example_dags/example_dynamic_task_mapping.py
[2024-05-11T15:19:24.133-0300] {processor.py:830} INFO - Processing file /home/patricia/Documentos/airflow/airflow_venv/lib/python3.10/site-packages/airflow/example_dags/example_dynamic_task_mapping.py for tasks to queue
[2024-05-11T15:19:24.139-0300] {logging_mixin.py:188} INFO - [2024-05-11T15:19:24.138-0300] {dagbag.py:545} INFO - Filling up the DagBag from /home/patricia/Documentos/airflow/airflow_venv/lib/python3.10/site-packages/airflow/example_dags/example_dynamic_task_mapping.py
[2024-05-11T15:19:24.157-0300] {processor.py:840} INFO - DAG(s) 'example_dynamic_task_mapping' retrieved from /home/patricia/Documentos/airflow/airflow_venv/lib/python3.10/site-packages/airflow/example_dags/example_dynamic_task_mapping.py
[2024-05-11T15:19:24.181-0300] {logging_mixin.py:188} INFO - [2024-05-11T15:19:24.181-0300] {dag.py:3096} INFO - Sync 1 DAGs
[2024-05-11T15:19:24.209-0300] {logging_mixin.py:188} INFO - [2024-05-11T15:19:24.209-0300] {dag.py:3954} INFO - Setting next_dagrun for example_dynamic_task_mapping to 2022-03-04 00:00:00+00:00, run_after=2022-03-05 00:00:00+00:00
[2024-05-11T15:19:24.254-0300] {processor.py:183} INFO - Processing /home/patricia/Documentos/airflow/airflow_venv/lib/python3.10/site-packages/airflow/example_dags/example_dynamic_task_mapping.py took 0.143 seconds
[2024-05-11T15:20:45.653-0300] {processor.py:161} INFO - Started process (PID=6139) to work on /home/patricia/Documentos/airflow/airflow_venv/lib/python3.10/site-packages/airflow/example_dags/example_dynamic_task_mapping.py
[2024-05-11T15:20:45.842-0300] {processor.py:830} INFO - Processing file /home/patricia/Documentos/airflow/airflow_venv/lib/python3.10/site-packages/airflow/example_dags/example_dynamic_task_mapping.py for tasks to queue
[2024-05-11T15:20:45.845-0300] {logging_mixin.py:188} INFO - [2024-05-11T15:20:45.845-0300] {dagbag.py:545} INFO - Filling up the DagBag from /home/patricia/Documentos/airflow/airflow_venv/lib/python3.10/site-packages/airflow/example_dags/example_dynamic_task_mapping.py
[2024-05-11T15:20:45.854-0300] {processor.py:840} INFO - DAG(s) 'example_dynamic_task_mapping' retrieved from /home/patricia/Documentos/airflow/airflow_venv/lib/python3.10/site-packages/airflow/example_dags/example_dynamic_task_mapping.py
[2024-05-11T15:20:45.873-0300] {logging_mixin.py:188} INFO - [2024-05-11T15:20:45.873-0300] {dag.py:3096} INFO - Sync 1 DAGs
[2024-05-11T15:20:45.895-0300] {logging_mixin.py:188} INFO - [2024-05-11T15:20:45.894-0300] {dag.py:3954} INFO - Setting next_dagrun for example_dynamic_task_mapping to 2022-03-04 00:00:00+00:00, run_after=2022-03-05 00:00:00+00:00
[2024-05-11T15:20:47.718-0300] {processor.py:183} INFO - Processing /home/patricia/Documentos/airflow/airflow_venv/lib/python3.10/site-packages/airflow/example_dags/example_dynamic_task_mapping.py took 2.072 seconds
[2024-05-11T15:21:51.265-0300] {processor.py:161} INFO - Started process (PID=6241) to work on /home/patricia/Documentos/airflow/airflow_venv/lib/python3.10/site-packages/airflow/example_dags/example_dynamic_task_mapping.py
[2024-05-11T15:21:51.268-0300] {processor.py:830} INFO - Processing file /home/patricia/Documentos/airflow/airflow_venv/lib/python3.10/site-packages/airflow/example_dags/example_dynamic_task_mapping.py for tasks to queue
[2024-05-11T15:21:51.271-0300] {logging_mixin.py:188} INFO - [2024-05-11T15:21:51.270-0300] {dagbag.py:545} INFO - Filling up the DagBag from /home/patricia/Documentos/airflow/airflow_venv/lib/python3.10/site-packages/airflow/example_dags/example_dynamic_task_mapping.py
[2024-05-11T15:21:51.279-0300] {processor.py:840} INFO - DAG(s) 'example_dynamic_task_mapping' retrieved from /home/patricia/Documentos/airflow/airflow_venv/lib/python3.10/site-packages/airflow/example_dags/example_dynamic_task_mapping.py
[2024-05-11T15:21:51.297-0300] {logging_mixin.py:188} INFO - [2024-05-11T15:21:51.296-0300] {dag.py:3096} INFO - Sync 1 DAGs
[2024-05-11T15:21:51.317-0300] {logging_mixin.py:188} INFO - [2024-05-11T15:21:51.317-0300] {dag.py:3954} INFO - Setting next_dagrun for example_dynamic_task_mapping to 2022-03-04 00:00:00+00:00, run_after=2022-03-05 00:00:00+00:00
[2024-05-11T15:21:51.365-0300] {processor.py:183} INFO - Processing /home/patricia/Documentos/airflow/airflow_venv/lib/python3.10/site-packages/airflow/example_dags/example_dynamic_task_mapping.py took 0.108 seconds
[2024-05-11T15:22:57.246-0300] {processor.py:161} INFO - Started process (PID=6383) to work on /home/patricia/Documentos/airflow/airflow_venv/lib/python3.10/site-packages/airflow/example_dags/example_dynamic_task_mapping.py
[2024-05-11T15:22:57.250-0300] {processor.py:830} INFO - Processing file /home/patricia/Documentos/airflow/airflow_venv/lib/python3.10/site-packages/airflow/example_dags/example_dynamic_task_mapping.py for tasks to queue
[2024-05-11T15:22:57.252-0300] {logging_mixin.py:188} INFO - [2024-05-11T15:22:57.251-0300] {dagbag.py:545} INFO - Filling up the DagBag from /home/patricia/Documentos/airflow/airflow_venv/lib/python3.10/site-packages/airflow/example_dags/example_dynamic_task_mapping.py
[2024-05-11T15:22:57.260-0300] {processor.py:840} INFO - DAG(s) 'example_dynamic_task_mapping' retrieved from /home/patricia/Documentos/airflow/airflow_venv/lib/python3.10/site-packages/airflow/example_dags/example_dynamic_task_mapping.py
[2024-05-11T15:22:57.278-0300] {logging_mixin.py:188} INFO - [2024-05-11T15:22:57.278-0300] {dag.py:3096} INFO - Sync 1 DAGs
[2024-05-11T15:22:57.301-0300] {logging_mixin.py:188} INFO - [2024-05-11T15:22:57.300-0300] {dag.py:3954} INFO - Setting next_dagrun for example_dynamic_task_mapping to 2022-03-04 00:00:00+00:00, run_after=2022-03-05 00:00:00+00:00
[2024-05-11T15:22:57.332-0300] {processor.py:183} INFO - Processing /home/patricia/Documentos/airflow/airflow_venv/lib/python3.10/site-packages/airflow/example_dags/example_dynamic_task_mapping.py took 0.094 seconds
[2024-05-11T15:23:59.681-0300] {processor.py:161} INFO - Started process (PID=6508) to work on /home/patricia/Documentos/airflow/airflow_venv/lib/python3.10/site-packages/airflow/example_dags/example_dynamic_task_mapping.py
[2024-05-11T15:23:59.684-0300] {processor.py:830} INFO - Processing file /home/patricia/Documentos/airflow/airflow_venv/lib/python3.10/site-packages/airflow/example_dags/example_dynamic_task_mapping.py for tasks to queue
[2024-05-11T15:23:59.687-0300] {logging_mixin.py:188} INFO - [2024-05-11T15:23:59.686-0300] {dagbag.py:545} INFO - Filling up the DagBag from /home/patricia/Documentos/airflow/airflow_venv/lib/python3.10/site-packages/airflow/example_dags/example_dynamic_task_mapping.py
[2024-05-11T15:23:59.695-0300] {processor.py:840} INFO - DAG(s) 'example_dynamic_task_mapping' retrieved from /home/patricia/Documentos/airflow/airflow_venv/lib/python3.10/site-packages/airflow/example_dags/example_dynamic_task_mapping.py
[2024-05-11T15:23:59.714-0300] {logging_mixin.py:188} INFO - [2024-05-11T15:23:59.714-0300] {dag.py:3096} INFO - Sync 1 DAGs
[2024-05-11T15:23:59.738-0300] {logging_mixin.py:188} INFO - [2024-05-11T15:23:59.738-0300] {dag.py:3954} INFO - Setting next_dagrun for example_dynamic_task_mapping to 2022-03-04 00:00:00+00:00, run_after=2022-03-05 00:00:00+00:00
[2024-05-11T15:23:59.774-0300] {processor.py:183} INFO - Processing /home/patricia/Documentos/airflow/airflow_venv/lib/python3.10/site-packages/airflow/example_dags/example_dynamic_task_mapping.py took 0.100 seconds
[2024-05-11T15:24:56.888-0300] {processor.py:161} INFO - Started process (PID=6624) to work on /home/patricia/Documentos/airflow/airflow_venv/lib/python3.10/site-packages/airflow/example_dags/example_dynamic_task_mapping.py
[2024-05-11T15:24:56.890-0300] {processor.py:830} INFO - Processing file /home/patricia/Documentos/airflow/airflow_venv/lib/python3.10/site-packages/airflow/example_dags/example_dynamic_task_mapping.py for tasks to queue
[2024-05-11T15:24:56.893-0300] {logging_mixin.py:188} INFO - [2024-05-11T15:24:56.892-0300] {dagbag.py:545} INFO - Filling up the DagBag from /home/patricia/Documentos/airflow/airflow_venv/lib/python3.10/site-packages/airflow/example_dags/example_dynamic_task_mapping.py
[2024-05-11T15:24:56.902-0300] {processor.py:840} INFO - DAG(s) 'example_dynamic_task_mapping' retrieved from /home/patricia/Documentos/airflow/airflow_venv/lib/python3.10/site-packages/airflow/example_dags/example_dynamic_task_mapping.py
[2024-05-11T15:24:56.920-0300] {logging_mixin.py:188} INFO - [2024-05-11T15:24:56.919-0300] {dag.py:3096} INFO - Sync 1 DAGs
[2024-05-11T15:24:56.941-0300] {logging_mixin.py:188} INFO - [2024-05-11T15:24:56.941-0300] {dag.py:3954} INFO - Setting next_dagrun for example_dynamic_task_mapping to 2022-03-04 00:00:00+00:00, run_after=2022-03-05 00:00:00+00:00
[2024-05-11T15:24:56.976-0300] {processor.py:183} INFO - Processing /home/patricia/Documentos/airflow/airflow_venv/lib/python3.10/site-packages/airflow/example_dags/example_dynamic_task_mapping.py took 0.096 seconds
[2024-05-11T15:26:28.747-0300] {processor.py:161} INFO - Started process (PID=7521) to work on /home/patricia/Documentos/airflow/airflow_venv/lib/python3.10/site-packages/airflow/example_dags/example_dynamic_task_mapping.py
[2024-05-11T15:26:28.750-0300] {processor.py:830} INFO - Processing file /home/patricia/Documentos/airflow/airflow_venv/lib/python3.10/site-packages/airflow/example_dags/example_dynamic_task_mapping.py for tasks to queue
[2024-05-11T15:26:28.753-0300] {logging_mixin.py:188} INFO - [2024-05-11T15:26:28.752-0300] {dagbag.py:545} INFO - Filling up the DagBag from /home/patricia/Documentos/airflow/airflow_venv/lib/python3.10/site-packages/airflow/example_dags/example_dynamic_task_mapping.py
[2024-05-11T15:26:28.761-0300] {processor.py:840} INFO - DAG(s) 'example_dynamic_task_mapping' retrieved from /home/patricia/Documentos/airflow/airflow_venv/lib/python3.10/site-packages/airflow/example_dags/example_dynamic_task_mapping.py
[2024-05-11T15:26:28.902-0300] {logging_mixin.py:188} INFO - [2024-05-11T15:26:28.902-0300] {dag.py:3096} INFO - Sync 1 DAGs
[2024-05-11T15:26:28.936-0300] {logging_mixin.py:188} INFO - [2024-05-11T15:26:28.935-0300] {dag.py:3954} INFO - Setting next_dagrun for example_dynamic_task_mapping to 2022-03-04 00:00:00+00:00, run_after=2022-03-05 00:00:00+00:00
[2024-05-11T15:26:28.984-0300] {processor.py:183} INFO - Processing /home/patricia/Documentos/airflow/airflow_venv/lib/python3.10/site-packages/airflow/example_dags/example_dynamic_task_mapping.py took 0.244 seconds
[2024-05-11T15:27:53.018-0300] {processor.py:161} INFO - Started process (PID=7691) to work on /home/patricia/Documentos/airflow/airflow_venv/lib/python3.10/site-packages/airflow/example_dags/example_dynamic_task_mapping.py
[2024-05-11T15:27:53.022-0300] {processor.py:830} INFO - Processing file /home/patricia/Documentos/airflow/airflow_venv/lib/python3.10/site-packages/airflow/example_dags/example_dynamic_task_mapping.py for tasks to queue
[2024-05-11T15:27:53.031-0300] {logging_mixin.py:188} INFO - [2024-05-11T15:27:53.029-0300] {dagbag.py:545} INFO - Filling up the DagBag from /home/patricia/Documentos/airflow/airflow_venv/lib/python3.10/site-packages/airflow/example_dags/example_dynamic_task_mapping.py
[2024-05-11T15:27:53.057-0300] {processor.py:840} INFO - DAG(s) 'example_dynamic_task_mapping' retrieved from /home/patricia/Documentos/airflow/airflow_venv/lib/python3.10/site-packages/airflow/example_dags/example_dynamic_task_mapping.py
[2024-05-11T15:27:53.101-0300] {logging_mixin.py:188} INFO - [2024-05-11T15:27:53.101-0300] {dag.py:3096} INFO - Sync 1 DAGs
[2024-05-11T15:27:53.141-0300] {logging_mixin.py:188} INFO - [2024-05-11T15:27:53.141-0300] {dag.py:3954} INFO - Setting next_dagrun for example_dynamic_task_mapping to 2022-03-04 00:00:00+00:00, run_after=2022-03-05 00:00:00+00:00
[2024-05-11T15:27:53.238-0300] {processor.py:183} INFO - Processing /home/patricia/Documentos/airflow/airflow_venv/lib/python3.10/site-packages/airflow/example_dags/example_dynamic_task_mapping.py took 0.236 seconds
[2024-05-11T15:29:07.861-0300] {processor.py:161} INFO - Started process (PID=7844) to work on /home/patricia/Documentos/airflow/airflow_venv/lib/python3.10/site-packages/airflow/example_dags/example_dynamic_task_mapping.py
[2024-05-11T15:29:07.865-0300] {processor.py:830} INFO - Processing file /home/patricia/Documentos/airflow/airflow_venv/lib/python3.10/site-packages/airflow/example_dags/example_dynamic_task_mapping.py for tasks to queue
[2024-05-11T15:29:07.869-0300] {logging_mixin.py:188} INFO - [2024-05-11T15:29:07.868-0300] {dagbag.py:545} INFO - Filling up the DagBag from /home/patricia/Documentos/airflow/airflow_venv/lib/python3.10/site-packages/airflow/example_dags/example_dynamic_task_mapping.py
[2024-05-11T15:29:07.881-0300] {processor.py:840} INFO - DAG(s) 'example_dynamic_task_mapping' retrieved from /home/patricia/Documentos/airflow/airflow_venv/lib/python3.10/site-packages/airflow/example_dags/example_dynamic_task_mapping.py
[2024-05-11T15:29:07.925-0300] {logging_mixin.py:188} INFO - [2024-05-11T15:29:07.924-0300] {dag.py:3096} INFO - Sync 1 DAGs
[2024-05-11T15:29:08.115-0300] {logging_mixin.py:188} INFO - [2024-05-11T15:29:08.114-0300] {dag.py:3954} INFO - Setting next_dagrun for example_dynamic_task_mapping to 2022-03-04 00:00:00+00:00, run_after=2022-03-05 00:00:00+00:00
[2024-05-11T15:29:08.202-0300] {processor.py:183} INFO - Processing /home/patricia/Documentos/airflow/airflow_venv/lib/python3.10/site-packages/airflow/example_dags/example_dynamic_task_mapping.py took 0.349 seconds
[2024-05-11T15:30:40.008-0300] {processor.py:161} INFO - Started process (PID=8034) to work on /home/patricia/Documentos/airflow/airflow_venv/lib/python3.10/site-packages/airflow/example_dags/example_dynamic_task_mapping.py
[2024-05-11T15:30:40.011-0300] {processor.py:830} INFO - Processing file /home/patricia/Documentos/airflow/airflow_venv/lib/python3.10/site-packages/airflow/example_dags/example_dynamic_task_mapping.py for tasks to queue
[2024-05-11T15:30:40.016-0300] {logging_mixin.py:188} INFO - [2024-05-11T15:30:40.015-0300] {dagbag.py:545} INFO - Filling up the DagBag from /home/patricia/Documentos/airflow/airflow_venv/lib/python3.10/site-packages/airflow/example_dags/example_dynamic_task_mapping.py
[2024-05-11T15:30:40.026-0300] {processor.py:840} INFO - DAG(s) 'example_dynamic_task_mapping' retrieved from /home/patricia/Documentos/airflow/airflow_venv/lib/python3.10/site-packages/airflow/example_dags/example_dynamic_task_mapping.py
[2024-05-11T15:30:40.068-0300] {logging_mixin.py:188} INFO - [2024-05-11T15:30:40.067-0300] {dag.py:3096} INFO - Sync 1 DAGs
[2024-05-11T15:30:40.112-0300] {logging_mixin.py:188} INFO - [2024-05-11T15:30:40.111-0300] {dag.py:3954} INFO - Setting next_dagrun for example_dynamic_task_mapping to 2022-03-04 00:00:00+00:00, run_after=2022-03-05 00:00:00+00:00
[2024-05-11T15:30:40.152-0300] {processor.py:183} INFO - Processing /home/patricia/Documentos/airflow/airflow_venv/lib/python3.10/site-packages/airflow/example_dags/example_dynamic_task_mapping.py took 0.156 seconds
[2024-05-11T15:31:46.816-0300] {processor.py:161} INFO - Started process (PID=8221) to work on /home/patricia/Documentos/airflow/airflow_venv/lib/python3.10/site-packages/airflow/example_dags/example_dynamic_task_mapping.py
[2024-05-11T15:31:46.821-0300] {processor.py:830} INFO - Processing file /home/patricia/Documentos/airflow/airflow_venv/lib/python3.10/site-packages/airflow/example_dags/example_dynamic_task_mapping.py for tasks to queue
[2024-05-11T15:31:46.835-0300] {logging_mixin.py:188} INFO - [2024-05-11T15:31:46.832-0300] {dagbag.py:545} INFO - Filling up the DagBag from /home/patricia/Documentos/airflow/airflow_venv/lib/python3.10/site-packages/airflow/example_dags/example_dynamic_task_mapping.py
[2024-05-11T15:31:46.907-0300] {processor.py:840} INFO - DAG(s) 'example_dynamic_task_mapping' retrieved from /home/patricia/Documentos/airflow/airflow_venv/lib/python3.10/site-packages/airflow/example_dags/example_dynamic_task_mapping.py
[2024-05-11T15:31:46.987-0300] {logging_mixin.py:188} INFO - [2024-05-11T15:31:46.986-0300] {dag.py:3096} INFO - Sync 1 DAGs
[2024-05-11T15:31:47.071-0300] {logging_mixin.py:188} INFO - [2024-05-11T15:31:47.070-0300] {dag.py:3954} INFO - Setting next_dagrun for example_dynamic_task_mapping to 2022-03-04 00:00:00+00:00, run_after=2022-03-05 00:00:00+00:00
[2024-05-11T15:31:47.311-0300] {processor.py:183} INFO - Processing /home/patricia/Documentos/airflow/airflow_venv/lib/python3.10/site-packages/airflow/example_dags/example_dynamic_task_mapping.py took 0.528 seconds
[2024-05-11T15:32:49.334-0300] {processor.py:161} INFO - Started process (PID=8536) to work on /home/patricia/Documentos/airflow/airflow_venv/lib/python3.10/site-packages/airflow/example_dags/example_dynamic_task_mapping.py
[2024-05-11T15:32:49.342-0300] {processor.py:830} INFO - Processing file /home/patricia/Documentos/airflow/airflow_venv/lib/python3.10/site-packages/airflow/example_dags/example_dynamic_task_mapping.py for tasks to queue
[2024-05-11T15:32:49.349-0300] {logging_mixin.py:188} INFO - [2024-05-11T15:32:49.348-0300] {dagbag.py:545} INFO - Filling up the DagBag from /home/patricia/Documentos/airflow/airflow_venv/lib/python3.10/site-packages/airflow/example_dags/example_dynamic_task_mapping.py
[2024-05-11T15:32:49.359-0300] {processor.py:840} INFO - DAG(s) 'example_dynamic_task_mapping' retrieved from /home/patricia/Documentos/airflow/airflow_venv/lib/python3.10/site-packages/airflow/example_dags/example_dynamic_task_mapping.py
[2024-05-11T15:32:49.383-0300] {logging_mixin.py:188} INFO - [2024-05-11T15:32:49.383-0300] {dag.py:3096} INFO - Sync 1 DAGs
[2024-05-11T15:32:49.430-0300] {logging_mixin.py:188} INFO - [2024-05-11T15:32:49.429-0300] {dag.py:3954} INFO - Setting next_dagrun for example_dynamic_task_mapping to 2022-03-04 00:00:00+00:00, run_after=2022-03-05 00:00:00+00:00
[2024-05-11T15:32:49.488-0300] {processor.py:183} INFO - Processing /home/patricia/Documentos/airflow/airflow_venv/lib/python3.10/site-packages/airflow/example_dags/example_dynamic_task_mapping.py took 0.181 seconds
[2024-05-11T15:34:02.395-0300] {processor.py:161} INFO - Started process (PID=9210) to work on /home/patricia/Documentos/airflow/airflow_venv/lib/python3.10/site-packages/airflow/example_dags/example_dynamic_task_mapping.py
[2024-05-11T15:34:02.402-0300] {processor.py:830} INFO - Processing file /home/patricia/Documentos/airflow/airflow_venv/lib/python3.10/site-packages/airflow/example_dags/example_dynamic_task_mapping.py for tasks to queue
[2024-05-11T15:34:02.406-0300] {logging_mixin.py:188} INFO - [2024-05-11T15:34:02.405-0300] {dagbag.py:545} INFO - Filling up the DagBag from /home/patricia/Documentos/airflow/airflow_venv/lib/python3.10/site-packages/airflow/example_dags/example_dynamic_task_mapping.py
[2024-05-11T15:34:02.442-0300] {processor.py:840} INFO - DAG(s) 'example_dynamic_task_mapping' retrieved from /home/patricia/Documentos/airflow/airflow_venv/lib/python3.10/site-packages/airflow/example_dags/example_dynamic_task_mapping.py
[2024-05-11T15:34:02.544-0300] {logging_mixin.py:188} INFO - [2024-05-11T15:34:02.543-0300] {dag.py:3096} INFO - Sync 1 DAGs
[2024-05-11T15:34:02.653-0300] {logging_mixin.py:188} INFO - [2024-05-11T15:34:02.653-0300] {dag.py:3954} INFO - Setting next_dagrun for example_dynamic_task_mapping to 2022-03-04 00:00:00+00:00, run_after=2022-03-05 00:00:00+00:00
[2024-05-11T15:34:02.755-0300] {processor.py:183} INFO - Processing /home/patricia/Documentos/airflow/airflow_venv/lib/python3.10/site-packages/airflow/example_dags/example_dynamic_task_mapping.py took 0.380 seconds
[2024-05-11T15:35:21.453-0300] {processor.py:161} INFO - Started process (PID=9439) to work on /home/patricia/Documentos/airflow/airflow_venv/lib/python3.10/site-packages/airflow/example_dags/example_dynamic_task_mapping.py
[2024-05-11T15:35:21.495-0300] {processor.py:830} INFO - Processing file /home/patricia/Documentos/airflow/airflow_venv/lib/python3.10/site-packages/airflow/example_dags/example_dynamic_task_mapping.py for tasks to queue
[2024-05-11T15:35:21.590-0300] {logging_mixin.py:188} INFO - [2024-05-11T15:35:21.589-0300] {dagbag.py:545} INFO - Filling up the DagBag from /home/patricia/Documentos/airflow/airflow_venv/lib/python3.10/site-packages/airflow/example_dags/example_dynamic_task_mapping.py
[2024-05-11T15:35:21.711-0300] {processor.py:840} INFO - DAG(s) 'example_dynamic_task_mapping' retrieved from /home/patricia/Documentos/airflow/airflow_venv/lib/python3.10/site-packages/airflow/example_dags/example_dynamic_task_mapping.py
[2024-05-11T15:35:21.730-0300] {logging_mixin.py:188} INFO - [2024-05-11T15:35:21.730-0300] {dag.py:3096} INFO - Sync 1 DAGs
[2024-05-11T15:35:21.798-0300] {logging_mixin.py:188} INFO - [2024-05-11T15:35:21.795-0300] {dag.py:3954} INFO - Setting next_dagrun for example_dynamic_task_mapping to 2022-03-04 00:00:00+00:00, run_after=2022-03-05 00:00:00+00:00
[2024-05-11T15:35:21.886-0300] {processor.py:183} INFO - Processing /home/patricia/Documentos/airflow/airflow_venv/lib/python3.10/site-packages/airflow/example_dags/example_dynamic_task_mapping.py took 0.478 seconds
[2024-05-11T15:36:39.136-0300] {processor.py:161} INFO - Started process (PID=9623) to work on /home/patricia/Documentos/airflow/airflow_venv/lib/python3.10/site-packages/airflow/example_dags/example_dynamic_task_mapping.py
[2024-05-11T15:36:39.157-0300] {processor.py:830} INFO - Processing file /home/patricia/Documentos/airflow/airflow_venv/lib/python3.10/site-packages/airflow/example_dags/example_dynamic_task_mapping.py for tasks to queue
[2024-05-11T15:36:39.160-0300] {logging_mixin.py:188} INFO - [2024-05-11T15:36:39.159-0300] {dagbag.py:545} INFO - Filling up the DagBag from /home/patricia/Documentos/airflow/airflow_venv/lib/python3.10/site-packages/airflow/example_dags/example_dynamic_task_mapping.py
[2024-05-11T15:36:39.177-0300] {processor.py:840} INFO - DAG(s) 'example_dynamic_task_mapping' retrieved from /home/patricia/Documentos/airflow/airflow_venv/lib/python3.10/site-packages/airflow/example_dags/example_dynamic_task_mapping.py
[2024-05-11T15:36:39.196-0300] {logging_mixin.py:188} INFO - [2024-05-11T15:36:39.196-0300] {dag.py:3096} INFO - Sync 1 DAGs
[2024-05-11T15:36:39.223-0300] {logging_mixin.py:188} INFO - [2024-05-11T15:36:39.222-0300] {dag.py:3954} INFO - Setting next_dagrun for example_dynamic_task_mapping to 2022-03-04 00:00:00+00:00, run_after=2022-03-05 00:00:00+00:00
[2024-05-11T15:36:39.266-0300] {processor.py:183} INFO - Processing /home/patricia/Documentos/airflow/airflow_venv/lib/python3.10/site-packages/airflow/example_dags/example_dynamic_task_mapping.py took 0.137 seconds
[2024-05-11T15:38:49.338-0300] {processor.py:161} INFO - Started process (PID=9983) to work on /home/patricia/Documentos/airflow/airflow_venv/lib/python3.10/site-packages/airflow/example_dags/example_dynamic_task_mapping.py
[2024-05-11T15:38:49.343-0300] {processor.py:830} INFO - Processing file /home/patricia/Documentos/airflow/airflow_venv/lib/python3.10/site-packages/airflow/example_dags/example_dynamic_task_mapping.py for tasks to queue
[2024-05-11T15:38:49.353-0300] {logging_mixin.py:188} INFO - [2024-05-11T15:38:49.350-0300] {dagbag.py:545} INFO - Filling up the DagBag from /home/patricia/Documentos/airflow/airflow_venv/lib/python3.10/site-packages/airflow/example_dags/example_dynamic_task_mapping.py
[2024-05-11T15:38:49.422-0300] {processor.py:840} INFO - DAG(s) 'example_dynamic_task_mapping' retrieved from /home/patricia/Documentos/airflow/airflow_venv/lib/python3.10/site-packages/airflow/example_dags/example_dynamic_task_mapping.py
[2024-05-11T15:38:49.466-0300] {logging_mixin.py:188} INFO - [2024-05-11T15:38:49.466-0300] {dag.py:3096} INFO - Sync 1 DAGs
[2024-05-11T15:38:49.551-0300] {logging_mixin.py:188} INFO - [2024-05-11T15:38:49.549-0300] {dag.py:3954} INFO - Setting next_dagrun for example_dynamic_task_mapping to 2022-03-04 00:00:00+00:00, run_after=2022-03-05 00:00:00+00:00
[2024-05-11T15:38:49.769-0300] {processor.py:183} INFO - Processing /home/patricia/Documentos/airflow/airflow_venv/lib/python3.10/site-packages/airflow/example_dags/example_dynamic_task_mapping.py took 0.547 seconds
[2024-05-11T15:40:05.265-0300] {processor.py:161} INFO - Started process (PID=10185) to work on /home/patricia/Documentos/airflow/airflow_venv/lib/python3.10/site-packages/airflow/example_dags/example_dynamic_task_mapping.py
[2024-05-11T15:40:05.275-0300] {processor.py:830} INFO - Processing file /home/patricia/Documentos/airflow/airflow_venv/lib/python3.10/site-packages/airflow/example_dags/example_dynamic_task_mapping.py for tasks to queue
[2024-05-11T15:40:05.280-0300] {logging_mixin.py:188} INFO - [2024-05-11T15:40:05.279-0300] {dagbag.py:545} INFO - Filling up the DagBag from /home/patricia/Documentos/airflow/airflow_venv/lib/python3.10/site-packages/airflow/example_dags/example_dynamic_task_mapping.py
[2024-05-11T15:40:05.295-0300] {processor.py:840} INFO - DAG(s) 'example_dynamic_task_mapping' retrieved from /home/patricia/Documentos/airflow/airflow_venv/lib/python3.10/site-packages/airflow/example_dags/example_dynamic_task_mapping.py
[2024-05-11T15:40:05.398-0300] {logging_mixin.py:188} INFO - [2024-05-11T15:40:05.397-0300] {dag.py:3096} INFO - Sync 1 DAGs
[2024-05-11T15:40:05.441-0300] {logging_mixin.py:188} INFO - [2024-05-11T15:40:05.440-0300] {dag.py:3954} INFO - Setting next_dagrun for example_dynamic_task_mapping to 2022-03-04 00:00:00+00:00, run_after=2022-03-05 00:00:00+00:00
[2024-05-11T15:40:05.499-0300] {processor.py:183} INFO - Processing /home/patricia/Documentos/airflow/airflow_venv/lib/python3.10/site-packages/airflow/example_dags/example_dynamic_task_mapping.py took 0.239 seconds
[2024-05-11T16:28:24.227-0300] {processor.py:161} INFO - Started process (PID=11004) to work on /home/patricia/Documentos/airflow/airflow_venv/lib/python3.10/site-packages/airflow/example_dags/example_dynamic_task_mapping.py
[2024-05-11T16:28:24.233-0300] {processor.py:830} INFO - Processing file /home/patricia/Documentos/airflow/airflow_venv/lib/python3.10/site-packages/airflow/example_dags/example_dynamic_task_mapping.py for tasks to queue
[2024-05-11T16:28:24.247-0300] {logging_mixin.py:188} INFO - [2024-05-11T16:28:24.236-0300] {dagbag.py:545} INFO - Filling up the DagBag from /home/patricia/Documentos/airflow/airflow_venv/lib/python3.10/site-packages/airflow/example_dags/example_dynamic_task_mapping.py
[2024-05-11T16:28:24.279-0300] {processor.py:840} INFO - DAG(s) 'example_dynamic_task_mapping' retrieved from /home/patricia/Documentos/airflow/airflow_venv/lib/python3.10/site-packages/airflow/example_dags/example_dynamic_task_mapping.py
[2024-05-11T16:28:24.512-0300] {logging_mixin.py:188} INFO - [2024-05-11T16:28:24.512-0300] {dag.py:3096} INFO - Sync 1 DAGs
[2024-05-11T16:28:24.552-0300] {logging_mixin.py:188} INFO - [2024-05-11T16:28:24.551-0300] {dag.py:3954} INFO - Setting next_dagrun for example_dynamic_task_mapping to 2022-03-04 00:00:00+00:00, run_after=2022-03-05 00:00:00+00:00
[2024-05-11T16:28:24.614-0300] {processor.py:183} INFO - Processing /home/patricia/Documentos/airflow/airflow_venv/lib/python3.10/site-packages/airflow/example_dags/example_dynamic_task_mapping.py took 0.404 seconds
[2024-05-11T16:30:39.206-0300] {processor.py:161} INFO - Started process (PID=11266) to work on /home/patricia/Documentos/airflow/airflow_venv/lib/python3.10/site-packages/airflow/example_dags/example_dynamic_task_mapping.py
[2024-05-11T16:30:39.237-0300] {processor.py:830} INFO - Processing file /home/patricia/Documentos/airflow/airflow_venv/lib/python3.10/site-packages/airflow/example_dags/example_dynamic_task_mapping.py for tasks to queue
[2024-05-11T16:30:39.245-0300] {logging_mixin.py:188} INFO - [2024-05-11T16:30:39.244-0300] {dagbag.py:545} INFO - Filling up the DagBag from /home/patricia/Documentos/airflow/airflow_venv/lib/python3.10/site-packages/airflow/example_dags/example_dynamic_task_mapping.py
[2024-05-11T16:30:39.264-0300] {processor.py:840} INFO - DAG(s) 'example_dynamic_task_mapping' retrieved from /home/patricia/Documentos/airflow/airflow_venv/lib/python3.10/site-packages/airflow/example_dags/example_dynamic_task_mapping.py
[2024-05-11T16:30:39.299-0300] {logging_mixin.py:188} INFO - [2024-05-11T16:30:39.299-0300] {dag.py:3096} INFO - Sync 1 DAGs
[2024-05-11T16:30:39.355-0300] {logging_mixin.py:188} INFO - [2024-05-11T16:30:39.355-0300] {dag.py:3954} INFO - Setting next_dagrun for example_dynamic_task_mapping to 2022-03-04 00:00:00+00:00, run_after=2022-03-05 00:00:00+00:00
[2024-05-11T16:30:39.417-0300] {processor.py:183} INFO - Processing /home/patricia/Documentos/airflow/airflow_venv/lib/python3.10/site-packages/airflow/example_dags/example_dynamic_task_mapping.py took 0.237 seconds
[2024-05-11T16:32:03.461-0300] {processor.py:161} INFO - Started process (PID=11409) to work on /home/patricia/Documentos/airflow/airflow_venv/lib/python3.10/site-packages/airflow/example_dags/example_dynamic_task_mapping.py
[2024-05-11T16:32:03.467-0300] {processor.py:830} INFO - Processing file /home/patricia/Documentos/airflow/airflow_venv/lib/python3.10/site-packages/airflow/example_dags/example_dynamic_task_mapping.py for tasks to queue
[2024-05-11T16:32:03.472-0300] {logging_mixin.py:188} INFO - [2024-05-11T16:32:03.471-0300] {dagbag.py:545} INFO - Filling up the DagBag from /home/patricia/Documentos/airflow/airflow_venv/lib/python3.10/site-packages/airflow/example_dags/example_dynamic_task_mapping.py
[2024-05-11T16:32:03.500-0300] {processor.py:840} INFO - DAG(s) 'example_dynamic_task_mapping' retrieved from /home/patricia/Documentos/airflow/airflow_venv/lib/python3.10/site-packages/airflow/example_dags/example_dynamic_task_mapping.py
[2024-05-11T16:32:03.546-0300] {logging_mixin.py:188} INFO - [2024-05-11T16:32:03.546-0300] {dag.py:3096} INFO - Sync 1 DAGs
[2024-05-11T16:32:03.942-0300] {logging_mixin.py:188} INFO - [2024-05-11T16:32:03.941-0300] {dag.py:3954} INFO - Setting next_dagrun for example_dynamic_task_mapping to 2022-03-04 00:00:00+00:00, run_after=2022-03-05 00:00:00+00:00
[2024-05-11T16:32:04.022-0300] {processor.py:183} INFO - Processing /home/patricia/Documentos/airflow/airflow_venv/lib/python3.10/site-packages/airflow/example_dags/example_dynamic_task_mapping.py took 0.657 seconds
[2024-05-11T16:33:55.523-0300] {processor.py:161} INFO - Started process (PID=11673) to work on /home/patricia/Documentos/airflow/airflow_venv/lib/python3.10/site-packages/airflow/example_dags/example_dynamic_task_mapping.py
[2024-05-11T16:33:55.543-0300] {processor.py:830} INFO - Processing file /home/patricia/Documentos/airflow/airflow_venv/lib/python3.10/site-packages/airflow/example_dags/example_dynamic_task_mapping.py for tasks to queue
[2024-05-11T16:33:55.558-0300] {logging_mixin.py:188} INFO - [2024-05-11T16:33:55.552-0300] {dagbag.py:545} INFO - Filling up the DagBag from /home/patricia/Documentos/airflow/airflow_venv/lib/python3.10/site-packages/airflow/example_dags/example_dynamic_task_mapping.py
[2024-05-11T16:33:55.596-0300] {processor.py:840} INFO - DAG(s) 'example_dynamic_task_mapping' retrieved from /home/patricia/Documentos/airflow/airflow_venv/lib/python3.10/site-packages/airflow/example_dags/example_dynamic_task_mapping.py
[2024-05-11T16:33:55.658-0300] {logging_mixin.py:188} INFO - [2024-05-11T16:33:55.658-0300] {dag.py:3096} INFO - Sync 1 DAGs
[2024-05-11T16:33:55.703-0300] {logging_mixin.py:188} INFO - [2024-05-11T16:33:55.703-0300] {dag.py:3954} INFO - Setting next_dagrun for example_dynamic_task_mapping to 2022-03-04 00:00:00+00:00, run_after=2022-03-05 00:00:00+00:00
[2024-05-11T16:33:55.861-0300] {processor.py:183} INFO - Processing /home/patricia/Documentos/airflow/airflow_venv/lib/python3.10/site-packages/airflow/example_dags/example_dynamic_task_mapping.py took 0.365 seconds
[2024-05-11T16:35:33.333-0300] {processor.py:161} INFO - Started process (PID=11821) to work on /home/patricia/Documentos/airflow/airflow_venv/lib/python3.10/site-packages/airflow/example_dags/example_dynamic_task_mapping.py
[2024-05-11T16:35:33.381-0300] {processor.py:830} INFO - Processing file /home/patricia/Documentos/airflow/airflow_venv/lib/python3.10/site-packages/airflow/example_dags/example_dynamic_task_mapping.py for tasks to queue
[2024-05-11T16:35:33.385-0300] {logging_mixin.py:188} INFO - [2024-05-11T16:35:33.384-0300] {dagbag.py:545} INFO - Filling up the DagBag from /home/patricia/Documentos/airflow/airflow_venv/lib/python3.10/site-packages/airflow/example_dags/example_dynamic_task_mapping.py
[2024-05-11T16:35:33.426-0300] {processor.py:840} INFO - DAG(s) 'example_dynamic_task_mapping' retrieved from /home/patricia/Documentos/airflow/airflow_venv/lib/python3.10/site-packages/airflow/example_dags/example_dynamic_task_mapping.py
[2024-05-11T16:35:33.462-0300] {logging_mixin.py:188} INFO - [2024-05-11T16:35:33.462-0300] {dag.py:3096} INFO - Sync 1 DAGs
[2024-05-11T16:35:33.529-0300] {logging_mixin.py:188} INFO - [2024-05-11T16:35:33.528-0300] {dag.py:3954} INFO - Setting next_dagrun for example_dynamic_task_mapping to 2022-03-04 00:00:00+00:00, run_after=2022-03-05 00:00:00+00:00
[2024-05-11T16:35:33.596-0300] {processor.py:183} INFO - Processing /home/patricia/Documentos/airflow/airflow_venv/lib/python3.10/site-packages/airflow/example_dags/example_dynamic_task_mapping.py took 0.299 seconds
[2024-05-11T16:37:08.860-0300] {processor.py:161} INFO - Started process (PID=11965) to work on /home/patricia/Documentos/airflow/airflow_venv/lib/python3.10/site-packages/airflow/example_dags/example_dynamic_task_mapping.py
[2024-05-11T16:37:08.865-0300] {processor.py:830} INFO - Processing file /home/patricia/Documentos/airflow/airflow_venv/lib/python3.10/site-packages/airflow/example_dags/example_dynamic_task_mapping.py for tasks to queue
[2024-05-11T16:37:08.872-0300] {logging_mixin.py:188} INFO - [2024-05-11T16:37:08.870-0300] {dagbag.py:545} INFO - Filling up the DagBag from /home/patricia/Documentos/airflow/airflow_venv/lib/python3.10/site-packages/airflow/example_dags/example_dynamic_task_mapping.py
[2024-05-11T16:37:08.891-0300] {processor.py:840} INFO - DAG(s) 'example_dynamic_task_mapping' retrieved from /home/patricia/Documentos/airflow/airflow_venv/lib/python3.10/site-packages/airflow/example_dags/example_dynamic_task_mapping.py
[2024-05-11T16:37:09.035-0300] {logging_mixin.py:188} INFO - [2024-05-11T16:37:09.027-0300] {dag.py:3096} INFO - Sync 1 DAGs
[2024-05-11T16:37:09.284-0300] {logging_mixin.py:188} INFO - [2024-05-11T16:37:09.282-0300] {dag.py:3954} INFO - Setting next_dagrun for example_dynamic_task_mapping to 2022-03-04 00:00:00+00:00, run_after=2022-03-05 00:00:00+00:00
[2024-05-11T16:37:09.515-0300] {processor.py:183} INFO - Processing /home/patricia/Documentos/airflow/airflow_venv/lib/python3.10/site-packages/airflow/example_dags/example_dynamic_task_mapping.py took 0.743 seconds
