[2024-05-11T15:12:07.873-0300] {processor.py:161} INFO - Started process (PID=4621) to work on /home/patricia/Documentos/airflow/airflow_venv/lib/python3.10/site-packages/airflow/example_dags/example_bash_decorator.py
[2024-05-11T15:12:07.875-0300] {processor.py:830} INFO - Processing file /home/patricia/Documentos/airflow/airflow_venv/lib/python3.10/site-packages/airflow/example_dags/example_bash_decorator.py for tasks to queue
[2024-05-11T15:12:07.880-0300] {logging_mixin.py:188} INFO - [2024-05-11T15:12:07.880-0300] {dagbag.py:545} INFO - Filling up the DagBag from /home/patricia/Documentos/airflow/airflow_venv/lib/python3.10/site-packages/airflow/example_dags/example_bash_decorator.py
[2024-05-11T15:12:07.911-0300] {processor.py:840} INFO - DAG(s) 'example_bash_decorator' retrieved from /home/patricia/Documentos/airflow/airflow_venv/lib/python3.10/site-packages/airflow/example_dags/example_bash_decorator.py
[2024-05-11T15:12:08.893-0300] {logging_mixin.py:188} INFO - [2024-05-11T15:12:08.893-0300] {dag.py:3096} INFO - Sync 1 DAGs
[2024-05-11T15:12:09.749-0300] {logging_mixin.py:188} INFO - [2024-05-11T15:12:09.749-0300] {dag.py:3954} INFO - Setting next_dagrun for example_bash_decorator to None, run_after=None
[2024-05-11T15:12:09.918-0300] {processor.py:183} INFO - Processing /home/patricia/Documentos/airflow/airflow_venv/lib/python3.10/site-packages/airflow/example_dags/example_bash_decorator.py took 2.061 seconds
[2024-05-11T15:14:32.340-0300] {processor.py:161} INFO - Started process (PID=4882) to work on /home/patricia/Documentos/airflow/airflow_venv/lib/python3.10/site-packages/airflow/example_dags/example_bash_decorator.py
[2024-05-11T15:14:32.356-0300] {processor.py:830} INFO - Processing file /home/patricia/Documentos/airflow/airflow_venv/lib/python3.10/site-packages/airflow/example_dags/example_bash_decorator.py for tasks to queue
[2024-05-11T15:14:32.361-0300] {logging_mixin.py:188} INFO - [2024-05-11T15:14:32.361-0300] {dagbag.py:545} INFO - Filling up the DagBag from /home/patricia/Documentos/airflow/airflow_venv/lib/python3.10/site-packages/airflow/example_dags/example_bash_decorator.py
[2024-05-11T15:14:32.386-0300] {processor.py:840} INFO - DAG(s) 'example_bash_decorator' retrieved from /home/patricia/Documentos/airflow/airflow_venv/lib/python3.10/site-packages/airflow/example_dags/example_bash_decorator.py
[2024-05-11T15:14:32.446-0300] {logging_mixin.py:188} INFO - [2024-05-11T15:14:32.446-0300] {dag.py:3096} INFO - Sync 1 DAGs
[2024-05-11T15:14:32.622-0300] {logging_mixin.py:188} INFO - [2024-05-11T15:14:32.621-0300] {dag.py:3954} INFO - Setting next_dagrun for example_bash_decorator to None, run_after=None
[2024-05-11T15:14:32.685-0300] {processor.py:183} INFO - Processing /home/patricia/Documentos/airflow/airflow_venv/lib/python3.10/site-packages/airflow/example_dags/example_bash_decorator.py took 0.352 seconds
[2024-05-11T15:15:49.258-0300] {processor.py:161} INFO - Started process (PID=5047) to work on /home/patricia/Documentos/airflow/airflow_venv/lib/python3.10/site-packages/airflow/example_dags/example_bash_decorator.py
[2024-05-11T15:15:49.261-0300] {processor.py:830} INFO - Processing file /home/patricia/Documentos/airflow/airflow_venv/lib/python3.10/site-packages/airflow/example_dags/example_bash_decorator.py for tasks to queue
[2024-05-11T15:15:49.264-0300] {logging_mixin.py:188} INFO - [2024-05-11T15:15:49.264-0300] {dagbag.py:545} INFO - Filling up the DagBag from /home/patricia/Documentos/airflow/airflow_venv/lib/python3.10/site-packages/airflow/example_dags/example_bash_decorator.py
[2024-05-11T15:15:49.280-0300] {processor.py:840} INFO - DAG(s) 'example_bash_decorator' retrieved from /home/patricia/Documentos/airflow/airflow_venv/lib/python3.10/site-packages/airflow/example_dags/example_bash_decorator.py
[2024-05-11T15:15:49.299-0300] {logging_mixin.py:188} INFO - [2024-05-11T15:15:49.299-0300] {dag.py:3096} INFO - Sync 1 DAGs
[2024-05-11T15:15:49.317-0300] {logging_mixin.py:188} INFO - [2024-05-11T15:15:49.316-0300] {dag.py:3954} INFO - Setting next_dagrun for example_bash_decorator to None, run_after=None
[2024-05-11T15:15:49.355-0300] {processor.py:183} INFO - Processing /home/patricia/Documentos/airflow/airflow_venv/lib/python3.10/site-packages/airflow/example_dags/example_bash_decorator.py took 0.104 seconds
[2024-05-11T15:16:47.101-0300] {processor.py:161} INFO - Started process (PID=5162) to work on /home/patricia/Documentos/airflow/airflow_venv/lib/python3.10/site-packages/airflow/example_dags/example_bash_decorator.py
[2024-05-11T15:16:47.104-0300] {processor.py:830} INFO - Processing file /home/patricia/Documentos/airflow/airflow_venv/lib/python3.10/site-packages/airflow/example_dags/example_bash_decorator.py for tasks to queue
[2024-05-11T15:16:47.106-0300] {logging_mixin.py:188} INFO - [2024-05-11T15:16:47.106-0300] {dagbag.py:545} INFO - Filling up the DagBag from /home/patricia/Documentos/airflow/airflow_venv/lib/python3.10/site-packages/airflow/example_dags/example_bash_decorator.py
[2024-05-11T15:16:47.122-0300] {processor.py:840} INFO - DAG(s) 'example_bash_decorator' retrieved from /home/patricia/Documentos/airflow/airflow_venv/lib/python3.10/site-packages/airflow/example_dags/example_bash_decorator.py
[2024-05-11T15:16:47.143-0300] {logging_mixin.py:188} INFO - [2024-05-11T15:16:47.143-0300] {dag.py:3096} INFO - Sync 1 DAGs
[2024-05-11T15:16:47.157-0300] {logging_mixin.py:188} INFO - [2024-05-11T15:16:47.156-0300] {dag.py:3954} INFO - Setting next_dagrun for example_bash_decorator to None, run_after=None
[2024-05-11T15:16:47.191-0300] {processor.py:183} INFO - Processing /home/patricia/Documentos/airflow/airflow_venv/lib/python3.10/site-packages/airflow/example_dags/example_bash_decorator.py took 0.100 seconds
[2024-05-11T15:17:54.461-0300] {processor.py:161} INFO - Started process (PID=5322) to work on /home/patricia/Documentos/airflow/airflow_venv/lib/python3.10/site-packages/airflow/example_dags/example_bash_decorator.py
[2024-05-11T15:17:54.463-0300] {processor.py:830} INFO - Processing file /home/patricia/Documentos/airflow/airflow_venv/lib/python3.10/site-packages/airflow/example_dags/example_bash_decorator.py for tasks to queue
[2024-05-11T15:17:54.466-0300] {logging_mixin.py:188} INFO - [2024-05-11T15:17:54.466-0300] {dagbag.py:545} INFO - Filling up the DagBag from /home/patricia/Documentos/airflow/airflow_venv/lib/python3.10/site-packages/airflow/example_dags/example_bash_decorator.py
[2024-05-11T15:17:54.484-0300] {processor.py:840} INFO - DAG(s) 'example_bash_decorator' retrieved from /home/patricia/Documentos/airflow/airflow_venv/lib/python3.10/site-packages/airflow/example_dags/example_bash_decorator.py
[2024-05-11T15:17:54.505-0300] {logging_mixin.py:188} INFO - [2024-05-11T15:17:54.504-0300] {dag.py:3096} INFO - Sync 1 DAGs
[2024-05-11T15:17:54.525-0300] {logging_mixin.py:188} INFO - [2024-05-11T15:17:54.524-0300] {dag.py:3954} INFO - Setting next_dagrun for example_bash_decorator to None, run_after=None
[2024-05-11T15:17:54.560-0300] {processor.py:183} INFO - Processing /home/patricia/Documentos/airflow/airflow_venv/lib/python3.10/site-packages/airflow/example_dags/example_bash_decorator.py took 0.107 seconds
[2024-05-11T15:19:02.968-0300] {processor.py:161} INFO - Started process (PID=5935) to work on /home/patricia/Documentos/airflow/airflow_venv/lib/python3.10/site-packages/airflow/example_dags/example_bash_decorator.py
[2024-05-11T15:19:02.971-0300] {processor.py:830} INFO - Processing file /home/patricia/Documentos/airflow/airflow_venv/lib/python3.10/site-packages/airflow/example_dags/example_bash_decorator.py for tasks to queue
[2024-05-11T15:19:02.976-0300] {logging_mixin.py:188} INFO - [2024-05-11T15:19:02.975-0300] {dagbag.py:545} INFO - Filling up the DagBag from /home/patricia/Documentos/airflow/airflow_venv/lib/python3.10/site-packages/airflow/example_dags/example_bash_decorator.py
[2024-05-11T15:19:02.996-0300] {processor.py:840} INFO - DAG(s) 'example_bash_decorator' retrieved from /home/patricia/Documentos/airflow/airflow_venv/lib/python3.10/site-packages/airflow/example_dags/example_bash_decorator.py
[2024-05-11T15:19:03.017-0300] {logging_mixin.py:188} INFO - [2024-05-11T15:19:03.017-0300] {dag.py:3096} INFO - Sync 1 DAGs
[2024-05-11T15:19:03.072-0300] {logging_mixin.py:188} INFO - [2024-05-11T15:19:03.068-0300] {dag.py:3954} INFO - Setting next_dagrun for example_bash_decorator to None, run_after=None
[2024-05-11T15:19:03.162-0300] {processor.py:183} INFO - Processing /home/patricia/Documentos/airflow/airflow_venv/lib/python3.10/site-packages/airflow/example_dags/example_bash_decorator.py took 0.204 seconds
[2024-05-11T15:20:11.410-0300] {processor.py:161} INFO - Started process (PID=6079) to work on /home/patricia/Documentos/airflow/airflow_venv/lib/python3.10/site-packages/airflow/example_dags/example_bash_decorator.py
[2024-05-11T15:20:11.413-0300] {processor.py:830} INFO - Processing file /home/patricia/Documentos/airflow/airflow_venv/lib/python3.10/site-packages/airflow/example_dags/example_bash_decorator.py for tasks to queue
[2024-05-11T15:20:11.416-0300] {logging_mixin.py:188} INFO - [2024-05-11T15:20:11.415-0300] {dagbag.py:545} INFO - Filling up the DagBag from /home/patricia/Documentos/airflow/airflow_venv/lib/python3.10/site-packages/airflow/example_dags/example_bash_decorator.py
[2024-05-11T15:20:11.438-0300] {processor.py:840} INFO - DAG(s) 'example_bash_decorator' retrieved from /home/patricia/Documentos/airflow/airflow_venv/lib/python3.10/site-packages/airflow/example_dags/example_bash_decorator.py
[2024-05-11T15:20:11.465-0300] {logging_mixin.py:188} INFO - [2024-05-11T15:20:11.465-0300] {dag.py:3096} INFO - Sync 1 DAGs
[2024-05-11T15:20:11.478-0300] {logging_mixin.py:188} INFO - [2024-05-11T15:20:11.478-0300] {dag.py:3954} INFO - Setting next_dagrun for example_bash_decorator to None, run_after=None
[2024-05-11T15:20:11.537-0300] {processor.py:183} INFO - Processing /home/patricia/Documentos/airflow/airflow_venv/lib/python3.10/site-packages/airflow/example_dags/example_bash_decorator.py took 0.143 seconds
[2024-05-11T15:22:07.950-0300] {processor.py:161} INFO - Started process (PID=6272) to work on /home/patricia/Documentos/airflow/airflow_venv/lib/python3.10/site-packages/airflow/example_dags/example_bash_decorator.py
[2024-05-11T15:22:07.952-0300] {processor.py:830} INFO - Processing file /home/patricia/Documentos/airflow/airflow_venv/lib/python3.10/site-packages/airflow/example_dags/example_bash_decorator.py for tasks to queue
[2024-05-11T15:22:07.955-0300] {logging_mixin.py:188} INFO - [2024-05-11T15:22:07.954-0300] {dagbag.py:545} INFO - Filling up the DagBag from /home/patricia/Documentos/airflow/airflow_venv/lib/python3.10/site-packages/airflow/example_dags/example_bash_decorator.py
[2024-05-11T15:22:07.971-0300] {processor.py:840} INFO - DAG(s) 'example_bash_decorator' retrieved from /home/patricia/Documentos/airflow/airflow_venv/lib/python3.10/site-packages/airflow/example_dags/example_bash_decorator.py
[2024-05-11T15:22:07.992-0300] {logging_mixin.py:188} INFO - [2024-05-11T15:22:07.992-0300] {dag.py:3096} INFO - Sync 1 DAGs
[2024-05-11T15:22:08.005-0300] {logging_mixin.py:188} INFO - [2024-05-11T15:22:08.004-0300] {dag.py:3954} INFO - Setting next_dagrun for example_bash_decorator to None, run_after=None
[2024-05-11T15:22:08.039-0300] {processor.py:183} INFO - Processing /home/patricia/Documentos/airflow/airflow_venv/lib/python3.10/site-packages/airflow/example_dags/example_bash_decorator.py took 0.097 seconds
[2024-05-11T15:23:12.759-0300] {processor.py:161} INFO - Started process (PID=6416) to work on /home/patricia/Documentos/airflow/airflow_venv/lib/python3.10/site-packages/airflow/example_dags/example_bash_decorator.py
[2024-05-11T15:23:12.762-0300] {processor.py:830} INFO - Processing file /home/patricia/Documentos/airflow/airflow_venv/lib/python3.10/site-packages/airflow/example_dags/example_bash_decorator.py for tasks to queue
[2024-05-11T15:23:12.765-0300] {logging_mixin.py:188} INFO - [2024-05-11T15:23:12.764-0300] {dagbag.py:545} INFO - Filling up the DagBag from /home/patricia/Documentos/airflow/airflow_venv/lib/python3.10/site-packages/airflow/example_dags/example_bash_decorator.py
[2024-05-11T15:23:12.781-0300] {processor.py:840} INFO - DAG(s) 'example_bash_decorator' retrieved from /home/patricia/Documentos/airflow/airflow_venv/lib/python3.10/site-packages/airflow/example_dags/example_bash_decorator.py
[2024-05-11T15:23:12.802-0300] {logging_mixin.py:188} INFO - [2024-05-11T15:23:12.802-0300] {dag.py:3096} INFO - Sync 1 DAGs
[2024-05-11T15:23:12.814-0300] {logging_mixin.py:188} INFO - [2024-05-11T15:23:12.814-0300] {dag.py:3954} INFO - Setting next_dagrun for example_bash_decorator to None, run_after=None
[2024-05-11T15:23:12.847-0300] {processor.py:183} INFO - Processing /home/patricia/Documentos/airflow/airflow_venv/lib/python3.10/site-packages/airflow/example_dags/example_bash_decorator.py took 0.095 seconds
[2024-05-11T15:24:15.054-0300] {processor.py:161} INFO - Started process (PID=6540) to work on /home/patricia/Documentos/airflow/airflow_venv/lib/python3.10/site-packages/airflow/example_dags/example_bash_decorator.py
[2024-05-11T15:24:15.057-0300] {processor.py:830} INFO - Processing file /home/patricia/Documentos/airflow/airflow_venv/lib/python3.10/site-packages/airflow/example_dags/example_bash_decorator.py for tasks to queue
[2024-05-11T15:24:15.059-0300] {logging_mixin.py:188} INFO - [2024-05-11T15:24:15.059-0300] {dagbag.py:545} INFO - Filling up the DagBag from /home/patricia/Documentos/airflow/airflow_venv/lib/python3.10/site-packages/airflow/example_dags/example_bash_decorator.py
[2024-05-11T15:24:15.075-0300] {processor.py:840} INFO - DAG(s) 'example_bash_decorator' retrieved from /home/patricia/Documentos/airflow/airflow_venv/lib/python3.10/site-packages/airflow/example_dags/example_bash_decorator.py
[2024-05-11T15:24:15.097-0300] {logging_mixin.py:188} INFO - [2024-05-11T15:24:15.097-0300] {dag.py:3096} INFO - Sync 1 DAGs
[2024-05-11T15:24:15.116-0300] {logging_mixin.py:188} INFO - [2024-05-11T15:24:15.116-0300] {dag.py:3954} INFO - Setting next_dagrun for example_bash_decorator to None, run_after=None
[2024-05-11T15:24:15.179-0300] {processor.py:183} INFO - Processing /home/patricia/Documentos/airflow/airflow_venv/lib/python3.10/site-packages/airflow/example_dags/example_bash_decorator.py took 0.134 seconds
[2024-05-11T15:27:07.228-0300] {processor.py:161} INFO - Started process (PID=7600) to work on /home/patricia/Documentos/airflow/airflow_venv/lib/python3.10/site-packages/airflow/example_dags/example_bash_decorator.py
[2024-05-11T15:27:07.234-0300] {processor.py:830} INFO - Processing file /home/patricia/Documentos/airflow/airflow_venv/lib/python3.10/site-packages/airflow/example_dags/example_bash_decorator.py for tasks to queue
[2024-05-11T15:27:07.239-0300] {logging_mixin.py:188} INFO - [2024-05-11T15:27:07.238-0300] {dagbag.py:545} INFO - Filling up the DagBag from /home/patricia/Documentos/airflow/airflow_venv/lib/python3.10/site-packages/airflow/example_dags/example_bash_decorator.py
[2024-05-11T15:27:07.275-0300] {processor.py:840} INFO - DAG(s) 'example_bash_decorator' retrieved from /home/patricia/Documentos/airflow/airflow_venv/lib/python3.10/site-packages/airflow/example_dags/example_bash_decorator.py
[2024-05-11T15:27:07.414-0300] {logging_mixin.py:188} INFO - [2024-05-11T15:27:07.414-0300] {dag.py:3096} INFO - Sync 1 DAGs
[2024-05-11T15:27:07.713-0300] {logging_mixin.py:188} INFO - [2024-05-11T15:27:07.713-0300] {dag.py:3954} INFO - Setting next_dagrun for example_bash_decorator to None, run_after=None
[2024-05-11T15:27:08.179-0300] {processor.py:183} INFO - Processing /home/patricia/Documentos/airflow/airflow_venv/lib/python3.10/site-packages/airflow/example_dags/example_bash_decorator.py took 0.962 seconds
[2024-05-11T15:28:38.008-0300] {processor.py:161} INFO - Started process (PID=7786) to work on /home/patricia/Documentos/airflow/airflow_venv/lib/python3.10/site-packages/airflow/example_dags/example_bash_decorator.py
[2024-05-11T15:28:38.011-0300] {processor.py:830} INFO - Processing file /home/patricia/Documentos/airflow/airflow_venv/lib/python3.10/site-packages/airflow/example_dags/example_bash_decorator.py for tasks to queue
[2024-05-11T15:28:38.015-0300] {logging_mixin.py:188} INFO - [2024-05-11T15:28:38.014-0300] {dagbag.py:545} INFO - Filling up the DagBag from /home/patricia/Documentos/airflow/airflow_venv/lib/python3.10/site-packages/airflow/example_dags/example_bash_decorator.py
[2024-05-11T15:28:38.046-0300] {processor.py:840} INFO - DAG(s) 'example_bash_decorator' retrieved from /home/patricia/Documentos/airflow/airflow_venv/lib/python3.10/site-packages/airflow/example_dags/example_bash_decorator.py
[2024-05-11T15:28:38.100-0300] {logging_mixin.py:188} INFO - [2024-05-11T15:28:38.100-0300] {dag.py:3096} INFO - Sync 1 DAGs
[2024-05-11T15:28:38.118-0300] {logging_mixin.py:188} INFO - [2024-05-11T15:28:38.117-0300] {dag.py:3954} INFO - Setting next_dagrun for example_bash_decorator to None, run_after=None
[2024-05-11T15:28:38.325-0300] {processor.py:183} INFO - Processing /home/patricia/Documentos/airflow/airflow_venv/lib/python3.10/site-packages/airflow/example_dags/example_bash_decorator.py took 0.327 seconds
[2024-05-11T15:30:04.021-0300] {processor.py:161} INFO - Started process (PID=7953) to work on /home/patricia/Documentos/airflow/airflow_venv/lib/python3.10/site-packages/airflow/example_dags/example_bash_decorator.py
[2024-05-11T15:30:04.027-0300] {processor.py:830} INFO - Processing file /home/patricia/Documentos/airflow/airflow_venv/lib/python3.10/site-packages/airflow/example_dags/example_bash_decorator.py for tasks to queue
[2024-05-11T15:30:04.030-0300] {logging_mixin.py:188} INFO - [2024-05-11T15:30:04.030-0300] {dagbag.py:545} INFO - Filling up the DagBag from /home/patricia/Documentos/airflow/airflow_venv/lib/python3.10/site-packages/airflow/example_dags/example_bash_decorator.py
[2024-05-11T15:30:04.059-0300] {processor.py:840} INFO - DAG(s) 'example_bash_decorator' retrieved from /home/patricia/Documentos/airflow/airflow_venv/lib/python3.10/site-packages/airflow/example_dags/example_bash_decorator.py
[2024-05-11T15:30:04.118-0300] {logging_mixin.py:188} INFO - [2024-05-11T15:30:04.117-0300] {dag.py:3096} INFO - Sync 1 DAGs
[2024-05-11T15:30:04.131-0300] {logging_mixin.py:188} INFO - [2024-05-11T15:30:04.131-0300] {dag.py:3954} INFO - Setting next_dagrun for example_bash_decorator to None, run_after=None
[2024-05-11T15:30:04.386-0300] {processor.py:183} INFO - Processing /home/patricia/Documentos/airflow/airflow_venv/lib/python3.10/site-packages/airflow/example_dags/example_bash_decorator.py took 0.375 seconds
[2024-05-11T15:31:24.949-0300] {processor.py:161} INFO - Started process (PID=8175) to work on /home/patricia/Documentos/airflow/airflow_venv/lib/python3.10/site-packages/airflow/example_dags/example_bash_decorator.py
[2024-05-11T15:31:24.955-0300] {processor.py:830} INFO - Processing file /home/patricia/Documentos/airflow/airflow_venv/lib/python3.10/site-packages/airflow/example_dags/example_bash_decorator.py for tasks to queue
[2024-05-11T15:31:24.963-0300] {logging_mixin.py:188} INFO - [2024-05-11T15:31:24.961-0300] {dagbag.py:545} INFO - Filling up the DagBag from /home/patricia/Documentos/airflow/airflow_venv/lib/python3.10/site-packages/airflow/example_dags/example_bash_decorator.py
[2024-05-11T15:31:25.024-0300] {processor.py:840} INFO - DAG(s) 'example_bash_decorator' retrieved from /home/patricia/Documentos/airflow/airflow_venv/lib/python3.10/site-packages/airflow/example_dags/example_bash_decorator.py
[2024-05-11T15:31:25.088-0300] {logging_mixin.py:188} INFO - [2024-05-11T15:31:25.087-0300] {dag.py:3096} INFO - Sync 1 DAGs
[2024-05-11T15:31:25.123-0300] {logging_mixin.py:188} INFO - [2024-05-11T15:31:25.122-0300] {dag.py:3954} INFO - Setting next_dagrun for example_bash_decorator to None, run_after=None
[2024-05-11T15:31:25.173-0300] {processor.py:183} INFO - Processing /home/patricia/Documentos/airflow/airflow_venv/lib/python3.10/site-packages/airflow/example_dags/example_bash_decorator.py took 0.259 seconds
[2024-05-11T15:32:29.601-0300] {processor.py:161} INFO - Started process (PID=8428) to work on /home/patricia/Documentos/airflow/airflow_venv/lib/python3.10/site-packages/airflow/example_dags/example_bash_decorator.py
[2024-05-11T15:32:29.604-0300] {processor.py:830} INFO - Processing file /home/patricia/Documentos/airflow/airflow_venv/lib/python3.10/site-packages/airflow/example_dags/example_bash_decorator.py for tasks to queue
[2024-05-11T15:32:29.606-0300] {logging_mixin.py:188} INFO - [2024-05-11T15:32:29.606-0300] {dagbag.py:545} INFO - Filling up the DagBag from /home/patricia/Documentos/airflow/airflow_venv/lib/python3.10/site-packages/airflow/example_dags/example_bash_decorator.py
[2024-05-11T15:32:29.623-0300] {processor.py:840} INFO - DAG(s) 'example_bash_decorator' retrieved from /home/patricia/Documentos/airflow/airflow_venv/lib/python3.10/site-packages/airflow/example_dags/example_bash_decorator.py
[2024-05-11T15:32:29.644-0300] {logging_mixin.py:188} INFO - [2024-05-11T15:32:29.643-0300] {dag.py:3096} INFO - Sync 1 DAGs
[2024-05-11T15:32:29.656-0300] {logging_mixin.py:188} INFO - [2024-05-11T15:32:29.656-0300] {dag.py:3954} INFO - Setting next_dagrun for example_bash_decorator to None, run_after=None
[2024-05-11T15:32:29.690-0300] {processor.py:183} INFO - Processing /home/patricia/Documentos/airflow/airflow_venv/lib/python3.10/site-packages/airflow/example_dags/example_bash_decorator.py took 0.097 seconds
[2024-05-11T15:33:37.782-0300] {processor.py:161} INFO - Started process (PID=8756) to work on /home/patricia/Documentos/airflow/airflow_venv/lib/python3.10/site-packages/airflow/example_dags/example_bash_decorator.py
[2024-05-11T15:33:37.786-0300] {processor.py:830} INFO - Processing file /home/patricia/Documentos/airflow/airflow_venv/lib/python3.10/site-packages/airflow/example_dags/example_bash_decorator.py for tasks to queue
[2024-05-11T15:33:37.790-0300] {logging_mixin.py:188} INFO - [2024-05-11T15:33:37.787-0300] {dagbag.py:545} INFO - Filling up the DagBag from /home/patricia/Documentos/airflow/airflow_venv/lib/python3.10/site-packages/airflow/example_dags/example_bash_decorator.py
[2024-05-11T15:33:37.818-0300] {processor.py:840} INFO - DAG(s) 'example_bash_decorator' retrieved from /home/patricia/Documentos/airflow/airflow_venv/lib/python3.10/site-packages/airflow/example_dags/example_bash_decorator.py
[2024-05-11T15:33:37.849-0300] {logging_mixin.py:188} INFO - [2024-05-11T15:33:37.849-0300] {dag.py:3096} INFO - Sync 1 DAGs
[2024-05-11T15:33:37.874-0300] {logging_mixin.py:188} INFO - [2024-05-11T15:33:37.874-0300] {dag.py:3954} INFO - Setting next_dagrun for example_bash_decorator to None, run_after=None
[2024-05-11T15:33:37.904-0300] {processor.py:183} INFO - Processing /home/patricia/Documentos/airflow/airflow_venv/lib/python3.10/site-packages/airflow/example_dags/example_bash_decorator.py took 0.135 seconds
[2024-05-11T15:34:55.060-0300] {processor.py:161} INFO - Started process (PID=9368) to work on /home/patricia/Documentos/airflow/airflow_venv/lib/python3.10/site-packages/airflow/example_dags/example_bash_decorator.py
[2024-05-11T15:34:55.081-0300] {processor.py:830} INFO - Processing file /home/patricia/Documentos/airflow/airflow_venv/lib/python3.10/site-packages/airflow/example_dags/example_bash_decorator.py for tasks to queue
[2024-05-11T15:34:55.084-0300] {logging_mixin.py:188} INFO - [2024-05-11T15:34:55.083-0300] {dagbag.py:545} INFO - Filling up the DagBag from /home/patricia/Documentos/airflow/airflow_venv/lib/python3.10/site-packages/airflow/example_dags/example_bash_decorator.py
[2024-05-11T15:34:55.100-0300] {processor.py:840} INFO - DAG(s) 'example_bash_decorator' retrieved from /home/patricia/Documentos/airflow/airflow_venv/lib/python3.10/site-packages/airflow/example_dags/example_bash_decorator.py
[2024-05-11T15:34:55.126-0300] {logging_mixin.py:188} INFO - [2024-05-11T15:34:55.125-0300] {dag.py:3096} INFO - Sync 1 DAGs
[2024-05-11T15:34:55.149-0300] {logging_mixin.py:188} INFO - [2024-05-11T15:34:55.149-0300] {dag.py:3954} INFO - Setting next_dagrun for example_bash_decorator to None, run_after=None
[2024-05-11T15:34:55.202-0300] {processor.py:183} INFO - Processing /home/patricia/Documentos/airflow/airflow_venv/lib/python3.10/site-packages/airflow/example_dags/example_bash_decorator.py took 0.162 seconds
[2024-05-11T15:36:10.703-0300] {processor.py:161} INFO - Started process (PID=9571) to work on /home/patricia/Documentos/airflow/airflow_venv/lib/python3.10/site-packages/airflow/example_dags/example_bash_decorator.py
[2024-05-11T15:36:10.706-0300] {processor.py:830} INFO - Processing file /home/patricia/Documentos/airflow/airflow_venv/lib/python3.10/site-packages/airflow/example_dags/example_bash_decorator.py for tasks to queue
[2024-05-11T15:36:10.711-0300] {logging_mixin.py:188} INFO - [2024-05-11T15:36:10.710-0300] {dagbag.py:545} INFO - Filling up the DagBag from /home/patricia/Documentos/airflow/airflow_venv/lib/python3.10/site-packages/airflow/example_dags/example_bash_decorator.py
[2024-05-11T15:36:10.731-0300] {processor.py:840} INFO - DAG(s) 'example_bash_decorator' retrieved from /home/patricia/Documentos/airflow/airflow_venv/lib/python3.10/site-packages/airflow/example_dags/example_bash_decorator.py
[2024-05-11T15:36:10.770-0300] {logging_mixin.py:188} INFO - [2024-05-11T15:36:10.769-0300] {dag.py:3096} INFO - Sync 1 DAGs
[2024-05-11T15:36:10.809-0300] {logging_mixin.py:188} INFO - [2024-05-11T15:36:10.809-0300] {dag.py:3954} INFO - Setting next_dagrun for example_bash_decorator to None, run_after=None
[2024-05-11T15:36:10.965-0300] {processor.py:183} INFO - Processing /home/patricia/Documentos/airflow/airflow_venv/lib/python3.10/site-packages/airflow/example_dags/example_bash_decorator.py took 0.275 seconds
[2024-05-11T15:37:46.754-0300] {processor.py:161} INFO - Started process (PID=9867) to work on /home/patricia/Documentos/airflow/airflow_venv/lib/python3.10/site-packages/airflow/example_dags/example_bash_decorator.py
[2024-05-11T15:37:46.970-0300] {processor.py:830} INFO - Processing file /home/patricia/Documentos/airflow/airflow_venv/lib/python3.10/site-packages/airflow/example_dags/example_bash_decorator.py for tasks to queue
[2024-05-11T15:37:46.973-0300] {logging_mixin.py:188} INFO - [2024-05-11T15:37:46.973-0300] {dagbag.py:545} INFO - Filling up the DagBag from /home/patricia/Documentos/airflow/airflow_venv/lib/python3.10/site-packages/airflow/example_dags/example_bash_decorator.py
[2024-05-11T15:37:46.993-0300] {processor.py:840} INFO - DAG(s) 'example_bash_decorator' retrieved from /home/patricia/Documentos/airflow/airflow_venv/lib/python3.10/site-packages/airflow/example_dags/example_bash_decorator.py
[2024-05-11T15:37:47.061-0300] {logging_mixin.py:188} INFO - [2024-05-11T15:37:47.061-0300] {dag.py:3096} INFO - Sync 1 DAGs
[2024-05-11T15:37:47.182-0300] {logging_mixin.py:188} INFO - [2024-05-11T15:37:47.181-0300] {dag.py:3954} INFO - Setting next_dagrun for example_bash_decorator to None, run_after=None
[2024-05-11T15:37:48.439-0300] {processor.py:183} INFO - Processing /home/patricia/Documentos/airflow/airflow_venv/lib/python3.10/site-packages/airflow/example_dags/example_bash_decorator.py took 1.693 seconds
[2024-05-11T15:39:50.980-0300] {processor.py:161} INFO - Started process (PID=10083) to work on /home/patricia/Documentos/airflow/airflow_venv/lib/python3.10/site-packages/airflow/example_dags/example_bash_decorator.py
[2024-05-11T15:39:50.983-0300] {processor.py:830} INFO - Processing file /home/patricia/Documentos/airflow/airflow_venv/lib/python3.10/site-packages/airflow/example_dags/example_bash_decorator.py for tasks to queue
[2024-05-11T15:39:50.986-0300] {logging_mixin.py:188} INFO - [2024-05-11T15:39:50.985-0300] {dagbag.py:545} INFO - Filling up the DagBag from /home/patricia/Documentos/airflow/airflow_venv/lib/python3.10/site-packages/airflow/example_dags/example_bash_decorator.py
[2024-05-11T15:39:51.005-0300] {processor.py:840} INFO - DAG(s) 'example_bash_decorator' retrieved from /home/patricia/Documentos/airflow/airflow_venv/lib/python3.10/site-packages/airflow/example_dags/example_bash_decorator.py
[2024-05-11T15:39:51.032-0300] {logging_mixin.py:188} INFO - [2024-05-11T15:39:51.031-0300] {dag.py:3096} INFO - Sync 1 DAGs
[2024-05-11T15:39:51.054-0300] {logging_mixin.py:188} INFO - [2024-05-11T15:39:51.054-0300] {dag.py:3954} INFO - Setting next_dagrun for example_bash_decorator to None, run_after=None
[2024-05-11T15:39:51.089-0300] {processor.py:183} INFO - Processing /home/patricia/Documentos/airflow/airflow_venv/lib/python3.10/site-packages/airflow/example_dags/example_bash_decorator.py took 0.119 seconds
[2024-05-11T16:29:22.694-0300] {processor.py:161} INFO - Started process (PID=11116) to work on /home/patricia/Documentos/airflow/airflow_venv/lib/python3.10/site-packages/airflow/example_dags/example_bash_decorator.py
[2024-05-11T16:29:22.827-0300] {processor.py:830} INFO - Processing file /home/patricia/Documentos/airflow/airflow_venv/lib/python3.10/site-packages/airflow/example_dags/example_bash_decorator.py for tasks to queue
[2024-05-11T16:29:22.831-0300] {logging_mixin.py:188} INFO - [2024-05-11T16:29:22.830-0300] {dagbag.py:545} INFO - Filling up the DagBag from /home/patricia/Documentos/airflow/airflow_venv/lib/python3.10/site-packages/airflow/example_dags/example_bash_decorator.py
[2024-05-11T16:29:22.859-0300] {processor.py:840} INFO - DAG(s) 'example_bash_decorator' retrieved from /home/patricia/Documentos/airflow/airflow_venv/lib/python3.10/site-packages/airflow/example_dags/example_bash_decorator.py
[2024-05-11T16:29:23.146-0300] {logging_mixin.py:188} INFO - [2024-05-11T16:29:23.145-0300] {dag.py:3096} INFO - Sync 1 DAGs
[2024-05-11T16:29:23.660-0300] {logging_mixin.py:188} INFO - [2024-05-11T16:29:23.660-0300] {dag.py:3954} INFO - Setting next_dagrun for example_bash_decorator to None, run_after=None
[2024-05-11T16:29:24.683-0300] {processor.py:183} INFO - Processing /home/patricia/Documentos/airflow/airflow_venv/lib/python3.10/site-packages/airflow/example_dags/example_bash_decorator.py took 2.002 seconds
[2024-05-11T16:32:17.498-0300] {processor.py:161} INFO - Started process (PID=11440) to work on /home/patricia/Documentos/airflow/airflow_venv/lib/python3.10/site-packages/airflow/example_dags/example_bash_decorator.py
[2024-05-11T16:32:17.505-0300] {processor.py:830} INFO - Processing file /home/patricia/Documentos/airflow/airflow_venv/lib/python3.10/site-packages/airflow/example_dags/example_bash_decorator.py for tasks to queue
[2024-05-11T16:32:17.512-0300] {logging_mixin.py:188} INFO - [2024-05-11T16:32:17.511-0300] {dagbag.py:545} INFO - Filling up the DagBag from /home/patricia/Documentos/airflow/airflow_venv/lib/python3.10/site-packages/airflow/example_dags/example_bash_decorator.py
[2024-05-11T16:32:17.547-0300] {processor.py:840} INFO - DAG(s) 'example_bash_decorator' retrieved from /home/patricia/Documentos/airflow/airflow_venv/lib/python3.10/site-packages/airflow/example_dags/example_bash_decorator.py
[2024-05-11T16:32:17.771-0300] {logging_mixin.py:188} INFO - [2024-05-11T16:32:17.770-0300] {dag.py:3096} INFO - Sync 1 DAGs
[2024-05-11T16:32:17.797-0300] {logging_mixin.py:188} INFO - [2024-05-11T16:32:17.796-0300] {dag.py:3954} INFO - Setting next_dagrun for example_bash_decorator to None, run_after=None
[2024-05-11T16:32:17.892-0300] {processor.py:183} INFO - Processing /home/patricia/Documentos/airflow/airflow_venv/lib/python3.10/site-packages/airflow/example_dags/example_bash_decorator.py took 0.413 seconds
[2024-05-11T16:34:06.960-0300] {processor.py:161} INFO - Started process (PID=11693) to work on /home/patricia/Documentos/airflow/airflow_venv/lib/python3.10/site-packages/airflow/example_dags/example_bash_decorator.py
[2024-05-11T16:34:06.965-0300] {processor.py:830} INFO - Processing file /home/patricia/Documentos/airflow/airflow_venv/lib/python3.10/site-packages/airflow/example_dags/example_bash_decorator.py for tasks to queue
[2024-05-11T16:34:06.971-0300] {logging_mixin.py:188} INFO - [2024-05-11T16:34:06.970-0300] {dagbag.py:545} INFO - Filling up the DagBag from /home/patricia/Documentos/airflow/airflow_venv/lib/python3.10/site-packages/airflow/example_dags/example_bash_decorator.py
[2024-05-11T16:34:07.014-0300] {processor.py:840} INFO - DAG(s) 'example_bash_decorator' retrieved from /home/patricia/Documentos/airflow/airflow_venv/lib/python3.10/site-packages/airflow/example_dags/example_bash_decorator.py
[2024-05-11T16:34:07.067-0300] {logging_mixin.py:188} INFO - [2024-05-11T16:34:07.067-0300] {dag.py:3096} INFO - Sync 1 DAGs
[2024-05-11T16:34:07.094-0300] {logging_mixin.py:188} INFO - [2024-05-11T16:34:07.094-0300] {dag.py:3954} INFO - Setting next_dagrun for example_bash_decorator to None, run_after=None
[2024-05-11T16:34:07.157-0300] {processor.py:183} INFO - Processing /home/patricia/Documentos/airflow/airflow_venv/lib/python3.10/site-packages/airflow/example_dags/example_bash_decorator.py took 0.233 seconds
[2024-05-11T16:35:44.578-0300] {processor.py:161} INFO - Started process (PID=11839) to work on /home/patricia/Documentos/airflow/airflow_venv/lib/python3.10/site-packages/airflow/example_dags/example_bash_decorator.py
[2024-05-11T16:35:44.585-0300] {processor.py:830} INFO - Processing file /home/patricia/Documentos/airflow/airflow_venv/lib/python3.10/site-packages/airflow/example_dags/example_bash_decorator.py for tasks to queue
[2024-05-11T16:35:44.590-0300] {logging_mixin.py:188} INFO - [2024-05-11T16:35:44.589-0300] {dagbag.py:545} INFO - Filling up the DagBag from /home/patricia/Documentos/airflow/airflow_venv/lib/python3.10/site-packages/airflow/example_dags/example_bash_decorator.py
[2024-05-11T16:35:44.673-0300] {processor.py:840} INFO - DAG(s) 'example_bash_decorator' retrieved from /home/patricia/Documentos/airflow/airflow_venv/lib/python3.10/site-packages/airflow/example_dags/example_bash_decorator.py
[2024-05-11T16:35:44.720-0300] {logging_mixin.py:188} INFO - [2024-05-11T16:35:44.719-0300] {dag.py:3096} INFO - Sync 1 DAGs
[2024-05-11T16:35:44.751-0300] {logging_mixin.py:188} INFO - [2024-05-11T16:35:44.751-0300] {dag.py:3954} INFO - Setting next_dagrun for example_bash_decorator to None, run_after=None
[2024-05-11T16:35:44.831-0300] {processor.py:183} INFO - Processing /home/patricia/Documentos/airflow/airflow_venv/lib/python3.10/site-packages/airflow/example_dags/example_bash_decorator.py took 0.271 seconds
