[2024-05-11T15:11:23.070-0300] {processor.py:161} INFO - Started process (PID=4499) to work on /home/patricia/Documentos/airflow/airflow_venv/lib/python3.10/site-packages/airflow/example_dags/example_skip_dag.py
[2024-05-11T15:11:23.071-0300] {processor.py:830} INFO - Processing file /home/patricia/Documentos/airflow/airflow_venv/lib/python3.10/site-packages/airflow/example_dags/example_skip_dag.py for tasks to queue
[2024-05-11T15:11:23.091-0300] {logging_mixin.py:188} INFO - [2024-05-11T15:11:23.091-0300] {dagbag.py:545} INFO - Filling up the DagBag from /home/patricia/Documentos/airflow/airflow_venv/lib/python3.10/site-packages/airflow/example_dags/example_skip_dag.py
[2024-05-11T15:11:23.155-0300] {processor.py:840} INFO - DAG(s) 'example_skip_dag' retrieved from /home/patricia/Documentos/airflow/airflow_venv/lib/python3.10/site-packages/airflow/example_dags/example_skip_dag.py
[2024-05-11T15:11:23.170-0300] {logging_mixin.py:188} INFO - [2024-05-11T15:11:23.170-0300] {dag.py:3096} INFO - Sync 1 DAGs
[2024-05-11T15:11:23.203-0300] {logging_mixin.py:188} INFO - [2024-05-11T15:11:23.203-0300] {dag.py:3954} INFO - Setting next_dagrun for example_skip_dag to 2024-05-10 00:00:00+00:00, run_after=2024-05-11 00:00:00+00:00
[2024-05-11T15:11:23.375-0300] {processor.py:183} INFO - Processing /home/patricia/Documentos/airflow/airflow_venv/lib/python3.10/site-packages/airflow/example_dags/example_skip_dag.py took 0.320 seconds
[2024-05-11T15:13:23.365-0300] {processor.py:161} INFO - Started process (PID=4698) to work on /home/patricia/Documentos/airflow/airflow_venv/lib/python3.10/site-packages/airflow/example_dags/example_skip_dag.py
[2024-05-11T15:13:23.555-0300] {processor.py:830} INFO - Processing file /home/patricia/Documentos/airflow/airflow_venv/lib/python3.10/site-packages/airflow/example_dags/example_skip_dag.py for tasks to queue
[2024-05-11T15:13:23.559-0300] {logging_mixin.py:188} INFO - [2024-05-11T15:13:23.558-0300] {dagbag.py:545} INFO - Filling up the DagBag from /home/patricia/Documentos/airflow/airflow_venv/lib/python3.10/site-packages/airflow/example_dags/example_skip_dag.py
[2024-05-11T15:13:23.567-0300] {processor.py:840} INFO - DAG(s) 'example_skip_dag' retrieved from /home/patricia/Documentos/airflow/airflow_venv/lib/python3.10/site-packages/airflow/example_dags/example_skip_dag.py
[2024-05-11T15:13:23.812-0300] {logging_mixin.py:188} INFO - [2024-05-11T15:13:23.812-0300] {dag.py:3096} INFO - Sync 1 DAGs
[2024-05-11T15:13:23.848-0300] {logging_mixin.py:188} INFO - [2024-05-11T15:13:23.848-0300] {dag.py:3954} INFO - Setting next_dagrun for example_skip_dag to 2024-05-10 00:00:00+00:00, run_after=2024-05-11 00:00:00+00:00
[2024-05-11T15:13:25.614-0300] {processor.py:183} INFO - Processing /home/patricia/Documentos/airflow/airflow_venv/lib/python3.10/site-packages/airflow/example_dags/example_skip_dag.py took 2.255 seconds
[2024-05-11T15:14:58.103-0300] {processor.py:161} INFO - Started process (PID=4938) to work on /home/patricia/Documentos/airflow/airflow_venv/lib/python3.10/site-packages/airflow/example_dags/example_skip_dag.py
[2024-05-11T15:14:58.106-0300] {processor.py:830} INFO - Processing file /home/patricia/Documentos/airflow/airflow_venv/lib/python3.10/site-packages/airflow/example_dags/example_skip_dag.py for tasks to queue
[2024-05-11T15:14:58.109-0300] {logging_mixin.py:188} INFO - [2024-05-11T15:14:58.108-0300] {dagbag.py:545} INFO - Filling up the DagBag from /home/patricia/Documentos/airflow/airflow_venv/lib/python3.10/site-packages/airflow/example_dags/example_skip_dag.py
[2024-05-11T15:14:58.117-0300] {processor.py:840} INFO - DAG(s) 'example_skip_dag' retrieved from /home/patricia/Documentos/airflow/airflow_venv/lib/python3.10/site-packages/airflow/example_dags/example_skip_dag.py
[2024-05-11T15:14:58.248-0300] {logging_mixin.py:188} INFO - [2024-05-11T15:14:58.248-0300] {dag.py:3096} INFO - Sync 1 DAGs
[2024-05-11T15:14:58.274-0300] {logging_mixin.py:188} INFO - [2024-05-11T15:14:58.274-0300] {dag.py:3954} INFO - Setting next_dagrun for example_skip_dag to 2024-05-10 00:00:00+00:00, run_after=2024-05-11 00:00:00+00:00
[2024-05-11T15:14:58.304-0300] {processor.py:183} INFO - Processing /home/patricia/Documentos/airflow/airflow_venv/lib/python3.10/site-packages/airflow/example_dags/example_skip_dag.py took 0.208 seconds
[2024-05-11T15:16:05.375-0300] {processor.py:161} INFO - Started process (PID=5085) to work on /home/patricia/Documentos/airflow/airflow_venv/lib/python3.10/site-packages/airflow/example_dags/example_skip_dag.py
[2024-05-11T15:16:05.377-0300] {processor.py:830} INFO - Processing file /home/patricia/Documentos/airflow/airflow_venv/lib/python3.10/site-packages/airflow/example_dags/example_skip_dag.py for tasks to queue
[2024-05-11T15:16:05.380-0300] {logging_mixin.py:188} INFO - [2024-05-11T15:16:05.379-0300] {dagbag.py:545} INFO - Filling up the DagBag from /home/patricia/Documentos/airflow/airflow_venv/lib/python3.10/site-packages/airflow/example_dags/example_skip_dag.py
[2024-05-11T15:16:05.388-0300] {processor.py:840} INFO - DAG(s) 'example_skip_dag' retrieved from /home/patricia/Documentos/airflow/airflow_venv/lib/python3.10/site-packages/airflow/example_dags/example_skip_dag.py
[2024-05-11T15:16:05.408-0300] {logging_mixin.py:188} INFO - [2024-05-11T15:16:05.407-0300] {dag.py:3096} INFO - Sync 1 DAGs
[2024-05-11T15:16:05.429-0300] {logging_mixin.py:188} INFO - [2024-05-11T15:16:05.429-0300] {dag.py:3954} INFO - Setting next_dagrun for example_skip_dag to 2024-05-10 00:00:00+00:00, run_after=2024-05-11 00:00:00+00:00
[2024-05-11T15:16:05.464-0300] {processor.py:183} INFO - Processing /home/patricia/Documentos/airflow/airflow_venv/lib/python3.10/site-packages/airflow/example_dags/example_skip_dag.py took 0.097 seconds
[2024-05-11T15:17:06.534-0300] {processor.py:161} INFO - Started process (PID=5214) to work on /home/patricia/Documentos/airflow/airflow_venv/lib/python3.10/site-packages/airflow/example_dags/example_skip_dag.py
[2024-05-11T15:17:06.537-0300] {processor.py:830} INFO - Processing file /home/patricia/Documentos/airflow/airflow_venv/lib/python3.10/site-packages/airflow/example_dags/example_skip_dag.py for tasks to queue
[2024-05-11T15:17:06.540-0300] {logging_mixin.py:188} INFO - [2024-05-11T15:17:06.540-0300] {dagbag.py:545} INFO - Filling up the DagBag from /home/patricia/Documentos/airflow/airflow_venv/lib/python3.10/site-packages/airflow/example_dags/example_skip_dag.py
[2024-05-11T15:17:06.549-0300] {processor.py:840} INFO - DAG(s) 'example_skip_dag' retrieved from /home/patricia/Documentos/airflow/airflow_venv/lib/python3.10/site-packages/airflow/example_dags/example_skip_dag.py
[2024-05-11T15:17:06.571-0300] {logging_mixin.py:188} INFO - [2024-05-11T15:17:06.571-0300] {dag.py:3096} INFO - Sync 1 DAGs
[2024-05-11T15:17:06.597-0300] {logging_mixin.py:188} INFO - [2024-05-11T15:17:06.597-0300] {dag.py:3954} INFO - Setting next_dagrun for example_skip_dag to 2024-05-10 00:00:00+00:00, run_after=2024-05-11 00:00:00+00:00
[2024-05-11T15:17:06.637-0300] {processor.py:183} INFO - Processing /home/patricia/Documentos/airflow/airflow_venv/lib/python3.10/site-packages/airflow/example_dags/example_skip_dag.py took 0.111 seconds
[2024-05-11T15:18:12.730-0300] {processor.py:161} INFO - Started process (PID=5438) to work on /home/patricia/Documentos/airflow/airflow_venv/lib/python3.10/site-packages/airflow/example_dags/example_skip_dag.py
[2024-05-11T15:18:12.733-0300] {processor.py:830} INFO - Processing file /home/patricia/Documentos/airflow/airflow_venv/lib/python3.10/site-packages/airflow/example_dags/example_skip_dag.py for tasks to queue
[2024-05-11T15:18:12.736-0300] {logging_mixin.py:188} INFO - [2024-05-11T15:18:12.735-0300] {dagbag.py:545} INFO - Filling up the DagBag from /home/patricia/Documentos/airflow/airflow_venv/lib/python3.10/site-packages/airflow/example_dags/example_skip_dag.py
[2024-05-11T15:18:12.744-0300] {processor.py:840} INFO - DAG(s) 'example_skip_dag' retrieved from /home/patricia/Documentos/airflow/airflow_venv/lib/python3.10/site-packages/airflow/example_dags/example_skip_dag.py
[2024-05-11T15:18:12.767-0300] {logging_mixin.py:188} INFO - [2024-05-11T15:18:12.767-0300] {dag.py:3096} INFO - Sync 1 DAGs
[2024-05-11T15:18:12.794-0300] {logging_mixin.py:188} INFO - [2024-05-11T15:18:12.793-0300] {dag.py:3954} INFO - Setting next_dagrun for example_skip_dag to 2024-05-10 00:00:00+00:00, run_after=2024-05-11 00:00:00+00:00
[2024-05-11T15:18:12.829-0300] {processor.py:183} INFO - Processing /home/patricia/Documentos/airflow/airflow_venv/lib/python3.10/site-packages/airflow/example_dags/example_skip_dag.py took 0.109 seconds
[2024-05-11T15:19:21.709-0300] {processor.py:161} INFO - Started process (PID=5974) to work on /home/patricia/Documentos/airflow/airflow_venv/lib/python3.10/site-packages/airflow/example_dags/example_skip_dag.py
[2024-05-11T15:19:21.714-0300] {processor.py:830} INFO - Processing file /home/patricia/Documentos/airflow/airflow_venv/lib/python3.10/site-packages/airflow/example_dags/example_skip_dag.py for tasks to queue
[2024-05-11T15:19:21.720-0300] {logging_mixin.py:188} INFO - [2024-05-11T15:19:21.719-0300] {dagbag.py:545} INFO - Filling up the DagBag from /home/patricia/Documentos/airflow/airflow_venv/lib/python3.10/site-packages/airflow/example_dags/example_skip_dag.py
[2024-05-11T15:19:21.742-0300] {processor.py:840} INFO - DAG(s) 'example_skip_dag' retrieved from /home/patricia/Documentos/airflow/airflow_venv/lib/python3.10/site-packages/airflow/example_dags/example_skip_dag.py
[2024-05-11T15:19:21.873-0300] {logging_mixin.py:188} INFO - [2024-05-11T15:19:21.872-0300] {dag.py:3096} INFO - Sync 1 DAGs
[2024-05-11T15:19:21.915-0300] {logging_mixin.py:188} INFO - [2024-05-11T15:19:21.915-0300] {dag.py:3954} INFO - Setting next_dagrun for example_skip_dag to 2024-05-10 00:00:00+00:00, run_after=2024-05-11 00:00:00+00:00
[2024-05-11T15:19:21.959-0300] {processor.py:183} INFO - Processing /home/patricia/Documentos/airflow/airflow_venv/lib/python3.10/site-packages/airflow/example_dags/example_skip_dag.py took 0.278 seconds
[2024-05-11T15:20:37.971-0300] {processor.py:161} INFO - Started process (PID=6127) to work on /home/patricia/Documentos/airflow/airflow_venv/lib/python3.10/site-packages/airflow/example_dags/example_skip_dag.py
[2024-05-11T15:20:38.159-0300] {processor.py:830} INFO - Processing file /home/patricia/Documentos/airflow/airflow_venv/lib/python3.10/site-packages/airflow/example_dags/example_skip_dag.py for tasks to queue
[2024-05-11T15:20:38.162-0300] {logging_mixin.py:188} INFO - [2024-05-11T15:20:38.162-0300] {dagbag.py:545} INFO - Filling up the DagBag from /home/patricia/Documentos/airflow/airflow_venv/lib/python3.10/site-packages/airflow/example_dags/example_skip_dag.py
[2024-05-11T15:20:38.183-0300] {processor.py:840} INFO - DAG(s) 'example_skip_dag' retrieved from /home/patricia/Documentos/airflow/airflow_venv/lib/python3.10/site-packages/airflow/example_dags/example_skip_dag.py
[2024-05-11T15:20:39.526-0300] {logging_mixin.py:188} INFO - [2024-05-11T15:20:39.525-0300] {dag.py:3096} INFO - Sync 1 DAGs
[2024-05-11T15:20:39.557-0300] {logging_mixin.py:188} INFO - [2024-05-11T15:20:39.556-0300] {dag.py:3954} INFO - Setting next_dagrun for example_skip_dag to 2024-05-10 00:00:00+00:00, run_after=2024-05-11 00:00:00+00:00
[2024-05-11T15:20:40.655-0300] {processor.py:183} INFO - Processing /home/patricia/Documentos/airflow/airflow_venv/lib/python3.10/site-packages/airflow/example_dags/example_skip_dag.py took 2.692 seconds
[2024-05-11T15:21:48.377-0300] {processor.py:161} INFO - Started process (PID=6238) to work on /home/patricia/Documentos/airflow/airflow_venv/lib/python3.10/site-packages/airflow/example_dags/example_skip_dag.py
[2024-05-11T15:21:48.384-0300] {processor.py:830} INFO - Processing file /home/patricia/Documentos/airflow/airflow_venv/lib/python3.10/site-packages/airflow/example_dags/example_skip_dag.py for tasks to queue
[2024-05-11T15:21:48.390-0300] {logging_mixin.py:188} INFO - [2024-05-11T15:21:48.389-0300] {dagbag.py:545} INFO - Filling up the DagBag from /home/patricia/Documentos/airflow/airflow_venv/lib/python3.10/site-packages/airflow/example_dags/example_skip_dag.py
[2024-05-11T15:21:48.409-0300] {processor.py:840} INFO - DAG(s) 'example_skip_dag' retrieved from /home/patricia/Documentos/airflow/airflow_venv/lib/python3.10/site-packages/airflow/example_dags/example_skip_dag.py
[2024-05-11T15:21:48.451-0300] {logging_mixin.py:188} INFO - [2024-05-11T15:21:48.451-0300] {dag.py:3096} INFO - Sync 1 DAGs
[2024-05-11T15:21:48.500-0300] {logging_mixin.py:188} INFO - [2024-05-11T15:21:48.500-0300] {dag.py:3954} INFO - Setting next_dagrun for example_skip_dag to 2024-05-10 00:00:00+00:00, run_after=2024-05-11 00:00:00+00:00
[2024-05-11T15:21:48.584-0300] {processor.py:183} INFO - Processing /home/patricia/Documentos/airflow/airflow_venv/lib/python3.10/site-packages/airflow/example_dags/example_skip_dag.py took 0.221 seconds
[2024-05-11T15:22:56.249-0300] {processor.py:161} INFO - Started process (PID=6381) to work on /home/patricia/Documentos/airflow/airflow_venv/lib/python3.10/site-packages/airflow/example_dags/example_skip_dag.py
[2024-05-11T15:22:56.252-0300] {processor.py:830} INFO - Processing file /home/patricia/Documentos/airflow/airflow_venv/lib/python3.10/site-packages/airflow/example_dags/example_skip_dag.py for tasks to queue
[2024-05-11T15:22:56.254-0300] {logging_mixin.py:188} INFO - [2024-05-11T15:22:56.254-0300] {dagbag.py:545} INFO - Filling up the DagBag from /home/patricia/Documentos/airflow/airflow_venv/lib/python3.10/site-packages/airflow/example_dags/example_skip_dag.py
[2024-05-11T15:22:56.263-0300] {processor.py:840} INFO - DAG(s) 'example_skip_dag' retrieved from /home/patricia/Documentos/airflow/airflow_venv/lib/python3.10/site-packages/airflow/example_dags/example_skip_dag.py
[2024-05-11T15:22:56.281-0300] {logging_mixin.py:188} INFO - [2024-05-11T15:22:56.281-0300] {dag.py:3096} INFO - Sync 1 DAGs
[2024-05-11T15:22:56.302-0300] {logging_mixin.py:188} INFO - [2024-05-11T15:22:56.301-0300] {dag.py:3954} INFO - Setting next_dagrun for example_skip_dag to 2024-05-10 00:00:00+00:00, run_after=2024-05-11 00:00:00+00:00
[2024-05-11T15:22:56.340-0300] {processor.py:183} INFO - Processing /home/patricia/Documentos/airflow/airflow_venv/lib/python3.10/site-packages/airflow/example_dags/example_skip_dag.py took 0.098 seconds
[2024-05-11T15:23:57.487-0300] {processor.py:161} INFO - Started process (PID=6504) to work on /home/patricia/Documentos/airflow/airflow_venv/lib/python3.10/site-packages/airflow/example_dags/example_skip_dag.py
[2024-05-11T15:23:57.490-0300] {processor.py:830} INFO - Processing file /home/patricia/Documentos/airflow/airflow_venv/lib/python3.10/site-packages/airflow/example_dags/example_skip_dag.py for tasks to queue
[2024-05-11T15:23:57.493-0300] {logging_mixin.py:188} INFO - [2024-05-11T15:23:57.492-0300] {dagbag.py:545} INFO - Filling up the DagBag from /home/patricia/Documentos/airflow/airflow_venv/lib/python3.10/site-packages/airflow/example_dags/example_skip_dag.py
[2024-05-11T15:23:57.501-0300] {processor.py:840} INFO - DAG(s) 'example_skip_dag' retrieved from /home/patricia/Documentos/airflow/airflow_venv/lib/python3.10/site-packages/airflow/example_dags/example_skip_dag.py
[2024-05-11T15:23:57.521-0300] {logging_mixin.py:188} INFO - [2024-05-11T15:23:57.521-0300] {dag.py:3096} INFO - Sync 1 DAGs
[2024-05-11T15:23:57.543-0300] {logging_mixin.py:188} INFO - [2024-05-11T15:23:57.543-0300] {dag.py:3954} INFO - Setting next_dagrun for example_skip_dag to 2024-05-10 00:00:00+00:00, run_after=2024-05-11 00:00:00+00:00
[2024-05-11T15:23:57.589-0300] {processor.py:183} INFO - Processing /home/patricia/Documentos/airflow/airflow_venv/lib/python3.10/site-packages/airflow/example_dags/example_skip_dag.py took 0.110 seconds
[2024-05-11T15:24:55.245-0300] {processor.py:161} INFO - Started process (PID=6616) to work on /home/patricia/Documentos/airflow/airflow_venv/lib/python3.10/site-packages/airflow/example_dags/example_skip_dag.py
[2024-05-11T15:24:55.249-0300] {processor.py:830} INFO - Processing file /home/patricia/Documentos/airflow/airflow_venv/lib/python3.10/site-packages/airflow/example_dags/example_skip_dag.py for tasks to queue
[2024-05-11T15:24:55.251-0300] {logging_mixin.py:188} INFO - [2024-05-11T15:24:55.250-0300] {dagbag.py:545} INFO - Filling up the DagBag from /home/patricia/Documentos/airflow/airflow_venv/lib/python3.10/site-packages/airflow/example_dags/example_skip_dag.py
[2024-05-11T15:24:55.259-0300] {processor.py:840} INFO - DAG(s) 'example_skip_dag' retrieved from /home/patricia/Documentos/airflow/airflow_venv/lib/python3.10/site-packages/airflow/example_dags/example_skip_dag.py
[2024-05-11T15:24:55.279-0300] {logging_mixin.py:188} INFO - [2024-05-11T15:24:55.279-0300] {dag.py:3096} INFO - Sync 1 DAGs
[2024-05-11T15:24:55.301-0300] {logging_mixin.py:188} INFO - [2024-05-11T15:24:55.300-0300] {dag.py:3954} INFO - Setting next_dagrun for example_skip_dag to 2024-05-10 00:00:00+00:00, run_after=2024-05-11 00:00:00+00:00
[2024-05-11T15:24:55.363-0300] {processor.py:183} INFO - Processing /home/patricia/Documentos/airflow/airflow_venv/lib/python3.10/site-packages/airflow/example_dags/example_skip_dag.py took 0.126 seconds
[2024-05-11T15:26:27.736-0300] {processor.py:161} INFO - Started process (PID=7513) to work on /home/patricia/Documentos/airflow/airflow_venv/lib/python3.10/site-packages/airflow/example_dags/example_skip_dag.py
[2024-05-11T15:26:27.739-0300] {processor.py:830} INFO - Processing file /home/patricia/Documentos/airflow/airflow_venv/lib/python3.10/site-packages/airflow/example_dags/example_skip_dag.py for tasks to queue
[2024-05-11T15:26:27.743-0300] {logging_mixin.py:188} INFO - [2024-05-11T15:26:27.742-0300] {dagbag.py:545} INFO - Filling up the DagBag from /home/patricia/Documentos/airflow/airflow_venv/lib/python3.10/site-packages/airflow/example_dags/example_skip_dag.py
[2024-05-11T15:26:27.751-0300] {processor.py:840} INFO - DAG(s) 'example_skip_dag' retrieved from /home/patricia/Documentos/airflow/airflow_venv/lib/python3.10/site-packages/airflow/example_dags/example_skip_dag.py
[2024-05-11T15:26:27.872-0300] {logging_mixin.py:188} INFO - [2024-05-11T15:26:27.872-0300] {dag.py:3096} INFO - Sync 1 DAGs
[2024-05-11T15:26:27.890-0300] {logging_mixin.py:188} INFO - [2024-05-11T15:26:27.890-0300] {dag.py:3954} INFO - Setting next_dagrun for example_skip_dag to 2024-05-10 00:00:00+00:00, run_after=2024-05-11 00:00:00+00:00
[2024-05-11T15:26:27.973-0300] {processor.py:183} INFO - Processing /home/patricia/Documentos/airflow/airflow_venv/lib/python3.10/site-packages/airflow/example_dags/example_skip_dag.py took 0.244 seconds
[2024-05-11T15:27:50.203-0300] {processor.py:161} INFO - Started process (PID=7689) to work on /home/patricia/Documentos/airflow/airflow_venv/lib/python3.10/site-packages/airflow/example_dags/example_skip_dag.py
[2024-05-11T15:27:50.206-0300] {processor.py:830} INFO - Processing file /home/patricia/Documentos/airflow/airflow_venv/lib/python3.10/site-packages/airflow/example_dags/example_skip_dag.py for tasks to queue
[2024-05-11T15:27:50.209-0300] {logging_mixin.py:188} INFO - [2024-05-11T15:27:50.208-0300] {dagbag.py:545} INFO - Filling up the DagBag from /home/patricia/Documentos/airflow/airflow_venv/lib/python3.10/site-packages/airflow/example_dags/example_skip_dag.py
[2024-05-11T15:27:50.221-0300] {processor.py:840} INFO - DAG(s) 'example_skip_dag' retrieved from /home/patricia/Documentos/airflow/airflow_venv/lib/python3.10/site-packages/airflow/example_dags/example_skip_dag.py
[2024-05-11T15:27:50.246-0300] {logging_mixin.py:188} INFO - [2024-05-11T15:27:50.246-0300] {dag.py:3096} INFO - Sync 1 DAGs
[2024-05-11T15:27:50.277-0300] {logging_mixin.py:188} INFO - [2024-05-11T15:27:50.277-0300] {dag.py:3954} INFO - Setting next_dagrun for example_skip_dag to 2024-05-10 00:00:00+00:00, run_after=2024-05-11 00:00:00+00:00
[2024-05-11T15:27:50.349-0300] {processor.py:183} INFO - Processing /home/patricia/Documentos/airflow/airflow_venv/lib/python3.10/site-packages/airflow/example_dags/example_skip_dag.py took 0.160 seconds
[2024-05-11T15:29:05.088-0300] {processor.py:161} INFO - Started process (PID=7833) to work on /home/patricia/Documentos/airflow/airflow_venv/lib/python3.10/site-packages/airflow/example_dags/example_skip_dag.py
[2024-05-11T15:29:05.091-0300] {processor.py:830} INFO - Processing file /home/patricia/Documentos/airflow/airflow_venv/lib/python3.10/site-packages/airflow/example_dags/example_skip_dag.py for tasks to queue
[2024-05-11T15:29:05.094-0300] {logging_mixin.py:188} INFO - [2024-05-11T15:29:05.093-0300] {dagbag.py:545} INFO - Filling up the DagBag from /home/patricia/Documentos/airflow/airflow_venv/lib/python3.10/site-packages/airflow/example_dags/example_skip_dag.py
[2024-05-11T15:29:05.103-0300] {processor.py:840} INFO - DAG(s) 'example_skip_dag' retrieved from /home/patricia/Documentos/airflow/airflow_venv/lib/python3.10/site-packages/airflow/example_dags/example_skip_dag.py
[2024-05-11T15:29:05.131-0300] {logging_mixin.py:188} INFO - [2024-05-11T15:29:05.130-0300] {dag.py:3096} INFO - Sync 1 DAGs
[2024-05-11T15:29:05.333-0300] {logging_mixin.py:188} INFO - [2024-05-11T15:29:05.333-0300] {dag.py:3954} INFO - Setting next_dagrun for example_skip_dag to 2024-05-10 00:00:00+00:00, run_after=2024-05-11 00:00:00+00:00
[2024-05-11T15:29:05.376-0300] {processor.py:183} INFO - Processing /home/patricia/Documentos/airflow/airflow_venv/lib/python3.10/site-packages/airflow/example_dags/example_skip_dag.py took 0.296 seconds
[2024-05-11T15:30:37.345-0300] {processor.py:161} INFO - Started process (PID=8031) to work on /home/patricia/Documentos/airflow/airflow_venv/lib/python3.10/site-packages/airflow/example_dags/example_skip_dag.py
[2024-05-11T15:30:37.348-0300] {processor.py:830} INFO - Processing file /home/patricia/Documentos/airflow/airflow_venv/lib/python3.10/site-packages/airflow/example_dags/example_skip_dag.py for tasks to queue
[2024-05-11T15:30:37.351-0300] {logging_mixin.py:188} INFO - [2024-05-11T15:30:37.350-0300] {dagbag.py:545} INFO - Filling up the DagBag from /home/patricia/Documentos/airflow/airflow_venv/lib/python3.10/site-packages/airflow/example_dags/example_skip_dag.py
[2024-05-11T15:30:37.361-0300] {processor.py:840} INFO - DAG(s) 'example_skip_dag' retrieved from /home/patricia/Documentos/airflow/airflow_venv/lib/python3.10/site-packages/airflow/example_dags/example_skip_dag.py
[2024-05-11T15:30:37.402-0300] {logging_mixin.py:188} INFO - [2024-05-11T15:30:37.401-0300] {dag.py:3096} INFO - Sync 1 DAGs
[2024-05-11T15:30:37.452-0300] {logging_mixin.py:188} INFO - [2024-05-11T15:30:37.451-0300] {dag.py:3954} INFO - Setting next_dagrun for example_skip_dag to 2024-05-10 00:00:00+00:00, run_after=2024-05-11 00:00:00+00:00
[2024-05-11T15:30:37.497-0300] {processor.py:183} INFO - Processing /home/patricia/Documentos/airflow/airflow_venv/lib/python3.10/site-packages/airflow/example_dags/example_skip_dag.py took 0.202 seconds
[2024-05-11T15:31:45.021-0300] {processor.py:161} INFO - Started process (PID=8213) to work on /home/patricia/Documentos/airflow/airflow_venv/lib/python3.10/site-packages/airflow/example_dags/example_skip_dag.py
[2024-05-11T15:31:45.047-0300] {processor.py:830} INFO - Processing file /home/patricia/Documentos/airflow/airflow_venv/lib/python3.10/site-packages/airflow/example_dags/example_skip_dag.py for tasks to queue
[2024-05-11T15:31:45.056-0300] {logging_mixin.py:188} INFO - [2024-05-11T15:31:45.055-0300] {dagbag.py:545} INFO - Filling up the DagBag from /home/patricia/Documentos/airflow/airflow_venv/lib/python3.10/site-packages/airflow/example_dags/example_skip_dag.py
[2024-05-11T15:31:45.071-0300] {processor.py:840} INFO - DAG(s) 'example_skip_dag' retrieved from /home/patricia/Documentos/airflow/airflow_venv/lib/python3.10/site-packages/airflow/example_dags/example_skip_dag.py
[2024-05-11T15:31:45.096-0300] {logging_mixin.py:188} INFO - [2024-05-11T15:31:45.096-0300] {dag.py:3096} INFO - Sync 1 DAGs
[2024-05-11T15:31:45.132-0300] {logging_mixin.py:188} INFO - [2024-05-11T15:31:45.132-0300] {dag.py:3954} INFO - Setting next_dagrun for example_skip_dag to 2024-05-10 00:00:00+00:00, run_after=2024-05-11 00:00:00+00:00
[2024-05-11T15:31:45.177-0300] {processor.py:183} INFO - Processing /home/patricia/Documentos/airflow/airflow_venv/lib/python3.10/site-packages/airflow/example_dags/example_skip_dag.py took 0.164 seconds
[2024-05-11T15:32:46.669-0300] {processor.py:161} INFO - Started process (PID=8530) to work on /home/patricia/Documentos/airflow/airflow_venv/lib/python3.10/site-packages/airflow/example_dags/example_skip_dag.py
[2024-05-11T15:32:46.681-0300] {processor.py:830} INFO - Processing file /home/patricia/Documentos/airflow/airflow_venv/lib/python3.10/site-packages/airflow/example_dags/example_skip_dag.py for tasks to queue
[2024-05-11T15:32:46.685-0300] {logging_mixin.py:188} INFO - [2024-05-11T15:32:46.684-0300] {dagbag.py:545} INFO - Filling up the DagBag from /home/patricia/Documentos/airflow/airflow_venv/lib/python3.10/site-packages/airflow/example_dags/example_skip_dag.py
[2024-05-11T15:32:46.712-0300] {processor.py:840} INFO - DAG(s) 'example_skip_dag' retrieved from /home/patricia/Documentos/airflow/airflow_venv/lib/python3.10/site-packages/airflow/example_dags/example_skip_dag.py
[2024-05-11T15:32:46.752-0300] {logging_mixin.py:188} INFO - [2024-05-11T15:32:46.752-0300] {dag.py:3096} INFO - Sync 1 DAGs
[2024-05-11T15:32:46.784-0300] {logging_mixin.py:188} INFO - [2024-05-11T15:32:46.783-0300] {dag.py:3954} INFO - Setting next_dagrun for example_skip_dag to 2024-05-10 00:00:00+00:00, run_after=2024-05-11 00:00:00+00:00
[2024-05-11T15:32:46.858-0300] {processor.py:183} INFO - Processing /home/patricia/Documentos/airflow/airflow_venv/lib/python3.10/site-packages/airflow/example_dags/example_skip_dag.py took 0.205 seconds
[2024-05-11T15:33:59.474-0300] {processor.py:161} INFO - Started process (PID=9123) to work on /home/patricia/Documentos/airflow/airflow_venv/lib/python3.10/site-packages/airflow/example_dags/example_skip_dag.py
[2024-05-11T15:33:59.483-0300] {processor.py:830} INFO - Processing file /home/patricia/Documentos/airflow/airflow_venv/lib/python3.10/site-packages/airflow/example_dags/example_skip_dag.py for tasks to queue
[2024-05-11T15:33:59.486-0300] {logging_mixin.py:188} INFO - [2024-05-11T15:33:59.485-0300] {dagbag.py:545} INFO - Filling up the DagBag from /home/patricia/Documentos/airflow/airflow_venv/lib/python3.10/site-packages/airflow/example_dags/example_skip_dag.py
[2024-05-11T15:33:59.502-0300] {processor.py:840} INFO - DAG(s) 'example_skip_dag' retrieved from /home/patricia/Documentos/airflow/airflow_venv/lib/python3.10/site-packages/airflow/example_dags/example_skip_dag.py
[2024-05-11T15:33:59.585-0300] {logging_mixin.py:188} INFO - [2024-05-11T15:33:59.584-0300] {dag.py:3096} INFO - Sync 1 DAGs
[2024-05-11T15:33:59.619-0300] {logging_mixin.py:188} INFO - [2024-05-11T15:33:59.619-0300] {dag.py:3954} INFO - Setting next_dagrun for example_skip_dag to 2024-05-10 00:00:00+00:00, run_after=2024-05-11 00:00:00+00:00
[2024-05-11T15:33:59.759-0300] {processor.py:183} INFO - Processing /home/patricia/Documentos/airflow/airflow_venv/lib/python3.10/site-packages/airflow/example_dags/example_skip_dag.py took 0.362 seconds
[2024-05-11T15:35:18.863-0300] {processor.py:161} INFO - Started process (PID=9409) to work on /home/patricia/Documentos/airflow/airflow_venv/lib/python3.10/site-packages/airflow/example_dags/example_skip_dag.py
[2024-05-11T15:35:18.872-0300] {processor.py:830} INFO - Processing file /home/patricia/Documentos/airflow/airflow_venv/lib/python3.10/site-packages/airflow/example_dags/example_skip_dag.py for tasks to queue
[2024-05-11T15:35:18.882-0300] {logging_mixin.py:188} INFO - [2024-05-11T15:35:18.881-0300] {dagbag.py:545} INFO - Filling up the DagBag from /home/patricia/Documentos/airflow/airflow_venv/lib/python3.10/site-packages/airflow/example_dags/example_skip_dag.py
[2024-05-11T15:35:18.905-0300] {processor.py:840} INFO - DAG(s) 'example_skip_dag' retrieved from /home/patricia/Documentos/airflow/airflow_venv/lib/python3.10/site-packages/airflow/example_dags/example_skip_dag.py
[2024-05-11T15:35:18.968-0300] {logging_mixin.py:188} INFO - [2024-05-11T15:35:18.968-0300] {dag.py:3096} INFO - Sync 1 DAGs
[2024-05-11T15:35:19.078-0300] {logging_mixin.py:188} INFO - [2024-05-11T15:35:19.078-0300] {dag.py:3954} INFO - Setting next_dagrun for example_skip_dag to 2024-05-10 00:00:00+00:00, run_after=2024-05-11 00:00:00+00:00
[2024-05-11T15:35:19.135-0300] {processor.py:183} INFO - Processing /home/patricia/Documentos/airflow/airflow_venv/lib/python3.10/site-packages/airflow/example_dags/example_skip_dag.py took 0.318 seconds
[2024-05-11T15:36:36.541-0300] {processor.py:161} INFO - Started process (PID=9615) to work on /home/patricia/Documentos/airflow/airflow_venv/lib/python3.10/site-packages/airflow/example_dags/example_skip_dag.py
[2024-05-11T15:36:36.544-0300] {processor.py:830} INFO - Processing file /home/patricia/Documentos/airflow/airflow_venv/lib/python3.10/site-packages/airflow/example_dags/example_skip_dag.py for tasks to queue
[2024-05-11T15:36:36.546-0300] {logging_mixin.py:188} INFO - [2024-05-11T15:36:36.545-0300] {dagbag.py:545} INFO - Filling up the DagBag from /home/patricia/Documentos/airflow/airflow_venv/lib/python3.10/site-packages/airflow/example_dags/example_skip_dag.py
[2024-05-11T15:36:36.555-0300] {processor.py:840} INFO - DAG(s) 'example_skip_dag' retrieved from /home/patricia/Documentos/airflow/airflow_venv/lib/python3.10/site-packages/airflow/example_dags/example_skip_dag.py
[2024-05-11T15:36:36.578-0300] {logging_mixin.py:188} INFO - [2024-05-11T15:36:36.578-0300] {dag.py:3096} INFO - Sync 1 DAGs
[2024-05-11T15:36:36.610-0300] {logging_mixin.py:188} INFO - [2024-05-11T15:36:36.610-0300] {dag.py:3954} INFO - Setting next_dagrun for example_skip_dag to 2024-05-10 00:00:00+00:00, run_after=2024-05-11 00:00:00+00:00
[2024-05-11T15:36:36.691-0300] {processor.py:183} INFO - Processing /home/patricia/Documentos/airflow/airflow_venv/lib/python3.10/site-packages/airflow/example_dags/example_skip_dag.py took 0.159 seconds
[2024-05-11T15:38:46.828-0300] {processor.py:161} INFO - Started process (PID=9973) to work on /home/patricia/Documentos/airflow/airflow_venv/lib/python3.10/site-packages/airflow/example_dags/example_skip_dag.py
[2024-05-11T15:38:46.831-0300] {processor.py:830} INFO - Processing file /home/patricia/Documentos/airflow/airflow_venv/lib/python3.10/site-packages/airflow/example_dags/example_skip_dag.py for tasks to queue
[2024-05-11T15:38:46.834-0300] {logging_mixin.py:188} INFO - [2024-05-11T15:38:46.833-0300] {dagbag.py:545} INFO - Filling up the DagBag from /home/patricia/Documentos/airflow/airflow_venv/lib/python3.10/site-packages/airflow/example_dags/example_skip_dag.py
[2024-05-11T15:38:46.842-0300] {processor.py:840} INFO - DAG(s) 'example_skip_dag' retrieved from /home/patricia/Documentos/airflow/airflow_venv/lib/python3.10/site-packages/airflow/example_dags/example_skip_dag.py
[2024-05-11T15:38:46.865-0300] {logging_mixin.py:188} INFO - [2024-05-11T15:38:46.865-0300] {dag.py:3096} INFO - Sync 1 DAGs
[2024-05-11T15:38:46.893-0300] {logging_mixin.py:188} INFO - [2024-05-11T15:38:46.893-0300] {dag.py:3954} INFO - Setting next_dagrun for example_skip_dag to 2024-05-10 00:00:00+00:00, run_after=2024-05-11 00:00:00+00:00
[2024-05-11T15:38:46.931-0300] {processor.py:183} INFO - Processing /home/patricia/Documentos/airflow/airflow_venv/lib/python3.10/site-packages/airflow/example_dags/example_skip_dag.py took 0.110 seconds
[2024-05-11T15:39:47.518-0300] {processor.py:161} INFO - Started process (PID=10080) to work on /home/patricia/Documentos/airflow/airflow_venv/lib/python3.10/site-packages/airflow/example_dags/example_skip_dag.py
[2024-05-11T15:39:47.523-0300] {processor.py:830} INFO - Processing file /home/patricia/Documentos/airflow/airflow_venv/lib/python3.10/site-packages/airflow/example_dags/example_skip_dag.py for tasks to queue
[2024-05-11T15:39:47.528-0300] {logging_mixin.py:188} INFO - [2024-05-11T15:39:47.527-0300] {dagbag.py:545} INFO - Filling up the DagBag from /home/patricia/Documentos/airflow/airflow_venv/lib/python3.10/site-packages/airflow/example_dags/example_skip_dag.py
[2024-05-11T15:39:47.544-0300] {processor.py:840} INFO - DAG(s) 'example_skip_dag' retrieved from /home/patricia/Documentos/airflow/airflow_venv/lib/python3.10/site-packages/airflow/example_dags/example_skip_dag.py
[2024-05-11T15:39:47.597-0300] {logging_mixin.py:188} INFO - [2024-05-11T15:39:47.595-0300] {dag.py:3096} INFO - Sync 1 DAGs
[2024-05-11T15:39:47.677-0300] {logging_mixin.py:188} INFO - [2024-05-11T15:39:47.677-0300] {dag.py:3954} INFO - Setting next_dagrun for example_skip_dag to 2024-05-10 00:00:00+00:00, run_after=2024-05-11 00:00:00+00:00
[2024-05-11T15:39:47.849-0300] {processor.py:183} INFO - Processing /home/patricia/Documentos/airflow/airflow_venv/lib/python3.10/site-packages/airflow/example_dags/example_skip_dag.py took 0.348 seconds
[2024-05-11T16:28:20.971-0300] {processor.py:161} INFO - Started process (PID=10998) to work on /home/patricia/Documentos/airflow/airflow_venv/lib/python3.10/site-packages/airflow/example_dags/example_skip_dag.py
[2024-05-11T16:28:20.980-0300] {processor.py:830} INFO - Processing file /home/patricia/Documentos/airflow/airflow_venv/lib/python3.10/site-packages/airflow/example_dags/example_skip_dag.py for tasks to queue
[2024-05-11T16:28:20.990-0300] {logging_mixin.py:188} INFO - [2024-05-11T16:28:20.989-0300] {dagbag.py:545} INFO - Filling up the DagBag from /home/patricia/Documentos/airflow/airflow_venv/lib/python3.10/site-packages/airflow/example_dags/example_skip_dag.py
[2024-05-11T16:28:21.022-0300] {processor.py:840} INFO - DAG(s) 'example_skip_dag' retrieved from /home/patricia/Documentos/airflow/airflow_venv/lib/python3.10/site-packages/airflow/example_dags/example_skip_dag.py
[2024-05-11T16:28:21.202-0300] {logging_mixin.py:188} INFO - [2024-05-11T16:28:21.201-0300] {dag.py:3096} INFO - Sync 1 DAGs
[2024-05-11T16:28:21.242-0300] {logging_mixin.py:188} INFO - [2024-05-11T16:28:21.242-0300] {dag.py:3954} INFO - Setting next_dagrun for example_skip_dag to 2024-05-10 00:00:00+00:00, run_after=2024-05-11 00:00:00+00:00
[2024-05-11T16:28:21.403-0300] {processor.py:183} INFO - Processing /home/patricia/Documentos/airflow/airflow_venv/lib/python3.10/site-packages/airflow/example_dags/example_skip_dag.py took 0.455 seconds
[2024-05-11T16:30:36.900-0300] {processor.py:161} INFO - Started process (PID=11260) to work on /home/patricia/Documentos/airflow/airflow_venv/lib/python3.10/site-packages/airflow/example_dags/example_skip_dag.py
[2024-05-11T16:30:36.912-0300] {processor.py:830} INFO - Processing file /home/patricia/Documentos/airflow/airflow_venv/lib/python3.10/site-packages/airflow/example_dags/example_skip_dag.py for tasks to queue
[2024-05-11T16:30:36.922-0300] {logging_mixin.py:188} INFO - [2024-05-11T16:30:36.920-0300] {dagbag.py:545} INFO - Filling up the DagBag from /home/patricia/Documentos/airflow/airflow_venv/lib/python3.10/site-packages/airflow/example_dags/example_skip_dag.py
[2024-05-11T16:30:36.937-0300] {processor.py:840} INFO - DAG(s) 'example_skip_dag' retrieved from /home/patricia/Documentos/airflow/airflow_venv/lib/python3.10/site-packages/airflow/example_dags/example_skip_dag.py
[2024-05-11T16:30:36.977-0300] {logging_mixin.py:188} INFO - [2024-05-11T16:30:36.977-0300] {dag.py:3096} INFO - Sync 1 DAGs
[2024-05-11T16:30:37.038-0300] {logging_mixin.py:188} INFO - [2024-05-11T16:30:37.037-0300] {dag.py:3954} INFO - Setting next_dagrun for example_skip_dag to 2024-05-10 00:00:00+00:00, run_after=2024-05-11 00:00:00+00:00
[2024-05-11T16:30:37.149-0300] {processor.py:183} INFO - Processing /home/patricia/Documentos/airflow/airflow_venv/lib/python3.10/site-packages/airflow/example_dags/example_skip_dag.py took 0.265 seconds
[2024-05-11T16:31:59.881-0300] {processor.py:161} INFO - Started process (PID=11406) to work on /home/patricia/Documentos/airflow/airflow_venv/lib/python3.10/site-packages/airflow/example_dags/example_skip_dag.py
[2024-05-11T16:31:59.890-0300] {processor.py:830} INFO - Processing file /home/patricia/Documentos/airflow/airflow_venv/lib/python3.10/site-packages/airflow/example_dags/example_skip_dag.py for tasks to queue
[2024-05-11T16:31:59.895-0300] {logging_mixin.py:188} INFO - [2024-05-11T16:31:59.894-0300] {dagbag.py:545} INFO - Filling up the DagBag from /home/patricia/Documentos/airflow/airflow_venv/lib/python3.10/site-packages/airflow/example_dags/example_skip_dag.py
[2024-05-11T16:31:59.951-0300] {processor.py:840} INFO - DAG(s) 'example_skip_dag' retrieved from /home/patricia/Documentos/airflow/airflow_venv/lib/python3.10/site-packages/airflow/example_dags/example_skip_dag.py
[2024-05-11T16:32:00.237-0300] {logging_mixin.py:188} INFO - [2024-05-11T16:32:00.233-0300] {dag.py:3096} INFO - Sync 1 DAGs
[2024-05-11T16:32:00.829-0300] {logging_mixin.py:188} INFO - [2024-05-11T16:32:00.829-0300] {dag.py:3954} INFO - Setting next_dagrun for example_skip_dag to 2024-05-10 00:00:00+00:00, run_after=2024-05-11 00:00:00+00:00
[2024-05-11T16:32:00.932-0300] {processor.py:183} INFO - Processing /home/patricia/Documentos/airflow/airflow_venv/lib/python3.10/site-packages/airflow/example_dags/example_skip_dag.py took 1.149 seconds
[2024-05-11T16:33:53.427-0300] {processor.py:161} INFO - Started process (PID=11666) to work on /home/patricia/Documentos/airflow/airflow_venv/lib/python3.10/site-packages/airflow/example_dags/example_skip_dag.py
[2024-05-11T16:33:53.434-0300] {processor.py:830} INFO - Processing file /home/patricia/Documentos/airflow/airflow_venv/lib/python3.10/site-packages/airflow/example_dags/example_skip_dag.py for tasks to queue
[2024-05-11T16:33:53.440-0300] {logging_mixin.py:188} INFO - [2024-05-11T16:33:53.439-0300] {dagbag.py:545} INFO - Filling up the DagBag from /home/patricia/Documentos/airflow/airflow_venv/lib/python3.10/site-packages/airflow/example_dags/example_skip_dag.py
[2024-05-11T16:33:53.462-0300] {processor.py:840} INFO - DAG(s) 'example_skip_dag' retrieved from /home/patricia/Documentos/airflow/airflow_venv/lib/python3.10/site-packages/airflow/example_dags/example_skip_dag.py
[2024-05-11T16:33:53.500-0300] {logging_mixin.py:188} INFO - [2024-05-11T16:33:53.499-0300] {dag.py:3096} INFO - Sync 1 DAGs
[2024-05-11T16:33:53.546-0300] {logging_mixin.py:188} INFO - [2024-05-11T16:33:53.545-0300] {dag.py:3954} INFO - Setting next_dagrun for example_skip_dag to 2024-05-10 00:00:00+00:00, run_after=2024-05-11 00:00:00+00:00
[2024-05-11T16:33:53.611-0300] {processor.py:183} INFO - Processing /home/patricia/Documentos/airflow/airflow_venv/lib/python3.10/site-packages/airflow/example_dags/example_skip_dag.py took 0.201 seconds
[2024-05-11T16:35:30.330-0300] {processor.py:161} INFO - Started process (PID=11818) to work on /home/patricia/Documentos/airflow/airflow_venv/lib/python3.10/site-packages/airflow/example_dags/example_skip_dag.py
[2024-05-11T16:35:30.335-0300] {processor.py:830} INFO - Processing file /home/patricia/Documentos/airflow/airflow_venv/lib/python3.10/site-packages/airflow/example_dags/example_skip_dag.py for tasks to queue
[2024-05-11T16:35:30.344-0300] {logging_mixin.py:188} INFO - [2024-05-11T16:35:30.342-0300] {dagbag.py:545} INFO - Filling up the DagBag from /home/patricia/Documentos/airflow/airflow_venv/lib/python3.10/site-packages/airflow/example_dags/example_skip_dag.py
[2024-05-11T16:35:30.370-0300] {processor.py:840} INFO - DAG(s) 'example_skip_dag' retrieved from /home/patricia/Documentos/airflow/airflow_venv/lib/python3.10/site-packages/airflow/example_dags/example_skip_dag.py
[2024-05-11T16:35:30.437-0300] {logging_mixin.py:188} INFO - [2024-05-11T16:35:30.436-0300] {dag.py:3096} INFO - Sync 1 DAGs
[2024-05-11T16:35:30.532-0300] {logging_mixin.py:188} INFO - [2024-05-11T16:35:30.532-0300] {dag.py:3954} INFO - Setting next_dagrun for example_skip_dag to 2024-05-10 00:00:00+00:00, run_after=2024-05-11 00:00:00+00:00
[2024-05-11T16:35:30.600-0300] {processor.py:183} INFO - Processing /home/patricia/Documentos/airflow/airflow_venv/lib/python3.10/site-packages/airflow/example_dags/example_skip_dag.py took 0.297 seconds
[2024-05-11T16:37:06.154-0300] {processor.py:161} INFO - Started process (PID=11963) to work on /home/patricia/Documentos/airflow/airflow_venv/lib/python3.10/site-packages/airflow/example_dags/example_skip_dag.py
[2024-05-11T16:37:06.161-0300] {processor.py:830} INFO - Processing file /home/patricia/Documentos/airflow/airflow_venv/lib/python3.10/site-packages/airflow/example_dags/example_skip_dag.py for tasks to queue
[2024-05-11T16:37:06.166-0300] {logging_mixin.py:188} INFO - [2024-05-11T16:37:06.165-0300] {dagbag.py:545} INFO - Filling up the DagBag from /home/patricia/Documentos/airflow/airflow_venv/lib/python3.10/site-packages/airflow/example_dags/example_skip_dag.py
[2024-05-11T16:37:06.184-0300] {processor.py:840} INFO - DAG(s) 'example_skip_dag' retrieved from /home/patricia/Documentos/airflow/airflow_venv/lib/python3.10/site-packages/airflow/example_dags/example_skip_dag.py
[2024-05-11T16:37:06.227-0300] {logging_mixin.py:188} INFO - [2024-05-11T16:37:06.226-0300] {dag.py:3096} INFO - Sync 1 DAGs
[2024-05-11T16:37:06.274-0300] {logging_mixin.py:188} INFO - [2024-05-11T16:37:06.274-0300] {dag.py:3954} INFO - Setting next_dagrun for example_skip_dag to 2024-05-10 00:00:00+00:00, run_after=2024-05-11 00:00:00+00:00
[2024-05-11T16:37:06.334-0300] {processor.py:183} INFO - Processing /home/patricia/Documentos/airflow/airflow_venv/lib/python3.10/site-packages/airflow/example_dags/example_skip_dag.py took 0.194 seconds
