[2024-05-11T15:11:05.926-0300] {processor.py:161} INFO - Started process (PID=4473) to work on /home/patricia/Documentos/airflow/airflow_venv/lib/python3.10/site-packages/airflow/example_dags/example_params_trigger_ui.py
[2024-05-11T15:11:05.927-0300] {processor.py:830} INFO - Processing file /home/patricia/Documentos/airflow/airflow_venv/lib/python3.10/site-packages/airflow/example_dags/example_params_trigger_ui.py for tasks to queue
[2024-05-11T15:11:05.930-0300] {logging_mixin.py:188} INFO - [2024-05-11T15:11:05.930-0300] {dagbag.py:545} INFO - Filling up the DagBag from /home/patricia/Documentos/airflow/airflow_venv/lib/python3.10/site-packages/airflow/example_dags/example_params_trigger_ui.py
[2024-05-11T15:11:05.945-0300] {processor.py:840} INFO - DAG(s) 'example_params_trigger_ui' retrieved from /home/patricia/Documentos/airflow/airflow_venv/lib/python3.10/site-packages/airflow/example_dags/example_params_trigger_ui.py
[2024-05-11T15:11:05.959-0300] {logging_mixin.py:188} INFO - [2024-05-11T15:11:05.959-0300] {dag.py:3096} INFO - Sync 1 DAGs
[2024-05-11T15:11:05.971-0300] {logging_mixin.py:188} INFO - [2024-05-11T15:11:05.971-0300] {dag.py:3954} INFO - Setting next_dagrun for example_params_trigger_ui to None, run_after=None
[2024-05-11T15:11:06.002-0300] {processor.py:183} INFO - Processing /home/patricia/Documentos/airflow/airflow_venv/lib/python3.10/site-packages/airflow/example_dags/example_params_trigger_ui.py took 0.083 seconds
[2024-05-11T15:12:26.245-0300] {processor.py:161} INFO - Started process (PID=4656) to work on /home/patricia/Documentos/airflow/airflow_venv/lib/python3.10/site-packages/airflow/example_dags/example_params_trigger_ui.py
[2024-05-11T15:12:26.263-0300] {processor.py:830} INFO - Processing file /home/patricia/Documentos/airflow/airflow_venv/lib/python3.10/site-packages/airflow/example_dags/example_params_trigger_ui.py for tasks to queue
[2024-05-11T15:12:26.267-0300] {logging_mixin.py:188} INFO - [2024-05-11T15:12:26.266-0300] {dagbag.py:545} INFO - Filling up the DagBag from /home/patricia/Documentos/airflow/airflow_venv/lib/python3.10/site-packages/airflow/example_dags/example_params_trigger_ui.py
[2024-05-11T15:12:26.290-0300] {processor.py:840} INFO - DAG(s) 'example_params_trigger_ui' retrieved from /home/patricia/Documentos/airflow/airflow_venv/lib/python3.10/site-packages/airflow/example_dags/example_params_trigger_ui.py
[2024-05-11T15:12:26.583-0300] {logging_mixin.py:188} INFO - [2024-05-11T15:12:26.583-0300] {dag.py:3096} INFO - Sync 1 DAGs
[2024-05-11T15:12:26.600-0300] {logging_mixin.py:188} INFO - [2024-05-11T15:12:26.600-0300] {dag.py:3954} INFO - Setting next_dagrun for example_params_trigger_ui to None, run_after=None
[2024-05-11T15:12:26.636-0300] {processor.py:183} INFO - Processing /home/patricia/Documentos/airflow/airflow_venv/lib/python3.10/site-packages/airflow/example_dags/example_params_trigger_ui.py took 0.398 seconds
[2024-05-11T15:13:57.064-0300] {processor.py:161} INFO - Started process (PID=4788) to work on /home/patricia/Documentos/airflow/airflow_venv/lib/python3.10/site-packages/airflow/example_dags/example_params_trigger_ui.py
[2024-05-11T15:13:57.069-0300] {processor.py:830} INFO - Processing file /home/patricia/Documentos/airflow/airflow_venv/lib/python3.10/site-packages/airflow/example_dags/example_params_trigger_ui.py for tasks to queue
[2024-05-11T15:13:57.074-0300] {logging_mixin.py:188} INFO - [2024-05-11T15:13:57.073-0300] {dagbag.py:545} INFO - Filling up the DagBag from /home/patricia/Documentos/airflow/airflow_venv/lib/python3.10/site-packages/airflow/example_dags/example_params_trigger_ui.py
[2024-05-11T15:13:57.103-0300] {processor.py:840} INFO - DAG(s) 'example_params_trigger_ui' retrieved from /home/patricia/Documentos/airflow/airflow_venv/lib/python3.10/site-packages/airflow/example_dags/example_params_trigger_ui.py
[2024-05-11T15:13:57.216-0300] {logging_mixin.py:188} INFO - [2024-05-11T15:13:57.216-0300] {dag.py:3096} INFO - Sync 1 DAGs
[2024-05-11T15:13:57.243-0300] {logging_mixin.py:188} INFO - [2024-05-11T15:13:57.243-0300] {dag.py:3954} INFO - Setting next_dagrun for example_params_trigger_ui to None, run_after=None
[2024-05-11T15:13:57.474-0300] {processor.py:183} INFO - Processing /home/patricia/Documentos/airflow/airflow_venv/lib/python3.10/site-packages/airflow/example_dags/example_params_trigger_ui.py took 0.427 seconds
[2024-05-11T15:14:45.942-0300] {processor.py:161} INFO - Started process (PID=4913) to work on /home/patricia/Documentos/airflow/airflow_venv/lib/python3.10/site-packages/airflow/example_dags/example_params_trigger_ui.py
[2024-05-11T15:14:45.944-0300] {processor.py:830} INFO - Processing file /home/patricia/Documentos/airflow/airflow_venv/lib/python3.10/site-packages/airflow/example_dags/example_params_trigger_ui.py for tasks to queue
[2024-05-11T15:14:45.947-0300] {logging_mixin.py:188} INFO - [2024-05-11T15:14:45.947-0300] {dagbag.py:545} INFO - Filling up the DagBag from /home/patricia/Documentos/airflow/airflow_venv/lib/python3.10/site-packages/airflow/example_dags/example_params_trigger_ui.py
[2024-05-11T15:14:45.963-0300] {processor.py:840} INFO - DAG(s) 'example_params_trigger_ui' retrieved from /home/patricia/Documentos/airflow/airflow_venv/lib/python3.10/site-packages/airflow/example_dags/example_params_trigger_ui.py
[2024-05-11T15:14:46.115-0300] {logging_mixin.py:188} INFO - [2024-05-11T15:14:46.115-0300] {dag.py:3096} INFO - Sync 1 DAGs
[2024-05-11T15:14:46.126-0300] {logging_mixin.py:188} INFO - [2024-05-11T15:14:46.126-0300] {dag.py:3954} INFO - Setting next_dagrun for example_params_trigger_ui to None, run_after=None
[2024-05-11T15:14:46.168-0300] {processor.py:183} INFO - Processing /home/patricia/Documentos/airflow/airflow_venv/lib/python3.10/site-packages/airflow/example_dags/example_params_trigger_ui.py took 0.233 seconds
[2024-05-11T15:15:26.073-0300] {processor.py:161} INFO - Started process (PID=5001) to work on /home/patricia/Documentos/airflow/airflow_venv/lib/python3.10/site-packages/airflow/example_dags/example_params_trigger_ui.py
[2024-05-11T15:15:26.077-0300] {processor.py:830} INFO - Processing file /home/patricia/Documentos/airflow/airflow_venv/lib/python3.10/site-packages/airflow/example_dags/example_params_trigger_ui.py for tasks to queue
[2024-05-11T15:15:26.081-0300] {logging_mixin.py:188} INFO - [2024-05-11T15:15:26.080-0300] {dagbag.py:545} INFO - Filling up the DagBag from /home/patricia/Documentos/airflow/airflow_venv/lib/python3.10/site-packages/airflow/example_dags/example_params_trigger_ui.py
[2024-05-11T15:15:26.125-0300] {processor.py:840} INFO - DAG(s) 'example_params_trigger_ui' retrieved from /home/patricia/Documentos/airflow/airflow_venv/lib/python3.10/site-packages/airflow/example_dags/example_params_trigger_ui.py
[2024-05-11T15:15:26.199-0300] {logging_mixin.py:188} INFO - [2024-05-11T15:15:26.199-0300] {dag.py:3096} INFO - Sync 1 DAGs
[2024-05-11T15:15:26.229-0300] {logging_mixin.py:188} INFO - [2024-05-11T15:15:26.229-0300] {dag.py:3954} INFO - Setting next_dagrun for example_params_trigger_ui to None, run_after=None
[2024-05-11T15:15:26.335-0300] {processor.py:183} INFO - Processing /home/patricia/Documentos/airflow/airflow_venv/lib/python3.10/site-packages/airflow/example_dags/example_params_trigger_ui.py took 0.281 seconds
[2024-05-11T15:16:26.350-0300] {processor.py:161} INFO - Started process (PID=5122) to work on /home/patricia/Documentos/airflow/airflow_venv/lib/python3.10/site-packages/airflow/example_dags/example_params_trigger_ui.py
[2024-05-11T15:16:26.352-0300] {processor.py:830} INFO - Processing file /home/patricia/Documentos/airflow/airflow_venv/lib/python3.10/site-packages/airflow/example_dags/example_params_trigger_ui.py for tasks to queue
[2024-05-11T15:16:26.355-0300] {logging_mixin.py:188} INFO - [2024-05-11T15:16:26.354-0300] {dagbag.py:545} INFO - Filling up the DagBag from /home/patricia/Documentos/airflow/airflow_venv/lib/python3.10/site-packages/airflow/example_dags/example_params_trigger_ui.py
[2024-05-11T15:16:26.371-0300] {processor.py:840} INFO - DAG(s) 'example_params_trigger_ui' retrieved from /home/patricia/Documentos/airflow/airflow_venv/lib/python3.10/site-packages/airflow/example_dags/example_params_trigger_ui.py
[2024-05-11T15:16:26.426-0300] {logging_mixin.py:188} INFO - [2024-05-11T15:16:26.425-0300] {dag.py:3096} INFO - Sync 1 DAGs
[2024-05-11T15:16:26.441-0300] {logging_mixin.py:188} INFO - [2024-05-11T15:16:26.441-0300] {dag.py:3954} INFO - Setting next_dagrun for example_params_trigger_ui to None, run_after=None
[2024-05-11T15:16:26.481-0300] {processor.py:183} INFO - Processing /home/patricia/Documentos/airflow/airflow_venv/lib/python3.10/site-packages/airflow/example_dags/example_params_trigger_ui.py took 0.141 seconds
[2024-05-11T15:17:32.105-0300] {processor.py:161} INFO - Started process (PID=5279) to work on /home/patricia/Documentos/airflow/airflow_venv/lib/python3.10/site-packages/airflow/example_dags/example_params_trigger_ui.py
[2024-05-11T15:17:32.110-0300] {processor.py:830} INFO - Processing file /home/patricia/Documentos/airflow/airflow_venv/lib/python3.10/site-packages/airflow/example_dags/example_params_trigger_ui.py for tasks to queue
[2024-05-11T15:17:32.115-0300] {logging_mixin.py:188} INFO - [2024-05-11T15:17:32.114-0300] {dagbag.py:545} INFO - Filling up the DagBag from /home/patricia/Documentos/airflow/airflow_venv/lib/python3.10/site-packages/airflow/example_dags/example_params_trigger_ui.py
[2024-05-11T15:17:32.154-0300] {processor.py:840} INFO - DAG(s) 'example_params_trigger_ui' retrieved from /home/patricia/Documentos/airflow/airflow_venv/lib/python3.10/site-packages/airflow/example_dags/example_params_trigger_ui.py
[2024-05-11T15:17:32.254-0300] {logging_mixin.py:188} INFO - [2024-05-11T15:17:32.254-0300] {dag.py:3096} INFO - Sync 1 DAGs
[2024-05-11T15:17:32.284-0300] {logging_mixin.py:188} INFO - [2024-05-11T15:17:32.284-0300] {dag.py:3954} INFO - Setting next_dagrun for example_params_trigger_ui to None, run_after=None
[2024-05-11T15:17:32.386-0300] {processor.py:183} INFO - Processing /home/patricia/Documentos/airflow/airflow_venv/lib/python3.10/site-packages/airflow/example_dags/example_params_trigger_ui.py took 0.296 seconds
[2024-05-11T15:18:42.186-0300] {processor.py:161} INFO - Started process (PID=5886) to work on /home/patricia/Documentos/airflow/airflow_venv/lib/python3.10/site-packages/airflow/example_dags/example_params_trigger_ui.py
[2024-05-11T15:18:42.191-0300] {processor.py:830} INFO - Processing file /home/patricia/Documentos/airflow/airflow_venv/lib/python3.10/site-packages/airflow/example_dags/example_params_trigger_ui.py for tasks to queue
[2024-05-11T15:18:42.199-0300] {logging_mixin.py:188} INFO - [2024-05-11T15:18:42.194-0300] {dagbag.py:545} INFO - Filling up the DagBag from /home/patricia/Documentos/airflow/airflow_venv/lib/python3.10/site-packages/airflow/example_dags/example_params_trigger_ui.py
[2024-05-11T15:18:42.252-0300] {processor.py:840} INFO - DAG(s) 'example_params_trigger_ui' retrieved from /home/patricia/Documentos/airflow/airflow_venv/lib/python3.10/site-packages/airflow/example_dags/example_params_trigger_ui.py
[2024-05-11T15:18:42.427-0300] {logging_mixin.py:188} INFO - [2024-05-11T15:18:42.426-0300] {dag.py:3096} INFO - Sync 1 DAGs
[2024-05-11T15:18:42.483-0300] {logging_mixin.py:188} INFO - [2024-05-11T15:18:42.482-0300] {dag.py:3954} INFO - Setting next_dagrun for example_params_trigger_ui to None, run_after=None
[2024-05-11T15:18:42.601-0300] {processor.py:183} INFO - Processing /home/patricia/Documentos/airflow/airflow_venv/lib/python3.10/site-packages/airflow/example_dags/example_params_trigger_ui.py took 0.438 seconds
[2024-05-11T15:19:52.375-0300] {processor.py:161} INFO - Started process (PID=6030) to work on /home/patricia/Documentos/airflow/airflow_venv/lib/python3.10/site-packages/airflow/example_dags/example_params_trigger_ui.py
[2024-05-11T15:19:52.380-0300] {processor.py:830} INFO - Processing file /home/patricia/Documentos/airflow/airflow_venv/lib/python3.10/site-packages/airflow/example_dags/example_params_trigger_ui.py for tasks to queue
[2024-05-11T15:19:52.382-0300] {logging_mixin.py:188} INFO - [2024-05-11T15:19:52.382-0300] {dagbag.py:545} INFO - Filling up the DagBag from /home/patricia/Documentos/airflow/airflow_venv/lib/python3.10/site-packages/airflow/example_dags/example_params_trigger_ui.py
[2024-05-11T15:19:52.401-0300] {processor.py:840} INFO - DAG(s) 'example_params_trigger_ui' retrieved from /home/patricia/Documentos/airflow/airflow_venv/lib/python3.10/site-packages/airflow/example_dags/example_params_trigger_ui.py
[2024-05-11T15:19:52.451-0300] {logging_mixin.py:188} INFO - [2024-05-11T15:19:52.451-0300] {dag.py:3096} INFO - Sync 1 DAGs
[2024-05-11T15:19:52.468-0300] {logging_mixin.py:188} INFO - [2024-05-11T15:19:52.467-0300] {dag.py:3954} INFO - Setting next_dagrun for example_params_trigger_ui to None, run_after=None
[2024-05-11T15:19:52.505-0300] {processor.py:183} INFO - Processing /home/patricia/Documentos/airflow/airflow_venv/lib/python3.10/site-packages/airflow/example_dags/example_params_trigger_ui.py took 0.139 seconds
[2024-05-11T15:21:32.148-0300] {processor.py:161} INFO - Started process (PID=6201) to work on /home/patricia/Documentos/airflow/airflow_venv/lib/python3.10/site-packages/airflow/example_dags/example_params_trigger_ui.py
[2024-05-11T15:21:32.154-0300] {processor.py:830} INFO - Processing file /home/patricia/Documentos/airflow/airflow_venv/lib/python3.10/site-packages/airflow/example_dags/example_params_trigger_ui.py for tasks to queue
[2024-05-11T15:21:32.158-0300] {logging_mixin.py:188} INFO - [2024-05-11T15:21:32.157-0300] {dagbag.py:545} INFO - Filling up the DagBag from /home/patricia/Documentos/airflow/airflow_venv/lib/python3.10/site-packages/airflow/example_dags/example_params_trigger_ui.py
[2024-05-11T15:21:32.187-0300] {processor.py:840} INFO - DAG(s) 'example_params_trigger_ui' retrieved from /home/patricia/Documentos/airflow/airflow_venv/lib/python3.10/site-packages/airflow/example_dags/example_params_trigger_ui.py
[2024-05-11T15:21:32.277-0300] {logging_mixin.py:188} INFO - [2024-05-11T15:21:32.276-0300] {dag.py:3096} INFO - Sync 1 DAGs
[2024-05-11T15:21:32.295-0300] {logging_mixin.py:188} INFO - [2024-05-11T15:21:32.294-0300] {dag.py:3954} INFO - Setting next_dagrun for example_params_trigger_ui to None, run_after=None
[2024-05-11T15:21:32.343-0300] {processor.py:183} INFO - Processing /home/patricia/Documentos/airflow/airflow_venv/lib/python3.10/site-packages/airflow/example_dags/example_params_trigger_ui.py took 0.207 seconds
[2024-05-11T15:22:20.253-0300] {processor.py:161} INFO - Started process (PID=6305) to work on /home/patricia/Documentos/airflow/airflow_venv/lib/python3.10/site-packages/airflow/example_dags/example_params_trigger_ui.py
[2024-05-11T15:22:20.270-0300] {processor.py:830} INFO - Processing file /home/patricia/Documentos/airflow/airflow_venv/lib/python3.10/site-packages/airflow/example_dags/example_params_trigger_ui.py for tasks to queue
[2024-05-11T15:22:20.287-0300] {logging_mixin.py:188} INFO - [2024-05-11T15:22:20.286-0300] {dagbag.py:545} INFO - Filling up the DagBag from /home/patricia/Documentos/airflow/airflow_venv/lib/python3.10/site-packages/airflow/example_dags/example_params_trigger_ui.py
[2024-05-11T15:22:20.328-0300] {processor.py:840} INFO - DAG(s) 'example_params_trigger_ui' retrieved from /home/patricia/Documentos/airflow/airflow_venv/lib/python3.10/site-packages/airflow/example_dags/example_params_trigger_ui.py
[2024-05-11T15:22:20.425-0300] {logging_mixin.py:188} INFO - [2024-05-11T15:22:20.425-0300] {dag.py:3096} INFO - Sync 1 DAGs
[2024-05-11T15:22:20.473-0300] {logging_mixin.py:188} INFO - [2024-05-11T15:22:20.472-0300] {dag.py:3954} INFO - Setting next_dagrun for example_params_trigger_ui to None, run_after=None
[2024-05-11T15:22:20.629-0300] {processor.py:183} INFO - Processing /home/patricia/Documentos/airflow/airflow_venv/lib/python3.10/site-packages/airflow/example_dags/example_params_trigger_ui.py took 0.420 seconds
[2024-05-11T15:23:22.989-0300] {processor.py:161} INFO - Started process (PID=6440) to work on /home/patricia/Documentos/airflow/airflow_venv/lib/python3.10/site-packages/airflow/example_dags/example_params_trigger_ui.py
[2024-05-11T15:23:22.996-0300] {processor.py:830} INFO - Processing file /home/patricia/Documentos/airflow/airflow_venv/lib/python3.10/site-packages/airflow/example_dags/example_params_trigger_ui.py for tasks to queue
[2024-05-11T15:23:23.011-0300] {logging_mixin.py:188} INFO - [2024-05-11T15:23:23.009-0300] {dagbag.py:545} INFO - Filling up the DagBag from /home/patricia/Documentos/airflow/airflow_venv/lib/python3.10/site-packages/airflow/example_dags/example_params_trigger_ui.py
[2024-05-11T15:23:23.325-0300] {processor.py:840} INFO - DAG(s) 'example_params_trigger_ui' retrieved from /home/patricia/Documentos/airflow/airflow_venv/lib/python3.10/site-packages/airflow/example_dags/example_params_trigger_ui.py
[2024-05-11T15:23:23.654-0300] {logging_mixin.py:188} INFO - [2024-05-11T15:23:23.654-0300] {dag.py:3096} INFO - Sync 1 DAGs
[2024-05-11T15:23:23.689-0300] {logging_mixin.py:188} INFO - [2024-05-11T15:23:23.689-0300] {dag.py:3954} INFO - Setting next_dagrun for example_params_trigger_ui to None, run_after=None
[2024-05-11T15:23:23.825-0300] {processor.py:183} INFO - Processing /home/patricia/Documentos/airflow/airflow_venv/lib/python3.10/site-packages/airflow/example_dags/example_params_trigger_ui.py took 0.860 seconds
[2024-05-11T15:24:26.378-0300] {processor.py:161} INFO - Started process (PID=6560) to work on /home/patricia/Documentos/airflow/airflow_venv/lib/python3.10/site-packages/airflow/example_dags/example_params_trigger_ui.py
[2024-05-11T15:24:26.384-0300] {processor.py:830} INFO - Processing file /home/patricia/Documentos/airflow/airflow_venv/lib/python3.10/site-packages/airflow/example_dags/example_params_trigger_ui.py for tasks to queue
[2024-05-11T15:24:26.387-0300] {logging_mixin.py:188} INFO - [2024-05-11T15:24:26.386-0300] {dagbag.py:545} INFO - Filling up the DagBag from /home/patricia/Documentos/airflow/airflow_venv/lib/python3.10/site-packages/airflow/example_dags/example_params_trigger_ui.py
[2024-05-11T15:24:26.401-0300] {processor.py:840} INFO - DAG(s) 'example_params_trigger_ui' retrieved from /home/patricia/Documentos/airflow/airflow_venv/lib/python3.10/site-packages/airflow/example_dags/example_params_trigger_ui.py
[2024-05-11T15:24:26.443-0300] {logging_mixin.py:188} INFO - [2024-05-11T15:24:26.443-0300] {dag.py:3096} INFO - Sync 1 DAGs
[2024-05-11T15:24:26.454-0300] {logging_mixin.py:188} INFO - [2024-05-11T15:24:26.454-0300] {dag.py:3954} INFO - Setting next_dagrun for example_params_trigger_ui to None, run_after=None
[2024-05-11T15:24:26.490-0300] {processor.py:183} INFO - Processing /home/patricia/Documentos/airflow/airflow_venv/lib/python3.10/site-packages/airflow/example_dags/example_params_trigger_ui.py took 0.119 seconds
[2024-05-11T15:26:08.872-0300] {processor.py:161} INFO - Started process (PID=6883) to work on /home/patricia/Documentos/airflow/airflow_venv/lib/python3.10/site-packages/airflow/example_dags/example_params_trigger_ui.py
[2024-05-11T15:26:08.881-0300] {processor.py:830} INFO - Processing file /home/patricia/Documentos/airflow/airflow_venv/lib/python3.10/site-packages/airflow/example_dags/example_params_trigger_ui.py for tasks to queue
[2024-05-11T15:26:08.883-0300] {logging_mixin.py:188} INFO - [2024-05-11T15:26:08.883-0300] {dagbag.py:545} INFO - Filling up the DagBag from /home/patricia/Documentos/airflow/airflow_venv/lib/python3.10/site-packages/airflow/example_dags/example_params_trigger_ui.py
[2024-05-11T15:26:08.919-0300] {processor.py:840} INFO - DAG(s) 'example_params_trigger_ui' retrieved from /home/patricia/Documentos/airflow/airflow_venv/lib/python3.10/site-packages/airflow/example_dags/example_params_trigger_ui.py
[2024-05-11T15:26:08.937-0300] {logging_mixin.py:188} INFO - [2024-05-11T15:26:08.937-0300] {dag.py:3096} INFO - Sync 1 DAGs
[2024-05-11T15:26:08.957-0300] {logging_mixin.py:188} INFO - [2024-05-11T15:26:08.957-0300] {dag.py:3954} INFO - Setting next_dagrun for example_params_trigger_ui to None, run_after=None
[2024-05-11T15:26:09.059-0300] {processor.py:183} INFO - Processing /home/patricia/Documentos/airflow/airflow_venv/lib/python3.10/site-packages/airflow/example_dags/example_params_trigger_ui.py took 0.195 seconds
[2024-05-11T15:27:26.194-0300] {processor.py:161} INFO - Started process (PID=7643) to work on /home/patricia/Documentos/airflow/airflow_venv/lib/python3.10/site-packages/airflow/example_dags/example_params_trigger_ui.py
[2024-05-11T15:27:26.199-0300] {processor.py:830} INFO - Processing file /home/patricia/Documentos/airflow/airflow_venv/lib/python3.10/site-packages/airflow/example_dags/example_params_trigger_ui.py for tasks to queue
[2024-05-11T15:27:26.204-0300] {logging_mixin.py:188} INFO - [2024-05-11T15:27:26.202-0300] {dagbag.py:545} INFO - Filling up the DagBag from /home/patricia/Documentos/airflow/airflow_venv/lib/python3.10/site-packages/airflow/example_dags/example_params_trigger_ui.py
[2024-05-11T15:27:26.240-0300] {processor.py:840} INFO - DAG(s) 'example_params_trigger_ui' retrieved from /home/patricia/Documentos/airflow/airflow_venv/lib/python3.10/site-packages/airflow/example_dags/example_params_trigger_ui.py
[2024-05-11T15:27:27.130-0300] {logging_mixin.py:188} INFO - [2024-05-11T15:27:27.129-0300] {dag.py:3096} INFO - Sync 1 DAGs
[2024-05-11T15:27:27.148-0300] {logging_mixin.py:188} INFO - [2024-05-11T15:27:27.148-0300] {dag.py:3954} INFO - Setting next_dagrun for example_params_trigger_ui to None, run_after=None
[2024-05-11T15:27:27.211-0300] {processor.py:183} INFO - Processing /home/patricia/Documentos/airflow/airflow_venv/lib/python3.10/site-packages/airflow/example_dags/example_params_trigger_ui.py took 1.100 seconds
[2024-05-11T15:28:14.267-0300] {processor.py:161} INFO - Started process (PID=7739) to work on /home/patricia/Documentos/airflow/airflow_venv/lib/python3.10/site-packages/airflow/example_dags/example_params_trigger_ui.py
[2024-05-11T15:28:14.281-0300] {processor.py:830} INFO - Processing file /home/patricia/Documentos/airflow/airflow_venv/lib/python3.10/site-packages/airflow/example_dags/example_params_trigger_ui.py for tasks to queue
[2024-05-11T15:28:14.284-0300] {logging_mixin.py:188} INFO - [2024-05-11T15:28:14.283-0300] {dagbag.py:545} INFO - Filling up the DagBag from /home/patricia/Documentos/airflow/airflow_venv/lib/python3.10/site-packages/airflow/example_dags/example_params_trigger_ui.py
[2024-05-11T15:28:14.319-0300] {processor.py:840} INFO - DAG(s) 'example_params_trigger_ui' retrieved from /home/patricia/Documentos/airflow/airflow_venv/lib/python3.10/site-packages/airflow/example_dags/example_params_trigger_ui.py
[2024-05-11T15:28:14.385-0300] {logging_mixin.py:188} INFO - [2024-05-11T15:28:14.385-0300] {dag.py:3096} INFO - Sync 1 DAGs
[2024-05-11T15:28:14.414-0300] {logging_mixin.py:188} INFO - [2024-05-11T15:28:14.414-0300] {dag.py:3954} INFO - Setting next_dagrun for example_params_trigger_ui to None, run_after=None
[2024-05-11T15:28:14.460-0300] {processor.py:183} INFO - Processing /home/patricia/Documentos/airflow/airflow_venv/lib/python3.10/site-packages/airflow/example_dags/example_params_trigger_ui.py took 0.203 seconds
[2024-05-11T15:29:32.299-0300] {processor.py:161} INFO - Started process (PID=7892) to work on /home/patricia/Documentos/airflow/airflow_venv/lib/python3.10/site-packages/airflow/example_dags/example_params_trigger_ui.py
[2024-05-11T15:29:32.304-0300] {processor.py:830} INFO - Processing file /home/patricia/Documentos/airflow/airflow_venv/lib/python3.10/site-packages/airflow/example_dags/example_params_trigger_ui.py for tasks to queue
[2024-05-11T15:29:32.308-0300] {logging_mixin.py:188} INFO - [2024-05-11T15:29:32.307-0300] {dagbag.py:545} INFO - Filling up the DagBag from /home/patricia/Documentos/airflow/airflow_venv/lib/python3.10/site-packages/airflow/example_dags/example_params_trigger_ui.py
[2024-05-11T15:29:32.368-0300] {processor.py:840} INFO - DAG(s) 'example_params_trigger_ui' retrieved from /home/patricia/Documentos/airflow/airflow_venv/lib/python3.10/site-packages/airflow/example_dags/example_params_trigger_ui.py
[2024-05-11T15:29:32.555-0300] {logging_mixin.py:188} INFO - [2024-05-11T15:29:32.554-0300] {dag.py:3096} INFO - Sync 1 DAGs
[2024-05-11T15:29:32.598-0300] {logging_mixin.py:188} INFO - [2024-05-11T15:29:32.598-0300] {dag.py:3954} INFO - Setting next_dagrun for example_params_trigger_ui to None, run_after=None
[2024-05-11T15:29:32.644-0300] {processor.py:183} INFO - Processing /home/patricia/Documentos/airflow/airflow_venv/lib/python3.10/site-packages/airflow/example_dags/example_params_trigger_ui.py took 0.359 seconds
[2024-05-11T15:30:21.349-0300] {processor.py:161} INFO - Started process (PID=7997) to work on /home/patricia/Documentos/airflow/airflow_venv/lib/python3.10/site-packages/airflow/example_dags/example_params_trigger_ui.py
[2024-05-11T15:30:21.358-0300] {processor.py:830} INFO - Processing file /home/patricia/Documentos/airflow/airflow_venv/lib/python3.10/site-packages/airflow/example_dags/example_params_trigger_ui.py for tasks to queue
[2024-05-11T15:30:21.360-0300] {logging_mixin.py:188} INFO - [2024-05-11T15:30:21.360-0300] {dagbag.py:545} INFO - Filling up the DagBag from /home/patricia/Documentos/airflow/airflow_venv/lib/python3.10/site-packages/airflow/example_dags/example_params_trigger_ui.py
[2024-05-11T15:30:21.380-0300] {processor.py:840} INFO - DAG(s) 'example_params_trigger_ui' retrieved from /home/patricia/Documentos/airflow/airflow_venv/lib/python3.10/site-packages/airflow/example_dags/example_params_trigger_ui.py
[2024-05-11T15:30:21.446-0300] {logging_mixin.py:188} INFO - [2024-05-11T15:30:21.446-0300] {dag.py:3096} INFO - Sync 1 DAGs
[2024-05-11T15:30:21.459-0300] {logging_mixin.py:188} INFO - [2024-05-11T15:30:21.459-0300] {dag.py:3954} INFO - Setting next_dagrun for example_params_trigger_ui to None, run_after=None
[2024-05-11T15:30:21.496-0300] {processor.py:183} INFO - Processing /home/patricia/Documentos/airflow/airflow_venv/lib/python3.10/site-packages/airflow/example_dags/example_params_trigger_ui.py took 0.154 seconds
[2024-05-11T15:31:05.837-0300] {processor.py:161} INFO - Started process (PID=8122) to work on /home/patricia/Documentos/airflow/airflow_venv/lib/python3.10/site-packages/airflow/example_dags/example_params_trigger_ui.py
[2024-05-11T15:31:05.840-0300] {processor.py:830} INFO - Processing file /home/patricia/Documentos/airflow/airflow_venv/lib/python3.10/site-packages/airflow/example_dags/example_params_trigger_ui.py for tasks to queue
[2024-05-11T15:31:05.843-0300] {logging_mixin.py:188} INFO - [2024-05-11T15:31:05.842-0300] {dagbag.py:545} INFO - Filling up the DagBag from /home/patricia/Documentos/airflow/airflow_venv/lib/python3.10/site-packages/airflow/example_dags/example_params_trigger_ui.py
[2024-05-11T15:31:05.871-0300] {processor.py:840} INFO - DAG(s) 'example_params_trigger_ui' retrieved from /home/patricia/Documentos/airflow/airflow_venv/lib/python3.10/site-packages/airflow/example_dags/example_params_trigger_ui.py
[2024-05-11T15:31:05.919-0300] {logging_mixin.py:188} INFO - [2024-05-11T15:31:05.918-0300] {dag.py:3096} INFO - Sync 1 DAGs
[2024-05-11T15:31:05.932-0300] {logging_mixin.py:188} INFO - [2024-05-11T15:31:05.931-0300] {dag.py:3954} INFO - Setting next_dagrun for example_params_trigger_ui to None, run_after=None
[2024-05-11T15:31:05.966-0300] {processor.py:183} INFO - Processing /home/patricia/Documentos/airflow/airflow_venv/lib/python3.10/site-packages/airflow/example_dags/example_params_trigger_ui.py took 0.140 seconds
[2024-05-11T15:32:10.363-0300] {processor.py:161} INFO - Started process (PID=8352) to work on /home/patricia/Documentos/airflow/airflow_venv/lib/python3.10/site-packages/airflow/example_dags/example_params_trigger_ui.py
[2024-05-11T15:32:10.370-0300] {processor.py:830} INFO - Processing file /home/patricia/Documentos/airflow/airflow_venv/lib/python3.10/site-packages/airflow/example_dags/example_params_trigger_ui.py for tasks to queue
[2024-05-11T15:32:10.373-0300] {logging_mixin.py:188} INFO - [2024-05-11T15:32:10.372-0300] {dagbag.py:545} INFO - Filling up the DagBag from /home/patricia/Documentos/airflow/airflow_venv/lib/python3.10/site-packages/airflow/example_dags/example_params_trigger_ui.py
[2024-05-11T15:32:10.389-0300] {processor.py:840} INFO - DAG(s) 'example_params_trigger_ui' retrieved from /home/patricia/Documentos/airflow/airflow_venv/lib/python3.10/site-packages/airflow/example_dags/example_params_trigger_ui.py
[2024-05-11T15:32:10.434-0300] {logging_mixin.py:188} INFO - [2024-05-11T15:32:10.433-0300] {dag.py:3096} INFO - Sync 1 DAGs
[2024-05-11T15:32:10.447-0300] {logging_mixin.py:188} INFO - [2024-05-11T15:32:10.447-0300] {dag.py:3954} INFO - Setting next_dagrun for example_params_trigger_ui to None, run_after=None
[2024-05-11T15:32:10.490-0300] {processor.py:183} INFO - Processing /home/patricia/Documentos/airflow/airflow_venv/lib/python3.10/site-packages/airflow/example_dags/example_params_trigger_ui.py took 0.133 seconds
[2024-05-11T15:33:15.382-0300] {processor.py:161} INFO - Started process (PID=8666) to work on /home/patricia/Documentos/airflow/airflow_venv/lib/python3.10/site-packages/airflow/example_dags/example_params_trigger_ui.py
[2024-05-11T15:33:15.385-0300] {processor.py:830} INFO - Processing file /home/patricia/Documentos/airflow/airflow_venv/lib/python3.10/site-packages/airflow/example_dags/example_params_trigger_ui.py for tasks to queue
[2024-05-11T15:33:15.387-0300] {logging_mixin.py:188} INFO - [2024-05-11T15:33:15.387-0300] {dagbag.py:545} INFO - Filling up the DagBag from /home/patricia/Documentos/airflow/airflow_venv/lib/python3.10/site-packages/airflow/example_dags/example_params_trigger_ui.py
[2024-05-11T15:33:15.402-0300] {processor.py:840} INFO - DAG(s) 'example_params_trigger_ui' retrieved from /home/patricia/Documentos/airflow/airflow_venv/lib/python3.10/site-packages/airflow/example_dags/example_params_trigger_ui.py
[2024-05-11T15:33:15.448-0300] {logging_mixin.py:188} INFO - [2024-05-11T15:33:15.448-0300] {dag.py:3096} INFO - Sync 1 DAGs
[2024-05-11T15:33:15.460-0300] {logging_mixin.py:188} INFO - [2024-05-11T15:33:15.460-0300] {dag.py:3954} INFO - Setting next_dagrun for example_params_trigger_ui to None, run_after=None
[2024-05-11T15:33:15.492-0300] {processor.py:183} INFO - Processing /home/patricia/Documentos/airflow/airflow_venv/lib/python3.10/site-packages/airflow/example_dags/example_params_trigger_ui.py took 0.116 seconds
[2024-05-11T15:34:30.042-0300] {processor.py:161} INFO - Started process (PID=9310) to work on /home/patricia/Documentos/airflow/airflow_venv/lib/python3.10/site-packages/airflow/example_dags/example_params_trigger_ui.py
[2024-05-11T15:34:30.045-0300] {processor.py:830} INFO - Processing file /home/patricia/Documentos/airflow/airflow_venv/lib/python3.10/site-packages/airflow/example_dags/example_params_trigger_ui.py for tasks to queue
[2024-05-11T15:34:30.058-0300] {logging_mixin.py:188} INFO - [2024-05-11T15:34:30.056-0300] {dagbag.py:545} INFO - Filling up the DagBag from /home/patricia/Documentos/airflow/airflow_venv/lib/python3.10/site-packages/airflow/example_dags/example_params_trigger_ui.py
[2024-05-11T15:34:30.085-0300] {processor.py:840} INFO - DAG(s) 'example_params_trigger_ui' retrieved from /home/patricia/Documentos/airflow/airflow_venv/lib/python3.10/site-packages/airflow/example_dags/example_params_trigger_ui.py
[2024-05-11T15:34:30.128-0300] {logging_mixin.py:188} INFO - [2024-05-11T15:34:30.128-0300] {dag.py:3096} INFO - Sync 1 DAGs
[2024-05-11T15:34:30.145-0300] {logging_mixin.py:188} INFO - [2024-05-11T15:34:30.144-0300] {dag.py:3954} INFO - Setting next_dagrun for example_params_trigger_ui to None, run_after=None
[2024-05-11T15:34:30.206-0300] {processor.py:183} INFO - Processing /home/patricia/Documentos/airflow/airflow_venv/lib/python3.10/site-packages/airflow/example_dags/example_params_trigger_ui.py took 0.176 seconds
[2024-05-11T15:35:10.413-0300] {processor.py:161} INFO - Started process (PID=9400) to work on /home/patricia/Documentos/airflow/airflow_venv/lib/python3.10/site-packages/airflow/example_dags/example_params_trigger_ui.py
[2024-05-11T15:35:10.422-0300] {processor.py:830} INFO - Processing file /home/patricia/Documentos/airflow/airflow_venv/lib/python3.10/site-packages/airflow/example_dags/example_params_trigger_ui.py for tasks to queue
[2024-05-11T15:35:10.427-0300] {logging_mixin.py:188} INFO - [2024-05-11T15:35:10.426-0300] {dagbag.py:545} INFO - Filling up the DagBag from /home/patricia/Documentos/airflow/airflow_venv/lib/python3.10/site-packages/airflow/example_dags/example_params_trigger_ui.py
[2024-05-11T15:35:10.457-0300] {processor.py:840} INFO - DAG(s) 'example_params_trigger_ui' retrieved from /home/patricia/Documentos/airflow/airflow_venv/lib/python3.10/site-packages/airflow/example_dags/example_params_trigger_ui.py
[2024-05-11T15:35:10.558-0300] {logging_mixin.py:188} INFO - [2024-05-11T15:35:10.558-0300] {dag.py:3096} INFO - Sync 1 DAGs
[2024-05-11T15:35:10.574-0300] {logging_mixin.py:188} INFO - [2024-05-11T15:35:10.574-0300] {dag.py:3954} INFO - Setting next_dagrun for example_params_trigger_ui to None, run_after=None
[2024-05-11T15:35:10.653-0300] {processor.py:183} INFO - Processing /home/patricia/Documentos/airflow/airflow_venv/lib/python3.10/site-packages/airflow/example_dags/example_params_trigger_ui.py took 0.291 seconds
[2024-05-11T15:36:26.329-0300] {processor.py:161} INFO - Started process (PID=9600) to work on /home/patricia/Documentos/airflow/airflow_venv/lib/python3.10/site-packages/airflow/example_dags/example_params_trigger_ui.py
[2024-05-11T15:36:26.333-0300] {processor.py:830} INFO - Processing file /home/patricia/Documentos/airflow/airflow_venv/lib/python3.10/site-packages/airflow/example_dags/example_params_trigger_ui.py for tasks to queue
[2024-05-11T15:36:26.336-0300] {logging_mixin.py:188} INFO - [2024-05-11T15:36:26.335-0300] {dagbag.py:545} INFO - Filling up the DagBag from /home/patricia/Documentos/airflow/airflow_venv/lib/python3.10/site-packages/airflow/example_dags/example_params_trigger_ui.py
[2024-05-11T15:36:26.353-0300] {processor.py:840} INFO - DAG(s) 'example_params_trigger_ui' retrieved from /home/patricia/Documentos/airflow/airflow_venv/lib/python3.10/site-packages/airflow/example_dags/example_params_trigger_ui.py
[2024-05-11T15:36:26.394-0300] {logging_mixin.py:188} INFO - [2024-05-11T15:36:26.394-0300] {dag.py:3096} INFO - Sync 1 DAGs
[2024-05-11T15:36:26.414-0300] {logging_mixin.py:188} INFO - [2024-05-11T15:36:26.413-0300] {dag.py:3954} INFO - Setting next_dagrun for example_params_trigger_ui to None, run_after=None
[2024-05-11T15:36:26.454-0300] {processor.py:183} INFO - Processing /home/patricia/Documentos/airflow/airflow_venv/lib/python3.10/site-packages/airflow/example_dags/example_params_trigger_ui.py took 0.131 seconds
[2024-05-11T15:37:07.418-0300] {processor.py:161} INFO - Started process (PID=9787) to work on /home/patricia/Documentos/airflow/airflow_venv/lib/python3.10/site-packages/airflow/example_dags/example_params_trigger_ui.py
[2024-05-11T15:37:07.422-0300] {processor.py:830} INFO - Processing file /home/patricia/Documentos/airflow/airflow_venv/lib/python3.10/site-packages/airflow/example_dags/example_params_trigger_ui.py for tasks to queue
[2024-05-11T15:37:07.425-0300] {logging_mixin.py:188} INFO - [2024-05-11T15:37:07.424-0300] {dagbag.py:545} INFO - Filling up the DagBag from /home/patricia/Documentos/airflow/airflow_venv/lib/python3.10/site-packages/airflow/example_dags/example_params_trigger_ui.py
[2024-05-11T15:37:07.442-0300] {processor.py:840} INFO - DAG(s) 'example_params_trigger_ui' retrieved from /home/patricia/Documentos/airflow/airflow_venv/lib/python3.10/site-packages/airflow/example_dags/example_params_trigger_ui.py
[2024-05-11T15:37:07.489-0300] {logging_mixin.py:188} INFO - [2024-05-11T15:37:07.488-0300] {dag.py:3096} INFO - Sync 1 DAGs
[2024-05-11T15:37:07.508-0300] {logging_mixin.py:188} INFO - [2024-05-11T15:37:07.507-0300] {dag.py:3954} INFO - Setting next_dagrun for example_params_trigger_ui to None, run_after=None
[2024-05-11T15:37:07.550-0300] {processor.py:183} INFO - Processing /home/patricia/Documentos/airflow/airflow_venv/lib/python3.10/site-packages/airflow/example_dags/example_params_trigger_ui.py took 0.140 seconds
[2024-05-11T15:38:30.015-0300] {processor.py:161} INFO - Started process (PID=9941) to work on /home/patricia/Documentos/airflow/airflow_venv/lib/python3.10/site-packages/airflow/example_dags/example_params_trigger_ui.py
[2024-05-11T15:38:30.017-0300] {processor.py:830} INFO - Processing file /home/patricia/Documentos/airflow/airflow_venv/lib/python3.10/site-packages/airflow/example_dags/example_params_trigger_ui.py for tasks to queue
[2024-05-11T15:38:30.021-0300] {logging_mixin.py:188} INFO - [2024-05-11T15:38:30.020-0300] {dagbag.py:545} INFO - Filling up the DagBag from /home/patricia/Documentos/airflow/airflow_venv/lib/python3.10/site-packages/airflow/example_dags/example_params_trigger_ui.py
[2024-05-11T15:38:30.042-0300] {processor.py:840} INFO - DAG(s) 'example_params_trigger_ui' retrieved from /home/patricia/Documentos/airflow/airflow_venv/lib/python3.10/site-packages/airflow/example_dags/example_params_trigger_ui.py
[2024-05-11T15:38:30.121-0300] {logging_mixin.py:188} INFO - [2024-05-11T15:38:30.120-0300] {dag.py:3096} INFO - Sync 1 DAGs
[2024-05-11T15:38:30.157-0300] {logging_mixin.py:188} INFO - [2024-05-11T15:38:30.157-0300] {dag.py:3954} INFO - Setting next_dagrun for example_params_trigger_ui to None, run_after=None
[2024-05-11T15:38:30.191-0300] {processor.py:183} INFO - Processing /home/patricia/Documentos/airflow/airflow_venv/lib/python3.10/site-packages/airflow/example_dags/example_params_trigger_ui.py took 0.188 seconds
[2024-05-11T15:39:28.526-0300] {processor.py:161} INFO - Started process (PID=10046) to work on /home/patricia/Documentos/airflow/airflow_venv/lib/python3.10/site-packages/airflow/example_dags/example_params_trigger_ui.py
[2024-05-11T15:39:28.529-0300] {processor.py:830} INFO - Processing file /home/patricia/Documentos/airflow/airflow_venv/lib/python3.10/site-packages/airflow/example_dags/example_params_trigger_ui.py for tasks to queue
[2024-05-11T15:39:28.533-0300] {logging_mixin.py:188} INFO - [2024-05-11T15:39:28.532-0300] {dagbag.py:545} INFO - Filling up the DagBag from /home/patricia/Documentos/airflow/airflow_venv/lib/python3.10/site-packages/airflow/example_dags/example_params_trigger_ui.py
[2024-05-11T15:39:28.555-0300] {processor.py:840} INFO - DAG(s) 'example_params_trigger_ui' retrieved from /home/patricia/Documentos/airflow/airflow_venv/lib/python3.10/site-packages/airflow/example_dags/example_params_trigger_ui.py
[2024-05-11T15:39:28.657-0300] {logging_mixin.py:188} INFO - [2024-05-11T15:39:28.657-0300] {dag.py:3096} INFO - Sync 1 DAGs
[2024-05-11T15:39:28.681-0300] {logging_mixin.py:188} INFO - [2024-05-11T15:39:28.680-0300] {dag.py:3954} INFO - Setting next_dagrun for example_params_trigger_ui to None, run_after=None
[2024-05-11T15:39:28.726-0300] {processor.py:183} INFO - Processing /home/patricia/Documentos/airflow/airflow_venv/lib/python3.10/site-packages/airflow/example_dags/example_params_trigger_ui.py took 0.211 seconds
[2024-05-11T15:40:46.688-0300] {processor.py:161} INFO - Started process (PID=10597) to work on /home/patricia/Documentos/airflow/airflow_venv/lib/python3.10/site-packages/airflow/example_dags/example_params_trigger_ui.py
[2024-05-11T15:40:46.720-0300] {processor.py:830} INFO - Processing file /home/patricia/Documentos/airflow/airflow_venv/lib/python3.10/site-packages/airflow/example_dags/example_params_trigger_ui.py for tasks to queue
[2024-05-11T15:40:46.736-0300] {logging_mixin.py:188} INFO - [2024-05-11T15:40:46.735-0300] {dagbag.py:545} INFO - Filling up the DagBag from /home/patricia/Documentos/airflow/airflow_venv/lib/python3.10/site-packages/airflow/example_dags/example_params_trigger_ui.py
[2024-05-11T15:40:46.788-0300] {processor.py:840} INFO - DAG(s) 'example_params_trigger_ui' retrieved from /home/patricia/Documentos/airflow/airflow_venv/lib/python3.10/site-packages/airflow/example_dags/example_params_trigger_ui.py
[2024-05-11T15:40:46.930-0300] {logging_mixin.py:188} INFO - [2024-05-11T15:40:46.907-0300] {dag.py:3096} INFO - Sync 1 DAGs
[2024-05-11T15:40:46.988-0300] {logging_mixin.py:188} INFO - [2024-05-11T15:40:46.988-0300] {dag.py:3954} INFO - Setting next_dagrun for example_params_trigger_ui to None, run_after=None
[2024-05-11T15:40:47.096-0300] {processor.py:183} INFO - Processing /home/patricia/Documentos/airflow/airflow_venv/lib/python3.10/site-packages/airflow/example_dags/example_params_trigger_ui.py took 0.416 seconds
[2024-05-11T16:28:00.657-0300] {processor.py:161} INFO - Started process (PID=10945) to work on /home/patricia/Documentos/airflow/airflow_venv/lib/python3.10/site-packages/airflow/example_dags/example_params_trigger_ui.py
[2024-05-11T16:28:00.664-0300] {processor.py:830} INFO - Processing file /home/patricia/Documentos/airflow/airflow_venv/lib/python3.10/site-packages/airflow/example_dags/example_params_trigger_ui.py for tasks to queue
[2024-05-11T16:28:00.672-0300] {logging_mixin.py:188} INFO - [2024-05-11T16:28:00.670-0300] {dagbag.py:545} INFO - Filling up the DagBag from /home/patricia/Documentos/airflow/airflow_venv/lib/python3.10/site-packages/airflow/example_dags/example_params_trigger_ui.py
[2024-05-11T16:28:00.708-0300] {processor.py:840} INFO - DAG(s) 'example_params_trigger_ui' retrieved from /home/patricia/Documentos/airflow/airflow_venv/lib/python3.10/site-packages/airflow/example_dags/example_params_trigger_ui.py
[2024-05-11T16:28:00.726-0300] {logging_mixin.py:188} INFO - [2024-05-11T16:28:00.726-0300] {dag.py:3096} INFO - Sync 1 DAGs
[2024-05-11T16:28:00.757-0300] {logging_mixin.py:188} INFO - [2024-05-11T16:28:00.756-0300] {dag.py:3954} INFO - Setting next_dagrun for example_params_trigger_ui to None, run_after=None
[2024-05-11T16:28:00.821-0300] {processor.py:183} INFO - Processing /home/patricia/Documentos/airflow/airflow_venv/lib/python3.10/site-packages/airflow/example_dags/example_params_trigger_ui.py took 0.193 seconds
[2024-05-11T16:30:11.523-0300] {processor.py:161} INFO - Started process (PID=11213) to work on /home/patricia/Documentos/airflow/airflow_venv/lib/python3.10/site-packages/airflow/example_dags/example_params_trigger_ui.py
[2024-05-11T16:30:11.529-0300] {processor.py:830} INFO - Processing file /home/patricia/Documentos/airflow/airflow_venv/lib/python3.10/site-packages/airflow/example_dags/example_params_trigger_ui.py for tasks to queue
[2024-05-11T16:30:11.533-0300] {logging_mixin.py:188} INFO - [2024-05-11T16:30:11.532-0300] {dagbag.py:545} INFO - Filling up the DagBag from /home/patricia/Documentos/airflow/airflow_venv/lib/python3.10/site-packages/airflow/example_dags/example_params_trigger_ui.py
[2024-05-11T16:30:11.561-0300] {processor.py:840} INFO - DAG(s) 'example_params_trigger_ui' retrieved from /home/patricia/Documentos/airflow/airflow_venv/lib/python3.10/site-packages/airflow/example_dags/example_params_trigger_ui.py
[2024-05-11T16:30:12.242-0300] {logging_mixin.py:188} INFO - [2024-05-11T16:30:12.241-0300] {dag.py:3096} INFO - Sync 1 DAGs
[2024-05-11T16:30:12.262-0300] {logging_mixin.py:188} INFO - [2024-05-11T16:30:12.261-0300] {dag.py:3954} INFO - Setting next_dagrun for example_params_trigger_ui to None, run_after=None
[2024-05-11T16:30:12.437-0300] {processor.py:183} INFO - Processing /home/patricia/Documentos/airflow/airflow_venv/lib/python3.10/site-packages/airflow/example_dags/example_params_trigger_ui.py took 0.931 seconds
[2024-05-11T16:31:32.714-0300] {processor.py:161} INFO - Started process (PID=11369) to work on /home/patricia/Documentos/airflow/airflow_venv/lib/python3.10/site-packages/airflow/example_dags/example_params_trigger_ui.py
[2024-05-11T16:31:32.718-0300] {processor.py:830} INFO - Processing file /home/patricia/Documentos/airflow/airflow_venv/lib/python3.10/site-packages/airflow/example_dags/example_params_trigger_ui.py for tasks to queue
[2024-05-11T16:31:32.723-0300] {logging_mixin.py:188} INFO - [2024-05-11T16:31:32.722-0300] {dagbag.py:545} INFO - Filling up the DagBag from /home/patricia/Documentos/airflow/airflow_venv/lib/python3.10/site-packages/airflow/example_dags/example_params_trigger_ui.py
[2024-05-11T16:31:32.755-0300] {processor.py:840} INFO - DAG(s) 'example_params_trigger_ui' retrieved from /home/patricia/Documentos/airflow/airflow_venv/lib/python3.10/site-packages/airflow/example_dags/example_params_trigger_ui.py
[2024-05-11T16:31:32.893-0300] {logging_mixin.py:188} INFO - [2024-05-11T16:31:32.891-0300] {dag.py:3096} INFO - Sync 1 DAGs
[2024-05-11T16:31:33.223-0300] {logging_mixin.py:188} INFO - [2024-05-11T16:31:33.223-0300] {dag.py:3954} INFO - Setting next_dagrun for example_params_trigger_ui to None, run_after=None
[2024-05-11T16:31:33.291-0300] {processor.py:183} INFO - Processing /home/patricia/Documentos/airflow/airflow_venv/lib/python3.10/site-packages/airflow/example_dags/example_params_trigger_ui.py took 0.592 seconds
[2024-05-11T16:32:36.953-0300] {processor.py:161} INFO - Started process (PID=11471) to work on /home/patricia/Documentos/airflow/airflow_venv/lib/python3.10/site-packages/airflow/example_dags/example_params_trigger_ui.py
[2024-05-11T16:32:36.962-0300] {processor.py:830} INFO - Processing file /home/patricia/Documentos/airflow/airflow_venv/lib/python3.10/site-packages/airflow/example_dags/example_params_trigger_ui.py for tasks to queue
[2024-05-11T16:32:36.968-0300] {logging_mixin.py:188} INFO - [2024-05-11T16:32:36.967-0300] {dagbag.py:545} INFO - Filling up the DagBag from /home/patricia/Documentos/airflow/airflow_venv/lib/python3.10/site-packages/airflow/example_dags/example_params_trigger_ui.py
[2024-05-11T16:32:37.284-0300] {processor.py:840} INFO - DAG(s) 'example_params_trigger_ui' retrieved from /home/patricia/Documentos/airflow/airflow_venv/lib/python3.10/site-packages/airflow/example_dags/example_params_trigger_ui.py
[2024-05-11T16:32:37.408-0300] {logging_mixin.py:188} INFO - [2024-05-11T16:32:37.407-0300] {dag.py:3096} INFO - Sync 1 DAGs
[2024-05-11T16:32:37.469-0300] {logging_mixin.py:188} INFO - [2024-05-11T16:32:37.468-0300] {dag.py:3954} INFO - Setting next_dagrun for example_params_trigger_ui to None, run_after=None
[2024-05-11T16:32:37.614-0300] {processor.py:183} INFO - Processing /home/patricia/Documentos/airflow/airflow_venv/lib/python3.10/site-packages/airflow/example_dags/example_params_trigger_ui.py took 0.691 seconds
[2024-05-11T16:33:33.553-0300] {processor.py:161} INFO - Started process (PID=11621) to work on /home/patricia/Documentos/airflow/airflow_venv/lib/python3.10/site-packages/airflow/example_dags/example_params_trigger_ui.py
[2024-05-11T16:33:33.560-0300] {processor.py:830} INFO - Processing file /home/patricia/Documentos/airflow/airflow_venv/lib/python3.10/site-packages/airflow/example_dags/example_params_trigger_ui.py for tasks to queue
[2024-05-11T16:33:33.571-0300] {logging_mixin.py:188} INFO - [2024-05-11T16:33:33.570-0300] {dagbag.py:545} INFO - Filling up the DagBag from /home/patricia/Documentos/airflow/airflow_venv/lib/python3.10/site-packages/airflow/example_dags/example_params_trigger_ui.py
[2024-05-11T16:33:33.649-0300] {processor.py:840} INFO - DAG(s) 'example_params_trigger_ui' retrieved from /home/patricia/Documentos/airflow/airflow_venv/lib/python3.10/site-packages/airflow/example_dags/example_params_trigger_ui.py
[2024-05-11T16:33:33.758-0300] {logging_mixin.py:188} INFO - [2024-05-11T16:33:33.758-0300] {dag.py:3096} INFO - Sync 1 DAGs
[2024-05-11T16:33:33.787-0300] {logging_mixin.py:188} INFO - [2024-05-11T16:33:33.786-0300] {dag.py:3954} INFO - Setting next_dagrun for example_params_trigger_ui to None, run_after=None
[2024-05-11T16:33:33.851-0300] {processor.py:183} INFO - Processing /home/patricia/Documentos/airflow/airflow_venv/lib/python3.10/site-packages/airflow/example_dags/example_params_trigger_ui.py took 0.332 seconds
[2024-05-11T16:34:25.248-0300] {processor.py:161} INFO - Started process (PID=11718) to work on /home/patricia/Documentos/airflow/airflow_venv/lib/python3.10/site-packages/airflow/example_dags/example_params_trigger_ui.py
[2024-05-11T16:34:25.278-0300] {processor.py:830} INFO - Processing file /home/patricia/Documentos/airflow/airflow_venv/lib/python3.10/site-packages/airflow/example_dags/example_params_trigger_ui.py for tasks to queue
[2024-05-11T16:34:25.288-0300] {logging_mixin.py:188} INFO - [2024-05-11T16:34:25.287-0300] {dagbag.py:545} INFO - Filling up the DagBag from /home/patricia/Documentos/airflow/airflow_venv/lib/python3.10/site-packages/airflow/example_dags/example_params_trigger_ui.py
[2024-05-11T16:34:25.342-0300] {processor.py:840} INFO - DAG(s) 'example_params_trigger_ui' retrieved from /home/patricia/Documentos/airflow/airflow_venv/lib/python3.10/site-packages/airflow/example_dags/example_params_trigger_ui.py
[2024-05-11T16:34:25.520-0300] {logging_mixin.py:188} INFO - [2024-05-11T16:34:25.519-0300] {dag.py:3096} INFO - Sync 1 DAGs
[2024-05-11T16:34:25.586-0300] {logging_mixin.py:188} INFO - [2024-05-11T16:34:25.586-0300] {dag.py:3954} INFO - Setting next_dagrun for example_params_trigger_ui to None, run_after=None
[2024-05-11T16:34:25.792-0300] {processor.py:183} INFO - Processing /home/patricia/Documentos/airflow/airflow_venv/lib/python3.10/site-packages/airflow/example_dags/example_params_trigger_ui.py took 0.562 seconds
[2024-05-11T16:35:12.263-0300] {processor.py:161} INFO - Started process (PID=11797) to work on /home/patricia/Documentos/airflow/airflow_venv/lib/python3.10/site-packages/airflow/example_dags/example_params_trigger_ui.py
[2024-05-11T16:35:12.278-0300] {processor.py:830} INFO - Processing file /home/patricia/Documentos/airflow/airflow_venv/lib/python3.10/site-packages/airflow/example_dags/example_params_trigger_ui.py for tasks to queue
[2024-05-11T16:35:12.296-0300] {logging_mixin.py:188} INFO - [2024-05-11T16:35:12.294-0300] {dagbag.py:545} INFO - Filling up the DagBag from /home/patricia/Documentos/airflow/airflow_venv/lib/python3.10/site-packages/airflow/example_dags/example_params_trigger_ui.py
[2024-05-11T16:35:12.385-0300] {processor.py:840} INFO - DAG(s) 'example_params_trigger_ui' retrieved from /home/patricia/Documentos/airflow/airflow_venv/lib/python3.10/site-packages/airflow/example_dags/example_params_trigger_ui.py
[2024-05-11T16:35:12.614-0300] {logging_mixin.py:188} INFO - [2024-05-11T16:35:12.614-0300] {dag.py:3096} INFO - Sync 1 DAGs
[2024-05-11T16:35:12.643-0300] {logging_mixin.py:188} INFO - [2024-05-11T16:35:12.643-0300] {dag.py:3954} INFO - Setting next_dagrun for example_params_trigger_ui to None, run_after=None
[2024-05-11T16:35:12.705-0300] {processor.py:183} INFO - Processing /home/patricia/Documentos/airflow/airflow_venv/lib/python3.10/site-packages/airflow/example_dags/example_params_trigger_ui.py took 0.474 seconds
[2024-05-11T16:36:03.058-0300] {processor.py:161} INFO - Started process (PID=11868) to work on /home/patricia/Documentos/airflow/airflow_venv/lib/python3.10/site-packages/airflow/example_dags/example_params_trigger_ui.py
[2024-05-11T16:36:03.073-0300] {processor.py:830} INFO - Processing file /home/patricia/Documentos/airflow/airflow_venv/lib/python3.10/site-packages/airflow/example_dags/example_params_trigger_ui.py for tasks to queue
[2024-05-11T16:36:03.085-0300] {logging_mixin.py:188} INFO - [2024-05-11T16:36:03.083-0300] {dagbag.py:545} INFO - Filling up the DagBag from /home/patricia/Documentos/airflow/airflow_venv/lib/python3.10/site-packages/airflow/example_dags/example_params_trigger_ui.py
[2024-05-11T16:36:03.134-0300] {processor.py:840} INFO - DAG(s) 'example_params_trigger_ui' retrieved from /home/patricia/Documentos/airflow/airflow_venv/lib/python3.10/site-packages/airflow/example_dags/example_params_trigger_ui.py
[2024-05-11T16:36:03.226-0300] {logging_mixin.py:188} INFO - [2024-05-11T16:36:03.225-0300] {dag.py:3096} INFO - Sync 1 DAGs
[2024-05-11T16:36:03.260-0300] {logging_mixin.py:188} INFO - [2024-05-11T16:36:03.260-0300] {dag.py:3954} INFO - Setting next_dagrun for example_params_trigger_ui to None, run_after=None
[2024-05-11T16:36:03.325-0300] {processor.py:183} INFO - Processing /home/patricia/Documentos/airflow/airflow_venv/lib/python3.10/site-packages/airflow/example_dags/example_params_trigger_ui.py took 0.291 seconds
[2024-05-11T16:36:51.507-0300] {processor.py:161} INFO - Started process (PID=11946) to work on /home/patricia/Documentos/airflow/airflow_venv/lib/python3.10/site-packages/airflow/example_dags/example_params_trigger_ui.py
[2024-05-11T16:36:51.515-0300] {processor.py:830} INFO - Processing file /home/patricia/Documentos/airflow/airflow_venv/lib/python3.10/site-packages/airflow/example_dags/example_params_trigger_ui.py for tasks to queue
[2024-05-11T16:36:51.522-0300] {logging_mixin.py:188} INFO - [2024-05-11T16:36:51.520-0300] {dagbag.py:545} INFO - Filling up the DagBag from /home/patricia/Documentos/airflow/airflow_venv/lib/python3.10/site-packages/airflow/example_dags/example_params_trigger_ui.py
[2024-05-11T16:36:51.556-0300] {processor.py:840} INFO - DAG(s) 'example_params_trigger_ui' retrieved from /home/patricia/Documentos/airflow/airflow_venv/lib/python3.10/site-packages/airflow/example_dags/example_params_trigger_ui.py
[2024-05-11T16:36:51.662-0300] {logging_mixin.py:188} INFO - [2024-05-11T16:36:51.662-0300] {dag.py:3096} INFO - Sync 1 DAGs
[2024-05-11T16:36:51.692-0300] {logging_mixin.py:188} INFO - [2024-05-11T16:36:51.690-0300] {dag.py:3954} INFO - Setting next_dagrun for example_params_trigger_ui to None, run_after=None
[2024-05-11T16:36:51.758-0300] {processor.py:183} INFO - Processing /home/patricia/Documentos/airflow/airflow_venv/lib/python3.10/site-packages/airflow/example_dags/example_params_trigger_ui.py took 0.288 seconds
