[2024-05-11T15:11:21.695-0300] {processor.py:161} INFO - Started process (PID=4498) to work on /home/patricia/Documentos/airflow/airflow_venv/lib/python3.10/site-packages/airflow/example_dags/example_time_delta_sensor_async.py
[2024-05-11T15:11:21.699-0300] {processor.py:830} INFO - Processing file /home/patricia/Documentos/airflow/airflow_venv/lib/python3.10/site-packages/airflow/example_dags/example_time_delta_sensor_async.py for tasks to queue
[2024-05-11T15:11:21.702-0300] {logging_mixin.py:188} INFO - [2024-05-11T15:11:21.702-0300] {dagbag.py:545} INFO - Filling up the DagBag from /home/patricia/Documentos/airflow/airflow_venv/lib/python3.10/site-packages/airflow/example_dags/example_time_delta_sensor_async.py
[2024-05-11T15:11:21.724-0300] {processor.py:840} INFO - DAG(s) 'example_time_delta_sensor_async' retrieved from /home/patricia/Documentos/airflow/airflow_venv/lib/python3.10/site-packages/airflow/example_dags/example_time_delta_sensor_async.py
[2024-05-11T15:11:21.748-0300] {logging_mixin.py:188} INFO - [2024-05-11T15:11:21.747-0300] {dag.py:3096} INFO - Sync 1 DAGs
[2024-05-11T15:11:21.781-0300] {logging_mixin.py:188} INFO - [2024-05-11T15:11:21.781-0300] {dag.py:3954} INFO - Setting next_dagrun for example_time_delta_sensor_async to None, run_after=None
[2024-05-11T15:11:21.914-0300] {processor.py:183} INFO - Processing /home/patricia/Documentos/airflow/airflow_venv/lib/python3.10/site-packages/airflow/example_dags/example_time_delta_sensor_async.py took 0.244 seconds
[2024-05-11T15:13:19.198-0300] {processor.py:161} INFO - Started process (PID=4691) to work on /home/patricia/Documentos/airflow/airflow_venv/lib/python3.10/site-packages/airflow/example_dags/example_time_delta_sensor_async.py
[2024-05-11T15:13:19.368-0300] {processor.py:830} INFO - Processing file /home/patricia/Documentos/airflow/airflow_venv/lib/python3.10/site-packages/airflow/example_dags/example_time_delta_sensor_async.py for tasks to queue
[2024-05-11T15:13:19.392-0300] {logging_mixin.py:188} INFO - [2024-05-11T15:13:19.376-0300] {dagbag.py:545} INFO - Filling up the DagBag from /home/patricia/Documentos/airflow/airflow_venv/lib/python3.10/site-packages/airflow/example_dags/example_time_delta_sensor_async.py
[2024-05-11T15:13:19.464-0300] {processor.py:840} INFO - DAG(s) 'example_time_delta_sensor_async' retrieved from /home/patricia/Documentos/airflow/airflow_venv/lib/python3.10/site-packages/airflow/example_dags/example_time_delta_sensor_async.py
[2024-05-11T15:13:20.380-0300] {logging_mixin.py:188} INFO - [2024-05-11T15:13:20.379-0300] {dag.py:3096} INFO - Sync 1 DAGs
[2024-05-11T15:13:20.405-0300] {logging_mixin.py:188} INFO - [2024-05-11T15:13:20.404-0300] {dag.py:3954} INFO - Setting next_dagrun for example_time_delta_sensor_async to None, run_after=None
[2024-05-11T15:13:21.062-0300] {processor.py:183} INFO - Processing /home/patricia/Documentos/airflow/airflow_venv/lib/python3.10/site-packages/airflow/example_dags/example_time_delta_sensor_async.py took 1.897 seconds
[2024-05-11T15:14:56.630-0300] {processor.py:161} INFO - Started process (PID=4934) to work on /home/patricia/Documentos/airflow/airflow_venv/lib/python3.10/site-packages/airflow/example_dags/example_time_delta_sensor_async.py
[2024-05-11T15:14:56.639-0300] {processor.py:830} INFO - Processing file /home/patricia/Documentos/airflow/airflow_venv/lib/python3.10/site-packages/airflow/example_dags/example_time_delta_sensor_async.py for tasks to queue
[2024-05-11T15:14:56.642-0300] {logging_mixin.py:188} INFO - [2024-05-11T15:14:56.641-0300] {dagbag.py:545} INFO - Filling up the DagBag from /home/patricia/Documentos/airflow/airflow_venv/lib/python3.10/site-packages/airflow/example_dags/example_time_delta_sensor_async.py
[2024-05-11T15:14:56.657-0300] {processor.py:840} INFO - DAG(s) 'example_time_delta_sensor_async' retrieved from /home/patricia/Documentos/airflow/airflow_venv/lib/python3.10/site-packages/airflow/example_dags/example_time_delta_sensor_async.py
[2024-05-11T15:14:56.846-0300] {logging_mixin.py:188} INFO - [2024-05-11T15:14:56.846-0300] {dag.py:3096} INFO - Sync 1 DAGs
[2024-05-11T15:14:56.860-0300] {logging_mixin.py:188} INFO - [2024-05-11T15:14:56.860-0300] {dag.py:3954} INFO - Setting next_dagrun for example_time_delta_sensor_async to None, run_after=None
[2024-05-11T15:14:56.930-0300] {processor.py:183} INFO - Processing /home/patricia/Documentos/airflow/airflow_venv/lib/python3.10/site-packages/airflow/example_dags/example_time_delta_sensor_async.py took 0.314 seconds
[2024-05-11T15:16:04.521-0300] {processor.py:161} INFO - Started process (PID=5084) to work on /home/patricia/Documentos/airflow/airflow_venv/lib/python3.10/site-packages/airflow/example_dags/example_time_delta_sensor_async.py
[2024-05-11T15:16:04.523-0300] {processor.py:830} INFO - Processing file /home/patricia/Documentos/airflow/airflow_venv/lib/python3.10/site-packages/airflow/example_dags/example_time_delta_sensor_async.py for tasks to queue
[2024-05-11T15:16:04.526-0300] {logging_mixin.py:188} INFO - [2024-05-11T15:16:04.525-0300] {dagbag.py:545} INFO - Filling up the DagBag from /home/patricia/Documentos/airflow/airflow_venv/lib/python3.10/site-packages/airflow/example_dags/example_time_delta_sensor_async.py
[2024-05-11T15:16:04.533-0300] {processor.py:840} INFO - DAG(s) 'example_time_delta_sensor_async' retrieved from /home/patricia/Documentos/airflow/airflow_venv/lib/python3.10/site-packages/airflow/example_dags/example_time_delta_sensor_async.py
[2024-05-11T15:16:04.553-0300] {logging_mixin.py:188} INFO - [2024-05-11T15:16:04.553-0300] {dag.py:3096} INFO - Sync 1 DAGs
[2024-05-11T15:16:04.567-0300] {logging_mixin.py:188} INFO - [2024-05-11T15:16:04.567-0300] {dag.py:3954} INFO - Setting next_dagrun for example_time_delta_sensor_async to None, run_after=None
[2024-05-11T15:16:04.601-0300] {processor.py:183} INFO - Processing /home/patricia/Documentos/airflow/airflow_venv/lib/python3.10/site-packages/airflow/example_dags/example_time_delta_sensor_async.py took 0.089 seconds
[2024-05-11T15:17:05.269-0300] {processor.py:161} INFO - Started process (PID=5211) to work on /home/patricia/Documentos/airflow/airflow_venv/lib/python3.10/site-packages/airflow/example_dags/example_time_delta_sensor_async.py
[2024-05-11T15:17:05.277-0300] {processor.py:830} INFO - Processing file /home/patricia/Documentos/airflow/airflow_venv/lib/python3.10/site-packages/airflow/example_dags/example_time_delta_sensor_async.py for tasks to queue
[2024-05-11T15:17:05.279-0300] {logging_mixin.py:188} INFO - [2024-05-11T15:17:05.279-0300] {dagbag.py:545} INFO - Filling up the DagBag from /home/patricia/Documentos/airflow/airflow_venv/lib/python3.10/site-packages/airflow/example_dags/example_time_delta_sensor_async.py
[2024-05-11T15:17:05.285-0300] {processor.py:840} INFO - DAG(s) 'example_time_delta_sensor_async' retrieved from /home/patricia/Documentos/airflow/airflow_venv/lib/python3.10/site-packages/airflow/example_dags/example_time_delta_sensor_async.py
[2024-05-11T15:17:05.323-0300] {logging_mixin.py:188} INFO - [2024-05-11T15:17:05.322-0300] {dag.py:3096} INFO - Sync 1 DAGs
[2024-05-11T15:17:05.352-0300] {logging_mixin.py:188} INFO - [2024-05-11T15:17:05.352-0300] {dag.py:3954} INFO - Setting next_dagrun for example_time_delta_sensor_async to None, run_after=None
[2024-05-11T15:17:05.447-0300] {processor.py:183} INFO - Processing /home/patricia/Documentos/airflow/airflow_venv/lib/python3.10/site-packages/airflow/example_dags/example_time_delta_sensor_async.py took 0.192 seconds
[2024-05-11T15:18:12.341-0300] {processor.py:161} INFO - Started process (PID=5412) to work on /home/patricia/Documentos/airflow/airflow_venv/lib/python3.10/site-packages/airflow/example_dags/example_time_delta_sensor_async.py
[2024-05-11T15:18:12.344-0300] {processor.py:830} INFO - Processing file /home/patricia/Documentos/airflow/airflow_venv/lib/python3.10/site-packages/airflow/example_dags/example_time_delta_sensor_async.py for tasks to queue
[2024-05-11T15:18:12.347-0300] {logging_mixin.py:188} INFO - [2024-05-11T15:18:12.347-0300] {dagbag.py:545} INFO - Filling up the DagBag from /home/patricia/Documentos/airflow/airflow_venv/lib/python3.10/site-packages/airflow/example_dags/example_time_delta_sensor_async.py
[2024-05-11T15:18:12.359-0300] {processor.py:840} INFO - DAG(s) 'example_time_delta_sensor_async' retrieved from /home/patricia/Documentos/airflow/airflow_venv/lib/python3.10/site-packages/airflow/example_dags/example_time_delta_sensor_async.py
[2024-05-11T15:18:12.385-0300] {logging_mixin.py:188} INFO - [2024-05-11T15:18:12.385-0300] {dag.py:3096} INFO - Sync 1 DAGs
[2024-05-11T15:18:12.399-0300] {logging_mixin.py:188} INFO - [2024-05-11T15:18:12.398-0300] {dag.py:3954} INFO - Setting next_dagrun for example_time_delta_sensor_async to None, run_after=None
[2024-05-11T15:18:12.441-0300] {processor.py:183} INFO - Processing /home/patricia/Documentos/airflow/airflow_venv/lib/python3.10/site-packages/airflow/example_dags/example_time_delta_sensor_async.py took 0.109 seconds
[2024-05-11T15:19:20.180-0300] {processor.py:161} INFO - Started process (PID=5967) to work on /home/patricia/Documentos/airflow/airflow_venv/lib/python3.10/site-packages/airflow/example_dags/example_time_delta_sensor_async.py
[2024-05-11T15:19:20.186-0300] {processor.py:830} INFO - Processing file /home/patricia/Documentos/airflow/airflow_venv/lib/python3.10/site-packages/airflow/example_dags/example_time_delta_sensor_async.py for tasks to queue
[2024-05-11T15:19:20.194-0300] {logging_mixin.py:188} INFO - [2024-05-11T15:19:20.192-0300] {dagbag.py:545} INFO - Filling up the DagBag from /home/patricia/Documentos/airflow/airflow_venv/lib/python3.10/site-packages/airflow/example_dags/example_time_delta_sensor_async.py
[2024-05-11T15:19:20.208-0300] {processor.py:840} INFO - DAG(s) 'example_time_delta_sensor_async' retrieved from /home/patricia/Documentos/airflow/airflow_venv/lib/python3.10/site-packages/airflow/example_dags/example_time_delta_sensor_async.py
[2024-05-11T15:19:20.250-0300] {logging_mixin.py:188} INFO - [2024-05-11T15:19:20.249-0300] {dag.py:3096} INFO - Sync 1 DAGs
[2024-05-11T15:19:20.281-0300] {logging_mixin.py:188} INFO - [2024-05-11T15:19:20.281-0300] {dag.py:3954} INFO - Setting next_dagrun for example_time_delta_sensor_async to None, run_after=None
[2024-05-11T15:19:20.386-0300] {processor.py:183} INFO - Processing /home/patricia/Documentos/airflow/airflow_venv/lib/python3.10/site-packages/airflow/example_dags/example_time_delta_sensor_async.py took 0.293 seconds
[2024-05-11T15:20:35.462-0300] {processor.py:161} INFO - Started process (PID=6125) to work on /home/patricia/Documentos/airflow/airflow_venv/lib/python3.10/site-packages/airflow/example_dags/example_time_delta_sensor_async.py
[2024-05-11T15:20:35.643-0300] {processor.py:830} INFO - Processing file /home/patricia/Documentos/airflow/airflow_venv/lib/python3.10/site-packages/airflow/example_dags/example_time_delta_sensor_async.py for tasks to queue
[2024-05-11T15:20:35.653-0300] {logging_mixin.py:188} INFO - [2024-05-11T15:20:35.652-0300] {dagbag.py:545} INFO - Filling up the DagBag from /home/patricia/Documentos/airflow/airflow_venv/lib/python3.10/site-packages/airflow/example_dags/example_time_delta_sensor_async.py
[2024-05-11T15:20:35.668-0300] {processor.py:840} INFO - DAG(s) 'example_time_delta_sensor_async' retrieved from /home/patricia/Documentos/airflow/airflow_venv/lib/python3.10/site-packages/airflow/example_dags/example_time_delta_sensor_async.py
[2024-05-11T15:20:35.799-0300] {logging_mixin.py:188} INFO - [2024-05-11T15:20:35.799-0300] {dag.py:3096} INFO - Sync 1 DAGs
[2024-05-11T15:20:35.835-0300] {logging_mixin.py:188} INFO - [2024-05-11T15:20:35.835-0300] {dag.py:3954} INFO - Setting next_dagrun for example_time_delta_sensor_async to None, run_after=None
[2024-05-11T15:20:36.780-0300] {processor.py:183} INFO - Processing /home/patricia/Documentos/airflow/airflow_venv/lib/python3.10/site-packages/airflow/example_dags/example_time_delta_sensor_async.py took 1.332 seconds
[2024-05-11T15:21:47.407-0300] {processor.py:161} INFO - Started process (PID=6236) to work on /home/patricia/Documentos/airflow/airflow_venv/lib/python3.10/site-packages/airflow/example_dags/example_time_delta_sensor_async.py
[2024-05-11T15:21:47.409-0300] {processor.py:830} INFO - Processing file /home/patricia/Documentos/airflow/airflow_venv/lib/python3.10/site-packages/airflow/example_dags/example_time_delta_sensor_async.py for tasks to queue
[2024-05-11T15:21:47.412-0300] {logging_mixin.py:188} INFO - [2024-05-11T15:21:47.411-0300] {dagbag.py:545} INFO - Filling up the DagBag from /home/patricia/Documentos/airflow/airflow_venv/lib/python3.10/site-packages/airflow/example_dags/example_time_delta_sensor_async.py
[2024-05-11T15:21:47.419-0300] {processor.py:840} INFO - DAG(s) 'example_time_delta_sensor_async' retrieved from /home/patricia/Documentos/airflow/airflow_venv/lib/python3.10/site-packages/airflow/example_dags/example_time_delta_sensor_async.py
[2024-05-11T15:21:47.440-0300] {logging_mixin.py:188} INFO - [2024-05-11T15:21:47.439-0300] {dag.py:3096} INFO - Sync 1 DAGs
[2024-05-11T15:21:47.454-0300] {logging_mixin.py:188} INFO - [2024-05-11T15:21:47.454-0300] {dag.py:3954} INFO - Setting next_dagrun for example_time_delta_sensor_async to None, run_after=None
[2024-05-11T15:21:47.496-0300] {processor.py:183} INFO - Processing /home/patricia/Documentos/airflow/airflow_venv/lib/python3.10/site-packages/airflow/example_dags/example_time_delta_sensor_async.py took 0.097 seconds
[2024-05-11T15:22:55.106-0300] {processor.py:161} INFO - Started process (PID=6380) to work on /home/patricia/Documentos/airflow/airflow_venv/lib/python3.10/site-packages/airflow/example_dags/example_time_delta_sensor_async.py
[2024-05-11T15:22:55.109-0300] {processor.py:830} INFO - Processing file /home/patricia/Documentos/airflow/airflow_venv/lib/python3.10/site-packages/airflow/example_dags/example_time_delta_sensor_async.py for tasks to queue
[2024-05-11T15:22:55.111-0300] {logging_mixin.py:188} INFO - [2024-05-11T15:22:55.111-0300] {dagbag.py:545} INFO - Filling up the DagBag from /home/patricia/Documentos/airflow/airflow_venv/lib/python3.10/site-packages/airflow/example_dags/example_time_delta_sensor_async.py
[2024-05-11T15:22:55.117-0300] {processor.py:840} INFO - DAG(s) 'example_time_delta_sensor_async' retrieved from /home/patricia/Documentos/airflow/airflow_venv/lib/python3.10/site-packages/airflow/example_dags/example_time_delta_sensor_async.py
[2024-05-11T15:22:55.135-0300] {logging_mixin.py:188} INFO - [2024-05-11T15:22:55.135-0300] {dag.py:3096} INFO - Sync 1 DAGs
[2024-05-11T15:22:55.148-0300] {logging_mixin.py:188} INFO - [2024-05-11T15:22:55.147-0300] {dag.py:3954} INFO - Setting next_dagrun for example_time_delta_sensor_async to None, run_after=None
[2024-05-11T15:22:55.185-0300] {processor.py:183} INFO - Processing /home/patricia/Documentos/airflow/airflow_venv/lib/python3.10/site-packages/airflow/example_dags/example_time_delta_sensor_async.py took 0.087 seconds
[2024-05-11T15:23:56.073-0300] {processor.py:161} INFO - Started process (PID=6502) to work on /home/patricia/Documentos/airflow/airflow_venv/lib/python3.10/site-packages/airflow/example_dags/example_time_delta_sensor_async.py
[2024-05-11T15:23:56.079-0300] {processor.py:830} INFO - Processing file /home/patricia/Documentos/airflow/airflow_venv/lib/python3.10/site-packages/airflow/example_dags/example_time_delta_sensor_async.py for tasks to queue
[2024-05-11T15:23:56.085-0300] {logging_mixin.py:188} INFO - [2024-05-11T15:23:56.083-0300] {dagbag.py:545} INFO - Filling up the DagBag from /home/patricia/Documentos/airflow/airflow_venv/lib/python3.10/site-packages/airflow/example_dags/example_time_delta_sensor_async.py
[2024-05-11T15:23:56.105-0300] {processor.py:840} INFO - DAG(s) 'example_time_delta_sensor_async' retrieved from /home/patricia/Documentos/airflow/airflow_venv/lib/python3.10/site-packages/airflow/example_dags/example_time_delta_sensor_async.py
[2024-05-11T15:23:56.160-0300] {logging_mixin.py:188} INFO - [2024-05-11T15:23:56.159-0300] {dag.py:3096} INFO - Sync 1 DAGs
[2024-05-11T15:23:56.196-0300] {logging_mixin.py:188} INFO - [2024-05-11T15:23:56.195-0300] {dag.py:3954} INFO - Setting next_dagrun for example_time_delta_sensor_async to None, run_after=None
[2024-05-11T15:23:56.276-0300] {processor.py:183} INFO - Processing /home/patricia/Documentos/airflow/airflow_venv/lib/python3.10/site-packages/airflow/example_dags/example_time_delta_sensor_async.py took 0.223 seconds
[2024-05-11T15:24:53.954-0300] {processor.py:161} INFO - Started process (PID=6614) to work on /home/patricia/Documentos/airflow/airflow_venv/lib/python3.10/site-packages/airflow/example_dags/example_time_delta_sensor_async.py
[2024-05-11T15:24:53.960-0300] {processor.py:830} INFO - Processing file /home/patricia/Documentos/airflow/airflow_venv/lib/python3.10/site-packages/airflow/example_dags/example_time_delta_sensor_async.py for tasks to queue
[2024-05-11T15:24:53.963-0300] {logging_mixin.py:188} INFO - [2024-05-11T15:24:53.963-0300] {dagbag.py:545} INFO - Filling up the DagBag from /home/patricia/Documentos/airflow/airflow_venv/lib/python3.10/site-packages/airflow/example_dags/example_time_delta_sensor_async.py
[2024-05-11T15:24:53.988-0300] {processor.py:840} INFO - DAG(s) 'example_time_delta_sensor_async' retrieved from /home/patricia/Documentos/airflow/airflow_venv/lib/python3.10/site-packages/airflow/example_dags/example_time_delta_sensor_async.py
[2024-05-11T15:24:54.015-0300] {logging_mixin.py:188} INFO - [2024-05-11T15:24:54.015-0300] {dag.py:3096} INFO - Sync 1 DAGs
[2024-05-11T15:24:54.038-0300] {logging_mixin.py:188} INFO - [2024-05-11T15:24:54.036-0300] {dag.py:3954} INFO - Setting next_dagrun for example_time_delta_sensor_async to None, run_after=None
[2024-05-11T15:24:54.123-0300] {processor.py:183} INFO - Processing /home/patricia/Documentos/airflow/airflow_venv/lib/python3.10/site-packages/airflow/example_dags/example_time_delta_sensor_async.py took 0.180 seconds
[2024-05-11T15:26:26.373-0300] {processor.py:161} INFO - Started process (PID=7510) to work on /home/patricia/Documentos/airflow/airflow_venv/lib/python3.10/site-packages/airflow/example_dags/example_time_delta_sensor_async.py
[2024-05-11T15:26:26.376-0300] {processor.py:830} INFO - Processing file /home/patricia/Documentos/airflow/airflow_venv/lib/python3.10/site-packages/airflow/example_dags/example_time_delta_sensor_async.py for tasks to queue
[2024-05-11T15:26:26.379-0300] {logging_mixin.py:188} INFO - [2024-05-11T15:26:26.378-0300] {dagbag.py:545} INFO - Filling up the DagBag from /home/patricia/Documentos/airflow/airflow_venv/lib/python3.10/site-packages/airflow/example_dags/example_time_delta_sensor_async.py
[2024-05-11T15:26:26.388-0300] {processor.py:840} INFO - DAG(s) 'example_time_delta_sensor_async' retrieved from /home/patricia/Documentos/airflow/airflow_venv/lib/python3.10/site-packages/airflow/example_dags/example_time_delta_sensor_async.py
[2024-05-11T15:26:26.553-0300] {logging_mixin.py:188} INFO - [2024-05-11T15:26:26.553-0300] {dag.py:3096} INFO - Sync 1 DAGs
[2024-05-11T15:26:26.582-0300] {logging_mixin.py:188} INFO - [2024-05-11T15:26:26.582-0300] {dag.py:3954} INFO - Setting next_dagrun for example_time_delta_sensor_async to None, run_after=None
[2024-05-11T15:26:26.637-0300] {processor.py:183} INFO - Processing /home/patricia/Documentos/airflow/airflow_venv/lib/python3.10/site-packages/airflow/example_dags/example_time_delta_sensor_async.py took 0.278 seconds
[2024-05-11T15:27:48.740-0300] {processor.py:161} INFO - Started process (PID=7685) to work on /home/patricia/Documentos/airflow/airflow_venv/lib/python3.10/site-packages/airflow/example_dags/example_time_delta_sensor_async.py
[2024-05-11T15:27:48.770-0300] {processor.py:830} INFO - Processing file /home/patricia/Documentos/airflow/airflow_venv/lib/python3.10/site-packages/airflow/example_dags/example_time_delta_sensor_async.py for tasks to queue
[2024-05-11T15:27:48.776-0300] {logging_mixin.py:188} INFO - [2024-05-11T15:27:48.775-0300] {dagbag.py:545} INFO - Filling up the DagBag from /home/patricia/Documentos/airflow/airflow_venv/lib/python3.10/site-packages/airflow/example_dags/example_time_delta_sensor_async.py
[2024-05-11T15:27:48.786-0300] {processor.py:840} INFO - DAG(s) 'example_time_delta_sensor_async' retrieved from /home/patricia/Documentos/airflow/airflow_venv/lib/python3.10/site-packages/airflow/example_dags/example_time_delta_sensor_async.py
[2024-05-11T15:27:48.813-0300] {logging_mixin.py:188} INFO - [2024-05-11T15:27:48.813-0300] {dag.py:3096} INFO - Sync 1 DAGs
[2024-05-11T15:27:48.834-0300] {logging_mixin.py:188} INFO - [2024-05-11T15:27:48.834-0300] {dag.py:3954} INFO - Setting next_dagrun for example_time_delta_sensor_async to None, run_after=None
[2024-05-11T15:27:48.944-0300] {processor.py:183} INFO - Processing /home/patricia/Documentos/airflow/airflow_venv/lib/python3.10/site-packages/airflow/example_dags/example_time_delta_sensor_async.py took 0.234 seconds
[2024-05-11T15:29:03.402-0300] {processor.py:161} INFO - Started process (PID=7831) to work on /home/patricia/Documentos/airflow/airflow_venv/lib/python3.10/site-packages/airflow/example_dags/example_time_delta_sensor_async.py
[2024-05-11T15:29:03.406-0300] {processor.py:830} INFO - Processing file /home/patricia/Documentos/airflow/airflow_venv/lib/python3.10/site-packages/airflow/example_dags/example_time_delta_sensor_async.py for tasks to queue
[2024-05-11T15:29:03.411-0300] {logging_mixin.py:188} INFO - [2024-05-11T15:29:03.410-0300] {dagbag.py:545} INFO - Filling up the DagBag from /home/patricia/Documentos/airflow/airflow_venv/lib/python3.10/site-packages/airflow/example_dags/example_time_delta_sensor_async.py
[2024-05-11T15:29:03.424-0300] {processor.py:840} INFO - DAG(s) 'example_time_delta_sensor_async' retrieved from /home/patricia/Documentos/airflow/airflow_venv/lib/python3.10/site-packages/airflow/example_dags/example_time_delta_sensor_async.py
[2024-05-11T15:29:03.482-0300] {logging_mixin.py:188} INFO - [2024-05-11T15:29:03.482-0300] {dag.py:3096} INFO - Sync 1 DAGs
[2024-05-11T15:29:03.725-0300] {logging_mixin.py:188} INFO - [2024-05-11T15:29:03.725-0300] {dag.py:3954} INFO - Setting next_dagrun for example_time_delta_sensor_async to None, run_after=None
[2024-05-11T15:29:03.844-0300] {processor.py:183} INFO - Processing /home/patricia/Documentos/airflow/airflow_venv/lib/python3.10/site-packages/airflow/example_dags/example_time_delta_sensor_async.py took 0.451 seconds
[2024-05-11T15:30:36.715-0300] {processor.py:161} INFO - Started process (PID=8028) to work on /home/patricia/Documentos/airflow/airflow_venv/lib/python3.10/site-packages/airflow/example_dags/example_time_delta_sensor_async.py
[2024-05-11T15:30:36.720-0300] {processor.py:830} INFO - Processing file /home/patricia/Documentos/airflow/airflow_venv/lib/python3.10/site-packages/airflow/example_dags/example_time_delta_sensor_async.py for tasks to queue
[2024-05-11T15:30:36.724-0300] {logging_mixin.py:188} INFO - [2024-05-11T15:30:36.722-0300] {dagbag.py:545} INFO - Filling up the DagBag from /home/patricia/Documentos/airflow/airflow_venv/lib/python3.10/site-packages/airflow/example_dags/example_time_delta_sensor_async.py
[2024-05-11T15:30:36.738-0300] {processor.py:840} INFO - DAG(s) 'example_time_delta_sensor_async' retrieved from /home/patricia/Documentos/airflow/airflow_venv/lib/python3.10/site-packages/airflow/example_dags/example_time_delta_sensor_async.py
[2024-05-11T15:30:36.760-0300] {logging_mixin.py:188} INFO - [2024-05-11T15:30:36.759-0300] {dag.py:3096} INFO - Sync 1 DAGs
[2024-05-11T15:30:36.773-0300] {logging_mixin.py:188} INFO - [2024-05-11T15:30:36.773-0300] {dag.py:3954} INFO - Setting next_dagrun for example_time_delta_sensor_async to None, run_after=None
[2024-05-11T15:30:36.834-0300] {processor.py:183} INFO - Processing /home/patricia/Documentos/airflow/airflow_venv/lib/python3.10/site-packages/airflow/example_dags/example_time_delta_sensor_async.py took 0.127 seconds
[2024-05-11T15:31:43.699-0300] {processor.py:161} INFO - Started process (PID=8212) to work on /home/patricia/Documentos/airflow/airflow_venv/lib/python3.10/site-packages/airflow/example_dags/example_time_delta_sensor_async.py
[2024-05-11T15:31:43.704-0300] {processor.py:830} INFO - Processing file /home/patricia/Documentos/airflow/airflow_venv/lib/python3.10/site-packages/airflow/example_dags/example_time_delta_sensor_async.py for tasks to queue
[2024-05-11T15:31:43.710-0300] {logging_mixin.py:188} INFO - [2024-05-11T15:31:43.708-0300] {dagbag.py:545} INFO - Filling up the DagBag from /home/patricia/Documentos/airflow/airflow_venv/lib/python3.10/site-packages/airflow/example_dags/example_time_delta_sensor_async.py
[2024-05-11T15:31:43.724-0300] {processor.py:840} INFO - DAG(s) 'example_time_delta_sensor_async' retrieved from /home/patricia/Documentos/airflow/airflow_venv/lib/python3.10/site-packages/airflow/example_dags/example_time_delta_sensor_async.py
[2024-05-11T15:31:43.759-0300] {logging_mixin.py:188} INFO - [2024-05-11T15:31:43.758-0300] {dag.py:3096} INFO - Sync 1 DAGs
[2024-05-11T15:31:43.790-0300] {logging_mixin.py:188} INFO - [2024-05-11T15:31:43.789-0300] {dag.py:3954} INFO - Setting next_dagrun for example_time_delta_sensor_async to None, run_after=None
[2024-05-11T15:31:43.856-0300] {processor.py:183} INFO - Processing /home/patricia/Documentos/airflow/airflow_venv/lib/python3.10/site-packages/airflow/example_dags/example_time_delta_sensor_async.py took 0.176 seconds
[2024-05-11T15:32:45.321-0300] {processor.py:161} INFO - Started process (PID=8519) to work on /home/patricia/Documentos/airflow/airflow_venv/lib/python3.10/site-packages/airflow/example_dags/example_time_delta_sensor_async.py
[2024-05-11T15:32:45.323-0300] {processor.py:830} INFO - Processing file /home/patricia/Documentos/airflow/airflow_venv/lib/python3.10/site-packages/airflow/example_dags/example_time_delta_sensor_async.py for tasks to queue
[2024-05-11T15:32:45.326-0300] {logging_mixin.py:188} INFO - [2024-05-11T15:32:45.325-0300] {dagbag.py:545} INFO - Filling up the DagBag from /home/patricia/Documentos/airflow/airflow_venv/lib/python3.10/site-packages/airflow/example_dags/example_time_delta_sensor_async.py
[2024-05-11T15:32:45.333-0300] {processor.py:840} INFO - DAG(s) 'example_time_delta_sensor_async' retrieved from /home/patricia/Documentos/airflow/airflow_venv/lib/python3.10/site-packages/airflow/example_dags/example_time_delta_sensor_async.py
[2024-05-11T15:32:45.351-0300] {logging_mixin.py:188} INFO - [2024-05-11T15:32:45.351-0300] {dag.py:3096} INFO - Sync 1 DAGs
[2024-05-11T15:32:45.372-0300] {logging_mixin.py:188} INFO - [2024-05-11T15:32:45.372-0300] {dag.py:3954} INFO - Setting next_dagrun for example_time_delta_sensor_async to None, run_after=None
[2024-05-11T15:32:45.492-0300] {processor.py:183} INFO - Processing /home/patricia/Documentos/airflow/airflow_venv/lib/python3.10/site-packages/airflow/example_dags/example_time_delta_sensor_async.py took 0.180 seconds
[2024-05-11T15:33:58.333-0300] {processor.py:161} INFO - Started process (PID=9114) to work on /home/patricia/Documentos/airflow/airflow_venv/lib/python3.10/site-packages/airflow/example_dags/example_time_delta_sensor_async.py
[2024-05-11T15:33:58.341-0300] {processor.py:830} INFO - Processing file /home/patricia/Documentos/airflow/airflow_venv/lib/python3.10/site-packages/airflow/example_dags/example_time_delta_sensor_async.py for tasks to queue
[2024-05-11T15:33:58.363-0300] {logging_mixin.py:188} INFO - [2024-05-11T15:33:58.342-0300] {dagbag.py:545} INFO - Filling up the DagBag from /home/patricia/Documentos/airflow/airflow_venv/lib/python3.10/site-packages/airflow/example_dags/example_time_delta_sensor_async.py
[2024-05-11T15:33:58.406-0300] {processor.py:840} INFO - DAG(s) 'example_time_delta_sensor_async' retrieved from /home/patricia/Documentos/airflow/airflow_venv/lib/python3.10/site-packages/airflow/example_dags/example_time_delta_sensor_async.py
[2024-05-11T15:33:58.432-0300] {logging_mixin.py:188} INFO - [2024-05-11T15:33:58.431-0300] {dag.py:3096} INFO - Sync 1 DAGs
[2024-05-11T15:33:58.450-0300] {logging_mixin.py:188} INFO - [2024-05-11T15:33:58.450-0300] {dag.py:3954} INFO - Setting next_dagrun for example_time_delta_sensor_async to None, run_after=None
[2024-05-11T15:33:58.606-0300] {processor.py:183} INFO - Processing /home/patricia/Documentos/airflow/airflow_venv/lib/python3.10/site-packages/airflow/example_dags/example_time_delta_sensor_async.py took 0.287 seconds
[2024-05-11T15:35:17.466-0300] {processor.py:161} INFO - Started process (PID=9407) to work on /home/patricia/Documentos/airflow/airflow_venv/lib/python3.10/site-packages/airflow/example_dags/example_time_delta_sensor_async.py
[2024-05-11T15:35:17.469-0300] {processor.py:830} INFO - Processing file /home/patricia/Documentos/airflow/airflow_venv/lib/python3.10/site-packages/airflow/example_dags/example_time_delta_sensor_async.py for tasks to queue
[2024-05-11T15:35:17.473-0300] {logging_mixin.py:188} INFO - [2024-05-11T15:35:17.471-0300] {dagbag.py:545} INFO - Filling up the DagBag from /home/patricia/Documentos/airflow/airflow_venv/lib/python3.10/site-packages/airflow/example_dags/example_time_delta_sensor_async.py
[2024-05-11T15:35:17.481-0300] {processor.py:840} INFO - DAG(s) 'example_time_delta_sensor_async' retrieved from /home/patricia/Documentos/airflow/airflow_venv/lib/python3.10/site-packages/airflow/example_dags/example_time_delta_sensor_async.py
[2024-05-11T15:35:17.509-0300] {logging_mixin.py:188} INFO - [2024-05-11T15:35:17.508-0300] {dag.py:3096} INFO - Sync 1 DAGs
[2024-05-11T15:35:17.530-0300] {logging_mixin.py:188} INFO - [2024-05-11T15:35:17.530-0300] {dag.py:3954} INFO - Setting next_dagrun for example_time_delta_sensor_async to None, run_after=None
[2024-05-11T15:35:17.625-0300] {processor.py:183} INFO - Processing /home/patricia/Documentos/airflow/airflow_venv/lib/python3.10/site-packages/airflow/example_dags/example_time_delta_sensor_async.py took 0.169 seconds
[2024-05-11T15:36:35.256-0300] {processor.py:161} INFO - Started process (PID=9614) to work on /home/patricia/Documentos/airflow/airflow_venv/lib/python3.10/site-packages/airflow/example_dags/example_time_delta_sensor_async.py
[2024-05-11T15:36:35.260-0300] {processor.py:830} INFO - Processing file /home/patricia/Documentos/airflow/airflow_venv/lib/python3.10/site-packages/airflow/example_dags/example_time_delta_sensor_async.py for tasks to queue
[2024-05-11T15:36:35.269-0300] {logging_mixin.py:188} INFO - [2024-05-11T15:36:35.268-0300] {dagbag.py:545} INFO - Filling up the DagBag from /home/patricia/Documentos/airflow/airflow_venv/lib/python3.10/site-packages/airflow/example_dags/example_time_delta_sensor_async.py
[2024-05-11T15:36:35.287-0300] {processor.py:840} INFO - DAG(s) 'example_time_delta_sensor_async' retrieved from /home/patricia/Documentos/airflow/airflow_venv/lib/python3.10/site-packages/airflow/example_dags/example_time_delta_sensor_async.py
[2024-05-11T15:36:35.327-0300] {logging_mixin.py:188} INFO - [2024-05-11T15:36:35.326-0300] {dag.py:3096} INFO - Sync 1 DAGs
[2024-05-11T15:36:35.348-0300] {logging_mixin.py:188} INFO - [2024-05-11T15:36:35.347-0300] {dag.py:3954} INFO - Setting next_dagrun for example_time_delta_sensor_async to None, run_after=None
[2024-05-11T15:36:35.417-0300] {processor.py:183} INFO - Processing /home/patricia/Documentos/airflow/airflow_venv/lib/python3.10/site-packages/airflow/example_dags/example_time_delta_sensor_async.py took 0.174 seconds
[2024-05-11T15:38:45.561-0300] {processor.py:161} INFO - Started process (PID=9971) to work on /home/patricia/Documentos/airflow/airflow_venv/lib/python3.10/site-packages/airflow/example_dags/example_time_delta_sensor_async.py
[2024-05-11T15:38:45.565-0300] {processor.py:830} INFO - Processing file /home/patricia/Documentos/airflow/airflow_venv/lib/python3.10/site-packages/airflow/example_dags/example_time_delta_sensor_async.py for tasks to queue
[2024-05-11T15:38:45.574-0300] {logging_mixin.py:188} INFO - [2024-05-11T15:38:45.568-0300] {dagbag.py:545} INFO - Filling up the DagBag from /home/patricia/Documentos/airflow/airflow_venv/lib/python3.10/site-packages/airflow/example_dags/example_time_delta_sensor_async.py
[2024-05-11T15:38:45.587-0300] {processor.py:840} INFO - DAG(s) 'example_time_delta_sensor_async' retrieved from /home/patricia/Documentos/airflow/airflow_venv/lib/python3.10/site-packages/airflow/example_dags/example_time_delta_sensor_async.py
[2024-05-11T15:38:45.611-0300] {logging_mixin.py:188} INFO - [2024-05-11T15:38:45.611-0300] {dag.py:3096} INFO - Sync 1 DAGs
[2024-05-11T15:38:45.623-0300] {logging_mixin.py:188} INFO - [2024-05-11T15:38:45.622-0300] {dag.py:3954} INFO - Setting next_dagrun for example_time_delta_sensor_async to None, run_after=None
[2024-05-11T15:38:45.671-0300] {processor.py:183} INFO - Processing /home/patricia/Documentos/airflow/airflow_venv/lib/python3.10/site-packages/airflow/example_dags/example_time_delta_sensor_async.py took 0.117 seconds
[2024-05-11T15:39:46.238-0300] {processor.py:161} INFO - Started process (PID=10074) to work on /home/patricia/Documentos/airflow/airflow_venv/lib/python3.10/site-packages/airflow/example_dags/example_time_delta_sensor_async.py
[2024-05-11T15:39:46.241-0300] {processor.py:830} INFO - Processing file /home/patricia/Documentos/airflow/airflow_venv/lib/python3.10/site-packages/airflow/example_dags/example_time_delta_sensor_async.py for tasks to queue
[2024-05-11T15:39:46.246-0300] {logging_mixin.py:188} INFO - [2024-05-11T15:39:46.245-0300] {dagbag.py:545} INFO - Filling up the DagBag from /home/patricia/Documentos/airflow/airflow_venv/lib/python3.10/site-packages/airflow/example_dags/example_time_delta_sensor_async.py
[2024-05-11T15:39:46.252-0300] {processor.py:840} INFO - DAG(s) 'example_time_delta_sensor_async' retrieved from /home/patricia/Documentos/airflow/airflow_venv/lib/python3.10/site-packages/airflow/example_dags/example_time_delta_sensor_async.py
[2024-05-11T15:39:46.296-0300] {logging_mixin.py:188} INFO - [2024-05-11T15:39:46.295-0300] {dag.py:3096} INFO - Sync 1 DAGs
[2024-05-11T15:39:46.308-0300] {logging_mixin.py:188} INFO - [2024-05-11T15:39:46.308-0300] {dag.py:3954} INFO - Setting next_dagrun for example_time_delta_sensor_async to None, run_after=None
[2024-05-11T15:39:46.345-0300] {processor.py:183} INFO - Processing /home/patricia/Documentos/airflow/airflow_venv/lib/python3.10/site-packages/airflow/example_dags/example_time_delta_sensor_async.py took 0.116 seconds
[2024-05-11T16:28:19.279-0300] {processor.py:161} INFO - Started process (PID=10997) to work on /home/patricia/Documentos/airflow/airflow_venv/lib/python3.10/site-packages/airflow/example_dags/example_time_delta_sensor_async.py
[2024-05-11T16:28:19.294-0300] {processor.py:830} INFO - Processing file /home/patricia/Documentos/airflow/airflow_venv/lib/python3.10/site-packages/airflow/example_dags/example_time_delta_sensor_async.py for tasks to queue
[2024-05-11T16:28:19.312-0300] {logging_mixin.py:188} INFO - [2024-05-11T16:28:19.310-0300] {dagbag.py:545} INFO - Filling up the DagBag from /home/patricia/Documentos/airflow/airflow_venv/lib/python3.10/site-packages/airflow/example_dags/example_time_delta_sensor_async.py
[2024-05-11T16:28:19.335-0300] {processor.py:840} INFO - DAG(s) 'example_time_delta_sensor_async' retrieved from /home/patricia/Documentos/airflow/airflow_venv/lib/python3.10/site-packages/airflow/example_dags/example_time_delta_sensor_async.py
[2024-05-11T16:28:19.602-0300] {logging_mixin.py:188} INFO - [2024-05-11T16:28:19.601-0300] {dag.py:3096} INFO - Sync 1 DAGs
[2024-05-11T16:28:19.627-0300] {logging_mixin.py:188} INFO - [2024-05-11T16:28:19.626-0300] {dag.py:3954} INFO - Setting next_dagrun for example_time_delta_sensor_async to None, run_after=None
[2024-05-11T16:28:19.691-0300] {processor.py:183} INFO - Processing /home/patricia/Documentos/airflow/airflow_venv/lib/python3.10/site-packages/airflow/example_dags/example_time_delta_sensor_async.py took 0.494 seconds
[2024-05-11T16:30:35.405-0300] {processor.py:161} INFO - Started process (PID=11258) to work on /home/patricia/Documentos/airflow/airflow_venv/lib/python3.10/site-packages/airflow/example_dags/example_time_delta_sensor_async.py
[2024-05-11T16:30:35.413-0300] {processor.py:830} INFO - Processing file /home/patricia/Documentos/airflow/airflow_venv/lib/python3.10/site-packages/airflow/example_dags/example_time_delta_sensor_async.py for tasks to queue
[2024-05-11T16:30:35.423-0300] {logging_mixin.py:188} INFO - [2024-05-11T16:30:35.421-0300] {dagbag.py:545} INFO - Filling up the DagBag from /home/patricia/Documentos/airflow/airflow_venv/lib/python3.10/site-packages/airflow/example_dags/example_time_delta_sensor_async.py
[2024-05-11T16:30:35.464-0300] {processor.py:840} INFO - DAG(s) 'example_time_delta_sensor_async' retrieved from /home/patricia/Documentos/airflow/airflow_venv/lib/python3.10/site-packages/airflow/example_dags/example_time_delta_sensor_async.py
[2024-05-11T16:30:35.519-0300] {logging_mixin.py:188} INFO - [2024-05-11T16:30:35.518-0300] {dag.py:3096} INFO - Sync 1 DAGs
[2024-05-11T16:30:35.545-0300] {logging_mixin.py:188} INFO - [2024-05-11T16:30:35.544-0300] {dag.py:3954} INFO - Setting next_dagrun for example_time_delta_sensor_async to None, run_after=None
[2024-05-11T16:30:35.624-0300] {processor.py:183} INFO - Processing /home/patricia/Documentos/airflow/airflow_venv/lib/python3.10/site-packages/airflow/example_dags/example_time_delta_sensor_async.py took 0.258 seconds
[2024-05-11T16:31:58.093-0300] {processor.py:161} INFO - Started process (PID=11404) to work on /home/patricia/Documentos/airflow/airflow_venv/lib/python3.10/site-packages/airflow/example_dags/example_time_delta_sensor_async.py
[2024-05-11T16:31:58.102-0300] {processor.py:830} INFO - Processing file /home/patricia/Documentos/airflow/airflow_venv/lib/python3.10/site-packages/airflow/example_dags/example_time_delta_sensor_async.py for tasks to queue
[2024-05-11T16:31:58.112-0300] {logging_mixin.py:188} INFO - [2024-05-11T16:31:58.109-0300] {dagbag.py:545} INFO - Filling up the DagBag from /home/patricia/Documentos/airflow/airflow_venv/lib/python3.10/site-packages/airflow/example_dags/example_time_delta_sensor_async.py
[2024-05-11T16:31:58.147-0300] {processor.py:840} INFO - DAG(s) 'example_time_delta_sensor_async' retrieved from /home/patricia/Documentos/airflow/airflow_venv/lib/python3.10/site-packages/airflow/example_dags/example_time_delta_sensor_async.py
[2024-05-11T16:31:58.230-0300] {logging_mixin.py:188} INFO - [2024-05-11T16:31:58.230-0300] {dag.py:3096} INFO - Sync 1 DAGs
[2024-05-11T16:31:58.265-0300] {logging_mixin.py:188} INFO - [2024-05-11T16:31:58.264-0300] {dag.py:3954} INFO - Setting next_dagrun for example_time_delta_sensor_async to None, run_after=None
[2024-05-11T16:31:58.574-0300] {processor.py:183} INFO - Processing /home/patricia/Documentos/airflow/airflow_venv/lib/python3.10/site-packages/airflow/example_dags/example_time_delta_sensor_async.py took 0.525 seconds
[2024-05-11T16:33:51.766-0300] {processor.py:161} INFO - Started process (PID=11664) to work on /home/patricia/Documentos/airflow/airflow_venv/lib/python3.10/site-packages/airflow/example_dags/example_time_delta_sensor_async.py
[2024-05-11T16:33:51.772-0300] {processor.py:830} INFO - Processing file /home/patricia/Documentos/airflow/airflow_venv/lib/python3.10/site-packages/airflow/example_dags/example_time_delta_sensor_async.py for tasks to queue
[2024-05-11T16:33:51.787-0300] {logging_mixin.py:188} INFO - [2024-05-11T16:33:51.786-0300] {dagbag.py:545} INFO - Filling up the DagBag from /home/patricia/Documentos/airflow/airflow_venv/lib/python3.10/site-packages/airflow/example_dags/example_time_delta_sensor_async.py
[2024-05-11T16:33:51.819-0300] {processor.py:840} INFO - DAG(s) 'example_time_delta_sensor_async' retrieved from /home/patricia/Documentos/airflow/airflow_venv/lib/python3.10/site-packages/airflow/example_dags/example_time_delta_sensor_async.py
[2024-05-11T16:33:51.864-0300] {logging_mixin.py:188} INFO - [2024-05-11T16:33:51.863-0300] {dag.py:3096} INFO - Sync 1 DAGs
[2024-05-11T16:33:51.913-0300] {logging_mixin.py:188} INFO - [2024-05-11T16:33:51.913-0300] {dag.py:3954} INFO - Setting next_dagrun for example_time_delta_sensor_async to None, run_after=None
[2024-05-11T16:33:52.002-0300] {processor.py:183} INFO - Processing /home/patricia/Documentos/airflow/airflow_venv/lib/python3.10/site-packages/airflow/example_dags/example_time_delta_sensor_async.py took 0.323 seconds
[2024-05-11T16:35:28.656-0300] {processor.py:161} INFO - Started process (PID=11816) to work on /home/patricia/Documentos/airflow/airflow_venv/lib/python3.10/site-packages/airflow/example_dags/example_time_delta_sensor_async.py
[2024-05-11T16:35:28.662-0300] {processor.py:830} INFO - Processing file /home/patricia/Documentos/airflow/airflow_venv/lib/python3.10/site-packages/airflow/example_dags/example_time_delta_sensor_async.py for tasks to queue
[2024-05-11T16:35:28.670-0300] {logging_mixin.py:188} INFO - [2024-05-11T16:35:28.666-0300] {dagbag.py:545} INFO - Filling up the DagBag from /home/patricia/Documentos/airflow/airflow_venv/lib/python3.10/site-packages/airflow/example_dags/example_time_delta_sensor_async.py
[2024-05-11T16:35:28.691-0300] {processor.py:840} INFO - DAG(s) 'example_time_delta_sensor_async' retrieved from /home/patricia/Documentos/airflow/airflow_venv/lib/python3.10/site-packages/airflow/example_dags/example_time_delta_sensor_async.py
[2024-05-11T16:35:28.759-0300] {logging_mixin.py:188} INFO - [2024-05-11T16:35:28.758-0300] {dag.py:3096} INFO - Sync 1 DAGs
[2024-05-11T16:35:28.796-0300] {logging_mixin.py:188} INFO - [2024-05-11T16:35:28.796-0300] {dag.py:3954} INFO - Setting next_dagrun for example_time_delta_sensor_async to None, run_after=None
[2024-05-11T16:35:28.908-0300] {processor.py:183} INFO - Processing /home/patricia/Documentos/airflow/airflow_venv/lib/python3.10/site-packages/airflow/example_dags/example_time_delta_sensor_async.py took 0.267 seconds
[2024-05-11T16:37:04.738-0300] {processor.py:161} INFO - Started process (PID=11962) to work on /home/patricia/Documentos/airflow/airflow_venv/lib/python3.10/site-packages/airflow/example_dags/example_time_delta_sensor_async.py
[2024-05-11T16:37:04.748-0300] {processor.py:830} INFO - Processing file /home/patricia/Documentos/airflow/airflow_venv/lib/python3.10/site-packages/airflow/example_dags/example_time_delta_sensor_async.py for tasks to queue
[2024-05-11T16:37:04.759-0300] {logging_mixin.py:188} INFO - [2024-05-11T16:37:04.758-0300] {dagbag.py:545} INFO - Filling up the DagBag from /home/patricia/Documentos/airflow/airflow_venv/lib/python3.10/site-packages/airflow/example_dags/example_time_delta_sensor_async.py
[2024-05-11T16:37:04.778-0300] {processor.py:840} INFO - DAG(s) 'example_time_delta_sensor_async' retrieved from /home/patricia/Documentos/airflow/airflow_venv/lib/python3.10/site-packages/airflow/example_dags/example_time_delta_sensor_async.py
[2024-05-11T16:37:04.819-0300] {logging_mixin.py:188} INFO - [2024-05-11T16:37:04.818-0300] {dag.py:3096} INFO - Sync 1 DAGs
[2024-05-11T16:37:04.846-0300] {logging_mixin.py:188} INFO - [2024-05-11T16:37:04.846-0300] {dag.py:3954} INFO - Setting next_dagrun for example_time_delta_sensor_async to None, run_after=None
[2024-05-11T16:37:04.914-0300] {processor.py:183} INFO - Processing /home/patricia/Documentos/airflow/airflow_venv/lib/python3.10/site-packages/airflow/example_dags/example_time_delta_sensor_async.py took 0.213 seconds
