[2024-05-11T15:11:07.403-0300] {processor.py:161} INFO - Started process (PID=4475) to work on /home/patricia/Documentos/airflow/airflow_venv/lib/python3.10/site-packages/airflow/example_dags/example_nested_branch_dag.py
[2024-05-11T15:11:07.405-0300] {processor.py:830} INFO - Processing file /home/patricia/Documentos/airflow/airflow_venv/lib/python3.10/site-packages/airflow/example_dags/example_nested_branch_dag.py for tasks to queue
[2024-05-11T15:11:07.406-0300] {logging_mixin.py:188} INFO - [2024-05-11T15:11:07.406-0300] {dagbag.py:545} INFO - Filling up the DagBag from /home/patricia/Documentos/airflow/airflow_venv/lib/python3.10/site-packages/airflow/example_dags/example_nested_branch_dag.py
[2024-05-11T15:11:07.417-0300] {processor.py:840} INFO - DAG(s) 'example_nested_branch_dag' retrieved from /home/patricia/Documentos/airflow/airflow_venv/lib/python3.10/site-packages/airflow/example_dags/example_nested_branch_dag.py
[2024-05-11T15:11:07.429-0300] {logging_mixin.py:188} INFO - [2024-05-11T15:11:07.428-0300] {dag.py:3096} INFO - Sync 1 DAGs
[2024-05-11T15:11:07.449-0300] {logging_mixin.py:188} INFO - [2024-05-11T15:11:07.449-0300] {dag.py:3954} INFO - Setting next_dagrun for example_nested_branch_dag to 2024-05-10 00:00:00+00:00, run_after=2024-05-11 00:00:00+00:00
[2024-05-11T15:11:07.487-0300] {processor.py:183} INFO - Processing /home/patricia/Documentos/airflow/airflow_venv/lib/python3.10/site-packages/airflow/example_dags/example_nested_branch_dag.py took 0.092 seconds
[2024-05-11T15:12:29.148-0300] {processor.py:161} INFO - Started process (PID=4659) to work on /home/patricia/Documentos/airflow/airflow_venv/lib/python3.10/site-packages/airflow/example_dags/example_nested_branch_dag.py
[2024-05-11T15:12:29.152-0300] {processor.py:830} INFO - Processing file /home/patricia/Documentos/airflow/airflow_venv/lib/python3.10/site-packages/airflow/example_dags/example_nested_branch_dag.py for tasks to queue
[2024-05-11T15:12:29.156-0300] {logging_mixin.py:188} INFO - [2024-05-11T15:12:29.155-0300] {dagbag.py:545} INFO - Filling up the DagBag from /home/patricia/Documentos/airflow/airflow_venv/lib/python3.10/site-packages/airflow/example_dags/example_nested_branch_dag.py
[2024-05-11T15:12:29.173-0300] {processor.py:840} INFO - DAG(s) 'example_nested_branch_dag' retrieved from /home/patricia/Documentos/airflow/airflow_venv/lib/python3.10/site-packages/airflow/example_dags/example_nested_branch_dag.py
[2024-05-11T15:12:29.404-0300] {logging_mixin.py:188} INFO - [2024-05-11T15:12:29.404-0300] {dag.py:3096} INFO - Sync 1 DAGs
[2024-05-11T15:12:29.422-0300] {logging_mixin.py:188} INFO - [2024-05-11T15:12:29.422-0300] {dag.py:3954} INFO - Setting next_dagrun for example_nested_branch_dag to 2024-05-10 00:00:00+00:00, run_after=2024-05-11 00:00:00+00:00
[2024-05-11T15:12:29.459-0300] {processor.py:183} INFO - Processing /home/patricia/Documentos/airflow/airflow_venv/lib/python3.10/site-packages/airflow/example_dags/example_nested_branch_dag.py took 0.318 seconds
[2024-05-11T15:14:00.251-0300] {processor.py:161} INFO - Started process (PID=4798) to work on /home/patricia/Documentos/airflow/airflow_venv/lib/python3.10/site-packages/airflow/example_dags/example_nested_branch_dag.py
[2024-05-11T15:14:00.254-0300] {processor.py:830} INFO - Processing file /home/patricia/Documentos/airflow/airflow_venv/lib/python3.10/site-packages/airflow/example_dags/example_nested_branch_dag.py for tasks to queue
[2024-05-11T15:14:00.257-0300] {logging_mixin.py:188} INFO - [2024-05-11T15:14:00.257-0300] {dagbag.py:545} INFO - Filling up the DagBag from /home/patricia/Documentos/airflow/airflow_venv/lib/python3.10/site-packages/airflow/example_dags/example_nested_branch_dag.py
[2024-05-11T15:14:00.270-0300] {processor.py:840} INFO - DAG(s) 'example_nested_branch_dag' retrieved from /home/patricia/Documentos/airflow/airflow_venv/lib/python3.10/site-packages/airflow/example_dags/example_nested_branch_dag.py
[2024-05-11T15:14:00.289-0300] {logging_mixin.py:188} INFO - [2024-05-11T15:14:00.289-0300] {dag.py:3096} INFO - Sync 1 DAGs
[2024-05-11T15:14:00.310-0300] {logging_mixin.py:188} INFO - [2024-05-11T15:14:00.310-0300] {dag.py:3954} INFO - Setting next_dagrun for example_nested_branch_dag to 2024-05-10 00:00:00+00:00, run_after=2024-05-11 00:00:00+00:00
[2024-05-11T15:14:00.467-0300] {processor.py:183} INFO - Processing /home/patricia/Documentos/airflow/airflow_venv/lib/python3.10/site-packages/airflow/example_dags/example_nested_branch_dag.py took 0.222 seconds
[2024-05-11T15:14:48.647-0300] {processor.py:161} INFO - Started process (PID=4916) to work on /home/patricia/Documentos/airflow/airflow_venv/lib/python3.10/site-packages/airflow/example_dags/example_nested_branch_dag.py
[2024-05-11T15:14:48.650-0300] {processor.py:830} INFO - Processing file /home/patricia/Documentos/airflow/airflow_venv/lib/python3.10/site-packages/airflow/example_dags/example_nested_branch_dag.py for tasks to queue
[2024-05-11T15:14:48.653-0300] {logging_mixin.py:188} INFO - [2024-05-11T15:14:48.652-0300] {dagbag.py:545} INFO - Filling up the DagBag from /home/patricia/Documentos/airflow/airflow_venv/lib/python3.10/site-packages/airflow/example_dags/example_nested_branch_dag.py
[2024-05-11T15:14:48.665-0300] {processor.py:840} INFO - DAG(s) 'example_nested_branch_dag' retrieved from /home/patricia/Documentos/airflow/airflow_venv/lib/python3.10/site-packages/airflow/example_dags/example_nested_branch_dag.py
[2024-05-11T15:14:48.787-0300] {logging_mixin.py:188} INFO - [2024-05-11T15:14:48.786-0300] {dag.py:3096} INFO - Sync 1 DAGs
[2024-05-11T15:14:48.806-0300] {logging_mixin.py:188} INFO - [2024-05-11T15:14:48.806-0300] {dag.py:3954} INFO - Setting next_dagrun for example_nested_branch_dag to 2024-05-10 00:00:00+00:00, run_after=2024-05-11 00:00:00+00:00
[2024-05-11T15:14:48.841-0300] {processor.py:183} INFO - Processing /home/patricia/Documentos/airflow/airflow_venv/lib/python3.10/site-packages/airflow/example_dags/example_nested_branch_dag.py took 0.203 seconds
[2024-05-11T15:15:56.697-0300] {processor.py:161} INFO - Started process (PID=5066) to work on /home/patricia/Documentos/airflow/airflow_venv/lib/python3.10/site-packages/airflow/example_dags/example_nested_branch_dag.py
[2024-05-11T15:15:56.702-0300] {processor.py:830} INFO - Processing file /home/patricia/Documentos/airflow/airflow_venv/lib/python3.10/site-packages/airflow/example_dags/example_nested_branch_dag.py for tasks to queue
[2024-05-11T15:15:56.710-0300] {logging_mixin.py:188} INFO - [2024-05-11T15:15:56.708-0300] {dagbag.py:545} INFO - Filling up the DagBag from /home/patricia/Documentos/airflow/airflow_venv/lib/python3.10/site-packages/airflow/example_dags/example_nested_branch_dag.py
[2024-05-11T15:15:56.739-0300] {processor.py:840} INFO - DAG(s) 'example_nested_branch_dag' retrieved from /home/patricia/Documentos/airflow/airflow_venv/lib/python3.10/site-packages/airflow/example_dags/example_nested_branch_dag.py
[2024-05-11T15:15:56.785-0300] {logging_mixin.py:188} INFO - [2024-05-11T15:15:56.784-0300] {dag.py:3096} INFO - Sync 1 DAGs
[2024-05-11T15:15:56.841-0300] {logging_mixin.py:188} INFO - [2024-05-11T15:15:56.841-0300] {dag.py:3954} INFO - Setting next_dagrun for example_nested_branch_dag to 2024-05-10 00:00:00+00:00, run_after=2024-05-11 00:00:00+00:00
[2024-05-11T15:15:56.907-0300] {processor.py:183} INFO - Processing /home/patricia/Documentos/airflow/airflow_venv/lib/python3.10/site-packages/airflow/example_dags/example_nested_branch_dag.py took 0.225 seconds
[2024-05-11T15:16:56.849-0300] {processor.py:161} INFO - Started process (PID=5184) to work on /home/patricia/Documentos/airflow/airflow_venv/lib/python3.10/site-packages/airflow/example_dags/example_nested_branch_dag.py
[2024-05-11T15:16:56.852-0300] {processor.py:830} INFO - Processing file /home/patricia/Documentos/airflow/airflow_venv/lib/python3.10/site-packages/airflow/example_dags/example_nested_branch_dag.py for tasks to queue
[2024-05-11T15:16:56.860-0300] {logging_mixin.py:188} INFO - [2024-05-11T15:16:56.859-0300] {dagbag.py:545} INFO - Filling up the DagBag from /home/patricia/Documentos/airflow/airflow_venv/lib/python3.10/site-packages/airflow/example_dags/example_nested_branch_dag.py
[2024-05-11T15:16:56.892-0300] {processor.py:840} INFO - DAG(s) 'example_nested_branch_dag' retrieved from /home/patricia/Documentos/airflow/airflow_venv/lib/python3.10/site-packages/airflow/example_dags/example_nested_branch_dag.py
[2024-05-11T15:16:56.919-0300] {logging_mixin.py:188} INFO - [2024-05-11T15:16:56.919-0300] {dag.py:3096} INFO - Sync 1 DAGs
[2024-05-11T15:16:56.949-0300] {logging_mixin.py:188} INFO - [2024-05-11T15:16:56.949-0300] {dag.py:3954} INFO - Setting next_dagrun for example_nested_branch_dag to 2024-05-10 00:00:00+00:00, run_after=2024-05-11 00:00:00+00:00
[2024-05-11T15:16:57.030-0300] {processor.py:183} INFO - Processing /home/patricia/Documentos/airflow/airflow_venv/lib/python3.10/site-packages/airflow/example_dags/example_nested_branch_dag.py took 0.199 seconds
[2024-05-11T15:18:04.174-0300] {processor.py:161} INFO - Started process (PID=5342) to work on /home/patricia/Documentos/airflow/airflow_venv/lib/python3.10/site-packages/airflow/example_dags/example_nested_branch_dag.py
[2024-05-11T15:18:04.177-0300] {processor.py:830} INFO - Processing file /home/patricia/Documentos/airflow/airflow_venv/lib/python3.10/site-packages/airflow/example_dags/example_nested_branch_dag.py for tasks to queue
[2024-05-11T15:18:04.180-0300] {logging_mixin.py:188} INFO - [2024-05-11T15:18:04.179-0300] {dagbag.py:545} INFO - Filling up the DagBag from /home/patricia/Documentos/airflow/airflow_venv/lib/python3.10/site-packages/airflow/example_dags/example_nested_branch_dag.py
[2024-05-11T15:18:04.207-0300] {processor.py:840} INFO - DAG(s) 'example_nested_branch_dag' retrieved from /home/patricia/Documentos/airflow/airflow_venv/lib/python3.10/site-packages/airflow/example_dags/example_nested_branch_dag.py
[2024-05-11T15:18:04.245-0300] {logging_mixin.py:188} INFO - [2024-05-11T15:18:04.245-0300] {dag.py:3096} INFO - Sync 1 DAGs
[2024-05-11T15:18:04.291-0300] {logging_mixin.py:188} INFO - [2024-05-11T15:18:04.291-0300] {dag.py:3954} INFO - Setting next_dagrun for example_nested_branch_dag to 2024-05-10 00:00:00+00:00, run_after=2024-05-11 00:00:00+00:00
[2024-05-11T15:18:04.332-0300] {processor.py:183} INFO - Processing /home/patricia/Documentos/airflow/airflow_venv/lib/python3.10/site-packages/airflow/example_dags/example_nested_branch_dag.py took 0.259 seconds
[2024-05-11T15:19:12.085-0300] {processor.py:161} INFO - Started process (PID=5957) to work on /home/patricia/Documentos/airflow/airflow_venv/lib/python3.10/site-packages/airflow/example_dags/example_nested_branch_dag.py
[2024-05-11T15:19:12.089-0300] {processor.py:830} INFO - Processing file /home/patricia/Documentos/airflow/airflow_venv/lib/python3.10/site-packages/airflow/example_dags/example_nested_branch_dag.py for tasks to queue
[2024-05-11T15:19:12.094-0300] {logging_mixin.py:188} INFO - [2024-05-11T15:19:12.093-0300] {dagbag.py:545} INFO - Filling up the DagBag from /home/patricia/Documentos/airflow/airflow_venv/lib/python3.10/site-packages/airflow/example_dags/example_nested_branch_dag.py
[2024-05-11T15:19:12.110-0300] {processor.py:840} INFO - DAG(s) 'example_nested_branch_dag' retrieved from /home/patricia/Documentos/airflow/airflow_venv/lib/python3.10/site-packages/airflow/example_dags/example_nested_branch_dag.py
[2024-05-11T15:19:12.133-0300] {logging_mixin.py:188} INFO - [2024-05-11T15:19:12.133-0300] {dag.py:3096} INFO - Sync 1 DAGs
[2024-05-11T15:19:12.156-0300] {logging_mixin.py:188} INFO - [2024-05-11T15:19:12.156-0300] {dag.py:3954} INFO - Setting next_dagrun for example_nested_branch_dag to 2024-05-10 00:00:00+00:00, run_after=2024-05-11 00:00:00+00:00
[2024-05-11T15:19:12.220-0300] {processor.py:183} INFO - Processing /home/patricia/Documentos/airflow/airflow_venv/lib/python3.10/site-packages/airflow/example_dags/example_nested_branch_dag.py took 0.148 seconds
[2024-05-11T15:19:54.563-0300] {processor.py:161} INFO - Started process (PID=6034) to work on /home/patricia/Documentos/airflow/airflow_venv/lib/python3.10/site-packages/airflow/example_dags/example_nested_branch_dag.py
[2024-05-11T15:19:54.584-0300] {processor.py:830} INFO - Processing file /home/patricia/Documentos/airflow/airflow_venv/lib/python3.10/site-packages/airflow/example_dags/example_nested_branch_dag.py for tasks to queue
[2024-05-11T15:19:54.587-0300] {logging_mixin.py:188} INFO - [2024-05-11T15:19:54.587-0300] {dagbag.py:545} INFO - Filling up the DagBag from /home/patricia/Documentos/airflow/airflow_venv/lib/python3.10/site-packages/airflow/example_dags/example_nested_branch_dag.py
[2024-05-11T15:19:54.607-0300] {processor.py:840} INFO - DAG(s) 'example_nested_branch_dag' retrieved from /home/patricia/Documentos/airflow/airflow_venv/lib/python3.10/site-packages/airflow/example_dags/example_nested_branch_dag.py
[2024-05-11T15:19:54.647-0300] {logging_mixin.py:188} INFO - [2024-05-11T15:19:54.647-0300] {dag.py:3096} INFO - Sync 1 DAGs
[2024-05-11T15:19:54.698-0300] {logging_mixin.py:188} INFO - [2024-05-11T15:19:54.697-0300] {dag.py:3954} INFO - Setting next_dagrun for example_nested_branch_dag to 2024-05-10 00:00:00+00:00, run_after=2024-05-11 00:00:00+00:00
[2024-05-11T15:19:54.776-0300] {processor.py:183} INFO - Processing /home/patricia/Documentos/airflow/airflow_venv/lib/python3.10/site-packages/airflow/example_dags/example_nested_branch_dag.py took 0.222 seconds
[2024-05-11T15:21:34.369-0300] {processor.py:161} INFO - Started process (PID=6209) to work on /home/patricia/Documentos/airflow/airflow_venv/lib/python3.10/site-packages/airflow/example_dags/example_nested_branch_dag.py
[2024-05-11T15:21:34.374-0300] {processor.py:830} INFO - Processing file /home/patricia/Documentos/airflow/airflow_venv/lib/python3.10/site-packages/airflow/example_dags/example_nested_branch_dag.py for tasks to queue
[2024-05-11T15:21:34.379-0300] {logging_mixin.py:188} INFO - [2024-05-11T15:21:34.378-0300] {dagbag.py:545} INFO - Filling up the DagBag from /home/patricia/Documentos/airflow/airflow_venv/lib/python3.10/site-packages/airflow/example_dags/example_nested_branch_dag.py
[2024-05-11T15:21:34.405-0300] {processor.py:840} INFO - DAG(s) 'example_nested_branch_dag' retrieved from /home/patricia/Documentos/airflow/airflow_venv/lib/python3.10/site-packages/airflow/example_dags/example_nested_branch_dag.py
[2024-05-11T15:21:34.449-0300] {logging_mixin.py:188} INFO - [2024-05-11T15:21:34.449-0300] {dag.py:3096} INFO - Sync 1 DAGs
[2024-05-11T15:21:34.497-0300] {logging_mixin.py:188} INFO - [2024-05-11T15:21:34.496-0300] {dag.py:3954} INFO - Setting next_dagrun for example_nested_branch_dag to 2024-05-10 00:00:00+00:00, run_after=2024-05-11 00:00:00+00:00
[2024-05-11T15:21:34.561-0300] {processor.py:183} INFO - Processing /home/patricia/Documentos/airflow/airflow_venv/lib/python3.10/site-packages/airflow/example_dags/example_nested_branch_dag.py took 0.206 seconds
[2024-05-11T15:22:23.135-0300] {processor.py:161} INFO - Started process (PID=6308) to work on /home/patricia/Documentos/airflow/airflow_venv/lib/python3.10/site-packages/airflow/example_dags/example_nested_branch_dag.py
[2024-05-11T15:22:23.142-0300] {processor.py:830} INFO - Processing file /home/patricia/Documentos/airflow/airflow_venv/lib/python3.10/site-packages/airflow/example_dags/example_nested_branch_dag.py for tasks to queue
[2024-05-11T15:22:23.146-0300] {logging_mixin.py:188} INFO - [2024-05-11T15:22:23.145-0300] {dagbag.py:545} INFO - Filling up the DagBag from /home/patricia/Documentos/airflow/airflow_venv/lib/python3.10/site-packages/airflow/example_dags/example_nested_branch_dag.py
[2024-05-11T15:22:23.163-0300] {processor.py:840} INFO - DAG(s) 'example_nested_branch_dag' retrieved from /home/patricia/Documentos/airflow/airflow_venv/lib/python3.10/site-packages/airflow/example_dags/example_nested_branch_dag.py
[2024-05-11T15:22:23.206-0300] {logging_mixin.py:188} INFO - [2024-05-11T15:22:23.206-0300] {dag.py:3096} INFO - Sync 1 DAGs
[2024-05-11T15:22:23.275-0300] {logging_mixin.py:188} INFO - [2024-05-11T15:22:23.274-0300] {dag.py:3954} INFO - Setting next_dagrun for example_nested_branch_dag to 2024-05-10 00:00:00+00:00, run_after=2024-05-11 00:00:00+00:00
[2024-05-11T15:22:23.361-0300] {processor.py:183} INFO - Processing /home/patricia/Documentos/airflow/airflow_venv/lib/python3.10/site-packages/airflow/example_dags/example_nested_branch_dag.py took 0.255 seconds
[2024-05-11T15:23:25.549-0300] {processor.py:161} INFO - Started process (PID=6444) to work on /home/patricia/Documentos/airflow/airflow_venv/lib/python3.10/site-packages/airflow/example_dags/example_nested_branch_dag.py
[2024-05-11T15:23:25.552-0300] {processor.py:830} INFO - Processing file /home/patricia/Documentos/airflow/airflow_venv/lib/python3.10/site-packages/airflow/example_dags/example_nested_branch_dag.py for tasks to queue
[2024-05-11T15:23:25.555-0300] {logging_mixin.py:188} INFO - [2024-05-11T15:23:25.554-0300] {dagbag.py:545} INFO - Filling up the DagBag from /home/patricia/Documentos/airflow/airflow_venv/lib/python3.10/site-packages/airflow/example_dags/example_nested_branch_dag.py
[2024-05-11T15:23:25.568-0300] {processor.py:840} INFO - DAG(s) 'example_nested_branch_dag' retrieved from /home/patricia/Documentos/airflow/airflow_venv/lib/python3.10/site-packages/airflow/example_dags/example_nested_branch_dag.py
[2024-05-11T15:23:25.589-0300] {logging_mixin.py:188} INFO - [2024-05-11T15:23:25.589-0300] {dag.py:3096} INFO - Sync 1 DAGs
[2024-05-11T15:23:25.612-0300] {logging_mixin.py:188} INFO - [2024-05-11T15:23:25.611-0300] {dag.py:3954} INFO - Setting next_dagrun for example_nested_branch_dag to 2024-05-10 00:00:00+00:00, run_after=2024-05-11 00:00:00+00:00
[2024-05-11T15:23:25.647-0300] {processor.py:183} INFO - Processing /home/patricia/Documentos/airflow/airflow_venv/lib/python3.10/site-packages/airflow/example_dags/example_nested_branch_dag.py took 0.106 seconds
[2024-05-11T15:24:28.007-0300] {processor.py:161} INFO - Started process (PID=6564) to work on /home/patricia/Documentos/airflow/airflow_venv/lib/python3.10/site-packages/airflow/example_dags/example_nested_branch_dag.py
[2024-05-11T15:24:28.024-0300] {processor.py:830} INFO - Processing file /home/patricia/Documentos/airflow/airflow_venv/lib/python3.10/site-packages/airflow/example_dags/example_nested_branch_dag.py for tasks to queue
[2024-05-11T15:24:28.027-0300] {logging_mixin.py:188} INFO - [2024-05-11T15:24:28.027-0300] {dagbag.py:545} INFO - Filling up the DagBag from /home/patricia/Documentos/airflow/airflow_venv/lib/python3.10/site-packages/airflow/example_dags/example_nested_branch_dag.py
[2024-05-11T15:24:28.044-0300] {processor.py:840} INFO - DAG(s) 'example_nested_branch_dag' retrieved from /home/patricia/Documentos/airflow/airflow_venv/lib/python3.10/site-packages/airflow/example_dags/example_nested_branch_dag.py
[2024-05-11T15:24:28.066-0300] {logging_mixin.py:188} INFO - [2024-05-11T15:24:28.066-0300] {dag.py:3096} INFO - Sync 1 DAGs
[2024-05-11T15:24:28.105-0300] {logging_mixin.py:188} INFO - [2024-05-11T15:24:28.105-0300] {dag.py:3954} INFO - Setting next_dagrun for example_nested_branch_dag to 2024-05-10 00:00:00+00:00, run_after=2024-05-11 00:00:00+00:00
[2024-05-11T15:24:28.170-0300] {processor.py:183} INFO - Processing /home/patricia/Documentos/airflow/airflow_venv/lib/python3.10/site-packages/airflow/example_dags/example_nested_branch_dag.py took 0.185 seconds
[2024-05-11T15:26:11.625-0300] {processor.py:161} INFO - Started process (PID=7091) to work on /home/patricia/Documentos/airflow/airflow_venv/lib/python3.10/site-packages/airflow/example_dags/example_nested_branch_dag.py
[2024-05-11T15:26:11.634-0300] {processor.py:830} INFO - Processing file /home/patricia/Documentos/airflow/airflow_venv/lib/python3.10/site-packages/airflow/example_dags/example_nested_branch_dag.py for tasks to queue
[2024-05-11T15:26:11.636-0300] {logging_mixin.py:188} INFO - [2024-05-11T15:26:11.636-0300] {dagbag.py:545} INFO - Filling up the DagBag from /home/patricia/Documentos/airflow/airflow_venv/lib/python3.10/site-packages/airflow/example_dags/example_nested_branch_dag.py
[2024-05-11T15:26:11.654-0300] {processor.py:840} INFO - DAG(s) 'example_nested_branch_dag' retrieved from /home/patricia/Documentos/airflow/airflow_venv/lib/python3.10/site-packages/airflow/example_dags/example_nested_branch_dag.py
[2024-05-11T15:26:11.664-0300] {logging_mixin.py:188} INFO - [2024-05-11T15:26:11.664-0300] {dag.py:3096} INFO - Sync 1 DAGs
[2024-05-11T15:26:11.735-0300] {logging_mixin.py:188} INFO - [2024-05-11T15:26:11.733-0300] {dag.py:3954} INFO - Setting next_dagrun for example_nested_branch_dag to 2024-05-10 00:00:00+00:00, run_after=2024-05-11 00:00:00+00:00
[2024-05-11T15:26:11.787-0300] {processor.py:183} INFO - Processing /home/patricia/Documentos/airflow/airflow_venv/lib/python3.10/site-packages/airflow/example_dags/example_nested_branch_dag.py took 0.245 seconds
[2024-05-11T15:27:30.224-0300] {processor.py:161} INFO - Started process (PID=7650) to work on /home/patricia/Documentos/airflow/airflow_venv/lib/python3.10/site-packages/airflow/example_dags/example_nested_branch_dag.py
[2024-05-11T15:27:30.227-0300] {processor.py:830} INFO - Processing file /home/patricia/Documentos/airflow/airflow_venv/lib/python3.10/site-packages/airflow/example_dags/example_nested_branch_dag.py for tasks to queue
[2024-05-11T15:27:30.230-0300] {logging_mixin.py:188} INFO - [2024-05-11T15:27:30.229-0300] {dagbag.py:545} INFO - Filling up the DagBag from /home/patricia/Documentos/airflow/airflow_venv/lib/python3.10/site-packages/airflow/example_dags/example_nested_branch_dag.py
[2024-05-11T15:27:30.280-0300] {processor.py:840} INFO - DAG(s) 'example_nested_branch_dag' retrieved from /home/patricia/Documentos/airflow/airflow_venv/lib/python3.10/site-packages/airflow/example_dags/example_nested_branch_dag.py
[2024-05-11T15:27:30.688-0300] {logging_mixin.py:188} INFO - [2024-05-11T15:27:30.688-0300] {dag.py:3096} INFO - Sync 1 DAGs
[2024-05-11T15:27:30.720-0300] {logging_mixin.py:188} INFO - [2024-05-11T15:27:30.719-0300] {dag.py:3954} INFO - Setting next_dagrun for example_nested_branch_dag to 2024-05-10 00:00:00+00:00, run_after=2024-05-11 00:00:00+00:00
[2024-05-11T15:27:30.870-0300] {processor.py:183} INFO - Processing /home/patricia/Documentos/airflow/airflow_venv/lib/python3.10/site-packages/airflow/example_dags/example_nested_branch_dag.py took 0.656 seconds
[2024-05-11T15:28:16.177-0300] {processor.py:161} INFO - Started process (PID=7742) to work on /home/patricia/Documentos/airflow/airflow_venv/lib/python3.10/site-packages/airflow/example_dags/example_nested_branch_dag.py
[2024-05-11T15:28:16.183-0300] {processor.py:830} INFO - Processing file /home/patricia/Documentos/airflow/airflow_venv/lib/python3.10/site-packages/airflow/example_dags/example_nested_branch_dag.py for tasks to queue
[2024-05-11T15:28:16.206-0300] {logging_mixin.py:188} INFO - [2024-05-11T15:28:16.205-0300] {dagbag.py:545} INFO - Filling up the DagBag from /home/patricia/Documentos/airflow/airflow_venv/lib/python3.10/site-packages/airflow/example_dags/example_nested_branch_dag.py
[2024-05-11T15:28:16.245-0300] {processor.py:840} INFO - DAG(s) 'example_nested_branch_dag' retrieved from /home/patricia/Documentos/airflow/airflow_venv/lib/python3.10/site-packages/airflow/example_dags/example_nested_branch_dag.py
[2024-05-11T15:28:16.309-0300] {logging_mixin.py:188} INFO - [2024-05-11T15:28:16.309-0300] {dag.py:3096} INFO - Sync 1 DAGs
[2024-05-11T15:28:16.344-0300] {logging_mixin.py:188} INFO - [2024-05-11T15:28:16.344-0300] {dag.py:3954} INFO - Setting next_dagrun for example_nested_branch_dag to 2024-05-10 00:00:00+00:00, run_after=2024-05-11 00:00:00+00:00
[2024-05-11T15:28:16.467-0300] {processor.py:183} INFO - Processing /home/patricia/Documentos/airflow/airflow_venv/lib/python3.10/site-packages/airflow/example_dags/example_nested_branch_dag.py took 0.306 seconds
[2024-05-11T15:29:34.282-0300] {processor.py:161} INFO - Started process (PID=7895) to work on /home/patricia/Documentos/airflow/airflow_venv/lib/python3.10/site-packages/airflow/example_dags/example_nested_branch_dag.py
[2024-05-11T15:29:34.284-0300] {processor.py:830} INFO - Processing file /home/patricia/Documentos/airflow/airflow_venv/lib/python3.10/site-packages/airflow/example_dags/example_nested_branch_dag.py for tasks to queue
[2024-05-11T15:29:34.287-0300] {logging_mixin.py:188} INFO - [2024-05-11T15:29:34.286-0300] {dagbag.py:545} INFO - Filling up the DagBag from /home/patricia/Documentos/airflow/airflow_venv/lib/python3.10/site-packages/airflow/example_dags/example_nested_branch_dag.py
[2024-05-11T15:29:34.325-0300] {processor.py:840} INFO - DAG(s) 'example_nested_branch_dag' retrieved from /home/patricia/Documentos/airflow/airflow_venv/lib/python3.10/site-packages/airflow/example_dags/example_nested_branch_dag.py
[2024-05-11T15:29:34.369-0300] {logging_mixin.py:188} INFO - [2024-05-11T15:29:34.369-0300] {dag.py:3096} INFO - Sync 1 DAGs
[2024-05-11T15:29:34.427-0300] {logging_mixin.py:188} INFO - [2024-05-11T15:29:34.427-0300] {dag.py:3954} INFO - Setting next_dagrun for example_nested_branch_dag to 2024-05-10 00:00:00+00:00, run_after=2024-05-11 00:00:00+00:00
[2024-05-11T15:29:34.472-0300] {processor.py:183} INFO - Processing /home/patricia/Documentos/airflow/airflow_venv/lib/python3.10/site-packages/airflow/example_dags/example_nested_branch_dag.py took 0.219 seconds
[2024-05-11T15:30:23.934-0300] {processor.py:161} INFO - Started process (PID=8000) to work on /home/patricia/Documentos/airflow/airflow_venv/lib/python3.10/site-packages/airflow/example_dags/example_nested_branch_dag.py
[2024-05-11T15:30:23.951-0300] {processor.py:830} INFO - Processing file /home/patricia/Documentos/airflow/airflow_venv/lib/python3.10/site-packages/airflow/example_dags/example_nested_branch_dag.py for tasks to queue
[2024-05-11T15:30:23.955-0300] {logging_mixin.py:188} INFO - [2024-05-11T15:30:23.954-0300] {dagbag.py:545} INFO - Filling up the DagBag from /home/patricia/Documentos/airflow/airflow_venv/lib/python3.10/site-packages/airflow/example_dags/example_nested_branch_dag.py
[2024-05-11T15:30:23.971-0300] {processor.py:840} INFO - DAG(s) 'example_nested_branch_dag' retrieved from /home/patricia/Documentos/airflow/airflow_venv/lib/python3.10/site-packages/airflow/example_dags/example_nested_branch_dag.py
[2024-05-11T15:30:24.024-0300] {logging_mixin.py:188} INFO - [2024-05-11T15:30:24.024-0300] {dag.py:3096} INFO - Sync 1 DAGs
[2024-05-11T15:30:24.054-0300] {logging_mixin.py:188} INFO - [2024-05-11T15:30:24.054-0300] {dag.py:3954} INFO - Setting next_dagrun for example_nested_branch_dag to 2024-05-10 00:00:00+00:00, run_after=2024-05-11 00:00:00+00:00
[2024-05-11T15:30:24.127-0300] {processor.py:183} INFO - Processing /home/patricia/Documentos/airflow/airflow_venv/lib/python3.10/site-packages/airflow/example_dags/example_nested_branch_dag.py took 0.212 seconds
[2024-05-11T15:31:08.682-0300] {processor.py:161} INFO - Started process (PID=8128) to work on /home/patricia/Documentos/airflow/airflow_venv/lib/python3.10/site-packages/airflow/example_dags/example_nested_branch_dag.py
[2024-05-11T15:31:08.685-0300] {processor.py:830} INFO - Processing file /home/patricia/Documentos/airflow/airflow_venv/lib/python3.10/site-packages/airflow/example_dags/example_nested_branch_dag.py for tasks to queue
[2024-05-11T15:31:08.688-0300] {logging_mixin.py:188} INFO - [2024-05-11T15:31:08.688-0300] {dagbag.py:545} INFO - Filling up the DagBag from /home/patricia/Documentos/airflow/airflow_venv/lib/python3.10/site-packages/airflow/example_dags/example_nested_branch_dag.py
[2024-05-11T15:31:08.709-0300] {processor.py:840} INFO - DAG(s) 'example_nested_branch_dag' retrieved from /home/patricia/Documentos/airflow/airflow_venv/lib/python3.10/site-packages/airflow/example_dags/example_nested_branch_dag.py
[2024-05-11T15:31:08.741-0300] {logging_mixin.py:188} INFO - [2024-05-11T15:31:08.741-0300] {dag.py:3096} INFO - Sync 1 DAGs
[2024-05-11T15:31:08.767-0300] {logging_mixin.py:188} INFO - [2024-05-11T15:31:08.767-0300] {dag.py:3954} INFO - Setting next_dagrun for example_nested_branch_dag to 2024-05-10 00:00:00+00:00, run_after=2024-05-11 00:00:00+00:00
[2024-05-11T15:31:08.809-0300] {processor.py:183} INFO - Processing /home/patricia/Documentos/airflow/airflow_venv/lib/python3.10/site-packages/airflow/example_dags/example_nested_branch_dag.py took 0.149 seconds
[2024-05-11T15:32:12.860-0300] {processor.py:161} INFO - Started process (PID=8359) to work on /home/patricia/Documentos/airflow/airflow_venv/lib/python3.10/site-packages/airflow/example_dags/example_nested_branch_dag.py
[2024-05-11T15:32:12.865-0300] {processor.py:830} INFO - Processing file /home/patricia/Documentos/airflow/airflow_venv/lib/python3.10/site-packages/airflow/example_dags/example_nested_branch_dag.py for tasks to queue
[2024-05-11T15:32:12.868-0300] {logging_mixin.py:188} INFO - [2024-05-11T15:32:12.867-0300] {dagbag.py:545} INFO - Filling up the DagBag from /home/patricia/Documentos/airflow/airflow_venv/lib/python3.10/site-packages/airflow/example_dags/example_nested_branch_dag.py
[2024-05-11T15:32:12.885-0300] {processor.py:840} INFO - DAG(s) 'example_nested_branch_dag' retrieved from /home/patricia/Documentos/airflow/airflow_venv/lib/python3.10/site-packages/airflow/example_dags/example_nested_branch_dag.py
[2024-05-11T15:32:12.906-0300] {logging_mixin.py:188} INFO - [2024-05-11T15:32:12.906-0300] {dag.py:3096} INFO - Sync 1 DAGs
[2024-05-11T15:32:12.929-0300] {logging_mixin.py:188} INFO - [2024-05-11T15:32:12.929-0300] {dag.py:3954} INFO - Setting next_dagrun for example_nested_branch_dag to 2024-05-10 00:00:00+00:00, run_after=2024-05-11 00:00:00+00:00
[2024-05-11T15:32:12.971-0300] {processor.py:183} INFO - Processing /home/patricia/Documentos/airflow/airflow_venv/lib/python3.10/site-packages/airflow/example_dags/example_nested_branch_dag.py took 0.118 seconds
[2024-05-11T15:33:17.501-0300] {processor.py:161} INFO - Started process (PID=8677) to work on /home/patricia/Documentos/airflow/airflow_venv/lib/python3.10/site-packages/airflow/example_dags/example_nested_branch_dag.py
[2024-05-11T15:33:17.518-0300] {processor.py:830} INFO - Processing file /home/patricia/Documentos/airflow/airflow_venv/lib/python3.10/site-packages/airflow/example_dags/example_nested_branch_dag.py for tasks to queue
[2024-05-11T15:33:17.524-0300] {logging_mixin.py:188} INFO - [2024-05-11T15:33:17.522-0300] {dagbag.py:545} INFO - Filling up the DagBag from /home/patricia/Documentos/airflow/airflow_venv/lib/python3.10/site-packages/airflow/example_dags/example_nested_branch_dag.py
[2024-05-11T15:33:17.551-0300] {processor.py:840} INFO - DAG(s) 'example_nested_branch_dag' retrieved from /home/patricia/Documentos/airflow/airflow_venv/lib/python3.10/site-packages/airflow/example_dags/example_nested_branch_dag.py
[2024-05-11T15:33:17.592-0300] {logging_mixin.py:188} INFO - [2024-05-11T15:33:17.591-0300] {dag.py:3096} INFO - Sync 1 DAGs
[2024-05-11T15:33:17.664-0300] {logging_mixin.py:188} INFO - [2024-05-11T15:33:17.664-0300] {dag.py:3954} INFO - Setting next_dagrun for example_nested_branch_dag to 2024-05-10 00:00:00+00:00, run_after=2024-05-11 00:00:00+00:00
[2024-05-11T15:33:17.940-0300] {processor.py:183} INFO - Processing /home/patricia/Documentos/airflow/airflow_venv/lib/python3.10/site-packages/airflow/example_dags/example_nested_branch_dag.py took 0.485 seconds
[2024-05-11T15:34:32.537-0300] {processor.py:161} INFO - Started process (PID=9312) to work on /home/patricia/Documentos/airflow/airflow_venv/lib/python3.10/site-packages/airflow/example_dags/example_nested_branch_dag.py
[2024-05-11T15:34:32.540-0300] {processor.py:830} INFO - Processing file /home/patricia/Documentos/airflow/airflow_venv/lib/python3.10/site-packages/airflow/example_dags/example_nested_branch_dag.py for tasks to queue
[2024-05-11T15:34:32.543-0300] {logging_mixin.py:188} INFO - [2024-05-11T15:34:32.542-0300] {dagbag.py:545} INFO - Filling up the DagBag from /home/patricia/Documentos/airflow/airflow_venv/lib/python3.10/site-packages/airflow/example_dags/example_nested_branch_dag.py
[2024-05-11T15:34:32.556-0300] {processor.py:840} INFO - DAG(s) 'example_nested_branch_dag' retrieved from /home/patricia/Documentos/airflow/airflow_venv/lib/python3.10/site-packages/airflow/example_dags/example_nested_branch_dag.py
[2024-05-11T15:34:32.586-0300] {logging_mixin.py:188} INFO - [2024-05-11T15:34:32.586-0300] {dag.py:3096} INFO - Sync 1 DAGs
[2024-05-11T15:34:32.608-0300] {logging_mixin.py:188} INFO - [2024-05-11T15:34:32.607-0300] {dag.py:3954} INFO - Setting next_dagrun for example_nested_branch_dag to 2024-05-10 00:00:00+00:00, run_after=2024-05-11 00:00:00+00:00
[2024-05-11T15:34:32.642-0300] {processor.py:183} INFO - Processing /home/patricia/Documentos/airflow/airflow_venv/lib/python3.10/site-packages/airflow/example_dags/example_nested_branch_dag.py took 0.113 seconds
[2024-05-11T15:35:45.918-0300] {processor.py:161} INFO - Started process (PID=9531) to work on /home/patricia/Documentos/airflow/airflow_venv/lib/python3.10/site-packages/airflow/example_dags/example_nested_branch_dag.py
[2024-05-11T15:35:45.921-0300] {processor.py:830} INFO - Processing file /home/patricia/Documentos/airflow/airflow_venv/lib/python3.10/site-packages/airflow/example_dags/example_nested_branch_dag.py for tasks to queue
[2024-05-11T15:35:45.924-0300] {logging_mixin.py:188} INFO - [2024-05-11T15:35:45.924-0300] {dagbag.py:545} INFO - Filling up the DagBag from /home/patricia/Documentos/airflow/airflow_venv/lib/python3.10/site-packages/airflow/example_dags/example_nested_branch_dag.py
[2024-05-11T15:35:45.940-0300] {processor.py:840} INFO - DAG(s) 'example_nested_branch_dag' retrieved from /home/patricia/Documentos/airflow/airflow_venv/lib/python3.10/site-packages/airflow/example_dags/example_nested_branch_dag.py
[2024-05-11T15:35:45.975-0300] {logging_mixin.py:188} INFO - [2024-05-11T15:35:45.975-0300] {dag.py:3096} INFO - Sync 1 DAGs
[2024-05-11T15:35:46.002-0300] {logging_mixin.py:188} INFO - [2024-05-11T15:35:46.001-0300] {dag.py:3954} INFO - Setting next_dagrun for example_nested_branch_dag to 2024-05-10 00:00:00+00:00, run_after=2024-05-11 00:00:00+00:00
[2024-05-11T15:35:46.063-0300] {processor.py:183} INFO - Processing /home/patricia/Documentos/airflow/airflow_venv/lib/python3.10/site-packages/airflow/example_dags/example_nested_branch_dag.py took 0.153 seconds
[2024-05-11T15:36:28.568-0300] {processor.py:161} INFO - Started process (PID=9609) to work on /home/patricia/Documentos/airflow/airflow_venv/lib/python3.10/site-packages/airflow/example_dags/example_nested_branch_dag.py
[2024-05-11T15:36:28.570-0300] {processor.py:830} INFO - Processing file /home/patricia/Documentos/airflow/airflow_venv/lib/python3.10/site-packages/airflow/example_dags/example_nested_branch_dag.py for tasks to queue
[2024-05-11T15:36:28.572-0300] {logging_mixin.py:188} INFO - [2024-05-11T15:36:28.572-0300] {dagbag.py:545} INFO - Filling up the DagBag from /home/patricia/Documentos/airflow/airflow_venv/lib/python3.10/site-packages/airflow/example_dags/example_nested_branch_dag.py
[2024-05-11T15:36:28.584-0300] {processor.py:840} INFO - DAG(s) 'example_nested_branch_dag' retrieved from /home/patricia/Documentos/airflow/airflow_venv/lib/python3.10/site-packages/airflow/example_dags/example_nested_branch_dag.py
[2024-05-11T15:36:28.603-0300] {logging_mixin.py:188} INFO - [2024-05-11T15:36:28.603-0300] {dag.py:3096} INFO - Sync 1 DAGs
[2024-05-11T15:36:28.625-0300] {logging_mixin.py:188} INFO - [2024-05-11T15:36:28.625-0300] {dag.py:3954} INFO - Setting next_dagrun for example_nested_branch_dag to 2024-05-10 00:00:00+00:00, run_after=2024-05-11 00:00:00+00:00
[2024-05-11T15:36:28.676-0300] {processor.py:183} INFO - Processing /home/patricia/Documentos/airflow/airflow_venv/lib/python3.10/site-packages/airflow/example_dags/example_nested_branch_dag.py took 0.116 seconds
[2024-05-11T15:38:32.411-0300] {processor.py:161} INFO - Started process (PID=9944) to work on /home/patricia/Documentos/airflow/airflow_venv/lib/python3.10/site-packages/airflow/example_dags/example_nested_branch_dag.py
[2024-05-11T15:38:32.413-0300] {processor.py:830} INFO - Processing file /home/patricia/Documentos/airflow/airflow_venv/lib/python3.10/site-packages/airflow/example_dags/example_nested_branch_dag.py for tasks to queue
[2024-05-11T15:38:32.416-0300] {logging_mixin.py:188} INFO - [2024-05-11T15:38:32.415-0300] {dagbag.py:545} INFO - Filling up the DagBag from /home/patricia/Documentos/airflow/airflow_venv/lib/python3.10/site-packages/airflow/example_dags/example_nested_branch_dag.py
[2024-05-11T15:38:32.427-0300] {processor.py:840} INFO - DAG(s) 'example_nested_branch_dag' retrieved from /home/patricia/Documentos/airflow/airflow_venv/lib/python3.10/site-packages/airflow/example_dags/example_nested_branch_dag.py
[2024-05-11T15:38:32.447-0300] {logging_mixin.py:188} INFO - [2024-05-11T15:38:32.446-0300] {dag.py:3096} INFO - Sync 1 DAGs
[2024-05-11T15:38:32.469-0300] {logging_mixin.py:188} INFO - [2024-05-11T15:38:32.469-0300] {dag.py:3954} INFO - Setting next_dagrun for example_nested_branch_dag to 2024-05-10 00:00:00+00:00, run_after=2024-05-11 00:00:00+00:00
[2024-05-11T15:38:32.503-0300] {processor.py:183} INFO - Processing /home/patricia/Documentos/airflow/airflow_venv/lib/python3.10/site-packages/airflow/example_dags/example_nested_branch_dag.py took 0.100 seconds
[2024-05-11T15:39:31.501-0300] {processor.py:161} INFO - Started process (PID=10050) to work on /home/patricia/Documentos/airflow/airflow_venv/lib/python3.10/site-packages/airflow/example_dags/example_nested_branch_dag.py
[2024-05-11T15:39:31.507-0300] {processor.py:830} INFO - Processing file /home/patricia/Documentos/airflow/airflow_venv/lib/python3.10/site-packages/airflow/example_dags/example_nested_branch_dag.py for tasks to queue
[2024-05-11T15:39:31.520-0300] {logging_mixin.py:188} INFO - [2024-05-11T15:39:31.518-0300] {dagbag.py:545} INFO - Filling up the DagBag from /home/patricia/Documentos/airflow/airflow_venv/lib/python3.10/site-packages/airflow/example_dags/example_nested_branch_dag.py
[2024-05-11T15:39:31.552-0300] {processor.py:840} INFO - DAG(s) 'example_nested_branch_dag' retrieved from /home/patricia/Documentos/airflow/airflow_venv/lib/python3.10/site-packages/airflow/example_dags/example_nested_branch_dag.py
[2024-05-11T15:39:31.589-0300] {logging_mixin.py:188} INFO - [2024-05-11T15:39:31.588-0300] {dag.py:3096} INFO - Sync 1 DAGs
[2024-05-11T15:39:31.635-0300] {logging_mixin.py:188} INFO - [2024-05-11T15:39:31.635-0300] {dag.py:3954} INFO - Setting next_dagrun for example_nested_branch_dag to 2024-05-10 00:00:00+00:00, run_after=2024-05-11 00:00:00+00:00
[2024-05-11T15:39:31.673-0300] {processor.py:183} INFO - Processing /home/patricia/Documentos/airflow/airflow_venv/lib/python3.10/site-packages/airflow/example_dags/example_nested_branch_dag.py took 0.195 seconds
[2024-05-11T15:40:49.398-0300] {processor.py:161} INFO - Started process (PID=10603) to work on /home/patricia/Documentos/airflow/airflow_venv/lib/python3.10/site-packages/airflow/example_dags/example_nested_branch_dag.py
[2024-05-11T15:40:49.431-0300] {processor.py:830} INFO - Processing file /home/patricia/Documentos/airflow/airflow_venv/lib/python3.10/site-packages/airflow/example_dags/example_nested_branch_dag.py for tasks to queue
[2024-05-11T15:40:49.435-0300] {logging_mixin.py:188} INFO - [2024-05-11T15:40:49.435-0300] {dagbag.py:545} INFO - Filling up the DagBag from /home/patricia/Documentos/airflow/airflow_venv/lib/python3.10/site-packages/airflow/example_dags/example_nested_branch_dag.py
[2024-05-11T15:40:49.452-0300] {processor.py:840} INFO - DAG(s) 'example_nested_branch_dag' retrieved from /home/patricia/Documentos/airflow/airflow_venv/lib/python3.10/site-packages/airflow/example_dags/example_nested_branch_dag.py
[2024-05-11T15:40:49.493-0300] {logging_mixin.py:188} INFO - [2024-05-11T15:40:49.493-0300] {dag.py:3096} INFO - Sync 1 DAGs
[2024-05-11T15:40:49.519-0300] {logging_mixin.py:188} INFO - [2024-05-11T15:40:49.518-0300] {dag.py:3954} INFO - Setting next_dagrun for example_nested_branch_dag to 2024-05-10 00:00:00+00:00, run_after=2024-05-11 00:00:00+00:00
[2024-05-11T15:40:49.552-0300] {processor.py:183} INFO - Processing /home/patricia/Documentos/airflow/airflow_venv/lib/python3.10/site-packages/airflow/example_dags/example_nested_branch_dag.py took 0.167 seconds
[2024-05-11T16:28:02.682-0300] {processor.py:161} INFO - Started process (PID=10950) to work on /home/patricia/Documentos/airflow/airflow_venv/lib/python3.10/site-packages/airflow/example_dags/example_nested_branch_dag.py
[2024-05-11T16:28:02.702-0300] {processor.py:830} INFO - Processing file /home/patricia/Documentos/airflow/airflow_venv/lib/python3.10/site-packages/airflow/example_dags/example_nested_branch_dag.py for tasks to queue
[2024-05-11T16:28:02.706-0300] {logging_mixin.py:188} INFO - [2024-05-11T16:28:02.705-0300] {dagbag.py:545} INFO - Filling up the DagBag from /home/patricia/Documentos/airflow/airflow_venv/lib/python3.10/site-packages/airflow/example_dags/example_nested_branch_dag.py
[2024-05-11T16:28:02.753-0300] {processor.py:840} INFO - DAG(s) 'example_nested_branch_dag' retrieved from /home/patricia/Documentos/airflow/airflow_venv/lib/python3.10/site-packages/airflow/example_dags/example_nested_branch_dag.py
[2024-05-11T16:28:02.769-0300] {logging_mixin.py:188} INFO - [2024-05-11T16:28:02.768-0300] {dag.py:3096} INFO - Sync 1 DAGs
[2024-05-11T16:28:02.842-0300] {logging_mixin.py:188} INFO - [2024-05-11T16:28:02.842-0300] {dag.py:3954} INFO - Setting next_dagrun for example_nested_branch_dag to 2024-05-10 00:00:00+00:00, run_after=2024-05-11 00:00:00+00:00
[2024-05-11T16:28:02.927-0300] {processor.py:183} INFO - Processing /home/patricia/Documentos/airflow/airflow_venv/lib/python3.10/site-packages/airflow/example_dags/example_nested_branch_dag.py took 0.285 seconds
[2024-05-11T16:30:15.819-0300] {processor.py:161} INFO - Started process (PID=11219) to work on /home/patricia/Documentos/airflow/airflow_venv/lib/python3.10/site-packages/airflow/example_dags/example_nested_branch_dag.py
[2024-05-11T16:30:15.827-0300] {processor.py:830} INFO - Processing file /home/patricia/Documentos/airflow/airflow_venv/lib/python3.10/site-packages/airflow/example_dags/example_nested_branch_dag.py for tasks to queue
[2024-05-11T16:30:15.835-0300] {logging_mixin.py:188} INFO - [2024-05-11T16:30:15.834-0300] {dagbag.py:545} INFO - Filling up the DagBag from /home/patricia/Documentos/airflow/airflow_venv/lib/python3.10/site-packages/airflow/example_dags/example_nested_branch_dag.py
[2024-05-11T16:30:15.878-0300] {processor.py:840} INFO - DAG(s) 'example_nested_branch_dag' retrieved from /home/patricia/Documentos/airflow/airflow_venv/lib/python3.10/site-packages/airflow/example_dags/example_nested_branch_dag.py
[2024-05-11T16:30:16.273-0300] {logging_mixin.py:188} INFO - [2024-05-11T16:30:16.272-0300] {dag.py:3096} INFO - Sync 1 DAGs
[2024-05-11T16:30:16.334-0300] {logging_mixin.py:188} INFO - [2024-05-11T16:30:16.333-0300] {dag.py:3954} INFO - Setting next_dagrun for example_nested_branch_dag to 2024-05-10 00:00:00+00:00, run_after=2024-05-11 00:00:00+00:00
[2024-05-11T16:30:16.411-0300] {processor.py:183} INFO - Processing /home/patricia/Documentos/airflow/airflow_venv/lib/python3.10/site-packages/airflow/example_dags/example_nested_branch_dag.py took 0.617 seconds
[2024-05-11T16:31:36.539-0300] {processor.py:161} INFO - Started process (PID=11371) to work on /home/patricia/Documentos/airflow/airflow_venv/lib/python3.10/site-packages/airflow/example_dags/example_nested_branch_dag.py
[2024-05-11T16:31:36.543-0300] {processor.py:830} INFO - Processing file /home/patricia/Documentos/airflow/airflow_venv/lib/python3.10/site-packages/airflow/example_dags/example_nested_branch_dag.py for tasks to queue
[2024-05-11T16:31:36.549-0300] {logging_mixin.py:188} INFO - [2024-05-11T16:31:36.548-0300] {dagbag.py:545} INFO - Filling up the DagBag from /home/patricia/Documentos/airflow/airflow_venv/lib/python3.10/site-packages/airflow/example_dags/example_nested_branch_dag.py
[2024-05-11T16:31:36.582-0300] {processor.py:840} INFO - DAG(s) 'example_nested_branch_dag' retrieved from /home/patricia/Documentos/airflow/airflow_venv/lib/python3.10/site-packages/airflow/example_dags/example_nested_branch_dag.py
[2024-05-11T16:31:36.622-0300] {logging_mixin.py:188} INFO - [2024-05-11T16:31:36.622-0300] {dag.py:3096} INFO - Sync 1 DAGs
[2024-05-11T16:31:36.869-0300] {logging_mixin.py:188} INFO - [2024-05-11T16:31:36.868-0300] {dag.py:3954} INFO - Setting next_dagrun for example_nested_branch_dag to 2024-05-10 00:00:00+00:00, run_after=2024-05-11 00:00:00+00:00
[2024-05-11T16:31:36.941-0300] {processor.py:183} INFO - Processing /home/patricia/Documentos/airflow/airflow_venv/lib/python3.10/site-packages/airflow/example_dags/example_nested_branch_dag.py took 0.475 seconds
[2024-05-11T16:32:41.048-0300] {processor.py:161} INFO - Started process (PID=11482) to work on /home/patricia/Documentos/airflow/airflow_venv/lib/python3.10/site-packages/airflow/example_dags/example_nested_branch_dag.py
[2024-05-11T16:32:41.054-0300] {processor.py:830} INFO - Processing file /home/patricia/Documentos/airflow/airflow_venv/lib/python3.10/site-packages/airflow/example_dags/example_nested_branch_dag.py for tasks to queue
[2024-05-11T16:32:41.060-0300] {logging_mixin.py:188} INFO - [2024-05-11T16:32:41.059-0300] {dagbag.py:545} INFO - Filling up the DagBag from /home/patricia/Documentos/airflow/airflow_venv/lib/python3.10/site-packages/airflow/example_dags/example_nested_branch_dag.py
[2024-05-11T16:32:41.508-0300] {processor.py:840} INFO - DAG(s) 'example_nested_branch_dag' retrieved from /home/patricia/Documentos/airflow/airflow_venv/lib/python3.10/site-packages/airflow/example_dags/example_nested_branch_dag.py
[2024-05-11T16:32:41.536-0300] {logging_mixin.py:188} INFO - [2024-05-11T16:32:41.535-0300] {dag.py:3096} INFO - Sync 1 DAGs
[2024-05-11T16:32:41.575-0300] {logging_mixin.py:188} INFO - [2024-05-11T16:32:41.575-0300] {dag.py:3954} INFO - Setting next_dagrun for example_nested_branch_dag to 2024-05-10 00:00:00+00:00, run_after=2024-05-11 00:00:00+00:00
[2024-05-11T16:32:41.672-0300] {processor.py:183} INFO - Processing /home/patricia/Documentos/airflow/airflow_venv/lib/python3.10/site-packages/airflow/example_dags/example_nested_branch_dag.py took 0.659 seconds
[2024-05-11T16:33:36.447-0300] {processor.py:161} INFO - Started process (PID=11628) to work on /home/patricia/Documentos/airflow/airflow_venv/lib/python3.10/site-packages/airflow/example_dags/example_nested_branch_dag.py
[2024-05-11T16:33:36.455-0300] {processor.py:830} INFO - Processing file /home/patricia/Documentos/airflow/airflow_venv/lib/python3.10/site-packages/airflow/example_dags/example_nested_branch_dag.py for tasks to queue
[2024-05-11T16:33:36.466-0300] {logging_mixin.py:188} INFO - [2024-05-11T16:33:36.462-0300] {dagbag.py:545} INFO - Filling up the DagBag from /home/patricia/Documentos/airflow/airflow_venv/lib/python3.10/site-packages/airflow/example_dags/example_nested_branch_dag.py
[2024-05-11T16:33:36.506-0300] {processor.py:840} INFO - DAG(s) 'example_nested_branch_dag' retrieved from /home/patricia/Documentos/airflow/airflow_venv/lib/python3.10/site-packages/airflow/example_dags/example_nested_branch_dag.py
[2024-05-11T16:33:36.546-0300] {logging_mixin.py:188} INFO - [2024-05-11T16:33:36.546-0300] {dag.py:3096} INFO - Sync 1 DAGs
[2024-05-11T16:33:36.594-0300] {logging_mixin.py:188} INFO - [2024-05-11T16:33:36.594-0300] {dag.py:3954} INFO - Setting next_dagrun for example_nested_branch_dag to 2024-05-10 00:00:00+00:00, run_after=2024-05-11 00:00:00+00:00
[2024-05-11T16:33:36.667-0300] {processor.py:183} INFO - Processing /home/patricia/Documentos/airflow/airflow_venv/lib/python3.10/site-packages/airflow/example_dags/example_nested_branch_dag.py took 0.251 seconds
[2024-05-11T16:34:28.894-0300] {processor.py:161} INFO - Started process (PID=11726) to work on /home/patricia/Documentos/airflow/airflow_venv/lib/python3.10/site-packages/airflow/example_dags/example_nested_branch_dag.py
[2024-05-11T16:34:28.898-0300] {processor.py:830} INFO - Processing file /home/patricia/Documentos/airflow/airflow_venv/lib/python3.10/site-packages/airflow/example_dags/example_nested_branch_dag.py for tasks to queue
[2024-05-11T16:34:28.903-0300] {logging_mixin.py:188} INFO - [2024-05-11T16:34:28.902-0300] {dagbag.py:545} INFO - Filling up the DagBag from /home/patricia/Documentos/airflow/airflow_venv/lib/python3.10/site-packages/airflow/example_dags/example_nested_branch_dag.py
[2024-05-11T16:34:28.931-0300] {processor.py:840} INFO - DAG(s) 'example_nested_branch_dag' retrieved from /home/patricia/Documentos/airflow/airflow_venv/lib/python3.10/site-packages/airflow/example_dags/example_nested_branch_dag.py
[2024-05-11T16:34:29.021-0300] {logging_mixin.py:188} INFO - [2024-05-11T16:34:29.020-0300] {dag.py:3096} INFO - Sync 1 DAGs
[2024-05-11T16:34:29.070-0300] {logging_mixin.py:188} INFO - [2024-05-11T16:34:29.070-0300] {dag.py:3954} INFO - Setting next_dagrun for example_nested_branch_dag to 2024-05-10 00:00:00+00:00, run_after=2024-05-11 00:00:00+00:00
[2024-05-11T16:34:29.150-0300] {processor.py:183} INFO - Processing /home/patricia/Documentos/airflow/airflow_venv/lib/python3.10/site-packages/airflow/example_dags/example_nested_branch_dag.py took 0.278 seconds
[2024-05-11T16:35:15.476-0300] {processor.py:161} INFO - Started process (PID=11799) to work on /home/patricia/Documentos/airflow/airflow_venv/lib/python3.10/site-packages/airflow/example_dags/example_nested_branch_dag.py
[2024-05-11T16:35:15.484-0300] {processor.py:830} INFO - Processing file /home/patricia/Documentos/airflow/airflow_venv/lib/python3.10/site-packages/airflow/example_dags/example_nested_branch_dag.py for tasks to queue
[2024-05-11T16:35:15.493-0300] {logging_mixin.py:188} INFO - [2024-05-11T16:35:15.491-0300] {dagbag.py:545} INFO - Filling up the DagBag from /home/patricia/Documentos/airflow/airflow_venv/lib/python3.10/site-packages/airflow/example_dags/example_nested_branch_dag.py
[2024-05-11T16:35:15.522-0300] {processor.py:840} INFO - DAG(s) 'example_nested_branch_dag' retrieved from /home/patricia/Documentos/airflow/airflow_venv/lib/python3.10/site-packages/airflow/example_dags/example_nested_branch_dag.py
[2024-05-11T16:35:15.564-0300] {logging_mixin.py:188} INFO - [2024-05-11T16:35:15.563-0300] {dag.py:3096} INFO - Sync 1 DAGs
[2024-05-11T16:35:15.617-0300] {logging_mixin.py:188} INFO - [2024-05-11T16:35:15.616-0300] {dag.py:3954} INFO - Setting next_dagrun for example_nested_branch_dag to 2024-05-10 00:00:00+00:00, run_after=2024-05-11 00:00:00+00:00
[2024-05-11T16:35:15.713-0300] {processor.py:183} INFO - Processing /home/patricia/Documentos/airflow/airflow_venv/lib/python3.10/site-packages/airflow/example_dags/example_nested_branch_dag.py took 0.273 seconds
[2024-05-11T16:36:06.028-0300] {processor.py:161} INFO - Started process (PID=11872) to work on /home/patricia/Documentos/airflow/airflow_venv/lib/python3.10/site-packages/airflow/example_dags/example_nested_branch_dag.py
[2024-05-11T16:36:06.075-0300] {processor.py:830} INFO - Processing file /home/patricia/Documentos/airflow/airflow_venv/lib/python3.10/site-packages/airflow/example_dags/example_nested_branch_dag.py for tasks to queue
[2024-05-11T16:36:06.082-0300] {logging_mixin.py:188} INFO - [2024-05-11T16:36:06.078-0300] {dagbag.py:545} INFO - Filling up the DagBag from /home/patricia/Documentos/airflow/airflow_venv/lib/python3.10/site-packages/airflow/example_dags/example_nested_branch_dag.py
[2024-05-11T16:36:06.134-0300] {processor.py:840} INFO - DAG(s) 'example_nested_branch_dag' retrieved from /home/patricia/Documentos/airflow/airflow_venv/lib/python3.10/site-packages/airflow/example_dags/example_nested_branch_dag.py
[2024-05-11T16:36:06.278-0300] {logging_mixin.py:188} INFO - [2024-05-11T16:36:06.278-0300] {dag.py:3096} INFO - Sync 1 DAGs
[2024-05-11T16:36:06.407-0300] {logging_mixin.py:188} INFO - [2024-05-11T16:36:06.406-0300] {dag.py:3954} INFO - Setting next_dagrun for example_nested_branch_dag to 2024-05-10 00:00:00+00:00, run_after=2024-05-11 00:00:00+00:00
[2024-05-11T16:36:06.502-0300] {processor.py:183} INFO - Processing /home/patricia/Documentos/airflow/airflow_venv/lib/python3.10/site-packages/airflow/example_dags/example_nested_branch_dag.py took 0.524 seconds
[2024-05-11T16:36:54.114-0300] {processor.py:161} INFO - Started process (PID=11949) to work on /home/patricia/Documentos/airflow/airflow_venv/lib/python3.10/site-packages/airflow/example_dags/example_nested_branch_dag.py
[2024-05-11T16:36:54.124-0300] {processor.py:830} INFO - Processing file /home/patricia/Documentos/airflow/airflow_venv/lib/python3.10/site-packages/airflow/example_dags/example_nested_branch_dag.py for tasks to queue
[2024-05-11T16:36:54.135-0300] {logging_mixin.py:188} INFO - [2024-05-11T16:36:54.133-0300] {dagbag.py:545} INFO - Filling up the DagBag from /home/patricia/Documentos/airflow/airflow_venv/lib/python3.10/site-packages/airflow/example_dags/example_nested_branch_dag.py
[2024-05-11T16:36:54.196-0300] {processor.py:840} INFO - DAG(s) 'example_nested_branch_dag' retrieved from /home/patricia/Documentos/airflow/airflow_venv/lib/python3.10/site-packages/airflow/example_dags/example_nested_branch_dag.py
[2024-05-11T16:36:54.246-0300] {logging_mixin.py:188} INFO - [2024-05-11T16:36:54.245-0300] {dag.py:3096} INFO - Sync 1 DAGs
[2024-05-11T16:36:54.296-0300] {logging_mixin.py:188} INFO - [2024-05-11T16:36:54.295-0300] {dag.py:3954} INFO - Setting next_dagrun for example_nested_branch_dag to 2024-05-10 00:00:00+00:00, run_after=2024-05-11 00:00:00+00:00
[2024-05-11T16:36:54.420-0300] {processor.py:183} INFO - Processing /home/patricia/Documentos/airflow/airflow_venv/lib/python3.10/site-packages/airflow/example_dags/example_nested_branch_dag.py took 0.349 seconds
