[2024-05-11T15:11:34.452-0300] {processor.py:161} INFO - Started process (PID=4518) to work on /home/patricia/Documentos/airflow/airflow_venv/lib/python3.10/site-packages/airflow/example_dags/example_task_group_decorator.py
[2024-05-11T15:11:34.455-0300] {processor.py:830} INFO - Processing file /home/patricia/Documentos/airflow/airflow_venv/lib/python3.10/site-packages/airflow/example_dags/example_task_group_decorator.py for tasks to queue
[2024-05-11T15:11:34.471-0300] {logging_mixin.py:188} INFO - [2024-05-11T15:11:34.466-0300] {dagbag.py:545} INFO - Filling up the DagBag from /home/patricia/Documentos/airflow/airflow_venv/lib/python3.10/site-packages/airflow/example_dags/example_task_group_decorator.py
[2024-05-11T15:11:34.522-0300] {processor.py:840} INFO - DAG(s) 'example_task_group_decorator' retrieved from /home/patricia/Documentos/airflow/airflow_venv/lib/python3.10/site-packages/airflow/example_dags/example_task_group_decorator.py
[2024-05-11T15:11:34.821-0300] {logging_mixin.py:188} INFO - [2024-05-11T15:11:34.821-0300] {dag.py:3096} INFO - Sync 1 DAGs
[2024-05-11T15:11:34.981-0300] {logging_mixin.py:188} INFO - [2024-05-11T15:11:34.863-0300] {dag.py:3954} INFO - Setting next_dagrun for example_task_group_decorator to 2024-05-10 00:00:00+00:00, run_after=2024-05-11 00:00:00+00:00
[2024-05-11T15:11:35.022-0300] {processor.py:183} INFO - Processing /home/patricia/Documentos/airflow/airflow_venv/lib/python3.10/site-packages/airflow/example_dags/example_task_group_decorator.py took 0.584 seconds
[2024-05-11T15:13:39.263-0300] {processor.py:161} INFO - Started process (PID=4745) to work on /home/patricia/Documentos/airflow/airflow_venv/lib/python3.10/site-packages/airflow/example_dags/example_task_group_decorator.py
[2024-05-11T15:13:39.266-0300] {processor.py:830} INFO - Processing file /home/patricia/Documentos/airflow/airflow_venv/lib/python3.10/site-packages/airflow/example_dags/example_task_group_decorator.py for tasks to queue
[2024-05-11T15:13:39.269-0300] {logging_mixin.py:188} INFO - [2024-05-11T15:13:39.268-0300] {dagbag.py:545} INFO - Filling up the DagBag from /home/patricia/Documentos/airflow/airflow_venv/lib/python3.10/site-packages/airflow/example_dags/example_task_group_decorator.py
[2024-05-11T15:13:39.283-0300] {processor.py:840} INFO - DAG(s) 'example_task_group_decorator' retrieved from /home/patricia/Documentos/airflow/airflow_venv/lib/python3.10/site-packages/airflow/example_dags/example_task_group_decorator.py
[2024-05-11T15:13:39.306-0300] {logging_mixin.py:188} INFO - [2024-05-11T15:13:39.306-0300] {dag.py:3096} INFO - Sync 1 DAGs
[2024-05-11T15:13:39.327-0300] {logging_mixin.py:188} INFO - [2024-05-11T15:13:39.327-0300] {dag.py:3954} INFO - Setting next_dagrun for example_task_group_decorator to 2024-05-10 00:00:00+00:00, run_after=2024-05-11 00:00:00+00:00
[2024-05-11T15:13:39.366-0300] {processor.py:183} INFO - Processing /home/patricia/Documentos/airflow/airflow_venv/lib/python3.10/site-packages/airflow/example_dags/example_task_group_decorator.py took 0.109 seconds
[2024-05-11T15:15:09.977-0300] {processor.py:161} INFO - Started process (PID=4964) to work on /home/patricia/Documentos/airflow/airflow_venv/lib/python3.10/site-packages/airflow/example_dags/example_task_group_decorator.py
[2024-05-11T15:15:09.981-0300] {processor.py:830} INFO - Processing file /home/patricia/Documentos/airflow/airflow_venv/lib/python3.10/site-packages/airflow/example_dags/example_task_group_decorator.py for tasks to queue
[2024-05-11T15:15:09.984-0300] {logging_mixin.py:188} INFO - [2024-05-11T15:15:09.983-0300] {dagbag.py:545} INFO - Filling up the DagBag from /home/patricia/Documentos/airflow/airflow_venv/lib/python3.10/site-packages/airflow/example_dags/example_task_group_decorator.py
[2024-05-11T15:15:10.017-0300] {processor.py:840} INFO - DAG(s) 'example_task_group_decorator' retrieved from /home/patricia/Documentos/airflow/airflow_venv/lib/python3.10/site-packages/airflow/example_dags/example_task_group_decorator.py
[2024-05-11T15:15:10.046-0300] {logging_mixin.py:188} INFO - [2024-05-11T15:15:10.045-0300] {dag.py:3096} INFO - Sync 1 DAGs
[2024-05-11T15:15:10.072-0300] {logging_mixin.py:188} INFO - [2024-05-11T15:15:10.071-0300] {dag.py:3954} INFO - Setting next_dagrun for example_task_group_decorator to 2024-05-10 00:00:00+00:00, run_after=2024-05-11 00:00:00+00:00
[2024-05-11T15:15:10.122-0300] {processor.py:183} INFO - Processing /home/patricia/Documentos/airflow/airflow_venv/lib/python3.10/site-packages/airflow/example_dags/example_task_group_decorator.py took 0.153 seconds
[2024-05-11T15:16:14.223-0300] {processor.py:161} INFO - Started process (PID=5102) to work on /home/patricia/Documentos/airflow/airflow_venv/lib/python3.10/site-packages/airflow/example_dags/example_task_group_decorator.py
[2024-05-11T15:16:14.226-0300] {processor.py:830} INFO - Processing file /home/patricia/Documentos/airflow/airflow_venv/lib/python3.10/site-packages/airflow/example_dags/example_task_group_decorator.py for tasks to queue
[2024-05-11T15:16:14.228-0300] {logging_mixin.py:188} INFO - [2024-05-11T15:16:14.227-0300] {dagbag.py:545} INFO - Filling up the DagBag from /home/patricia/Documentos/airflow/airflow_venv/lib/python3.10/site-packages/airflow/example_dags/example_task_group_decorator.py
[2024-05-11T15:16:14.246-0300] {processor.py:840} INFO - DAG(s) 'example_task_group_decorator' retrieved from /home/patricia/Documentos/airflow/airflow_venv/lib/python3.10/site-packages/airflow/example_dags/example_task_group_decorator.py
[2024-05-11T15:16:14.270-0300] {logging_mixin.py:188} INFO - [2024-05-11T15:16:14.270-0300] {dag.py:3096} INFO - Sync 1 DAGs
[2024-05-11T15:16:14.291-0300] {logging_mixin.py:188} INFO - [2024-05-11T15:16:14.291-0300] {dag.py:3954} INFO - Setting next_dagrun for example_task_group_decorator to 2024-05-10 00:00:00+00:00, run_after=2024-05-11 00:00:00+00:00
[2024-05-11T15:16:14.327-0300] {processor.py:183} INFO - Processing /home/patricia/Documentos/airflow/airflow_venv/lib/python3.10/site-packages/airflow/example_dags/example_task_group_decorator.py took 0.112 seconds
[2024-05-11T15:17:17.366-0300] {processor.py:161} INFO - Started process (PID=5235) to work on /home/patricia/Documentos/airflow/airflow_venv/lib/python3.10/site-packages/airflow/example_dags/example_task_group_decorator.py
[2024-05-11T15:17:17.368-0300] {processor.py:830} INFO - Processing file /home/patricia/Documentos/airflow/airflow_venv/lib/python3.10/site-packages/airflow/example_dags/example_task_group_decorator.py for tasks to queue
[2024-05-11T15:17:17.375-0300] {logging_mixin.py:188} INFO - [2024-05-11T15:17:17.374-0300] {dagbag.py:545} INFO - Filling up the DagBag from /home/patricia/Documentos/airflow/airflow_venv/lib/python3.10/site-packages/airflow/example_dags/example_task_group_decorator.py
[2024-05-11T15:17:17.393-0300] {processor.py:840} INFO - DAG(s) 'example_task_group_decorator' retrieved from /home/patricia/Documentos/airflow/airflow_venv/lib/python3.10/site-packages/airflow/example_dags/example_task_group_decorator.py
[2024-05-11T15:17:17.417-0300] {logging_mixin.py:188} INFO - [2024-05-11T15:17:17.417-0300] {dag.py:3096} INFO - Sync 1 DAGs
[2024-05-11T15:17:17.441-0300] {logging_mixin.py:188} INFO - [2024-05-11T15:17:17.441-0300] {dag.py:3954} INFO - Setting next_dagrun for example_task_group_decorator to 2024-05-10 00:00:00+00:00, run_after=2024-05-11 00:00:00+00:00
[2024-05-11T15:17:17.479-0300] {processor.py:183} INFO - Processing /home/patricia/Documentos/airflow/airflow_venv/lib/python3.10/site-packages/airflow/example_dags/example_task_group_decorator.py took 0.121 seconds
[2024-05-11T15:18:24.092-0300] {processor.py:161} INFO - Started process (PID=5622) to work on /home/patricia/Documentos/airflow/airflow_venv/lib/python3.10/site-packages/airflow/example_dags/example_task_group_decorator.py
[2024-05-11T15:18:24.107-0300] {processor.py:830} INFO - Processing file /home/patricia/Documentos/airflow/airflow_venv/lib/python3.10/site-packages/airflow/example_dags/example_task_group_decorator.py for tasks to queue
[2024-05-11T15:18:24.110-0300] {logging_mixin.py:188} INFO - [2024-05-11T15:18:24.109-0300] {dagbag.py:545} INFO - Filling up the DagBag from /home/patricia/Documentos/airflow/airflow_venv/lib/python3.10/site-packages/airflow/example_dags/example_task_group_decorator.py
[2024-05-11T15:18:24.136-0300] {processor.py:840} INFO - DAG(s) 'example_task_group_decorator' retrieved from /home/patricia/Documentos/airflow/airflow_venv/lib/python3.10/site-packages/airflow/example_dags/example_task_group_decorator.py
[2024-05-11T15:18:24.172-0300] {logging_mixin.py:188} INFO - [2024-05-11T15:18:24.172-0300] {dag.py:3096} INFO - Sync 1 DAGs
[2024-05-11T15:18:24.206-0300] {logging_mixin.py:188} INFO - [2024-05-11T15:18:24.206-0300] {dag.py:3954} INFO - Setting next_dagrun for example_task_group_decorator to 2024-05-10 00:00:00+00:00, run_after=2024-05-11 00:00:00+00:00
[2024-05-11T15:18:24.245-0300] {processor.py:183} INFO - Processing /home/patricia/Documentos/airflow/airflow_venv/lib/python3.10/site-packages/airflow/example_dags/example_task_group_decorator.py took 0.160 seconds
[2024-05-11T15:19:33.313-0300] {processor.py:161} INFO - Started process (PID=5997) to work on /home/patricia/Documentos/airflow/airflow_venv/lib/python3.10/site-packages/airflow/example_dags/example_task_group_decorator.py
[2024-05-11T15:19:33.334-0300] {processor.py:830} INFO - Processing file /home/patricia/Documentos/airflow/airflow_venv/lib/python3.10/site-packages/airflow/example_dags/example_task_group_decorator.py for tasks to queue
[2024-05-11T15:19:33.338-0300] {logging_mixin.py:188} INFO - [2024-05-11T15:19:33.337-0300] {dagbag.py:545} INFO - Filling up the DagBag from /home/patricia/Documentos/airflow/airflow_venv/lib/python3.10/site-packages/airflow/example_dags/example_task_group_decorator.py
[2024-05-11T15:19:33.363-0300] {processor.py:840} INFO - DAG(s) 'example_task_group_decorator' retrieved from /home/patricia/Documentos/airflow/airflow_venv/lib/python3.10/site-packages/airflow/example_dags/example_task_group_decorator.py
[2024-05-11T15:19:33.422-0300] {logging_mixin.py:188} INFO - [2024-05-11T15:19:33.416-0300] {dag.py:3096} INFO - Sync 1 DAGs
[2024-05-11T15:19:33.557-0300] {logging_mixin.py:188} INFO - [2024-05-11T15:19:33.556-0300] {dag.py:3954} INFO - Setting next_dagrun for example_task_group_decorator to 2024-05-10 00:00:00+00:00, run_after=2024-05-11 00:00:00+00:00
[2024-05-11T15:19:33.631-0300] {processor.py:183} INFO - Processing /home/patricia/Documentos/airflow/airflow_venv/lib/python3.10/site-packages/airflow/example_dags/example_task_group_decorator.py took 0.340 seconds
[2024-05-11T15:21:14.778-0300] {processor.py:161} INFO - Started process (PID=6172) to work on /home/patricia/Documentos/airflow/airflow_venv/lib/python3.10/site-packages/airflow/example_dags/example_task_group_decorator.py
[2024-05-11T15:21:14.785-0300] {processor.py:830} INFO - Processing file /home/patricia/Documentos/airflow/airflow_venv/lib/python3.10/site-packages/airflow/example_dags/example_task_group_decorator.py for tasks to queue
[2024-05-11T15:21:14.792-0300] {logging_mixin.py:188} INFO - [2024-05-11T15:21:14.790-0300] {dagbag.py:545} INFO - Filling up the DagBag from /home/patricia/Documentos/airflow/airflow_venv/lib/python3.10/site-packages/airflow/example_dags/example_task_group_decorator.py
[2024-05-11T15:21:14.901-0300] {processor.py:840} INFO - DAG(s) 'example_task_group_decorator' retrieved from /home/patricia/Documentos/airflow/airflow_venv/lib/python3.10/site-packages/airflow/example_dags/example_task_group_decorator.py
[2024-05-11T15:21:14.988-0300] {logging_mixin.py:188} INFO - [2024-05-11T15:21:14.988-0300] {dag.py:3096} INFO - Sync 1 DAGs
[2024-05-11T15:21:15.037-0300] {logging_mixin.py:188} INFO - [2024-05-11T15:21:15.037-0300] {dag.py:3954} INFO - Setting next_dagrun for example_task_group_decorator to 2024-05-10 00:00:00+00:00, run_after=2024-05-11 00:00:00+00:00
[2024-05-11T15:21:15.072-0300] {processor.py:183} INFO - Processing /home/patricia/Documentos/airflow/airflow_venv/lib/python3.10/site-packages/airflow/example_dags/example_task_group_decorator.py took 0.316 seconds
[2024-05-11T15:22:38.493-0300] {processor.py:161} INFO - Started process (PID=6342) to work on /home/patricia/Documentos/airflow/airflow_venv/lib/python3.10/site-packages/airflow/example_dags/example_task_group_decorator.py
[2024-05-11T15:22:38.524-0300] {processor.py:830} INFO - Processing file /home/patricia/Documentos/airflow/airflow_venv/lib/python3.10/site-packages/airflow/example_dags/example_task_group_decorator.py for tasks to queue
[2024-05-11T15:22:38.530-0300] {logging_mixin.py:188} INFO - [2024-05-11T15:22:38.529-0300] {dagbag.py:545} INFO - Filling up the DagBag from /home/patricia/Documentos/airflow/airflow_venv/lib/python3.10/site-packages/airflow/example_dags/example_task_group_decorator.py
[2024-05-11T15:22:38.556-0300] {processor.py:840} INFO - DAG(s) 'example_task_group_decorator' retrieved from /home/patricia/Documentos/airflow/airflow_venv/lib/python3.10/site-packages/airflow/example_dags/example_task_group_decorator.py
[2024-05-11T15:22:38.615-0300] {logging_mixin.py:188} INFO - [2024-05-11T15:22:38.614-0300] {dag.py:3096} INFO - Sync 1 DAGs
[2024-05-11T15:22:38.667-0300] {logging_mixin.py:188} INFO - [2024-05-11T15:22:38.667-0300] {dag.py:3954} INFO - Setting next_dagrun for example_task_group_decorator to 2024-05-10 00:00:00+00:00, run_after=2024-05-11 00:00:00+00:00
[2024-05-11T15:22:38.703-0300] {processor.py:183} INFO - Processing /home/patricia/Documentos/airflow/airflow_venv/lib/python3.10/site-packages/airflow/example_dags/example_task_group_decorator.py took 0.220 seconds
[2024-05-11T15:23:39.415-0300] {processor.py:161} INFO - Started process (PID=6477) to work on /home/patricia/Documentos/airflow/airflow_venv/lib/python3.10/site-packages/airflow/example_dags/example_task_group_decorator.py
[2024-05-11T15:23:39.422-0300] {processor.py:830} INFO - Processing file /home/patricia/Documentos/airflow/airflow_venv/lib/python3.10/site-packages/airflow/example_dags/example_task_group_decorator.py for tasks to queue
[2024-05-11T15:23:39.434-0300] {logging_mixin.py:188} INFO - [2024-05-11T15:23:39.431-0300] {dagbag.py:545} INFO - Filling up the DagBag from /home/patricia/Documentos/airflow/airflow_venv/lib/python3.10/site-packages/airflow/example_dags/example_task_group_decorator.py
[2024-05-11T15:23:39.479-0300] {processor.py:840} INFO - DAG(s) 'example_task_group_decorator' retrieved from /home/patricia/Documentos/airflow/airflow_venv/lib/python3.10/site-packages/airflow/example_dags/example_task_group_decorator.py
[2024-05-11T15:23:39.536-0300] {logging_mixin.py:188} INFO - [2024-05-11T15:23:39.535-0300] {dag.py:3096} INFO - Sync 1 DAGs
[2024-05-11T15:23:39.596-0300] {logging_mixin.py:188} INFO - [2024-05-11T15:23:39.596-0300] {dag.py:3954} INFO - Setting next_dagrun for example_task_group_decorator to 2024-05-10 00:00:00+00:00, run_after=2024-05-11 00:00:00+00:00
[2024-05-11T15:23:39.687-0300] {processor.py:183} INFO - Processing /home/patricia/Documentos/airflow/airflow_venv/lib/python3.10/site-packages/airflow/example_dags/example_task_group_decorator.py took 0.285 seconds
[2024-05-11T15:24:40.398-0300] {processor.py:161} INFO - Started process (PID=6588) to work on /home/patricia/Documentos/airflow/airflow_venv/lib/python3.10/site-packages/airflow/example_dags/example_task_group_decorator.py
[2024-05-11T15:24:40.401-0300] {processor.py:830} INFO - Processing file /home/patricia/Documentos/airflow/airflow_venv/lib/python3.10/site-packages/airflow/example_dags/example_task_group_decorator.py for tasks to queue
[2024-05-11T15:24:40.404-0300] {logging_mixin.py:188} INFO - [2024-05-11T15:24:40.403-0300] {dagbag.py:545} INFO - Filling up the DagBag from /home/patricia/Documentos/airflow/airflow_venv/lib/python3.10/site-packages/airflow/example_dags/example_task_group_decorator.py
[2024-05-11T15:24:40.422-0300] {processor.py:840} INFO - DAG(s) 'example_task_group_decorator' retrieved from /home/patricia/Documentos/airflow/airflow_venv/lib/python3.10/site-packages/airflow/example_dags/example_task_group_decorator.py
[2024-05-11T15:24:40.447-0300] {logging_mixin.py:188} INFO - [2024-05-11T15:24:40.447-0300] {dag.py:3096} INFO - Sync 1 DAGs
[2024-05-11T15:24:40.470-0300] {logging_mixin.py:188} INFO - [2024-05-11T15:24:40.470-0300] {dag.py:3954} INFO - Setting next_dagrun for example_task_group_decorator to 2024-05-10 00:00:00+00:00, run_after=2024-05-11 00:00:00+00:00
[2024-05-11T15:24:40.538-0300] {processor.py:183} INFO - Processing /home/patricia/Documentos/airflow/airflow_venv/lib/python3.10/site-packages/airflow/example_dags/example_task_group_decorator.py took 0.149 seconds
[2024-05-11T15:26:39.163-0300] {processor.py:161} INFO - Started process (PID=7548) to work on /home/patricia/Documentos/airflow/airflow_venv/lib/python3.10/site-packages/airflow/example_dags/example_task_group_decorator.py
[2024-05-11T15:26:39.179-0300] {processor.py:830} INFO - Processing file /home/patricia/Documentos/airflow/airflow_venv/lib/python3.10/site-packages/airflow/example_dags/example_task_group_decorator.py for tasks to queue
[2024-05-11T15:26:39.184-0300] {logging_mixin.py:188} INFO - [2024-05-11T15:26:39.184-0300] {dagbag.py:545} INFO - Filling up the DagBag from /home/patricia/Documentos/airflow/airflow_venv/lib/python3.10/site-packages/airflow/example_dags/example_task_group_decorator.py
[2024-05-11T15:26:39.206-0300] {processor.py:840} INFO - DAG(s) 'example_task_group_decorator' retrieved from /home/patricia/Documentos/airflow/airflow_venv/lib/python3.10/site-packages/airflow/example_dags/example_task_group_decorator.py
[2024-05-11T15:26:39.545-0300] {logging_mixin.py:188} INFO - [2024-05-11T15:26:39.544-0300] {dag.py:3096} INFO - Sync 1 DAGs
[2024-05-11T15:26:39.740-0300] {logging_mixin.py:188} INFO - [2024-05-11T15:26:39.740-0300] {dag.py:3954} INFO - Setting next_dagrun for example_task_group_decorator to 2024-05-10 00:00:00+00:00, run_after=2024-05-11 00:00:00+00:00
[2024-05-11T15:26:39.802-0300] {processor.py:183} INFO - Processing /home/patricia/Documentos/airflow/airflow_venv/lib/python3.10/site-packages/airflow/example_dags/example_task_group_decorator.py took 0.649 seconds
[2024-05-11T15:28:00.665-0300] {processor.py:161} INFO - Started process (PID=7711) to work on /home/patricia/Documentos/airflow/airflow_venv/lib/python3.10/site-packages/airflow/example_dags/example_task_group_decorator.py
[2024-05-11T15:28:00.670-0300] {processor.py:830} INFO - Processing file /home/patricia/Documentos/airflow/airflow_venv/lib/python3.10/site-packages/airflow/example_dags/example_task_group_decorator.py for tasks to queue
[2024-05-11T15:28:00.675-0300] {logging_mixin.py:188} INFO - [2024-05-11T15:28:00.674-0300] {dagbag.py:545} INFO - Filling up the DagBag from /home/patricia/Documentos/airflow/airflow_venv/lib/python3.10/site-packages/airflow/example_dags/example_task_group_decorator.py
[2024-05-11T15:28:00.701-0300] {processor.py:840} INFO - DAG(s) 'example_task_group_decorator' retrieved from /home/patricia/Documentos/airflow/airflow_venv/lib/python3.10/site-packages/airflow/example_dags/example_task_group_decorator.py
[2024-05-11T15:28:00.806-0300] {logging_mixin.py:188} INFO - [2024-05-11T15:28:00.806-0300] {dag.py:3096} INFO - Sync 1 DAGs
[2024-05-11T15:28:00.835-0300] {logging_mixin.py:188} INFO - [2024-05-11T15:28:00.835-0300] {dag.py:3954} INFO - Setting next_dagrun for example_task_group_decorator to 2024-05-10 00:00:00+00:00, run_after=2024-05-11 00:00:00+00:00
[2024-05-11T15:28:00.927-0300] {processor.py:183} INFO - Processing /home/patricia/Documentos/airflow/airflow_venv/lib/python3.10/site-packages/airflow/example_dags/example_task_group_decorator.py took 0.270 seconds
[2024-05-11T15:29:17.484-0300] {processor.py:161} INFO - Started process (PID=7857) to work on /home/patricia/Documentos/airflow/airflow_venv/lib/python3.10/site-packages/airflow/example_dags/example_task_group_decorator.py
[2024-05-11T15:29:17.487-0300] {processor.py:830} INFO - Processing file /home/patricia/Documentos/airflow/airflow_venv/lib/python3.10/site-packages/airflow/example_dags/example_task_group_decorator.py for tasks to queue
[2024-05-11T15:29:17.491-0300] {logging_mixin.py:188} INFO - [2024-05-11T15:29:17.490-0300] {dagbag.py:545} INFO - Filling up the DagBag from /home/patricia/Documentos/airflow/airflow_venv/lib/python3.10/site-packages/airflow/example_dags/example_task_group_decorator.py
[2024-05-11T15:29:17.747-0300] {processor.py:840} INFO - DAG(s) 'example_task_group_decorator' retrieved from /home/patricia/Documentos/airflow/airflow_venv/lib/python3.10/site-packages/airflow/example_dags/example_task_group_decorator.py
[2024-05-11T15:29:17.782-0300] {logging_mixin.py:188} INFO - [2024-05-11T15:29:17.782-0300] {dag.py:3096} INFO - Sync 1 DAGs
[2024-05-11T15:29:17.826-0300] {logging_mixin.py:188} INFO - [2024-05-11T15:29:17.825-0300] {dag.py:3954} INFO - Setting next_dagrun for example_task_group_decorator to 2024-05-10 00:00:00+00:00, run_after=2024-05-11 00:00:00+00:00
[2024-05-11T15:29:17.879-0300] {processor.py:183} INFO - Processing /home/patricia/Documentos/airflow/airflow_venv/lib/python3.10/site-packages/airflow/example_dags/example_task_group_decorator.py took 0.403 seconds
[2024-05-11T15:30:49.312-0300] {processor.py:161} INFO - Started process (PID=8059) to work on /home/patricia/Documentos/airflow/airflow_venv/lib/python3.10/site-packages/airflow/example_dags/example_task_group_decorator.py
[2024-05-11T15:30:49.315-0300] {processor.py:830} INFO - Processing file /home/patricia/Documentos/airflow/airflow_venv/lib/python3.10/site-packages/airflow/example_dags/example_task_group_decorator.py for tasks to queue
[2024-05-11T15:30:49.321-0300] {logging_mixin.py:188} INFO - [2024-05-11T15:30:49.320-0300] {dagbag.py:545} INFO - Filling up the DagBag from /home/patricia/Documentos/airflow/airflow_venv/lib/python3.10/site-packages/airflow/example_dags/example_task_group_decorator.py
[2024-05-11T15:30:49.343-0300] {processor.py:840} INFO - DAG(s) 'example_task_group_decorator' retrieved from /home/patricia/Documentos/airflow/airflow_venv/lib/python3.10/site-packages/airflow/example_dags/example_task_group_decorator.py
[2024-05-11T15:30:49.379-0300] {logging_mixin.py:188} INFO - [2024-05-11T15:30:49.378-0300] {dag.py:3096} INFO - Sync 1 DAGs
[2024-05-11T15:30:49.415-0300] {logging_mixin.py:188} INFO - [2024-05-11T15:30:49.414-0300] {dag.py:3954} INFO - Setting next_dagrun for example_task_group_decorator to 2024-05-10 00:00:00+00:00, run_after=2024-05-11 00:00:00+00:00
[2024-05-11T15:30:49.453-0300] {processor.py:183} INFO - Processing /home/patricia/Documentos/airflow/airflow_venv/lib/python3.10/site-packages/airflow/example_dags/example_task_group_decorator.py took 0.149 seconds
[2024-05-11T15:31:56.335-0300] {processor.py:161} INFO - Started process (PID=8243) to work on /home/patricia/Documentos/airflow/airflow_venv/lib/python3.10/site-packages/airflow/example_dags/example_task_group_decorator.py
[2024-05-11T15:31:56.337-0300] {processor.py:830} INFO - Processing file /home/patricia/Documentos/airflow/airflow_venv/lib/python3.10/site-packages/airflow/example_dags/example_task_group_decorator.py for tasks to queue
[2024-05-11T15:31:56.340-0300] {logging_mixin.py:188} INFO - [2024-05-11T15:31:56.339-0300] {dagbag.py:545} INFO - Filling up the DagBag from /home/patricia/Documentos/airflow/airflow_venv/lib/python3.10/site-packages/airflow/example_dags/example_task_group_decorator.py
[2024-05-11T15:31:56.355-0300] {processor.py:840} INFO - DAG(s) 'example_task_group_decorator' retrieved from /home/patricia/Documentos/airflow/airflow_venv/lib/python3.10/site-packages/airflow/example_dags/example_task_group_decorator.py
[2024-05-11T15:31:56.378-0300] {logging_mixin.py:188} INFO - [2024-05-11T15:31:56.378-0300] {dag.py:3096} INFO - Sync 1 DAGs
[2024-05-11T15:31:56.399-0300] {logging_mixin.py:188} INFO - [2024-05-11T15:31:56.398-0300] {dag.py:3954} INFO - Setting next_dagrun for example_task_group_decorator to 2024-05-10 00:00:00+00:00, run_after=2024-05-11 00:00:00+00:00
[2024-05-11T15:31:56.430-0300] {processor.py:183} INFO - Processing /home/patricia/Documentos/airflow/airflow_venv/lib/python3.10/site-packages/airflow/example_dags/example_task_group_decorator.py took 0.102 seconds
[2024-05-11T15:32:58.205-0300] {processor.py:161} INFO - Started process (PID=8612) to work on /home/patricia/Documentos/airflow/airflow_venv/lib/python3.10/site-packages/airflow/example_dags/example_task_group_decorator.py
[2024-05-11T15:32:58.213-0300] {processor.py:830} INFO - Processing file /home/patricia/Documentos/airflow/airflow_venv/lib/python3.10/site-packages/airflow/example_dags/example_task_group_decorator.py for tasks to queue
[2024-05-11T15:32:58.217-0300] {logging_mixin.py:188} INFO - [2024-05-11T15:32:58.216-0300] {dagbag.py:545} INFO - Filling up the DagBag from /home/patricia/Documentos/airflow/airflow_venv/lib/python3.10/site-packages/airflow/example_dags/example_task_group_decorator.py
[2024-05-11T15:32:58.400-0300] {processor.py:840} INFO - DAG(s) 'example_task_group_decorator' retrieved from /home/patricia/Documentos/airflow/airflow_venv/lib/python3.10/site-packages/airflow/example_dags/example_task_group_decorator.py
[2024-05-11T15:32:58.480-0300] {logging_mixin.py:188} INFO - [2024-05-11T15:32:58.479-0300] {dag.py:3096} INFO - Sync 1 DAGs
[2024-05-11T15:32:58.550-0300] {logging_mixin.py:188} INFO - [2024-05-11T15:32:58.549-0300] {dag.py:3954} INFO - Setting next_dagrun for example_task_group_decorator to 2024-05-10 00:00:00+00:00, run_after=2024-05-11 00:00:00+00:00
[2024-05-11T15:32:58.792-0300] {processor.py:183} INFO - Processing /home/patricia/Documentos/airflow/airflow_venv/lib/python3.10/site-packages/airflow/example_dags/example_task_group_decorator.py took 0.602 seconds
[2024-05-11T15:34:11.971-0300] {processor.py:161} INFO - Started process (PID=9258) to work on /home/patricia/Documentos/airflow/airflow_venv/lib/python3.10/site-packages/airflow/example_dags/example_task_group_decorator.py
[2024-05-11T15:34:11.980-0300] {processor.py:830} INFO - Processing file /home/patricia/Documentos/airflow/airflow_venv/lib/python3.10/site-packages/airflow/example_dags/example_task_group_decorator.py for tasks to queue
[2024-05-11T15:34:11.990-0300] {logging_mixin.py:188} INFO - [2024-05-11T15:34:11.989-0300] {dagbag.py:545} INFO - Filling up the DagBag from /home/patricia/Documentos/airflow/airflow_venv/lib/python3.10/site-packages/airflow/example_dags/example_task_group_decorator.py
[2024-05-11T15:34:12.060-0300] {processor.py:840} INFO - DAG(s) 'example_task_group_decorator' retrieved from /home/patricia/Documentos/airflow/airflow_venv/lib/python3.10/site-packages/airflow/example_dags/example_task_group_decorator.py
[2024-05-11T15:34:12.153-0300] {logging_mixin.py:188} INFO - [2024-05-11T15:34:12.153-0300] {dag.py:3096} INFO - Sync 1 DAGs
[2024-05-11T15:34:12.221-0300] {logging_mixin.py:188} INFO - [2024-05-11T15:34:12.221-0300] {dag.py:3954} INFO - Setting next_dagrun for example_task_group_decorator to 2024-05-10 00:00:00+00:00, run_after=2024-05-11 00:00:00+00:00
[2024-05-11T15:34:12.347-0300] {processor.py:183} INFO - Processing /home/patricia/Documentos/airflow/airflow_venv/lib/python3.10/site-packages/airflow/example_dags/example_task_group_decorator.py took 0.413 seconds
[2024-05-11T15:35:30.359-0300] {processor.py:161} INFO - Started process (PID=9503) to work on /home/patricia/Documentos/airflow/airflow_venv/lib/python3.10/site-packages/airflow/example_dags/example_task_group_decorator.py
[2024-05-11T15:35:30.362-0300] {processor.py:830} INFO - Processing file /home/patricia/Documentos/airflow/airflow_venv/lib/python3.10/site-packages/airflow/example_dags/example_task_group_decorator.py for tasks to queue
[2024-05-11T15:35:30.364-0300] {logging_mixin.py:188} INFO - [2024-05-11T15:35:30.364-0300] {dagbag.py:545} INFO - Filling up the DagBag from /home/patricia/Documentos/airflow/airflow_venv/lib/python3.10/site-packages/airflow/example_dags/example_task_group_decorator.py
[2024-05-11T15:35:30.383-0300] {processor.py:840} INFO - DAG(s) 'example_task_group_decorator' retrieved from /home/patricia/Documentos/airflow/airflow_venv/lib/python3.10/site-packages/airflow/example_dags/example_task_group_decorator.py
[2024-05-11T15:35:30.408-0300] {logging_mixin.py:188} INFO - [2024-05-11T15:35:30.407-0300] {dag.py:3096} INFO - Sync 1 DAGs
[2024-05-11T15:35:30.429-0300] {logging_mixin.py:188} INFO - [2024-05-11T15:35:30.428-0300] {dag.py:3954} INFO - Setting next_dagrun for example_task_group_decorator to 2024-05-10 00:00:00+00:00, run_after=2024-05-11 00:00:00+00:00
[2024-05-11T15:35:30.463-0300] {processor.py:183} INFO - Processing /home/patricia/Documentos/airflow/airflow_venv/lib/python3.10/site-packages/airflow/example_dags/example_task_group_decorator.py took 0.111 seconds
[2024-05-11T15:36:48.696-0300] {processor.py:161} INFO - Started process (PID=9635) to work on /home/patricia/Documentos/airflow/airflow_venv/lib/python3.10/site-packages/airflow/example_dags/example_task_group_decorator.py
[2024-05-11T15:36:48.706-0300] {processor.py:830} INFO - Processing file /home/patricia/Documentos/airflow/airflow_venv/lib/python3.10/site-packages/airflow/example_dags/example_task_group_decorator.py for tasks to queue
[2024-05-11T15:36:48.717-0300] {logging_mixin.py:188} INFO - [2024-05-11T15:36:48.712-0300] {dagbag.py:545} INFO - Filling up the DagBag from /home/patricia/Documentos/airflow/airflow_venv/lib/python3.10/site-packages/airflow/example_dags/example_task_group_decorator.py
[2024-05-11T15:36:48.817-0300] {processor.py:840} INFO - DAG(s) 'example_task_group_decorator' retrieved from /home/patricia/Documentos/airflow/airflow_venv/lib/python3.10/site-packages/airflow/example_dags/example_task_group_decorator.py
[2024-05-11T15:36:48.934-0300] {logging_mixin.py:188} INFO - [2024-05-11T15:36:48.934-0300] {dag.py:3096} INFO - Sync 1 DAGs
[2024-05-11T15:36:48.970-0300] {logging_mixin.py:188} INFO - [2024-05-11T15:36:48.969-0300] {dag.py:3954} INFO - Setting next_dagrun for example_task_group_decorator to 2024-05-10 00:00:00+00:00, run_after=2024-05-11 00:00:00+00:00
[2024-05-11T15:36:49.017-0300] {processor.py:183} INFO - Processing /home/patricia/Documentos/airflow/airflow_venv/lib/python3.10/site-packages/airflow/example_dags/example_task_group_decorator.py took 0.347 seconds
[2024-05-11T15:38:57.106-0300] {processor.py:161} INFO - Started process (PID=9993) to work on /home/patricia/Documentos/airflow/airflow_venv/lib/python3.10/site-packages/airflow/example_dags/example_task_group_decorator.py
[2024-05-11T15:38:57.114-0300] {processor.py:830} INFO - Processing file /home/patricia/Documentos/airflow/airflow_venv/lib/python3.10/site-packages/airflow/example_dags/example_task_group_decorator.py for tasks to queue
[2024-05-11T15:38:57.131-0300] {logging_mixin.py:188} INFO - [2024-05-11T15:38:57.130-0300] {dagbag.py:545} INFO - Filling up the DagBag from /home/patricia/Documentos/airflow/airflow_venv/lib/python3.10/site-packages/airflow/example_dags/example_task_group_decorator.py
[2024-05-11T15:38:57.163-0300] {processor.py:840} INFO - DAG(s) 'example_task_group_decorator' retrieved from /home/patricia/Documentos/airflow/airflow_venv/lib/python3.10/site-packages/airflow/example_dags/example_task_group_decorator.py
[2024-05-11T15:38:57.187-0300] {logging_mixin.py:188} INFO - [2024-05-11T15:38:57.186-0300] {dag.py:3096} INFO - Sync 1 DAGs
[2024-05-11T15:38:57.209-0300] {logging_mixin.py:188} INFO - [2024-05-11T15:38:57.209-0300] {dag.py:3954} INFO - Setting next_dagrun for example_task_group_decorator to 2024-05-10 00:00:00+00:00, run_after=2024-05-11 00:00:00+00:00
[2024-05-11T15:38:57.246-0300] {processor.py:183} INFO - Processing /home/patricia/Documentos/airflow/airflow_venv/lib/python3.10/site-packages/airflow/example_dags/example_task_group_decorator.py took 0.148 seconds
[2024-05-11T15:40:13.421-0300] {processor.py:161} INFO - Started process (PID=10367) to work on /home/patricia/Documentos/airflow/airflow_venv/lib/python3.10/site-packages/airflow/example_dags/example_task_group_decorator.py
[2024-05-11T15:40:13.430-0300] {processor.py:830} INFO - Processing file /home/patricia/Documentos/airflow/airflow_venv/lib/python3.10/site-packages/airflow/example_dags/example_task_group_decorator.py for tasks to queue
[2024-05-11T15:40:13.436-0300] {logging_mixin.py:188} INFO - [2024-05-11T15:40:13.435-0300] {dagbag.py:545} INFO - Filling up the DagBag from /home/patricia/Documentos/airflow/airflow_venv/lib/python3.10/site-packages/airflow/example_dags/example_task_group_decorator.py
[2024-05-11T15:40:13.486-0300] {processor.py:840} INFO - DAG(s) 'example_task_group_decorator' retrieved from /home/patricia/Documentos/airflow/airflow_venv/lib/python3.10/site-packages/airflow/example_dags/example_task_group_decorator.py
[2024-05-11T15:40:13.557-0300] {logging_mixin.py:188} INFO - [2024-05-11T15:40:13.557-0300] {dag.py:3096} INFO - Sync 1 DAGs
[2024-05-11T15:40:13.612-0300] {logging_mixin.py:188} INFO - [2024-05-11T15:40:13.612-0300] {dag.py:3954} INFO - Setting next_dagrun for example_task_group_decorator to 2024-05-10 00:00:00+00:00, run_after=2024-05-11 00:00:00+00:00
[2024-05-11T15:40:13.696-0300] {processor.py:183} INFO - Processing /home/patricia/Documentos/airflow/airflow_venv/lib/python3.10/site-packages/airflow/example_dags/example_task_group_decorator.py took 0.298 seconds
[2024-05-11T16:28:35.450-0300] {processor.py:161} INFO - Started process (PID=11024) to work on /home/patricia/Documentos/airflow/airflow_venv/lib/python3.10/site-packages/airflow/example_dags/example_task_group_decorator.py
[2024-05-11T16:28:35.462-0300] {processor.py:830} INFO - Processing file /home/patricia/Documentos/airflow/airflow_venv/lib/python3.10/site-packages/airflow/example_dags/example_task_group_decorator.py for tasks to queue
[2024-05-11T16:28:35.471-0300] {logging_mixin.py:188} INFO - [2024-05-11T16:28:35.470-0300] {dagbag.py:545} INFO - Filling up the DagBag from /home/patricia/Documentos/airflow/airflow_venv/lib/python3.10/site-packages/airflow/example_dags/example_task_group_decorator.py
[2024-05-11T16:28:35.594-0300] {processor.py:840} INFO - DAG(s) 'example_task_group_decorator' retrieved from /home/patricia/Documentos/airflow/airflow_venv/lib/python3.10/site-packages/airflow/example_dags/example_task_group_decorator.py
[2024-05-11T16:28:35.846-0300] {logging_mixin.py:188} INFO - [2024-05-11T16:28:35.843-0300] {dag.py:3096} INFO - Sync 1 DAGs
[2024-05-11T16:28:36.079-0300] {logging_mixin.py:188} INFO - [2024-05-11T16:28:36.079-0300] {dag.py:3954} INFO - Setting next_dagrun for example_task_group_decorator to 2024-05-10 00:00:00+00:00, run_after=2024-05-11 00:00:00+00:00
[2024-05-11T16:28:36.159-0300] {processor.py:183} INFO - Processing /home/patricia/Documentos/airflow/airflow_venv/lib/python3.10/site-packages/airflow/example_dags/example_task_group_decorator.py took 0.735 seconds
[2024-05-11T16:30:48.939-0300] {processor.py:161} INFO - Started process (PID=11288) to work on /home/patricia/Documentos/airflow/airflow_venv/lib/python3.10/site-packages/airflow/example_dags/example_task_group_decorator.py
[2024-05-11T16:30:48.947-0300] {processor.py:830} INFO - Processing file /home/patricia/Documentos/airflow/airflow_venv/lib/python3.10/site-packages/airflow/example_dags/example_task_group_decorator.py for tasks to queue
[2024-05-11T16:30:48.957-0300] {logging_mixin.py:188} INFO - [2024-05-11T16:30:48.955-0300] {dagbag.py:545} INFO - Filling up the DagBag from /home/patricia/Documentos/airflow/airflow_venv/lib/python3.10/site-packages/airflow/example_dags/example_task_group_decorator.py
[2024-05-11T16:30:49.045-0300] {processor.py:840} INFO - DAG(s) 'example_task_group_decorator' retrieved from /home/patricia/Documentos/airflow/airflow_venv/lib/python3.10/site-packages/airflow/example_dags/example_task_group_decorator.py
[2024-05-11T16:30:49.127-0300] {logging_mixin.py:188} INFO - [2024-05-11T16:30:49.127-0300] {dag.py:3096} INFO - Sync 1 DAGs
[2024-05-11T16:30:49.187-0300] {logging_mixin.py:188} INFO - [2024-05-11T16:30:49.186-0300] {dag.py:3954} INFO - Setting next_dagrun for example_task_group_decorator to 2024-05-10 00:00:00+00:00, run_after=2024-05-11 00:00:00+00:00
[2024-05-11T16:30:49.356-0300] {processor.py:183} INFO - Processing /home/patricia/Documentos/airflow/airflow_venv/lib/python3.10/site-packages/airflow/example_dags/example_task_group_decorator.py took 0.524 seconds
[2024-05-11T16:32:15.532-0300] {processor.py:161} INFO - Started process (PID=11431) to work on /home/patricia/Documentos/airflow/airflow_venv/lib/python3.10/site-packages/airflow/example_dags/example_task_group_decorator.py
[2024-05-11T16:32:15.543-0300] {processor.py:830} INFO - Processing file /home/patricia/Documentos/airflow/airflow_venv/lib/python3.10/site-packages/airflow/example_dags/example_task_group_decorator.py for tasks to queue
[2024-05-11T16:32:15.552-0300] {logging_mixin.py:188} INFO - [2024-05-11T16:32:15.551-0300] {dagbag.py:545} INFO - Filling up the DagBag from /home/patricia/Documentos/airflow/airflow_venv/lib/python3.10/site-packages/airflow/example_dags/example_task_group_decorator.py
[2024-05-11T16:32:15.605-0300] {processor.py:840} INFO - DAG(s) 'example_task_group_decorator' retrieved from /home/patricia/Documentos/airflow/airflow_venv/lib/python3.10/site-packages/airflow/example_dags/example_task_group_decorator.py
[2024-05-11T16:32:16.062-0300] {logging_mixin.py:188} INFO - [2024-05-11T16:32:16.061-0300] {dag.py:3096} INFO - Sync 1 DAGs
[2024-05-11T16:32:16.157-0300] {logging_mixin.py:188} INFO - [2024-05-11T16:32:16.157-0300] {dag.py:3954} INFO - Setting next_dagrun for example_task_group_decorator to 2024-05-10 00:00:00+00:00, run_after=2024-05-11 00:00:00+00:00
[2024-05-11T16:32:16.290-0300] {processor.py:183} INFO - Processing /home/patricia/Documentos/airflow/airflow_venv/lib/python3.10/site-packages/airflow/example_dags/example_task_group_decorator.py took 0.774 seconds
[2024-05-11T16:34:05.123-0300] {processor.py:161} INFO - Started process (PID=11686) to work on /home/patricia/Documentos/airflow/airflow_venv/lib/python3.10/site-packages/airflow/example_dags/example_task_group_decorator.py
[2024-05-11T16:34:05.130-0300] {processor.py:830} INFO - Processing file /home/patricia/Documentos/airflow/airflow_venv/lib/python3.10/site-packages/airflow/example_dags/example_task_group_decorator.py for tasks to queue
[2024-05-11T16:34:05.147-0300] {logging_mixin.py:188} INFO - [2024-05-11T16:34:05.146-0300] {dagbag.py:545} INFO - Filling up the DagBag from /home/patricia/Documentos/airflow/airflow_venv/lib/python3.10/site-packages/airflow/example_dags/example_task_group_decorator.py
[2024-05-11T16:34:05.275-0300] {processor.py:840} INFO - DAG(s) 'example_task_group_decorator' retrieved from /home/patricia/Documentos/airflow/airflow_venv/lib/python3.10/site-packages/airflow/example_dags/example_task_group_decorator.py
[2024-05-11T16:34:05.356-0300] {logging_mixin.py:188} INFO - [2024-05-11T16:34:05.356-0300] {dag.py:3096} INFO - Sync 1 DAGs
[2024-05-11T16:34:05.411-0300] {logging_mixin.py:188} INFO - [2024-05-11T16:34:05.410-0300] {dag.py:3954} INFO - Setting next_dagrun for example_task_group_decorator to 2024-05-10 00:00:00+00:00, run_after=2024-05-11 00:00:00+00:00
[2024-05-11T16:34:05.475-0300] {processor.py:183} INFO - Processing /home/patricia/Documentos/airflow/airflow_venv/lib/python3.10/site-packages/airflow/example_dags/example_task_group_decorator.py took 0.375 seconds
[2024-05-11T16:35:43.079-0300] {processor.py:161} INFO - Started process (PID=11838) to work on /home/patricia/Documentos/airflow/airflow_venv/lib/python3.10/site-packages/airflow/example_dags/example_task_group_decorator.py
[2024-05-11T16:35:43.084-0300] {processor.py:830} INFO - Processing file /home/patricia/Documentos/airflow/airflow_venv/lib/python3.10/site-packages/airflow/example_dags/example_task_group_decorator.py for tasks to queue
[2024-05-11T16:35:43.089-0300] {logging_mixin.py:188} INFO - [2024-05-11T16:35:43.088-0300] {dagbag.py:545} INFO - Filling up the DagBag from /home/patricia/Documentos/airflow/airflow_venv/lib/python3.10/site-packages/airflow/example_dags/example_task_group_decorator.py
[2024-05-11T16:35:43.135-0300] {processor.py:840} INFO - DAG(s) 'example_task_group_decorator' retrieved from /home/patricia/Documentos/airflow/airflow_venv/lib/python3.10/site-packages/airflow/example_dags/example_task_group_decorator.py
[2024-05-11T16:35:43.237-0300] {logging_mixin.py:188} INFO - [2024-05-11T16:35:43.236-0300] {dag.py:3096} INFO - Sync 1 DAGs
[2024-05-11T16:35:43.284-0300] {logging_mixin.py:188} INFO - [2024-05-11T16:35:43.284-0300] {dag.py:3954} INFO - Setting next_dagrun for example_task_group_decorator to 2024-05-10 00:00:00+00:00, run_after=2024-05-11 00:00:00+00:00
[2024-05-11T16:35:43.354-0300] {processor.py:183} INFO - Processing /home/patricia/Documentos/airflow/airflow_venv/lib/python3.10/site-packages/airflow/example_dags/example_task_group_decorator.py took 0.336 seconds
