[2024-05-11T15:11:10.971-0300] {processor.py:161} INFO - Started process (PID=4482) to work on /home/patricia/Documentos/airflow/airflow_venv/lib/python3.10/site-packages/airflow/example_dags/example_short_circuit_operator.py
[2024-05-11T15:11:10.977-0300] {processor.py:830} INFO - Processing file /home/patricia/Documentos/airflow/airflow_venv/lib/python3.10/site-packages/airflow/example_dags/example_short_circuit_operator.py for tasks to queue
[2024-05-11T15:11:10.980-0300] {logging_mixin.py:188} INFO - [2024-05-11T15:11:10.979-0300] {dagbag.py:545} INFO - Filling up the DagBag from /home/patricia/Documentos/airflow/airflow_venv/lib/python3.10/site-packages/airflow/example_dags/example_short_circuit_operator.py
[2024-05-11T15:11:10.992-0300] {processor.py:840} INFO - DAG(s) 'example_short_circuit_operator' retrieved from /home/patricia/Documentos/airflow/airflow_venv/lib/python3.10/site-packages/airflow/example_dags/example_short_circuit_operator.py
[2024-05-11T15:11:11.005-0300] {logging_mixin.py:188} INFO - [2024-05-11T15:11:11.005-0300] {dag.py:3096} INFO - Sync 1 DAGs
[2024-05-11T15:11:11.038-0300] {logging_mixin.py:188} INFO - [2024-05-11T15:11:11.036-0300] {dag.py:3954} INFO - Setting next_dagrun for example_short_circuit_operator to 2024-05-10 00:00:00+00:00, run_after=2024-05-11 00:00:00+00:00
[2024-05-11T15:11:11.159-0300] {processor.py:183} INFO - Processing /home/patricia/Documentos/airflow/airflow_venv/lib/python3.10/site-packages/airflow/example_dags/example_short_circuit_operator.py took 0.195 seconds
[2024-05-11T15:12:33.260-0300] {processor.py:161} INFO - Started process (PID=4668) to work on /home/patricia/Documentos/airflow/airflow_venv/lib/python3.10/site-packages/airflow/example_dags/example_short_circuit_operator.py
[2024-05-11T15:12:33.264-0300] {processor.py:830} INFO - Processing file /home/patricia/Documentos/airflow/airflow_venv/lib/python3.10/site-packages/airflow/example_dags/example_short_circuit_operator.py for tasks to queue
[2024-05-11T15:12:33.267-0300] {logging_mixin.py:188} INFO - [2024-05-11T15:12:33.266-0300] {dagbag.py:545} INFO - Filling up the DagBag from /home/patricia/Documentos/airflow/airflow_venv/lib/python3.10/site-packages/airflow/example_dags/example_short_circuit_operator.py
[2024-05-11T15:12:33.278-0300] {processor.py:840} INFO - DAG(s) 'example_short_circuit_operator' retrieved from /home/patricia/Documentos/airflow/airflow_venv/lib/python3.10/site-packages/airflow/example_dags/example_short_circuit_operator.py
[2024-05-11T15:12:33.475-0300] {logging_mixin.py:188} INFO - [2024-05-11T15:12:33.475-0300] {dag.py:3096} INFO - Sync 1 DAGs
[2024-05-11T15:12:33.491-0300] {logging_mixin.py:188} INFO - [2024-05-11T15:12:33.490-0300] {dag.py:3954} INFO - Setting next_dagrun for example_short_circuit_operator to 2024-05-10 00:00:00+00:00, run_after=2024-05-11 00:00:00+00:00
[2024-05-11T15:12:33.520-0300] {processor.py:183} INFO - Processing /home/patricia/Documentos/airflow/airflow_venv/lib/python3.10/site-packages/airflow/example_dags/example_short_circuit_operator.py took 0.269 seconds
[2024-05-11T15:14:03.790-0300] {processor.py:161} INFO - Started process (PID=4807) to work on /home/patricia/Documentos/airflow/airflow_venv/lib/python3.10/site-packages/airflow/example_dags/example_short_circuit_operator.py
[2024-05-11T15:14:03.794-0300] {processor.py:830} INFO - Processing file /home/patricia/Documentos/airflow/airflow_venv/lib/python3.10/site-packages/airflow/example_dags/example_short_circuit_operator.py for tasks to queue
[2024-05-11T15:14:03.798-0300] {logging_mixin.py:188} INFO - [2024-05-11T15:14:03.798-0300] {dagbag.py:545} INFO - Filling up the DagBag from /home/patricia/Documentos/airflow/airflow_venv/lib/python3.10/site-packages/airflow/example_dags/example_short_circuit_operator.py
[2024-05-11T15:14:03.809-0300] {processor.py:840} INFO - DAG(s) 'example_short_circuit_operator' retrieved from /home/patricia/Documentos/airflow/airflow_venv/lib/python3.10/site-packages/airflow/example_dags/example_short_circuit_operator.py
[2024-05-11T15:14:03.836-0300] {logging_mixin.py:188} INFO - [2024-05-11T15:14:03.836-0300] {dag.py:3096} INFO - Sync 1 DAGs
[2024-05-11T15:14:03.863-0300] {logging_mixin.py:188} INFO - [2024-05-11T15:14:03.863-0300] {dag.py:3954} INFO - Setting next_dagrun for example_short_circuit_operator to 2024-05-10 00:00:00+00:00, run_after=2024-05-11 00:00:00+00:00
[2024-05-11T15:14:04.179-0300] {processor.py:183} INFO - Processing /home/patricia/Documentos/airflow/airflow_venv/lib/python3.10/site-packages/airflow/example_dags/example_short_circuit_operator.py took 0.401 seconds
[2024-05-11T15:14:52.704-0300] {processor.py:161} INFO - Started process (PID=4928) to work on /home/patricia/Documentos/airflow/airflow_venv/lib/python3.10/site-packages/airflow/example_dags/example_short_circuit_operator.py
[2024-05-11T15:14:52.707-0300] {processor.py:830} INFO - Processing file /home/patricia/Documentos/airflow/airflow_venv/lib/python3.10/site-packages/airflow/example_dags/example_short_circuit_operator.py for tasks to queue
[2024-05-11T15:14:52.710-0300] {logging_mixin.py:188} INFO - [2024-05-11T15:14:52.709-0300] {dagbag.py:545} INFO - Filling up the DagBag from /home/patricia/Documentos/airflow/airflow_venv/lib/python3.10/site-packages/airflow/example_dags/example_short_circuit_operator.py
[2024-05-11T15:14:52.718-0300] {processor.py:840} INFO - DAG(s) 'example_short_circuit_operator' retrieved from /home/patricia/Documentos/airflow/airflow_venv/lib/python3.10/site-packages/airflow/example_dags/example_short_circuit_operator.py
[2024-05-11T15:14:52.869-0300] {logging_mixin.py:188} INFO - [2024-05-11T15:14:52.869-0300] {dag.py:3096} INFO - Sync 1 DAGs
[2024-05-11T15:14:52.886-0300] {logging_mixin.py:188} INFO - [2024-05-11T15:14:52.885-0300] {dag.py:3954} INFO - Setting next_dagrun for example_short_circuit_operator to 2024-05-10 00:00:00+00:00, run_after=2024-05-11 00:00:00+00:00
[2024-05-11T15:14:52.917-0300] {processor.py:183} INFO - Processing /home/patricia/Documentos/airflow/airflow_venv/lib/python3.10/site-packages/airflow/example_dags/example_short_circuit_operator.py took 0.220 seconds
[2024-05-11T15:16:00.104-0300] {processor.py:161} INFO - Started process (PID=5076) to work on /home/patricia/Documentos/airflow/airflow_venv/lib/python3.10/site-packages/airflow/example_dags/example_short_circuit_operator.py
[2024-05-11T15:16:00.106-0300] {processor.py:830} INFO - Processing file /home/patricia/Documentos/airflow/airflow_venv/lib/python3.10/site-packages/airflow/example_dags/example_short_circuit_operator.py for tasks to queue
[2024-05-11T15:16:00.109-0300] {logging_mixin.py:188} INFO - [2024-05-11T15:16:00.109-0300] {dagbag.py:545} INFO - Filling up the DagBag from /home/patricia/Documentos/airflow/airflow_venv/lib/python3.10/site-packages/airflow/example_dags/example_short_circuit_operator.py
[2024-05-11T15:16:00.123-0300] {processor.py:840} INFO - DAG(s) 'example_short_circuit_operator' retrieved from /home/patricia/Documentos/airflow/airflow_venv/lib/python3.10/site-packages/airflow/example_dags/example_short_circuit_operator.py
[2024-05-11T15:16:00.152-0300] {logging_mixin.py:188} INFO - [2024-05-11T15:16:00.147-0300] {dag.py:3096} INFO - Sync 1 DAGs
[2024-05-11T15:16:00.182-0300] {logging_mixin.py:188} INFO - [2024-05-11T15:16:00.181-0300] {dag.py:3954} INFO - Setting next_dagrun for example_short_circuit_operator to 2024-05-10 00:00:00+00:00, run_after=2024-05-11 00:00:00+00:00
[2024-05-11T15:16:00.235-0300] {processor.py:183} INFO - Processing /home/patricia/Documentos/airflow/airflow_venv/lib/python3.10/site-packages/airflow/example_dags/example_short_circuit_operator.py took 0.140 seconds
[2024-05-11T15:16:59.610-0300] {processor.py:161} INFO - Started process (PID=5192) to work on /home/patricia/Documentos/airflow/airflow_venv/lib/python3.10/site-packages/airflow/example_dags/example_short_circuit_operator.py
[2024-05-11T15:16:59.617-0300] {processor.py:830} INFO - Processing file /home/patricia/Documentos/airflow/airflow_venv/lib/python3.10/site-packages/airflow/example_dags/example_short_circuit_operator.py for tasks to queue
[2024-05-11T15:16:59.619-0300] {logging_mixin.py:188} INFO - [2024-05-11T15:16:59.619-0300] {dagbag.py:545} INFO - Filling up the DagBag from /home/patricia/Documentos/airflow/airflow_venv/lib/python3.10/site-packages/airflow/example_dags/example_short_circuit_operator.py
[2024-05-11T15:16:59.629-0300] {processor.py:840} INFO - DAG(s) 'example_short_circuit_operator' retrieved from /home/patricia/Documentos/airflow/airflow_venv/lib/python3.10/site-packages/airflow/example_dags/example_short_circuit_operator.py
[2024-05-11T15:16:59.653-0300] {logging_mixin.py:188} INFO - [2024-05-11T15:16:59.653-0300] {dag.py:3096} INFO - Sync 1 DAGs
[2024-05-11T15:16:59.681-0300] {logging_mixin.py:188} INFO - [2024-05-11T15:16:59.681-0300] {dag.py:3954} INFO - Setting next_dagrun for example_short_circuit_operator to 2024-05-10 00:00:00+00:00, run_after=2024-05-11 00:00:00+00:00
[2024-05-11T15:16:59.734-0300] {processor.py:183} INFO - Processing /home/patricia/Documentos/airflow/airflow_venv/lib/python3.10/site-packages/airflow/example_dags/example_short_circuit_operator.py took 0.131 seconds
[2024-05-11T15:18:07.292-0300] {processor.py:161} INFO - Started process (PID=5348) to work on /home/patricia/Documentos/airflow/airflow_venv/lib/python3.10/site-packages/airflow/example_dags/example_short_circuit_operator.py
[2024-05-11T15:18:07.295-0300] {processor.py:830} INFO - Processing file /home/patricia/Documentos/airflow/airflow_venv/lib/python3.10/site-packages/airflow/example_dags/example_short_circuit_operator.py for tasks to queue
[2024-05-11T15:18:07.298-0300] {logging_mixin.py:188} INFO - [2024-05-11T15:18:07.298-0300] {dagbag.py:545} INFO - Filling up the DagBag from /home/patricia/Documentos/airflow/airflow_venv/lib/python3.10/site-packages/airflow/example_dags/example_short_circuit_operator.py
[2024-05-11T15:18:07.340-0300] {processor.py:840} INFO - DAG(s) 'example_short_circuit_operator' retrieved from /home/patricia/Documentos/airflow/airflow_venv/lib/python3.10/site-packages/airflow/example_dags/example_short_circuit_operator.py
[2024-05-11T15:18:07.380-0300] {logging_mixin.py:188} INFO - [2024-05-11T15:18:07.379-0300] {dag.py:3096} INFO - Sync 1 DAGs
[2024-05-11T15:18:07.503-0300] {logging_mixin.py:188} INFO - [2024-05-11T15:18:07.502-0300] {dag.py:3954} INFO - Setting next_dagrun for example_short_circuit_operator to 2024-05-10 00:00:00+00:00, run_after=2024-05-11 00:00:00+00:00
[2024-05-11T15:18:07.645-0300] {processor.py:183} INFO - Processing /home/patricia/Documentos/airflow/airflow_venv/lib/python3.10/site-packages/airflow/example_dags/example_short_circuit_operator.py took 0.373 seconds
[2024-05-11T15:19:15.317-0300] {processor.py:161} INFO - Started process (PID=5962) to work on /home/patricia/Documentos/airflow/airflow_venv/lib/python3.10/site-packages/airflow/example_dags/example_short_circuit_operator.py
[2024-05-11T15:19:15.320-0300] {processor.py:830} INFO - Processing file /home/patricia/Documentos/airflow/airflow_venv/lib/python3.10/site-packages/airflow/example_dags/example_short_circuit_operator.py for tasks to queue
[2024-05-11T15:19:15.323-0300] {logging_mixin.py:188} INFO - [2024-05-11T15:19:15.322-0300] {dagbag.py:545} INFO - Filling up the DagBag from /home/patricia/Documentos/airflow/airflow_venv/lib/python3.10/site-packages/airflow/example_dags/example_short_circuit_operator.py
[2024-05-11T15:19:15.331-0300] {processor.py:840} INFO - DAG(s) 'example_short_circuit_operator' retrieved from /home/patricia/Documentos/airflow/airflow_venv/lib/python3.10/site-packages/airflow/example_dags/example_short_circuit_operator.py
[2024-05-11T15:19:15.354-0300] {logging_mixin.py:188} INFO - [2024-05-11T15:19:15.353-0300] {dag.py:3096} INFO - Sync 1 DAGs
[2024-05-11T15:19:15.378-0300] {logging_mixin.py:188} INFO - [2024-05-11T15:19:15.378-0300] {dag.py:3954} INFO - Setting next_dagrun for example_short_circuit_operator to 2024-05-10 00:00:00+00:00, run_after=2024-05-11 00:00:00+00:00
[2024-05-11T15:19:15.418-0300] {processor.py:183} INFO - Processing /home/patricia/Documentos/airflow/airflow_venv/lib/python3.10/site-packages/airflow/example_dags/example_short_circuit_operator.py took 0.110 seconds
[2024-05-11T15:20:26.488-0300] {processor.py:161} INFO - Started process (PID=6107) to work on /home/patricia/Documentos/airflow/airflow_venv/lib/python3.10/site-packages/airflow/example_dags/example_short_circuit_operator.py
[2024-05-11T15:20:26.643-0300] {processor.py:830} INFO - Processing file /home/patricia/Documentos/airflow/airflow_venv/lib/python3.10/site-packages/airflow/example_dags/example_short_circuit_operator.py for tasks to queue
[2024-05-11T15:20:26.655-0300] {logging_mixin.py:188} INFO - [2024-05-11T15:20:26.654-0300] {dagbag.py:545} INFO - Filling up the DagBag from /home/patricia/Documentos/airflow/airflow_venv/lib/python3.10/site-packages/airflow/example_dags/example_short_circuit_operator.py
[2024-05-11T15:20:26.669-0300] {processor.py:840} INFO - DAG(s) 'example_short_circuit_operator' retrieved from /home/patricia/Documentos/airflow/airflow_venv/lib/python3.10/site-packages/airflow/example_dags/example_short_circuit_operator.py
[2024-05-11T15:20:26.690-0300] {logging_mixin.py:188} INFO - [2024-05-11T15:20:26.690-0300] {dag.py:3096} INFO - Sync 1 DAGs
[2024-05-11T15:20:26.726-0300] {logging_mixin.py:188} INFO - [2024-05-11T15:20:26.726-0300] {dag.py:3954} INFO - Setting next_dagrun for example_short_circuit_operator to 2024-05-10 00:00:00+00:00, run_after=2024-05-11 00:00:00+00:00
[2024-05-11T15:20:27.606-0300] {processor.py:183} INFO - Processing /home/patricia/Documentos/airflow/airflow_venv/lib/python3.10/site-packages/airflow/example_dags/example_short_circuit_operator.py took 1.152 seconds
[2024-05-11T15:21:37.576-0300] {processor.py:161} INFO - Started process (PID=6215) to work on /home/patricia/Documentos/airflow/airflow_venv/lib/python3.10/site-packages/airflow/example_dags/example_short_circuit_operator.py
[2024-05-11T15:21:37.594-0300] {processor.py:830} INFO - Processing file /home/patricia/Documentos/airflow/airflow_venv/lib/python3.10/site-packages/airflow/example_dags/example_short_circuit_operator.py for tasks to queue
[2024-05-11T15:21:37.610-0300] {logging_mixin.py:188} INFO - [2024-05-11T15:21:37.609-0300] {dagbag.py:545} INFO - Filling up the DagBag from /home/patricia/Documentos/airflow/airflow_venv/lib/python3.10/site-packages/airflow/example_dags/example_short_circuit_operator.py
[2024-05-11T15:21:37.645-0300] {processor.py:840} INFO - DAG(s) 'example_short_circuit_operator' retrieved from /home/patricia/Documentos/airflow/airflow_venv/lib/python3.10/site-packages/airflow/example_dags/example_short_circuit_operator.py
[2024-05-11T15:21:37.705-0300] {logging_mixin.py:188} INFO - [2024-05-11T15:21:37.704-0300] {dag.py:3096} INFO - Sync 1 DAGs
[2024-05-11T15:21:37.789-0300] {logging_mixin.py:188} INFO - [2024-05-11T15:21:37.788-0300] {dag.py:3954} INFO - Setting next_dagrun for example_short_circuit_operator to 2024-05-10 00:00:00+00:00, run_after=2024-05-11 00:00:00+00:00
[2024-05-11T15:21:37.854-0300] {processor.py:183} INFO - Processing /home/patricia/Documentos/airflow/airflow_venv/lib/python3.10/site-packages/airflow/example_dags/example_short_circuit_operator.py took 0.310 seconds
[2024-05-11T15:22:27.349-0300] {processor.py:161} INFO - Started process (PID=6316) to work on /home/patricia/Documentos/airflow/airflow_venv/lib/python3.10/site-packages/airflow/example_dags/example_short_circuit_operator.py
[2024-05-11T15:22:27.352-0300] {processor.py:830} INFO - Processing file /home/patricia/Documentos/airflow/airflow_venv/lib/python3.10/site-packages/airflow/example_dags/example_short_circuit_operator.py for tasks to queue
[2024-05-11T15:22:27.355-0300] {logging_mixin.py:188} INFO - [2024-05-11T15:22:27.354-0300] {dagbag.py:545} INFO - Filling up the DagBag from /home/patricia/Documentos/airflow/airflow_venv/lib/python3.10/site-packages/airflow/example_dags/example_short_circuit_operator.py
[2024-05-11T15:22:27.363-0300] {processor.py:840} INFO - DAG(s) 'example_short_circuit_operator' retrieved from /home/patricia/Documentos/airflow/airflow_venv/lib/python3.10/site-packages/airflow/example_dags/example_short_circuit_operator.py
[2024-05-11T15:22:27.389-0300] {logging_mixin.py:188} INFO - [2024-05-11T15:22:27.389-0300] {dag.py:3096} INFO - Sync 1 DAGs
[2024-05-11T15:22:27.446-0300] {logging_mixin.py:188} INFO - [2024-05-11T15:22:27.446-0300] {dag.py:3954} INFO - Setting next_dagrun for example_short_circuit_operator to 2024-05-10 00:00:00+00:00, run_after=2024-05-11 00:00:00+00:00
[2024-05-11T15:22:27.530-0300] {processor.py:183} INFO - Processing /home/patricia/Documentos/airflow/airflow_venv/lib/python3.10/site-packages/airflow/example_dags/example_short_circuit_operator.py took 0.189 seconds
[2024-05-11T15:23:29.122-0300] {processor.py:161} INFO - Started process (PID=6455) to work on /home/patricia/Documentos/airflow/airflow_venv/lib/python3.10/site-packages/airflow/example_dags/example_short_circuit_operator.py
[2024-05-11T15:23:29.126-0300] {processor.py:830} INFO - Processing file /home/patricia/Documentos/airflow/airflow_venv/lib/python3.10/site-packages/airflow/example_dags/example_short_circuit_operator.py for tasks to queue
[2024-05-11T15:23:29.132-0300] {logging_mixin.py:188} INFO - [2024-05-11T15:23:29.131-0300] {dagbag.py:545} INFO - Filling up the DagBag from /home/patricia/Documentos/airflow/airflow_venv/lib/python3.10/site-packages/airflow/example_dags/example_short_circuit_operator.py
[2024-05-11T15:23:29.152-0300] {processor.py:840} INFO - DAG(s) 'example_short_circuit_operator' retrieved from /home/patricia/Documentos/airflow/airflow_venv/lib/python3.10/site-packages/airflow/example_dags/example_short_circuit_operator.py
[2024-05-11T15:23:29.206-0300] {logging_mixin.py:188} INFO - [2024-05-11T15:23:29.205-0300] {dag.py:3096} INFO - Sync 1 DAGs
[2024-05-11T15:23:29.255-0300] {logging_mixin.py:188} INFO - [2024-05-11T15:23:29.255-0300] {dag.py:3954} INFO - Setting next_dagrun for example_short_circuit_operator to 2024-05-10 00:00:00+00:00, run_after=2024-05-11 00:00:00+00:00
[2024-05-11T15:23:29.320-0300] {processor.py:183} INFO - Processing /home/patricia/Documentos/airflow/airflow_venv/lib/python3.10/site-packages/airflow/example_dags/example_short_circuit_operator.py took 0.213 seconds
[2024-05-11T15:24:30.927-0300] {processor.py:161} INFO - Started process (PID=6567) to work on /home/patricia/Documentos/airflow/airflow_venv/lib/python3.10/site-packages/airflow/example_dags/example_short_circuit_operator.py
[2024-05-11T15:24:30.933-0300] {processor.py:830} INFO - Processing file /home/patricia/Documentos/airflow/airflow_venv/lib/python3.10/site-packages/airflow/example_dags/example_short_circuit_operator.py for tasks to queue
[2024-05-11T15:24:30.936-0300] {logging_mixin.py:188} INFO - [2024-05-11T15:24:30.935-0300] {dagbag.py:545} INFO - Filling up the DagBag from /home/patricia/Documentos/airflow/airflow_venv/lib/python3.10/site-packages/airflow/example_dags/example_short_circuit_operator.py
[2024-05-11T15:24:30.945-0300] {processor.py:840} INFO - DAG(s) 'example_short_circuit_operator' retrieved from /home/patricia/Documentos/airflow/airflow_venv/lib/python3.10/site-packages/airflow/example_dags/example_short_circuit_operator.py
[2024-05-11T15:24:30.968-0300] {logging_mixin.py:188} INFO - [2024-05-11T15:24:30.967-0300] {dag.py:3096} INFO - Sync 1 DAGs
[2024-05-11T15:24:30.989-0300] {logging_mixin.py:188} INFO - [2024-05-11T15:24:30.989-0300] {dag.py:3954} INFO - Setting next_dagrun for example_short_circuit_operator to 2024-05-10 00:00:00+00:00, run_after=2024-05-11 00:00:00+00:00
[2024-05-11T15:24:31.028-0300] {processor.py:183} INFO - Processing /home/patricia/Documentos/airflow/airflow_venv/lib/python3.10/site-packages/airflow/example_dags/example_short_circuit_operator.py took 0.108 seconds
[2024-05-11T15:26:15.510-0300] {processor.py:161} INFO - Started process (PID=7449) to work on /home/patricia/Documentos/airflow/airflow_venv/lib/python3.10/site-packages/airflow/example_dags/example_short_circuit_operator.py
[2024-05-11T15:26:15.519-0300] {processor.py:830} INFO - Processing file /home/patricia/Documentos/airflow/airflow_venv/lib/python3.10/site-packages/airflow/example_dags/example_short_circuit_operator.py for tasks to queue
[2024-05-11T15:26:15.524-0300] {logging_mixin.py:188} INFO - [2024-05-11T15:26:15.523-0300] {dagbag.py:545} INFO - Filling up the DagBag from /home/patricia/Documentos/airflow/airflow_venv/lib/python3.10/site-packages/airflow/example_dags/example_short_circuit_operator.py
[2024-05-11T15:26:15.536-0300] {processor.py:840} INFO - DAG(s) 'example_short_circuit_operator' retrieved from /home/patricia/Documentos/airflow/airflow_venv/lib/python3.10/site-packages/airflow/example_dags/example_short_circuit_operator.py
[2024-05-11T15:26:15.547-0300] {logging_mixin.py:188} INFO - [2024-05-11T15:26:15.547-0300] {dag.py:3096} INFO - Sync 1 DAGs
[2024-05-11T15:26:15.572-0300] {logging_mixin.py:188} INFO - [2024-05-11T15:26:15.571-0300] {dag.py:3954} INFO - Setting next_dagrun for example_short_circuit_operator to 2024-05-10 00:00:00+00:00, run_after=2024-05-11 00:00:00+00:00
[2024-05-11T15:26:15.632-0300] {processor.py:183} INFO - Processing /home/patricia/Documentos/airflow/airflow_venv/lib/python3.10/site-packages/airflow/example_dags/example_short_circuit_operator.py took 0.130 seconds
[2024-05-11T15:27:35.962-0300] {processor.py:161} INFO - Started process (PID=7663) to work on /home/patricia/Documentos/airflow/airflow_venv/lib/python3.10/site-packages/airflow/example_dags/example_short_circuit_operator.py
[2024-05-11T15:27:35.965-0300] {processor.py:830} INFO - Processing file /home/patricia/Documentos/airflow/airflow_venv/lib/python3.10/site-packages/airflow/example_dags/example_short_circuit_operator.py for tasks to queue
[2024-05-11T15:27:35.967-0300] {logging_mixin.py:188} INFO - [2024-05-11T15:27:35.967-0300] {dagbag.py:545} INFO - Filling up the DagBag from /home/patricia/Documentos/airflow/airflow_venv/lib/python3.10/site-packages/airflow/example_dags/example_short_circuit_operator.py
[2024-05-11T15:27:35.978-0300] {processor.py:840} INFO - DAG(s) 'example_short_circuit_operator' retrieved from /home/patricia/Documentos/airflow/airflow_venv/lib/python3.10/site-packages/airflow/example_dags/example_short_circuit_operator.py
[2024-05-11T15:27:36.473-0300] {logging_mixin.py:188} INFO - [2024-05-11T15:27:36.472-0300] {dag.py:3096} INFO - Sync 1 DAGs
[2024-05-11T15:27:36.522-0300] {logging_mixin.py:188} INFO - [2024-05-11T15:27:36.521-0300] {dag.py:3954} INFO - Setting next_dagrun for example_short_circuit_operator to 2024-05-10 00:00:00+00:00, run_after=2024-05-11 00:00:00+00:00
[2024-05-11T15:27:36.655-0300] {processor.py:183} INFO - Processing /home/patricia/Documentos/airflow/airflow_venv/lib/python3.10/site-packages/airflow/example_dags/example_short_circuit_operator.py took 0.705 seconds
[2024-05-11T15:28:53.783-0300] {processor.py:161} INFO - Started process (PID=7813) to work on /home/patricia/Documentos/airflow/airflow_venv/lib/python3.10/site-packages/airflow/example_dags/example_short_circuit_operator.py
[2024-05-11T15:28:53.787-0300] {processor.py:830} INFO - Processing file /home/patricia/Documentos/airflow/airflow_venv/lib/python3.10/site-packages/airflow/example_dags/example_short_circuit_operator.py for tasks to queue
[2024-05-11T15:28:53.796-0300] {logging_mixin.py:188} INFO - [2024-05-11T15:28:53.795-0300] {dagbag.py:545} INFO - Filling up the DagBag from /home/patricia/Documentos/airflow/airflow_venv/lib/python3.10/site-packages/airflow/example_dags/example_short_circuit_operator.py
[2024-05-11T15:28:53.825-0300] {processor.py:840} INFO - DAG(s) 'example_short_circuit_operator' retrieved from /home/patricia/Documentos/airflow/airflow_venv/lib/python3.10/site-packages/airflow/example_dags/example_short_circuit_operator.py
[2024-05-11T15:28:53.847-0300] {logging_mixin.py:188} INFO - [2024-05-11T15:28:53.847-0300] {dag.py:3096} INFO - Sync 1 DAGs
[2024-05-11T15:28:53.971-0300] {logging_mixin.py:188} INFO - [2024-05-11T15:28:53.971-0300] {dag.py:3954} INFO - Setting next_dagrun for example_short_circuit_operator to 2024-05-10 00:00:00+00:00, run_after=2024-05-11 00:00:00+00:00
[2024-05-11T15:28:54.059-0300] {processor.py:183} INFO - Processing /home/patricia/Documentos/airflow/airflow_venv/lib/python3.10/site-packages/airflow/example_dags/example_short_circuit_operator.py took 0.288 seconds
[2024-05-11T15:30:27.898-0300] {processor.py:161} INFO - Started process (PID=8007) to work on /home/patricia/Documentos/airflow/airflow_venv/lib/python3.10/site-packages/airflow/example_dags/example_short_circuit_operator.py
[2024-05-11T15:30:27.905-0300] {processor.py:830} INFO - Processing file /home/patricia/Documentos/airflow/airflow_venv/lib/python3.10/site-packages/airflow/example_dags/example_short_circuit_operator.py for tasks to queue
[2024-05-11T15:30:27.908-0300] {logging_mixin.py:188} INFO - [2024-05-11T15:30:27.907-0300] {dagbag.py:545} INFO - Filling up the DagBag from /home/patricia/Documentos/airflow/airflow_venv/lib/python3.10/site-packages/airflow/example_dags/example_short_circuit_operator.py
[2024-05-11T15:30:27.917-0300] {processor.py:840} INFO - DAG(s) 'example_short_circuit_operator' retrieved from /home/patricia/Documentos/airflow/airflow_venv/lib/python3.10/site-packages/airflow/example_dags/example_short_circuit_operator.py
[2024-05-11T15:30:27.943-0300] {logging_mixin.py:188} INFO - [2024-05-11T15:30:27.943-0300] {dag.py:3096} INFO - Sync 1 DAGs
[2024-05-11T15:30:27.980-0300] {logging_mixin.py:188} INFO - [2024-05-11T15:30:27.980-0300] {dag.py:3954} INFO - Setting next_dagrun for example_short_circuit_operator to 2024-05-10 00:00:00+00:00, run_after=2024-05-11 00:00:00+00:00
[2024-05-11T15:30:28.036-0300] {processor.py:183} INFO - Processing /home/patricia/Documentos/airflow/airflow_venv/lib/python3.10/site-packages/airflow/example_dags/example_short_circuit_operator.py took 0.150 seconds
[2024-05-11T15:31:33.263-0300] {processor.py:161} INFO - Started process (PID=8191) to work on /home/patricia/Documentos/airflow/airflow_venv/lib/python3.10/site-packages/airflow/example_dags/example_short_circuit_operator.py
[2024-05-11T15:31:33.270-0300] {processor.py:830} INFO - Processing file /home/patricia/Documentos/airflow/airflow_venv/lib/python3.10/site-packages/airflow/example_dags/example_short_circuit_operator.py for tasks to queue
[2024-05-11T15:31:33.278-0300] {logging_mixin.py:188} INFO - [2024-05-11T15:31:33.276-0300] {dagbag.py:545} INFO - Filling up the DagBag from /home/patricia/Documentos/airflow/airflow_venv/lib/python3.10/site-packages/airflow/example_dags/example_short_circuit_operator.py
[2024-05-11T15:31:33.298-0300] {processor.py:840} INFO - DAG(s) 'example_short_circuit_operator' retrieved from /home/patricia/Documentos/airflow/airflow_venv/lib/python3.10/site-packages/airflow/example_dags/example_short_circuit_operator.py
[2024-05-11T15:31:33.346-0300] {logging_mixin.py:188} INFO - [2024-05-11T15:31:33.346-0300] {dag.py:3096} INFO - Sync 1 DAGs
[2024-05-11T15:31:33.399-0300] {logging_mixin.py:188} INFO - [2024-05-11T15:31:33.398-0300] {dag.py:3954} INFO - Setting next_dagrun for example_short_circuit_operator to 2024-05-10 00:00:00+00:00, run_after=2024-05-11 00:00:00+00:00
[2024-05-11T15:31:33.495-0300] {processor.py:183} INFO - Processing /home/patricia/Documentos/airflow/airflow_venv/lib/python3.10/site-packages/airflow/example_dags/example_short_circuit_operator.py took 0.248 seconds
[2024-05-11T15:32:36.760-0300] {processor.py:161} INFO - Started process (PID=8483) to work on /home/patricia/Documentos/airflow/airflow_venv/lib/python3.10/site-packages/airflow/example_dags/example_short_circuit_operator.py
[2024-05-11T15:32:36.763-0300] {processor.py:830} INFO - Processing file /home/patricia/Documentos/airflow/airflow_venv/lib/python3.10/site-packages/airflow/example_dags/example_short_circuit_operator.py for tasks to queue
[2024-05-11T15:32:36.766-0300] {logging_mixin.py:188} INFO - [2024-05-11T15:32:36.765-0300] {dagbag.py:545} INFO - Filling up the DagBag from /home/patricia/Documentos/airflow/airflow_venv/lib/python3.10/site-packages/airflow/example_dags/example_short_circuit_operator.py
[2024-05-11T15:32:36.775-0300] {processor.py:840} INFO - DAG(s) 'example_short_circuit_operator' retrieved from /home/patricia/Documentos/airflow/airflow_venv/lib/python3.10/site-packages/airflow/example_dags/example_short_circuit_operator.py
[2024-05-11T15:32:36.795-0300] {logging_mixin.py:188} INFO - [2024-05-11T15:32:36.795-0300] {dag.py:3096} INFO - Sync 1 DAGs
[2024-05-11T15:32:36.815-0300] {logging_mixin.py:188} INFO - [2024-05-11T15:32:36.815-0300] {dag.py:3954} INFO - Setting next_dagrun for example_short_circuit_operator to 2024-05-10 00:00:00+00:00, run_after=2024-05-11 00:00:00+00:00
[2024-05-11T15:32:36.851-0300] {processor.py:183} INFO - Processing /home/patricia/Documentos/airflow/airflow_venv/lib/python3.10/site-packages/airflow/example_dags/example_short_circuit_operator.py took 0.098 seconds
[2024-05-11T15:33:46.784-0300] {processor.py:161} INFO - Started process (PID=8969) to work on /home/patricia/Documentos/airflow/airflow_venv/lib/python3.10/site-packages/airflow/example_dags/example_short_circuit_operator.py
[2024-05-11T15:33:46.817-0300] {processor.py:830} INFO - Processing file /home/patricia/Documentos/airflow/airflow_venv/lib/python3.10/site-packages/airflow/example_dags/example_short_circuit_operator.py for tasks to queue
[2024-05-11T15:33:46.828-0300] {logging_mixin.py:188} INFO - [2024-05-11T15:33:46.827-0300] {dagbag.py:545} INFO - Filling up the DagBag from /home/patricia/Documentos/airflow/airflow_venv/lib/python3.10/site-packages/airflow/example_dags/example_short_circuit_operator.py
[2024-05-11T15:33:46.855-0300] {processor.py:840} INFO - DAG(s) 'example_short_circuit_operator' retrieved from /home/patricia/Documentos/airflow/airflow_venv/lib/python3.10/site-packages/airflow/example_dags/example_short_circuit_operator.py
[2024-05-11T15:33:46.894-0300] {logging_mixin.py:188} INFO - [2024-05-11T15:33:46.894-0300] {dag.py:3096} INFO - Sync 1 DAGs
[2024-05-11T15:33:46.922-0300] {logging_mixin.py:188} INFO - [2024-05-11T15:33:46.921-0300] {dag.py:3954} INFO - Setting next_dagrun for example_short_circuit_operator to 2024-05-10 00:00:00+00:00, run_after=2024-05-11 00:00:00+00:00
[2024-05-11T15:33:46.963-0300] {processor.py:183} INFO - Processing /home/patricia/Documentos/airflow/airflow_venv/lib/python3.10/site-packages/airflow/example_dags/example_short_circuit_operator.py took 0.204 seconds
[2024-05-11T15:34:36.193-0300] {processor.py:161} INFO - Started process (PID=9336) to work on /home/patricia/Documentos/airflow/airflow_venv/lib/python3.10/site-packages/airflow/example_dags/example_short_circuit_operator.py
[2024-05-11T15:34:36.195-0300] {processor.py:830} INFO - Processing file /home/patricia/Documentos/airflow/airflow_venv/lib/python3.10/site-packages/airflow/example_dags/example_short_circuit_operator.py for tasks to queue
[2024-05-11T15:34:36.198-0300] {logging_mixin.py:188} INFO - [2024-05-11T15:34:36.197-0300] {dagbag.py:545} INFO - Filling up the DagBag from /home/patricia/Documentos/airflow/airflow_venv/lib/python3.10/site-packages/airflow/example_dags/example_short_circuit_operator.py
[2024-05-11T15:34:36.207-0300] {processor.py:840} INFO - DAG(s) 'example_short_circuit_operator' retrieved from /home/patricia/Documentos/airflow/airflow_venv/lib/python3.10/site-packages/airflow/example_dags/example_short_circuit_operator.py
[2024-05-11T15:34:36.229-0300] {logging_mixin.py:188} INFO - [2024-05-11T15:34:36.228-0300] {dag.py:3096} INFO - Sync 1 DAGs
[2024-05-11T15:34:36.249-0300] {logging_mixin.py:188} INFO - [2024-05-11T15:34:36.249-0300] {dag.py:3954} INFO - Setting next_dagrun for example_short_circuit_operator to 2024-05-10 00:00:00+00:00, run_after=2024-05-11 00:00:00+00:00
[2024-05-11T15:34:36.280-0300] {processor.py:183} INFO - Processing /home/patricia/Documentos/airflow/airflow_venv/lib/python3.10/site-packages/airflow/example_dags/example_short_circuit_operator.py took 0.095 seconds
[2024-05-11T15:35:49.865-0300] {processor.py:161} INFO - Started process (PID=9534) to work on /home/patricia/Documentos/airflow/airflow_venv/lib/python3.10/site-packages/airflow/example_dags/example_short_circuit_operator.py
[2024-05-11T15:35:49.869-0300] {processor.py:830} INFO - Processing file /home/patricia/Documentos/airflow/airflow_venv/lib/python3.10/site-packages/airflow/example_dags/example_short_circuit_operator.py for tasks to queue
[2024-05-11T15:35:49.873-0300] {logging_mixin.py:188} INFO - [2024-05-11T15:35:49.872-0300] {dagbag.py:545} INFO - Filling up the DagBag from /home/patricia/Documentos/airflow/airflow_venv/lib/python3.10/site-packages/airflow/example_dags/example_short_circuit_operator.py
[2024-05-11T15:35:49.887-0300] {processor.py:840} INFO - DAG(s) 'example_short_circuit_operator' retrieved from /home/patricia/Documentos/airflow/airflow_venv/lib/python3.10/site-packages/airflow/example_dags/example_short_circuit_operator.py
[2024-05-11T15:35:49.922-0300] {logging_mixin.py:188} INFO - [2024-05-11T15:35:49.922-0300] {dag.py:3096} INFO - Sync 1 DAGs
[2024-05-11T15:35:49.960-0300] {logging_mixin.py:188} INFO - [2024-05-11T15:35:49.960-0300] {dag.py:3954} INFO - Setting next_dagrun for example_short_circuit_operator to 2024-05-10 00:00:00+00:00, run_after=2024-05-11 00:00:00+00:00
[2024-05-11T15:35:50.011-0300] {processor.py:183} INFO - Processing /home/patricia/Documentos/airflow/airflow_venv/lib/python3.10/site-packages/airflow/example_dags/example_short_circuit_operator.py took 0.155 seconds
[2024-05-11T15:37:12.929-0300] {processor.py:161} INFO - Started process (PID=9812) to work on /home/patricia/Documentos/airflow/airflow_venv/lib/python3.10/site-packages/airflow/example_dags/example_short_circuit_operator.py
[2024-05-11T15:37:12.934-0300] {processor.py:830} INFO - Processing file /home/patricia/Documentos/airflow/airflow_venv/lib/python3.10/site-packages/airflow/example_dags/example_short_circuit_operator.py for tasks to queue
[2024-05-11T15:37:12.940-0300] {logging_mixin.py:188} INFO - [2024-05-11T15:37:12.939-0300] {dagbag.py:545} INFO - Filling up the DagBag from /home/patricia/Documentos/airflow/airflow_venv/lib/python3.10/site-packages/airflow/example_dags/example_short_circuit_operator.py
[2024-05-11T15:37:13.003-0300] {processor.py:840} INFO - DAG(s) 'example_short_circuit_operator' retrieved from /home/patricia/Documentos/airflow/airflow_venv/lib/python3.10/site-packages/airflow/example_dags/example_short_circuit_operator.py
[2024-05-11T15:37:13.057-0300] {logging_mixin.py:188} INFO - [2024-05-11T15:37:13.056-0300] {dag.py:3096} INFO - Sync 1 DAGs
[2024-05-11T15:37:13.102-0300] {logging_mixin.py:188} INFO - [2024-05-11T15:37:13.101-0300] {dag.py:3954} INFO - Setting next_dagrun for example_short_circuit_operator to 2024-05-10 00:00:00+00:00, run_after=2024-05-11 00:00:00+00:00
[2024-05-11T15:37:13.165-0300] {processor.py:183} INFO - Processing /home/patricia/Documentos/airflow/airflow_venv/lib/python3.10/site-packages/airflow/example_dags/example_short_circuit_operator.py took 0.256 seconds
[2024-05-11T15:38:35.049-0300] {processor.py:161} INFO - Started process (PID=9948) to work on /home/patricia/Documentos/airflow/airflow_venv/lib/python3.10/site-packages/airflow/example_dags/example_short_circuit_operator.py
[2024-05-11T15:38:35.052-0300] {processor.py:830} INFO - Processing file /home/patricia/Documentos/airflow/airflow_venv/lib/python3.10/site-packages/airflow/example_dags/example_short_circuit_operator.py for tasks to queue
[2024-05-11T15:38:35.055-0300] {logging_mixin.py:188} INFO - [2024-05-11T15:38:35.054-0300] {dagbag.py:545} INFO - Filling up the DagBag from /home/patricia/Documentos/airflow/airflow_venv/lib/python3.10/site-packages/airflow/example_dags/example_short_circuit_operator.py
[2024-05-11T15:38:35.070-0300] {processor.py:840} INFO - DAG(s) 'example_short_circuit_operator' retrieved from /home/patricia/Documentos/airflow/airflow_venv/lib/python3.10/site-packages/airflow/example_dags/example_short_circuit_operator.py
[2024-05-11T15:38:35.103-0300] {logging_mixin.py:188} INFO - [2024-05-11T15:38:35.102-0300] {dag.py:3096} INFO - Sync 1 DAGs
[2024-05-11T15:38:35.178-0300] {logging_mixin.py:188} INFO - [2024-05-11T15:38:35.178-0300] {dag.py:3954} INFO - Setting next_dagrun for example_short_circuit_operator to 2024-05-10 00:00:00+00:00, run_after=2024-05-11 00:00:00+00:00
[2024-05-11T15:38:35.266-0300] {processor.py:183} INFO - Processing /home/patricia/Documentos/airflow/airflow_venv/lib/python3.10/site-packages/airflow/example_dags/example_short_circuit_operator.py took 0.223 seconds
[2024-05-11T15:39:35.334-0300] {processor.py:161} INFO - Started process (PID=10062) to work on /home/patricia/Documentos/airflow/airflow_venv/lib/python3.10/site-packages/airflow/example_dags/example_short_circuit_operator.py
[2024-05-11T15:39:35.355-0300] {processor.py:830} INFO - Processing file /home/patricia/Documentos/airflow/airflow_venv/lib/python3.10/site-packages/airflow/example_dags/example_short_circuit_operator.py for tasks to queue
[2024-05-11T15:39:35.418-0300] {logging_mixin.py:188} INFO - [2024-05-11T15:39:35.417-0300] {dagbag.py:545} INFO - Filling up the DagBag from /home/patricia/Documentos/airflow/airflow_venv/lib/python3.10/site-packages/airflow/example_dags/example_short_circuit_operator.py
[2024-05-11T15:39:35.454-0300] {processor.py:840} INFO - DAG(s) 'example_short_circuit_operator' retrieved from /home/patricia/Documentos/airflow/airflow_venv/lib/python3.10/site-packages/airflow/example_dags/example_short_circuit_operator.py
[2024-05-11T15:39:35.555-0300] {logging_mixin.py:188} INFO - [2024-05-11T15:39:35.555-0300] {dag.py:3096} INFO - Sync 1 DAGs
[2024-05-11T15:39:35.607-0300] {logging_mixin.py:188} INFO - [2024-05-11T15:39:35.606-0300] {dag.py:3954} INFO - Setting next_dagrun for example_short_circuit_operator to 2024-05-10 00:00:00+00:00, run_after=2024-05-11 00:00:00+00:00
[2024-05-11T15:39:35.846-0300] {processor.py:183} INFO - Processing /home/patricia/Documentos/airflow/airflow_venv/lib/python3.10/site-packages/airflow/example_dags/example_short_circuit_operator.py took 0.527 seconds
[2024-05-11T15:40:52.675-0300] {processor.py:161} INFO - Started process (PID=10608) to work on /home/patricia/Documentos/airflow/airflow_venv/lib/python3.10/site-packages/airflow/example_dags/example_short_circuit_operator.py
[2024-05-11T15:40:52.679-0300] {processor.py:830} INFO - Processing file /home/patricia/Documentos/airflow/airflow_venv/lib/python3.10/site-packages/airflow/example_dags/example_short_circuit_operator.py for tasks to queue
[2024-05-11T15:40:52.681-0300] {logging_mixin.py:188} INFO - [2024-05-11T15:40:52.681-0300] {dagbag.py:545} INFO - Filling up the DagBag from /home/patricia/Documentos/airflow/airflow_venv/lib/python3.10/site-packages/airflow/example_dags/example_short_circuit_operator.py
[2024-05-11T15:40:52.717-0300] {processor.py:840} INFO - DAG(s) 'example_short_circuit_operator' retrieved from /home/patricia/Documentos/airflow/airflow_venv/lib/python3.10/site-packages/airflow/example_dags/example_short_circuit_operator.py
[2024-05-11T15:40:52.749-0300] {logging_mixin.py:188} INFO - [2024-05-11T15:40:52.748-0300] {dag.py:3096} INFO - Sync 1 DAGs
[2024-05-11T15:40:52.776-0300] {logging_mixin.py:188} INFO - [2024-05-11T15:40:52.776-0300] {dag.py:3954} INFO - Setting next_dagrun for example_short_circuit_operator to 2024-05-10 00:00:00+00:00, run_after=2024-05-11 00:00:00+00:00
[2024-05-11T15:40:52.818-0300] {processor.py:183} INFO - Processing /home/patricia/Documentos/airflow/airflow_venv/lib/python3.10/site-packages/airflow/example_dags/example_short_circuit_operator.py took 0.151 seconds
[2024-05-11T16:28:07.306-0300] {processor.py:161} INFO - Started process (PID=10963) to work on /home/patricia/Documentos/airflow/airflow_venv/lib/python3.10/site-packages/airflow/example_dags/example_short_circuit_operator.py
[2024-05-11T16:28:07.312-0300] {processor.py:830} INFO - Processing file /home/patricia/Documentos/airflow/airflow_venv/lib/python3.10/site-packages/airflow/example_dags/example_short_circuit_operator.py for tasks to queue
[2024-05-11T16:28:07.319-0300] {logging_mixin.py:188} INFO - [2024-05-11T16:28:07.317-0300] {dagbag.py:545} INFO - Filling up the DagBag from /home/patricia/Documentos/airflow/airflow_venv/lib/python3.10/site-packages/airflow/example_dags/example_short_circuit_operator.py
[2024-05-11T16:28:07.340-0300] {processor.py:840} INFO - DAG(s) 'example_short_circuit_operator' retrieved from /home/patricia/Documentos/airflow/airflow_venv/lib/python3.10/site-packages/airflow/example_dags/example_short_circuit_operator.py
[2024-05-11T16:28:07.360-0300] {logging_mixin.py:188} INFO - [2024-05-11T16:28:07.359-0300] {dag.py:3096} INFO - Sync 1 DAGs
[2024-05-11T16:28:07.458-0300] {logging_mixin.py:188} INFO - [2024-05-11T16:28:07.458-0300] {dag.py:3954} INFO - Setting next_dagrun for example_short_circuit_operator to 2024-05-10 00:00:00+00:00, run_after=2024-05-11 00:00:00+00:00
[2024-05-11T16:28:07.560-0300] {processor.py:183} INFO - Processing /home/patricia/Documentos/airflow/airflow_venv/lib/python3.10/site-packages/airflow/example_dags/example_short_circuit_operator.py took 0.280 seconds
[2024-05-11T16:30:21.743-0300] {processor.py:161} INFO - Started process (PID=11233) to work on /home/patricia/Documentos/airflow/airflow_venv/lib/python3.10/site-packages/airflow/example_dags/example_short_circuit_operator.py
[2024-05-11T16:30:21.770-0300] {processor.py:830} INFO - Processing file /home/patricia/Documentos/airflow/airflow_venv/lib/python3.10/site-packages/airflow/example_dags/example_short_circuit_operator.py for tasks to queue
[2024-05-11T16:30:21.804-0300] {logging_mixin.py:188} INFO - [2024-05-11T16:30:21.802-0300] {dagbag.py:545} INFO - Filling up the DagBag from /home/patricia/Documentos/airflow/airflow_venv/lib/python3.10/site-packages/airflow/example_dags/example_short_circuit_operator.py
[2024-05-11T16:30:21.848-0300] {processor.py:840} INFO - DAG(s) 'example_short_circuit_operator' retrieved from /home/patricia/Documentos/airflow/airflow_venv/lib/python3.10/site-packages/airflow/example_dags/example_short_circuit_operator.py
[2024-05-11T16:30:22.339-0300] {logging_mixin.py:188} INFO - [2024-05-11T16:30:22.339-0300] {dag.py:3096} INFO - Sync 1 DAGs
[2024-05-11T16:30:22.371-0300] {logging_mixin.py:188} INFO - [2024-05-11T16:30:22.371-0300] {dag.py:3954} INFO - Setting next_dagrun for example_short_circuit_operator to 2024-05-10 00:00:00+00:00, run_after=2024-05-11 00:00:00+00:00
[2024-05-11T16:30:22.469-0300] {processor.py:183} INFO - Processing /home/patricia/Documentos/airflow/airflow_venv/lib/python3.10/site-packages/airflow/example_dags/example_short_circuit_operator.py took 1.162 seconds
[2024-05-11T16:31:42.011-0300] {processor.py:161} INFO - Started process (PID=11383) to work on /home/patricia/Documentos/airflow/airflow_venv/lib/python3.10/site-packages/airflow/example_dags/example_short_circuit_operator.py
[2024-05-11T16:31:42.018-0300] {processor.py:830} INFO - Processing file /home/patricia/Documentos/airflow/airflow_venv/lib/python3.10/site-packages/airflow/example_dags/example_short_circuit_operator.py for tasks to queue
[2024-05-11T16:31:42.023-0300] {logging_mixin.py:188} INFO - [2024-05-11T16:31:42.022-0300] {dagbag.py:545} INFO - Filling up the DagBag from /home/patricia/Documentos/airflow/airflow_venv/lib/python3.10/site-packages/airflow/example_dags/example_short_circuit_operator.py
[2024-05-11T16:31:42.119-0300] {processor.py:840} INFO - DAG(s) 'example_short_circuit_operator' retrieved from /home/patricia/Documentos/airflow/airflow_venv/lib/python3.10/site-packages/airflow/example_dags/example_short_circuit_operator.py
[2024-05-11T16:31:42.272-0300] {logging_mixin.py:188} INFO - [2024-05-11T16:31:42.228-0300] {dag.py:3096} INFO - Sync 1 DAGs
[2024-05-11T16:31:42.668-0300] {logging_mixin.py:188} INFO - [2024-05-11T16:31:42.667-0300] {dag.py:3954} INFO - Setting next_dagrun for example_short_circuit_operator to 2024-05-10 00:00:00+00:00, run_after=2024-05-11 00:00:00+00:00
[2024-05-11T16:31:42.738-0300] {processor.py:183} INFO - Processing /home/patricia/Documentos/airflow/airflow_venv/lib/python3.10/site-packages/airflow/example_dags/example_short_circuit_operator.py took 0.746 seconds
[2024-05-11T16:32:46.120-0300] {processor.py:161} INFO - Started process (PID=11492) to work on /home/patricia/Documentos/airflow/airflow_venv/lib/python3.10/site-packages/airflow/example_dags/example_short_circuit_operator.py
[2024-05-11T16:32:46.127-0300] {processor.py:830} INFO - Processing file /home/patricia/Documentos/airflow/airflow_venv/lib/python3.10/site-packages/airflow/example_dags/example_short_circuit_operator.py for tasks to queue
[2024-05-11T16:32:46.145-0300] {logging_mixin.py:188} INFO - [2024-05-11T16:32:46.142-0300] {dagbag.py:545} INFO - Filling up the DagBag from /home/patricia/Documentos/airflow/airflow_venv/lib/python3.10/site-packages/airflow/example_dags/example_short_circuit_operator.py
[2024-05-11T16:32:46.428-0300] {processor.py:840} INFO - DAG(s) 'example_short_circuit_operator' retrieved from /home/patricia/Documentos/airflow/airflow_venv/lib/python3.10/site-packages/airflow/example_dags/example_short_circuit_operator.py
[2024-05-11T16:32:46.462-0300] {logging_mixin.py:188} INFO - [2024-05-11T16:32:46.461-0300] {dag.py:3096} INFO - Sync 1 DAGs
[2024-05-11T16:32:46.499-0300] {logging_mixin.py:188} INFO - [2024-05-11T16:32:46.499-0300] {dag.py:3954} INFO - Setting next_dagrun for example_short_circuit_operator to 2024-05-10 00:00:00+00:00, run_after=2024-05-11 00:00:00+00:00
[2024-05-11T16:32:46.561-0300] {processor.py:183} INFO - Processing /home/patricia/Documentos/airflow/airflow_venv/lib/python3.10/site-packages/airflow/example_dags/example_short_circuit_operator.py took 0.470 seconds
[2024-05-11T16:33:40.790-0300] {processor.py:161} INFO - Started process (PID=11639) to work on /home/patricia/Documentos/airflow/airflow_venv/lib/python3.10/site-packages/airflow/example_dags/example_short_circuit_operator.py
[2024-05-11T16:33:40.797-0300] {processor.py:830} INFO - Processing file /home/patricia/Documentos/airflow/airflow_venv/lib/python3.10/site-packages/airflow/example_dags/example_short_circuit_operator.py for tasks to queue
[2024-05-11T16:33:40.802-0300] {logging_mixin.py:188} INFO - [2024-05-11T16:33:40.801-0300] {dagbag.py:545} INFO - Filling up the DagBag from /home/patricia/Documentos/airflow/airflow_venv/lib/python3.10/site-packages/airflow/example_dags/example_short_circuit_operator.py
[2024-05-11T16:33:40.871-0300] {processor.py:840} INFO - DAG(s) 'example_short_circuit_operator' retrieved from /home/patricia/Documentos/airflow/airflow_venv/lib/python3.10/site-packages/airflow/example_dags/example_short_circuit_operator.py
[2024-05-11T16:33:40.938-0300] {logging_mixin.py:188} INFO - [2024-05-11T16:33:40.938-0300] {dag.py:3096} INFO - Sync 1 DAGs
[2024-05-11T16:33:41.032-0300] {logging_mixin.py:188} INFO - [2024-05-11T16:33:41.031-0300] {dag.py:3954} INFO - Setting next_dagrun for example_short_circuit_operator to 2024-05-10 00:00:00+00:00, run_after=2024-05-11 00:00:00+00:00
[2024-05-11T16:33:41.104-0300] {processor.py:183} INFO - Processing /home/patricia/Documentos/airflow/airflow_venv/lib/python3.10/site-packages/airflow/example_dags/example_short_circuit_operator.py took 0.335 seconds
[2024-05-11T16:34:32.621-0300] {processor.py:161} INFO - Started process (PID=11732) to work on /home/patricia/Documentos/airflow/airflow_venv/lib/python3.10/site-packages/airflow/example_dags/example_short_circuit_operator.py
[2024-05-11T16:34:32.639-0300] {processor.py:830} INFO - Processing file /home/patricia/Documentos/airflow/airflow_venv/lib/python3.10/site-packages/airflow/example_dags/example_short_circuit_operator.py for tasks to queue
[2024-05-11T16:34:32.648-0300] {logging_mixin.py:188} INFO - [2024-05-11T16:34:32.646-0300] {dagbag.py:545} INFO - Filling up the DagBag from /home/patricia/Documentos/airflow/airflow_venv/lib/python3.10/site-packages/airflow/example_dags/example_short_circuit_operator.py
[2024-05-11T16:34:32.687-0300] {processor.py:840} INFO - DAG(s) 'example_short_circuit_operator' retrieved from /home/patricia/Documentos/airflow/airflow_venv/lib/python3.10/site-packages/airflow/example_dags/example_short_circuit_operator.py
[2024-05-11T16:34:32.934-0300] {logging_mixin.py:188} INFO - [2024-05-11T16:34:32.934-0300] {dag.py:3096} INFO - Sync 1 DAGs
[2024-05-11T16:34:32.994-0300] {logging_mixin.py:188} INFO - [2024-05-11T16:34:32.994-0300] {dag.py:3954} INFO - Setting next_dagrun for example_short_circuit_operator to 2024-05-10 00:00:00+00:00, run_after=2024-05-11 00:00:00+00:00
[2024-05-11T16:34:33.137-0300] {processor.py:183} INFO - Processing /home/patricia/Documentos/airflow/airflow_venv/lib/python3.10/site-packages/airflow/example_dags/example_short_circuit_operator.py took 0.554 seconds
[2024-05-11T16:36:11.373-0300] {processor.py:161} INFO - Started process (PID=11885) to work on /home/patricia/Documentos/airflow/airflow_venv/lib/python3.10/site-packages/airflow/example_dags/example_short_circuit_operator.py
[2024-05-11T16:36:11.386-0300] {processor.py:830} INFO - Processing file /home/patricia/Documentos/airflow/airflow_venv/lib/python3.10/site-packages/airflow/example_dags/example_short_circuit_operator.py for tasks to queue
[2024-05-11T16:36:11.395-0300] {logging_mixin.py:188} INFO - [2024-05-11T16:36:11.394-0300] {dagbag.py:545} INFO - Filling up the DagBag from /home/patricia/Documentos/airflow/airflow_venv/lib/python3.10/site-packages/airflow/example_dags/example_short_circuit_operator.py
[2024-05-11T16:36:11.425-0300] {processor.py:840} INFO - DAG(s) 'example_short_circuit_operator' retrieved from /home/patricia/Documentos/airflow/airflow_venv/lib/python3.10/site-packages/airflow/example_dags/example_short_circuit_operator.py
[2024-05-11T16:36:11.489-0300] {logging_mixin.py:188} INFO - [2024-05-11T16:36:11.489-0300] {dag.py:3096} INFO - Sync 1 DAGs
[2024-05-11T16:36:11.622-0300] {logging_mixin.py:188} INFO - [2024-05-11T16:36:11.622-0300] {dag.py:3954} INFO - Setting next_dagrun for example_short_circuit_operator to 2024-05-10 00:00:00+00:00, run_after=2024-05-11 00:00:00+00:00
[2024-05-11T16:36:11.706-0300] {processor.py:183} INFO - Processing /home/patricia/Documentos/airflow/airflow_venv/lib/python3.10/site-packages/airflow/example_dags/example_short_circuit_operator.py took 0.359 seconds
