[2024-05-11T15:11:17.080-0300] {processor.py:161} INFO - Started process (PID=4495) to work on /home/patricia/Documentos/airflow/airflow_venv/lib/python3.10/site-packages/airflow/example_dags/example_latest_only_with_trigger.py
[2024-05-11T15:11:17.081-0300] {processor.py:830} INFO - Processing file /home/patricia/Documentos/airflow/airflow_venv/lib/python3.10/site-packages/airflow/example_dags/example_latest_only_with_trigger.py for tasks to queue
[2024-05-11T15:11:17.086-0300] {logging_mixin.py:188} INFO - [2024-05-11T15:11:17.084-0300] {dagbag.py:545} INFO - Filling up the DagBag from /home/patricia/Documentos/airflow/airflow_venv/lib/python3.10/site-packages/airflow/example_dags/example_latest_only_with_trigger.py
[2024-05-11T15:11:17.126-0300] {processor.py:840} INFO - DAG(s) 'latest_only_with_trigger' retrieved from /home/patricia/Documentos/airflow/airflow_venv/lib/python3.10/site-packages/airflow/example_dags/example_latest_only_with_trigger.py
[2024-05-11T15:11:17.139-0300] {logging_mixin.py:188} INFO - [2024-05-11T15:11:17.139-0300] {dag.py:3096} INFO - Sync 1 DAGs
[2024-05-11T15:11:17.163-0300] {logging_mixin.py:188} INFO - [2024-05-11T15:11:17.163-0300] {dag.py:3954} INFO - Setting next_dagrun for latest_only_with_trigger to 2024-05-11 12:00:00+00:00, run_after=2024-05-11 16:00:00+00:00
[2024-05-11T15:11:17.197-0300] {processor.py:183} INFO - Processing /home/patricia/Documentos/airflow/airflow_venv/lib/python3.10/site-packages/airflow/example_dags/example_latest_only_with_trigger.py took 0.132 seconds
[2024-05-11T15:13:08.007-0300] {processor.py:161} INFO - Started process (PID=4686) to work on /home/patricia/Documentos/airflow/airflow_venv/lib/python3.10/site-packages/airflow/example_dags/example_latest_only_with_trigger.py
[2024-05-11T15:13:08.154-0300] {processor.py:830} INFO - Processing file /home/patricia/Documentos/airflow/airflow_venv/lib/python3.10/site-packages/airflow/example_dags/example_latest_only_with_trigger.py for tasks to queue
[2024-05-11T15:13:08.159-0300] {logging_mixin.py:188} INFO - [2024-05-11T15:13:08.158-0300] {dagbag.py:545} INFO - Filling up the DagBag from /home/patricia/Documentos/airflow/airflow_venv/lib/python3.10/site-packages/airflow/example_dags/example_latest_only_with_trigger.py
[2024-05-11T15:13:08.171-0300] {processor.py:840} INFO - DAG(s) 'latest_only_with_trigger' retrieved from /home/patricia/Documentos/airflow/airflow_venv/lib/python3.10/site-packages/airflow/example_dags/example_latest_only_with_trigger.py
[2024-05-11T15:13:08.381-0300] {logging_mixin.py:188} INFO - [2024-05-11T15:13:08.380-0300] {dag.py:3096} INFO - Sync 1 DAGs
[2024-05-11T15:13:08.396-0300] {logging_mixin.py:188} INFO - [2024-05-11T15:13:08.395-0300] {dag.py:3954} INFO - Setting next_dagrun for latest_only_with_trigger to 2024-05-11 12:00:00+00:00, run_after=2024-05-11 16:00:00+00:00
[2024-05-11T15:13:10.262-0300] {processor.py:183} INFO - Processing /home/patricia/Documentos/airflow/airflow_venv/lib/python3.10/site-packages/airflow/example_dags/example_latest_only_with_trigger.py took 2.268 seconds
[2024-05-11T15:14:09.104-0300] {processor.py:161} INFO - Started process (PID=4821) to work on /home/patricia/Documentos/airflow/airflow_venv/lib/python3.10/site-packages/airflow/example_dags/example_latest_only_with_trigger.py
[2024-05-11T15:14:09.108-0300] {processor.py:830} INFO - Processing file /home/patricia/Documentos/airflow/airflow_venv/lib/python3.10/site-packages/airflow/example_dags/example_latest_only_with_trigger.py for tasks to queue
[2024-05-11T15:14:09.111-0300] {logging_mixin.py:188} INFO - [2024-05-11T15:14:09.110-0300] {dagbag.py:545} INFO - Filling up the DagBag from /home/patricia/Documentos/airflow/airflow_venv/lib/python3.10/site-packages/airflow/example_dags/example_latest_only_with_trigger.py
[2024-05-11T15:14:09.118-0300] {processor.py:840} INFO - DAG(s) 'latest_only_with_trigger' retrieved from /home/patricia/Documentos/airflow/airflow_venv/lib/python3.10/site-packages/airflow/example_dags/example_latest_only_with_trigger.py
[2024-05-11T15:14:09.138-0300] {logging_mixin.py:188} INFO - [2024-05-11T15:14:09.138-0300] {dag.py:3096} INFO - Sync 1 DAGs
[2024-05-11T15:14:09.158-0300] {logging_mixin.py:188} INFO - [2024-05-11T15:14:09.158-0300] {dag.py:3954} INFO - Setting next_dagrun for latest_only_with_trigger to 2024-05-11 12:00:00+00:00, run_after=2024-05-11 16:00:00+00:00
[2024-05-11T15:14:09.292-0300] {processor.py:183} INFO - Processing /home/patricia/Documentos/airflow/airflow_venv/lib/python3.10/site-packages/airflow/example_dags/example_latest_only_with_trigger.py took 0.195 seconds
[2024-05-11T15:15:31.838-0300] {processor.py:161} INFO - Started process (PID=5008) to work on /home/patricia/Documentos/airflow/airflow_venv/lib/python3.10/site-packages/airflow/example_dags/example_latest_only_with_trigger.py
[2024-05-11T15:15:31.846-0300] {processor.py:830} INFO - Processing file /home/patricia/Documentos/airflow/airflow_venv/lib/python3.10/site-packages/airflow/example_dags/example_latest_only_with_trigger.py for tasks to queue
[2024-05-11T15:15:31.850-0300] {logging_mixin.py:188} INFO - [2024-05-11T15:15:31.849-0300] {dagbag.py:545} INFO - Filling up the DagBag from /home/patricia/Documentos/airflow/airflow_venv/lib/python3.10/site-packages/airflow/example_dags/example_latest_only_with_trigger.py
[2024-05-11T15:15:31.867-0300] {processor.py:840} INFO - DAG(s) 'latest_only_with_trigger' retrieved from /home/patricia/Documentos/airflow/airflow_venv/lib/python3.10/site-packages/airflow/example_dags/example_latest_only_with_trigger.py
[2024-05-11T15:15:31.916-0300] {logging_mixin.py:188} INFO - [2024-05-11T15:15:31.916-0300] {dag.py:3096} INFO - Sync 1 DAGs
[2024-05-11T15:15:31.973-0300] {logging_mixin.py:188} INFO - [2024-05-11T15:15:31.973-0300] {dag.py:3954} INFO - Setting next_dagrun for latest_only_with_trigger to 2024-05-11 12:00:00+00:00, run_after=2024-05-11 16:00:00+00:00
[2024-05-11T15:15:32.022-0300] {processor.py:183} INFO - Processing /home/patricia/Documentos/airflow/airflow_venv/lib/python3.10/site-packages/airflow/example_dags/example_latest_only_with_trigger.py took 0.198 seconds
[2024-05-11T15:16:31.799-0300] {processor.py:161} INFO - Started process (PID=5135) to work on /home/patricia/Documentos/airflow/airflow_venv/lib/python3.10/site-packages/airflow/example_dags/example_latest_only_with_trigger.py
[2024-05-11T15:16:31.806-0300] {processor.py:830} INFO - Processing file /home/patricia/Documentos/airflow/airflow_venv/lib/python3.10/site-packages/airflow/example_dags/example_latest_only_with_trigger.py for tasks to queue
[2024-05-11T15:16:31.812-0300] {logging_mixin.py:188} INFO - [2024-05-11T15:16:31.811-0300] {dagbag.py:545} INFO - Filling up the DagBag from /home/patricia/Documentos/airflow/airflow_venv/lib/python3.10/site-packages/airflow/example_dags/example_latest_only_with_trigger.py
[2024-05-11T15:16:31.829-0300] {processor.py:840} INFO - DAG(s) 'latest_only_with_trigger' retrieved from /home/patricia/Documentos/airflow/airflow_venv/lib/python3.10/site-packages/airflow/example_dags/example_latest_only_with_trigger.py
[2024-05-11T15:16:31.872-0300] {logging_mixin.py:188} INFO - [2024-05-11T15:16:31.871-0300] {dag.py:3096} INFO - Sync 1 DAGs
[2024-05-11T15:16:31.950-0300] {logging_mixin.py:188} INFO - [2024-05-11T15:16:31.950-0300] {dag.py:3954} INFO - Setting next_dagrun for latest_only_with_trigger to 2024-05-11 12:00:00+00:00, run_after=2024-05-11 16:00:00+00:00
[2024-05-11T15:16:32.038-0300] {processor.py:183} INFO - Processing /home/patricia/Documentos/airflow/airflow_venv/lib/python3.10/site-packages/airflow/example_dags/example_latest_only_with_trigger.py took 0.253 seconds
[2024-05-11T15:17:37.469-0300] {processor.py:161} INFO - Started process (PID=5285) to work on /home/patricia/Documentos/airflow/airflow_venv/lib/python3.10/site-packages/airflow/example_dags/example_latest_only_with_trigger.py
[2024-05-11T15:17:37.475-0300] {processor.py:830} INFO - Processing file /home/patricia/Documentos/airflow/airflow_venv/lib/python3.10/site-packages/airflow/example_dags/example_latest_only_with_trigger.py for tasks to queue
[2024-05-11T15:17:37.483-0300] {logging_mixin.py:188} INFO - [2024-05-11T15:17:37.482-0300] {dagbag.py:545} INFO - Filling up the DagBag from /home/patricia/Documentos/airflow/airflow_venv/lib/python3.10/site-packages/airflow/example_dags/example_latest_only_with_trigger.py
[2024-05-11T15:17:37.538-0300] {processor.py:840} INFO - DAG(s) 'latest_only_with_trigger' retrieved from /home/patricia/Documentos/airflow/airflow_venv/lib/python3.10/site-packages/airflow/example_dags/example_latest_only_with_trigger.py
[2024-05-11T15:17:37.650-0300] {logging_mixin.py:188} INFO - [2024-05-11T15:17:37.649-0300] {dag.py:3096} INFO - Sync 1 DAGs
[2024-05-11T15:17:37.734-0300] {logging_mixin.py:188} INFO - [2024-05-11T15:17:37.733-0300] {dag.py:3954} INFO - Setting next_dagrun for latest_only_with_trigger to 2024-05-11 12:00:00+00:00, run_after=2024-05-11 16:00:00+00:00
[2024-05-11T15:17:37.832-0300] {processor.py:183} INFO - Processing /home/patricia/Documentos/airflow/airflow_venv/lib/python3.10/site-packages/airflow/example_dags/example_latest_only_with_trigger.py took 0.384 seconds
[2024-05-11T15:18:47.502-0300] {processor.py:161} INFO - Started process (PID=5902) to work on /home/patricia/Documentos/airflow/airflow_venv/lib/python3.10/site-packages/airflow/example_dags/example_latest_only_with_trigger.py
[2024-05-11T15:18:47.516-0300] {processor.py:830} INFO - Processing file /home/patricia/Documentos/airflow/airflow_venv/lib/python3.10/site-packages/airflow/example_dags/example_latest_only_with_trigger.py for tasks to queue
[2024-05-11T15:18:47.519-0300] {logging_mixin.py:188} INFO - [2024-05-11T15:18:47.519-0300] {dagbag.py:545} INFO - Filling up the DagBag from /home/patricia/Documentos/airflow/airflow_venv/lib/python3.10/site-packages/airflow/example_dags/example_latest_only_with_trigger.py
[2024-05-11T15:18:47.552-0300] {processor.py:840} INFO - DAG(s) 'latest_only_with_trigger' retrieved from /home/patricia/Documentos/airflow/airflow_venv/lib/python3.10/site-packages/airflow/example_dags/example_latest_only_with_trigger.py
[2024-05-11T15:18:47.586-0300] {logging_mixin.py:188} INFO - [2024-05-11T15:18:47.585-0300] {dag.py:3096} INFO - Sync 1 DAGs
[2024-05-11T15:18:47.623-0300] {logging_mixin.py:188} INFO - [2024-05-11T15:18:47.623-0300] {dag.py:3954} INFO - Setting next_dagrun for latest_only_with_trigger to 2024-05-11 12:00:00+00:00, run_after=2024-05-11 16:00:00+00:00
[2024-05-11T15:18:47.675-0300] {processor.py:183} INFO - Processing /home/patricia/Documentos/airflow/airflow_venv/lib/python3.10/site-packages/airflow/example_dags/example_latest_only_with_trigger.py took 0.219 seconds
[2024-05-11T15:19:57.753-0300] {processor.py:161} INFO - Started process (PID=6044) to work on /home/patricia/Documentos/airflow/airflow_venv/lib/python3.10/site-packages/airflow/example_dags/example_latest_only_with_trigger.py
[2024-05-11T15:19:57.757-0300] {processor.py:830} INFO - Processing file /home/patricia/Documentos/airflow/airflow_venv/lib/python3.10/site-packages/airflow/example_dags/example_latest_only_with_trigger.py for tasks to queue
[2024-05-11T15:19:57.760-0300] {logging_mixin.py:188} INFO - [2024-05-11T15:19:57.759-0300] {dagbag.py:545} INFO - Filling up the DagBag from /home/patricia/Documentos/airflow/airflow_venv/lib/python3.10/site-packages/airflow/example_dags/example_latest_only_with_trigger.py
[2024-05-11T15:19:57.766-0300] {processor.py:840} INFO - DAG(s) 'latest_only_with_trigger' retrieved from /home/patricia/Documentos/airflow/airflow_venv/lib/python3.10/site-packages/airflow/example_dags/example_latest_only_with_trigger.py
[2024-05-11T15:19:57.804-0300] {logging_mixin.py:188} INFO - [2024-05-11T15:19:57.804-0300] {dag.py:3096} INFO - Sync 1 DAGs
[2024-05-11T15:19:57.833-0300] {logging_mixin.py:188} INFO - [2024-05-11T15:19:57.832-0300] {dag.py:3954} INFO - Setting next_dagrun for latest_only_with_trigger to 2024-05-11 12:00:00+00:00, run_after=2024-05-11 16:00:00+00:00
[2024-05-11T15:19:57.878-0300] {processor.py:183} INFO - Processing /home/patricia/Documentos/airflow/airflow_venv/lib/python3.10/site-packages/airflow/example_dags/example_latest_only_with_trigger.py took 0.138 seconds
[2024-05-11T15:21:44.359-0300] {processor.py:161} INFO - Started process (PID=6226) to work on /home/patricia/Documentos/airflow/airflow_venv/lib/python3.10/site-packages/airflow/example_dags/example_latest_only_with_trigger.py
[2024-05-11T15:21:44.362-0300] {processor.py:830} INFO - Processing file /home/patricia/Documentos/airflow/airflow_venv/lib/python3.10/site-packages/airflow/example_dags/example_latest_only_with_trigger.py for tasks to queue
[2024-05-11T15:21:44.364-0300] {logging_mixin.py:188} INFO - [2024-05-11T15:21:44.364-0300] {dagbag.py:545} INFO - Filling up the DagBag from /home/patricia/Documentos/airflow/airflow_venv/lib/python3.10/site-packages/airflow/example_dags/example_latest_only_with_trigger.py
[2024-05-11T15:21:44.376-0300] {processor.py:840} INFO - DAG(s) 'latest_only_with_trigger' retrieved from /home/patricia/Documentos/airflow/airflow_venv/lib/python3.10/site-packages/airflow/example_dags/example_latest_only_with_trigger.py
[2024-05-11T15:21:44.399-0300] {logging_mixin.py:188} INFO - [2024-05-11T15:21:44.398-0300] {dag.py:3096} INFO - Sync 1 DAGs
[2024-05-11T15:21:44.431-0300] {logging_mixin.py:188} INFO - [2024-05-11T15:21:44.430-0300] {dag.py:3954} INFO - Setting next_dagrun for latest_only_with_trigger to 2024-05-11 12:00:00+00:00, run_after=2024-05-11 16:00:00+00:00
[2024-05-11T15:21:44.491-0300] {processor.py:183} INFO - Processing /home/patricia/Documentos/airflow/airflow_venv/lib/python3.10/site-packages/airflow/example_dags/example_latest_only_with_trigger.py took 0.140 seconds
[2024-05-11T15:22:52.071-0300] {processor.py:161} INFO - Started process (PID=6368) to work on /home/patricia/Documentos/airflow/airflow_venv/lib/python3.10/site-packages/airflow/example_dags/example_latest_only_with_trigger.py
[2024-05-11T15:22:52.073-0300] {processor.py:830} INFO - Processing file /home/patricia/Documentos/airflow/airflow_venv/lib/python3.10/site-packages/airflow/example_dags/example_latest_only_with_trigger.py for tasks to queue
[2024-05-11T15:22:52.075-0300] {logging_mixin.py:188} INFO - [2024-05-11T15:22:52.075-0300] {dagbag.py:545} INFO - Filling up the DagBag from /home/patricia/Documentos/airflow/airflow_venv/lib/python3.10/site-packages/airflow/example_dags/example_latest_only_with_trigger.py
[2024-05-11T15:22:52.083-0300] {processor.py:840} INFO - DAG(s) 'latest_only_with_trigger' retrieved from /home/patricia/Documentos/airflow/airflow_venv/lib/python3.10/site-packages/airflow/example_dags/example_latest_only_with_trigger.py
[2024-05-11T15:22:52.103-0300] {logging_mixin.py:188} INFO - [2024-05-11T15:22:52.102-0300] {dag.py:3096} INFO - Sync 1 DAGs
[2024-05-11T15:22:52.125-0300] {logging_mixin.py:188} INFO - [2024-05-11T15:22:52.124-0300] {dag.py:3954} INFO - Setting next_dagrun for latest_only_with_trigger to 2024-05-11 12:00:00+00:00, run_after=2024-05-11 16:00:00+00:00
[2024-05-11T15:22:52.157-0300] {processor.py:183} INFO - Processing /home/patricia/Documentos/airflow/airflow_venv/lib/python3.10/site-packages/airflow/example_dags/example_latest_only_with_trigger.py took 0.094 seconds
[2024-05-11T15:23:52.097-0300] {processor.py:161} INFO - Started process (PID=6498) to work on /home/patricia/Documentos/airflow/airflow_venv/lib/python3.10/site-packages/airflow/example_dags/example_latest_only_with_trigger.py
[2024-05-11T15:23:52.100-0300] {processor.py:830} INFO - Processing file /home/patricia/Documentos/airflow/airflow_venv/lib/python3.10/site-packages/airflow/example_dags/example_latest_only_with_trigger.py for tasks to queue
[2024-05-11T15:23:52.103-0300] {logging_mixin.py:188} INFO - [2024-05-11T15:23:52.102-0300] {dagbag.py:545} INFO - Filling up the DagBag from /home/patricia/Documentos/airflow/airflow_venv/lib/python3.10/site-packages/airflow/example_dags/example_latest_only_with_trigger.py
[2024-05-11T15:23:52.110-0300] {processor.py:840} INFO - DAG(s) 'latest_only_with_trigger' retrieved from /home/patricia/Documentos/airflow/airflow_venv/lib/python3.10/site-packages/airflow/example_dags/example_latest_only_with_trigger.py
[2024-05-11T15:23:52.131-0300] {logging_mixin.py:188} INFO - [2024-05-11T15:23:52.130-0300] {dag.py:3096} INFO - Sync 1 DAGs
[2024-05-11T15:23:52.152-0300] {logging_mixin.py:188} INFO - [2024-05-11T15:23:52.152-0300] {dag.py:3954} INFO - Setting next_dagrun for latest_only_with_trigger to 2024-05-11 12:00:00+00:00, run_after=2024-05-11 16:00:00+00:00
[2024-05-11T15:23:52.186-0300] {processor.py:183} INFO - Processing /home/patricia/Documentos/airflow/airflow_venv/lib/python3.10/site-packages/airflow/example_dags/example_latest_only_with_trigger.py took 0.096 seconds
[2024-05-11T15:24:50.226-0300] {processor.py:161} INFO - Started process (PID=6609) to work on /home/patricia/Documentos/airflow/airflow_venv/lib/python3.10/site-packages/airflow/example_dags/example_latest_only_with_trigger.py
[2024-05-11T15:24:50.229-0300] {processor.py:830} INFO - Processing file /home/patricia/Documentos/airflow/airflow_venv/lib/python3.10/site-packages/airflow/example_dags/example_latest_only_with_trigger.py for tasks to queue
[2024-05-11T15:24:50.231-0300] {logging_mixin.py:188} INFO - [2024-05-11T15:24:50.230-0300] {dagbag.py:545} INFO - Filling up the DagBag from /home/patricia/Documentos/airflow/airflow_venv/lib/python3.10/site-packages/airflow/example_dags/example_latest_only_with_trigger.py
[2024-05-11T15:24:50.254-0300] {processor.py:840} INFO - DAG(s) 'latest_only_with_trigger' retrieved from /home/patricia/Documentos/airflow/airflow_venv/lib/python3.10/site-packages/airflow/example_dags/example_latest_only_with_trigger.py
[2024-05-11T15:24:50.277-0300] {logging_mixin.py:188} INFO - [2024-05-11T15:24:50.275-0300] {dag.py:3096} INFO - Sync 1 DAGs
[2024-05-11T15:24:50.317-0300] {logging_mixin.py:188} INFO - [2024-05-11T15:24:50.317-0300] {dag.py:3954} INFO - Setting next_dagrun for latest_only_with_trigger to 2024-05-11 12:00:00+00:00, run_after=2024-05-11 16:00:00+00:00
[2024-05-11T15:24:50.364-0300] {processor.py:183} INFO - Processing /home/patricia/Documentos/airflow/airflow_venv/lib/python3.10/site-packages/airflow/example_dags/example_latest_only_with_trigger.py took 0.152 seconds
[2024-05-11T15:26:22.423-0300] {processor.py:161} INFO - Started process (PID=7502) to work on /home/patricia/Documentos/airflow/airflow_venv/lib/python3.10/site-packages/airflow/example_dags/example_latest_only_with_trigger.py
[2024-05-11T15:26:22.428-0300] {processor.py:830} INFO - Processing file /home/patricia/Documentos/airflow/airflow_venv/lib/python3.10/site-packages/airflow/example_dags/example_latest_only_with_trigger.py for tasks to queue
[2024-05-11T15:26:22.433-0300] {logging_mixin.py:188} INFO - [2024-05-11T15:26:22.431-0300] {dagbag.py:545} INFO - Filling up the DagBag from /home/patricia/Documentos/airflow/airflow_venv/lib/python3.10/site-packages/airflow/example_dags/example_latest_only_with_trigger.py
[2024-05-11T15:26:22.447-0300] {processor.py:840} INFO - DAG(s) 'latest_only_with_trigger' retrieved from /home/patricia/Documentos/airflow/airflow_venv/lib/python3.10/site-packages/airflow/example_dags/example_latest_only_with_trigger.py
[2024-05-11T15:26:22.459-0300] {logging_mixin.py:188} INFO - [2024-05-11T15:26:22.459-0300] {dag.py:3096} INFO - Sync 1 DAGs
[2024-05-11T15:26:22.499-0300] {logging_mixin.py:188} INFO - [2024-05-11T15:26:22.499-0300] {dag.py:3954} INFO - Setting next_dagrun for latest_only_with_trigger to 2024-05-11 12:00:00+00:00, run_after=2024-05-11 16:00:00+00:00
[2024-05-11T15:26:22.544-0300] {processor.py:183} INFO - Processing /home/patricia/Documentos/airflow/airflow_venv/lib/python3.10/site-packages/airflow/example_dags/example_latest_only_with_trigger.py took 0.201 seconds
[2024-05-11T15:27:44.738-0300] {processor.py:161} INFO - Started process (PID=7673) to work on /home/patricia/Documentos/airflow/airflow_venv/lib/python3.10/site-packages/airflow/example_dags/example_latest_only_with_trigger.py
[2024-05-11T15:27:44.744-0300] {processor.py:830} INFO - Processing file /home/patricia/Documentos/airflow/airflow_venv/lib/python3.10/site-packages/airflow/example_dags/example_latest_only_with_trigger.py for tasks to queue
[2024-05-11T15:27:44.754-0300] {logging_mixin.py:188} INFO - [2024-05-11T15:27:44.748-0300] {dagbag.py:545} INFO - Filling up the DagBag from /home/patricia/Documentos/airflow/airflow_venv/lib/python3.10/site-packages/airflow/example_dags/example_latest_only_with_trigger.py
[2024-05-11T15:27:44.769-0300] {processor.py:840} INFO - DAG(s) 'latest_only_with_trigger' retrieved from /home/patricia/Documentos/airflow/airflow_venv/lib/python3.10/site-packages/airflow/example_dags/example_latest_only_with_trigger.py
[2024-05-11T15:27:45.247-0300] {logging_mixin.py:188} INFO - [2024-05-11T15:27:45.246-0300] {dag.py:3096} INFO - Sync 1 DAGs
[2024-05-11T15:27:45.271-0300] {logging_mixin.py:188} INFO - [2024-05-11T15:27:45.271-0300] {dag.py:3954} INFO - Setting next_dagrun for latest_only_with_trigger to 2024-05-11 12:00:00+00:00, run_after=2024-05-11 16:00:00+00:00
[2024-05-11T15:27:45.383-0300] {processor.py:183} INFO - Processing /home/patricia/Documentos/airflow/airflow_venv/lib/python3.10/site-packages/airflow/example_dags/example_latest_only_with_trigger.py took 0.682 seconds
[2024-05-11T15:28:59.641-0300] {processor.py:161} INFO - Started process (PID=7827) to work on /home/patricia/Documentos/airflow/airflow_venv/lib/python3.10/site-packages/airflow/example_dags/example_latest_only_with_trigger.py
[2024-05-11T15:28:59.651-0300] {processor.py:830} INFO - Processing file /home/patricia/Documentos/airflow/airflow_venv/lib/python3.10/site-packages/airflow/example_dags/example_latest_only_with_trigger.py for tasks to queue
[2024-05-11T15:28:59.654-0300] {logging_mixin.py:188} INFO - [2024-05-11T15:28:59.653-0300] {dagbag.py:545} INFO - Filling up the DagBag from /home/patricia/Documentos/airflow/airflow_venv/lib/python3.10/site-packages/airflow/example_dags/example_latest_only_with_trigger.py
[2024-05-11T15:28:59.662-0300] {processor.py:840} INFO - DAG(s) 'latest_only_with_trigger' retrieved from /home/patricia/Documentos/airflow/airflow_venv/lib/python3.10/site-packages/airflow/example_dags/example_latest_only_with_trigger.py
[2024-05-11T15:28:59.707-0300] {logging_mixin.py:188} INFO - [2024-05-11T15:28:59.706-0300] {dag.py:3096} INFO - Sync 1 DAGs
[2024-05-11T15:28:59.913-0300] {logging_mixin.py:188} INFO - [2024-05-11T15:28:59.913-0300] {dag.py:3954} INFO - Setting next_dagrun for latest_only_with_trigger to 2024-05-11 12:00:00+00:00, run_after=2024-05-11 16:00:00+00:00
[2024-05-11T15:28:59.950-0300] {processor.py:183} INFO - Processing /home/patricia/Documentos/airflow/airflow_venv/lib/python3.10/site-packages/airflow/example_dags/example_latest_only_with_trigger.py took 0.335 seconds
[2024-05-11T15:30:33.318-0300] {processor.py:161} INFO - Started process (PID=8022) to work on /home/patricia/Documentos/airflow/airflow_venv/lib/python3.10/site-packages/airflow/example_dags/example_latest_only_with_trigger.py
[2024-05-11T15:30:33.327-0300] {processor.py:830} INFO - Processing file /home/patricia/Documentos/airflow/airflow_venv/lib/python3.10/site-packages/airflow/example_dags/example_latest_only_with_trigger.py for tasks to queue
[2024-05-11T15:30:33.331-0300] {logging_mixin.py:188} INFO - [2024-05-11T15:30:33.331-0300] {dagbag.py:545} INFO - Filling up the DagBag from /home/patricia/Documentos/airflow/airflow_venv/lib/python3.10/site-packages/airflow/example_dags/example_latest_only_with_trigger.py
[2024-05-11T15:30:33.340-0300] {processor.py:840} INFO - DAG(s) 'latest_only_with_trigger' retrieved from /home/patricia/Documentos/airflow/airflow_venv/lib/python3.10/site-packages/airflow/example_dags/example_latest_only_with_trigger.py
[2024-05-11T15:30:33.374-0300] {logging_mixin.py:188} INFO - [2024-05-11T15:30:33.374-0300] {dag.py:3096} INFO - Sync 1 DAGs
[2024-05-11T15:30:33.422-0300] {logging_mixin.py:188} INFO - [2024-05-11T15:30:33.422-0300] {dag.py:3954} INFO - Setting next_dagrun for latest_only_with_trigger to 2024-05-11 12:00:00+00:00, run_after=2024-05-11 16:00:00+00:00
[2024-05-11T15:30:33.461-0300] {processor.py:183} INFO - Processing /home/patricia/Documentos/airflow/airflow_venv/lib/python3.10/site-packages/airflow/example_dags/example_latest_only_with_trigger.py took 0.150 seconds
[2024-05-11T15:31:40.222-0300] {processor.py:161} INFO - Started process (PID=8208) to work on /home/patricia/Documentos/airflow/airflow_venv/lib/python3.10/site-packages/airflow/example_dags/example_latest_only_with_trigger.py
[2024-05-11T15:31:40.226-0300] {processor.py:830} INFO - Processing file /home/patricia/Documentos/airflow/airflow_venv/lib/python3.10/site-packages/airflow/example_dags/example_latest_only_with_trigger.py for tasks to queue
[2024-05-11T15:31:40.231-0300] {logging_mixin.py:188} INFO - [2024-05-11T15:31:40.231-0300] {dagbag.py:545} INFO - Filling up the DagBag from /home/patricia/Documentos/airflow/airflow_venv/lib/python3.10/site-packages/airflow/example_dags/example_latest_only_with_trigger.py
[2024-05-11T15:31:40.243-0300] {processor.py:840} INFO - DAG(s) 'latest_only_with_trigger' retrieved from /home/patricia/Documentos/airflow/airflow_venv/lib/python3.10/site-packages/airflow/example_dags/example_latest_only_with_trigger.py
[2024-05-11T15:31:40.290-0300] {logging_mixin.py:188} INFO - [2024-05-11T15:31:40.290-0300] {dag.py:3096} INFO - Sync 1 DAGs
[2024-05-11T15:31:40.324-0300] {logging_mixin.py:188} INFO - [2024-05-11T15:31:40.324-0300] {dag.py:3954} INFO - Setting next_dagrun for latest_only_with_trigger to 2024-05-11 12:00:00+00:00, run_after=2024-05-11 16:00:00+00:00
[2024-05-11T15:31:40.386-0300] {processor.py:183} INFO - Processing /home/patricia/Documentos/airflow/airflow_venv/lib/python3.10/site-packages/airflow/example_dags/example_latest_only_with_trigger.py took 0.179 seconds
[2024-05-11T15:32:42.562-0300] {processor.py:161} INFO - Started process (PID=8500) to work on /home/patricia/Documentos/airflow/airflow_venv/lib/python3.10/site-packages/airflow/example_dags/example_latest_only_with_trigger.py
[2024-05-11T15:32:42.565-0300] {processor.py:830} INFO - Processing file /home/patricia/Documentos/airflow/airflow_venv/lib/python3.10/site-packages/airflow/example_dags/example_latest_only_with_trigger.py for tasks to queue
[2024-05-11T15:32:42.568-0300] {logging_mixin.py:188} INFO - [2024-05-11T15:32:42.567-0300] {dagbag.py:545} INFO - Filling up the DagBag from /home/patricia/Documentos/airflow/airflow_venv/lib/python3.10/site-packages/airflow/example_dags/example_latest_only_with_trigger.py
[2024-05-11T15:32:42.575-0300] {processor.py:840} INFO - DAG(s) 'latest_only_with_trigger' retrieved from /home/patricia/Documentos/airflow/airflow_venv/lib/python3.10/site-packages/airflow/example_dags/example_latest_only_with_trigger.py
[2024-05-11T15:32:42.593-0300] {logging_mixin.py:188} INFO - [2024-05-11T15:32:42.593-0300] {dag.py:3096} INFO - Sync 1 DAGs
[2024-05-11T15:32:42.613-0300] {logging_mixin.py:188} INFO - [2024-05-11T15:32:42.613-0300] {dag.py:3954} INFO - Setting next_dagrun for latest_only_with_trigger to 2024-05-11 12:00:00+00:00, run_after=2024-05-11 16:00:00+00:00
[2024-05-11T15:32:42.650-0300] {processor.py:183} INFO - Processing /home/patricia/Documentos/airflow/airflow_venv/lib/python3.10/site-packages/airflow/example_dags/example_latest_only_with_trigger.py took 0.095 seconds
[2024-05-11T15:33:53.557-0300] {processor.py:161} INFO - Started process (PID=9066) to work on /home/patricia/Documentos/airflow/airflow_venv/lib/python3.10/site-packages/airflow/example_dags/example_latest_only_with_trigger.py
[2024-05-11T15:33:53.560-0300] {processor.py:830} INFO - Processing file /home/patricia/Documentos/airflow/airflow_venv/lib/python3.10/site-packages/airflow/example_dags/example_latest_only_with_trigger.py for tasks to queue
[2024-05-11T15:33:53.563-0300] {logging_mixin.py:188} INFO - [2024-05-11T15:33:53.562-0300] {dagbag.py:545} INFO - Filling up the DagBag from /home/patricia/Documentos/airflow/airflow_venv/lib/python3.10/site-packages/airflow/example_dags/example_latest_only_with_trigger.py
[2024-05-11T15:33:53.584-0300] {processor.py:840} INFO - DAG(s) 'latest_only_with_trigger' retrieved from /home/patricia/Documentos/airflow/airflow_venv/lib/python3.10/site-packages/airflow/example_dags/example_latest_only_with_trigger.py
[2024-05-11T15:33:53.627-0300] {logging_mixin.py:188} INFO - [2024-05-11T15:33:53.626-0300] {dag.py:3096} INFO - Sync 1 DAGs
[2024-05-11T15:33:53.697-0300] {logging_mixin.py:188} INFO - [2024-05-11T15:33:53.697-0300] {dag.py:3954} INFO - Setting next_dagrun for latest_only_with_trigger to 2024-05-11 12:00:00+00:00, run_after=2024-05-11 16:00:00+00:00
[2024-05-11T15:33:53.738-0300] {processor.py:183} INFO - Processing /home/patricia/Documentos/airflow/airflow_venv/lib/python3.10/site-packages/airflow/example_dags/example_latest_only_with_trigger.py took 0.195 seconds
[2024-05-11T15:35:13.491-0300] {processor.py:161} INFO - Started process (PID=9403) to work on /home/patricia/Documentos/airflow/airflow_venv/lib/python3.10/site-packages/airflow/example_dags/example_latest_only_with_trigger.py
[2024-05-11T15:35:13.495-0300] {processor.py:830} INFO - Processing file /home/patricia/Documentos/airflow/airflow_venv/lib/python3.10/site-packages/airflow/example_dags/example_latest_only_with_trigger.py for tasks to queue
[2024-05-11T15:35:13.498-0300] {logging_mixin.py:188} INFO - [2024-05-11T15:35:13.497-0300] {dagbag.py:545} INFO - Filling up the DagBag from /home/patricia/Documentos/airflow/airflow_venv/lib/python3.10/site-packages/airflow/example_dags/example_latest_only_with_trigger.py
[2024-05-11T15:35:13.507-0300] {processor.py:840} INFO - DAG(s) 'latest_only_with_trigger' retrieved from /home/patricia/Documentos/airflow/airflow_venv/lib/python3.10/site-packages/airflow/example_dags/example_latest_only_with_trigger.py
[2024-05-11T15:35:13.529-0300] {logging_mixin.py:188} INFO - [2024-05-11T15:35:13.529-0300] {dag.py:3096} INFO - Sync 1 DAGs
[2024-05-11T15:35:13.575-0300] {logging_mixin.py:188} INFO - [2024-05-11T15:35:13.574-0300] {dag.py:3954} INFO - Setting next_dagrun for latest_only_with_trigger to 2024-05-11 12:00:00+00:00, run_after=2024-05-11 16:00:00+00:00
[2024-05-11T15:35:13.621-0300] {processor.py:183} INFO - Processing /home/patricia/Documentos/airflow/airflow_venv/lib/python3.10/site-packages/airflow/example_dags/example_latest_only_with_trigger.py took 0.138 seconds
[2024-05-11T15:36:31.196-0300] {processor.py:161} INFO - Started process (PID=9611) to work on /home/patricia/Documentos/airflow/airflow_venv/lib/python3.10/site-packages/airflow/example_dags/example_latest_only_with_trigger.py
[2024-05-11T15:36:31.201-0300] {processor.py:830} INFO - Processing file /home/patricia/Documentos/airflow/airflow_venv/lib/python3.10/site-packages/airflow/example_dags/example_latest_only_with_trigger.py for tasks to queue
[2024-05-11T15:36:31.204-0300] {logging_mixin.py:188} INFO - [2024-05-11T15:36:31.203-0300] {dagbag.py:545} INFO - Filling up the DagBag from /home/patricia/Documentos/airflow/airflow_venv/lib/python3.10/site-packages/airflow/example_dags/example_latest_only_with_trigger.py
[2024-05-11T15:36:31.218-0300] {processor.py:840} INFO - DAG(s) 'latest_only_with_trigger' retrieved from /home/patricia/Documentos/airflow/airflow_venv/lib/python3.10/site-packages/airflow/example_dags/example_latest_only_with_trigger.py
[2024-05-11T15:36:31.251-0300] {logging_mixin.py:188} INFO - [2024-05-11T15:36:31.251-0300] {dag.py:3096} INFO - Sync 1 DAGs
[2024-05-11T15:36:31.292-0300] {logging_mixin.py:188} INFO - [2024-05-11T15:36:31.292-0300] {dag.py:3954} INFO - Setting next_dagrun for latest_only_with_trigger to 2024-05-11 12:00:00+00:00, run_after=2024-05-11 16:00:00+00:00
[2024-05-11T15:36:31.340-0300] {processor.py:183} INFO - Processing /home/patricia/Documentos/airflow/airflow_venv/lib/python3.10/site-packages/airflow/example_dags/example_latest_only_with_trigger.py took 0.159 seconds
[2024-05-11T15:38:41.880-0300] {processor.py:161} INFO - Started process (PID=9965) to work on /home/patricia/Documentos/airflow/airflow_venv/lib/python3.10/site-packages/airflow/example_dags/example_latest_only_with_trigger.py
[2024-05-11T15:38:41.886-0300] {processor.py:830} INFO - Processing file /home/patricia/Documentos/airflow/airflow_venv/lib/python3.10/site-packages/airflow/example_dags/example_latest_only_with_trigger.py for tasks to queue
[2024-05-11T15:38:41.890-0300] {logging_mixin.py:188} INFO - [2024-05-11T15:38:41.889-0300] {dagbag.py:545} INFO - Filling up the DagBag from /home/patricia/Documentos/airflow/airflow_venv/lib/python3.10/site-packages/airflow/example_dags/example_latest_only_with_trigger.py
[2024-05-11T15:38:41.906-0300] {processor.py:840} INFO - DAG(s) 'latest_only_with_trigger' retrieved from /home/patricia/Documentos/airflow/airflow_venv/lib/python3.10/site-packages/airflow/example_dags/example_latest_only_with_trigger.py
[2024-05-11T15:38:41.979-0300] {logging_mixin.py:188} INFO - [2024-05-11T15:38:41.979-0300] {dag.py:3096} INFO - Sync 1 DAGs
[2024-05-11T15:38:42.026-0300] {logging_mixin.py:188} INFO - [2024-05-11T15:38:42.026-0300] {dag.py:3954} INFO - Setting next_dagrun for latest_only_with_trigger to 2024-05-11 12:00:00+00:00, run_after=2024-05-11 16:00:00+00:00
[2024-05-11T15:38:42.129-0300] {processor.py:183} INFO - Processing /home/patricia/Documentos/airflow/airflow_venv/lib/python3.10/site-packages/airflow/example_dags/example_latest_only_with_trigger.py took 0.268 seconds
[2024-05-11T15:39:42.030-0300] {processor.py:161} INFO - Started process (PID=10069) to work on /home/patricia/Documentos/airflow/airflow_venv/lib/python3.10/site-packages/airflow/example_dags/example_latest_only_with_trigger.py
[2024-05-11T15:39:42.032-0300] {processor.py:830} INFO - Processing file /home/patricia/Documentos/airflow/airflow_venv/lib/python3.10/site-packages/airflow/example_dags/example_latest_only_with_trigger.py for tasks to queue
[2024-05-11T15:39:42.034-0300] {logging_mixin.py:188} INFO - [2024-05-11T15:39:42.034-0300] {dagbag.py:545} INFO - Filling up the DagBag from /home/patricia/Documentos/airflow/airflow_venv/lib/python3.10/site-packages/airflow/example_dags/example_latest_only_with_trigger.py
[2024-05-11T15:39:42.042-0300] {processor.py:840} INFO - DAG(s) 'latest_only_with_trigger' retrieved from /home/patricia/Documentos/airflow/airflow_venv/lib/python3.10/site-packages/airflow/example_dags/example_latest_only_with_trigger.py
[2024-05-11T15:39:42.061-0300] {logging_mixin.py:188} INFO - [2024-05-11T15:39:42.060-0300] {dag.py:3096} INFO - Sync 1 DAGs
[2024-05-11T15:39:42.081-0300] {logging_mixin.py:188} INFO - [2024-05-11T15:39:42.081-0300] {dag.py:3954} INFO - Setting next_dagrun for latest_only_with_trigger to 2024-05-11 12:00:00+00:00, run_after=2024-05-11 16:00:00+00:00
[2024-05-11T15:39:42.112-0300] {processor.py:183} INFO - Processing /home/patricia/Documentos/airflow/airflow_venv/lib/python3.10/site-packages/airflow/example_dags/example_latest_only_with_trigger.py took 0.090 seconds
[2024-05-11T16:28:15.140-0300] {processor.py:161} INFO - Started process (PID=10986) to work on /home/patricia/Documentos/airflow/airflow_venv/lib/python3.10/site-packages/airflow/example_dags/example_latest_only_with_trigger.py
[2024-05-11T16:28:15.150-0300] {processor.py:830} INFO - Processing file /home/patricia/Documentos/airflow/airflow_venv/lib/python3.10/site-packages/airflow/example_dags/example_latest_only_with_trigger.py for tasks to queue
[2024-05-11T16:28:15.160-0300] {logging_mixin.py:188} INFO - [2024-05-11T16:28:15.158-0300] {dagbag.py:545} INFO - Filling up the DagBag from /home/patricia/Documentos/airflow/airflow_venv/lib/python3.10/site-packages/airflow/example_dags/example_latest_only_with_trigger.py
[2024-05-11T16:28:15.188-0300] {processor.py:840} INFO - DAG(s) 'latest_only_with_trigger' retrieved from /home/patricia/Documentos/airflow/airflow_venv/lib/python3.10/site-packages/airflow/example_dags/example_latest_only_with_trigger.py
[2024-05-11T16:28:15.497-0300] {logging_mixin.py:188} INFO - [2024-05-11T16:28:15.496-0300] {dag.py:3096} INFO - Sync 1 DAGs
[2024-05-11T16:28:15.567-0300] {logging_mixin.py:188} INFO - [2024-05-11T16:28:15.567-0300] {dag.py:3954} INFO - Setting next_dagrun for latest_only_with_trigger to 2024-05-11 12:00:00+00:00, run_after=2024-05-11 16:00:00+00:00
[2024-05-11T16:28:15.635-0300] {processor.py:183} INFO - Processing /home/patricia/Documentos/airflow/airflow_venv/lib/python3.10/site-packages/airflow/example_dags/example_latest_only_with_trigger.py took 0.525 seconds
[2024-05-11T16:30:29.219-0300] {processor.py:161} INFO - Started process (PID=11247) to work on /home/patricia/Documentos/airflow/airflow_venv/lib/python3.10/site-packages/airflow/example_dags/example_latest_only_with_trigger.py
[2024-05-11T16:30:29.227-0300] {processor.py:830} INFO - Processing file /home/patricia/Documentos/airflow/airflow_venv/lib/python3.10/site-packages/airflow/example_dags/example_latest_only_with_trigger.py for tasks to queue
[2024-05-11T16:30:29.239-0300] {logging_mixin.py:188} INFO - [2024-05-11T16:30:29.238-0300] {dagbag.py:545} INFO - Filling up the DagBag from /home/patricia/Documentos/airflow/airflow_venv/lib/python3.10/site-packages/airflow/example_dags/example_latest_only_with_trigger.py
[2024-05-11T16:30:29.255-0300] {processor.py:840} INFO - DAG(s) 'latest_only_with_trigger' retrieved from /home/patricia/Documentos/airflow/airflow_venv/lib/python3.10/site-packages/airflow/example_dags/example_latest_only_with_trigger.py
[2024-05-11T16:30:29.359-0300] {logging_mixin.py:188} INFO - [2024-05-11T16:30:29.355-0300] {dag.py:3096} INFO - Sync 1 DAGs
[2024-05-11T16:30:29.540-0300] {logging_mixin.py:188} INFO - [2024-05-11T16:30:29.539-0300] {dag.py:3954} INFO - Setting next_dagrun for latest_only_with_trigger to 2024-05-11 12:00:00+00:00, run_after=2024-05-11 16:00:00+00:00
[2024-05-11T16:30:30.035-0300] {processor.py:183} INFO - Processing /home/patricia/Documentos/airflow/airflow_venv/lib/python3.10/site-packages/airflow/example_dags/example_latest_only_with_trigger.py took 0.859 seconds
[2024-05-11T16:31:52.384-0300] {processor.py:161} INFO - Started process (PID=11399) to work on /home/patricia/Documentos/airflow/airflow_venv/lib/python3.10/site-packages/airflow/example_dags/example_latest_only_with_trigger.py
[2024-05-11T16:31:52.410-0300] {processor.py:830} INFO - Processing file /home/patricia/Documentos/airflow/airflow_venv/lib/python3.10/site-packages/airflow/example_dags/example_latest_only_with_trigger.py for tasks to queue
[2024-05-11T16:31:52.415-0300] {logging_mixin.py:188} INFO - [2024-05-11T16:31:52.414-0300] {dagbag.py:545} INFO - Filling up the DagBag from /home/patricia/Documentos/airflow/airflow_venv/lib/python3.10/site-packages/airflow/example_dags/example_latest_only_with_trigger.py
[2024-05-11T16:31:52.430-0300] {processor.py:840} INFO - DAG(s) 'latest_only_with_trigger' retrieved from /home/patricia/Documentos/airflow/airflow_venv/lib/python3.10/site-packages/airflow/example_dags/example_latest_only_with_trigger.py
[2024-05-11T16:31:52.466-0300] {logging_mixin.py:188} INFO - [2024-05-11T16:31:52.465-0300] {dag.py:3096} INFO - Sync 1 DAGs
[2024-05-11T16:31:52.674-0300] {logging_mixin.py:188} INFO - [2024-05-11T16:31:52.674-0300] {dag.py:3954} INFO - Setting next_dagrun for latest_only_with_trigger to 2024-05-11 12:00:00+00:00, run_after=2024-05-11 16:00:00+00:00
[2024-05-11T16:31:52.756-0300] {processor.py:183} INFO - Processing /home/patricia/Documentos/airflow/airflow_venv/lib/python3.10/site-packages/airflow/example_dags/example_latest_only_with_trigger.py took 0.394 seconds
[2024-05-11T16:32:52.750-0300] {processor.py:161} INFO - Started process (PID=11512) to work on /home/patricia/Documentos/airflow/airflow_venv/lib/python3.10/site-packages/airflow/example_dags/example_latest_only_with_trigger.py
[2024-05-11T16:32:52.766-0300] {processor.py:830} INFO - Processing file /home/patricia/Documentos/airflow/airflow_venv/lib/python3.10/site-packages/airflow/example_dags/example_latest_only_with_trigger.py for tasks to queue
[2024-05-11T16:32:52.773-0300] {logging_mixin.py:188} INFO - [2024-05-11T16:32:52.770-0300] {dagbag.py:545} INFO - Filling up the DagBag from /home/patricia/Documentos/airflow/airflow_venv/lib/python3.10/site-packages/airflow/example_dags/example_latest_only_with_trigger.py
[2024-05-11T16:32:52.787-0300] {processor.py:840} INFO - DAG(s) 'latest_only_with_trigger' retrieved from /home/patricia/Documentos/airflow/airflow_venv/lib/python3.10/site-packages/airflow/example_dags/example_latest_only_with_trigger.py
[2024-05-11T16:32:52.824-0300] {logging_mixin.py:188} INFO - [2024-05-11T16:32:52.823-0300] {dag.py:3096} INFO - Sync 1 DAGs
[2024-05-11T16:32:52.874-0300] {logging_mixin.py:188} INFO - [2024-05-11T16:32:52.874-0300] {dag.py:3954} INFO - Setting next_dagrun for latest_only_with_trigger to 2024-05-11 12:00:00+00:00, run_after=2024-05-11 16:00:00+00:00
[2024-05-11T16:32:52.938-0300] {processor.py:183} INFO - Processing /home/patricia/Documentos/airflow/airflow_venv/lib/python3.10/site-packages/airflow/example_dags/example_latest_only_with_trigger.py took 0.219 seconds
[2024-05-11T16:34:35.230-0300] {processor.py:161} INFO - Started process (PID=11735) to work on /home/patricia/Documentos/airflow/airflow_venv/lib/python3.10/site-packages/airflow/example_dags/example_latest_only_with_trigger.py
[2024-05-11T16:34:35.245-0300] {processor.py:830} INFO - Processing file /home/patricia/Documentos/airflow/airflow_venv/lib/python3.10/site-packages/airflow/example_dags/example_latest_only_with_trigger.py for tasks to queue
[2024-05-11T16:34:35.253-0300] {logging_mixin.py:188} INFO - [2024-05-11T16:34:35.252-0300] {dagbag.py:545} INFO - Filling up the DagBag from /home/patricia/Documentos/airflow/airflow_venv/lib/python3.10/site-packages/airflow/example_dags/example_latest_only_with_trigger.py
[2024-05-11T16:34:35.276-0300] {processor.py:840} INFO - DAG(s) 'latest_only_with_trigger' retrieved from /home/patricia/Documentos/airflow/airflow_venv/lib/python3.10/site-packages/airflow/example_dags/example_latest_only_with_trigger.py
[2024-05-11T16:34:35.376-0300] {logging_mixin.py:188} INFO - [2024-05-11T16:34:35.375-0300] {dag.py:3096} INFO - Sync 1 DAGs
[2024-05-11T16:34:35.460-0300] {logging_mixin.py:188} INFO - [2024-05-11T16:34:35.459-0300] {dag.py:3954} INFO - Setting next_dagrun for latest_only_with_trigger to 2024-05-11 12:00:00+00:00, run_after=2024-05-11 16:00:00+00:00
[2024-05-11T16:34:35.528-0300] {processor.py:183} INFO - Processing /home/patricia/Documentos/airflow/airflow_venv/lib/python3.10/site-packages/airflow/example_dags/example_latest_only_with_trigger.py took 0.315 seconds
[2024-05-11T16:36:15.452-0300] {processor.py:161} INFO - Started process (PID=11889) to work on /home/patricia/Documentos/airflow/airflow_venv/lib/python3.10/site-packages/airflow/example_dags/example_latest_only_with_trigger.py
[2024-05-11T16:36:15.463-0300] {processor.py:830} INFO - Processing file /home/patricia/Documentos/airflow/airflow_venv/lib/python3.10/site-packages/airflow/example_dags/example_latest_only_with_trigger.py for tasks to queue
[2024-05-11T16:36:15.474-0300] {logging_mixin.py:188} INFO - [2024-05-11T16:36:15.471-0300] {dagbag.py:545} INFO - Filling up the DagBag from /home/patricia/Documentos/airflow/airflow_venv/lib/python3.10/site-packages/airflow/example_dags/example_latest_only_with_trigger.py
[2024-05-11T16:36:15.504-0300] {processor.py:840} INFO - DAG(s) 'latest_only_with_trigger' retrieved from /home/patricia/Documentos/airflow/airflow_venv/lib/python3.10/site-packages/airflow/example_dags/example_latest_only_with_trigger.py
[2024-05-11T16:36:15.552-0300] {logging_mixin.py:188} INFO - [2024-05-11T16:36:15.551-0300] {dag.py:3096} INFO - Sync 1 DAGs
[2024-05-11T16:36:15.598-0300] {logging_mixin.py:188} INFO - [2024-05-11T16:36:15.598-0300] {dag.py:3954} INFO - Setting next_dagrun for latest_only_with_trigger to 2024-05-11 12:00:00+00:00, run_after=2024-05-11 16:00:00+00:00
[2024-05-11T16:36:15.711-0300] {processor.py:183} INFO - Processing /home/patricia/Documentos/airflow/airflow_venv/lib/python3.10/site-packages/airflow/example_dags/example_latest_only_with_trigger.py took 0.288 seconds
