[2024-05-11T15:11:33.044-0300] {processor.py:161} INFO - Started process (PID=4515) to work on /home/patricia/Documentos/airflow/airflow_venv/lib/python3.10/site-packages/airflow/example_dags/example_complex.py
[2024-05-11T15:11:33.045-0300] {processor.py:830} INFO - Processing file /home/patricia/Documentos/airflow/airflow_venv/lib/python3.10/site-packages/airflow/example_dags/example_complex.py for tasks to queue
[2024-05-11T15:11:33.047-0300] {logging_mixin.py:188} INFO - [2024-05-11T15:11:33.047-0300] {dagbag.py:545} INFO - Filling up the DagBag from /home/patricia/Documentos/airflow/airflow_venv/lib/python3.10/site-packages/airflow/example_dags/example_complex.py
[2024-05-11T15:11:33.072-0300] {processor.py:840} INFO - DAG(s) 'example_complex' retrieved from /home/patricia/Documentos/airflow/airflow_venv/lib/python3.10/site-packages/airflow/example_dags/example_complex.py
[2024-05-11T15:11:33.201-0300] {logging_mixin.py:188} INFO - [2024-05-11T15:11:33.201-0300] {dag.py:3096} INFO - Sync 1 DAGs
[2024-05-11T15:11:33.215-0300] {logging_mixin.py:188} INFO - [2024-05-11T15:11:33.215-0300] {dag.py:3954} INFO - Setting next_dagrun for example_complex to None, run_after=None
[2024-05-11T15:11:33.307-0300] {processor.py:183} INFO - Processing /home/patricia/Documentos/airflow/airflow_venv/lib/python3.10/site-packages/airflow/example_dags/example_complex.py took 0.276 seconds
[2024-05-11T15:13:38.335-0300] {processor.py:161} INFO - Started process (PID=4744) to work on /home/patricia/Documentos/airflow/airflow_venv/lib/python3.10/site-packages/airflow/example_dags/example_complex.py
[2024-05-11T15:13:38.338-0300] {processor.py:830} INFO - Processing file /home/patricia/Documentos/airflow/airflow_venv/lib/python3.10/site-packages/airflow/example_dags/example_complex.py for tasks to queue
[2024-05-11T15:13:38.340-0300] {logging_mixin.py:188} INFO - [2024-05-11T15:13:38.340-0300] {dagbag.py:545} INFO - Filling up the DagBag from /home/patricia/Documentos/airflow/airflow_venv/lib/python3.10/site-packages/airflow/example_dags/example_complex.py
[2024-05-11T15:13:38.352-0300] {processor.py:840} INFO - DAG(s) 'example_complex' retrieved from /home/patricia/Documentos/airflow/airflow_venv/lib/python3.10/site-packages/airflow/example_dags/example_complex.py
[2024-05-11T15:13:38.381-0300] {logging_mixin.py:188} INFO - [2024-05-11T15:13:38.381-0300] {dag.py:3096} INFO - Sync 1 DAGs
[2024-05-11T15:13:38.393-0300] {logging_mixin.py:188} INFO - [2024-05-11T15:13:38.393-0300] {dag.py:3954} INFO - Setting next_dagrun for example_complex to None, run_after=None
[2024-05-11T15:13:38.429-0300] {processor.py:183} INFO - Processing /home/patricia/Documentos/airflow/airflow_venv/lib/python3.10/site-packages/airflow/example_dags/example_complex.py took 0.100 seconds
[2024-05-11T15:15:08.707-0300] {processor.py:161} INFO - Started process (PID=4963) to work on /home/patricia/Documentos/airflow/airflow_venv/lib/python3.10/site-packages/airflow/example_dags/example_complex.py
[2024-05-11T15:15:08.710-0300] {processor.py:830} INFO - Processing file /home/patricia/Documentos/airflow/airflow_venv/lib/python3.10/site-packages/airflow/example_dags/example_complex.py for tasks to queue
[2024-05-11T15:15:08.725-0300] {logging_mixin.py:188} INFO - [2024-05-11T15:15:08.724-0300] {dagbag.py:545} INFO - Filling up the DagBag from /home/patricia/Documentos/airflow/airflow_venv/lib/python3.10/site-packages/airflow/example_dags/example_complex.py
[2024-05-11T15:15:08.754-0300] {processor.py:840} INFO - DAG(s) 'example_complex' retrieved from /home/patricia/Documentos/airflow/airflow_venv/lib/python3.10/site-packages/airflow/example_dags/example_complex.py
[2024-05-11T15:15:08.784-0300] {logging_mixin.py:188} INFO - [2024-05-11T15:15:08.783-0300] {dag.py:3096} INFO - Sync 1 DAGs
[2024-05-11T15:15:08.797-0300] {logging_mixin.py:188} INFO - [2024-05-11T15:15:08.797-0300] {dag.py:3954} INFO - Setting next_dagrun for example_complex to None, run_after=None
[2024-05-11T15:15:08.837-0300] {processor.py:183} INFO - Processing /home/patricia/Documentos/airflow/airflow_venv/lib/python3.10/site-packages/airflow/example_dags/example_complex.py took 0.137 seconds
[2024-05-11T15:16:12.975-0300] {processor.py:161} INFO - Started process (PID=5101) to work on /home/patricia/Documentos/airflow/airflow_venv/lib/python3.10/site-packages/airflow/example_dags/example_complex.py
[2024-05-11T15:16:12.977-0300] {processor.py:830} INFO - Processing file /home/patricia/Documentos/airflow/airflow_venv/lib/python3.10/site-packages/airflow/example_dags/example_complex.py for tasks to queue
[2024-05-11T15:16:12.979-0300] {logging_mixin.py:188} INFO - [2024-05-11T15:16:12.979-0300] {dagbag.py:545} INFO - Filling up the DagBag from /home/patricia/Documentos/airflow/airflow_venv/lib/python3.10/site-packages/airflow/example_dags/example_complex.py
[2024-05-11T15:16:12.991-0300] {processor.py:840} INFO - DAG(s) 'example_complex' retrieved from /home/patricia/Documentos/airflow/airflow_venv/lib/python3.10/site-packages/airflow/example_dags/example_complex.py
[2024-05-11T15:16:13.021-0300] {logging_mixin.py:188} INFO - [2024-05-11T15:16:13.021-0300] {dag.py:3096} INFO - Sync 1 DAGs
[2024-05-11T15:16:13.034-0300] {logging_mixin.py:188} INFO - [2024-05-11T15:16:13.034-0300] {dag.py:3954} INFO - Setting next_dagrun for example_complex to None, run_after=None
[2024-05-11T15:16:13.070-0300] {processor.py:183} INFO - Processing /home/patricia/Documentos/airflow/airflow_venv/lib/python3.10/site-packages/airflow/example_dags/example_complex.py took 0.103 seconds
[2024-05-11T15:17:15.914-0300] {processor.py:161} INFO - Started process (PID=5228) to work on /home/patricia/Documentos/airflow/airflow_venv/lib/python3.10/site-packages/airflow/example_dags/example_complex.py
[2024-05-11T15:17:15.931-0300] {processor.py:830} INFO - Processing file /home/patricia/Documentos/airflow/airflow_venv/lib/python3.10/site-packages/airflow/example_dags/example_complex.py for tasks to queue
[2024-05-11T15:17:15.934-0300] {logging_mixin.py:188} INFO - [2024-05-11T15:17:15.934-0300] {dagbag.py:545} INFO - Filling up the DagBag from /home/patricia/Documentos/airflow/airflow_venv/lib/python3.10/site-packages/airflow/example_dags/example_complex.py
[2024-05-11T15:17:15.951-0300] {processor.py:840} INFO - DAG(s) 'example_complex' retrieved from /home/patricia/Documentos/airflow/airflow_venv/lib/python3.10/site-packages/airflow/example_dags/example_complex.py
[2024-05-11T15:17:16.047-0300] {logging_mixin.py:188} INFO - [2024-05-11T15:17:16.046-0300] {dag.py:3096} INFO - Sync 1 DAGs
[2024-05-11T15:17:16.069-0300] {logging_mixin.py:188} INFO - [2024-05-11T15:17:16.068-0300] {dag.py:3954} INFO - Setting next_dagrun for example_complex to None, run_after=None
[2024-05-11T15:17:16.148-0300] {processor.py:183} INFO - Processing /home/patricia/Documentos/airflow/airflow_venv/lib/python3.10/site-packages/airflow/example_dags/example_complex.py took 0.243 seconds
[2024-05-11T15:18:22.661-0300] {processor.py:161} INFO - Started process (PID=5615) to work on /home/patricia/Documentos/airflow/airflow_venv/lib/python3.10/site-packages/airflow/example_dags/example_complex.py
[2024-05-11T15:18:22.666-0300] {processor.py:830} INFO - Processing file /home/patricia/Documentos/airflow/airflow_venv/lib/python3.10/site-packages/airflow/example_dags/example_complex.py for tasks to queue
[2024-05-11T15:18:22.668-0300] {logging_mixin.py:188} INFO - [2024-05-11T15:18:22.668-0300] {dagbag.py:545} INFO - Filling up the DagBag from /home/patricia/Documentos/airflow/airflow_venv/lib/python3.10/site-packages/airflow/example_dags/example_complex.py
[2024-05-11T15:18:22.713-0300] {processor.py:840} INFO - DAG(s) 'example_complex' retrieved from /home/patricia/Documentos/airflow/airflow_venv/lib/python3.10/site-packages/airflow/example_dags/example_complex.py
[2024-05-11T15:18:22.777-0300] {logging_mixin.py:188} INFO - [2024-05-11T15:18:22.776-0300] {dag.py:3096} INFO - Sync 1 DAGs
[2024-05-11T15:18:22.795-0300] {logging_mixin.py:188} INFO - [2024-05-11T15:18:22.795-0300] {dag.py:3954} INFO - Setting next_dagrun for example_complex to None, run_after=None
[2024-05-11T15:18:22.889-0300] {processor.py:183} INFO - Processing /home/patricia/Documentos/airflow/airflow_venv/lib/python3.10/site-packages/airflow/example_dags/example_complex.py took 0.244 seconds
[2024-05-11T15:19:32.136-0300] {processor.py:161} INFO - Started process (PID=5990) to work on /home/patricia/Documentos/airflow/airflow_venv/lib/python3.10/site-packages/airflow/example_dags/example_complex.py
[2024-05-11T15:19:32.140-0300] {processor.py:830} INFO - Processing file /home/patricia/Documentos/airflow/airflow_venv/lib/python3.10/site-packages/airflow/example_dags/example_complex.py for tasks to queue
[2024-05-11T15:19:32.143-0300] {logging_mixin.py:188} INFO - [2024-05-11T15:19:32.143-0300] {dagbag.py:545} INFO - Filling up the DagBag from /home/patricia/Documentos/airflow/airflow_venv/lib/python3.10/site-packages/airflow/example_dags/example_complex.py
[2024-05-11T15:19:32.166-0300] {processor.py:840} INFO - DAG(s) 'example_complex' retrieved from /home/patricia/Documentos/airflow/airflow_venv/lib/python3.10/site-packages/airflow/example_dags/example_complex.py
[2024-05-11T15:19:32.243-0300] {logging_mixin.py:188} INFO - [2024-05-11T15:19:32.243-0300] {dag.py:3096} INFO - Sync 1 DAGs
[2024-05-11T15:19:32.261-0300] {logging_mixin.py:188} INFO - [2024-05-11T15:19:32.261-0300] {dag.py:3954} INFO - Setting next_dagrun for example_complex to None, run_after=None
[2024-05-11T15:19:32.389-0300] {processor.py:183} INFO - Processing /home/patricia/Documentos/airflow/airflow_venv/lib/python3.10/site-packages/airflow/example_dags/example_complex.py took 0.265 seconds
[2024-05-11T15:21:12.067-0300] {processor.py:161} INFO - Started process (PID=6170) to work on /home/patricia/Documentos/airflow/airflow_venv/lib/python3.10/site-packages/airflow/example_dags/example_complex.py
[2024-05-11T15:21:12.330-0300] {processor.py:830} INFO - Processing file /home/patricia/Documentos/airflow/airflow_venv/lib/python3.10/site-packages/airflow/example_dags/example_complex.py for tasks to queue
[2024-05-11T15:21:12.332-0300] {logging_mixin.py:188} INFO - [2024-05-11T15:21:12.331-0300] {dagbag.py:545} INFO - Filling up the DagBag from /home/patricia/Documentos/airflow/airflow_venv/lib/python3.10/site-packages/airflow/example_dags/example_complex.py
[2024-05-11T15:21:12.362-0300] {processor.py:840} INFO - DAG(s) 'example_complex' retrieved from /home/patricia/Documentos/airflow/airflow_venv/lib/python3.10/site-packages/airflow/example_dags/example_complex.py
[2024-05-11T15:21:12.406-0300] {logging_mixin.py:188} INFO - [2024-05-11T15:21:12.405-0300] {dag.py:3096} INFO - Sync 1 DAGs
[2024-05-11T15:21:12.421-0300] {logging_mixin.py:188} INFO - [2024-05-11T15:21:12.421-0300] {dag.py:3954} INFO - Setting next_dagrun for example_complex to None, run_after=None
[2024-05-11T15:21:13.491-0300] {processor.py:183} INFO - Processing /home/patricia/Documentos/airflow/airflow_venv/lib/python3.10/site-packages/airflow/example_dags/example_complex.py took 1.461 seconds
[2024-05-11T15:22:37.607-0300] {processor.py:161} INFO - Started process (PID=6341) to work on /home/patricia/Documentos/airflow/airflow_venv/lib/python3.10/site-packages/airflow/example_dags/example_complex.py
[2024-05-11T15:22:37.612-0300] {processor.py:830} INFO - Processing file /home/patricia/Documentos/airflow/airflow_venv/lib/python3.10/site-packages/airflow/example_dags/example_complex.py for tasks to queue
[2024-05-11T15:22:37.619-0300] {logging_mixin.py:188} INFO - [2024-05-11T15:22:37.619-0300] {dagbag.py:545} INFO - Filling up the DagBag from /home/patricia/Documentos/airflow/airflow_venv/lib/python3.10/site-packages/airflow/example_dags/example_complex.py
[2024-05-11T15:22:37.638-0300] {processor.py:840} INFO - DAG(s) 'example_complex' retrieved from /home/patricia/Documentos/airflow/airflow_venv/lib/python3.10/site-packages/airflow/example_dags/example_complex.py
[2024-05-11T15:22:37.688-0300] {logging_mixin.py:188} INFO - [2024-05-11T15:22:37.687-0300] {dag.py:3096} INFO - Sync 1 DAGs
[2024-05-11T15:22:37.712-0300] {logging_mixin.py:188} INFO - [2024-05-11T15:22:37.711-0300] {dag.py:3954} INFO - Setting next_dagrun for example_complex to None, run_after=None
[2024-05-11T15:22:37.778-0300] {processor.py:183} INFO - Processing /home/patricia/Documentos/airflow/airflow_venv/lib/python3.10/site-packages/airflow/example_dags/example_complex.py took 0.178 seconds
[2024-05-11T15:23:38.110-0300] {processor.py:161} INFO - Started process (PID=6476) to work on /home/patricia/Documentos/airflow/airflow_venv/lib/python3.10/site-packages/airflow/example_dags/example_complex.py
[2024-05-11T15:23:38.113-0300] {processor.py:830} INFO - Processing file /home/patricia/Documentos/airflow/airflow_venv/lib/python3.10/site-packages/airflow/example_dags/example_complex.py for tasks to queue
[2024-05-11T15:23:38.116-0300] {logging_mixin.py:188} INFO - [2024-05-11T15:23:38.115-0300] {dagbag.py:545} INFO - Filling up the DagBag from /home/patricia/Documentos/airflow/airflow_venv/lib/python3.10/site-packages/airflow/example_dags/example_complex.py
[2024-05-11T15:23:38.129-0300] {processor.py:840} INFO - DAG(s) 'example_complex' retrieved from /home/patricia/Documentos/airflow/airflow_venv/lib/python3.10/site-packages/airflow/example_dags/example_complex.py
[2024-05-11T15:23:38.161-0300] {logging_mixin.py:188} INFO - [2024-05-11T15:23:38.161-0300] {dag.py:3096} INFO - Sync 1 DAGs
[2024-05-11T15:23:38.183-0300] {logging_mixin.py:188} INFO - [2024-05-11T15:23:38.183-0300] {dag.py:3954} INFO - Setting next_dagrun for example_complex to None, run_after=None
[2024-05-11T15:23:38.227-0300] {processor.py:183} INFO - Processing /home/patricia/Documentos/airflow/airflow_venv/lib/python3.10/site-packages/airflow/example_dags/example_complex.py took 0.128 seconds
[2024-05-11T15:24:39.958-0300] {processor.py:161} INFO - Started process (PID=6585) to work on /home/patricia/Documentos/airflow/airflow_venv/lib/python3.10/site-packages/airflow/example_dags/example_complex.py
[2024-05-11T15:24:39.961-0300] {processor.py:830} INFO - Processing file /home/patricia/Documentos/airflow/airflow_venv/lib/python3.10/site-packages/airflow/example_dags/example_complex.py for tasks to queue
[2024-05-11T15:24:39.965-0300] {logging_mixin.py:188} INFO - [2024-05-11T15:24:39.964-0300] {dagbag.py:545} INFO - Filling up the DagBag from /home/patricia/Documentos/airflow/airflow_venv/lib/python3.10/site-packages/airflow/example_dags/example_complex.py
[2024-05-11T15:24:39.981-0300] {processor.py:840} INFO - DAG(s) 'example_complex' retrieved from /home/patricia/Documentos/airflow/airflow_venv/lib/python3.10/site-packages/airflow/example_dags/example_complex.py
[2024-05-11T15:24:40.022-0300] {logging_mixin.py:188} INFO - [2024-05-11T15:24:40.022-0300] {dag.py:3096} INFO - Sync 1 DAGs
[2024-05-11T15:24:40.036-0300] {logging_mixin.py:188} INFO - [2024-05-11T15:24:40.035-0300] {dag.py:3954} INFO - Setting next_dagrun for example_complex to None, run_after=None
[2024-05-11T15:24:40.077-0300] {processor.py:183} INFO - Processing /home/patricia/Documentos/airflow/airflow_venv/lib/python3.10/site-packages/airflow/example_dags/example_complex.py took 0.142 seconds
[2024-05-11T15:26:38.513-0300] {processor.py:161} INFO - Started process (PID=7540) to work on /home/patricia/Documentos/airflow/airflow_venv/lib/python3.10/site-packages/airflow/example_dags/example_complex.py
[2024-05-11T15:26:38.518-0300] {processor.py:830} INFO - Processing file /home/patricia/Documentos/airflow/airflow_venv/lib/python3.10/site-packages/airflow/example_dags/example_complex.py for tasks to queue
[2024-05-11T15:26:38.521-0300] {logging_mixin.py:188} INFO - [2024-05-11T15:26:38.520-0300] {dagbag.py:545} INFO - Filling up the DagBag from /home/patricia/Documentos/airflow/airflow_venv/lib/python3.10/site-packages/airflow/example_dags/example_complex.py
[2024-05-11T15:26:38.538-0300] {processor.py:840} INFO - DAG(s) 'example_complex' retrieved from /home/patricia/Documentos/airflow/airflow_venv/lib/python3.10/site-packages/airflow/example_dags/example_complex.py
[2024-05-11T15:26:38.765-0300] {logging_mixin.py:188} INFO - [2024-05-11T15:26:38.765-0300] {dag.py:3096} INFO - Sync 1 DAGs
[2024-05-11T15:26:38.794-0300] {logging_mixin.py:188} INFO - [2024-05-11T15:26:38.794-0300] {dag.py:3954} INFO - Setting next_dagrun for example_complex to None, run_after=None
[2024-05-11T15:26:38.878-0300] {processor.py:183} INFO - Processing /home/patricia/Documentos/airflow/airflow_venv/lib/python3.10/site-packages/airflow/example_dags/example_complex.py took 0.374 seconds
[2024-05-11T15:27:59.217-0300] {processor.py:161} INFO - Started process (PID=7707) to work on /home/patricia/Documentos/airflow/airflow_venv/lib/python3.10/site-packages/airflow/example_dags/example_complex.py
[2024-05-11T15:27:59.220-0300] {processor.py:830} INFO - Processing file /home/patricia/Documentos/airflow/airflow_venv/lib/python3.10/site-packages/airflow/example_dags/example_complex.py for tasks to queue
[2024-05-11T15:27:59.223-0300] {logging_mixin.py:188} INFO - [2024-05-11T15:27:59.223-0300] {dagbag.py:545} INFO - Filling up the DagBag from /home/patricia/Documentos/airflow/airflow_venv/lib/python3.10/site-packages/airflow/example_dags/example_complex.py
[2024-05-11T15:27:59.247-0300] {processor.py:840} INFO - DAG(s) 'example_complex' retrieved from /home/patricia/Documentos/airflow/airflow_venv/lib/python3.10/site-packages/airflow/example_dags/example_complex.py
[2024-05-11T15:27:59.290-0300] {logging_mixin.py:188} INFO - [2024-05-11T15:27:59.286-0300] {dag.py:3096} INFO - Sync 1 DAGs
[2024-05-11T15:27:59.328-0300] {logging_mixin.py:188} INFO - [2024-05-11T15:27:59.327-0300] {dag.py:3954} INFO - Setting next_dagrun for example_complex to None, run_after=None
[2024-05-11T15:27:59.392-0300] {processor.py:183} INFO - Processing /home/patricia/Documentos/airflow/airflow_venv/lib/python3.10/site-packages/airflow/example_dags/example_complex.py took 0.186 seconds
[2024-05-11T15:29:16.716-0300] {processor.py:161} INFO - Started process (PID=7855) to work on /home/patricia/Documentos/airflow/airflow_venv/lib/python3.10/site-packages/airflow/example_dags/example_complex.py
[2024-05-11T15:29:16.718-0300] {processor.py:830} INFO - Processing file /home/patricia/Documentos/airflow/airflow_venv/lib/python3.10/site-packages/airflow/example_dags/example_complex.py for tasks to queue
[2024-05-11T15:29:16.723-0300] {logging_mixin.py:188} INFO - [2024-05-11T15:29:16.722-0300] {dagbag.py:545} INFO - Filling up the DagBag from /home/patricia/Documentos/airflow/airflow_venv/lib/python3.10/site-packages/airflow/example_dags/example_complex.py
[2024-05-11T15:29:16.740-0300] {processor.py:840} INFO - DAG(s) 'example_complex' retrieved from /home/patricia/Documentos/airflow/airflow_venv/lib/python3.10/site-packages/airflow/example_dags/example_complex.py
[2024-05-11T15:29:17.016-0300] {logging_mixin.py:188} INFO - [2024-05-11T15:29:17.016-0300] {dag.py:3096} INFO - Sync 1 DAGs
[2024-05-11T15:29:17.034-0300] {logging_mixin.py:188} INFO - [2024-05-11T15:29:17.033-0300] {dag.py:3954} INFO - Setting next_dagrun for example_complex to None, run_after=None
[2024-05-11T15:29:17.117-0300] {processor.py:183} INFO - Processing /home/patricia/Documentos/airflow/airflow_venv/lib/python3.10/site-packages/airflow/example_dags/example_complex.py took 0.411 seconds
[2024-05-11T15:30:47.917-0300] {processor.py:161} INFO - Started process (PID=8057) to work on /home/patricia/Documentos/airflow/airflow_venv/lib/python3.10/site-packages/airflow/example_dags/example_complex.py
[2024-05-11T15:30:47.921-0300] {processor.py:830} INFO - Processing file /home/patricia/Documentos/airflow/airflow_venv/lib/python3.10/site-packages/airflow/example_dags/example_complex.py for tasks to queue
[2024-05-11T15:30:47.924-0300] {logging_mixin.py:188} INFO - [2024-05-11T15:30:47.923-0300] {dagbag.py:545} INFO - Filling up the DagBag from /home/patricia/Documentos/airflow/airflow_venv/lib/python3.10/site-packages/airflow/example_dags/example_complex.py
[2024-05-11T15:30:47.955-0300] {processor.py:840} INFO - DAG(s) 'example_complex' retrieved from /home/patricia/Documentos/airflow/airflow_venv/lib/python3.10/site-packages/airflow/example_dags/example_complex.py
[2024-05-11T15:30:47.998-0300] {logging_mixin.py:188} INFO - [2024-05-11T15:30:47.998-0300] {dag.py:3096} INFO - Sync 1 DAGs
[2024-05-11T15:30:48.017-0300] {logging_mixin.py:188} INFO - [2024-05-11T15:30:48.017-0300] {dag.py:3954} INFO - Setting next_dagrun for example_complex to None, run_after=None
[2024-05-11T15:30:48.072-0300] {processor.py:183} INFO - Processing /home/patricia/Documentos/airflow/airflow_venv/lib/python3.10/site-packages/airflow/example_dags/example_complex.py took 0.164 seconds
[2024-05-11T15:31:55.093-0300] {processor.py:161} INFO - Started process (PID=8233) to work on /home/patricia/Documentos/airflow/airflow_venv/lib/python3.10/site-packages/airflow/example_dags/example_complex.py
[2024-05-11T15:31:55.096-0300] {processor.py:830} INFO - Processing file /home/patricia/Documentos/airflow/airflow_venv/lib/python3.10/site-packages/airflow/example_dags/example_complex.py for tasks to queue
[2024-05-11T15:31:55.099-0300] {logging_mixin.py:188} INFO - [2024-05-11T15:31:55.099-0300] {dagbag.py:545} INFO - Filling up the DagBag from /home/patricia/Documentos/airflow/airflow_venv/lib/python3.10/site-packages/airflow/example_dags/example_complex.py
[2024-05-11T15:31:55.111-0300] {processor.py:840} INFO - DAG(s) 'example_complex' retrieved from /home/patricia/Documentos/airflow/airflow_venv/lib/python3.10/site-packages/airflow/example_dags/example_complex.py
[2024-05-11T15:31:55.141-0300] {logging_mixin.py:188} INFO - [2024-05-11T15:31:55.141-0300] {dag.py:3096} INFO - Sync 1 DAGs
[2024-05-11T15:31:55.154-0300] {logging_mixin.py:188} INFO - [2024-05-11T15:31:55.154-0300] {dag.py:3954} INFO - Setting next_dagrun for example_complex to None, run_after=None
[2024-05-11T15:31:55.191-0300] {processor.py:183} INFO - Processing /home/patricia/Documentos/airflow/airflow_venv/lib/python3.10/site-packages/airflow/example_dags/example_complex.py took 0.105 seconds
[2024-05-11T15:32:56.867-0300] {processor.py:161} INFO - Started process (PID=8611) to work on /home/patricia/Documentos/airflow/airflow_venv/lib/python3.10/site-packages/airflow/example_dags/example_complex.py
[2024-05-11T15:32:56.871-0300] {processor.py:830} INFO - Processing file /home/patricia/Documentos/airflow/airflow_venv/lib/python3.10/site-packages/airflow/example_dags/example_complex.py for tasks to queue
[2024-05-11T15:32:56.876-0300] {logging_mixin.py:188} INFO - [2024-05-11T15:32:56.875-0300] {dagbag.py:545} INFO - Filling up the DagBag from /home/patricia/Documentos/airflow/airflow_venv/lib/python3.10/site-packages/airflow/example_dags/example_complex.py
[2024-05-11T15:32:56.906-0300] {processor.py:840} INFO - DAG(s) 'example_complex' retrieved from /home/patricia/Documentos/airflow/airflow_venv/lib/python3.10/site-packages/airflow/example_dags/example_complex.py
[2024-05-11T15:32:56.949-0300] {logging_mixin.py:188} INFO - [2024-05-11T15:32:56.948-0300] {dag.py:3096} INFO - Sync 1 DAGs
[2024-05-11T15:32:56.968-0300] {logging_mixin.py:188} INFO - [2024-05-11T15:32:56.968-0300] {dag.py:3954} INFO - Setting next_dagrun for example_complex to None, run_after=None
[2024-05-11T15:32:57.030-0300] {processor.py:183} INFO - Processing /home/patricia/Documentos/airflow/airflow_venv/lib/python3.10/site-packages/airflow/example_dags/example_complex.py took 0.176 seconds
[2024-05-11T15:34:10.375-0300] {processor.py:161} INFO - Started process (PID=9253) to work on /home/patricia/Documentos/airflow/airflow_venv/lib/python3.10/site-packages/airflow/example_dags/example_complex.py
[2024-05-11T15:34:10.384-0300] {processor.py:830} INFO - Processing file /home/patricia/Documentos/airflow/airflow_venv/lib/python3.10/site-packages/airflow/example_dags/example_complex.py for tasks to queue
[2024-05-11T15:34:10.391-0300] {logging_mixin.py:188} INFO - [2024-05-11T15:34:10.389-0300] {dagbag.py:545} INFO - Filling up the DagBag from /home/patricia/Documentos/airflow/airflow_venv/lib/python3.10/site-packages/airflow/example_dags/example_complex.py
[2024-05-11T15:34:10.453-0300] {processor.py:840} INFO - DAG(s) 'example_complex' retrieved from /home/patricia/Documentos/airflow/airflow_venv/lib/python3.10/site-packages/airflow/example_dags/example_complex.py
[2024-05-11T15:34:10.547-0300] {logging_mixin.py:188} INFO - [2024-05-11T15:34:10.546-0300] {dag.py:3096} INFO - Sync 1 DAGs
[2024-05-11T15:34:10.588-0300] {logging_mixin.py:188} INFO - [2024-05-11T15:34:10.587-0300] {dag.py:3954} INFO - Setting next_dagrun for example_complex to None, run_after=None
[2024-05-11T15:34:10.754-0300] {processor.py:183} INFO - Processing /home/patricia/Documentos/airflow/airflow_venv/lib/python3.10/site-packages/airflow/example_dags/example_complex.py took 0.425 seconds
[2024-05-11T15:35:29.532-0300] {processor.py:161} INFO - Started process (PID=9500) to work on /home/patricia/Documentos/airflow/airflow_venv/lib/python3.10/site-packages/airflow/example_dags/example_complex.py
[2024-05-11T15:35:29.535-0300] {processor.py:830} INFO - Processing file /home/patricia/Documentos/airflow/airflow_venv/lib/python3.10/site-packages/airflow/example_dags/example_complex.py for tasks to queue
[2024-05-11T15:35:29.538-0300] {logging_mixin.py:188} INFO - [2024-05-11T15:35:29.537-0300] {dagbag.py:545} INFO - Filling up the DagBag from /home/patricia/Documentos/airflow/airflow_venv/lib/python3.10/site-packages/airflow/example_dags/example_complex.py
[2024-05-11T15:35:29.552-0300] {processor.py:840} INFO - DAG(s) 'example_complex' retrieved from /home/patricia/Documentos/airflow/airflow_venv/lib/python3.10/site-packages/airflow/example_dags/example_complex.py
[2024-05-11T15:35:29.586-0300] {logging_mixin.py:188} INFO - [2024-05-11T15:35:29.586-0300] {dag.py:3096} INFO - Sync 1 DAGs
[2024-05-11T15:35:29.600-0300] {logging_mixin.py:188} INFO - [2024-05-11T15:35:29.600-0300] {dag.py:3954} INFO - Setting next_dagrun for example_complex to None, run_after=None
[2024-05-11T15:35:29.634-0300] {processor.py:183} INFO - Processing /home/patricia/Documentos/airflow/airflow_venv/lib/python3.10/site-packages/airflow/example_dags/example_complex.py took 0.113 seconds
[2024-05-11T15:36:47.344-0300] {processor.py:161} INFO - Started process (PID=9632) to work on /home/patricia/Documentos/airflow/airflow_venv/lib/python3.10/site-packages/airflow/example_dags/example_complex.py
[2024-05-11T15:36:47.353-0300] {processor.py:830} INFO - Processing file /home/patricia/Documentos/airflow/airflow_venv/lib/python3.10/site-packages/airflow/example_dags/example_complex.py for tasks to queue
[2024-05-11T15:36:47.365-0300] {logging_mixin.py:188} INFO - [2024-05-11T15:36:47.361-0300] {dagbag.py:545} INFO - Filling up the DagBag from /home/patricia/Documentos/airflow/airflow_venv/lib/python3.10/site-packages/airflow/example_dags/example_complex.py
[2024-05-11T15:36:47.419-0300] {processor.py:840} INFO - DAG(s) 'example_complex' retrieved from /home/patricia/Documentos/airflow/airflow_venv/lib/python3.10/site-packages/airflow/example_dags/example_complex.py
[2024-05-11T15:36:47.594-0300] {logging_mixin.py:188} INFO - [2024-05-11T15:36:47.593-0300] {dag.py:3096} INFO - Sync 1 DAGs
[2024-05-11T15:36:47.661-0300] {logging_mixin.py:188} INFO - [2024-05-11T15:36:47.660-0300] {dag.py:3954} INFO - Setting next_dagrun for example_complex to None, run_after=None
[2024-05-11T15:36:47.768-0300] {processor.py:183} INFO - Processing /home/patricia/Documentos/airflow/airflow_venv/lib/python3.10/site-packages/airflow/example_dags/example_complex.py took 0.443 seconds
[2024-05-11T15:38:55.828-0300] {processor.py:161} INFO - Started process (PID=9992) to work on /home/patricia/Documentos/airflow/airflow_venv/lib/python3.10/site-packages/airflow/example_dags/example_complex.py
[2024-05-11T15:38:55.832-0300] {processor.py:830} INFO - Processing file /home/patricia/Documentos/airflow/airflow_venv/lib/python3.10/site-packages/airflow/example_dags/example_complex.py for tasks to queue
[2024-05-11T15:38:55.835-0300] {logging_mixin.py:188} INFO - [2024-05-11T15:38:55.834-0300] {dagbag.py:545} INFO - Filling up the DagBag from /home/patricia/Documentos/airflow/airflow_venv/lib/python3.10/site-packages/airflow/example_dags/example_complex.py
[2024-05-11T15:38:55.849-0300] {processor.py:840} INFO - DAG(s) 'example_complex' retrieved from /home/patricia/Documentos/airflow/airflow_venv/lib/python3.10/site-packages/airflow/example_dags/example_complex.py
[2024-05-11T15:38:55.879-0300] {logging_mixin.py:188} INFO - [2024-05-11T15:38:55.878-0300] {dag.py:3096} INFO - Sync 1 DAGs
[2024-05-11T15:38:55.894-0300] {logging_mixin.py:188} INFO - [2024-05-11T15:38:55.894-0300] {dag.py:3954} INFO - Setting next_dagrun for example_complex to None, run_after=None
[2024-05-11T15:38:55.928-0300] {processor.py:183} INFO - Processing /home/patricia/Documentos/airflow/airflow_venv/lib/python3.10/site-packages/airflow/example_dags/example_complex.py took 0.107 seconds
[2024-05-11T15:40:12.125-0300] {processor.py:161} INFO - Started process (PID=10351) to work on /home/patricia/Documentos/airflow/airflow_venv/lib/python3.10/site-packages/airflow/example_dags/example_complex.py
[2024-05-11T15:40:12.132-0300] {processor.py:830} INFO - Processing file /home/patricia/Documentos/airflow/airflow_venv/lib/python3.10/site-packages/airflow/example_dags/example_complex.py for tasks to queue
[2024-05-11T15:40:12.134-0300] {logging_mixin.py:188} INFO - [2024-05-11T15:40:12.134-0300] {dagbag.py:545} INFO - Filling up the DagBag from /home/patricia/Documentos/airflow/airflow_venv/lib/python3.10/site-packages/airflow/example_dags/example_complex.py
[2024-05-11T15:40:12.153-0300] {processor.py:840} INFO - DAG(s) 'example_complex' retrieved from /home/patricia/Documentos/airflow/airflow_venv/lib/python3.10/site-packages/airflow/example_dags/example_complex.py
[2024-05-11T15:40:12.196-0300] {logging_mixin.py:188} INFO - [2024-05-11T15:40:12.196-0300] {dag.py:3096} INFO - Sync 1 DAGs
[2024-05-11T15:40:12.213-0300] {logging_mixin.py:188} INFO - [2024-05-11T15:40:12.213-0300] {dag.py:3954} INFO - Setting next_dagrun for example_complex to None, run_after=None
[2024-05-11T15:40:12.263-0300] {processor.py:183} INFO - Processing /home/patricia/Documentos/airflow/airflow_venv/lib/python3.10/site-packages/airflow/example_dags/example_complex.py took 0.145 seconds
[2024-05-11T16:28:33.736-0300] {processor.py:161} INFO - Started process (PID=11020) to work on /home/patricia/Documentos/airflow/airflow_venv/lib/python3.10/site-packages/airflow/example_dags/example_complex.py
[2024-05-11T16:28:33.743-0300] {processor.py:830} INFO - Processing file /home/patricia/Documentos/airflow/airflow_venv/lib/python3.10/site-packages/airflow/example_dags/example_complex.py for tasks to queue
[2024-05-11T16:28:33.747-0300] {logging_mixin.py:188} INFO - [2024-05-11T16:28:33.746-0300] {dagbag.py:545} INFO - Filling up the DagBag from /home/patricia/Documentos/airflow/airflow_venv/lib/python3.10/site-packages/airflow/example_dags/example_complex.py
[2024-05-11T16:28:33.774-0300] {processor.py:840} INFO - DAG(s) 'example_complex' retrieved from /home/patricia/Documentos/airflow/airflow_venv/lib/python3.10/site-packages/airflow/example_dags/example_complex.py
[2024-05-11T16:28:34.011-0300] {logging_mixin.py:188} INFO - [2024-05-11T16:28:34.010-0300] {dag.py:3096} INFO - Sync 1 DAGs
[2024-05-11T16:28:34.050-0300] {logging_mixin.py:188} INFO - [2024-05-11T16:28:34.049-0300] {dag.py:3954} INFO - Setting next_dagrun for example_complex to None, run_after=None
[2024-05-11T16:28:34.130-0300] {processor.py:183} INFO - Processing /home/patricia/Documentos/airflow/airflow_venv/lib/python3.10/site-packages/airflow/example_dags/example_complex.py took 0.410 seconds
[2024-05-11T16:30:47.435-0300] {processor.py:161} INFO - Started process (PID=11286) to work on /home/patricia/Documentos/airflow/airflow_venv/lib/python3.10/site-packages/airflow/example_dags/example_complex.py
[2024-05-11T16:30:47.457-0300] {processor.py:830} INFO - Processing file /home/patricia/Documentos/airflow/airflow_venv/lib/python3.10/site-packages/airflow/example_dags/example_complex.py for tasks to queue
[2024-05-11T16:30:47.463-0300] {logging_mixin.py:188} INFO - [2024-05-11T16:30:47.461-0300] {dagbag.py:545} INFO - Filling up the DagBag from /home/patricia/Documentos/airflow/airflow_venv/lib/python3.10/site-packages/airflow/example_dags/example_complex.py
[2024-05-11T16:30:47.488-0300] {processor.py:840} INFO - DAG(s) 'example_complex' retrieved from /home/patricia/Documentos/airflow/airflow_venv/lib/python3.10/site-packages/airflow/example_dags/example_complex.py
[2024-05-11T16:30:47.553-0300] {logging_mixin.py:188} INFO - [2024-05-11T16:30:47.552-0300] {dag.py:3096} INFO - Sync 1 DAGs
[2024-05-11T16:30:47.590-0300] {logging_mixin.py:188} INFO - [2024-05-11T16:30:47.589-0300] {dag.py:3954} INFO - Setting next_dagrun for example_complex to None, run_after=None
[2024-05-11T16:30:47.667-0300] {processor.py:183} INFO - Processing /home/patricia/Documentos/airflow/airflow_venv/lib/python3.10/site-packages/airflow/example_dags/example_complex.py took 0.252 seconds
[2024-05-11T16:32:13.871-0300] {processor.py:161} INFO - Started process (PID=11426) to work on /home/patricia/Documentos/airflow/airflow_venv/lib/python3.10/site-packages/airflow/example_dags/example_complex.py
[2024-05-11T16:32:13.878-0300] {processor.py:830} INFO - Processing file /home/patricia/Documentos/airflow/airflow_venv/lib/python3.10/site-packages/airflow/example_dags/example_complex.py for tasks to queue
[2024-05-11T16:32:13.885-0300] {logging_mixin.py:188} INFO - [2024-05-11T16:32:13.884-0300] {dagbag.py:545} INFO - Filling up the DagBag from /home/patricia/Documentos/airflow/airflow_venv/lib/python3.10/site-packages/airflow/example_dags/example_complex.py
[2024-05-11T16:32:13.923-0300] {processor.py:840} INFO - DAG(s) 'example_complex' retrieved from /home/patricia/Documentos/airflow/airflow_venv/lib/python3.10/site-packages/airflow/example_dags/example_complex.py
[2024-05-11T16:32:14.162-0300] {logging_mixin.py:188} INFO - [2024-05-11T16:32:14.162-0300] {dag.py:3096} INFO - Sync 1 DAGs
[2024-05-11T16:32:14.201-0300] {logging_mixin.py:188} INFO - [2024-05-11T16:32:14.201-0300] {dag.py:3954} INFO - Setting next_dagrun for example_complex to None, run_after=None
[2024-05-11T16:32:14.309-0300] {processor.py:183} INFO - Processing /home/patricia/Documentos/airflow/airflow_venv/lib/python3.10/site-packages/airflow/example_dags/example_complex.py took 0.487 seconds
[2024-05-11T16:34:04.080-0300] {processor.py:161} INFO - Started process (PID=11685) to work on /home/patricia/Documentos/airflow/airflow_venv/lib/python3.10/site-packages/airflow/example_dags/example_complex.py
[2024-05-11T16:34:04.085-0300] {processor.py:830} INFO - Processing file /home/patricia/Documentos/airflow/airflow_venv/lib/python3.10/site-packages/airflow/example_dags/example_complex.py for tasks to queue
[2024-05-11T16:34:04.090-0300] {logging_mixin.py:188} INFO - [2024-05-11T16:34:04.089-0300] {dagbag.py:545} INFO - Filling up the DagBag from /home/patricia/Documentos/airflow/airflow_venv/lib/python3.10/site-packages/airflow/example_dags/example_complex.py
[2024-05-11T16:34:04.117-0300] {processor.py:840} INFO - DAG(s) 'example_complex' retrieved from /home/patricia/Documentos/airflow/airflow_venv/lib/python3.10/site-packages/airflow/example_dags/example_complex.py
[2024-05-11T16:34:04.205-0300] {logging_mixin.py:188} INFO - [2024-05-11T16:34:04.204-0300] {dag.py:3096} INFO - Sync 1 DAGs
[2024-05-11T16:34:04.232-0300] {logging_mixin.py:188} INFO - [2024-05-11T16:34:04.232-0300] {dag.py:3954} INFO - Setting next_dagrun for example_complex to None, run_after=None
[2024-05-11T16:34:04.437-0300] {processor.py:183} INFO - Processing /home/patricia/Documentos/airflow/airflow_venv/lib/python3.10/site-packages/airflow/example_dags/example_complex.py took 0.371 seconds
[2024-05-11T16:35:41.488-0300] {processor.py:161} INFO - Started process (PID=11836) to work on /home/patricia/Documentos/airflow/airflow_venv/lib/python3.10/site-packages/airflow/example_dags/example_complex.py
[2024-05-11T16:35:41.497-0300] {processor.py:830} INFO - Processing file /home/patricia/Documentos/airflow/airflow_venv/lib/python3.10/site-packages/airflow/example_dags/example_complex.py for tasks to queue
[2024-05-11T16:35:41.523-0300] {logging_mixin.py:188} INFO - [2024-05-11T16:35:41.522-0300] {dagbag.py:545} INFO - Filling up the DagBag from /home/patricia/Documentos/airflow/airflow_venv/lib/python3.10/site-packages/airflow/example_dags/example_complex.py
[2024-05-11T16:35:41.557-0300] {processor.py:840} INFO - DAG(s) 'example_complex' retrieved from /home/patricia/Documentos/airflow/airflow_venv/lib/python3.10/site-packages/airflow/example_dags/example_complex.py
[2024-05-11T16:35:41.624-0300] {logging_mixin.py:188} INFO - [2024-05-11T16:35:41.623-0300] {dag.py:3096} INFO - Sync 1 DAGs
[2024-05-11T16:35:41.651-0300] {logging_mixin.py:188} INFO - [2024-05-11T16:35:41.651-0300] {dag.py:3954} INFO - Setting next_dagrun for example_complex to None, run_after=None
[2024-05-11T16:35:41.772-0300] {processor.py:183} INFO - Processing /home/patricia/Documentos/airflow/airflow_venv/lib/python3.10/site-packages/airflow/example_dags/example_complex.py took 0.298 seconds
