[2024-05-11T15:11:40.890-0300] {processor.py:161} INFO - Started process (PID=4542) to work on /home/patricia/Documentos/airflow/airflow_venv/lib/python3.10/site-packages/airflow/example_dags/example_setup_teardown.py
[2024-05-11T15:11:40.894-0300] {processor.py:830} INFO - Processing file /home/patricia/Documentos/airflow/airflow_venv/lib/python3.10/site-packages/airflow/example_dags/example_setup_teardown.py for tasks to queue
[2024-05-11T15:11:40.904-0300] {logging_mixin.py:188} INFO - [2024-05-11T15:11:40.902-0300] {dagbag.py:545} INFO - Filling up the DagBag from /home/patricia/Documentos/airflow/airflow_venv/lib/python3.10/site-packages/airflow/example_dags/example_setup_teardown.py
[2024-05-11T15:11:40.938-0300] {processor.py:840} INFO - DAG(s) 'example_setup_teardown' retrieved from /home/patricia/Documentos/airflow/airflow_venv/lib/python3.10/site-packages/airflow/example_dags/example_setup_teardown.py
[2024-05-11T15:11:41.169-0300] {logging_mixin.py:188} INFO - [2024-05-11T15:11:41.169-0300] {dag.py:3096} INFO - Sync 1 DAGs
[2024-05-11T15:11:41.348-0300] {logging_mixin.py:188} INFO - [2024-05-11T15:11:41.347-0300] {dag.py:3954} INFO - Setting next_dagrun for example_setup_teardown to 2024-05-10 00:00:00+00:00, run_after=2024-05-11 00:00:00+00:00
[2024-05-11T15:11:41.393-0300] {processor.py:183} INFO - Processing /home/patricia/Documentos/airflow/airflow_venv/lib/python3.10/site-packages/airflow/example_dags/example_setup_teardown.py took 0.534 seconds
[2024-05-11T15:13:44.349-0300] {processor.py:161} INFO - Started process (PID=4756) to work on /home/patricia/Documentos/airflow/airflow_venv/lib/python3.10/site-packages/airflow/example_dags/example_setup_teardown.py
[2024-05-11T15:13:44.351-0300] {processor.py:830} INFO - Processing file /home/patricia/Documentos/airflow/airflow_venv/lib/python3.10/site-packages/airflow/example_dags/example_setup_teardown.py for tasks to queue
[2024-05-11T15:13:44.354-0300] {logging_mixin.py:188} INFO - [2024-05-11T15:13:44.353-0300] {dagbag.py:545} INFO - Filling up the DagBag from /home/patricia/Documentos/airflow/airflow_venv/lib/python3.10/site-packages/airflow/example_dags/example_setup_teardown.py
[2024-05-11T15:13:44.362-0300] {processor.py:840} INFO - DAG(s) 'example_setup_teardown' retrieved from /home/patricia/Documentos/airflow/airflow_venv/lib/python3.10/site-packages/airflow/example_dags/example_setup_teardown.py
[2024-05-11T15:13:44.379-0300] {logging_mixin.py:188} INFO - [2024-05-11T15:13:44.379-0300] {dag.py:3096} INFO - Sync 1 DAGs
[2024-05-11T15:13:44.401-0300] {logging_mixin.py:188} INFO - [2024-05-11T15:13:44.401-0300] {dag.py:3954} INFO - Setting next_dagrun for example_setup_teardown to 2024-05-10 00:00:00+00:00, run_after=2024-05-11 00:00:00+00:00
[2024-05-11T15:13:44.446-0300] {processor.py:183} INFO - Processing /home/patricia/Documentos/airflow/airflow_venv/lib/python3.10/site-packages/airflow/example_dags/example_setup_teardown.py took 0.104 seconds
[2024-05-11T15:15:14.312-0300] {processor.py:161} INFO - Started process (PID=4976) to work on /home/patricia/Documentos/airflow/airflow_venv/lib/python3.10/site-packages/airflow/example_dags/example_setup_teardown.py
[2024-05-11T15:15:14.316-0300] {processor.py:830} INFO - Processing file /home/patricia/Documentos/airflow/airflow_venv/lib/python3.10/site-packages/airflow/example_dags/example_setup_teardown.py for tasks to queue
[2024-05-11T15:15:14.319-0300] {logging_mixin.py:188} INFO - [2024-05-11T15:15:14.318-0300] {dagbag.py:545} INFO - Filling up the DagBag from /home/patricia/Documentos/airflow/airflow_venv/lib/python3.10/site-packages/airflow/example_dags/example_setup_teardown.py
[2024-05-11T15:15:14.328-0300] {processor.py:840} INFO - DAG(s) 'example_setup_teardown' retrieved from /home/patricia/Documentos/airflow/airflow_venv/lib/python3.10/site-packages/airflow/example_dags/example_setup_teardown.py
[2024-05-11T15:15:14.347-0300] {logging_mixin.py:188} INFO - [2024-05-11T15:15:14.347-0300] {dag.py:3096} INFO - Sync 1 DAGs
[2024-05-11T15:15:14.368-0300] {logging_mixin.py:188} INFO - [2024-05-11T15:15:14.368-0300] {dag.py:3954} INFO - Setting next_dagrun for example_setup_teardown to 2024-05-10 00:00:00+00:00, run_after=2024-05-11 00:00:00+00:00
[2024-05-11T15:15:14.407-0300] {processor.py:183} INFO - Processing /home/patricia/Documentos/airflow/airflow_venv/lib/python3.10/site-packages/airflow/example_dags/example_setup_teardown.py took 0.103 seconds
[2024-05-11T15:16:18.630-0300] {processor.py:161} INFO - Started process (PID=5109) to work on /home/patricia/Documentos/airflow/airflow_venv/lib/python3.10/site-packages/airflow/example_dags/example_setup_teardown.py
[2024-05-11T15:16:18.642-0300] {processor.py:830} INFO - Processing file /home/patricia/Documentos/airflow/airflow_venv/lib/python3.10/site-packages/airflow/example_dags/example_setup_teardown.py for tasks to queue
[2024-05-11T15:16:18.645-0300] {logging_mixin.py:188} INFO - [2024-05-11T15:16:18.644-0300] {dagbag.py:545} INFO - Filling up the DagBag from /home/patricia/Documentos/airflow/airflow_venv/lib/python3.10/site-packages/airflow/example_dags/example_setup_teardown.py
[2024-05-11T15:16:18.657-0300] {processor.py:840} INFO - DAG(s) 'example_setup_teardown' retrieved from /home/patricia/Documentos/airflow/airflow_venv/lib/python3.10/site-packages/airflow/example_dags/example_setup_teardown.py
[2024-05-11T15:16:18.686-0300] {logging_mixin.py:188} INFO - [2024-05-11T15:16:18.686-0300] {dag.py:3096} INFO - Sync 1 DAGs
[2024-05-11T15:16:18.723-0300] {logging_mixin.py:188} INFO - [2024-05-11T15:16:18.723-0300] {dag.py:3954} INFO - Setting next_dagrun for example_setup_teardown to 2024-05-10 00:00:00+00:00, run_after=2024-05-11 00:00:00+00:00
[2024-05-11T15:16:18.770-0300] {processor.py:183} INFO - Processing /home/patricia/Documentos/airflow/airflow_venv/lib/python3.10/site-packages/airflow/example_dags/example_setup_teardown.py took 0.148 seconds
[2024-05-11T15:17:21.250-0300] {processor.py:161} INFO - Started process (PID=5241) to work on /home/patricia/Documentos/airflow/airflow_venv/lib/python3.10/site-packages/airflow/example_dags/example_setup_teardown.py
[2024-05-11T15:17:21.258-0300] {processor.py:830} INFO - Processing file /home/patricia/Documentos/airflow/airflow_venv/lib/python3.10/site-packages/airflow/example_dags/example_setup_teardown.py for tasks to queue
[2024-05-11T15:17:21.271-0300] {logging_mixin.py:188} INFO - [2024-05-11T15:17:21.262-0300] {dagbag.py:545} INFO - Filling up the DagBag from /home/patricia/Documentos/airflow/airflow_venv/lib/python3.10/site-packages/airflow/example_dags/example_setup_teardown.py
[2024-05-11T15:17:21.285-0300] {processor.py:840} INFO - DAG(s) 'example_setup_teardown' retrieved from /home/patricia/Documentos/airflow/airflow_venv/lib/python3.10/site-packages/airflow/example_dags/example_setup_teardown.py
[2024-05-11T15:17:21.325-0300] {logging_mixin.py:188} INFO - [2024-05-11T15:17:21.324-0300] {dag.py:3096} INFO - Sync 1 DAGs
[2024-05-11T15:17:21.361-0300] {logging_mixin.py:188} INFO - [2024-05-11T15:17:21.361-0300] {dag.py:3954} INFO - Setting next_dagrun for example_setup_teardown to 2024-05-10 00:00:00+00:00, run_after=2024-05-11 00:00:00+00:00
[2024-05-11T15:17:21.430-0300] {processor.py:183} INFO - Processing /home/patricia/Documentos/airflow/airflow_venv/lib/python3.10/site-packages/airflow/example_dags/example_setup_teardown.py took 0.214 seconds
[2024-05-11T15:18:29.417-0300] {processor.py:161} INFO - Started process (PID=5736) to work on /home/patricia/Documentos/airflow/airflow_venv/lib/python3.10/site-packages/airflow/example_dags/example_setup_teardown.py
[2024-05-11T15:18:29.442-0300] {processor.py:830} INFO - Processing file /home/patricia/Documentos/airflow/airflow_venv/lib/python3.10/site-packages/airflow/example_dags/example_setup_teardown.py for tasks to queue
[2024-05-11T15:18:29.447-0300] {logging_mixin.py:188} INFO - [2024-05-11T15:18:29.446-0300] {dagbag.py:545} INFO - Filling up the DagBag from /home/patricia/Documentos/airflow/airflow_venv/lib/python3.10/site-packages/airflow/example_dags/example_setup_teardown.py
[2024-05-11T15:18:29.475-0300] {processor.py:840} INFO - DAG(s) 'example_setup_teardown' retrieved from /home/patricia/Documentos/airflow/airflow_venv/lib/python3.10/site-packages/airflow/example_dags/example_setup_teardown.py
[2024-05-11T15:18:29.541-0300] {logging_mixin.py:188} INFO - [2024-05-11T15:18:29.540-0300] {dag.py:3096} INFO - Sync 1 DAGs
[2024-05-11T15:18:29.584-0300] {logging_mixin.py:188} INFO - [2024-05-11T15:18:29.583-0300] {dag.py:3954} INFO - Setting next_dagrun for example_setup_teardown to 2024-05-10 00:00:00+00:00, run_after=2024-05-11 00:00:00+00:00
[2024-05-11T15:18:29.653-0300] {processor.py:183} INFO - Processing /home/patricia/Documentos/airflow/airflow_venv/lib/python3.10/site-packages/airflow/example_dags/example_setup_teardown.py took 0.247 seconds
[2024-05-11T15:19:39.057-0300] {processor.py:161} INFO - Started process (PID=6003) to work on /home/patricia/Documentos/airflow/airflow_venv/lib/python3.10/site-packages/airflow/example_dags/example_setup_teardown.py
[2024-05-11T15:19:39.059-0300] {processor.py:830} INFO - Processing file /home/patricia/Documentos/airflow/airflow_venv/lib/python3.10/site-packages/airflow/example_dags/example_setup_teardown.py for tasks to queue
[2024-05-11T15:19:39.062-0300] {logging_mixin.py:188} INFO - [2024-05-11T15:19:39.061-0300] {dagbag.py:545} INFO - Filling up the DagBag from /home/patricia/Documentos/airflow/airflow_venv/lib/python3.10/site-packages/airflow/example_dags/example_setup_teardown.py
[2024-05-11T15:19:39.072-0300] {processor.py:840} INFO - DAG(s) 'example_setup_teardown' retrieved from /home/patricia/Documentos/airflow/airflow_venv/lib/python3.10/site-packages/airflow/example_dags/example_setup_teardown.py
[2024-05-11T15:19:39.099-0300] {logging_mixin.py:188} INFO - [2024-05-11T15:19:39.099-0300] {dag.py:3096} INFO - Sync 1 DAGs
[2024-05-11T15:19:39.155-0300] {logging_mixin.py:188} INFO - [2024-05-11T15:19:39.155-0300] {dag.py:3954} INFO - Setting next_dagrun for example_setup_teardown to 2024-05-10 00:00:00+00:00, run_after=2024-05-11 00:00:00+00:00
[2024-05-11T15:19:39.228-0300] {processor.py:183} INFO - Processing /home/patricia/Documentos/airflow/airflow_venv/lib/python3.10/site-packages/airflow/example_dags/example_setup_teardown.py took 0.182 seconds
[2024-05-11T15:21:20.176-0300] {processor.py:161} INFO - Started process (PID=6178) to work on /home/patricia/Documentos/airflow/airflow_venv/lib/python3.10/site-packages/airflow/example_dags/example_setup_teardown.py
[2024-05-11T15:21:20.184-0300] {processor.py:830} INFO - Processing file /home/patricia/Documentos/airflow/airflow_venv/lib/python3.10/site-packages/airflow/example_dags/example_setup_teardown.py for tasks to queue
[2024-05-11T15:21:20.189-0300] {logging_mixin.py:188} INFO - [2024-05-11T15:21:20.187-0300] {dagbag.py:545} INFO - Filling up the DagBag from /home/patricia/Documentos/airflow/airflow_venv/lib/python3.10/site-packages/airflow/example_dags/example_setup_teardown.py
[2024-05-11T15:21:20.205-0300] {processor.py:840} INFO - DAG(s) 'example_setup_teardown' retrieved from /home/patricia/Documentos/airflow/airflow_venv/lib/python3.10/site-packages/airflow/example_dags/example_setup_teardown.py
[2024-05-11T15:21:20.243-0300] {logging_mixin.py:188} INFO - [2024-05-11T15:21:20.242-0300] {dag.py:3096} INFO - Sync 1 DAGs
[2024-05-11T15:21:20.281-0300] {logging_mixin.py:188} INFO - [2024-05-11T15:21:20.281-0300] {dag.py:3954} INFO - Setting next_dagrun for example_setup_teardown to 2024-05-10 00:00:00+00:00, run_after=2024-05-11 00:00:00+00:00
[2024-05-11T15:21:20.345-0300] {processor.py:183} INFO - Processing /home/patricia/Documentos/airflow/airflow_venv/lib/python3.10/site-packages/airflow/example_dags/example_setup_teardown.py took 0.238 seconds
[2024-05-11T15:22:42.845-0300] {processor.py:161} INFO - Started process (PID=6355) to work on /home/patricia/Documentos/airflow/airflow_venv/lib/python3.10/site-packages/airflow/example_dags/example_setup_teardown.py
[2024-05-11T15:22:42.848-0300] {processor.py:830} INFO - Processing file /home/patricia/Documentos/airflow/airflow_venv/lib/python3.10/site-packages/airflow/example_dags/example_setup_teardown.py for tasks to queue
[2024-05-11T15:22:42.851-0300] {logging_mixin.py:188} INFO - [2024-05-11T15:22:42.850-0300] {dagbag.py:545} INFO - Filling up the DagBag from /home/patricia/Documentos/airflow/airflow_venv/lib/python3.10/site-packages/airflow/example_dags/example_setup_teardown.py
[2024-05-11T15:22:42.859-0300] {processor.py:840} INFO - DAG(s) 'example_setup_teardown' retrieved from /home/patricia/Documentos/airflow/airflow_venv/lib/python3.10/site-packages/airflow/example_dags/example_setup_teardown.py
[2024-05-11T15:22:42.878-0300] {logging_mixin.py:188} INFO - [2024-05-11T15:22:42.878-0300] {dag.py:3096} INFO - Sync 1 DAGs
[2024-05-11T15:22:42.901-0300] {logging_mixin.py:188} INFO - [2024-05-11T15:22:42.901-0300] {dag.py:3954} INFO - Setting next_dagrun for example_setup_teardown to 2024-05-10 00:00:00+00:00, run_after=2024-05-11 00:00:00+00:00
[2024-05-11T15:22:42.936-0300] {processor.py:183} INFO - Processing /home/patricia/Documentos/airflow/airflow_venv/lib/python3.10/site-packages/airflow/example_dags/example_setup_teardown.py took 0.099 seconds
[2024-05-11T15:23:43.762-0300] {processor.py:161} INFO - Started process (PID=6484) to work on /home/patricia/Documentos/airflow/airflow_venv/lib/python3.10/site-packages/airflow/example_dags/example_setup_teardown.py
[2024-05-11T15:23:43.765-0300] {processor.py:830} INFO - Processing file /home/patricia/Documentos/airflow/airflow_venv/lib/python3.10/site-packages/airflow/example_dags/example_setup_teardown.py for tasks to queue
[2024-05-11T15:23:43.767-0300] {logging_mixin.py:188} INFO - [2024-05-11T15:23:43.766-0300] {dagbag.py:545} INFO - Filling up the DagBag from /home/patricia/Documentos/airflow/airflow_venv/lib/python3.10/site-packages/airflow/example_dags/example_setup_teardown.py
[2024-05-11T15:23:43.776-0300] {processor.py:840} INFO - DAG(s) 'example_setup_teardown' retrieved from /home/patricia/Documentos/airflow/airflow_venv/lib/python3.10/site-packages/airflow/example_dags/example_setup_teardown.py
[2024-05-11T15:23:43.795-0300] {logging_mixin.py:188} INFO - [2024-05-11T15:23:43.795-0300] {dag.py:3096} INFO - Sync 1 DAGs
[2024-05-11T15:23:43.818-0300] {logging_mixin.py:188} INFO - [2024-05-11T15:23:43.818-0300] {dag.py:3954} INFO - Setting next_dagrun for example_setup_teardown to 2024-05-10 00:00:00+00:00, run_after=2024-05-11 00:00:00+00:00
[2024-05-11T15:23:43.856-0300] {processor.py:183} INFO - Processing /home/patricia/Documentos/airflow/airflow_venv/lib/python3.10/site-packages/airflow/example_dags/example_setup_teardown.py took 0.102 seconds
[2024-05-11T15:24:44.898-0300] {processor.py:161} INFO - Started process (PID=6596) to work on /home/patricia/Documentos/airflow/airflow_venv/lib/python3.10/site-packages/airflow/example_dags/example_setup_teardown.py
[2024-05-11T15:24:44.901-0300] {processor.py:830} INFO - Processing file /home/patricia/Documentos/airflow/airflow_venv/lib/python3.10/site-packages/airflow/example_dags/example_setup_teardown.py for tasks to queue
[2024-05-11T15:24:44.903-0300] {logging_mixin.py:188} INFO - [2024-05-11T15:24:44.903-0300] {dagbag.py:545} INFO - Filling up the DagBag from /home/patricia/Documentos/airflow/airflow_venv/lib/python3.10/site-packages/airflow/example_dags/example_setup_teardown.py
[2024-05-11T15:24:44.913-0300] {processor.py:840} INFO - DAG(s) 'example_setup_teardown' retrieved from /home/patricia/Documentos/airflow/airflow_venv/lib/python3.10/site-packages/airflow/example_dags/example_setup_teardown.py
[2024-05-11T15:24:44.933-0300] {logging_mixin.py:188} INFO - [2024-05-11T15:24:44.933-0300] {dag.py:3096} INFO - Sync 1 DAGs
[2024-05-11T15:24:44.954-0300] {logging_mixin.py:188} INFO - [2024-05-11T15:24:44.954-0300] {dag.py:3954} INFO - Setting next_dagrun for example_setup_teardown to 2024-05-10 00:00:00+00:00, run_after=2024-05-11 00:00:00+00:00
[2024-05-11T15:24:44.990-0300] {processor.py:183} INFO - Processing /home/patricia/Documentos/airflow/airflow_venv/lib/python3.10/site-packages/airflow/example_dags/example_setup_teardown.py took 0.099 seconds
[2024-05-11T15:26:44.937-0300] {processor.py:161} INFO - Started process (PID=7558) to work on /home/patricia/Documentos/airflow/airflow_venv/lib/python3.10/site-packages/airflow/example_dags/example_setup_teardown.py
[2024-05-11T15:26:44.941-0300] {processor.py:830} INFO - Processing file /home/patricia/Documentos/airflow/airflow_venv/lib/python3.10/site-packages/airflow/example_dags/example_setup_teardown.py for tasks to queue
[2024-05-11T15:26:44.943-0300] {logging_mixin.py:188} INFO - [2024-05-11T15:26:44.942-0300] {dagbag.py:545} INFO - Filling up the DagBag from /home/patricia/Documentos/airflow/airflow_venv/lib/python3.10/site-packages/airflow/example_dags/example_setup_teardown.py
[2024-05-11T15:26:44.953-0300] {processor.py:840} INFO - DAG(s) 'example_setup_teardown' retrieved from /home/patricia/Documentos/airflow/airflow_venv/lib/python3.10/site-packages/airflow/example_dags/example_setup_teardown.py
[2024-05-11T15:26:45.053-0300] {logging_mixin.py:188} INFO - [2024-05-11T15:26:45.052-0300] {dag.py:3096} INFO - Sync 1 DAGs
[2024-05-11T15:26:45.158-0300] {logging_mixin.py:188} INFO - [2024-05-11T15:26:45.157-0300] {dag.py:3954} INFO - Setting next_dagrun for example_setup_teardown to 2024-05-10 00:00:00+00:00, run_after=2024-05-11 00:00:00+00:00
[2024-05-11T15:26:45.196-0300] {processor.py:183} INFO - Processing /home/patricia/Documentos/airflow/airflow_venv/lib/python3.10/site-packages/airflow/example_dags/example_setup_teardown.py took 0.266 seconds
[2024-05-11T15:28:18.632-0300] {processor.py:161} INFO - Started process (PID=7747) to work on /home/patricia/Documentos/airflow/airflow_venv/lib/python3.10/site-packages/airflow/example_dags/example_setup_teardown.py
[2024-05-11T15:28:18.639-0300] {processor.py:830} INFO - Processing file /home/patricia/Documentos/airflow/airflow_venv/lib/python3.10/site-packages/airflow/example_dags/example_setup_teardown.py for tasks to queue
[2024-05-11T15:28:18.642-0300] {logging_mixin.py:188} INFO - [2024-05-11T15:28:18.642-0300] {dagbag.py:545} INFO - Filling up the DagBag from /home/patricia/Documentos/airflow/airflow_venv/lib/python3.10/site-packages/airflow/example_dags/example_setup_teardown.py
[2024-05-11T15:28:18.650-0300] {processor.py:840} INFO - DAG(s) 'example_setup_teardown' retrieved from /home/patricia/Documentos/airflow/airflow_venv/lib/python3.10/site-packages/airflow/example_dags/example_setup_teardown.py
[2024-05-11T15:28:18.675-0300] {logging_mixin.py:188} INFO - [2024-05-11T15:28:18.675-0300] {dag.py:3096} INFO - Sync 1 DAGs
[2024-05-11T15:28:18.725-0300] {logging_mixin.py:188} INFO - [2024-05-11T15:28:18.724-0300] {dag.py:3954} INFO - Setting next_dagrun for example_setup_teardown to 2024-05-10 00:00:00+00:00, run_after=2024-05-11 00:00:00+00:00
[2024-05-11T15:28:18.761-0300] {processor.py:183} INFO - Processing /home/patricia/Documentos/airflow/airflow_venv/lib/python3.10/site-packages/airflow/example_dags/example_setup_teardown.py took 0.155 seconds
[2024-05-11T15:29:37.859-0300] {processor.py:161} INFO - Started process (PID=7904) to work on /home/patricia/Documentos/airflow/airflow_venv/lib/python3.10/site-packages/airflow/example_dags/example_setup_teardown.py
[2024-05-11T15:29:37.911-0300] {processor.py:830} INFO - Processing file /home/patricia/Documentos/airflow/airflow_venv/lib/python3.10/site-packages/airflow/example_dags/example_setup_teardown.py for tasks to queue
[2024-05-11T15:29:37.916-0300] {logging_mixin.py:188} INFO - [2024-05-11T15:29:37.915-0300] {dagbag.py:545} INFO - Filling up the DagBag from /home/patricia/Documentos/airflow/airflow_venv/lib/python3.10/site-packages/airflow/example_dags/example_setup_teardown.py
[2024-05-11T15:29:37.978-0300] {processor.py:840} INFO - DAG(s) 'example_setup_teardown' retrieved from /home/patricia/Documentos/airflow/airflow_venv/lib/python3.10/site-packages/airflow/example_dags/example_setup_teardown.py
[2024-05-11T15:29:38.028-0300] {logging_mixin.py:188} INFO - [2024-05-11T15:29:38.028-0300] {dag.py:3096} INFO - Sync 1 DAGs
[2024-05-11T15:29:38.070-0300] {logging_mixin.py:188} INFO - [2024-05-11T15:29:38.070-0300] {dag.py:3954} INFO - Setting next_dagrun for example_setup_teardown to 2024-05-10 00:00:00+00:00, run_after=2024-05-11 00:00:00+00:00
[2024-05-11T15:29:38.205-0300] {processor.py:183} INFO - Processing /home/patricia/Documentos/airflow/airflow_venv/lib/python3.10/site-packages/airflow/example_dags/example_setup_teardown.py took 0.361 seconds
[2024-05-11T15:30:54.505-0300] {processor.py:161} INFO - Started process (PID=8071) to work on /home/patricia/Documentos/airflow/airflow_venv/lib/python3.10/site-packages/airflow/example_dags/example_setup_teardown.py
[2024-05-11T15:30:54.509-0300] {processor.py:830} INFO - Processing file /home/patricia/Documentos/airflow/airflow_venv/lib/python3.10/site-packages/airflow/example_dags/example_setup_teardown.py for tasks to queue
[2024-05-11T15:30:54.513-0300] {logging_mixin.py:188} INFO - [2024-05-11T15:30:54.511-0300] {dagbag.py:545} INFO - Filling up the DagBag from /home/patricia/Documentos/airflow/airflow_venv/lib/python3.10/site-packages/airflow/example_dags/example_setup_teardown.py
[2024-05-11T15:30:54.566-0300] {processor.py:840} INFO - DAG(s) 'example_setup_teardown' retrieved from /home/patricia/Documentos/airflow/airflow_venv/lib/python3.10/site-packages/airflow/example_dags/example_setup_teardown.py
[2024-05-11T15:30:54.613-0300] {logging_mixin.py:188} INFO - [2024-05-11T15:30:54.612-0300] {dag.py:3096} INFO - Sync 1 DAGs
[2024-05-11T15:30:54.699-0300] {logging_mixin.py:188} INFO - [2024-05-11T15:30:54.699-0300] {dag.py:3954} INFO - Setting next_dagrun for example_setup_teardown to 2024-05-10 00:00:00+00:00, run_after=2024-05-11 00:00:00+00:00
[2024-05-11T15:30:54.746-0300] {processor.py:183} INFO - Processing /home/patricia/Documentos/airflow/airflow_venv/lib/python3.10/site-packages/airflow/example_dags/example_setup_teardown.py took 0.256 seconds
[2024-05-11T15:32:00.390-0300] {processor.py:161} INFO - Started process (PID=8276) to work on /home/patricia/Documentos/airflow/airflow_venv/lib/python3.10/site-packages/airflow/example_dags/example_setup_teardown.py
[2024-05-11T15:32:00.392-0300] {processor.py:830} INFO - Processing file /home/patricia/Documentos/airflow/airflow_venv/lib/python3.10/site-packages/airflow/example_dags/example_setup_teardown.py for tasks to queue
[2024-05-11T15:32:00.394-0300] {logging_mixin.py:188} INFO - [2024-05-11T15:32:00.394-0300] {dagbag.py:545} INFO - Filling up the DagBag from /home/patricia/Documentos/airflow/airflow_venv/lib/python3.10/site-packages/airflow/example_dags/example_setup_teardown.py
[2024-05-11T15:32:00.403-0300] {processor.py:840} INFO - DAG(s) 'example_setup_teardown' retrieved from /home/patricia/Documentos/airflow/airflow_venv/lib/python3.10/site-packages/airflow/example_dags/example_setup_teardown.py
[2024-05-11T15:32:00.421-0300] {logging_mixin.py:188} INFO - [2024-05-11T15:32:00.421-0300] {dag.py:3096} INFO - Sync 1 DAGs
[2024-05-11T15:32:00.444-0300] {logging_mixin.py:188} INFO - [2024-05-11T15:32:00.444-0300] {dag.py:3954} INFO - Setting next_dagrun for example_setup_teardown to 2024-05-10 00:00:00+00:00, run_after=2024-05-11 00:00:00+00:00
[2024-05-11T15:32:00.475-0300] {processor.py:183} INFO - Processing /home/patricia/Documentos/airflow/airflow_venv/lib/python3.10/site-packages/airflow/example_dags/example_setup_teardown.py took 0.093 seconds
[2024-05-11T15:33:03.753-0300] {processor.py:161} INFO - Started process (PID=8631) to work on /home/patricia/Documentos/airflow/airflow_venv/lib/python3.10/site-packages/airflow/example_dags/example_setup_teardown.py
[2024-05-11T15:33:03.807-0300] {processor.py:830} INFO - Processing file /home/patricia/Documentos/airflow/airflow_venv/lib/python3.10/site-packages/airflow/example_dags/example_setup_teardown.py for tasks to queue
[2024-05-11T15:33:03.817-0300] {logging_mixin.py:188} INFO - [2024-05-11T15:33:03.815-0300] {dagbag.py:545} INFO - Filling up the DagBag from /home/patricia/Documentos/airflow/airflow_venv/lib/python3.10/site-packages/airflow/example_dags/example_setup_teardown.py
[2024-05-11T15:33:03.849-0300] {processor.py:840} INFO - DAG(s) 'example_setup_teardown' retrieved from /home/patricia/Documentos/airflow/airflow_venv/lib/python3.10/site-packages/airflow/example_dags/example_setup_teardown.py
[2024-05-11T15:33:03.948-0300] {logging_mixin.py:188} INFO - [2024-05-11T15:33:03.947-0300] {dag.py:3096} INFO - Sync 1 DAGs
[2024-05-11T15:33:04.099-0300] {logging_mixin.py:188} INFO - [2024-05-11T15:33:04.098-0300] {dag.py:3954} INFO - Setting next_dagrun for example_setup_teardown to 2024-05-10 00:00:00+00:00, run_after=2024-05-11 00:00:00+00:00
[2024-05-11T15:33:04.176-0300] {processor.py:183} INFO - Processing /home/patricia/Documentos/airflow/airflow_venv/lib/python3.10/site-packages/airflow/example_dags/example_setup_teardown.py took 0.452 seconds
[2024-05-11T15:34:17.791-0300] {processor.py:161} INFO - Started process (PID=9274) to work on /home/patricia/Documentos/airflow/airflow_venv/lib/python3.10/site-packages/airflow/example_dags/example_setup_teardown.py
[2024-05-11T15:34:17.794-0300] {processor.py:830} INFO - Processing file /home/patricia/Documentos/airflow/airflow_venv/lib/python3.10/site-packages/airflow/example_dags/example_setup_teardown.py for tasks to queue
[2024-05-11T15:34:17.798-0300] {logging_mixin.py:188} INFO - [2024-05-11T15:34:17.797-0300] {dagbag.py:545} INFO - Filling up the DagBag from /home/patricia/Documentos/airflow/airflow_venv/lib/python3.10/site-packages/airflow/example_dags/example_setup_teardown.py
[2024-05-11T15:34:17.829-0300] {processor.py:840} INFO - DAG(s) 'example_setup_teardown' retrieved from /home/patricia/Documentos/airflow/airflow_venv/lib/python3.10/site-packages/airflow/example_dags/example_setup_teardown.py
[2024-05-11T15:34:17.874-0300] {logging_mixin.py:188} INFO - [2024-05-11T15:34:17.872-0300] {dag.py:3096} INFO - Sync 1 DAGs
[2024-05-11T15:34:17.924-0300] {logging_mixin.py:188} INFO - [2024-05-11T15:34:17.923-0300] {dag.py:3954} INFO - Setting next_dagrun for example_setup_teardown to 2024-05-10 00:00:00+00:00, run_after=2024-05-11 00:00:00+00:00
[2024-05-11T15:34:18.184-0300] {processor.py:183} INFO - Processing /home/patricia/Documentos/airflow/airflow_venv/lib/python3.10/site-packages/airflow/example_dags/example_setup_teardown.py took 0.412 seconds
[2024-05-11T15:35:34.700-0300] {processor.py:161} INFO - Started process (PID=9513) to work on /home/patricia/Documentos/airflow/airflow_venv/lib/python3.10/site-packages/airflow/example_dags/example_setup_teardown.py
[2024-05-11T15:35:34.703-0300] {processor.py:830} INFO - Processing file /home/patricia/Documentos/airflow/airflow_venv/lib/python3.10/site-packages/airflow/example_dags/example_setup_teardown.py for tasks to queue
[2024-05-11T15:35:34.706-0300] {logging_mixin.py:188} INFO - [2024-05-11T15:35:34.706-0300] {dagbag.py:545} INFO - Filling up the DagBag from /home/patricia/Documentos/airflow/airflow_venv/lib/python3.10/site-packages/airflow/example_dags/example_setup_teardown.py
[2024-05-11T15:35:34.715-0300] {processor.py:840} INFO - DAG(s) 'example_setup_teardown' retrieved from /home/patricia/Documentos/airflow/airflow_venv/lib/python3.10/site-packages/airflow/example_dags/example_setup_teardown.py
[2024-05-11T15:35:34.734-0300] {logging_mixin.py:188} INFO - [2024-05-11T15:35:34.733-0300] {dag.py:3096} INFO - Sync 1 DAGs
[2024-05-11T15:35:34.758-0300] {logging_mixin.py:188} INFO - [2024-05-11T15:35:34.758-0300] {dag.py:3954} INFO - Setting next_dagrun for example_setup_teardown to 2024-05-10 00:00:00+00:00, run_after=2024-05-11 00:00:00+00:00
[2024-05-11T15:35:34.791-0300] {processor.py:183} INFO - Processing /home/patricia/Documentos/airflow/airflow_venv/lib/python3.10/site-packages/airflow/example_dags/example_setup_teardown.py took 0.098 seconds
[2024-05-11T15:36:54.174-0300] {processor.py:161} INFO - Started process (PID=9648) to work on /home/patricia/Documentos/airflow/airflow_venv/lib/python3.10/site-packages/airflow/example_dags/example_setup_teardown.py
[2024-05-11T15:36:54.176-0300] {processor.py:830} INFO - Processing file /home/patricia/Documentos/airflow/airflow_venv/lib/python3.10/site-packages/airflow/example_dags/example_setup_teardown.py for tasks to queue
[2024-05-11T15:36:54.179-0300] {logging_mixin.py:188} INFO - [2024-05-11T15:36:54.178-0300] {dagbag.py:545} INFO - Filling up the DagBag from /home/patricia/Documentos/airflow/airflow_venv/lib/python3.10/site-packages/airflow/example_dags/example_setup_teardown.py
[2024-05-11T15:36:54.188-0300] {processor.py:840} INFO - DAG(s) 'example_setup_teardown' retrieved from /home/patricia/Documentos/airflow/airflow_venv/lib/python3.10/site-packages/airflow/example_dags/example_setup_teardown.py
[2024-05-11T15:36:54.209-0300] {logging_mixin.py:188} INFO - [2024-05-11T15:36:54.208-0300] {dag.py:3096} INFO - Sync 1 DAGs
[2024-05-11T15:36:54.232-0300] {logging_mixin.py:188} INFO - [2024-05-11T15:36:54.232-0300] {dag.py:3954} INFO - Setting next_dagrun for example_setup_teardown to 2024-05-10 00:00:00+00:00, run_after=2024-05-11 00:00:00+00:00
[2024-05-11T15:36:54.272-0300] {processor.py:183} INFO - Processing /home/patricia/Documentos/airflow/airflow_venv/lib/python3.10/site-packages/airflow/example_dags/example_setup_teardown.py took 0.106 seconds
[2024-05-11T15:39:01.097-0300] {processor.py:161} INFO - Started process (PID=10004) to work on /home/patricia/Documentos/airflow/airflow_venv/lib/python3.10/site-packages/airflow/example_dags/example_setup_teardown.py
[2024-05-11T15:39:01.101-0300] {processor.py:830} INFO - Processing file /home/patricia/Documentos/airflow/airflow_venv/lib/python3.10/site-packages/airflow/example_dags/example_setup_teardown.py for tasks to queue
[2024-05-11T15:39:01.104-0300] {logging_mixin.py:188} INFO - [2024-05-11T15:39:01.104-0300] {dagbag.py:545} INFO - Filling up the DagBag from /home/patricia/Documentos/airflow/airflow_venv/lib/python3.10/site-packages/airflow/example_dags/example_setup_teardown.py
[2024-05-11T15:39:01.113-0300] {processor.py:840} INFO - DAG(s) 'example_setup_teardown' retrieved from /home/patricia/Documentos/airflow/airflow_venv/lib/python3.10/site-packages/airflow/example_dags/example_setup_teardown.py
[2024-05-11T15:39:01.132-0300] {logging_mixin.py:188} INFO - [2024-05-11T15:39:01.132-0300] {dag.py:3096} INFO - Sync 1 DAGs
[2024-05-11T15:39:01.156-0300] {logging_mixin.py:188} INFO - [2024-05-11T15:39:01.156-0300] {dag.py:3954} INFO - Setting next_dagrun for example_setup_teardown to 2024-05-10 00:00:00+00:00, run_after=2024-05-11 00:00:00+00:00
[2024-05-11T15:39:01.192-0300] {processor.py:183} INFO - Processing /home/patricia/Documentos/airflow/airflow_venv/lib/python3.10/site-packages/airflow/example_dags/example_setup_teardown.py took 0.104 seconds
[2024-05-11T15:40:18.908-0300] {processor.py:161} INFO - Started process (PID=10385) to work on /home/patricia/Documentos/airflow/airflow_venv/lib/python3.10/site-packages/airflow/example_dags/example_setup_teardown.py
[2024-05-11T15:40:18.913-0300] {processor.py:830} INFO - Processing file /home/patricia/Documentos/airflow/airflow_venv/lib/python3.10/site-packages/airflow/example_dags/example_setup_teardown.py for tasks to queue
[2024-05-11T15:40:18.917-0300] {logging_mixin.py:188} INFO - [2024-05-11T15:40:18.916-0300] {dagbag.py:545} INFO - Filling up the DagBag from /home/patricia/Documentos/airflow/airflow_venv/lib/python3.10/site-packages/airflow/example_dags/example_setup_teardown.py
[2024-05-11T15:40:18.934-0300] {processor.py:840} INFO - DAG(s) 'example_setup_teardown' retrieved from /home/patricia/Documentos/airflow/airflow_venv/lib/python3.10/site-packages/airflow/example_dags/example_setup_teardown.py
[2024-05-11T15:40:19.055-0300] {logging_mixin.py:188} INFO - [2024-05-11T15:40:19.055-0300] {dag.py:3096} INFO - Sync 1 DAGs
[2024-05-11T15:40:19.097-0300] {logging_mixin.py:188} INFO - [2024-05-11T15:40:19.096-0300] {dag.py:3954} INFO - Setting next_dagrun for example_setup_teardown to 2024-05-10 00:00:00+00:00, run_after=2024-05-11 00:00:00+00:00
[2024-05-11T15:40:19.321-0300] {processor.py:183} INFO - Processing /home/patricia/Documentos/airflow/airflow_venv/lib/python3.10/site-packages/airflow/example_dags/example_setup_teardown.py took 0.479 seconds
[2024-05-11T16:28:42.518-0300] {processor.py:161} INFO - Started process (PID=11038) to work on /home/patricia/Documentos/airflow/airflow_venv/lib/python3.10/site-packages/airflow/example_dags/example_setup_teardown.py
[2024-05-11T16:28:42.522-0300] {processor.py:830} INFO - Processing file /home/patricia/Documentos/airflow/airflow_venv/lib/python3.10/site-packages/airflow/example_dags/example_setup_teardown.py for tasks to queue
[2024-05-11T16:28:42.527-0300] {logging_mixin.py:188} INFO - [2024-05-11T16:28:42.526-0300] {dagbag.py:545} INFO - Filling up the DagBag from /home/patricia/Documentos/airflow/airflow_venv/lib/python3.10/site-packages/airflow/example_dags/example_setup_teardown.py
[2024-05-11T16:28:42.545-0300] {processor.py:840} INFO - DAG(s) 'example_setup_teardown' retrieved from /home/patricia/Documentos/airflow/airflow_venv/lib/python3.10/site-packages/airflow/example_dags/example_setup_teardown.py
[2024-05-11T16:28:42.813-0300] {logging_mixin.py:188} INFO - [2024-05-11T16:28:42.812-0300] {dag.py:3096} INFO - Sync 1 DAGs
[2024-05-11T16:28:43.055-0300] {logging_mixin.py:188} INFO - [2024-05-11T16:28:43.055-0300] {dag.py:3954} INFO - Setting next_dagrun for example_setup_teardown to 2024-05-10 00:00:00+00:00, run_after=2024-05-11 00:00:00+00:00
[2024-05-11T16:28:43.118-0300] {processor.py:183} INFO - Processing /home/patricia/Documentos/airflow/airflow_venv/lib/python3.10/site-packages/airflow/example_dags/example_setup_teardown.py took 0.619 seconds
[2024-05-11T16:30:54.620-0300] {processor.py:161} INFO - Started process (PID=11302) to work on /home/patricia/Documentos/airflow/airflow_venv/lib/python3.10/site-packages/airflow/example_dags/example_setup_teardown.py
[2024-05-11T16:30:54.629-0300] {processor.py:830} INFO - Processing file /home/patricia/Documentos/airflow/airflow_venv/lib/python3.10/site-packages/airflow/example_dags/example_setup_teardown.py for tasks to queue
[2024-05-11T16:30:54.642-0300] {logging_mixin.py:188} INFO - [2024-05-11T16:30:54.639-0300] {dagbag.py:545} INFO - Filling up the DagBag from /home/patricia/Documentos/airflow/airflow_venv/lib/python3.10/site-packages/airflow/example_dags/example_setup_teardown.py
[2024-05-11T16:30:54.665-0300] {processor.py:840} INFO - DAG(s) 'example_setup_teardown' retrieved from /home/patricia/Documentos/airflow/airflow_venv/lib/python3.10/site-packages/airflow/example_dags/example_setup_teardown.py
[2024-05-11T16:30:54.705-0300] {logging_mixin.py:188} INFO - [2024-05-11T16:30:54.704-0300] {dag.py:3096} INFO - Sync 1 DAGs
[2024-05-11T16:30:54.745-0300] {logging_mixin.py:188} INFO - [2024-05-11T16:30:54.744-0300] {dag.py:3954} INFO - Setting next_dagrun for example_setup_teardown to 2024-05-10 00:00:00+00:00, run_after=2024-05-11 00:00:00+00:00
[2024-05-11T16:30:54.851-0300] {processor.py:183} INFO - Processing /home/patricia/Documentos/airflow/airflow_venv/lib/python3.10/site-packages/airflow/example_dags/example_setup_teardown.py took 0.245 seconds
[2024-05-11T16:32:58.292-0300] {processor.py:161} INFO - Started process (PID=11519) to work on /home/patricia/Documentos/airflow/airflow_venv/lib/python3.10/site-packages/airflow/example_dags/example_setup_teardown.py
[2024-05-11T16:32:58.300-0300] {processor.py:830} INFO - Processing file /home/patricia/Documentos/airflow/airflow_venv/lib/python3.10/site-packages/airflow/example_dags/example_setup_teardown.py for tasks to queue
[2024-05-11T16:32:58.306-0300] {logging_mixin.py:188} INFO - [2024-05-11T16:32:58.304-0300] {dagbag.py:545} INFO - Filling up the DagBag from /home/patricia/Documentos/airflow/airflow_venv/lib/python3.10/site-packages/airflow/example_dags/example_setup_teardown.py
[2024-05-11T16:32:58.344-0300] {processor.py:840} INFO - DAG(s) 'example_setup_teardown' retrieved from /home/patricia/Documentos/airflow/airflow_venv/lib/python3.10/site-packages/airflow/example_dags/example_setup_teardown.py
[2024-05-11T16:32:58.398-0300] {logging_mixin.py:188} INFO - [2024-05-11T16:32:58.397-0300] {dag.py:3096} INFO - Sync 1 DAGs
[2024-05-11T16:32:58.449-0300] {logging_mixin.py:188} INFO - [2024-05-11T16:32:58.449-0300] {dag.py:3954} INFO - Setting next_dagrun for example_setup_teardown to 2024-05-10 00:00:00+00:00, run_after=2024-05-11 00:00:00+00:00
[2024-05-11T16:32:58.613-0300] {processor.py:183} INFO - Processing /home/patricia/Documentos/airflow/airflow_venv/lib/python3.10/site-packages/airflow/example_dags/example_setup_teardown.py took 0.399 seconds
[2024-05-11T16:34:41.210-0300] {processor.py:161} INFO - Started process (PID=11747) to work on /home/patricia/Documentos/airflow/airflow_venv/lib/python3.10/site-packages/airflow/example_dags/example_setup_teardown.py
[2024-05-11T16:34:41.217-0300] {processor.py:830} INFO - Processing file /home/patricia/Documentos/airflow/airflow_venv/lib/python3.10/site-packages/airflow/example_dags/example_setup_teardown.py for tasks to queue
[2024-05-11T16:34:41.226-0300] {logging_mixin.py:188} INFO - [2024-05-11T16:34:41.225-0300] {dagbag.py:545} INFO - Filling up the DagBag from /home/patricia/Documentos/airflow/airflow_venv/lib/python3.10/site-packages/airflow/example_dags/example_setup_teardown.py
[2024-05-11T16:34:41.284-0300] {processor.py:840} INFO - DAG(s) 'example_setup_teardown' retrieved from /home/patricia/Documentos/airflow/airflow_venv/lib/python3.10/site-packages/airflow/example_dags/example_setup_teardown.py
[2024-05-11T16:34:41.354-0300] {logging_mixin.py:188} INFO - [2024-05-11T16:34:41.353-0300] {dag.py:3096} INFO - Sync 1 DAGs
[2024-05-11T16:34:41.398-0300] {logging_mixin.py:188} INFO - [2024-05-11T16:34:41.398-0300] {dag.py:3954} INFO - Setting next_dagrun for example_setup_teardown to 2024-05-10 00:00:00+00:00, run_after=2024-05-11 00:00:00+00:00
[2024-05-11T16:34:41.473-0300] {processor.py:183} INFO - Processing /home/patricia/Documentos/airflow/airflow_venv/lib/python3.10/site-packages/airflow/example_dags/example_setup_teardown.py took 0.282 seconds
[2024-05-11T16:36:20.759-0300] {processor.py:161} INFO - Started process (PID=11896) to work on /home/patricia/Documentos/airflow/airflow_venv/lib/python3.10/site-packages/airflow/example_dags/example_setup_teardown.py
[2024-05-11T16:36:20.792-0300] {processor.py:830} INFO - Processing file /home/patricia/Documentos/airflow/airflow_venv/lib/python3.10/site-packages/airflow/example_dags/example_setup_teardown.py for tasks to queue
[2024-05-11T16:36:20.806-0300] {logging_mixin.py:188} INFO - [2024-05-11T16:36:20.803-0300] {dagbag.py:545} INFO - Filling up the DagBag from /home/patricia/Documentos/airflow/airflow_venv/lib/python3.10/site-packages/airflow/example_dags/example_setup_teardown.py
[2024-05-11T16:36:20.932-0300] {processor.py:840} INFO - DAG(s) 'example_setup_teardown' retrieved from /home/patricia/Documentos/airflow/airflow_venv/lib/python3.10/site-packages/airflow/example_dags/example_setup_teardown.py
[2024-05-11T16:36:20.994-0300] {logging_mixin.py:188} INFO - [2024-05-11T16:36:20.993-0300] {dag.py:3096} INFO - Sync 1 DAGs
[2024-05-11T16:36:21.051-0300] {logging_mixin.py:188} INFO - [2024-05-11T16:36:21.050-0300] {dag.py:3954} INFO - Setting next_dagrun for example_setup_teardown to 2024-05-10 00:00:00+00:00, run_after=2024-05-11 00:00:00+00:00
[2024-05-11T16:36:21.128-0300] {processor.py:183} INFO - Processing /home/patricia/Documentos/airflow/airflow_venv/lib/python3.10/site-packages/airflow/example_dags/example_setup_teardown.py took 0.403 seconds
