[2024-05-11T15:11:08.553-0300] {processor.py:161} INFO - Started process (PID=4477) to work on /home/patricia/Documentos/airflow/airflow_venv/lib/python3.10/site-packages/airflow/example_dags/example_xcom.py
[2024-05-11T15:11:08.554-0300] {processor.py:830} INFO - Processing file /home/patricia/Documentos/airflow/airflow_venv/lib/python3.10/site-packages/airflow/example_dags/example_xcom.py for tasks to queue
[2024-05-11T15:11:08.558-0300] {logging_mixin.py:188} INFO - [2024-05-11T15:11:08.556-0300] {dagbag.py:545} INFO - Filling up the DagBag from /home/patricia/Documentos/airflow/airflow_venv/lib/python3.10/site-packages/airflow/example_dags/example_xcom.py
[2024-05-11T15:11:08.566-0300] {processor.py:840} INFO - DAG(s) 'example_xcom' retrieved from /home/patricia/Documentos/airflow/airflow_venv/lib/python3.10/site-packages/airflow/example_dags/example_xcom.py
[2024-05-11T15:11:08.578-0300] {logging_mixin.py:188} INFO - [2024-05-11T15:11:08.577-0300] {dag.py:3096} INFO - Sync 1 DAGs
[2024-05-11T15:11:08.597-0300] {logging_mixin.py:188} INFO - [2024-05-11T15:11:08.597-0300] {dag.py:3954} INFO - Setting next_dagrun for example_xcom to 2021-01-01 00:00:00+00:00, run_after=2021-01-01 00:00:00+00:00
[2024-05-11T15:11:08.652-0300] {processor.py:183} INFO - Processing /home/patricia/Documentos/airflow/airflow_venv/lib/python3.10/site-packages/airflow/example_dags/example_xcom.py took 0.107 seconds
[2024-05-11T15:12:30.633-0300] {processor.py:161} INFO - Started process (PID=4661) to work on /home/patricia/Documentos/airflow/airflow_venv/lib/python3.10/site-packages/airflow/example_dags/example_xcom.py
[2024-05-11T15:12:30.635-0300] {processor.py:830} INFO - Processing file /home/patricia/Documentos/airflow/airflow_venv/lib/python3.10/site-packages/airflow/example_dags/example_xcom.py for tasks to queue
[2024-05-11T15:12:30.639-0300] {logging_mixin.py:188} INFO - [2024-05-11T15:12:30.638-0300] {dagbag.py:545} INFO - Filling up the DagBag from /home/patricia/Documentos/airflow/airflow_venv/lib/python3.10/site-packages/airflow/example_dags/example_xcom.py
[2024-05-11T15:12:30.654-0300] {processor.py:840} INFO - DAG(s) 'example_xcom' retrieved from /home/patricia/Documentos/airflow/airflow_venv/lib/python3.10/site-packages/airflow/example_dags/example_xcom.py
[2024-05-11T15:12:30.962-0300] {logging_mixin.py:188} INFO - [2024-05-11T15:12:30.962-0300] {dag.py:3096} INFO - Sync 1 DAGs
[2024-05-11T15:12:31.019-0300] {logging_mixin.py:188} INFO - [2024-05-11T15:12:31.018-0300] {dag.py:3954} INFO - Setting next_dagrun for example_xcom to 2021-01-01 00:00:00+00:00, run_after=2021-01-01 00:00:00+00:00
[2024-05-11T15:12:31.109-0300] {processor.py:183} INFO - Processing /home/patricia/Documentos/airflow/airflow_venv/lib/python3.10/site-packages/airflow/example_dags/example_xcom.py took 0.484 seconds
[2024-05-11T15:14:01.651-0300] {processor.py:161} INFO - Started process (PID=4800) to work on /home/patricia/Documentos/airflow/airflow_venv/lib/python3.10/site-packages/airflow/example_dags/example_xcom.py
[2024-05-11T15:14:01.654-0300] {processor.py:830} INFO - Processing file /home/patricia/Documentos/airflow/airflow_venv/lib/python3.10/site-packages/airflow/example_dags/example_xcom.py for tasks to queue
[2024-05-11T15:14:01.657-0300] {logging_mixin.py:188} INFO - [2024-05-11T15:14:01.657-0300] {dagbag.py:545} INFO - Filling up the DagBag from /home/patricia/Documentos/airflow/airflow_venv/lib/python3.10/site-packages/airflow/example_dags/example_xcom.py
[2024-05-11T15:14:01.667-0300] {processor.py:840} INFO - DAG(s) 'example_xcom' retrieved from /home/patricia/Documentos/airflow/airflow_venv/lib/python3.10/site-packages/airflow/example_dags/example_xcom.py
[2024-05-11T15:14:01.687-0300] {logging_mixin.py:188} INFO - [2024-05-11T15:14:01.687-0300] {dag.py:3096} INFO - Sync 1 DAGs
[2024-05-11T15:14:01.709-0300] {logging_mixin.py:188} INFO - [2024-05-11T15:14:01.709-0300] {dag.py:3954} INFO - Setting next_dagrun for example_xcom to 2021-01-01 00:00:00+00:00, run_after=2021-01-01 00:00:00+00:00
[2024-05-11T15:14:01.890-0300] {processor.py:183} INFO - Processing /home/patricia/Documentos/airflow/airflow_venv/lib/python3.10/site-packages/airflow/example_dags/example_xcom.py took 0.247 seconds
[2024-05-11T15:14:49.947-0300] {processor.py:161} INFO - Started process (PID=4917) to work on /home/patricia/Documentos/airflow/airflow_venv/lib/python3.10/site-packages/airflow/example_dags/example_xcom.py
[2024-05-11T15:14:49.949-0300] {processor.py:830} INFO - Processing file /home/patricia/Documentos/airflow/airflow_venv/lib/python3.10/site-packages/airflow/example_dags/example_xcom.py for tasks to queue
[2024-05-11T15:14:49.952-0300] {logging_mixin.py:188} INFO - [2024-05-11T15:14:49.951-0300] {dagbag.py:545} INFO - Filling up the DagBag from /home/patricia/Documentos/airflow/airflow_venv/lib/python3.10/site-packages/airflow/example_dags/example_xcom.py
[2024-05-11T15:14:49.960-0300] {processor.py:840} INFO - DAG(s) 'example_xcom' retrieved from /home/patricia/Documentos/airflow/airflow_venv/lib/python3.10/site-packages/airflow/example_dags/example_xcom.py
[2024-05-11T15:14:50.076-0300] {logging_mixin.py:188} INFO - [2024-05-11T15:14:50.075-0300] {dag.py:3096} INFO - Sync 1 DAGs
[2024-05-11T15:14:50.100-0300] {logging_mixin.py:188} INFO - [2024-05-11T15:14:50.099-0300] {dag.py:3954} INFO - Setting next_dagrun for example_xcom to 2021-01-01 00:00:00+00:00, run_after=2021-01-01 00:00:00+00:00
[2024-05-11T15:14:50.140-0300] {processor.py:183} INFO - Processing /home/patricia/Documentos/airflow/airflow_venv/lib/python3.10/site-packages/airflow/example_dags/example_xcom.py took 0.201 seconds
[2024-05-11T15:15:58.111-0300] {processor.py:161} INFO - Started process (PID=5069) to work on /home/patricia/Documentos/airflow/airflow_venv/lib/python3.10/site-packages/airflow/example_dags/example_xcom.py
[2024-05-11T15:15:58.113-0300] {processor.py:830} INFO - Processing file /home/patricia/Documentos/airflow/airflow_venv/lib/python3.10/site-packages/airflow/example_dags/example_xcom.py for tasks to queue
[2024-05-11T15:15:58.116-0300] {logging_mixin.py:188} INFO - [2024-05-11T15:15:58.115-0300] {dagbag.py:545} INFO - Filling up the DagBag from /home/patricia/Documentos/airflow/airflow_venv/lib/python3.10/site-packages/airflow/example_dags/example_xcom.py
[2024-05-11T15:15:58.126-0300] {processor.py:840} INFO - DAG(s) 'example_xcom' retrieved from /home/patricia/Documentos/airflow/airflow_venv/lib/python3.10/site-packages/airflow/example_dags/example_xcom.py
[2024-05-11T15:15:58.153-0300] {logging_mixin.py:188} INFO - [2024-05-11T15:15:58.152-0300] {dag.py:3096} INFO - Sync 1 DAGs
[2024-05-11T15:15:58.172-0300] {logging_mixin.py:188} INFO - [2024-05-11T15:15:58.172-0300] {dag.py:3954} INFO - Setting next_dagrun for example_xcom to 2021-01-01 00:00:00+00:00, run_after=2021-01-01 00:00:00+00:00
[2024-05-11T15:15:58.205-0300] {processor.py:183} INFO - Processing /home/patricia/Documentos/airflow/airflow_venv/lib/python3.10/site-packages/airflow/example_dags/example_xcom.py took 0.105 seconds
[2024-05-11T15:16:57.361-0300] {processor.py:161} INFO - Started process (PID=5186) to work on /home/patricia/Documentos/airflow/airflow_venv/lib/python3.10/site-packages/airflow/example_dags/example_xcom.py
[2024-05-11T15:16:57.365-0300] {processor.py:830} INFO - Processing file /home/patricia/Documentos/airflow/airflow_venv/lib/python3.10/site-packages/airflow/example_dags/example_xcom.py for tasks to queue
[2024-05-11T15:16:57.369-0300] {logging_mixin.py:188} INFO - [2024-05-11T15:16:57.367-0300] {dagbag.py:545} INFO - Filling up the DagBag from /home/patricia/Documentos/airflow/airflow_venv/lib/python3.10/site-packages/airflow/example_dags/example_xcom.py
[2024-05-11T15:16:57.379-0300] {processor.py:840} INFO - DAG(s) 'example_xcom' retrieved from /home/patricia/Documentos/airflow/airflow_venv/lib/python3.10/site-packages/airflow/example_dags/example_xcom.py
[2024-05-11T15:16:57.402-0300] {logging_mixin.py:188} INFO - [2024-05-11T15:16:57.402-0300] {dag.py:3096} INFO - Sync 1 DAGs
[2024-05-11T15:16:57.427-0300] {logging_mixin.py:188} INFO - [2024-05-11T15:16:57.426-0300] {dag.py:3954} INFO - Setting next_dagrun for example_xcom to 2021-01-01 00:00:00+00:00, run_after=2021-01-01 00:00:00+00:00
[2024-05-11T15:16:57.466-0300] {processor.py:183} INFO - Processing /home/patricia/Documentos/airflow/airflow_venv/lib/python3.10/site-packages/airflow/example_dags/example_xcom.py took 0.114 seconds
[2024-05-11T15:18:04.593-0300] {processor.py:161} INFO - Started process (PID=5344) to work on /home/patricia/Documentos/airflow/airflow_venv/lib/python3.10/site-packages/airflow/example_dags/example_xcom.py
[2024-05-11T15:18:04.596-0300] {processor.py:830} INFO - Processing file /home/patricia/Documentos/airflow/airflow_venv/lib/python3.10/site-packages/airflow/example_dags/example_xcom.py for tasks to queue
[2024-05-11T15:18:04.599-0300] {logging_mixin.py:188} INFO - [2024-05-11T15:18:04.598-0300] {dagbag.py:545} INFO - Filling up the DagBag from /home/patricia/Documentos/airflow/airflow_venv/lib/python3.10/site-packages/airflow/example_dags/example_xcom.py
[2024-05-11T15:18:04.608-0300] {processor.py:840} INFO - DAG(s) 'example_xcom' retrieved from /home/patricia/Documentos/airflow/airflow_venv/lib/python3.10/site-packages/airflow/example_dags/example_xcom.py
[2024-05-11T15:18:04.628-0300] {logging_mixin.py:188} INFO - [2024-05-11T15:18:04.628-0300] {dag.py:3096} INFO - Sync 1 DAGs
[2024-05-11T15:18:04.649-0300] {logging_mixin.py:188} INFO - [2024-05-11T15:18:04.648-0300] {dag.py:3954} INFO - Setting next_dagrun for example_xcom to 2021-01-01 00:00:00+00:00, run_after=2021-01-01 00:00:00+00:00
[2024-05-11T15:18:04.684-0300] {processor.py:183} INFO - Processing /home/patricia/Documentos/airflow/airflow_venv/lib/python3.10/site-packages/airflow/example_dags/example_xcom.py took 0.098 seconds
[2024-05-11T15:19:13.360-0300] {processor.py:161} INFO - Started process (PID=5958) to work on /home/patricia/Documentos/airflow/airflow_venv/lib/python3.10/site-packages/airflow/example_dags/example_xcom.py
[2024-05-11T15:19:13.363-0300] {processor.py:830} INFO - Processing file /home/patricia/Documentos/airflow/airflow_venv/lib/python3.10/site-packages/airflow/example_dags/example_xcom.py for tasks to queue
[2024-05-11T15:19:13.366-0300] {logging_mixin.py:188} INFO - [2024-05-11T15:19:13.366-0300] {dagbag.py:545} INFO - Filling up the DagBag from /home/patricia/Documentos/airflow/airflow_venv/lib/python3.10/site-packages/airflow/example_dags/example_xcom.py
[2024-05-11T15:19:13.377-0300] {processor.py:840} INFO - DAG(s) 'example_xcom' retrieved from /home/patricia/Documentos/airflow/airflow_venv/lib/python3.10/site-packages/airflow/example_dags/example_xcom.py
[2024-05-11T15:19:13.398-0300] {logging_mixin.py:188} INFO - [2024-05-11T15:19:13.398-0300] {dag.py:3096} INFO - Sync 1 DAGs
[2024-05-11T15:19:13.424-0300] {logging_mixin.py:188} INFO - [2024-05-11T15:19:13.424-0300] {dag.py:3954} INFO - Setting next_dagrun for example_xcom to 2021-01-01 00:00:00+00:00, run_after=2021-01-01 00:00:00+00:00
[2024-05-11T15:19:13.460-0300] {processor.py:183} INFO - Processing /home/patricia/Documentos/airflow/airflow_venv/lib/python3.10/site-packages/airflow/example_dags/example_xcom.py took 0.109 seconds
[2024-05-11T15:20:20.833-0300] {processor.py:161} INFO - Started process (PID=6102) to work on /home/patricia/Documentos/airflow/airflow_venv/lib/python3.10/site-packages/airflow/example_dags/example_xcom.py
[2024-05-11T15:20:21.021-0300] {processor.py:830} INFO - Processing file /home/patricia/Documentos/airflow/airflow_venv/lib/python3.10/site-packages/airflow/example_dags/example_xcom.py for tasks to queue
[2024-05-11T15:20:21.025-0300] {logging_mixin.py:188} INFO - [2024-05-11T15:20:21.025-0300] {dagbag.py:545} INFO - Filling up the DagBag from /home/patricia/Documentos/airflow/airflow_venv/lib/python3.10/site-packages/airflow/example_dags/example_xcom.py
[2024-05-11T15:20:21.042-0300] {processor.py:840} INFO - DAG(s) 'example_xcom' retrieved from /home/patricia/Documentos/airflow/airflow_venv/lib/python3.10/site-packages/airflow/example_dags/example_xcom.py
[2024-05-11T15:20:21.066-0300] {logging_mixin.py:188} INFO - [2024-05-11T15:20:21.066-0300] {dag.py:3096} INFO - Sync 1 DAGs
[2024-05-11T15:20:21.103-0300] {logging_mixin.py:188} INFO - [2024-05-11T15:20:21.102-0300] {dag.py:3954} INFO - Setting next_dagrun for example_xcom to 2021-01-01 00:00:00+00:00, run_after=2021-01-01 00:00:00+00:00
[2024-05-11T15:20:22.227-0300] {processor.py:183} INFO - Processing /home/patricia/Documentos/airflow/airflow_venv/lib/python3.10/site-packages/airflow/example_dags/example_xcom.py took 1.406 seconds
[2024-05-11T15:21:35.783-0300] {processor.py:161} INFO - Started process (PID=6210) to work on /home/patricia/Documentos/airflow/airflow_venv/lib/python3.10/site-packages/airflow/example_dags/example_xcom.py
[2024-05-11T15:21:35.786-0300] {processor.py:830} INFO - Processing file /home/patricia/Documentos/airflow/airflow_venv/lib/python3.10/site-packages/airflow/example_dags/example_xcom.py for tasks to queue
[2024-05-11T15:21:35.789-0300] {logging_mixin.py:188} INFO - [2024-05-11T15:21:35.789-0300] {dagbag.py:545} INFO - Filling up the DagBag from /home/patricia/Documentos/airflow/airflow_venv/lib/python3.10/site-packages/airflow/example_dags/example_xcom.py
[2024-05-11T15:21:35.818-0300] {processor.py:840} INFO - DAG(s) 'example_xcom' retrieved from /home/patricia/Documentos/airflow/airflow_venv/lib/python3.10/site-packages/airflow/example_dags/example_xcom.py
[2024-05-11T15:21:35.853-0300] {logging_mixin.py:188} INFO - [2024-05-11T15:21:35.852-0300] {dag.py:3096} INFO - Sync 1 DAGs
[2024-05-11T15:21:35.929-0300] {logging_mixin.py:188} INFO - [2024-05-11T15:21:35.928-0300] {dag.py:3954} INFO - Setting next_dagrun for example_xcom to 2021-01-01 00:00:00+00:00, run_after=2021-01-01 00:00:00+00:00
[2024-05-11T15:21:35.995-0300] {processor.py:183} INFO - Processing /home/patricia/Documentos/airflow/airflow_venv/lib/python3.10/site-packages/airflow/example_dags/example_xcom.py took 0.235 seconds
[2024-05-11T15:22:24.503-0300] {processor.py:161} INFO - Started process (PID=6309) to work on /home/patricia/Documentos/airflow/airflow_venv/lib/python3.10/site-packages/airflow/example_dags/example_xcom.py
[2024-05-11T15:22:24.506-0300] {processor.py:830} INFO - Processing file /home/patricia/Documentos/airflow/airflow_venv/lib/python3.10/site-packages/airflow/example_dags/example_xcom.py for tasks to queue
[2024-05-11T15:22:24.510-0300] {logging_mixin.py:188} INFO - [2024-05-11T15:22:24.508-0300] {dagbag.py:545} INFO - Filling up the DagBag from /home/patricia/Documentos/airflow/airflow_venv/lib/python3.10/site-packages/airflow/example_dags/example_xcom.py
[2024-05-11T15:22:24.522-0300] {processor.py:840} INFO - DAG(s) 'example_xcom' retrieved from /home/patricia/Documentos/airflow/airflow_venv/lib/python3.10/site-packages/airflow/example_dags/example_xcom.py
[2024-05-11T15:22:24.542-0300] {logging_mixin.py:188} INFO - [2024-05-11T15:22:24.541-0300] {dag.py:3096} INFO - Sync 1 DAGs
[2024-05-11T15:22:24.586-0300] {logging_mixin.py:188} INFO - [2024-05-11T15:22:24.586-0300] {dag.py:3954} INFO - Setting next_dagrun for example_xcom to 2021-01-01 00:00:00+00:00, run_after=2021-01-01 00:00:00+00:00
[2024-05-11T15:22:24.625-0300] {processor.py:183} INFO - Processing /home/patricia/Documentos/airflow/airflow_venv/lib/python3.10/site-packages/airflow/example_dags/example_xcom.py took 0.129 seconds
[2024-05-11T15:23:26.803-0300] {processor.py:161} INFO - Started process (PID=6447) to work on /home/patricia/Documentos/airflow/airflow_venv/lib/python3.10/site-packages/airflow/example_dags/example_xcom.py
[2024-05-11T15:23:26.805-0300] {processor.py:830} INFO - Processing file /home/patricia/Documentos/airflow/airflow_venv/lib/python3.10/site-packages/airflow/example_dags/example_xcom.py for tasks to queue
[2024-05-11T15:23:26.808-0300] {logging_mixin.py:188} INFO - [2024-05-11T15:23:26.808-0300] {dagbag.py:545} INFO - Filling up the DagBag from /home/patricia/Documentos/airflow/airflow_venv/lib/python3.10/site-packages/airflow/example_dags/example_xcom.py
[2024-05-11T15:23:26.818-0300] {processor.py:840} INFO - DAG(s) 'example_xcom' retrieved from /home/patricia/Documentos/airflow/airflow_venv/lib/python3.10/site-packages/airflow/example_dags/example_xcom.py
[2024-05-11T15:23:26.837-0300] {logging_mixin.py:188} INFO - [2024-05-11T15:23:26.837-0300] {dag.py:3096} INFO - Sync 1 DAGs
[2024-05-11T15:23:26.858-0300] {logging_mixin.py:188} INFO - [2024-05-11T15:23:26.858-0300] {dag.py:3954} INFO - Setting next_dagrun for example_xcom to 2021-01-01 00:00:00+00:00, run_after=2021-01-01 00:00:00+00:00
[2024-05-11T15:23:26.892-0300] {processor.py:183} INFO - Processing /home/patricia/Documentos/airflow/airflow_venv/lib/python3.10/site-packages/airflow/example_dags/example_xcom.py took 0.097 seconds
[2024-05-11T15:24:29.321-0300] {processor.py:161} INFO - Started process (PID=6565) to work on /home/patricia/Documentos/airflow/airflow_venv/lib/python3.10/site-packages/airflow/example_dags/example_xcom.py
[2024-05-11T15:24:29.323-0300] {processor.py:830} INFO - Processing file /home/patricia/Documentos/airflow/airflow_venv/lib/python3.10/site-packages/airflow/example_dags/example_xcom.py for tasks to queue
[2024-05-11T15:24:29.327-0300] {logging_mixin.py:188} INFO - [2024-05-11T15:24:29.327-0300] {dagbag.py:545} INFO - Filling up the DagBag from /home/patricia/Documentos/airflow/airflow_venv/lib/python3.10/site-packages/airflow/example_dags/example_xcom.py
[2024-05-11T15:24:29.337-0300] {processor.py:840} INFO - DAG(s) 'example_xcom' retrieved from /home/patricia/Documentos/airflow/airflow_venv/lib/python3.10/site-packages/airflow/example_dags/example_xcom.py
[2024-05-11T15:24:29.357-0300] {logging_mixin.py:188} INFO - [2024-05-11T15:24:29.357-0300] {dag.py:3096} INFO - Sync 1 DAGs
[2024-05-11T15:24:29.379-0300] {logging_mixin.py:188} INFO - [2024-05-11T15:24:29.379-0300] {dag.py:3954} INFO - Setting next_dagrun for example_xcom to 2021-01-01 00:00:00+00:00, run_after=2021-01-01 00:00:00+00:00
[2024-05-11T15:24:29.421-0300] {processor.py:183} INFO - Processing /home/patricia/Documentos/airflow/airflow_venv/lib/python3.10/site-packages/airflow/example_dags/example_xcom.py took 0.108 seconds
[2024-05-11T15:26:12.902-0300] {processor.py:161} INFO - Started process (PID=7261) to work on /home/patricia/Documentos/airflow/airflow_venv/lib/python3.10/site-packages/airflow/example_dags/example_xcom.py
[2024-05-11T15:26:12.908-0300] {processor.py:830} INFO - Processing file /home/patricia/Documentos/airflow/airflow_venv/lib/python3.10/site-packages/airflow/example_dags/example_xcom.py for tasks to queue
[2024-05-11T15:26:12.911-0300] {logging_mixin.py:188} INFO - [2024-05-11T15:26:12.911-0300] {dagbag.py:545} INFO - Filling up the DagBag from /home/patricia/Documentos/airflow/airflow_venv/lib/python3.10/site-packages/airflow/example_dags/example_xcom.py
[2024-05-11T15:26:12.937-0300] {processor.py:840} INFO - DAG(s) 'example_xcom' retrieved from /home/patricia/Documentos/airflow/airflow_venv/lib/python3.10/site-packages/airflow/example_dags/example_xcom.py
[2024-05-11T15:26:12.948-0300] {logging_mixin.py:188} INFO - [2024-05-11T15:26:12.948-0300] {dag.py:3096} INFO - Sync 1 DAGs
[2024-05-11T15:26:13.017-0300] {logging_mixin.py:188} INFO - [2024-05-11T15:26:13.017-0300] {dag.py:3954} INFO - Setting next_dagrun for example_xcom to 2021-01-01 00:00:00+00:00, run_after=2021-01-01 00:00:00+00:00
[2024-05-11T15:26:13.058-0300] {processor.py:183} INFO - Processing /home/patricia/Documentos/airflow/airflow_venv/lib/python3.10/site-packages/airflow/example_dags/example_xcom.py took 0.167 seconds
[2024-05-11T15:27:32.102-0300] {processor.py:161} INFO - Started process (PID=7653) to work on /home/patricia/Documentos/airflow/airflow_venv/lib/python3.10/site-packages/airflow/example_dags/example_xcom.py
[2024-05-11T15:27:32.105-0300] {processor.py:830} INFO - Processing file /home/patricia/Documentos/airflow/airflow_venv/lib/python3.10/site-packages/airflow/example_dags/example_xcom.py for tasks to queue
[2024-05-11T15:27:32.110-0300] {logging_mixin.py:188} INFO - [2024-05-11T15:27:32.109-0300] {dagbag.py:545} INFO - Filling up the DagBag from /home/patricia/Documentos/airflow/airflow_venv/lib/python3.10/site-packages/airflow/example_dags/example_xcom.py
[2024-05-11T15:27:32.123-0300] {processor.py:840} INFO - DAG(s) 'example_xcom' retrieved from /home/patricia/Documentos/airflow/airflow_venv/lib/python3.10/site-packages/airflow/example_dags/example_xcom.py
[2024-05-11T15:27:32.557-0300] {logging_mixin.py:188} INFO - [2024-05-11T15:27:32.556-0300] {dag.py:3096} INFO - Sync 1 DAGs
[2024-05-11T15:27:32.587-0300] {logging_mixin.py:188} INFO - [2024-05-11T15:27:32.587-0300] {dag.py:3954} INFO - Setting next_dagrun for example_xcom to 2021-01-01 00:00:00+00:00, run_after=2021-01-01 00:00:00+00:00
[2024-05-11T15:27:32.646-0300] {processor.py:183} INFO - Processing /home/patricia/Documentos/airflow/airflow_venv/lib/python3.10/site-packages/airflow/example_dags/example_xcom.py took 0.560 seconds
[2024-05-11T15:28:17.181-0300] {processor.py:161} INFO - Started process (PID=7744) to work on /home/patricia/Documentos/airflow/airflow_venv/lib/python3.10/site-packages/airflow/example_dags/example_xcom.py
[2024-05-11T15:28:17.185-0300] {processor.py:830} INFO - Processing file /home/patricia/Documentos/airflow/airflow_venv/lib/python3.10/site-packages/airflow/example_dags/example_xcom.py for tasks to queue
[2024-05-11T15:28:17.188-0300] {logging_mixin.py:188} INFO - [2024-05-11T15:28:17.188-0300] {dagbag.py:545} INFO - Filling up the DagBag from /home/patricia/Documentos/airflow/airflow_venv/lib/python3.10/site-packages/airflow/example_dags/example_xcom.py
[2024-05-11T15:28:17.227-0300] {processor.py:840} INFO - DAG(s) 'example_xcom' retrieved from /home/patricia/Documentos/airflow/airflow_venv/lib/python3.10/site-packages/airflow/example_dags/example_xcom.py
[2024-05-11T15:28:17.249-0300] {logging_mixin.py:188} INFO - [2024-05-11T15:28:17.249-0300] {dag.py:3096} INFO - Sync 1 DAGs
[2024-05-11T15:28:17.277-0300] {logging_mixin.py:188} INFO - [2024-05-11T15:28:17.277-0300] {dag.py:3954} INFO - Setting next_dagrun for example_xcom to 2021-01-01 00:00:00+00:00, run_after=2021-01-01 00:00:00+00:00
[2024-05-11T15:28:17.417-0300] {processor.py:183} INFO - Processing /home/patricia/Documentos/airflow/airflow_venv/lib/python3.10/site-packages/airflow/example_dags/example_xcom.py took 0.246 seconds
[2024-05-11T15:29:35.038-0300] {processor.py:161} INFO - Started process (PID=7897) to work on /home/patricia/Documentos/airflow/airflow_venv/lib/python3.10/site-packages/airflow/example_dags/example_xcom.py
[2024-05-11T15:29:35.042-0300] {processor.py:830} INFO - Processing file /home/patricia/Documentos/airflow/airflow_venv/lib/python3.10/site-packages/airflow/example_dags/example_xcom.py for tasks to queue
[2024-05-11T15:29:35.045-0300] {logging_mixin.py:188} INFO - [2024-05-11T15:29:35.044-0300] {dagbag.py:545} INFO - Filling up the DagBag from /home/patricia/Documentos/airflow/airflow_venv/lib/python3.10/site-packages/airflow/example_dags/example_xcom.py
[2024-05-11T15:29:35.060-0300] {processor.py:840} INFO - DAG(s) 'example_xcom' retrieved from /home/patricia/Documentos/airflow/airflow_venv/lib/python3.10/site-packages/airflow/example_dags/example_xcom.py
[2024-05-11T15:29:35.088-0300] {logging_mixin.py:188} INFO - [2024-05-11T15:29:35.087-0300] {dag.py:3096} INFO - Sync 1 DAGs
[2024-05-11T15:29:35.133-0300] {logging_mixin.py:188} INFO - [2024-05-11T15:29:35.133-0300] {dag.py:3954} INFO - Setting next_dagrun for example_xcom to 2021-01-01 00:00:00+00:00, run_after=2021-01-01 00:00:00+00:00
[2024-05-11T15:29:35.201-0300] {processor.py:183} INFO - Processing /home/patricia/Documentos/airflow/airflow_venv/lib/python3.10/site-packages/airflow/example_dags/example_xcom.py took 0.192 seconds
[2024-05-11T15:30:25.292-0300] {processor.py:161} INFO - Started process (PID=8001) to work on /home/patricia/Documentos/airflow/airflow_venv/lib/python3.10/site-packages/airflow/example_dags/example_xcom.py
[2024-05-11T15:30:25.297-0300] {processor.py:830} INFO - Processing file /home/patricia/Documentos/airflow/airflow_venv/lib/python3.10/site-packages/airflow/example_dags/example_xcom.py for tasks to queue
[2024-05-11T15:30:25.301-0300] {logging_mixin.py:188} INFO - [2024-05-11T15:30:25.300-0300] {dagbag.py:545} INFO - Filling up the DagBag from /home/patricia/Documentos/airflow/airflow_venv/lib/python3.10/site-packages/airflow/example_dags/example_xcom.py
[2024-05-11T15:30:25.313-0300] {processor.py:840} INFO - DAG(s) 'example_xcom' retrieved from /home/patricia/Documentos/airflow/airflow_venv/lib/python3.10/site-packages/airflow/example_dags/example_xcom.py
[2024-05-11T15:30:25.345-0300] {logging_mixin.py:188} INFO - [2024-05-11T15:30:25.345-0300] {dag.py:3096} INFO - Sync 1 DAGs
[2024-05-11T15:30:25.382-0300] {logging_mixin.py:188} INFO - [2024-05-11T15:30:25.382-0300] {dag.py:3954} INFO - Setting next_dagrun for example_xcom to 2021-01-01 00:00:00+00:00, run_after=2021-01-01 00:00:00+00:00
[2024-05-11T15:30:25.443-0300] {processor.py:183} INFO - Processing /home/patricia/Documentos/airflow/airflow_venv/lib/python3.10/site-packages/airflow/example_dags/example_xcom.py took 0.158 seconds
[2024-05-11T15:31:09.086-0300] {processor.py:161} INFO - Started process (PID=8132) to work on /home/patricia/Documentos/airflow/airflow_venv/lib/python3.10/site-packages/airflow/example_dags/example_xcom.py
[2024-05-11T15:31:09.090-0300] {processor.py:830} INFO - Processing file /home/patricia/Documentos/airflow/airflow_venv/lib/python3.10/site-packages/airflow/example_dags/example_xcom.py for tasks to queue
[2024-05-11T15:31:09.094-0300] {logging_mixin.py:188} INFO - [2024-05-11T15:31:09.093-0300] {dagbag.py:545} INFO - Filling up the DagBag from /home/patricia/Documentos/airflow/airflow_venv/lib/python3.10/site-packages/airflow/example_dags/example_xcom.py
[2024-05-11T15:31:09.125-0300] {processor.py:840} INFO - DAG(s) 'example_xcom' retrieved from /home/patricia/Documentos/airflow/airflow_venv/lib/python3.10/site-packages/airflow/example_dags/example_xcom.py
[2024-05-11T15:31:09.185-0300] {logging_mixin.py:188} INFO - [2024-05-11T15:31:09.183-0300] {dag.py:3096} INFO - Sync 1 DAGs
[2024-05-11T15:31:09.249-0300] {logging_mixin.py:188} INFO - [2024-05-11T15:31:09.248-0300] {dag.py:3954} INFO - Setting next_dagrun for example_xcom to 2021-01-01 00:00:00+00:00, run_after=2021-01-01 00:00:00+00:00
[2024-05-11T15:31:09.337-0300] {processor.py:183} INFO - Processing /home/patricia/Documentos/airflow/airflow_venv/lib/python3.10/site-packages/airflow/example_dags/example_xcom.py took 0.262 seconds
[2024-05-11T15:32:14.101-0300] {processor.py:161} INFO - Started process (PID=8360) to work on /home/patricia/Documentos/airflow/airflow_venv/lib/python3.10/site-packages/airflow/example_dags/example_xcom.py
[2024-05-11T15:32:14.105-0300] {processor.py:830} INFO - Processing file /home/patricia/Documentos/airflow/airflow_venv/lib/python3.10/site-packages/airflow/example_dags/example_xcom.py for tasks to queue
[2024-05-11T15:32:14.107-0300] {logging_mixin.py:188} INFO - [2024-05-11T15:32:14.107-0300] {dagbag.py:545} INFO - Filling up the DagBag from /home/patricia/Documentos/airflow/airflow_venv/lib/python3.10/site-packages/airflow/example_dags/example_xcom.py
[2024-05-11T15:32:14.118-0300] {processor.py:840} INFO - DAG(s) 'example_xcom' retrieved from /home/patricia/Documentos/airflow/airflow_venv/lib/python3.10/site-packages/airflow/example_dags/example_xcom.py
[2024-05-11T15:32:14.139-0300] {logging_mixin.py:188} INFO - [2024-05-11T15:32:14.139-0300] {dag.py:3096} INFO - Sync 1 DAGs
[2024-05-11T15:32:14.162-0300] {logging_mixin.py:188} INFO - [2024-05-11T15:32:14.162-0300] {dag.py:3954} INFO - Setting next_dagrun for example_xcom to 2021-01-01 00:00:00+00:00, run_after=2021-01-01 00:00:00+00:00
[2024-05-11T15:32:14.197-0300] {processor.py:183} INFO - Processing /home/patricia/Documentos/airflow/airflow_venv/lib/python3.10/site-packages/airflow/example_dags/example_xcom.py took 0.103 seconds
[2024-05-11T15:33:19.231-0300] {processor.py:161} INFO - Started process (PID=8680) to work on /home/patricia/Documentos/airflow/airflow_venv/lib/python3.10/site-packages/airflow/example_dags/example_xcom.py
[2024-05-11T15:33:19.233-0300] {processor.py:830} INFO - Processing file /home/patricia/Documentos/airflow/airflow_venv/lib/python3.10/site-packages/airflow/example_dags/example_xcom.py for tasks to queue
[2024-05-11T15:33:19.235-0300] {logging_mixin.py:188} INFO - [2024-05-11T15:33:19.234-0300] {dagbag.py:545} INFO - Filling up the DagBag from /home/patricia/Documentos/airflow/airflow_venv/lib/python3.10/site-packages/airflow/example_dags/example_xcom.py
[2024-05-11T15:33:19.245-0300] {processor.py:840} INFO - DAG(s) 'example_xcom' retrieved from /home/patricia/Documentos/airflow/airflow_venv/lib/python3.10/site-packages/airflow/example_dags/example_xcom.py
[2024-05-11T15:33:19.263-0300] {logging_mixin.py:188} INFO - [2024-05-11T15:33:19.263-0300] {dag.py:3096} INFO - Sync 1 DAGs
[2024-05-11T15:33:19.284-0300] {logging_mixin.py:188} INFO - [2024-05-11T15:33:19.283-0300] {dag.py:3954} INFO - Setting next_dagrun for example_xcom to 2021-01-01 00:00:00+00:00, run_after=2021-01-01 00:00:00+00:00
[2024-05-11T15:33:19.315-0300] {processor.py:183} INFO - Processing /home/patricia/Documentos/airflow/airflow_venv/lib/python3.10/site-packages/airflow/example_dags/example_xcom.py took 0.095 seconds
[2024-05-11T15:34:33.784-0300] {processor.py:161} INFO - Started process (PID=9326) to work on /home/patricia/Documentos/airflow/airflow_venv/lib/python3.10/site-packages/airflow/example_dags/example_xcom.py
[2024-05-11T15:34:33.786-0300] {processor.py:830} INFO - Processing file /home/patricia/Documentos/airflow/airflow_venv/lib/python3.10/site-packages/airflow/example_dags/example_xcom.py for tasks to queue
[2024-05-11T15:34:33.789-0300] {logging_mixin.py:188} INFO - [2024-05-11T15:34:33.788-0300] {dagbag.py:545} INFO - Filling up the DagBag from /home/patricia/Documentos/airflow/airflow_venv/lib/python3.10/site-packages/airflow/example_dags/example_xcom.py
[2024-05-11T15:34:33.798-0300] {processor.py:840} INFO - DAG(s) 'example_xcom' retrieved from /home/patricia/Documentos/airflow/airflow_venv/lib/python3.10/site-packages/airflow/example_dags/example_xcom.py
[2024-05-11T15:34:33.817-0300] {logging_mixin.py:188} INFO - [2024-05-11T15:34:33.817-0300] {dag.py:3096} INFO - Sync 1 DAGs
[2024-05-11T15:34:33.838-0300] {logging_mixin.py:188} INFO - [2024-05-11T15:34:33.838-0300] {dag.py:3954} INFO - Setting next_dagrun for example_xcom to 2021-01-01 00:00:00+00:00, run_after=2021-01-01 00:00:00+00:00
[2024-05-11T15:34:33.875-0300] {processor.py:183} INFO - Processing /home/patricia/Documentos/airflow/airflow_venv/lib/python3.10/site-packages/airflow/example_dags/example_xcom.py took 0.099 seconds
[2024-05-11T15:35:47.198-0300] {processor.py:161} INFO - Started process (PID=9532) to work on /home/patricia/Documentos/airflow/airflow_venv/lib/python3.10/site-packages/airflow/example_dags/example_xcom.py
[2024-05-11T15:35:47.203-0300] {processor.py:830} INFO - Processing file /home/patricia/Documentos/airflow/airflow_venv/lib/python3.10/site-packages/airflow/example_dags/example_xcom.py for tasks to queue
[2024-05-11T15:35:47.209-0300] {logging_mixin.py:188} INFO - [2024-05-11T15:35:47.207-0300] {dagbag.py:545} INFO - Filling up the DagBag from /home/patricia/Documentos/airflow/airflow_venv/lib/python3.10/site-packages/airflow/example_dags/example_xcom.py
[2024-05-11T15:35:47.235-0300] {processor.py:840} INFO - DAG(s) 'example_xcom' retrieved from /home/patricia/Documentos/airflow/airflow_venv/lib/python3.10/site-packages/airflow/example_dags/example_xcom.py
[2024-05-11T15:35:47.287-0300] {logging_mixin.py:188} INFO - [2024-05-11T15:35:47.286-0300] {dag.py:3096} INFO - Sync 1 DAGs
[2024-05-11T15:35:47.346-0300] {logging_mixin.py:188} INFO - [2024-05-11T15:35:47.345-0300] {dag.py:3954} INFO - Setting next_dagrun for example_xcom to 2021-01-01 00:00:00+00:00, run_after=2021-01-01 00:00:00+00:00
[2024-05-11T15:35:47.439-0300] {processor.py:183} INFO - Processing /home/patricia/Documentos/airflow/airflow_venv/lib/python3.10/site-packages/airflow/example_dags/example_xcom.py took 0.260 seconds
[2024-05-11T15:37:10.026-0300] {processor.py:161} INFO - Started process (PID=9801) to work on /home/patricia/Documentos/airflow/airflow_venv/lib/python3.10/site-packages/airflow/example_dags/example_xcom.py
[2024-05-11T15:37:10.030-0300] {processor.py:830} INFO - Processing file /home/patricia/Documentos/airflow/airflow_venv/lib/python3.10/site-packages/airflow/example_dags/example_xcom.py for tasks to queue
[2024-05-11T15:37:10.035-0300] {logging_mixin.py:188} INFO - [2024-05-11T15:37:10.034-0300] {dagbag.py:545} INFO - Filling up the DagBag from /home/patricia/Documentos/airflow/airflow_venv/lib/python3.10/site-packages/airflow/example_dags/example_xcom.py
[2024-05-11T15:37:10.082-0300] {processor.py:840} INFO - DAG(s) 'example_xcom' retrieved from /home/patricia/Documentos/airflow/airflow_venv/lib/python3.10/site-packages/airflow/example_dags/example_xcom.py
[2024-05-11T15:37:10.114-0300] {logging_mixin.py:188} INFO - [2024-05-11T15:37:10.113-0300] {dag.py:3096} INFO - Sync 1 DAGs
[2024-05-11T15:37:10.143-0300] {logging_mixin.py:188} INFO - [2024-05-11T15:37:10.142-0300] {dag.py:3954} INFO - Setting next_dagrun for example_xcom to 2021-01-01 00:00:00+00:00, run_after=2021-01-01 00:00:00+00:00
[2024-05-11T15:37:10.183-0300] {processor.py:183} INFO - Processing /home/patricia/Documentos/airflow/airflow_venv/lib/python3.10/site-packages/airflow/example_dags/example_xcom.py took 0.180 seconds
[2024-05-11T15:38:33.654-0300] {processor.py:161} INFO - Started process (PID=9945) to work on /home/patricia/Documentos/airflow/airflow_venv/lib/python3.10/site-packages/airflow/example_dags/example_xcom.py
[2024-05-11T15:38:33.657-0300] {processor.py:830} INFO - Processing file /home/patricia/Documentos/airflow/airflow_venv/lib/python3.10/site-packages/airflow/example_dags/example_xcom.py for tasks to queue
[2024-05-11T15:38:33.659-0300] {logging_mixin.py:188} INFO - [2024-05-11T15:38:33.658-0300] {dagbag.py:545} INFO - Filling up the DagBag from /home/patricia/Documentos/airflow/airflow_venv/lib/python3.10/site-packages/airflow/example_dags/example_xcom.py
[2024-05-11T15:38:33.669-0300] {processor.py:840} INFO - DAG(s) 'example_xcom' retrieved from /home/patricia/Documentos/airflow/airflow_venv/lib/python3.10/site-packages/airflow/example_dags/example_xcom.py
[2024-05-11T15:38:33.688-0300] {logging_mixin.py:188} INFO - [2024-05-11T15:38:33.687-0300] {dag.py:3096} INFO - Sync 1 DAGs
[2024-05-11T15:38:33.708-0300] {logging_mixin.py:188} INFO - [2024-05-11T15:38:33.708-0300] {dag.py:3954} INFO - Setting next_dagrun for example_xcom to 2021-01-01 00:00:00+00:00, run_after=2021-01-01 00:00:00+00:00
[2024-05-11T15:38:33.747-0300] {processor.py:183} INFO - Processing /home/patricia/Documentos/airflow/airflow_venv/lib/python3.10/site-packages/airflow/example_dags/example_xcom.py took 0.100 seconds
[2024-05-11T15:39:32.532-0300] {processor.py:161} INFO - Started process (PID=10051) to work on /home/patricia/Documentos/airflow/airflow_venv/lib/python3.10/site-packages/airflow/example_dags/example_xcom.py
[2024-05-11T15:39:32.534-0300] {processor.py:830} INFO - Processing file /home/patricia/Documentos/airflow/airflow_venv/lib/python3.10/site-packages/airflow/example_dags/example_xcom.py for tasks to queue
[2024-05-11T15:39:32.537-0300] {logging_mixin.py:188} INFO - [2024-05-11T15:39:32.536-0300] {dagbag.py:545} INFO - Filling up the DagBag from /home/patricia/Documentos/airflow/airflow_venv/lib/python3.10/site-packages/airflow/example_dags/example_xcom.py
[2024-05-11T15:39:32.551-0300] {processor.py:840} INFO - DAG(s) 'example_xcom' retrieved from /home/patricia/Documentos/airflow/airflow_venv/lib/python3.10/site-packages/airflow/example_dags/example_xcom.py
[2024-05-11T15:39:32.581-0300] {logging_mixin.py:188} INFO - [2024-05-11T15:39:32.581-0300] {dag.py:3096} INFO - Sync 1 DAGs
[2024-05-11T15:39:32.600-0300] {logging_mixin.py:188} INFO - [2024-05-11T15:39:32.600-0300] {dag.py:3954} INFO - Setting next_dagrun for example_xcom to 2021-01-01 00:00:00+00:00, run_after=2021-01-01 00:00:00+00:00
[2024-05-11T15:39:32.641-0300] {processor.py:183} INFO - Processing /home/patricia/Documentos/airflow/airflow_venv/lib/python3.10/site-packages/airflow/example_dags/example_xcom.py took 0.117 seconds
[2024-05-11T15:40:50.065-0300] {processor.py:161} INFO - Started process (PID=10606) to work on /home/patricia/Documentos/airflow/airflow_venv/lib/python3.10/site-packages/airflow/example_dags/example_xcom.py
[2024-05-11T15:40:50.069-0300] {processor.py:830} INFO - Processing file /home/patricia/Documentos/airflow/airflow_venv/lib/python3.10/site-packages/airflow/example_dags/example_xcom.py for tasks to queue
[2024-05-11T15:40:50.071-0300] {logging_mixin.py:188} INFO - [2024-05-11T15:40:50.071-0300] {dagbag.py:545} INFO - Filling up the DagBag from /home/patricia/Documentos/airflow/airflow_venv/lib/python3.10/site-packages/airflow/example_dags/example_xcom.py
[2024-05-11T15:40:50.085-0300] {processor.py:840} INFO - DAG(s) 'example_xcom' retrieved from /home/patricia/Documentos/airflow/airflow_venv/lib/python3.10/site-packages/airflow/example_dags/example_xcom.py
[2024-05-11T15:40:50.116-0300] {logging_mixin.py:188} INFO - [2024-05-11T15:40:50.116-0300] {dag.py:3096} INFO - Sync 1 DAGs
[2024-05-11T15:40:50.153-0300] {logging_mixin.py:188} INFO - [2024-05-11T15:40:50.152-0300] {dag.py:3954} INFO - Setting next_dagrun for example_xcom to 2021-01-01 00:00:00+00:00, run_after=2021-01-01 00:00:00+00:00
[2024-05-11T15:40:50.211-0300] {processor.py:183} INFO - Processing /home/patricia/Documentos/airflow/airflow_venv/lib/python3.10/site-packages/airflow/example_dags/example_xcom.py took 0.188 seconds
[2024-05-11T16:28:04.395-0300] {processor.py:161} INFO - Started process (PID=10957) to work on /home/patricia/Documentos/airflow/airflow_venv/lib/python3.10/site-packages/airflow/example_dags/example_xcom.py
[2024-05-11T16:28:04.405-0300] {processor.py:830} INFO - Processing file /home/patricia/Documentos/airflow/airflow_venv/lib/python3.10/site-packages/airflow/example_dags/example_xcom.py for tasks to queue
[2024-05-11T16:28:04.415-0300] {logging_mixin.py:188} INFO - [2024-05-11T16:28:04.414-0300] {dagbag.py:545} INFO - Filling up the DagBag from /home/patricia/Documentos/airflow/airflow_venv/lib/python3.10/site-packages/airflow/example_dags/example_xcom.py
[2024-05-11T16:28:04.436-0300] {processor.py:840} INFO - DAG(s) 'example_xcom' retrieved from /home/patricia/Documentos/airflow/airflow_venv/lib/python3.10/site-packages/airflow/example_dags/example_xcom.py
[2024-05-11T16:28:04.456-0300] {logging_mixin.py:188} INFO - [2024-05-11T16:28:04.455-0300] {dag.py:3096} INFO - Sync 1 DAGs
[2024-05-11T16:28:04.507-0300] {logging_mixin.py:188} INFO - [2024-05-11T16:28:04.506-0300] {dag.py:3954} INFO - Setting next_dagrun for example_xcom to 2021-01-01 00:00:00+00:00, run_after=2021-01-01 00:00:00+00:00
[2024-05-11T16:28:04.574-0300] {processor.py:183} INFO - Processing /home/patricia/Documentos/airflow/airflow_venv/lib/python3.10/site-packages/airflow/example_dags/example_xcom.py took 0.210 seconds
[2024-05-11T16:30:17.688-0300] {processor.py:161} INFO - Started process (PID=11227) to work on /home/patricia/Documentos/airflow/airflow_venv/lib/python3.10/site-packages/airflow/example_dags/example_xcom.py
[2024-05-11T16:30:17.703-0300] {processor.py:830} INFO - Processing file /home/patricia/Documentos/airflow/airflow_venv/lib/python3.10/site-packages/airflow/example_dags/example_xcom.py for tasks to queue
[2024-05-11T16:30:17.714-0300] {logging_mixin.py:188} INFO - [2024-05-11T16:30:17.711-0300] {dagbag.py:545} INFO - Filling up the DagBag from /home/patricia/Documentos/airflow/airflow_venv/lib/python3.10/site-packages/airflow/example_dags/example_xcom.py
[2024-05-11T16:30:17.740-0300] {processor.py:840} INFO - DAG(s) 'example_xcom' retrieved from /home/patricia/Documentos/airflow/airflow_venv/lib/python3.10/site-packages/airflow/example_dags/example_xcom.py
[2024-05-11T16:30:18.108-0300] {logging_mixin.py:188} INFO - [2024-05-11T16:30:18.108-0300] {dag.py:3096} INFO - Sync 1 DAGs
[2024-05-11T16:30:18.148-0300] {logging_mixin.py:188} INFO - [2024-05-11T16:30:18.148-0300] {dag.py:3954} INFO - Setting next_dagrun for example_xcom to 2021-01-01 00:00:00+00:00, run_after=2021-01-01 00:00:00+00:00
[2024-05-11T16:30:18.223-0300] {processor.py:183} INFO - Processing /home/patricia/Documentos/airflow/airflow_venv/lib/python3.10/site-packages/airflow/example_dags/example_xcom.py took 0.558 seconds
[2024-05-11T16:31:38.263-0300] {processor.py:161} INFO - Started process (PID=11373) to work on /home/patricia/Documentos/airflow/airflow_venv/lib/python3.10/site-packages/airflow/example_dags/example_xcom.py
[2024-05-11T16:31:38.269-0300] {processor.py:830} INFO - Processing file /home/patricia/Documentos/airflow/airflow_venv/lib/python3.10/site-packages/airflow/example_dags/example_xcom.py for tasks to queue
[2024-05-11T16:31:38.275-0300] {logging_mixin.py:188} INFO - [2024-05-11T16:31:38.274-0300] {dagbag.py:545} INFO - Filling up the DagBag from /home/patricia/Documentos/airflow/airflow_venv/lib/python3.10/site-packages/airflow/example_dags/example_xcom.py
[2024-05-11T16:31:38.294-0300] {processor.py:840} INFO - DAG(s) 'example_xcom' retrieved from /home/patricia/Documentos/airflow/airflow_venv/lib/python3.10/site-packages/airflow/example_dags/example_xcom.py
[2024-05-11T16:31:38.373-0300] {logging_mixin.py:188} INFO - [2024-05-11T16:31:38.372-0300] {dag.py:3096} INFO - Sync 1 DAGs
[2024-05-11T16:31:38.576-0300] {logging_mixin.py:188} INFO - [2024-05-11T16:31:38.576-0300] {dag.py:3954} INFO - Setting next_dagrun for example_xcom to 2021-01-01 00:00:00+00:00, run_after=2021-01-01 00:00:00+00:00
[2024-05-11T16:31:38.660-0300] {processor.py:183} INFO - Processing /home/patricia/Documentos/airflow/airflow_venv/lib/python3.10/site-packages/airflow/example_dags/example_xcom.py took 0.413 seconds
[2024-05-11T16:32:43.118-0300] {processor.py:161} INFO - Started process (PID=11485) to work on /home/patricia/Documentos/airflow/airflow_venv/lib/python3.10/site-packages/airflow/example_dags/example_xcom.py
[2024-05-11T16:32:43.122-0300] {processor.py:830} INFO - Processing file /home/patricia/Documentos/airflow/airflow_venv/lib/python3.10/site-packages/airflow/example_dags/example_xcom.py for tasks to queue
[2024-05-11T16:32:43.135-0300] {logging_mixin.py:188} INFO - [2024-05-11T16:32:43.134-0300] {dagbag.py:545} INFO - Filling up the DagBag from /home/patricia/Documentos/airflow/airflow_venv/lib/python3.10/site-packages/airflow/example_dags/example_xcom.py
[2024-05-11T16:32:43.518-0300] {processor.py:840} INFO - DAG(s) 'example_xcom' retrieved from /home/patricia/Documentos/airflow/airflow_venv/lib/python3.10/site-packages/airflow/example_dags/example_xcom.py
[2024-05-11T16:32:43.549-0300] {logging_mixin.py:188} INFO - [2024-05-11T16:32:43.549-0300] {dag.py:3096} INFO - Sync 1 DAGs
[2024-05-11T16:32:43.581-0300] {logging_mixin.py:188} INFO - [2024-05-11T16:32:43.580-0300] {dag.py:3954} INFO - Setting next_dagrun for example_xcom to 2021-01-01 00:00:00+00:00, run_after=2021-01-01 00:00:00+00:00
[2024-05-11T16:32:43.755-0300] {processor.py:183} INFO - Processing /home/patricia/Documentos/airflow/airflow_venv/lib/python3.10/site-packages/airflow/example_dags/example_xcom.py took 0.679 seconds
[2024-05-11T16:33:37.987-0300] {processor.py:161} INFO - Started process (PID=11632) to work on /home/patricia/Documentos/airflow/airflow_venv/lib/python3.10/site-packages/airflow/example_dags/example_xcom.py
[2024-05-11T16:33:38.008-0300] {processor.py:830} INFO - Processing file /home/patricia/Documentos/airflow/airflow_venv/lib/python3.10/site-packages/airflow/example_dags/example_xcom.py for tasks to queue
[2024-05-11T16:33:38.067-0300] {logging_mixin.py:188} INFO - [2024-05-11T16:33:38.066-0300] {dagbag.py:545} INFO - Filling up the DagBag from /home/patricia/Documentos/airflow/airflow_venv/lib/python3.10/site-packages/airflow/example_dags/example_xcom.py
[2024-05-11T16:33:38.195-0300] {processor.py:840} INFO - DAG(s) 'example_xcom' retrieved from /home/patricia/Documentos/airflow/airflow_venv/lib/python3.10/site-packages/airflow/example_dags/example_xcom.py
[2024-05-11T16:33:38.349-0300] {logging_mixin.py:188} INFO - [2024-05-11T16:33:38.349-0300] {dag.py:3096} INFO - Sync 1 DAGs
[2024-05-11T16:33:38.511-0300] {logging_mixin.py:188} INFO - [2024-05-11T16:33:38.510-0300] {dag.py:3954} INFO - Setting next_dagrun for example_xcom to 2021-01-01 00:00:00+00:00, run_after=2021-01-01 00:00:00+00:00
[2024-05-11T16:33:38.717-0300] {processor.py:183} INFO - Processing /home/patricia/Documentos/airflow/airflow_venv/lib/python3.10/site-packages/airflow/example_dags/example_xcom.py took 0.782 seconds
[2024-05-11T16:34:30.298-0300] {processor.py:161} INFO - Started process (PID=11727) to work on /home/patricia/Documentos/airflow/airflow_venv/lib/python3.10/site-packages/airflow/example_dags/example_xcom.py
[2024-05-11T16:34:30.306-0300] {processor.py:830} INFO - Processing file /home/patricia/Documentos/airflow/airflow_venv/lib/python3.10/site-packages/airflow/example_dags/example_xcom.py for tasks to queue
[2024-05-11T16:34:30.311-0300] {logging_mixin.py:188} INFO - [2024-05-11T16:34:30.310-0300] {dagbag.py:545} INFO - Filling up the DagBag from /home/patricia/Documentos/airflow/airflow_venv/lib/python3.10/site-packages/airflow/example_dags/example_xcom.py
[2024-05-11T16:34:30.367-0300] {processor.py:840} INFO - DAG(s) 'example_xcom' retrieved from /home/patricia/Documentos/airflow/airflow_venv/lib/python3.10/site-packages/airflow/example_dags/example_xcom.py
[2024-05-11T16:34:30.454-0300] {logging_mixin.py:188} INFO - [2024-05-11T16:34:30.441-0300] {dag.py:3096} INFO - Sync 1 DAGs
[2024-05-11T16:34:30.517-0300] {logging_mixin.py:188} INFO - [2024-05-11T16:34:30.516-0300] {dag.py:3954} INFO - Setting next_dagrun for example_xcom to 2021-01-01 00:00:00+00:00, run_after=2021-01-01 00:00:00+00:00
[2024-05-11T16:34:30.586-0300] {processor.py:183} INFO - Processing /home/patricia/Documentos/airflow/airflow_venv/lib/python3.10/site-packages/airflow/example_dags/example_xcom.py took 0.310 seconds
[2024-05-11T16:35:16.613-0300] {processor.py:161} INFO - Started process (PID=11800) to work on /home/patricia/Documentos/airflow/airflow_venv/lib/python3.10/site-packages/airflow/example_dags/example_xcom.py
[2024-05-11T16:35:16.622-0300] {processor.py:830} INFO - Processing file /home/patricia/Documentos/airflow/airflow_venv/lib/python3.10/site-packages/airflow/example_dags/example_xcom.py for tasks to queue
[2024-05-11T16:35:16.627-0300] {logging_mixin.py:188} INFO - [2024-05-11T16:35:16.626-0300] {dagbag.py:545} INFO - Filling up the DagBag from /home/patricia/Documentos/airflow/airflow_venv/lib/python3.10/site-packages/airflow/example_dags/example_xcom.py
[2024-05-11T16:35:16.648-0300] {processor.py:840} INFO - DAG(s) 'example_xcom' retrieved from /home/patricia/Documentos/airflow/airflow_venv/lib/python3.10/site-packages/airflow/example_dags/example_xcom.py
[2024-05-11T16:35:16.698-0300] {logging_mixin.py:188} INFO - [2024-05-11T16:35:16.697-0300] {dag.py:3096} INFO - Sync 1 DAGs
[2024-05-11T16:35:16.756-0300] {logging_mixin.py:188} INFO - [2024-05-11T16:35:16.756-0300] {dag.py:3954} INFO - Setting next_dagrun for example_xcom to 2021-01-01 00:00:00+00:00, run_after=2021-01-01 00:00:00+00:00
[2024-05-11T16:35:16.834-0300] {processor.py:183} INFO - Processing /home/patricia/Documentos/airflow/airflow_venv/lib/python3.10/site-packages/airflow/example_dags/example_xcom.py took 0.282 seconds
[2024-05-11T16:36:07.693-0300] {processor.py:161} INFO - Started process (PID=11873) to work on /home/patricia/Documentos/airflow/airflow_venv/lib/python3.10/site-packages/airflow/example_dags/example_xcom.py
[2024-05-11T16:36:07.714-0300] {processor.py:830} INFO - Processing file /home/patricia/Documentos/airflow/airflow_venv/lib/python3.10/site-packages/airflow/example_dags/example_xcom.py for tasks to queue
[2024-05-11T16:36:07.726-0300] {logging_mixin.py:188} INFO - [2024-05-11T16:36:07.723-0300] {dagbag.py:545} INFO - Filling up the DagBag from /home/patricia/Documentos/airflow/airflow_venv/lib/python3.10/site-packages/airflow/example_dags/example_xcom.py
[2024-05-11T16:36:07.950-0300] {processor.py:840} INFO - DAG(s) 'example_xcom' retrieved from /home/patricia/Documentos/airflow/airflow_venv/lib/python3.10/site-packages/airflow/example_dags/example_xcom.py
[2024-05-11T16:36:08.037-0300] {logging_mixin.py:188} INFO - [2024-05-11T16:36:08.036-0300] {dag.py:3096} INFO - Sync 1 DAGs
[2024-05-11T16:36:08.301-0300] {logging_mixin.py:188} INFO - [2024-05-11T16:36:08.296-0300] {dag.py:3954} INFO - Setting next_dagrun for example_xcom to 2021-01-01 00:00:00+00:00, run_after=2021-01-01 00:00:00+00:00
[2024-05-11T16:36:08.633-0300] {processor.py:183} INFO - Processing /home/patricia/Documentos/airflow/airflow_venv/lib/python3.10/site-packages/airflow/example_dags/example_xcom.py took 0.968 seconds
[2024-05-11T16:36:55.329-0300] {processor.py:161} INFO - Started process (PID=11951) to work on /home/patricia/Documentos/airflow/airflow_venv/lib/python3.10/site-packages/airflow/example_dags/example_xcom.py
[2024-05-11T16:36:55.336-0300] {processor.py:830} INFO - Processing file /home/patricia/Documentos/airflow/airflow_venv/lib/python3.10/site-packages/airflow/example_dags/example_xcom.py for tasks to queue
[2024-05-11T16:36:55.341-0300] {logging_mixin.py:188} INFO - [2024-05-11T16:36:55.340-0300] {dagbag.py:545} INFO - Filling up the DagBag from /home/patricia/Documentos/airflow/airflow_venv/lib/python3.10/site-packages/airflow/example_dags/example_xcom.py
[2024-05-11T16:36:55.363-0300] {processor.py:840} INFO - DAG(s) 'example_xcom' retrieved from /home/patricia/Documentos/airflow/airflow_venv/lib/python3.10/site-packages/airflow/example_dags/example_xcom.py
[2024-05-11T16:36:55.408-0300] {logging_mixin.py:188} INFO - [2024-05-11T16:36:55.407-0300] {dag.py:3096} INFO - Sync 1 DAGs
[2024-05-11T16:36:55.453-0300] {logging_mixin.py:188} INFO - [2024-05-11T16:36:55.452-0300] {dag.py:3954} INFO - Setting next_dagrun for example_xcom to 2021-01-01 00:00:00+00:00, run_after=2021-01-01 00:00:00+00:00
[2024-05-11T16:36:55.515-0300] {processor.py:183} INFO - Processing /home/patricia/Documentos/airflow/airflow_venv/lib/python3.10/site-packages/airflow/example_dags/example_xcom.py took 0.202 seconds
