[2024-05-11T15:11:04.681-0300] {processor.py:161} INFO - Started process (PID=4472) to work on /home/patricia/Documentos/airflow/airflow_venv/lib/python3.10/site-packages/airflow/example_dags/example_short_circuit_decorator.py
[2024-05-11T15:11:04.683-0300] {processor.py:830} INFO - Processing file /home/patricia/Documentos/airflow/airflow_venv/lib/python3.10/site-packages/airflow/example_dags/example_short_circuit_decorator.py for tasks to queue
[2024-05-11T15:11:04.687-0300] {logging_mixin.py:188} INFO - [2024-05-11T15:11:04.686-0300] {dagbag.py:545} INFO - Filling up the DagBag from /home/patricia/Documentos/airflow/airflow_venv/lib/python3.10/site-packages/airflow/example_dags/example_short_circuit_decorator.py
[2024-05-11T15:11:04.707-0300] {processor.py:840} INFO - DAG(s) 'example_short_circuit_decorator' retrieved from /home/patricia/Documentos/airflow/airflow_venv/lib/python3.10/site-packages/airflow/example_dags/example_short_circuit_decorator.py
[2024-05-11T15:11:04.720-0300] {logging_mixin.py:188} INFO - [2024-05-11T15:11:04.720-0300] {dag.py:3096} INFO - Sync 1 DAGs
[2024-05-11T15:11:04.741-0300] {logging_mixin.py:188} INFO - [2024-05-11T15:11:04.741-0300] {dag.py:3954} INFO - Setting next_dagrun for example_short_circuit_decorator to 2024-05-10 00:00:00+00:00, run_after=2024-05-11 00:00:00+00:00
[2024-05-11T15:11:04.774-0300] {processor.py:183} INFO - Processing /home/patricia/Documentos/airflow/airflow_venv/lib/python3.10/site-packages/airflow/example_dags/example_short_circuit_decorator.py took 0.103 seconds
[2024-05-11T15:12:24.809-0300] {processor.py:161} INFO - Started process (PID=4655) to work on /home/patricia/Documentos/airflow/airflow_venv/lib/python3.10/site-packages/airflow/example_dags/example_short_circuit_decorator.py
[2024-05-11T15:12:24.824-0300] {processor.py:830} INFO - Processing file /home/patricia/Documentos/airflow/airflow_venv/lib/python3.10/site-packages/airflow/example_dags/example_short_circuit_decorator.py for tasks to queue
[2024-05-11T15:12:24.828-0300] {logging_mixin.py:188} INFO - [2024-05-11T15:12:24.827-0300] {dagbag.py:545} INFO - Filling up the DagBag from /home/patricia/Documentos/airflow/airflow_venv/lib/python3.10/site-packages/airflow/example_dags/example_short_circuit_decorator.py
[2024-05-11T15:12:24.840-0300] {processor.py:840} INFO - DAG(s) 'example_short_circuit_decorator' retrieved from /home/patricia/Documentos/airflow/airflow_venv/lib/python3.10/site-packages/airflow/example_dags/example_short_circuit_decorator.py
[2024-05-11T15:12:25.060-0300] {logging_mixin.py:188} INFO - [2024-05-11T15:12:25.060-0300] {dag.py:3096} INFO - Sync 1 DAGs
[2024-05-11T15:12:25.077-0300] {logging_mixin.py:188} INFO - [2024-05-11T15:12:25.077-0300] {dag.py:3954} INFO - Setting next_dagrun for example_short_circuit_decorator to 2024-05-10 00:00:00+00:00, run_after=2024-05-11 00:00:00+00:00
[2024-05-11T15:12:25.127-0300] {processor.py:183} INFO - Processing /home/patricia/Documentos/airflow/airflow_venv/lib/python3.10/site-packages/airflow/example_dags/example_short_circuit_decorator.py took 0.343 seconds
[2024-05-11T15:13:56.373-0300] {processor.py:161} INFO - Started process (PID=4786) to work on /home/patricia/Documentos/airflow/airflow_venv/lib/python3.10/site-packages/airflow/example_dags/example_short_circuit_decorator.py
[2024-05-11T15:13:56.378-0300] {processor.py:830} INFO - Processing file /home/patricia/Documentos/airflow/airflow_venv/lib/python3.10/site-packages/airflow/example_dags/example_short_circuit_decorator.py for tasks to queue
[2024-05-11T15:13:56.384-0300] {logging_mixin.py:188} INFO - [2024-05-11T15:13:56.383-0300] {dagbag.py:545} INFO - Filling up the DagBag from /home/patricia/Documentos/airflow/airflow_venv/lib/python3.10/site-packages/airflow/example_dags/example_short_circuit_decorator.py
[2024-05-11T15:13:56.407-0300] {processor.py:840} INFO - DAG(s) 'example_short_circuit_decorator' retrieved from /home/patricia/Documentos/airflow/airflow_venv/lib/python3.10/site-packages/airflow/example_dags/example_short_circuit_decorator.py
[2024-05-11T15:13:56.451-0300] {logging_mixin.py:188} INFO - [2024-05-11T15:13:56.450-0300] {dag.py:3096} INFO - Sync 1 DAGs
[2024-05-11T15:13:56.499-0300] {logging_mixin.py:188} INFO - [2024-05-11T15:13:56.499-0300] {dag.py:3954} INFO - Setting next_dagrun for example_short_circuit_decorator to 2024-05-10 00:00:00+00:00, run_after=2024-05-11 00:00:00+00:00
[2024-05-11T15:13:56.570-0300] {processor.py:183} INFO - Processing /home/patricia/Documentos/airflow/airflow_venv/lib/python3.10/site-packages/airflow/example_dags/example_short_circuit_decorator.py took 0.213 seconds
[2024-05-11T15:14:44.645-0300] {processor.py:161} INFO - Started process (PID=4910) to work on /home/patricia/Documentos/airflow/airflow_venv/lib/python3.10/site-packages/airflow/example_dags/example_short_circuit_decorator.py
[2024-05-11T15:14:44.647-0300] {processor.py:830} INFO - Processing file /home/patricia/Documentos/airflow/airflow_venv/lib/python3.10/site-packages/airflow/example_dags/example_short_circuit_decorator.py for tasks to queue
[2024-05-11T15:14:44.650-0300] {logging_mixin.py:188} INFO - [2024-05-11T15:14:44.649-0300] {dagbag.py:545} INFO - Filling up the DagBag from /home/patricia/Documentos/airflow/airflow_venv/lib/python3.10/site-packages/airflow/example_dags/example_short_circuit_decorator.py
[2024-05-11T15:14:44.661-0300] {processor.py:840} INFO - DAG(s) 'example_short_circuit_decorator' retrieved from /home/patricia/Documentos/airflow/airflow_venv/lib/python3.10/site-packages/airflow/example_dags/example_short_circuit_decorator.py
[2024-05-11T15:14:44.681-0300] {logging_mixin.py:188} INFO - [2024-05-11T15:14:44.681-0300] {dag.py:3096} INFO - Sync 1 DAGs
[2024-05-11T15:14:44.799-0300] {logging_mixin.py:188} INFO - [2024-05-11T15:14:44.799-0300] {dag.py:3954} INFO - Setting next_dagrun for example_short_circuit_decorator to 2024-05-10 00:00:00+00:00, run_after=2024-05-11 00:00:00+00:00
[2024-05-11T15:14:44.834-0300] {processor.py:183} INFO - Processing /home/patricia/Documentos/airflow/airflow_venv/lib/python3.10/site-packages/airflow/example_dags/example_short_circuit_decorator.py took 0.196 seconds
[2024-05-11T15:15:24.657-0300] {processor.py:161} INFO - Started process (PID=5000) to work on /home/patricia/Documentos/airflow/airflow_venv/lib/python3.10/site-packages/airflow/example_dags/example_short_circuit_decorator.py
[2024-05-11T15:15:24.661-0300] {processor.py:830} INFO - Processing file /home/patricia/Documentos/airflow/airflow_venv/lib/python3.10/site-packages/airflow/example_dags/example_short_circuit_decorator.py for tasks to queue
[2024-05-11T15:15:24.666-0300] {logging_mixin.py:188} INFO - [2024-05-11T15:15:24.665-0300] {dagbag.py:545} INFO - Filling up the DagBag from /home/patricia/Documentos/airflow/airflow_venv/lib/python3.10/site-packages/airflow/example_dags/example_short_circuit_decorator.py
[2024-05-11T15:15:24.689-0300] {processor.py:840} INFO - DAG(s) 'example_short_circuit_decorator' retrieved from /home/patricia/Documentos/airflow/airflow_venv/lib/python3.10/site-packages/airflow/example_dags/example_short_circuit_decorator.py
[2024-05-11T15:15:24.731-0300] {logging_mixin.py:188} INFO - [2024-05-11T15:15:24.730-0300] {dag.py:3096} INFO - Sync 1 DAGs
[2024-05-11T15:15:24.772-0300] {logging_mixin.py:188} INFO - [2024-05-11T15:15:24.772-0300] {dag.py:3954} INFO - Setting next_dagrun for example_short_circuit_decorator to 2024-05-10 00:00:00+00:00, run_after=2024-05-11 00:00:00+00:00
[2024-05-11T15:15:24.845-0300] {processor.py:183} INFO - Processing /home/patricia/Documentos/airflow/airflow_venv/lib/python3.10/site-packages/airflow/example_dags/example_short_circuit_decorator.py took 0.218 seconds
[2024-05-11T15:16:25.123-0300] {processor.py:161} INFO - Started process (PID=5121) to work on /home/patricia/Documentos/airflow/airflow_venv/lib/python3.10/site-packages/airflow/example_dags/example_short_circuit_decorator.py
[2024-05-11T15:16:25.126-0300] {processor.py:830} INFO - Processing file /home/patricia/Documentos/airflow/airflow_venv/lib/python3.10/site-packages/airflow/example_dags/example_short_circuit_decorator.py for tasks to queue
[2024-05-11T15:16:25.130-0300] {logging_mixin.py:188} INFO - [2024-05-11T15:16:25.129-0300] {dagbag.py:545} INFO - Filling up the DagBag from /home/patricia/Documentos/airflow/airflow_venv/lib/python3.10/site-packages/airflow/example_dags/example_short_circuit_decorator.py
[2024-05-11T15:16:25.142-0300] {processor.py:840} INFO - DAG(s) 'example_short_circuit_decorator' retrieved from /home/patricia/Documentos/airflow/airflow_venv/lib/python3.10/site-packages/airflow/example_dags/example_short_circuit_decorator.py
[2024-05-11T15:16:25.165-0300] {logging_mixin.py:188} INFO - [2024-05-11T15:16:25.165-0300] {dag.py:3096} INFO - Sync 1 DAGs
[2024-05-11T15:16:25.201-0300] {logging_mixin.py:188} INFO - [2024-05-11T15:16:25.201-0300] {dag.py:3954} INFO - Setting next_dagrun for example_short_circuit_decorator to 2024-05-10 00:00:00+00:00, run_after=2024-05-11 00:00:00+00:00
[2024-05-11T15:16:25.277-0300] {processor.py:183} INFO - Processing /home/patricia/Documentos/airflow/airflow_venv/lib/python3.10/site-packages/airflow/example_dags/example_short_circuit_decorator.py took 0.163 seconds
[2024-05-11T15:17:30.817-0300] {processor.py:161} INFO - Started process (PID=5278) to work on /home/patricia/Documentos/airflow/airflow_venv/lib/python3.10/site-packages/airflow/example_dags/example_short_circuit_decorator.py
[2024-05-11T15:17:30.821-0300] {processor.py:830} INFO - Processing file /home/patricia/Documentos/airflow/airflow_venv/lib/python3.10/site-packages/airflow/example_dags/example_short_circuit_decorator.py for tasks to queue
[2024-05-11T15:17:30.823-0300] {logging_mixin.py:188} INFO - [2024-05-11T15:17:30.823-0300] {dagbag.py:545} INFO - Filling up the DagBag from /home/patricia/Documentos/airflow/airflow_venv/lib/python3.10/site-packages/airflow/example_dags/example_short_circuit_decorator.py
[2024-05-11T15:17:30.834-0300] {processor.py:840} INFO - DAG(s) 'example_short_circuit_decorator' retrieved from /home/patricia/Documentos/airflow/airflow_venv/lib/python3.10/site-packages/airflow/example_dags/example_short_circuit_decorator.py
[2024-05-11T15:17:30.857-0300] {logging_mixin.py:188} INFO - [2024-05-11T15:17:30.857-0300] {dag.py:3096} INFO - Sync 1 DAGs
[2024-05-11T15:17:30.879-0300] {logging_mixin.py:188} INFO - [2024-05-11T15:17:30.878-0300] {dag.py:3954} INFO - Setting next_dagrun for example_short_circuit_decorator to 2024-05-10 00:00:00+00:00, run_after=2024-05-11 00:00:00+00:00
[2024-05-11T15:17:30.911-0300] {processor.py:183} INFO - Processing /home/patricia/Documentos/airflow/airflow_venv/lib/python3.10/site-packages/airflow/example_dags/example_short_circuit_decorator.py took 0.101 seconds
[2024-05-11T15:18:40.732-0300] {processor.py:161} INFO - Started process (PID=5880) to work on /home/patricia/Documentos/airflow/airflow_venv/lib/python3.10/site-packages/airflow/example_dags/example_short_circuit_decorator.py
[2024-05-11T15:18:40.737-0300] {processor.py:830} INFO - Processing file /home/patricia/Documentos/airflow/airflow_venv/lib/python3.10/site-packages/airflow/example_dags/example_short_circuit_decorator.py for tasks to queue
[2024-05-11T15:18:40.740-0300] {logging_mixin.py:188} INFO - [2024-05-11T15:18:40.740-0300] {dagbag.py:545} INFO - Filling up the DagBag from /home/patricia/Documentos/airflow/airflow_venv/lib/python3.10/site-packages/airflow/example_dags/example_short_circuit_decorator.py
[2024-05-11T15:18:40.795-0300] {processor.py:840} INFO - DAG(s) 'example_short_circuit_decorator' retrieved from /home/patricia/Documentos/airflow/airflow_venv/lib/python3.10/site-packages/airflow/example_dags/example_short_circuit_decorator.py
[2024-05-11T15:18:40.847-0300] {logging_mixin.py:188} INFO - [2024-05-11T15:18:40.846-0300] {dag.py:3096} INFO - Sync 1 DAGs
[2024-05-11T15:18:40.938-0300] {logging_mixin.py:188} INFO - [2024-05-11T15:18:40.938-0300] {dag.py:3954} INFO - Setting next_dagrun for example_short_circuit_decorator to 2024-05-10 00:00:00+00:00, run_after=2024-05-11 00:00:00+00:00
[2024-05-11T15:18:41.014-0300] {processor.py:183} INFO - Processing /home/patricia/Documentos/airflow/airflow_venv/lib/python3.10/site-packages/airflow/example_dags/example_short_circuit_decorator.py took 0.296 seconds
[2024-05-11T15:19:51.104-0300] {processor.py:161} INFO - Started process (PID=6029) to work on /home/patricia/Documentos/airflow/airflow_venv/lib/python3.10/site-packages/airflow/example_dags/example_short_circuit_decorator.py
[2024-05-11T15:19:51.109-0300] {processor.py:830} INFO - Processing file /home/patricia/Documentos/airflow/airflow_venv/lib/python3.10/site-packages/airflow/example_dags/example_short_circuit_decorator.py for tasks to queue
[2024-05-11T15:19:51.113-0300] {logging_mixin.py:188} INFO - [2024-05-11T15:19:51.112-0300] {dagbag.py:545} INFO - Filling up the DagBag from /home/patricia/Documentos/airflow/airflow_venv/lib/python3.10/site-packages/airflow/example_dags/example_short_circuit_decorator.py
[2024-05-11T15:19:51.126-0300] {processor.py:840} INFO - DAG(s) 'example_short_circuit_decorator' retrieved from /home/patricia/Documentos/airflow/airflow_venv/lib/python3.10/site-packages/airflow/example_dags/example_short_circuit_decorator.py
[2024-05-11T15:19:51.153-0300] {logging_mixin.py:188} INFO - [2024-05-11T15:19:51.152-0300] {dag.py:3096} INFO - Sync 1 DAGs
[2024-05-11T15:19:51.182-0300] {logging_mixin.py:188} INFO - [2024-05-11T15:19:51.182-0300] {dag.py:3954} INFO - Setting next_dagrun for example_short_circuit_decorator to 2024-05-10 00:00:00+00:00, run_after=2024-05-11 00:00:00+00:00
[2024-05-11T15:19:51.236-0300] {processor.py:183} INFO - Processing /home/patricia/Documentos/airflow/airflow_venv/lib/python3.10/site-packages/airflow/example_dags/example_short_circuit_decorator.py took 0.154 seconds
[2024-05-11T15:21:30.795-0300] {processor.py:161} INFO - Started process (PID=6198) to work on /home/patricia/Documentos/airflow/airflow_venv/lib/python3.10/site-packages/airflow/example_dags/example_short_circuit_decorator.py
[2024-05-11T15:21:30.801-0300] {processor.py:830} INFO - Processing file /home/patricia/Documentos/airflow/airflow_venv/lib/python3.10/site-packages/airflow/example_dags/example_short_circuit_decorator.py for tasks to queue
[2024-05-11T15:21:30.807-0300] {logging_mixin.py:188} INFO - [2024-05-11T15:21:30.806-0300] {dagbag.py:545} INFO - Filling up the DagBag from /home/patricia/Documentos/airflow/airflow_venv/lib/python3.10/site-packages/airflow/example_dags/example_short_circuit_decorator.py
[2024-05-11T15:21:30.831-0300] {processor.py:840} INFO - DAG(s) 'example_short_circuit_decorator' retrieved from /home/patricia/Documentos/airflow/airflow_venv/lib/python3.10/site-packages/airflow/example_dags/example_short_circuit_decorator.py
[2024-05-11T15:21:30.877-0300] {logging_mixin.py:188} INFO - [2024-05-11T15:21:30.877-0300] {dag.py:3096} INFO - Sync 1 DAGs
[2024-05-11T15:21:30.926-0300] {logging_mixin.py:188} INFO - [2024-05-11T15:21:30.925-0300] {dag.py:3954} INFO - Setting next_dagrun for example_short_circuit_decorator to 2024-05-10 00:00:00+00:00, run_after=2024-05-11 00:00:00+00:00
[2024-05-11T15:21:30.990-0300] {processor.py:183} INFO - Processing /home/patricia/Documentos/airflow/airflow_venv/lib/python3.10/site-packages/airflow/example_dags/example_short_circuit_decorator.py took 0.208 seconds
[2024-05-11T15:22:19.371-0300] {processor.py:161} INFO - Started process (PID=6303) to work on /home/patricia/Documentos/airflow/airflow_venv/lib/python3.10/site-packages/airflow/example_dags/example_short_circuit_decorator.py
[2024-05-11T15:22:19.387-0300] {processor.py:830} INFO - Processing file /home/patricia/Documentos/airflow/airflow_venv/lib/python3.10/site-packages/airflow/example_dags/example_short_circuit_decorator.py for tasks to queue
[2024-05-11T15:22:19.392-0300] {logging_mixin.py:188} INFO - [2024-05-11T15:22:19.391-0300] {dagbag.py:545} INFO - Filling up the DagBag from /home/patricia/Documentos/airflow/airflow_venv/lib/python3.10/site-packages/airflow/example_dags/example_short_circuit_decorator.py
[2024-05-11T15:22:19.411-0300] {processor.py:840} INFO - DAG(s) 'example_short_circuit_decorator' retrieved from /home/patricia/Documentos/airflow/airflow_venv/lib/python3.10/site-packages/airflow/example_dags/example_short_circuit_decorator.py
[2024-05-11T15:22:19.472-0300] {logging_mixin.py:188} INFO - [2024-05-11T15:22:19.470-0300] {dag.py:3096} INFO - Sync 1 DAGs
[2024-05-11T15:22:19.513-0300] {logging_mixin.py:188} INFO - [2024-05-11T15:22:19.513-0300] {dag.py:3954} INFO - Setting next_dagrun for example_short_circuit_decorator to 2024-05-10 00:00:00+00:00, run_after=2024-05-11 00:00:00+00:00
[2024-05-11T15:22:19.649-0300] {processor.py:183} INFO - Processing /home/patricia/Documentos/airflow/airflow_venv/lib/python3.10/site-packages/airflow/example_dags/example_short_circuit_decorator.py took 0.290 seconds
[2024-05-11T15:23:22.065-0300] {processor.py:161} INFO - Started process (PID=6438) to work on /home/patricia/Documentos/airflow/airflow_venv/lib/python3.10/site-packages/airflow/example_dags/example_short_circuit_decorator.py
[2024-05-11T15:23:22.068-0300] {processor.py:830} INFO - Processing file /home/patricia/Documentos/airflow/airflow_venv/lib/python3.10/site-packages/airflow/example_dags/example_short_circuit_decorator.py for tasks to queue
[2024-05-11T15:23:22.071-0300] {logging_mixin.py:188} INFO - [2024-05-11T15:23:22.070-0300] {dagbag.py:545} INFO - Filling up the DagBag from /home/patricia/Documentos/airflow/airflow_venv/lib/python3.10/site-packages/airflow/example_dags/example_short_circuit_decorator.py
[2024-05-11T15:23:22.082-0300] {processor.py:840} INFO - DAG(s) 'example_short_circuit_decorator' retrieved from /home/patricia/Documentos/airflow/airflow_venv/lib/python3.10/site-packages/airflow/example_dags/example_short_circuit_decorator.py
[2024-05-11T15:23:22.118-0300] {logging_mixin.py:188} INFO - [2024-05-11T15:23:22.117-0300] {dag.py:3096} INFO - Sync 1 DAGs
[2024-05-11T15:23:22.140-0300] {logging_mixin.py:188} INFO - [2024-05-11T15:23:22.140-0300] {dag.py:3954} INFO - Setting next_dagrun for example_short_circuit_decorator to 2024-05-10 00:00:00+00:00, run_after=2024-05-11 00:00:00+00:00
[2024-05-11T15:23:22.174-0300] {processor.py:183} INFO - Processing /home/patricia/Documentos/airflow/airflow_venv/lib/python3.10/site-packages/airflow/example_dags/example_short_circuit_decorator.py took 0.116 seconds
[2024-05-11T15:24:25.127-0300] {processor.py:161} INFO - Started process (PID=6559) to work on /home/patricia/Documentos/airflow/airflow_venv/lib/python3.10/site-packages/airflow/example_dags/example_short_circuit_decorator.py
[2024-05-11T15:24:25.130-0300] {processor.py:830} INFO - Processing file /home/patricia/Documentos/airflow/airflow_venv/lib/python3.10/site-packages/airflow/example_dags/example_short_circuit_decorator.py for tasks to queue
[2024-05-11T15:24:25.132-0300] {logging_mixin.py:188} INFO - [2024-05-11T15:24:25.131-0300] {dagbag.py:545} INFO - Filling up the DagBag from /home/patricia/Documentos/airflow/airflow_venv/lib/python3.10/site-packages/airflow/example_dags/example_short_circuit_decorator.py
[2024-05-11T15:24:25.143-0300] {processor.py:840} INFO - DAG(s) 'example_short_circuit_decorator' retrieved from /home/patricia/Documentos/airflow/airflow_venv/lib/python3.10/site-packages/airflow/example_dags/example_short_circuit_decorator.py
[2024-05-11T15:24:25.188-0300] {logging_mixin.py:188} INFO - [2024-05-11T15:24:25.188-0300] {dag.py:3096} INFO - Sync 1 DAGs
[2024-05-11T15:24:25.220-0300] {logging_mixin.py:188} INFO - [2024-05-11T15:24:25.220-0300] {dag.py:3954} INFO - Setting next_dagrun for example_short_circuit_decorator to 2024-05-10 00:00:00+00:00, run_after=2024-05-11 00:00:00+00:00
[2024-05-11T15:24:25.252-0300] {processor.py:183} INFO - Processing /home/patricia/Documentos/airflow/airflow_venv/lib/python3.10/site-packages/airflow/example_dags/example_short_circuit_decorator.py took 0.133 seconds
[2024-05-11T15:26:08.043-0300] {processor.py:161} INFO - Started process (PID=6850) to work on /home/patricia/Documentos/airflow/airflow_venv/lib/python3.10/site-packages/airflow/example_dags/example_short_circuit_decorator.py
[2024-05-11T15:26:08.047-0300] {processor.py:830} INFO - Processing file /home/patricia/Documentos/airflow/airflow_venv/lib/python3.10/site-packages/airflow/example_dags/example_short_circuit_decorator.py for tasks to queue
[2024-05-11T15:26:08.058-0300] {logging_mixin.py:188} INFO - [2024-05-11T15:26:08.058-0300] {dagbag.py:545} INFO - Filling up the DagBag from /home/patricia/Documentos/airflow/airflow_venv/lib/python3.10/site-packages/airflow/example_dags/example_short_circuit_decorator.py
[2024-05-11T15:26:08.095-0300] {processor.py:840} INFO - DAG(s) 'example_short_circuit_decorator' retrieved from /home/patricia/Documentos/airflow/airflow_venv/lib/python3.10/site-packages/airflow/example_dags/example_short_circuit_decorator.py
[2024-05-11T15:26:08.110-0300] {logging_mixin.py:188} INFO - [2024-05-11T15:26:08.110-0300] {dag.py:3096} INFO - Sync 1 DAGs
[2024-05-11T15:26:08.155-0300] {logging_mixin.py:188} INFO - [2024-05-11T15:26:08.155-0300] {dag.py:3954} INFO - Setting next_dagrun for example_short_circuit_decorator to 2024-05-10 00:00:00+00:00, run_after=2024-05-11 00:00:00+00:00
[2024-05-11T15:26:08.206-0300] {processor.py:183} INFO - Processing /home/patricia/Documentos/airflow/airflow_venv/lib/python3.10/site-packages/airflow/example_dags/example_short_circuit_decorator.py took 0.199 seconds
[2024-05-11T15:27:24.956-0300] {processor.py:161} INFO - Started process (PID=7638) to work on /home/patricia/Documentos/airflow/airflow_venv/lib/python3.10/site-packages/airflow/example_dags/example_short_circuit_decorator.py
[2024-05-11T15:27:24.961-0300] {processor.py:830} INFO - Processing file /home/patricia/Documentos/airflow/airflow_venv/lib/python3.10/site-packages/airflow/example_dags/example_short_circuit_decorator.py for tasks to queue
[2024-05-11T15:27:24.965-0300] {logging_mixin.py:188} INFO - [2024-05-11T15:27:24.964-0300] {dagbag.py:545} INFO - Filling up the DagBag from /home/patricia/Documentos/airflow/airflow_venv/lib/python3.10/site-packages/airflow/example_dags/example_short_circuit_decorator.py
[2024-05-11T15:27:24.983-0300] {processor.py:840} INFO - DAG(s) 'example_short_circuit_decorator' retrieved from /home/patricia/Documentos/airflow/airflow_venv/lib/python3.10/site-packages/airflow/example_dags/example_short_circuit_decorator.py
[2024-05-11T15:27:25.426-0300] {logging_mixin.py:188} INFO - [2024-05-11T15:27:25.426-0300] {dag.py:3096} INFO - Sync 1 DAGs
[2024-05-11T15:27:25.495-0300] {logging_mixin.py:188} INFO - [2024-05-11T15:27:25.494-0300] {dag.py:3954} INFO - Setting next_dagrun for example_short_circuit_decorator to 2024-05-10 00:00:00+00:00, run_after=2024-05-11 00:00:00+00:00
[2024-05-11T15:27:25.610-0300] {processor.py:183} INFO - Processing /home/patricia/Documentos/airflow/airflow_venv/lib/python3.10/site-packages/airflow/example_dags/example_short_circuit_decorator.py took 0.669 seconds
[2024-05-11T15:28:13.499-0300] {processor.py:161} INFO - Started process (PID=7735) to work on /home/patricia/Documentos/airflow/airflow_venv/lib/python3.10/site-packages/airflow/example_dags/example_short_circuit_decorator.py
[2024-05-11T15:28:13.502-0300] {processor.py:830} INFO - Processing file /home/patricia/Documentos/airflow/airflow_venv/lib/python3.10/site-packages/airflow/example_dags/example_short_circuit_decorator.py for tasks to queue
[2024-05-11T15:28:13.504-0300] {logging_mixin.py:188} INFO - [2024-05-11T15:28:13.503-0300] {dagbag.py:545} INFO - Filling up the DagBag from /home/patricia/Documentos/airflow/airflow_venv/lib/python3.10/site-packages/airflow/example_dags/example_short_circuit_decorator.py
[2024-05-11T15:28:13.518-0300] {processor.py:840} INFO - DAG(s) 'example_short_circuit_decorator' retrieved from /home/patricia/Documentos/airflow/airflow_venv/lib/python3.10/site-packages/airflow/example_dags/example_short_circuit_decorator.py
[2024-05-11T15:28:13.560-0300] {logging_mixin.py:188} INFO - [2024-05-11T15:28:13.560-0300] {dag.py:3096} INFO - Sync 1 DAGs
[2024-05-11T15:28:13.610-0300] {logging_mixin.py:188} INFO - [2024-05-11T15:28:13.609-0300] {dag.py:3954} INFO - Setting next_dagrun for example_short_circuit_decorator to 2024-05-10 00:00:00+00:00, run_after=2024-05-11 00:00:00+00:00
[2024-05-11T15:28:13.647-0300] {processor.py:183} INFO - Processing /home/patricia/Documentos/airflow/airflow_venv/lib/python3.10/site-packages/airflow/example_dags/example_short_circuit_decorator.py took 0.159 seconds
[2024-05-11T15:29:31.038-0300] {processor.py:161} INFO - Started process (PID=7888) to work on /home/patricia/Documentos/airflow/airflow_venv/lib/python3.10/site-packages/airflow/example_dags/example_short_circuit_decorator.py
[2024-05-11T15:29:31.052-0300] {processor.py:830} INFO - Processing file /home/patricia/Documentos/airflow/airflow_venv/lib/python3.10/site-packages/airflow/example_dags/example_short_circuit_decorator.py for tasks to queue
[2024-05-11T15:29:31.055-0300] {logging_mixin.py:188} INFO - [2024-05-11T15:29:31.054-0300] {dagbag.py:545} INFO - Filling up the DagBag from /home/patricia/Documentos/airflow/airflow_venv/lib/python3.10/site-packages/airflow/example_dags/example_short_circuit_decorator.py
[2024-05-11T15:29:31.069-0300] {processor.py:840} INFO - DAG(s) 'example_short_circuit_decorator' retrieved from /home/patricia/Documentos/airflow/airflow_venv/lib/python3.10/site-packages/airflow/example_dags/example_short_circuit_decorator.py
[2024-05-11T15:29:31.095-0300] {logging_mixin.py:188} INFO - [2024-05-11T15:29:31.094-0300] {dag.py:3096} INFO - Sync 1 DAGs
[2024-05-11T15:29:31.135-0300] {logging_mixin.py:188} INFO - [2024-05-11T15:29:31.131-0300] {dag.py:3954} INFO - Setting next_dagrun for example_short_circuit_decorator to 2024-05-10 00:00:00+00:00, run_after=2024-05-11 00:00:00+00:00
[2024-05-11T15:29:31.173-0300] {processor.py:183} INFO - Processing /home/patricia/Documentos/airflow/airflow_venv/lib/python3.10/site-packages/airflow/example_dags/example_short_circuit_decorator.py took 0.158 seconds
[2024-05-11T15:30:20.539-0300] {processor.py:161} INFO - Started process (PID=7996) to work on /home/patricia/Documentos/airflow/airflow_venv/lib/python3.10/site-packages/airflow/example_dags/example_short_circuit_decorator.py
[2024-05-11T15:30:20.553-0300] {processor.py:830} INFO - Processing file /home/patricia/Documentos/airflow/airflow_venv/lib/python3.10/site-packages/airflow/example_dags/example_short_circuit_decorator.py for tasks to queue
[2024-05-11T15:30:20.556-0300] {logging_mixin.py:188} INFO - [2024-05-11T15:30:20.555-0300] {dagbag.py:545} INFO - Filling up the DagBag from /home/patricia/Documentos/airflow/airflow_venv/lib/python3.10/site-packages/airflow/example_dags/example_short_circuit_decorator.py
[2024-05-11T15:30:20.580-0300] {processor.py:840} INFO - DAG(s) 'example_short_circuit_decorator' retrieved from /home/patricia/Documentos/airflow/airflow_venv/lib/python3.10/site-packages/airflow/example_dags/example_short_circuit_decorator.py
[2024-05-11T15:30:20.605-0300] {logging_mixin.py:188} INFO - [2024-05-11T15:30:20.605-0300] {dag.py:3096} INFO - Sync 1 DAGs
[2024-05-11T15:30:20.647-0300] {logging_mixin.py:188} INFO - [2024-05-11T15:30:20.647-0300] {dag.py:3954} INFO - Setting next_dagrun for example_short_circuit_decorator to 2024-05-10 00:00:00+00:00, run_after=2024-05-11 00:00:00+00:00
[2024-05-11T15:30:20.732-0300] {processor.py:183} INFO - Processing /home/patricia/Documentos/airflow/airflow_venv/lib/python3.10/site-packages/airflow/example_dags/example_short_circuit_decorator.py took 0.202 seconds
[2024-05-11T15:31:05.126-0300] {processor.py:161} INFO - Started process (PID=8114) to work on /home/patricia/Documentos/airflow/airflow_venv/lib/python3.10/site-packages/airflow/example_dags/example_short_circuit_decorator.py
[2024-05-11T15:31:05.135-0300] {processor.py:830} INFO - Processing file /home/patricia/Documentos/airflow/airflow_venv/lib/python3.10/site-packages/airflow/example_dags/example_short_circuit_decorator.py for tasks to queue
[2024-05-11T15:31:05.139-0300] {logging_mixin.py:188} INFO - [2024-05-11T15:31:05.138-0300] {dagbag.py:545} INFO - Filling up the DagBag from /home/patricia/Documentos/airflow/airflow_venv/lib/python3.10/site-packages/airflow/example_dags/example_short_circuit_decorator.py
[2024-05-11T15:31:05.158-0300] {processor.py:840} INFO - DAG(s) 'example_short_circuit_decorator' retrieved from /home/patricia/Documentos/airflow/airflow_venv/lib/python3.10/site-packages/airflow/example_dags/example_short_circuit_decorator.py
[2024-05-11T15:31:05.189-0300] {logging_mixin.py:188} INFO - [2024-05-11T15:31:05.188-0300] {dag.py:3096} INFO - Sync 1 DAGs
[2024-05-11T15:31:05.220-0300] {logging_mixin.py:188} INFO - [2024-05-11T15:31:05.219-0300] {dag.py:3954} INFO - Setting next_dagrun for example_short_circuit_decorator to 2024-05-10 00:00:00+00:00, run_after=2024-05-11 00:00:00+00:00
[2024-05-11T15:31:05.283-0300] {processor.py:183} INFO - Processing /home/patricia/Documentos/airflow/airflow_venv/lib/python3.10/site-packages/airflow/example_dags/example_short_circuit_decorator.py took 0.165 seconds
[2024-05-11T15:32:09.091-0300] {processor.py:161} INFO - Started process (PID=8342) to work on /home/patricia/Documentos/airflow/airflow_venv/lib/python3.10/site-packages/airflow/example_dags/example_short_circuit_decorator.py
[2024-05-11T15:32:09.095-0300] {processor.py:830} INFO - Processing file /home/patricia/Documentos/airflow/airflow_venv/lib/python3.10/site-packages/airflow/example_dags/example_short_circuit_decorator.py for tasks to queue
[2024-05-11T15:32:09.097-0300] {logging_mixin.py:188} INFO - [2024-05-11T15:32:09.096-0300] {dagbag.py:545} INFO - Filling up the DagBag from /home/patricia/Documentos/airflow/airflow_venv/lib/python3.10/site-packages/airflow/example_dags/example_short_circuit_decorator.py
[2024-05-11T15:32:09.107-0300] {processor.py:840} INFO - DAG(s) 'example_short_circuit_decorator' retrieved from /home/patricia/Documentos/airflow/airflow_venv/lib/python3.10/site-packages/airflow/example_dags/example_short_circuit_decorator.py
[2024-05-11T15:32:09.128-0300] {logging_mixin.py:188} INFO - [2024-05-11T15:32:09.128-0300] {dag.py:3096} INFO - Sync 1 DAGs
[2024-05-11T15:32:09.147-0300] {logging_mixin.py:188} INFO - [2024-05-11T15:32:09.147-0300] {dag.py:3954} INFO - Setting next_dagrun for example_short_circuit_decorator to 2024-05-10 00:00:00+00:00, run_after=2024-05-11 00:00:00+00:00
[2024-05-11T15:32:09.186-0300] {processor.py:183} INFO - Processing /home/patricia/Documentos/airflow/airflow_venv/lib/python3.10/site-packages/airflow/example_dags/example_short_circuit_decorator.py took 0.101 seconds
[2024-05-11T15:33:14.215-0300] {processor.py:161} INFO - Started process (PID=8664) to work on /home/patricia/Documentos/airflow/airflow_venv/lib/python3.10/site-packages/airflow/example_dags/example_short_circuit_decorator.py
[2024-05-11T15:33:14.218-0300] {processor.py:830} INFO - Processing file /home/patricia/Documentos/airflow/airflow_venv/lib/python3.10/site-packages/airflow/example_dags/example_short_circuit_decorator.py for tasks to queue
[2024-05-11T15:33:14.221-0300] {logging_mixin.py:188} INFO - [2024-05-11T15:33:14.220-0300] {dagbag.py:545} INFO - Filling up the DagBag from /home/patricia/Documentos/airflow/airflow_venv/lib/python3.10/site-packages/airflow/example_dags/example_short_circuit_decorator.py
[2024-05-11T15:33:14.233-0300] {processor.py:840} INFO - DAG(s) 'example_short_circuit_decorator' retrieved from /home/patricia/Documentos/airflow/airflow_venv/lib/python3.10/site-packages/airflow/example_dags/example_short_circuit_decorator.py
[2024-05-11T15:33:14.254-0300] {logging_mixin.py:188} INFO - [2024-05-11T15:33:14.254-0300] {dag.py:3096} INFO - Sync 1 DAGs
[2024-05-11T15:33:14.276-0300] {logging_mixin.py:188} INFO - [2024-05-11T15:33:14.276-0300] {dag.py:3954} INFO - Setting next_dagrun for example_short_circuit_decorator to 2024-05-10 00:00:00+00:00, run_after=2024-05-11 00:00:00+00:00
[2024-05-11T15:33:14.309-0300] {processor.py:183} INFO - Processing /home/patricia/Documentos/airflow/airflow_venv/lib/python3.10/site-packages/airflow/example_dags/example_short_circuit_decorator.py took 0.140 seconds
[2024-05-11T15:34:28.762-0300] {processor.py:161} INFO - Started process (PID=9306) to work on /home/patricia/Documentos/airflow/airflow_venv/lib/python3.10/site-packages/airflow/example_dags/example_short_circuit_decorator.py
[2024-05-11T15:34:28.764-0300] {processor.py:830} INFO - Processing file /home/patricia/Documentos/airflow/airflow_venv/lib/python3.10/site-packages/airflow/example_dags/example_short_circuit_decorator.py for tasks to queue
[2024-05-11T15:34:28.766-0300] {logging_mixin.py:188} INFO - [2024-05-11T15:34:28.766-0300] {dagbag.py:545} INFO - Filling up the DagBag from /home/patricia/Documentos/airflow/airflow_venv/lib/python3.10/site-packages/airflow/example_dags/example_short_circuit_decorator.py
[2024-05-11T15:34:28.780-0300] {processor.py:840} INFO - DAG(s) 'example_short_circuit_decorator' retrieved from /home/patricia/Documentos/airflow/airflow_venv/lib/python3.10/site-packages/airflow/example_dags/example_short_circuit_decorator.py
[2024-05-11T15:34:28.803-0300] {logging_mixin.py:188} INFO - [2024-05-11T15:34:28.802-0300] {dag.py:3096} INFO - Sync 1 DAGs
[2024-05-11T15:34:28.830-0300] {logging_mixin.py:188} INFO - [2024-05-11T15:34:28.830-0300] {dag.py:3954} INFO - Setting next_dagrun for example_short_circuit_decorator to 2024-05-10 00:00:00+00:00, run_after=2024-05-11 00:00:00+00:00
[2024-05-11T15:34:28.864-0300] {processor.py:183} INFO - Processing /home/patricia/Documentos/airflow/airflow_venv/lib/python3.10/site-packages/airflow/example_dags/example_short_circuit_decorator.py took 0.112 seconds
[2024-05-11T15:35:09.683-0300] {processor.py:161} INFO - Started process (PID=9394) to work on /home/patricia/Documentos/airflow/airflow_venv/lib/python3.10/site-packages/airflow/example_dags/example_short_circuit_decorator.py
[2024-05-11T15:35:09.687-0300] {processor.py:830} INFO - Processing file /home/patricia/Documentos/airflow/airflow_venv/lib/python3.10/site-packages/airflow/example_dags/example_short_circuit_decorator.py for tasks to queue
[2024-05-11T15:35:09.691-0300] {logging_mixin.py:188} INFO - [2024-05-11T15:35:09.690-0300] {dagbag.py:545} INFO - Filling up the DagBag from /home/patricia/Documentos/airflow/airflow_venv/lib/python3.10/site-packages/airflow/example_dags/example_short_circuit_decorator.py
[2024-05-11T15:35:09.705-0300] {processor.py:840} INFO - DAG(s) 'example_short_circuit_decorator' retrieved from /home/patricia/Documentos/airflow/airflow_venv/lib/python3.10/site-packages/airflow/example_dags/example_short_circuit_decorator.py
[2024-05-11T15:35:09.734-0300] {logging_mixin.py:188} INFO - [2024-05-11T15:35:09.734-0300] {dag.py:3096} INFO - Sync 1 DAGs
[2024-05-11T15:35:09.773-0300] {logging_mixin.py:188} INFO - [2024-05-11T15:35:09.772-0300] {dag.py:3954} INFO - Setting next_dagrun for example_short_circuit_decorator to 2024-05-10 00:00:00+00:00, run_after=2024-05-11 00:00:00+00:00
[2024-05-11T15:35:09.912-0300] {processor.py:183} INFO - Processing /home/patricia/Documentos/airflow/airflow_venv/lib/python3.10/site-packages/airflow/example_dags/example_short_circuit_decorator.py took 0.271 seconds
[2024-05-11T15:36:24.968-0300] {processor.py:161} INFO - Started process (PID=9597) to work on /home/patricia/Documentos/airflow/airflow_venv/lib/python3.10/site-packages/airflow/example_dags/example_short_circuit_decorator.py
[2024-05-11T15:36:24.977-0300] {processor.py:830} INFO - Processing file /home/patricia/Documentos/airflow/airflow_venv/lib/python3.10/site-packages/airflow/example_dags/example_short_circuit_decorator.py for tasks to queue
[2024-05-11T15:36:24.984-0300] {logging_mixin.py:188} INFO - [2024-05-11T15:36:24.982-0300] {dagbag.py:545} INFO - Filling up the DagBag from /home/patricia/Documentos/airflow/airflow_venv/lib/python3.10/site-packages/airflow/example_dags/example_short_circuit_decorator.py
[2024-05-11T15:36:25.002-0300] {processor.py:840} INFO - DAG(s) 'example_short_circuit_decorator' retrieved from /home/patricia/Documentos/airflow/airflow_venv/lib/python3.10/site-packages/airflow/example_dags/example_short_circuit_decorator.py
[2024-05-11T15:36:25.070-0300] {logging_mixin.py:188} INFO - [2024-05-11T15:36:25.070-0300] {dag.py:3096} INFO - Sync 1 DAGs
[2024-05-11T15:36:25.131-0300] {logging_mixin.py:188} INFO - [2024-05-11T15:36:25.131-0300] {dag.py:3954} INFO - Setting next_dagrun for example_short_circuit_decorator to 2024-05-10 00:00:00+00:00, run_after=2024-05-11 00:00:00+00:00
[2024-05-11T15:36:25.177-0300] {processor.py:183} INFO - Processing /home/patricia/Documentos/airflow/airflow_venv/lib/python3.10/site-packages/airflow/example_dags/example_short_circuit_decorator.py took 0.229 seconds
[2024-05-11T15:37:06.165-0300] {processor.py:161} INFO - Started process (PID=9777) to work on /home/patricia/Documentos/airflow/airflow_venv/lib/python3.10/site-packages/airflow/example_dags/example_short_circuit_decorator.py
[2024-05-11T15:37:06.168-0300] {processor.py:830} INFO - Processing file /home/patricia/Documentos/airflow/airflow_venv/lib/python3.10/site-packages/airflow/example_dags/example_short_circuit_decorator.py for tasks to queue
[2024-05-11T15:37:06.172-0300] {logging_mixin.py:188} INFO - [2024-05-11T15:37:06.170-0300] {dagbag.py:545} INFO - Filling up the DagBag from /home/patricia/Documentos/airflow/airflow_venv/lib/python3.10/site-packages/airflow/example_dags/example_short_circuit_decorator.py
[2024-05-11T15:37:06.187-0300] {processor.py:840} INFO - DAG(s) 'example_short_circuit_decorator' retrieved from /home/patricia/Documentos/airflow/airflow_venv/lib/python3.10/site-packages/airflow/example_dags/example_short_circuit_decorator.py
[2024-05-11T15:37:06.214-0300] {logging_mixin.py:188} INFO - [2024-05-11T15:37:06.214-0300] {dag.py:3096} INFO - Sync 1 DAGs
[2024-05-11T15:37:06.239-0300] {logging_mixin.py:188} INFO - [2024-05-11T15:37:06.238-0300] {dag.py:3954} INFO - Setting next_dagrun for example_short_circuit_decorator to 2024-05-10 00:00:00+00:00, run_after=2024-05-11 00:00:00+00:00
[2024-05-11T15:37:06.290-0300] {processor.py:183} INFO - Processing /home/patricia/Documentos/airflow/airflow_venv/lib/python3.10/site-packages/airflow/example_dags/example_short_circuit_decorator.py took 0.133 seconds
[2024-05-11T15:38:29.062-0300] {processor.py:161} INFO - Started process (PID=9940) to work on /home/patricia/Documentos/airflow/airflow_venv/lib/python3.10/site-packages/airflow/example_dags/example_short_circuit_decorator.py
[2024-05-11T15:38:29.067-0300] {processor.py:830} INFO - Processing file /home/patricia/Documentos/airflow/airflow_venv/lib/python3.10/site-packages/airflow/example_dags/example_short_circuit_decorator.py for tasks to queue
[2024-05-11T15:38:29.078-0300] {logging_mixin.py:188} INFO - [2024-05-11T15:38:29.071-0300] {dagbag.py:545} INFO - Filling up the DagBag from /home/patricia/Documentos/airflow/airflow_venv/lib/python3.10/site-packages/airflow/example_dags/example_short_circuit_decorator.py
[2024-05-11T15:38:29.118-0300] {processor.py:840} INFO - DAG(s) 'example_short_circuit_decorator' retrieved from /home/patricia/Documentos/airflow/airflow_venv/lib/python3.10/site-packages/airflow/example_dags/example_short_circuit_decorator.py
[2024-05-11T15:38:29.141-0300] {logging_mixin.py:188} INFO - [2024-05-11T15:38:29.140-0300] {dag.py:3096} INFO - Sync 1 DAGs
[2024-05-11T15:38:29.163-0300] {logging_mixin.py:188} INFO - [2024-05-11T15:38:29.163-0300] {dag.py:3954} INFO - Setting next_dagrun for example_short_circuit_decorator to 2024-05-10 00:00:00+00:00, run_after=2024-05-11 00:00:00+00:00
[2024-05-11T15:38:29.197-0300] {processor.py:183} INFO - Processing /home/patricia/Documentos/airflow/airflow_venv/lib/python3.10/site-packages/airflow/example_dags/example_short_circuit_decorator.py took 0.159 seconds
[2024-05-11T15:39:26.984-0300] {processor.py:161} INFO - Started process (PID=10043) to work on /home/patricia/Documentos/airflow/airflow_venv/lib/python3.10/site-packages/airflow/example_dags/example_short_circuit_decorator.py
[2024-05-11T15:39:26.990-0300] {processor.py:830} INFO - Processing file /home/patricia/Documentos/airflow/airflow_venv/lib/python3.10/site-packages/airflow/example_dags/example_short_circuit_decorator.py for tasks to queue
[2024-05-11T15:39:26.999-0300] {logging_mixin.py:188} INFO - [2024-05-11T15:39:26.998-0300] {dagbag.py:545} INFO - Filling up the DagBag from /home/patricia/Documentos/airflow/airflow_venv/lib/python3.10/site-packages/airflow/example_dags/example_short_circuit_decorator.py
[2024-05-11T15:39:27.029-0300] {processor.py:840} INFO - DAG(s) 'example_short_circuit_decorator' retrieved from /home/patricia/Documentos/airflow/airflow_venv/lib/python3.10/site-packages/airflow/example_dags/example_short_circuit_decorator.py
[2024-05-11T15:39:27.083-0300] {logging_mixin.py:188} INFO - [2024-05-11T15:39:27.083-0300] {dag.py:3096} INFO - Sync 1 DAGs
[2024-05-11T15:39:27.140-0300] {logging_mixin.py:188} INFO - [2024-05-11T15:39:27.140-0300] {dag.py:3954} INFO - Setting next_dagrun for example_short_circuit_decorator to 2024-05-10 00:00:00+00:00, run_after=2024-05-11 00:00:00+00:00
[2024-05-11T15:39:27.268-0300] {processor.py:183} INFO - Processing /home/patricia/Documentos/airflow/airflow_venv/lib/python3.10/site-packages/airflow/example_dags/example_short_circuit_decorator.py took 0.298 seconds
[2024-05-11T15:40:45.461-0300] {processor.py:161} INFO - Started process (PID=10596) to work on /home/patricia/Documentos/airflow/airflow_venv/lib/python3.10/site-packages/airflow/example_dags/example_short_circuit_decorator.py
[2024-05-11T15:40:45.465-0300] {processor.py:830} INFO - Processing file /home/patricia/Documentos/airflow/airflow_venv/lib/python3.10/site-packages/airflow/example_dags/example_short_circuit_decorator.py for tasks to queue
[2024-05-11T15:40:45.468-0300] {logging_mixin.py:188} INFO - [2024-05-11T15:40:45.467-0300] {dagbag.py:545} INFO - Filling up the DagBag from /home/patricia/Documentos/airflow/airflow_venv/lib/python3.10/site-packages/airflow/example_dags/example_short_circuit_decorator.py
[2024-05-11T15:40:45.481-0300] {processor.py:840} INFO - DAG(s) 'example_short_circuit_decorator' retrieved from /home/patricia/Documentos/airflow/airflow_venv/lib/python3.10/site-packages/airflow/example_dags/example_short_circuit_decorator.py
[2024-05-11T15:40:45.510-0300] {logging_mixin.py:188} INFO - [2024-05-11T15:40:45.510-0300] {dag.py:3096} INFO - Sync 1 DAGs
[2024-05-11T15:40:45.548-0300] {logging_mixin.py:188} INFO - [2024-05-11T15:40:45.548-0300] {dag.py:3954} INFO - Setting next_dagrun for example_short_circuit_decorator to 2024-05-10 00:00:00+00:00, run_after=2024-05-11 00:00:00+00:00
[2024-05-11T15:40:45.613-0300] {processor.py:183} INFO - Processing /home/patricia/Documentos/airflow/airflow_venv/lib/python3.10/site-packages/airflow/example_dags/example_short_circuit_decorator.py took 0.199 seconds
[2024-05-11T16:27:59.070-0300] {processor.py:161} INFO - Started process (PID=10943) to work on /home/patricia/Documentos/airflow/airflow_venv/lib/python3.10/site-packages/airflow/example_dags/example_short_circuit_decorator.py
[2024-05-11T16:27:59.088-0300] {processor.py:830} INFO - Processing file /home/patricia/Documentos/airflow/airflow_venv/lib/python3.10/site-packages/airflow/example_dags/example_short_circuit_decorator.py for tasks to queue
[2024-05-11T16:27:59.101-0300] {logging_mixin.py:188} INFO - [2024-05-11T16:27:59.099-0300] {dagbag.py:545} INFO - Filling up the DagBag from /home/patricia/Documentos/airflow/airflow_venv/lib/python3.10/site-packages/airflow/example_dags/example_short_circuit_decorator.py
[2024-05-11T16:27:59.153-0300] {processor.py:840} INFO - DAG(s) 'example_short_circuit_decorator' retrieved from /home/patricia/Documentos/airflow/airflow_venv/lib/python3.10/site-packages/airflow/example_dags/example_short_circuit_decorator.py
[2024-05-11T16:27:59.219-0300] {logging_mixin.py:188} INFO - [2024-05-11T16:27:59.218-0300] {dag.py:3096} INFO - Sync 1 DAGs
[2024-05-11T16:27:59.322-0300] {logging_mixin.py:188} INFO - [2024-05-11T16:27:59.321-0300] {dag.py:3954} INFO - Setting next_dagrun for example_short_circuit_decorator to 2024-05-10 00:00:00+00:00, run_after=2024-05-11 00:00:00+00:00
[2024-05-11T16:27:59.390-0300] {processor.py:183} INFO - Processing /home/patricia/Documentos/airflow/airflow_venv/lib/python3.10/site-packages/airflow/example_dags/example_short_circuit_decorator.py took 0.344 seconds
[2024-05-11T16:30:09.673-0300] {processor.py:161} INFO - Started process (PID=11209) to work on /home/patricia/Documentos/airflow/airflow_venv/lib/python3.10/site-packages/airflow/example_dags/example_short_circuit_decorator.py
[2024-05-11T16:30:09.686-0300] {processor.py:830} INFO - Processing file /home/patricia/Documentos/airflow/airflow_venv/lib/python3.10/site-packages/airflow/example_dags/example_short_circuit_decorator.py for tasks to queue
[2024-05-11T16:30:09.691-0300] {logging_mixin.py:188} INFO - [2024-05-11T16:30:09.690-0300] {dagbag.py:545} INFO - Filling up the DagBag from /home/patricia/Documentos/airflow/airflow_venv/lib/python3.10/site-packages/airflow/example_dags/example_short_circuit_decorator.py
[2024-05-11T16:30:09.714-0300] {processor.py:840} INFO - DAG(s) 'example_short_circuit_decorator' retrieved from /home/patricia/Documentos/airflow/airflow_venv/lib/python3.10/site-packages/airflow/example_dags/example_short_circuit_decorator.py
[2024-05-11T16:30:10.212-0300] {logging_mixin.py:188} INFO - [2024-05-11T16:30:10.212-0300] {dag.py:3096} INFO - Sync 1 DAGs
[2024-05-11T16:30:10.314-0300] {logging_mixin.py:188} INFO - [2024-05-11T16:30:10.313-0300] {dag.py:3954} INFO - Setting next_dagrun for example_short_circuit_decorator to 2024-05-10 00:00:00+00:00, run_after=2024-05-11 00:00:00+00:00
[2024-05-11T16:30:10.611-0300] {processor.py:183} INFO - Processing /home/patricia/Documentos/airflow/airflow_venv/lib/python3.10/site-packages/airflow/example_dags/example_short_circuit_decorator.py took 0.958 seconds
[2024-05-11T16:31:31.189-0300] {processor.py:161} INFO - Started process (PID=11366) to work on /home/patricia/Documentos/airflow/airflow_venv/lib/python3.10/site-packages/airflow/example_dags/example_short_circuit_decorator.py
[2024-05-11T16:31:31.194-0300] {processor.py:830} INFO - Processing file /home/patricia/Documentos/airflow/airflow_venv/lib/python3.10/site-packages/airflow/example_dags/example_short_circuit_decorator.py for tasks to queue
[2024-05-11T16:31:31.203-0300] {logging_mixin.py:188} INFO - [2024-05-11T16:31:31.200-0300] {dagbag.py:545} INFO - Filling up the DagBag from /home/patricia/Documentos/airflow/airflow_venv/lib/python3.10/site-packages/airflow/example_dags/example_short_circuit_decorator.py
[2024-05-11T16:31:31.236-0300] {processor.py:840} INFO - DAG(s) 'example_short_circuit_decorator' retrieved from /home/patricia/Documentos/airflow/airflow_venv/lib/python3.10/site-packages/airflow/example_dags/example_short_circuit_decorator.py
[2024-05-11T16:31:31.323-0300] {logging_mixin.py:188} INFO - [2024-05-11T16:31:31.322-0300] {dag.py:3096} INFO - Sync 1 DAGs
[2024-05-11T16:31:31.384-0300] {logging_mixin.py:188} INFO - [2024-05-11T16:31:31.383-0300] {dag.py:3954} INFO - Setting next_dagrun for example_short_circuit_decorator to 2024-05-10 00:00:00+00:00, run_after=2024-05-11 00:00:00+00:00
[2024-05-11T16:31:31.711-0300] {processor.py:183} INFO - Processing /home/patricia/Documentos/airflow/airflow_venv/lib/python3.10/site-packages/airflow/example_dags/example_short_circuit_decorator.py took 0.593 seconds
[2024-05-11T16:32:34.831-0300] {processor.py:161} INFO - Started process (PID=11470) to work on /home/patricia/Documentos/airflow/airflow_venv/lib/python3.10/site-packages/airflow/example_dags/example_short_circuit_decorator.py
[2024-05-11T16:32:34.837-0300] {processor.py:830} INFO - Processing file /home/patricia/Documentos/airflow/airflow_venv/lib/python3.10/site-packages/airflow/example_dags/example_short_circuit_decorator.py for tasks to queue
[2024-05-11T16:32:34.844-0300] {logging_mixin.py:188} INFO - [2024-05-11T16:32:34.843-0300] {dagbag.py:545} INFO - Filling up the DagBag from /home/patricia/Documentos/airflow/airflow_venv/lib/python3.10/site-packages/airflow/example_dags/example_short_circuit_decorator.py
[2024-05-11T16:32:34.934-0300] {processor.py:840} INFO - DAG(s) 'example_short_circuit_decorator' retrieved from /home/patricia/Documentos/airflow/airflow_venv/lib/python3.10/site-packages/airflow/example_dags/example_short_circuit_decorator.py
[2024-05-11T16:32:35.449-0300] {logging_mixin.py:188} INFO - [2024-05-11T16:32:35.448-0300] {dag.py:3096} INFO - Sync 1 DAGs
[2024-05-11T16:32:35.526-0300] {logging_mixin.py:188} INFO - [2024-05-11T16:32:35.524-0300] {dag.py:3954} INFO - Setting next_dagrun for example_short_circuit_decorator to 2024-05-10 00:00:00+00:00, run_after=2024-05-11 00:00:00+00:00
[2024-05-11T16:32:35.631-0300] {processor.py:183} INFO - Processing /home/patricia/Documentos/airflow/airflow_venv/lib/python3.10/site-packages/airflow/example_dags/example_short_circuit_decorator.py took 0.826 seconds
[2024-05-11T16:33:32.030-0300] {processor.py:161} INFO - Started process (PID=11613) to work on /home/patricia/Documentos/airflow/airflow_venv/lib/python3.10/site-packages/airflow/example_dags/example_short_circuit_decorator.py
[2024-05-11T16:33:32.072-0300] {processor.py:830} INFO - Processing file /home/patricia/Documentos/airflow/airflow_venv/lib/python3.10/site-packages/airflow/example_dags/example_short_circuit_decorator.py for tasks to queue
[2024-05-11T16:33:32.080-0300] {logging_mixin.py:188} INFO - [2024-05-11T16:33:32.079-0300] {dagbag.py:545} INFO - Filling up the DagBag from /home/patricia/Documentos/airflow/airflow_venv/lib/python3.10/site-packages/airflow/example_dags/example_short_circuit_decorator.py
[2024-05-11T16:33:32.114-0300] {processor.py:840} INFO - DAG(s) 'example_short_circuit_decorator' retrieved from /home/patricia/Documentos/airflow/airflow_venv/lib/python3.10/site-packages/airflow/example_dags/example_short_circuit_decorator.py
[2024-05-11T16:33:32.154-0300] {logging_mixin.py:188} INFO - [2024-05-11T16:33:32.154-0300] {dag.py:3096} INFO - Sync 1 DAGs
[2024-05-11T16:33:32.203-0300] {logging_mixin.py:188} INFO - [2024-05-11T16:33:32.202-0300] {dag.py:3954} INFO - Setting next_dagrun for example_short_circuit_decorator to 2024-05-10 00:00:00+00:00, run_after=2024-05-11 00:00:00+00:00
[2024-05-11T16:33:32.267-0300] {processor.py:183} INFO - Processing /home/patricia/Documentos/airflow/airflow_venv/lib/python3.10/site-packages/airflow/example_dags/example_short_circuit_decorator.py took 0.263 seconds
[2024-05-11T16:34:23.670-0300] {processor.py:161} INFO - Started process (PID=11715) to work on /home/patricia/Documentos/airflow/airflow_venv/lib/python3.10/site-packages/airflow/example_dags/example_short_circuit_decorator.py
[2024-05-11T16:34:23.682-0300] {processor.py:830} INFO - Processing file /home/patricia/Documentos/airflow/airflow_venv/lib/python3.10/site-packages/airflow/example_dags/example_short_circuit_decorator.py for tasks to queue
[2024-05-11T16:34:23.690-0300] {logging_mixin.py:188} INFO - [2024-05-11T16:34:23.689-0300] {dagbag.py:545} INFO - Filling up the DagBag from /home/patricia/Documentos/airflow/airflow_venv/lib/python3.10/site-packages/airflow/example_dags/example_short_circuit_decorator.py
[2024-05-11T16:34:23.729-0300] {processor.py:840} INFO - DAG(s) 'example_short_circuit_decorator' retrieved from /home/patricia/Documentos/airflow/airflow_venv/lib/python3.10/site-packages/airflow/example_dags/example_short_circuit_decorator.py
[2024-05-11T16:34:23.810-0300] {logging_mixin.py:188} INFO - [2024-05-11T16:34:23.809-0300] {dag.py:3096} INFO - Sync 1 DAGs
[2024-05-11T16:34:23.873-0300] {logging_mixin.py:188} INFO - [2024-05-11T16:34:23.873-0300] {dag.py:3954} INFO - Setting next_dagrun for example_short_circuit_decorator to 2024-05-10 00:00:00+00:00, run_after=2024-05-11 00:00:00+00:00
[2024-05-11T16:34:23.957-0300] {processor.py:183} INFO - Processing /home/patricia/Documentos/airflow/airflow_venv/lib/python3.10/site-packages/airflow/example_dags/example_short_circuit_decorator.py took 0.318 seconds
[2024-05-11T16:35:11.059-0300] {processor.py:161} INFO - Started process (PID=11790) to work on /home/patricia/Documentos/airflow/airflow_venv/lib/python3.10/site-packages/airflow/example_dags/example_short_circuit_decorator.py
[2024-05-11T16:35:11.070-0300] {processor.py:830} INFO - Processing file /home/patricia/Documentos/airflow/airflow_venv/lib/python3.10/site-packages/airflow/example_dags/example_short_circuit_decorator.py for tasks to queue
[2024-05-11T16:35:11.077-0300] {logging_mixin.py:188} INFO - [2024-05-11T16:35:11.075-0300] {dagbag.py:545} INFO - Filling up the DagBag from /home/patricia/Documentos/airflow/airflow_venv/lib/python3.10/site-packages/airflow/example_dags/example_short_circuit_decorator.py
[2024-05-11T16:35:11.107-0300] {processor.py:840} INFO - DAG(s) 'example_short_circuit_decorator' retrieved from /home/patricia/Documentos/airflow/airflow_venv/lib/python3.10/site-packages/airflow/example_dags/example_short_circuit_decorator.py
[2024-05-11T16:35:11.166-0300] {logging_mixin.py:188} INFO - [2024-05-11T16:35:11.166-0300] {dag.py:3096} INFO - Sync 1 DAGs
[2024-05-11T16:35:11.243-0300] {logging_mixin.py:188} INFO - [2024-05-11T16:35:11.242-0300] {dag.py:3954} INFO - Setting next_dagrun for example_short_circuit_decorator to 2024-05-10 00:00:00+00:00, run_after=2024-05-11 00:00:00+00:00
[2024-05-11T16:35:11.384-0300] {processor.py:183} INFO - Processing /home/patricia/Documentos/airflow/airflow_venv/lib/python3.10/site-packages/airflow/example_dags/example_short_circuit_decorator.py took 0.369 seconds
[2024-05-11T16:36:01.375-0300] {processor.py:161} INFO - Started process (PID=11867) to work on /home/patricia/Documentos/airflow/airflow_venv/lib/python3.10/site-packages/airflow/example_dags/example_short_circuit_decorator.py
[2024-05-11T16:36:01.423-0300] {processor.py:830} INFO - Processing file /home/patricia/Documentos/airflow/airflow_venv/lib/python3.10/site-packages/airflow/example_dags/example_short_circuit_decorator.py for tasks to queue
[2024-05-11T16:36:01.429-0300] {logging_mixin.py:188} INFO - [2024-05-11T16:36:01.428-0300] {dagbag.py:545} INFO - Filling up the DagBag from /home/patricia/Documentos/airflow/airflow_venv/lib/python3.10/site-packages/airflow/example_dags/example_short_circuit_decorator.py
[2024-05-11T16:36:01.459-0300] {processor.py:840} INFO - DAG(s) 'example_short_circuit_decorator' retrieved from /home/patricia/Documentos/airflow/airflow_venv/lib/python3.10/site-packages/airflow/example_dags/example_short_circuit_decorator.py
[2024-05-11T16:36:01.620-0300] {logging_mixin.py:188} INFO - [2024-05-11T16:36:01.620-0300] {dag.py:3096} INFO - Sync 1 DAGs
[2024-05-11T16:36:01.676-0300] {logging_mixin.py:188} INFO - [2024-05-11T16:36:01.676-0300] {dag.py:3954} INFO - Setting next_dagrun for example_short_circuit_decorator to 2024-05-10 00:00:00+00:00, run_after=2024-05-11 00:00:00+00:00
[2024-05-11T16:36:01.758-0300] {processor.py:183} INFO - Processing /home/patricia/Documentos/airflow/airflow_venv/lib/python3.10/site-packages/airflow/example_dags/example_short_circuit_decorator.py took 0.401 seconds
[2024-05-11T16:36:50.056-0300] {processor.py:161} INFO - Started process (PID=11944) to work on /home/patricia/Documentos/airflow/airflow_venv/lib/python3.10/site-packages/airflow/example_dags/example_short_circuit_decorator.py
[2024-05-11T16:36:50.075-0300] {processor.py:830} INFO - Processing file /home/patricia/Documentos/airflow/airflow_venv/lib/python3.10/site-packages/airflow/example_dags/example_short_circuit_decorator.py for tasks to queue
[2024-05-11T16:36:50.081-0300] {logging_mixin.py:188} INFO - [2024-05-11T16:36:50.080-0300] {dagbag.py:545} INFO - Filling up the DagBag from /home/patricia/Documentos/airflow/airflow_venv/lib/python3.10/site-packages/airflow/example_dags/example_short_circuit_decorator.py
[2024-05-11T16:36:50.109-0300] {processor.py:840} INFO - DAG(s) 'example_short_circuit_decorator' retrieved from /home/patricia/Documentos/airflow/airflow_venv/lib/python3.10/site-packages/airflow/example_dags/example_short_circuit_decorator.py
[2024-05-11T16:36:50.165-0300] {logging_mixin.py:188} INFO - [2024-05-11T16:36:50.165-0300] {dag.py:3096} INFO - Sync 1 DAGs
[2024-05-11T16:36:50.225-0300] {logging_mixin.py:188} INFO - [2024-05-11T16:36:50.224-0300] {dag.py:3954} INFO - Setting next_dagrun for example_short_circuit_decorator to 2024-05-10 00:00:00+00:00, run_after=2024-05-11 00:00:00+00:00
[2024-05-11T16:36:50.286-0300] {processor.py:183} INFO - Processing /home/patricia/Documentos/airflow/airflow_venv/lib/python3.10/site-packages/airflow/example_dags/example_short_circuit_decorator.py took 0.261 seconds
