[2024-05-11T15:11:20.345-0300] {processor.py:161} INFO - Started process (PID=4497) to work on /home/patricia/Documentos/airflow/airflow_venv/lib/python3.10/site-packages/airflow/example_dags/tutorial.py
[2024-05-11T15:11:20.355-0300] {processor.py:830} INFO - Processing file /home/patricia/Documentos/airflow/airflow_venv/lib/python3.10/site-packages/airflow/example_dags/tutorial.py for tasks to queue
[2024-05-11T15:11:20.357-0300] {logging_mixin.py:188} INFO - [2024-05-11T15:11:20.356-0300] {dagbag.py:545} INFO - Filling up the DagBag from /home/patricia/Documentos/airflow/airflow_venv/lib/python3.10/site-packages/airflow/example_dags/tutorial.py
[2024-05-11T15:11:20.396-0300] {processor.py:840} INFO - DAG(s) 'tutorial' retrieved from /home/patricia/Documentos/airflow/airflow_venv/lib/python3.10/site-packages/airflow/example_dags/tutorial.py
[2024-05-11T15:11:20.419-0300] {logging_mixin.py:188} INFO - [2024-05-11T15:11:20.419-0300] {dag.py:3096} INFO - Sync 1 DAGs
[2024-05-11T15:11:20.466-0300] {logging_mixin.py:188} INFO - [2024-05-11T15:11:20.465-0300] {dag.py:3954} INFO - Setting next_dagrun for tutorial to 2024-05-10 00:00:00+00:00, run_after=2024-05-11 00:00:00+00:00
[2024-05-11T15:11:20.526-0300] {processor.py:183} INFO - Processing /home/patricia/Documentos/airflow/airflow_venv/lib/python3.10/site-packages/airflow/example_dags/tutorial.py took 0.191 seconds
[2024-05-11T15:13:16.471-0300] {processor.py:161} INFO - Started process (PID=4690) to work on /home/patricia/Documentos/airflow/airflow_venv/lib/python3.10/site-packages/airflow/example_dags/tutorial.py
[2024-05-11T15:13:16.711-0300] {processor.py:830} INFO - Processing file /home/patricia/Documentos/airflow/airflow_venv/lib/python3.10/site-packages/airflow/example_dags/tutorial.py for tasks to queue
[2024-05-11T15:13:16.715-0300] {logging_mixin.py:188} INFO - [2024-05-11T15:13:16.714-0300] {dagbag.py:545} INFO - Filling up the DagBag from /home/patricia/Documentos/airflow/airflow_venv/lib/python3.10/site-packages/airflow/example_dags/tutorial.py
[2024-05-11T15:13:16.724-0300] {processor.py:840} INFO - DAG(s) 'tutorial' retrieved from /home/patricia/Documentos/airflow/airflow_venv/lib/python3.10/site-packages/airflow/example_dags/tutorial.py
[2024-05-11T15:13:16.932-0300] {logging_mixin.py:188} INFO - [2024-05-11T15:13:16.932-0300] {dag.py:3096} INFO - Sync 1 DAGs
[2024-05-11T15:13:16.948-0300] {logging_mixin.py:188} INFO - [2024-05-11T15:13:16.948-0300] {dag.py:3954} INFO - Setting next_dagrun for tutorial to 2024-05-10 00:00:00+00:00, run_after=2024-05-11 00:00:00+00:00
[2024-05-11T15:13:18.052-0300] {processor.py:183} INFO - Processing /home/patricia/Documentos/airflow/airflow_venv/lib/python3.10/site-packages/airflow/example_dags/tutorial.py took 1.588 seconds
[2024-05-11T15:14:55.311-0300] {processor.py:161} INFO - Started process (PID=4933) to work on /home/patricia/Documentos/airflow/airflow_venv/lib/python3.10/site-packages/airflow/example_dags/tutorial.py
[2024-05-11T15:14:55.318-0300] {processor.py:830} INFO - Processing file /home/patricia/Documentos/airflow/airflow_venv/lib/python3.10/site-packages/airflow/example_dags/tutorial.py for tasks to queue
[2024-05-11T15:14:55.321-0300] {logging_mixin.py:188} INFO - [2024-05-11T15:14:55.321-0300] {dagbag.py:545} INFO - Filling up the DagBag from /home/patricia/Documentos/airflow/airflow_venv/lib/python3.10/site-packages/airflow/example_dags/tutorial.py
[2024-05-11T15:14:55.328-0300] {processor.py:840} INFO - DAG(s) 'tutorial' retrieved from /home/patricia/Documentos/airflow/airflow_venv/lib/python3.10/site-packages/airflow/example_dags/tutorial.py
[2024-05-11T15:14:55.453-0300] {logging_mixin.py:188} INFO - [2024-05-11T15:14:55.453-0300] {dag.py:3096} INFO - Sync 1 DAGs
[2024-05-11T15:14:55.471-0300] {logging_mixin.py:188} INFO - [2024-05-11T15:14:55.470-0300] {dag.py:3954} INFO - Setting next_dagrun for tutorial to 2024-05-10 00:00:00+00:00, run_after=2024-05-11 00:00:00+00:00
[2024-05-11T15:14:55.504-0300] {processor.py:183} INFO - Processing /home/patricia/Documentos/airflow/airflow_venv/lib/python3.10/site-packages/airflow/example_dags/tutorial.py took 0.200 seconds
[2024-05-11T15:16:03.372-0300] {processor.py:161} INFO - Started process (PID=5082) to work on /home/patricia/Documentos/airflow/airflow_venv/lib/python3.10/site-packages/airflow/example_dags/tutorial.py
[2024-05-11T15:16:03.376-0300] {processor.py:830} INFO - Processing file /home/patricia/Documentos/airflow/airflow_venv/lib/python3.10/site-packages/airflow/example_dags/tutorial.py for tasks to queue
[2024-05-11T15:16:03.379-0300] {logging_mixin.py:188} INFO - [2024-05-11T15:16:03.378-0300] {dagbag.py:545} INFO - Filling up the DagBag from /home/patricia/Documentos/airflow/airflow_venv/lib/python3.10/site-packages/airflow/example_dags/tutorial.py
[2024-05-11T15:16:03.387-0300] {processor.py:840} INFO - DAG(s) 'tutorial' retrieved from /home/patricia/Documentos/airflow/airflow_venv/lib/python3.10/site-packages/airflow/example_dags/tutorial.py
[2024-05-11T15:16:03.405-0300] {logging_mixin.py:188} INFO - [2024-05-11T15:16:03.405-0300] {dag.py:3096} INFO - Sync 1 DAGs
[2024-05-11T15:16:03.426-0300] {logging_mixin.py:188} INFO - [2024-05-11T15:16:03.426-0300] {dag.py:3954} INFO - Setting next_dagrun for tutorial to 2024-05-10 00:00:00+00:00, run_after=2024-05-11 00:00:00+00:00
[2024-05-11T15:16:03.461-0300] {processor.py:183} INFO - Processing /home/patricia/Documentos/airflow/airflow_venv/lib/python3.10/site-packages/airflow/example_dags/tutorial.py took 0.095 seconds
[2024-05-11T15:17:03.685-0300] {processor.py:161} INFO - Started process (PID=5205) to work on /home/patricia/Documentos/airflow/airflow_venv/lib/python3.10/site-packages/airflow/example_dags/tutorial.py
[2024-05-11T15:17:03.701-0300] {processor.py:830} INFO - Processing file /home/patricia/Documentos/airflow/airflow_venv/lib/python3.10/site-packages/airflow/example_dags/tutorial.py for tasks to queue
[2024-05-11T15:17:03.721-0300] {logging_mixin.py:188} INFO - [2024-05-11T15:17:03.720-0300] {dagbag.py:545} INFO - Filling up the DagBag from /home/patricia/Documentos/airflow/airflow_venv/lib/python3.10/site-packages/airflow/example_dags/tutorial.py
[2024-05-11T15:17:03.735-0300] {processor.py:840} INFO - DAG(s) 'tutorial' retrieved from /home/patricia/Documentos/airflow/airflow_venv/lib/python3.10/site-packages/airflow/example_dags/tutorial.py
[2024-05-11T15:17:03.787-0300] {logging_mixin.py:188} INFO - [2024-05-11T15:17:03.787-0300] {dag.py:3096} INFO - Sync 1 DAGs
[2024-05-11T15:17:03.832-0300] {logging_mixin.py:188} INFO - [2024-05-11T15:17:03.832-0300] {dag.py:3954} INFO - Setting next_dagrun for tutorial to 2024-05-10 00:00:00+00:00, run_after=2024-05-11 00:00:00+00:00
[2024-05-11T15:17:03.971-0300] {processor.py:183} INFO - Processing /home/patricia/Documentos/airflow/airflow_venv/lib/python3.10/site-packages/airflow/example_dags/tutorial.py took 0.309 seconds
[2024-05-11T15:18:10.968-0300] {processor.py:161} INFO - Started process (PID=5387) to work on /home/patricia/Documentos/airflow/airflow_venv/lib/python3.10/site-packages/airflow/example_dags/tutorial.py
[2024-05-11T15:18:10.975-0300] {processor.py:830} INFO - Processing file /home/patricia/Documentos/airflow/airflow_venv/lib/python3.10/site-packages/airflow/example_dags/tutorial.py for tasks to queue
[2024-05-11T15:18:10.990-0300] {logging_mixin.py:188} INFO - [2024-05-11T15:18:10.989-0300] {dagbag.py:545} INFO - Filling up the DagBag from /home/patricia/Documentos/airflow/airflow_venv/lib/python3.10/site-packages/airflow/example_dags/tutorial.py
[2024-05-11T15:18:11.009-0300] {processor.py:840} INFO - DAG(s) 'tutorial' retrieved from /home/patricia/Documentos/airflow/airflow_venv/lib/python3.10/site-packages/airflow/example_dags/tutorial.py
[2024-05-11T15:18:11.090-0300] {logging_mixin.py:188} INFO - [2024-05-11T15:18:11.090-0300] {dag.py:3096} INFO - Sync 1 DAGs
[2024-05-11T15:18:11.139-0300] {logging_mixin.py:188} INFO - [2024-05-11T15:18:11.139-0300] {dag.py:3954} INFO - Setting next_dagrun for tutorial to 2024-05-10 00:00:00+00:00, run_after=2024-05-11 00:00:00+00:00
[2024-05-11T15:18:11.233-0300] {processor.py:183} INFO - Processing /home/patricia/Documentos/airflow/airflow_venv/lib/python3.10/site-packages/airflow/example_dags/tutorial.py took 0.291 seconds
[2024-05-11T15:19:18.695-0300] {processor.py:161} INFO - Started process (PID=5966) to work on /home/patricia/Documentos/airflow/airflow_venv/lib/python3.10/site-packages/airflow/example_dags/tutorial.py
[2024-05-11T15:19:18.699-0300] {processor.py:830} INFO - Processing file /home/patricia/Documentos/airflow/airflow_venv/lib/python3.10/site-packages/airflow/example_dags/tutorial.py for tasks to queue
[2024-05-11T15:19:18.708-0300] {logging_mixin.py:188} INFO - [2024-05-11T15:19:18.705-0300] {dagbag.py:545} INFO - Filling up the DagBag from /home/patricia/Documentos/airflow/airflow_venv/lib/python3.10/site-packages/airflow/example_dags/tutorial.py
[2024-05-11T15:19:18.723-0300] {processor.py:840} INFO - DAG(s) 'tutorial' retrieved from /home/patricia/Documentos/airflow/airflow_venv/lib/python3.10/site-packages/airflow/example_dags/tutorial.py
[2024-05-11T15:19:18.842-0300] {logging_mixin.py:188} INFO - [2024-05-11T15:19:18.841-0300] {dag.py:3096} INFO - Sync 1 DAGs
[2024-05-11T15:19:18.895-0300] {logging_mixin.py:188} INFO - [2024-05-11T15:19:18.895-0300] {dag.py:3954} INFO - Setting next_dagrun for tutorial to 2024-05-10 00:00:00+00:00, run_after=2024-05-11 00:00:00+00:00
[2024-05-11T15:19:18.978-0300] {processor.py:183} INFO - Processing /home/patricia/Documentos/airflow/airflow_venv/lib/python3.10/site-packages/airflow/example_dags/tutorial.py took 0.296 seconds
[2024-05-11T15:20:33.789-0300] {processor.py:161} INFO - Started process (PID=6123) to work on /home/patricia/Documentos/airflow/airflow_venv/lib/python3.10/site-packages/airflow/example_dags/tutorial.py
[2024-05-11T15:20:33.969-0300] {processor.py:830} INFO - Processing file /home/patricia/Documentos/airflow/airflow_venv/lib/python3.10/site-packages/airflow/example_dags/tutorial.py for tasks to queue
[2024-05-11T15:20:33.981-0300] {logging_mixin.py:188} INFO - [2024-05-11T15:20:33.980-0300] {dagbag.py:545} INFO - Filling up the DagBag from /home/patricia/Documentos/airflow/airflow_venv/lib/python3.10/site-packages/airflow/example_dags/tutorial.py
[2024-05-11T15:20:33.997-0300] {processor.py:840} INFO - DAG(s) 'tutorial' retrieved from /home/patricia/Documentos/airflow/airflow_venv/lib/python3.10/site-packages/airflow/example_dags/tutorial.py
[2024-05-11T15:20:34.040-0300] {logging_mixin.py:188} INFO - [2024-05-11T15:20:34.040-0300] {dag.py:3096} INFO - Sync 1 DAGs
[2024-05-11T15:20:34.070-0300] {logging_mixin.py:188} INFO - [2024-05-11T15:20:34.069-0300] {dag.py:3954} INFO - Setting next_dagrun for tutorial to 2024-05-10 00:00:00+00:00, run_after=2024-05-11 00:00:00+00:00
[2024-05-11T15:20:35.009-0300] {processor.py:183} INFO - Processing /home/patricia/Documentos/airflow/airflow_venv/lib/python3.10/site-packages/airflow/example_dags/tutorial.py took 1.229 seconds
[2024-05-11T15:21:46.155-0300] {processor.py:161} INFO - Started process (PID=6234) to work on /home/patricia/Documentos/airflow/airflow_venv/lib/python3.10/site-packages/airflow/example_dags/tutorial.py
[2024-05-11T15:21:46.158-0300] {processor.py:830} INFO - Processing file /home/patricia/Documentos/airflow/airflow_venv/lib/python3.10/site-packages/airflow/example_dags/tutorial.py for tasks to queue
[2024-05-11T15:21:46.162-0300] {logging_mixin.py:188} INFO - [2024-05-11T15:21:46.161-0300] {dagbag.py:545} INFO - Filling up the DagBag from /home/patricia/Documentos/airflow/airflow_venv/lib/python3.10/site-packages/airflow/example_dags/tutorial.py
[2024-05-11T15:21:46.171-0300] {processor.py:840} INFO - DAG(s) 'tutorial' retrieved from /home/patricia/Documentos/airflow/airflow_venv/lib/python3.10/site-packages/airflow/example_dags/tutorial.py
[2024-05-11T15:21:46.199-0300] {logging_mixin.py:188} INFO - [2024-05-11T15:21:46.199-0300] {dag.py:3096} INFO - Sync 1 DAGs
[2024-05-11T15:21:46.235-0300] {logging_mixin.py:188} INFO - [2024-05-11T15:21:46.235-0300] {dag.py:3954} INFO - Setting next_dagrun for tutorial to 2024-05-10 00:00:00+00:00, run_after=2024-05-11 00:00:00+00:00
[2024-05-11T15:21:46.308-0300] {processor.py:183} INFO - Processing /home/patricia/Documentos/airflow/airflow_venv/lib/python3.10/site-packages/airflow/example_dags/tutorial.py took 0.163 seconds
[2024-05-11T15:22:53.851-0300] {processor.py:161} INFO - Started process (PID=6378) to work on /home/patricia/Documentos/airflow/airflow_venv/lib/python3.10/site-packages/airflow/example_dags/tutorial.py
[2024-05-11T15:22:53.856-0300] {processor.py:830} INFO - Processing file /home/patricia/Documentos/airflow/airflow_venv/lib/python3.10/site-packages/airflow/example_dags/tutorial.py for tasks to queue
[2024-05-11T15:22:53.859-0300] {logging_mixin.py:188} INFO - [2024-05-11T15:22:53.858-0300] {dagbag.py:545} INFO - Filling up the DagBag from /home/patricia/Documentos/airflow/airflow_venv/lib/python3.10/site-packages/airflow/example_dags/tutorial.py
[2024-05-11T15:22:53.866-0300] {processor.py:840} INFO - DAG(s) 'tutorial' retrieved from /home/patricia/Documentos/airflow/airflow_venv/lib/python3.10/site-packages/airflow/example_dags/tutorial.py
[2024-05-11T15:22:53.882-0300] {logging_mixin.py:188} INFO - [2024-05-11T15:22:53.882-0300] {dag.py:3096} INFO - Sync 1 DAGs
[2024-05-11T15:22:53.904-0300] {logging_mixin.py:188} INFO - [2024-05-11T15:22:53.904-0300] {dag.py:3954} INFO - Setting next_dagrun for tutorial to 2024-05-10 00:00:00+00:00, run_after=2024-05-11 00:00:00+00:00
[2024-05-11T15:22:53.959-0300] {processor.py:183} INFO - Processing /home/patricia/Documentos/airflow/airflow_venv/lib/python3.10/site-packages/airflow/example_dags/tutorial.py took 0.114 seconds
[2024-05-11T15:23:54.599-0300] {processor.py:161} INFO - Started process (PID=6501) to work on /home/patricia/Documentos/airflow/airflow_venv/lib/python3.10/site-packages/airflow/example_dags/tutorial.py
[2024-05-11T15:23:54.603-0300] {processor.py:830} INFO - Processing file /home/patricia/Documentos/airflow/airflow_venv/lib/python3.10/site-packages/airflow/example_dags/tutorial.py for tasks to queue
[2024-05-11T15:23:54.607-0300] {logging_mixin.py:188} INFO - [2024-05-11T15:23:54.606-0300] {dagbag.py:545} INFO - Filling up the DagBag from /home/patricia/Documentos/airflow/airflow_venv/lib/python3.10/site-packages/airflow/example_dags/tutorial.py
[2024-05-11T15:23:54.614-0300] {processor.py:840} INFO - DAG(s) 'tutorial' retrieved from /home/patricia/Documentos/airflow/airflow_venv/lib/python3.10/site-packages/airflow/example_dags/tutorial.py
[2024-05-11T15:23:54.636-0300] {logging_mixin.py:188} INFO - [2024-05-11T15:23:54.636-0300] {dag.py:3096} INFO - Sync 1 DAGs
[2024-05-11T15:23:54.674-0300] {logging_mixin.py:188} INFO - [2024-05-11T15:23:54.672-0300] {dag.py:3954} INFO - Setting next_dagrun for tutorial to 2024-05-10 00:00:00+00:00, run_after=2024-05-11 00:00:00+00:00
[2024-05-11T15:23:54.755-0300] {processor.py:183} INFO - Processing /home/patricia/Documentos/airflow/airflow_venv/lib/python3.10/site-packages/airflow/example_dags/tutorial.py took 0.164 seconds
[2024-05-11T15:24:52.725-0300] {processor.py:161} INFO - Started process (PID=6612) to work on /home/patricia/Documentos/airflow/airflow_venv/lib/python3.10/site-packages/airflow/example_dags/tutorial.py
[2024-05-11T15:24:52.727-0300] {processor.py:830} INFO - Processing file /home/patricia/Documentos/airflow/airflow_venv/lib/python3.10/site-packages/airflow/example_dags/tutorial.py for tasks to queue
[2024-05-11T15:24:52.730-0300] {logging_mixin.py:188} INFO - [2024-05-11T15:24:52.730-0300] {dagbag.py:545} INFO - Filling up the DagBag from /home/patricia/Documentos/airflow/airflow_venv/lib/python3.10/site-packages/airflow/example_dags/tutorial.py
[2024-05-11T15:24:52.739-0300] {processor.py:840} INFO - DAG(s) 'tutorial' retrieved from /home/patricia/Documentos/airflow/airflow_venv/lib/python3.10/site-packages/airflow/example_dags/tutorial.py
[2024-05-11T15:24:52.759-0300] {logging_mixin.py:188} INFO - [2024-05-11T15:24:52.758-0300] {dag.py:3096} INFO - Sync 1 DAGs
[2024-05-11T15:24:52.781-0300] {logging_mixin.py:188} INFO - [2024-05-11T15:24:52.780-0300] {dag.py:3954} INFO - Setting next_dagrun for tutorial to 2024-05-10 00:00:00+00:00, run_after=2024-05-11 00:00:00+00:00
[2024-05-11T15:24:52.818-0300] {processor.py:183} INFO - Processing /home/patricia/Documentos/airflow/airflow_venv/lib/python3.10/site-packages/airflow/example_dags/tutorial.py took 0.100 seconds
[2024-05-11T15:26:24.813-0300] {processor.py:161} INFO - Started process (PID=7507) to work on /home/patricia/Documentos/airflow/airflow_venv/lib/python3.10/site-packages/airflow/example_dags/tutorial.py
[2024-05-11T15:26:24.817-0300] {processor.py:830} INFO - Processing file /home/patricia/Documentos/airflow/airflow_venv/lib/python3.10/site-packages/airflow/example_dags/tutorial.py for tasks to queue
[2024-05-11T15:26:24.819-0300] {logging_mixin.py:188} INFO - [2024-05-11T15:26:24.819-0300] {dagbag.py:545} INFO - Filling up the DagBag from /home/patricia/Documentos/airflow/airflow_venv/lib/python3.10/site-packages/airflow/example_dags/tutorial.py
[2024-05-11T15:26:24.832-0300] {processor.py:840} INFO - DAG(s) 'tutorial' retrieved from /home/patricia/Documentos/airflow/airflow_venv/lib/python3.10/site-packages/airflow/example_dags/tutorial.py
[2024-05-11T15:26:25.060-0300] {logging_mixin.py:188} INFO - [2024-05-11T15:26:25.060-0300] {dag.py:3096} INFO - Sync 1 DAGs
[2024-05-11T15:26:25.094-0300] {logging_mixin.py:188} INFO - [2024-05-11T15:26:25.094-0300] {dag.py:3954} INFO - Setting next_dagrun for tutorial to 2024-05-10 00:00:00+00:00, run_after=2024-05-11 00:00:00+00:00
[2024-05-11T15:26:25.141-0300] {processor.py:183} INFO - Processing /home/patricia/Documentos/airflow/airflow_venv/lib/python3.10/site-packages/airflow/example_dags/tutorial.py took 0.337 seconds
[2024-05-11T15:27:47.926-0300] {processor.py:161} INFO - Started process (PID=7684) to work on /home/patricia/Documentos/airflow/airflow_venv/lib/python3.10/site-packages/airflow/example_dags/tutorial.py
[2024-05-11T15:27:47.932-0300] {processor.py:830} INFO - Processing file /home/patricia/Documentos/airflow/airflow_venv/lib/python3.10/site-packages/airflow/example_dags/tutorial.py for tasks to queue
[2024-05-11T15:27:47.953-0300] {logging_mixin.py:188} INFO - [2024-05-11T15:27:47.952-0300] {dagbag.py:545} INFO - Filling up the DagBag from /home/patricia/Documentos/airflow/airflow_venv/lib/python3.10/site-packages/airflow/example_dags/tutorial.py
[2024-05-11T15:27:48.007-0300] {processor.py:840} INFO - DAG(s) 'tutorial' retrieved from /home/patricia/Documentos/airflow/airflow_venv/lib/python3.10/site-packages/airflow/example_dags/tutorial.py
[2024-05-11T15:27:48.047-0300] {logging_mixin.py:188} INFO - [2024-05-11T15:27:48.047-0300] {dag.py:3096} INFO - Sync 1 DAGs
[2024-05-11T15:27:48.085-0300] {logging_mixin.py:188} INFO - [2024-05-11T15:27:48.084-0300] {dag.py:3954} INFO - Setting next_dagrun for tutorial to 2024-05-10 00:00:00+00:00, run_after=2024-05-11 00:00:00+00:00
[2024-05-11T15:27:48.185-0300] {processor.py:183} INFO - Processing /home/patricia/Documentos/airflow/airflow_venv/lib/python3.10/site-packages/airflow/example_dags/tutorial.py took 0.286 seconds
[2024-05-11T15:29:02.306-0300] {processor.py:161} INFO - Started process (PID=7830) to work on /home/patricia/Documentos/airflow/airflow_venv/lib/python3.10/site-packages/airflow/example_dags/tutorial.py
[2024-05-11T15:29:02.309-0300] {processor.py:830} INFO - Processing file /home/patricia/Documentos/airflow/airflow_venv/lib/python3.10/site-packages/airflow/example_dags/tutorial.py for tasks to queue
[2024-05-11T15:29:02.311-0300] {logging_mixin.py:188} INFO - [2024-05-11T15:29:02.311-0300] {dagbag.py:545} INFO - Filling up the DagBag from /home/patricia/Documentos/airflow/airflow_venv/lib/python3.10/site-packages/airflow/example_dags/tutorial.py
[2024-05-11T15:29:02.319-0300] {processor.py:840} INFO - DAG(s) 'tutorial' retrieved from /home/patricia/Documentos/airflow/airflow_venv/lib/python3.10/site-packages/airflow/example_dags/tutorial.py
[2024-05-11T15:29:02.377-0300] {logging_mixin.py:188} INFO - [2024-05-11T15:29:02.376-0300] {dag.py:3096} INFO - Sync 1 DAGs
[2024-05-11T15:29:02.615-0300] {logging_mixin.py:188} INFO - [2024-05-11T15:29:02.615-0300] {dag.py:3954} INFO - Setting next_dagrun for tutorial to 2024-05-10 00:00:00+00:00, run_after=2024-05-11 00:00:00+00:00
[2024-05-11T15:29:02.649-0300] {processor.py:183} INFO - Processing /home/patricia/Documentos/airflow/airflow_venv/lib/python3.10/site-packages/airflow/example_dags/tutorial.py took 0.361 seconds
[2024-05-11T15:30:35.350-0300] {processor.py:161} INFO - Started process (PID=8026) to work on /home/patricia/Documentos/airflow/airflow_venv/lib/python3.10/site-packages/airflow/example_dags/tutorial.py
[2024-05-11T15:30:35.355-0300] {processor.py:830} INFO - Processing file /home/patricia/Documentos/airflow/airflow_venv/lib/python3.10/site-packages/airflow/example_dags/tutorial.py for tasks to queue
[2024-05-11T15:30:35.359-0300] {logging_mixin.py:188} INFO - [2024-05-11T15:30:35.359-0300] {dagbag.py:545} INFO - Filling up the DagBag from /home/patricia/Documentos/airflow/airflow_venv/lib/python3.10/site-packages/airflow/example_dags/tutorial.py
[2024-05-11T15:30:35.388-0300] {processor.py:840} INFO - DAG(s) 'tutorial' retrieved from /home/patricia/Documentos/airflow/airflow_venv/lib/python3.10/site-packages/airflow/example_dags/tutorial.py
[2024-05-11T15:30:35.415-0300] {logging_mixin.py:188} INFO - [2024-05-11T15:30:35.415-0300] {dag.py:3096} INFO - Sync 1 DAGs
[2024-05-11T15:30:35.448-0300] {logging_mixin.py:188} INFO - [2024-05-11T15:30:35.448-0300] {dag.py:3954} INFO - Setting next_dagrun for tutorial to 2024-05-10 00:00:00+00:00, run_after=2024-05-11 00:00:00+00:00
[2024-05-11T15:30:35.543-0300] {processor.py:183} INFO - Processing /home/patricia/Documentos/airflow/airflow_venv/lib/python3.10/site-packages/airflow/example_dags/tutorial.py took 0.255 seconds
[2024-05-11T15:31:42.788-0300] {processor.py:161} INFO - Started process (PID=8211) to work on /home/patricia/Documentos/airflow/airflow_venv/lib/python3.10/site-packages/airflow/example_dags/tutorial.py
[2024-05-11T15:31:42.793-0300] {processor.py:830} INFO - Processing file /home/patricia/Documentos/airflow/airflow_venv/lib/python3.10/site-packages/airflow/example_dags/tutorial.py for tasks to queue
[2024-05-11T15:31:42.800-0300] {logging_mixin.py:188} INFO - [2024-05-11T15:31:42.798-0300] {dagbag.py:545} INFO - Filling up the DagBag from /home/patricia/Documentos/airflow/airflow_venv/lib/python3.10/site-packages/airflow/example_dags/tutorial.py
[2024-05-11T15:31:42.822-0300] {processor.py:840} INFO - DAG(s) 'tutorial' retrieved from /home/patricia/Documentos/airflow/airflow_venv/lib/python3.10/site-packages/airflow/example_dags/tutorial.py
[2024-05-11T15:31:42.887-0300] {logging_mixin.py:188} INFO - [2024-05-11T15:31:42.886-0300] {dag.py:3096} INFO - Sync 1 DAGs
[2024-05-11T15:31:42.966-0300] {logging_mixin.py:188} INFO - [2024-05-11T15:31:42.963-0300] {dag.py:3954} INFO - Setting next_dagrun for tutorial to 2024-05-10 00:00:00+00:00, run_after=2024-05-11 00:00:00+00:00
[2024-05-11T15:31:43.044-0300] {processor.py:183} INFO - Processing /home/patricia/Documentos/airflow/airflow_venv/lib/python3.10/site-packages/airflow/example_dags/tutorial.py took 0.272 seconds
[2024-05-11T15:32:45.150-0300] {processor.py:161} INFO - Started process (PID=8518) to work on /home/patricia/Documentos/airflow/airflow_venv/lib/python3.10/site-packages/airflow/example_dags/tutorial.py
[2024-05-11T15:32:45.153-0300] {processor.py:830} INFO - Processing file /home/patricia/Documentos/airflow/airflow_venv/lib/python3.10/site-packages/airflow/example_dags/tutorial.py for tasks to queue
[2024-05-11T15:32:45.156-0300] {logging_mixin.py:188} INFO - [2024-05-11T15:32:45.155-0300] {dagbag.py:545} INFO - Filling up the DagBag from /home/patricia/Documentos/airflow/airflow_venv/lib/python3.10/site-packages/airflow/example_dags/tutorial.py
[2024-05-11T15:32:45.163-0300] {processor.py:840} INFO - DAG(s) 'tutorial' retrieved from /home/patricia/Documentos/airflow/airflow_venv/lib/python3.10/site-packages/airflow/example_dags/tutorial.py
[2024-05-11T15:32:45.182-0300] {logging_mixin.py:188} INFO - [2024-05-11T15:32:45.181-0300] {dag.py:3096} INFO - Sync 1 DAGs
[2024-05-11T15:32:45.204-0300] {logging_mixin.py:188} INFO - [2024-05-11T15:32:45.203-0300] {dag.py:3954} INFO - Setting next_dagrun for tutorial to 2024-05-10 00:00:00+00:00, run_after=2024-05-11 00:00:00+00:00
[2024-05-11T15:32:45.240-0300] {processor.py:183} INFO - Processing /home/patricia/Documentos/airflow/airflow_venv/lib/python3.10/site-packages/airflow/example_dags/tutorial.py took 0.097 seconds
[2024-05-11T15:33:56.807-0300] {processor.py:161} INFO - Started process (PID=9111) to work on /home/patricia/Documentos/airflow/airflow_venv/lib/python3.10/site-packages/airflow/example_dags/tutorial.py
[2024-05-11T15:33:56.817-0300] {processor.py:830} INFO - Processing file /home/patricia/Documentos/airflow/airflow_venv/lib/python3.10/site-packages/airflow/example_dags/tutorial.py for tasks to queue
[2024-05-11T15:33:56.821-0300] {logging_mixin.py:188} INFO - [2024-05-11T15:33:56.821-0300] {dagbag.py:545} INFO - Filling up the DagBag from /home/patricia/Documentos/airflow/airflow_venv/lib/python3.10/site-packages/airflow/example_dags/tutorial.py
[2024-05-11T15:33:56.835-0300] {processor.py:840} INFO - DAG(s) 'tutorial' retrieved from /home/patricia/Documentos/airflow/airflow_venv/lib/python3.10/site-packages/airflow/example_dags/tutorial.py
[2024-05-11T15:33:56.902-0300] {logging_mixin.py:188} INFO - [2024-05-11T15:33:56.902-0300] {dag.py:3096} INFO - Sync 1 DAGs
[2024-05-11T15:33:56.931-0300] {logging_mixin.py:188} INFO - [2024-05-11T15:33:56.931-0300] {dag.py:3954} INFO - Setting next_dagrun for tutorial to 2024-05-10 00:00:00+00:00, run_after=2024-05-11 00:00:00+00:00
[2024-05-11T15:33:57.018-0300] {processor.py:183} INFO - Processing /home/patricia/Documentos/airflow/airflow_venv/lib/python3.10/site-packages/airflow/example_dags/tutorial.py took 0.245 seconds
[2024-05-11T15:35:16.649-0300] {processor.py:161} INFO - Started process (PID=9405) to work on /home/patricia/Documentos/airflow/airflow_venv/lib/python3.10/site-packages/airflow/example_dags/tutorial.py
[2024-05-11T15:35:16.655-0300] {processor.py:830} INFO - Processing file /home/patricia/Documentos/airflow/airflow_venv/lib/python3.10/site-packages/airflow/example_dags/tutorial.py for tasks to queue
[2024-05-11T15:35:16.663-0300] {logging_mixin.py:188} INFO - [2024-05-11T15:35:16.662-0300] {dagbag.py:545} INFO - Filling up the DagBag from /home/patricia/Documentos/airflow/airflow_venv/lib/python3.10/site-packages/airflow/example_dags/tutorial.py
[2024-05-11T15:35:16.675-0300] {processor.py:840} INFO - DAG(s) 'tutorial' retrieved from /home/patricia/Documentos/airflow/airflow_venv/lib/python3.10/site-packages/airflow/example_dags/tutorial.py
[2024-05-11T15:35:16.716-0300] {logging_mixin.py:188} INFO - [2024-05-11T15:35:16.715-0300] {dag.py:3096} INFO - Sync 1 DAGs
[2024-05-11T15:35:16.748-0300] {logging_mixin.py:188} INFO - [2024-05-11T15:35:16.748-0300] {dag.py:3954} INFO - Setting next_dagrun for tutorial to 2024-05-10 00:00:00+00:00, run_after=2024-05-11 00:00:00+00:00
[2024-05-11T15:35:16.819-0300] {processor.py:183} INFO - Processing /home/patricia/Documentos/airflow/airflow_venv/lib/python3.10/site-packages/airflow/example_dags/tutorial.py took 0.189 seconds
[2024-05-11T15:36:33.982-0300] {processor.py:161} INFO - Started process (PID=9613) to work on /home/patricia/Documentos/airflow/airflow_venv/lib/python3.10/site-packages/airflow/example_dags/tutorial.py
[2024-05-11T15:36:33.985-0300] {processor.py:830} INFO - Processing file /home/patricia/Documentos/airflow/airflow_venv/lib/python3.10/site-packages/airflow/example_dags/tutorial.py for tasks to queue
[2024-05-11T15:36:33.992-0300] {logging_mixin.py:188} INFO - [2024-05-11T15:36:33.991-0300] {dagbag.py:545} INFO - Filling up the DagBag from /home/patricia/Documentos/airflow/airflow_venv/lib/python3.10/site-packages/airflow/example_dags/tutorial.py
[2024-05-11T15:36:34.003-0300] {processor.py:840} INFO - DAG(s) 'tutorial' retrieved from /home/patricia/Documentos/airflow/airflow_venv/lib/python3.10/site-packages/airflow/example_dags/tutorial.py
[2024-05-11T15:36:34.047-0300] {logging_mixin.py:188} INFO - [2024-05-11T15:36:34.046-0300] {dag.py:3096} INFO - Sync 1 DAGs
[2024-05-11T15:36:34.076-0300] {logging_mixin.py:188} INFO - [2024-05-11T15:36:34.075-0300] {dag.py:3954} INFO - Setting next_dagrun for tutorial to 2024-05-10 00:00:00+00:00, run_after=2024-05-11 00:00:00+00:00
[2024-05-11T15:36:34.144-0300] {processor.py:183} INFO - Processing /home/patricia/Documentos/airflow/airflow_venv/lib/python3.10/site-packages/airflow/example_dags/tutorial.py took 0.178 seconds
[2024-05-11T15:38:44.751-0300] {processor.py:161} INFO - Started process (PID=9970) to work on /home/patricia/Documentos/airflow/airflow_venv/lib/python3.10/site-packages/airflow/example_dags/tutorial.py
[2024-05-11T15:38:44.753-0300] {processor.py:830} INFO - Processing file /home/patricia/Documentos/airflow/airflow_venv/lib/python3.10/site-packages/airflow/example_dags/tutorial.py for tasks to queue
[2024-05-11T15:38:44.756-0300] {logging_mixin.py:188} INFO - [2024-05-11T15:38:44.755-0300] {dagbag.py:545} INFO - Filling up the DagBag from /home/patricia/Documentos/airflow/airflow_venv/lib/python3.10/site-packages/airflow/example_dags/tutorial.py
[2024-05-11T15:38:44.764-0300] {processor.py:840} INFO - DAG(s) 'tutorial' retrieved from /home/patricia/Documentos/airflow/airflow_venv/lib/python3.10/site-packages/airflow/example_dags/tutorial.py
[2024-05-11T15:38:44.781-0300] {logging_mixin.py:188} INFO - [2024-05-11T15:38:44.781-0300] {dag.py:3096} INFO - Sync 1 DAGs
[2024-05-11T15:38:44.802-0300] {logging_mixin.py:188} INFO - [2024-05-11T15:38:44.802-0300] {dag.py:3954} INFO - Setting next_dagrun for tutorial to 2024-05-10 00:00:00+00:00, run_after=2024-05-11 00:00:00+00:00
[2024-05-11T15:38:44.839-0300] {processor.py:183} INFO - Processing /home/patricia/Documentos/airflow/airflow_venv/lib/python3.10/site-packages/airflow/example_dags/tutorial.py took 0.096 seconds
[2024-05-11T15:39:44.799-0300] {processor.py:161} INFO - Started process (PID=10071) to work on /home/patricia/Documentos/airflow/airflow_venv/lib/python3.10/site-packages/airflow/example_dags/tutorial.py
[2024-05-11T15:39:44.804-0300] {processor.py:830} INFO - Processing file /home/patricia/Documentos/airflow/airflow_venv/lib/python3.10/site-packages/airflow/example_dags/tutorial.py for tasks to queue
[2024-05-11T15:39:44.810-0300] {logging_mixin.py:188} INFO - [2024-05-11T15:39:44.809-0300] {dagbag.py:545} INFO - Filling up the DagBag from /home/patricia/Documentos/airflow/airflow_venv/lib/python3.10/site-packages/airflow/example_dags/tutorial.py
[2024-05-11T15:39:44.826-0300] {processor.py:840} INFO - DAG(s) 'tutorial' retrieved from /home/patricia/Documentos/airflow/airflow_venv/lib/python3.10/site-packages/airflow/example_dags/tutorial.py
[2024-05-11T15:39:44.868-0300] {logging_mixin.py:188} INFO - [2024-05-11T15:39:44.868-0300] {dag.py:3096} INFO - Sync 1 DAGs
[2024-05-11T15:39:44.931-0300] {logging_mixin.py:188} INFO - [2024-05-11T15:39:44.930-0300] {dag.py:3954} INFO - Setting next_dagrun for tutorial to 2024-05-10 00:00:00+00:00, run_after=2024-05-11 00:00:00+00:00
[2024-05-11T15:39:45.022-0300] {processor.py:183} INFO - Processing /home/patricia/Documentos/airflow/airflow_venv/lib/python3.10/site-packages/airflow/example_dags/tutorial.py took 0.239 seconds
[2024-05-11T16:28:18.425-0300] {processor.py:161} INFO - Started process (PID=10995) to work on /home/patricia/Documentos/airflow/airflow_venv/lib/python3.10/site-packages/airflow/example_dags/tutorial.py
[2024-05-11T16:28:18.429-0300] {processor.py:830} INFO - Processing file /home/patricia/Documentos/airflow/airflow_venv/lib/python3.10/site-packages/airflow/example_dags/tutorial.py for tasks to queue
[2024-05-11T16:28:18.432-0300] {logging_mixin.py:188} INFO - [2024-05-11T16:28:18.432-0300] {dagbag.py:545} INFO - Filling up the DagBag from /home/patricia/Documentos/airflow/airflow_venv/lib/python3.10/site-packages/airflow/example_dags/tutorial.py
[2024-05-11T16:28:18.445-0300] {processor.py:840} INFO - DAG(s) 'tutorial' retrieved from /home/patricia/Documentos/airflow/airflow_venv/lib/python3.10/site-packages/airflow/example_dags/tutorial.py
[2024-05-11T16:28:18.701-0300] {logging_mixin.py:188} INFO - [2024-05-11T16:28:18.701-0300] {dag.py:3096} INFO - Sync 1 DAGs
[2024-05-11T16:28:18.753-0300] {logging_mixin.py:188} INFO - [2024-05-11T16:28:18.752-0300] {dag.py:3954} INFO - Setting next_dagrun for tutorial to 2024-05-10 00:00:00+00:00, run_after=2024-05-11 00:00:00+00:00
[2024-05-11T16:28:18.834-0300] {processor.py:183} INFO - Processing /home/patricia/Documentos/airflow/airflow_venv/lib/python3.10/site-packages/airflow/example_dags/tutorial.py took 0.437 seconds
[2024-05-11T16:30:34.796-0300] {processor.py:161} INFO - Started process (PID=11256) to work on /home/patricia/Documentos/airflow/airflow_venv/lib/python3.10/site-packages/airflow/example_dags/tutorial.py
[2024-05-11T16:30:34.810-0300] {processor.py:830} INFO - Processing file /home/patricia/Documentos/airflow/airflow_venv/lib/python3.10/site-packages/airflow/example_dags/tutorial.py for tasks to queue
[2024-05-11T16:30:34.851-0300] {logging_mixin.py:188} INFO - [2024-05-11T16:30:34.839-0300] {dagbag.py:545} INFO - Filling up the DagBag from /home/patricia/Documentos/airflow/airflow_venv/lib/python3.10/site-packages/airflow/example_dags/tutorial.py
[2024-05-11T16:30:34.866-0300] {processor.py:840} INFO - DAG(s) 'tutorial' retrieved from /home/patricia/Documentos/airflow/airflow_venv/lib/python3.10/site-packages/airflow/example_dags/tutorial.py
[2024-05-11T16:30:34.902-0300] {logging_mixin.py:188} INFO - [2024-05-11T16:30:34.902-0300] {dag.py:3096} INFO - Sync 1 DAGs
[2024-05-11T16:30:34.947-0300] {logging_mixin.py:188} INFO - [2024-05-11T16:30:34.946-0300] {dag.py:3954} INFO - Setting next_dagrun for tutorial to 2024-05-10 00:00:00+00:00, run_after=2024-05-11 00:00:00+00:00
[2024-05-11T16:30:35.073-0300] {processor.py:183} INFO - Processing /home/patricia/Documentos/airflow/airflow_venv/lib/python3.10/site-packages/airflow/example_dags/tutorial.py took 0.291 seconds
[2024-05-11T16:31:56.333-0300] {processor.py:161} INFO - Started process (PID=11402) to work on /home/patricia/Documentos/airflow/airflow_venv/lib/python3.10/site-packages/airflow/example_dags/tutorial.py
[2024-05-11T16:31:56.338-0300] {processor.py:830} INFO - Processing file /home/patricia/Documentos/airflow/airflow_venv/lib/python3.10/site-packages/airflow/example_dags/tutorial.py for tasks to queue
[2024-05-11T16:31:56.344-0300] {logging_mixin.py:188} INFO - [2024-05-11T16:31:56.343-0300] {dagbag.py:545} INFO - Filling up the DagBag from /home/patricia/Documentos/airflow/airflow_venv/lib/python3.10/site-packages/airflow/example_dags/tutorial.py
[2024-05-11T16:31:56.362-0300] {processor.py:840} INFO - DAG(s) 'tutorial' retrieved from /home/patricia/Documentos/airflow/airflow_venv/lib/python3.10/site-packages/airflow/example_dags/tutorial.py
[2024-05-11T16:31:56.406-0300] {logging_mixin.py:188} INFO - [2024-05-11T16:31:56.405-0300] {dag.py:3096} INFO - Sync 1 DAGs
[2024-05-11T16:31:56.664-0300] {logging_mixin.py:188} INFO - [2024-05-11T16:31:56.663-0300] {dag.py:3954} INFO - Setting next_dagrun for tutorial to 2024-05-10 00:00:00+00:00, run_after=2024-05-11 00:00:00+00:00
[2024-05-11T16:31:56.730-0300] {processor.py:183} INFO - Processing /home/patricia/Documentos/airflow/airflow_venv/lib/python3.10/site-packages/airflow/example_dags/tutorial.py took 0.414 seconds
[2024-05-11T16:33:49.792-0300] {processor.py:161} INFO - Started process (PID=11662) to work on /home/patricia/Documentos/airflow/airflow_venv/lib/python3.10/site-packages/airflow/example_dags/tutorial.py
[2024-05-11T16:33:49.797-0300] {processor.py:830} INFO - Processing file /home/patricia/Documentos/airflow/airflow_venv/lib/python3.10/site-packages/airflow/example_dags/tutorial.py for tasks to queue
[2024-05-11T16:33:49.847-0300] {logging_mixin.py:188} INFO - [2024-05-11T16:33:49.841-0300] {dagbag.py:545} INFO - Filling up the DagBag from /home/patricia/Documentos/airflow/airflow_venv/lib/python3.10/site-packages/airflow/example_dags/tutorial.py
[2024-05-11T16:33:49.872-0300] {processor.py:840} INFO - DAG(s) 'tutorial' retrieved from /home/patricia/Documentos/airflow/airflow_venv/lib/python3.10/site-packages/airflow/example_dags/tutorial.py
[2024-05-11T16:33:50.034-0300] {logging_mixin.py:188} INFO - [2024-05-11T16:33:50.022-0300] {dag.py:3096} INFO - Sync 1 DAGs
[2024-05-11T16:33:50.279-0300] {logging_mixin.py:188} INFO - [2024-05-11T16:33:50.279-0300] {dag.py:3954} INFO - Setting next_dagrun for tutorial to 2024-05-10 00:00:00+00:00, run_after=2024-05-11 00:00:00+00:00
[2024-05-11T16:33:50.354-0300] {processor.py:183} INFO - Processing /home/patricia/Documentos/airflow/airflow_venv/lib/python3.10/site-packages/airflow/example_dags/tutorial.py took 0.583 seconds
[2024-05-11T16:35:26.987-0300] {processor.py:161} INFO - Started process (PID=11815) to work on /home/patricia/Documentos/airflow/airflow_venv/lib/python3.10/site-packages/airflow/example_dags/tutorial.py
[2024-05-11T16:35:26.993-0300] {processor.py:830} INFO - Processing file /home/patricia/Documentos/airflow/airflow_venv/lib/python3.10/site-packages/airflow/example_dags/tutorial.py for tasks to queue
[2024-05-11T16:35:27.002-0300] {logging_mixin.py:188} INFO - [2024-05-11T16:35:27.001-0300] {dagbag.py:545} INFO - Filling up the DagBag from /home/patricia/Documentos/airflow/airflow_venv/lib/python3.10/site-packages/airflow/example_dags/tutorial.py
[2024-05-11T16:35:27.017-0300] {processor.py:840} INFO - DAG(s) 'tutorial' retrieved from /home/patricia/Documentos/airflow/airflow_venv/lib/python3.10/site-packages/airflow/example_dags/tutorial.py
[2024-05-11T16:35:27.068-0300] {logging_mixin.py:188} INFO - [2024-05-11T16:35:27.067-0300] {dag.py:3096} INFO - Sync 1 DAGs
[2024-05-11T16:35:27.178-0300] {logging_mixin.py:188} INFO - [2024-05-11T16:35:27.178-0300] {dag.py:3954} INFO - Setting next_dagrun for tutorial to 2024-05-10 00:00:00+00:00, run_after=2024-05-11 00:00:00+00:00
[2024-05-11T16:35:27.387-0300] {processor.py:183} INFO - Processing /home/patricia/Documentos/airflow/airflow_venv/lib/python3.10/site-packages/airflow/example_dags/tutorial.py took 0.415 seconds
[2024-05-11T16:37:02.866-0300] {processor.py:161} INFO - Started process (PID=11961) to work on /home/patricia/Documentos/airflow/airflow_venv/lib/python3.10/site-packages/airflow/example_dags/tutorial.py
[2024-05-11T16:37:02.870-0300] {processor.py:830} INFO - Processing file /home/patricia/Documentos/airflow/airflow_venv/lib/python3.10/site-packages/airflow/example_dags/tutorial.py for tasks to queue
[2024-05-11T16:37:02.877-0300] {logging_mixin.py:188} INFO - [2024-05-11T16:37:02.875-0300] {dagbag.py:545} INFO - Filling up the DagBag from /home/patricia/Documentos/airflow/airflow_venv/lib/python3.10/site-packages/airflow/example_dags/tutorial.py
[2024-05-11T16:37:02.894-0300] {processor.py:840} INFO - DAG(s) 'tutorial' retrieved from /home/patricia/Documentos/airflow/airflow_venv/lib/python3.10/site-packages/airflow/example_dags/tutorial.py
[2024-05-11T16:37:03.020-0300] {logging_mixin.py:188} INFO - [2024-05-11T16:37:03.019-0300] {dag.py:3096} INFO - Sync 1 DAGs
[2024-05-11T16:37:03.167-0300] {logging_mixin.py:188} INFO - [2024-05-11T16:37:03.166-0300] {dag.py:3954} INFO - Setting next_dagrun for tutorial to 2024-05-10 00:00:00+00:00, run_after=2024-05-11 00:00:00+00:00
[2024-05-11T16:37:03.275-0300] {processor.py:183} INFO - Processing /home/patricia/Documentos/airflow/airflow_venv/lib/python3.10/site-packages/airflow/example_dags/tutorial.py took 0.463 seconds
