[2024-05-11T15:11:28.546-0300] {processor.py:161} INFO - Started process (PID=4510) to work on /home/patricia/Documentos/airflow/airflow_venv/lib/python3.10/site-packages/airflow/example_dags/tutorial_objectstorage.py
[2024-05-11T15:11:28.547-0300] {processor.py:830} INFO - Processing file /home/patricia/Documentos/airflow/airflow_venv/lib/python3.10/site-packages/airflow/example_dags/tutorial_objectstorage.py for tasks to queue
[2024-05-11T15:11:28.549-0300] {logging_mixin.py:188} INFO - [2024-05-11T15:11:28.549-0300] {dagbag.py:545} INFO - Filling up the DagBag from /home/patricia/Documentos/airflow/airflow_venv/lib/python3.10/site-packages/airflow/example_dags/tutorial_objectstorage.py
[2024-05-11T15:11:28.560-0300] {processor.py:840} INFO - DAG(s) 'tutorial_objectstorage' retrieved from /home/patricia/Documentos/airflow/airflow_venv/lib/python3.10/site-packages/airflow/example_dags/tutorial_objectstorage.py
[2024-05-11T15:11:28.671-0300] {logging_mixin.py:188} INFO - [2024-05-11T15:11:28.671-0300] {dag.py:3096} INFO - Sync 1 DAGs
[2024-05-11T15:11:28.685-0300] {logging_mixin.py:188} INFO - [2024-05-11T15:11:28.685-0300] {dag.py:3954} INFO - Setting next_dagrun for tutorial_objectstorage to None, run_after=None
[2024-05-11T15:11:28.722-0300] {processor.py:183} INFO - Processing /home/patricia/Documentos/airflow/airflow_venv/lib/python3.10/site-packages/airflow/example_dags/tutorial_objectstorage.py took 0.183 seconds
[2024-05-11T15:13:33.002-0300] {processor.py:161} INFO - Started process (PID=4727) to work on /home/patricia/Documentos/airflow/airflow_venv/lib/python3.10/site-packages/airflow/example_dags/tutorial_objectstorage.py
[2024-05-11T15:13:33.029-0300] {processor.py:830} INFO - Processing file /home/patricia/Documentos/airflow/airflow_venv/lib/python3.10/site-packages/airflow/example_dags/tutorial_objectstorage.py for tasks to queue
[2024-05-11T15:13:33.034-0300] {logging_mixin.py:188} INFO - [2024-05-11T15:13:33.034-0300] {dagbag.py:545} INFO - Filling up the DagBag from /home/patricia/Documentos/airflow/airflow_venv/lib/python3.10/site-packages/airflow/example_dags/tutorial_objectstorage.py
[2024-05-11T15:13:33.051-0300] {processor.py:840} INFO - DAG(s) 'tutorial_objectstorage' retrieved from /home/patricia/Documentos/airflow/airflow_venv/lib/python3.10/site-packages/airflow/example_dags/tutorial_objectstorage.py
[2024-05-11T15:13:33.069-0300] {logging_mixin.py:188} INFO - [2024-05-11T15:13:33.069-0300] {dag.py:3096} INFO - Sync 1 DAGs
[2024-05-11T15:13:33.082-0300] {logging_mixin.py:188} INFO - [2024-05-11T15:13:33.082-0300] {dag.py:3954} INFO - Setting next_dagrun for tutorial_objectstorage to None, run_after=None
[2024-05-11T15:13:33.132-0300] {processor.py:183} INFO - Processing /home/patricia/Documentos/airflow/airflow_venv/lib/python3.10/site-packages/airflow/example_dags/tutorial_objectstorage.py took 0.152 seconds
[2024-05-11T15:15:03.213-0300] {processor.py:161} INFO - Started process (PID=4953) to work on /home/patricia/Documentos/airflow/airflow_venv/lib/python3.10/site-packages/airflow/example_dags/tutorial_objectstorage.py
[2024-05-11T15:15:03.216-0300] {processor.py:830} INFO - Processing file /home/patricia/Documentos/airflow/airflow_venv/lib/python3.10/site-packages/airflow/example_dags/tutorial_objectstorage.py for tasks to queue
[2024-05-11T15:15:03.220-0300] {logging_mixin.py:188} INFO - [2024-05-11T15:15:03.219-0300] {dagbag.py:545} INFO - Filling up the DagBag from /home/patricia/Documentos/airflow/airflow_venv/lib/python3.10/site-packages/airflow/example_dags/tutorial_objectstorage.py
[2024-05-11T15:15:03.336-0300] {processor.py:840} INFO - DAG(s) 'tutorial_objectstorage' retrieved from /home/patricia/Documentos/airflow/airflow_venv/lib/python3.10/site-packages/airflow/example_dags/tutorial_objectstorage.py
[2024-05-11T15:15:03.350-0300] {logging_mixin.py:188} INFO - [2024-05-11T15:15:03.350-0300] {dag.py:3096} INFO - Sync 1 DAGs
[2024-05-11T15:15:03.380-0300] {logging_mixin.py:188} INFO - [2024-05-11T15:15:03.380-0300] {dag.py:3954} INFO - Setting next_dagrun for tutorial_objectstorage to None, run_after=None
[2024-05-11T15:15:03.425-0300] {processor.py:183} INFO - Processing /home/patricia/Documentos/airflow/airflow_venv/lib/python3.10/site-packages/airflow/example_dags/tutorial_objectstorage.py took 0.220 seconds
[2024-05-11T15:16:09.213-0300] {processor.py:161} INFO - Started process (PID=5091) to work on /home/patricia/Documentos/airflow/airflow_venv/lib/python3.10/site-packages/airflow/example_dags/tutorial_objectstorage.py
[2024-05-11T15:16:09.216-0300] {processor.py:830} INFO - Processing file /home/patricia/Documentos/airflow/airflow_venv/lib/python3.10/site-packages/airflow/example_dags/tutorial_objectstorage.py for tasks to queue
[2024-05-11T15:16:09.219-0300] {logging_mixin.py:188} INFO - [2024-05-11T15:16:09.218-0300] {dagbag.py:545} INFO - Filling up the DagBag from /home/patricia/Documentos/airflow/airflow_venv/lib/python3.10/site-packages/airflow/example_dags/tutorial_objectstorage.py
[2024-05-11T15:16:09.228-0300] {processor.py:840} INFO - DAG(s) 'tutorial_objectstorage' retrieved from /home/patricia/Documentos/airflow/airflow_venv/lib/python3.10/site-packages/airflow/example_dags/tutorial_objectstorage.py
[2024-05-11T15:16:09.247-0300] {logging_mixin.py:188} INFO - [2024-05-11T15:16:09.246-0300] {dag.py:3096} INFO - Sync 1 DAGs
[2024-05-11T15:16:09.260-0300] {logging_mixin.py:188} INFO - [2024-05-11T15:16:09.260-0300] {dag.py:3954} INFO - Setting next_dagrun for tutorial_objectstorage to None, run_after=None
[2024-05-11T15:16:09.292-0300] {processor.py:183} INFO - Processing /home/patricia/Documentos/airflow/airflow_venv/lib/python3.10/site-packages/airflow/example_dags/tutorial_objectstorage.py took 0.086 seconds
[2024-05-11T15:17:10.837-0300] {processor.py:161} INFO - Started process (PID=5219) to work on /home/patricia/Documentos/airflow/airflow_venv/lib/python3.10/site-packages/airflow/example_dags/tutorial_objectstorage.py
[2024-05-11T15:17:10.840-0300] {processor.py:830} INFO - Processing file /home/patricia/Documentos/airflow/airflow_venv/lib/python3.10/site-packages/airflow/example_dags/tutorial_objectstorage.py for tasks to queue
[2024-05-11T15:17:10.843-0300] {logging_mixin.py:188} INFO - [2024-05-11T15:17:10.842-0300] {dagbag.py:545} INFO - Filling up the DagBag from /home/patricia/Documentos/airflow/airflow_venv/lib/python3.10/site-packages/airflow/example_dags/tutorial_objectstorage.py
[2024-05-11T15:17:10.855-0300] {processor.py:840} INFO - DAG(s) 'tutorial_objectstorage' retrieved from /home/patricia/Documentos/airflow/airflow_venv/lib/python3.10/site-packages/airflow/example_dags/tutorial_objectstorage.py
[2024-05-11T15:17:10.876-0300] {logging_mixin.py:188} INFO - [2024-05-11T15:17:10.876-0300] {dag.py:3096} INFO - Sync 1 DAGs
[2024-05-11T15:17:10.891-0300] {logging_mixin.py:188} INFO - [2024-05-11T15:17:10.891-0300] {dag.py:3954} INFO - Setting next_dagrun for tutorial_objectstorage to None, run_after=None
[2024-05-11T15:17:10.933-0300] {processor.py:183} INFO - Processing /home/patricia/Documentos/airflow/airflow_venv/lib/python3.10/site-packages/airflow/example_dags/tutorial_objectstorage.py took 0.105 seconds
[2024-05-11T15:18:17.534-0300] {processor.py:161} INFO - Started process (PID=5546) to work on /home/patricia/Documentos/airflow/airflow_venv/lib/python3.10/site-packages/airflow/example_dags/tutorial_objectstorage.py
[2024-05-11T15:18:17.543-0300] {processor.py:830} INFO - Processing file /home/patricia/Documentos/airflow/airflow_venv/lib/python3.10/site-packages/airflow/example_dags/tutorial_objectstorage.py for tasks to queue
[2024-05-11T15:18:17.549-0300] {logging_mixin.py:188} INFO - [2024-05-11T15:18:17.547-0300] {dagbag.py:545} INFO - Filling up the DagBag from /home/patricia/Documentos/airflow/airflow_venv/lib/python3.10/site-packages/airflow/example_dags/tutorial_objectstorage.py
[2024-05-11T15:18:17.582-0300] {processor.py:840} INFO - DAG(s) 'tutorial_objectstorage' retrieved from /home/patricia/Documentos/airflow/airflow_venv/lib/python3.10/site-packages/airflow/example_dags/tutorial_objectstorage.py
[2024-05-11T15:18:17.677-0300] {logging_mixin.py:188} INFO - [2024-05-11T15:18:17.676-0300] {dag.py:3096} INFO - Sync 1 DAGs
[2024-05-11T15:18:17.700-0300] {logging_mixin.py:188} INFO - [2024-05-11T15:18:17.699-0300] {dag.py:3954} INFO - Setting next_dagrun for tutorial_objectstorage to None, run_after=None
[2024-05-11T15:18:17.756-0300] {processor.py:183} INFO - Processing /home/patricia/Documentos/airflow/airflow_venv/lib/python3.10/site-packages/airflow/example_dags/tutorial_objectstorage.py took 0.275 seconds
[2024-05-11T15:19:26.747-0300] {processor.py:161} INFO - Started process (PID=5980) to work on /home/patricia/Documentos/airflow/airflow_venv/lib/python3.10/site-packages/airflow/example_dags/tutorial_objectstorage.py
[2024-05-11T15:19:26.752-0300] {processor.py:830} INFO - Processing file /home/patricia/Documentos/airflow/airflow_venv/lib/python3.10/site-packages/airflow/example_dags/tutorial_objectstorage.py for tasks to queue
[2024-05-11T15:19:26.755-0300] {logging_mixin.py:188} INFO - [2024-05-11T15:19:26.754-0300] {dagbag.py:545} INFO - Filling up the DagBag from /home/patricia/Documentos/airflow/airflow_venv/lib/python3.10/site-packages/airflow/example_dags/tutorial_objectstorage.py
[2024-05-11T15:19:26.766-0300] {processor.py:840} INFO - DAG(s) 'tutorial_objectstorage' retrieved from /home/patricia/Documentos/airflow/airflow_venv/lib/python3.10/site-packages/airflow/example_dags/tutorial_objectstorage.py
[2024-05-11T15:19:26.789-0300] {logging_mixin.py:188} INFO - [2024-05-11T15:19:26.789-0300] {dag.py:3096} INFO - Sync 1 DAGs
[2024-05-11T15:19:26.809-0300] {logging_mixin.py:188} INFO - [2024-05-11T15:19:26.809-0300] {dag.py:3954} INFO - Setting next_dagrun for tutorial_objectstorage to None, run_after=None
[2024-05-11T15:19:26.853-0300] {processor.py:183} INFO - Processing /home/patricia/Documentos/airflow/airflow_venv/lib/python3.10/site-packages/airflow/example_dags/tutorial_objectstorage.py took 0.118 seconds
[2024-05-11T15:20:51.847-0300] {processor.py:161} INFO - Started process (PID=6150) to work on /home/patricia/Documentos/airflow/airflow_venv/lib/python3.10/site-packages/airflow/example_dags/tutorial_objectstorage.py
[2024-05-11T15:20:52.046-0300] {processor.py:830} INFO - Processing file /home/patricia/Documentos/airflow/airflow_venv/lib/python3.10/site-packages/airflow/example_dags/tutorial_objectstorage.py for tasks to queue
[2024-05-11T15:20:52.053-0300] {logging_mixin.py:188} INFO - [2024-05-11T15:20:52.052-0300] {dagbag.py:545} INFO - Filling up the DagBag from /home/patricia/Documentos/airflow/airflow_venv/lib/python3.10/site-packages/airflow/example_dags/tutorial_objectstorage.py
[2024-05-11T15:20:52.077-0300] {processor.py:840} INFO - DAG(s) 'tutorial_objectstorage' retrieved from /home/patricia/Documentos/airflow/airflow_venv/lib/python3.10/site-packages/airflow/example_dags/tutorial_objectstorage.py
[2024-05-11T15:20:52.108-0300] {logging_mixin.py:188} INFO - [2024-05-11T15:20:52.107-0300] {dag.py:3096} INFO - Sync 1 DAGs
[2024-05-11T15:20:52.135-0300] {logging_mixin.py:188} INFO - [2024-05-11T15:20:52.134-0300] {dag.py:3954} INFO - Setting next_dagrun for tutorial_objectstorage to None, run_after=None
[2024-05-11T15:20:53.177-0300] {processor.py:183} INFO - Processing /home/patricia/Documentos/airflow/airflow_venv/lib/python3.10/site-packages/airflow/example_dags/tutorial_objectstorage.py took 1.341 seconds
[2024-05-11T15:22:32.376-0300] {processor.py:161} INFO - Started process (PID=6333) to work on /home/patricia/Documentos/airflow/airflow_venv/lib/python3.10/site-packages/airflow/example_dags/tutorial_objectstorage.py
[2024-05-11T15:22:32.378-0300] {processor.py:830} INFO - Processing file /home/patricia/Documentos/airflow/airflow_venv/lib/python3.10/site-packages/airflow/example_dags/tutorial_objectstorage.py for tasks to queue
[2024-05-11T15:22:32.381-0300] {logging_mixin.py:188} INFO - [2024-05-11T15:22:32.380-0300] {dagbag.py:545} INFO - Filling up the DagBag from /home/patricia/Documentos/airflow/airflow_venv/lib/python3.10/site-packages/airflow/example_dags/tutorial_objectstorage.py
[2024-05-11T15:22:32.397-0300] {processor.py:840} INFO - DAG(s) 'tutorial_objectstorage' retrieved from /home/patricia/Documentos/airflow/airflow_venv/lib/python3.10/site-packages/airflow/example_dags/tutorial_objectstorage.py
[2024-05-11T15:22:32.434-0300] {logging_mixin.py:188} INFO - [2024-05-11T15:22:32.433-0300] {dag.py:3096} INFO - Sync 1 DAGs
[2024-05-11T15:22:32.446-0300] {logging_mixin.py:188} INFO - [2024-05-11T15:22:32.445-0300] {dag.py:3954} INFO - Setting next_dagrun for tutorial_objectstorage to None, run_after=None
[2024-05-11T15:22:32.481-0300] {processor.py:183} INFO - Processing /home/patricia/Documentos/airflow/airflow_venv/lib/python3.10/site-packages/airflow/example_dags/tutorial_objectstorage.py took 0.115 seconds
[2024-05-11T15:23:34.108-0300] {processor.py:161} INFO - Started process (PID=6461) to work on /home/patricia/Documentos/airflow/airflow_venv/lib/python3.10/site-packages/airflow/example_dags/tutorial_objectstorage.py
[2024-05-11T15:23:34.113-0300] {processor.py:830} INFO - Processing file /home/patricia/Documentos/airflow/airflow_venv/lib/python3.10/site-packages/airflow/example_dags/tutorial_objectstorage.py for tasks to queue
[2024-05-11T15:23:34.118-0300] {logging_mixin.py:188} INFO - [2024-05-11T15:23:34.117-0300] {dagbag.py:545} INFO - Filling up the DagBag from /home/patricia/Documentos/airflow/airflow_venv/lib/python3.10/site-packages/airflow/example_dags/tutorial_objectstorage.py
[2024-05-11T15:23:34.140-0300] {processor.py:840} INFO - DAG(s) 'tutorial_objectstorage' retrieved from /home/patricia/Documentos/airflow/airflow_venv/lib/python3.10/site-packages/airflow/example_dags/tutorial_objectstorage.py
[2024-05-11T15:23:34.179-0300] {logging_mixin.py:188} INFO - [2024-05-11T15:23:34.178-0300] {dag.py:3096} INFO - Sync 1 DAGs
[2024-05-11T15:23:34.205-0300] {logging_mixin.py:188} INFO - [2024-05-11T15:23:34.205-0300] {dag.py:3954} INFO - Setting next_dagrun for tutorial_objectstorage to None, run_after=None
[2024-05-11T15:23:34.280-0300] {processor.py:183} INFO - Processing /home/patricia/Documentos/airflow/airflow_venv/lib/python3.10/site-packages/airflow/example_dags/tutorial_objectstorage.py took 0.190 seconds
[2024-05-11T15:24:35.870-0300] {processor.py:161} INFO - Started process (PID=6580) to work on /home/patricia/Documentos/airflow/airflow_venv/lib/python3.10/site-packages/airflow/example_dags/tutorial_objectstorage.py
[2024-05-11T15:24:35.873-0300] {processor.py:830} INFO - Processing file /home/patricia/Documentos/airflow/airflow_venv/lib/python3.10/site-packages/airflow/example_dags/tutorial_objectstorage.py for tasks to queue
[2024-05-11T15:24:35.875-0300] {logging_mixin.py:188} INFO - [2024-05-11T15:24:35.875-0300] {dagbag.py:545} INFO - Filling up the DagBag from /home/patricia/Documentos/airflow/airflow_venv/lib/python3.10/site-packages/airflow/example_dags/tutorial_objectstorage.py
[2024-05-11T15:24:35.886-0300] {processor.py:840} INFO - DAG(s) 'tutorial_objectstorage' retrieved from /home/patricia/Documentos/airflow/airflow_venv/lib/python3.10/site-packages/airflow/example_dags/tutorial_objectstorage.py
[2024-05-11T15:24:35.904-0300] {logging_mixin.py:188} INFO - [2024-05-11T15:24:35.904-0300] {dag.py:3096} INFO - Sync 1 DAGs
[2024-05-11T15:24:35.919-0300] {logging_mixin.py:188} INFO - [2024-05-11T15:24:35.919-0300] {dag.py:3954} INFO - Setting next_dagrun for tutorial_objectstorage to None, run_after=None
[2024-05-11T15:24:35.956-0300] {processor.py:183} INFO - Processing /home/patricia/Documentos/airflow/airflow_venv/lib/python3.10/site-packages/airflow/example_dags/tutorial_objectstorage.py took 0.094 seconds
[2024-05-11T15:26:31.624-0300] {processor.py:161} INFO - Started process (PID=7528) to work on /home/patricia/Documentos/airflow/airflow_venv/lib/python3.10/site-packages/airflow/example_dags/tutorial_objectstorage.py
[2024-05-11T15:26:31.635-0300] {processor.py:830} INFO - Processing file /home/patricia/Documentos/airflow/airflow_venv/lib/python3.10/site-packages/airflow/example_dags/tutorial_objectstorage.py for tasks to queue
[2024-05-11T15:26:31.645-0300] {logging_mixin.py:188} INFO - [2024-05-11T15:26:31.643-0300] {dagbag.py:545} INFO - Filling up the DagBag from /home/patricia/Documentos/airflow/airflow_venv/lib/python3.10/site-packages/airflow/example_dags/tutorial_objectstorage.py
[2024-05-11T15:26:31.660-0300] {processor.py:840} INFO - DAG(s) 'tutorial_objectstorage' retrieved from /home/patricia/Documentos/airflow/airflow_venv/lib/python3.10/site-packages/airflow/example_dags/tutorial_objectstorage.py
[2024-05-11T15:26:32.095-0300] {logging_mixin.py:188} INFO - [2024-05-11T15:26:32.094-0300] {dag.py:3096} INFO - Sync 1 DAGs
[2024-05-11T15:26:32.114-0300] {logging_mixin.py:188} INFO - [2024-05-11T15:26:32.114-0300] {dag.py:3954} INFO - Setting next_dagrun for tutorial_objectstorage to None, run_after=None
[2024-05-11T15:26:32.178-0300] {processor.py:183} INFO - Processing /home/patricia/Documentos/airflow/airflow_venv/lib/python3.10/site-packages/airflow/example_dags/tutorial_objectstorage.py took 0.579 seconds
[2024-05-11T15:27:54.175-0300] {processor.py:161} INFO - Started process (PID=7693) to work on /home/patricia/Documentos/airflow/airflow_venv/lib/python3.10/site-packages/airflow/example_dags/tutorial_objectstorage.py
[2024-05-11T15:27:54.179-0300] {processor.py:830} INFO - Processing file /home/patricia/Documentos/airflow/airflow_venv/lib/python3.10/site-packages/airflow/example_dags/tutorial_objectstorage.py for tasks to queue
[2024-05-11T15:27:54.181-0300] {logging_mixin.py:188} INFO - [2024-05-11T15:27:54.181-0300] {dagbag.py:545} INFO - Filling up the DagBag from /home/patricia/Documentos/airflow/airflow_venv/lib/python3.10/site-packages/airflow/example_dags/tutorial_objectstorage.py
[2024-05-11T15:27:54.194-0300] {processor.py:840} INFO - DAG(s) 'tutorial_objectstorage' retrieved from /home/patricia/Documentos/airflow/airflow_venv/lib/python3.10/site-packages/airflow/example_dags/tutorial_objectstorage.py
[2024-05-11T15:27:54.223-0300] {logging_mixin.py:188} INFO - [2024-05-11T15:27:54.223-0300] {dag.py:3096} INFO - Sync 1 DAGs
[2024-05-11T15:27:54.252-0300] {logging_mixin.py:188} INFO - [2024-05-11T15:27:54.251-0300] {dag.py:3954} INFO - Setting next_dagrun for tutorial_objectstorage to None, run_after=None
[2024-05-11T15:27:54.291-0300] {processor.py:183} INFO - Processing /home/patricia/Documentos/airflow/airflow_venv/lib/python3.10/site-packages/airflow/example_dags/tutorial_objectstorage.py took 0.124 seconds
[2024-05-11T15:29:10.688-0300] {processor.py:161} INFO - Started process (PID=7846) to work on /home/patricia/Documentos/airflow/airflow_venv/lib/python3.10/site-packages/airflow/example_dags/tutorial_objectstorage.py
[2024-05-11T15:29:10.690-0300] {processor.py:830} INFO - Processing file /home/patricia/Documentos/airflow/airflow_venv/lib/python3.10/site-packages/airflow/example_dags/tutorial_objectstorage.py for tasks to queue
[2024-05-11T15:29:10.695-0300] {logging_mixin.py:188} INFO - [2024-05-11T15:29:10.694-0300] {dagbag.py:545} INFO - Filling up the DagBag from /home/patricia/Documentos/airflow/airflow_venv/lib/python3.10/site-packages/airflow/example_dags/tutorial_objectstorage.py
[2024-05-11T15:29:10.705-0300] {processor.py:840} INFO - DAG(s) 'tutorial_objectstorage' retrieved from /home/patricia/Documentos/airflow/airflow_venv/lib/python3.10/site-packages/airflow/example_dags/tutorial_objectstorage.py
[2024-05-11T15:29:10.913-0300] {logging_mixin.py:188} INFO - [2024-05-11T15:29:10.912-0300] {dag.py:3096} INFO - Sync 1 DAGs
[2024-05-11T15:29:10.925-0300] {logging_mixin.py:188} INFO - [2024-05-11T15:29:10.924-0300] {dag.py:3954} INFO - Setting next_dagrun for tutorial_objectstorage to None, run_after=None
[2024-05-11T15:29:10.967-0300] {processor.py:183} INFO - Processing /home/patricia/Documentos/airflow/airflow_venv/lib/python3.10/site-packages/airflow/example_dags/tutorial_objectstorage.py took 0.289 seconds
[2024-05-11T15:30:42.532-0300] {processor.py:161} INFO - Started process (PID=8045) to work on /home/patricia/Documentos/airflow/airflow_venv/lib/python3.10/site-packages/airflow/example_dags/tutorial_objectstorage.py
[2024-05-11T15:30:42.537-0300] {processor.py:830} INFO - Processing file /home/patricia/Documentos/airflow/airflow_venv/lib/python3.10/site-packages/airflow/example_dags/tutorial_objectstorage.py for tasks to queue
[2024-05-11T15:30:42.541-0300] {logging_mixin.py:188} INFO - [2024-05-11T15:30:42.540-0300] {dagbag.py:545} INFO - Filling up the DagBag from /home/patricia/Documentos/airflow/airflow_venv/lib/python3.10/site-packages/airflow/example_dags/tutorial_objectstorage.py
[2024-05-11T15:30:42.554-0300] {processor.py:840} INFO - DAG(s) 'tutorial_objectstorage' retrieved from /home/patricia/Documentos/airflow/airflow_venv/lib/python3.10/site-packages/airflow/example_dags/tutorial_objectstorage.py
[2024-05-11T15:30:42.607-0300] {logging_mixin.py:188} INFO - [2024-05-11T15:30:42.607-0300] {dag.py:3096} INFO - Sync 1 DAGs
[2024-05-11T15:30:42.626-0300] {logging_mixin.py:188} INFO - [2024-05-11T15:30:42.626-0300] {dag.py:3954} INFO - Setting next_dagrun for tutorial_objectstorage to None, run_after=None
[2024-05-11T15:30:42.672-0300] {processor.py:183} INFO - Processing /home/patricia/Documentos/airflow/airflow_venv/lib/python3.10/site-packages/airflow/example_dags/tutorial_objectstorage.py took 0.148 seconds
[2024-05-11T15:31:50.041-0300] {processor.py:161} INFO - Started process (PID=8226) to work on /home/patricia/Documentos/airflow/airflow_venv/lib/python3.10/site-packages/airflow/example_dags/tutorial_objectstorage.py
[2024-05-11T15:31:50.043-0300] {processor.py:830} INFO - Processing file /home/patricia/Documentos/airflow/airflow_venv/lib/python3.10/site-packages/airflow/example_dags/tutorial_objectstorage.py for tasks to queue
[2024-05-11T15:31:50.046-0300] {logging_mixin.py:188} INFO - [2024-05-11T15:31:50.045-0300] {dagbag.py:545} INFO - Filling up the DagBag from /home/patricia/Documentos/airflow/airflow_venv/lib/python3.10/site-packages/airflow/example_dags/tutorial_objectstorage.py
[2024-05-11T15:31:50.055-0300] {processor.py:840} INFO - DAG(s) 'tutorial_objectstorage' retrieved from /home/patricia/Documentos/airflow/airflow_venv/lib/python3.10/site-packages/airflow/example_dags/tutorial_objectstorage.py
[2024-05-11T15:31:50.073-0300] {logging_mixin.py:188} INFO - [2024-05-11T15:31:50.072-0300] {dag.py:3096} INFO - Sync 1 DAGs
[2024-05-11T15:31:50.086-0300] {logging_mixin.py:188} INFO - [2024-05-11T15:31:50.086-0300] {dag.py:3954} INFO - Setting next_dagrun for tutorial_objectstorage to None, run_after=None
[2024-05-11T15:31:50.118-0300] {processor.py:183} INFO - Processing /home/patricia/Documentos/airflow/airflow_venv/lib/python3.10/site-packages/airflow/example_dags/tutorial_objectstorage.py took 0.085 seconds
[2024-05-11T15:32:51.815-0300] {processor.py:161} INFO - Started process (PID=8540) to work on /home/patricia/Documentos/airflow/airflow_venv/lib/python3.10/site-packages/airflow/example_dags/tutorial_objectstorage.py
[2024-05-11T15:32:51.819-0300] {processor.py:830} INFO - Processing file /home/patricia/Documentos/airflow/airflow_venv/lib/python3.10/site-packages/airflow/example_dags/tutorial_objectstorage.py for tasks to queue
[2024-05-11T15:32:51.821-0300] {logging_mixin.py:188} INFO - [2024-05-11T15:32:51.821-0300] {dagbag.py:545} INFO - Filling up the DagBag from /home/patricia/Documentos/airflow/airflow_venv/lib/python3.10/site-packages/airflow/example_dags/tutorial_objectstorage.py
[2024-05-11T15:32:51.836-0300] {processor.py:840} INFO - DAG(s) 'tutorial_objectstorage' retrieved from /home/patricia/Documentos/airflow/airflow_venv/lib/python3.10/site-packages/airflow/example_dags/tutorial_objectstorage.py
[2024-05-11T15:32:51.858-0300] {logging_mixin.py:188} INFO - [2024-05-11T15:32:51.858-0300] {dag.py:3096} INFO - Sync 1 DAGs
[2024-05-11T15:32:51.885-0300] {logging_mixin.py:188} INFO - [2024-05-11T15:32:51.885-0300] {dag.py:3954} INFO - Setting next_dagrun for tutorial_objectstorage to None, run_after=None
[2024-05-11T15:32:51.956-0300] {processor.py:183} INFO - Processing /home/patricia/Documentos/airflow/airflow_venv/lib/python3.10/site-packages/airflow/example_dags/tutorial_objectstorage.py took 0.150 seconds
[2024-05-11T15:34:05.552-0300] {processor.py:161} INFO - Started process (PID=9229) to work on /home/patricia/Documentos/airflow/airflow_venv/lib/python3.10/site-packages/airflow/example_dags/tutorial_objectstorage.py
[2024-05-11T15:34:05.563-0300] {processor.py:830} INFO - Processing file /home/patricia/Documentos/airflow/airflow_venv/lib/python3.10/site-packages/airflow/example_dags/tutorial_objectstorage.py for tasks to queue
[2024-05-11T15:34:05.603-0300] {logging_mixin.py:188} INFO - [2024-05-11T15:34:05.602-0300] {dagbag.py:545} INFO - Filling up the DagBag from /home/patricia/Documentos/airflow/airflow_venv/lib/python3.10/site-packages/airflow/example_dags/tutorial_objectstorage.py
[2024-05-11T15:34:05.640-0300] {processor.py:840} INFO - DAG(s) 'tutorial_objectstorage' retrieved from /home/patricia/Documentos/airflow/airflow_venv/lib/python3.10/site-packages/airflow/example_dags/tutorial_objectstorage.py
[2024-05-11T15:34:05.707-0300] {logging_mixin.py:188} INFO - [2024-05-11T15:34:05.707-0300] {dag.py:3096} INFO - Sync 1 DAGs
[2024-05-11T15:34:05.727-0300] {logging_mixin.py:188} INFO - [2024-05-11T15:34:05.726-0300] {dag.py:3954} INFO - Setting next_dagrun for tutorial_objectstorage to None, run_after=None
[2024-05-11T15:34:05.931-0300] {processor.py:183} INFO - Processing /home/patricia/Documentos/airflow/airflow_venv/lib/python3.10/site-packages/airflow/example_dags/tutorial_objectstorage.py took 0.390 seconds
[2024-05-11T15:35:24.216-0300] {processor.py:161} INFO - Started process (PID=9471) to work on /home/patricia/Documentos/airflow/airflow_venv/lib/python3.10/site-packages/airflow/example_dags/tutorial_objectstorage.py
[2024-05-11T15:35:24.222-0300] {processor.py:830} INFO - Processing file /home/patricia/Documentos/airflow/airflow_venv/lib/python3.10/site-packages/airflow/example_dags/tutorial_objectstorage.py for tasks to queue
[2024-05-11T15:35:24.229-0300] {logging_mixin.py:188} INFO - [2024-05-11T15:35:24.228-0300] {dagbag.py:545} INFO - Filling up the DagBag from /home/patricia/Documentos/airflow/airflow_venv/lib/python3.10/site-packages/airflow/example_dags/tutorial_objectstorage.py
[2024-05-11T15:35:24.248-0300] {processor.py:840} INFO - DAG(s) 'tutorial_objectstorage' retrieved from /home/patricia/Documentos/airflow/airflow_venv/lib/python3.10/site-packages/airflow/example_dags/tutorial_objectstorage.py
[2024-05-11T15:35:24.273-0300] {logging_mixin.py:188} INFO - [2024-05-11T15:35:24.273-0300] {dag.py:3096} INFO - Sync 1 DAGs
[2024-05-11T15:35:24.293-0300] {logging_mixin.py:188} INFO - [2024-05-11T15:35:24.292-0300] {dag.py:3954} INFO - Setting next_dagrun for tutorial_objectstorage to None, run_after=None
[2024-05-11T15:35:24.348-0300] {processor.py:183} INFO - Processing /home/patricia/Documentos/airflow/airflow_venv/lib/python3.10/site-packages/airflow/example_dags/tutorial_objectstorage.py took 0.152 seconds
[2024-05-11T15:36:41.542-0300] {processor.py:161} INFO - Started process (PID=9626) to work on /home/patricia/Documentos/airflow/airflow_venv/lib/python3.10/site-packages/airflow/example_dags/tutorial_objectstorage.py
[2024-05-11T15:36:41.546-0300] {processor.py:830} INFO - Processing file /home/patricia/Documentos/airflow/airflow_venv/lib/python3.10/site-packages/airflow/example_dags/tutorial_objectstorage.py for tasks to queue
[2024-05-11T15:36:41.559-0300] {logging_mixin.py:188} INFO - [2024-05-11T15:36:41.556-0300] {dagbag.py:545} INFO - Filling up the DagBag from /home/patricia/Documentos/airflow/airflow_venv/lib/python3.10/site-packages/airflow/example_dags/tutorial_objectstorage.py
[2024-05-11T15:36:41.602-0300] {processor.py:840} INFO - DAG(s) 'tutorial_objectstorage' retrieved from /home/patricia/Documentos/airflow/airflow_venv/lib/python3.10/site-packages/airflow/example_dags/tutorial_objectstorage.py
[2024-05-11T15:36:41.637-0300] {logging_mixin.py:188} INFO - [2024-05-11T15:36:41.637-0300] {dag.py:3096} INFO - Sync 1 DAGs
[2024-05-11T15:36:41.656-0300] {logging_mixin.py:188} INFO - [2024-05-11T15:36:41.655-0300] {dag.py:3954} INFO - Setting next_dagrun for tutorial_objectstorage to None, run_after=None
[2024-05-11T15:36:41.737-0300] {processor.py:183} INFO - Processing /home/patricia/Documentos/airflow/airflow_venv/lib/python3.10/site-packages/airflow/example_dags/tutorial_objectstorage.py took 0.210 seconds
[2024-05-11T15:38:52.034-0300] {processor.py:161} INFO - Started process (PID=9986) to work on /home/patricia/Documentos/airflow/airflow_venv/lib/python3.10/site-packages/airflow/example_dags/tutorial_objectstorage.py
[2024-05-11T15:38:52.036-0300] {processor.py:830} INFO - Processing file /home/patricia/Documentos/airflow/airflow_venv/lib/python3.10/site-packages/airflow/example_dags/tutorial_objectstorage.py for tasks to queue
[2024-05-11T15:38:52.038-0300] {logging_mixin.py:188} INFO - [2024-05-11T15:38:52.038-0300] {dagbag.py:545} INFO - Filling up the DagBag from /home/patricia/Documentos/airflow/airflow_venv/lib/python3.10/site-packages/airflow/example_dags/tutorial_objectstorage.py
[2024-05-11T15:38:52.047-0300] {processor.py:840} INFO - DAG(s) 'tutorial_objectstorage' retrieved from /home/patricia/Documentos/airflow/airflow_venv/lib/python3.10/site-packages/airflow/example_dags/tutorial_objectstorage.py
[2024-05-11T15:38:52.064-0300] {logging_mixin.py:188} INFO - [2024-05-11T15:38:52.063-0300] {dag.py:3096} INFO - Sync 1 DAGs
[2024-05-11T15:38:52.081-0300] {logging_mixin.py:188} INFO - [2024-05-11T15:38:52.081-0300] {dag.py:3954} INFO - Setting next_dagrun for tutorial_objectstorage to None, run_after=None
[2024-05-11T15:38:52.118-0300] {processor.py:183} INFO - Processing /home/patricia/Documentos/airflow/airflow_venv/lib/python3.10/site-packages/airflow/example_dags/tutorial_objectstorage.py took 0.093 seconds
[2024-05-11T15:40:07.407-0300] {processor.py:161} INFO - Started process (PID=10291) to work on /home/patricia/Documentos/airflow/airflow_venv/lib/python3.10/site-packages/airflow/example_dags/tutorial_objectstorage.py
[2024-05-11T15:40:07.409-0300] {processor.py:830} INFO - Processing file /home/patricia/Documentos/airflow/airflow_venv/lib/python3.10/site-packages/airflow/example_dags/tutorial_objectstorage.py for tasks to queue
[2024-05-11T15:40:07.412-0300] {logging_mixin.py:188} INFO - [2024-05-11T15:40:07.411-0300] {dagbag.py:545} INFO - Filling up the DagBag from /home/patricia/Documentos/airflow/airflow_venv/lib/python3.10/site-packages/airflow/example_dags/tutorial_objectstorage.py
[2024-05-11T15:40:07.423-0300] {processor.py:840} INFO - DAG(s) 'tutorial_objectstorage' retrieved from /home/patricia/Documentos/airflow/airflow_venv/lib/python3.10/site-packages/airflow/example_dags/tutorial_objectstorage.py
[2024-05-11T15:40:07.442-0300] {logging_mixin.py:188} INFO - [2024-05-11T15:40:07.442-0300] {dag.py:3096} INFO - Sync 1 DAGs
[2024-05-11T15:40:07.456-0300] {logging_mixin.py:188} INFO - [2024-05-11T15:40:07.455-0300] {dag.py:3954} INFO - Setting next_dagrun for tutorial_objectstorage to None, run_after=None
[2024-05-11T15:40:07.487-0300] {processor.py:183} INFO - Processing /home/patricia/Documentos/airflow/airflow_venv/lib/python3.10/site-packages/airflow/example_dags/tutorial_objectstorage.py took 0.089 seconds
[2024-05-11T16:28:26.587-0300] {processor.py:161} INFO - Started process (PID=11008) to work on /home/patricia/Documentos/airflow/airflow_venv/lib/python3.10/site-packages/airflow/example_dags/tutorial_objectstorage.py
[2024-05-11T16:28:26.591-0300] {processor.py:830} INFO - Processing file /home/patricia/Documentos/airflow/airflow_venv/lib/python3.10/site-packages/airflow/example_dags/tutorial_objectstorage.py for tasks to queue
[2024-05-11T16:28:26.595-0300] {logging_mixin.py:188} INFO - [2024-05-11T16:28:26.594-0300] {dagbag.py:545} INFO - Filling up the DagBag from /home/patricia/Documentos/airflow/airflow_venv/lib/python3.10/site-packages/airflow/example_dags/tutorial_objectstorage.py
[2024-05-11T16:28:26.614-0300] {processor.py:840} INFO - DAG(s) 'tutorial_objectstorage' retrieved from /home/patricia/Documentos/airflow/airflow_venv/lib/python3.10/site-packages/airflow/example_dags/tutorial_objectstorage.py
[2024-05-11T16:28:26.860-0300] {logging_mixin.py:188} INFO - [2024-05-11T16:28:26.859-0300] {dag.py:3096} INFO - Sync 1 DAGs
[2024-05-11T16:28:26.881-0300] {logging_mixin.py:188} INFO - [2024-05-11T16:28:26.881-0300] {dag.py:3954} INFO - Setting next_dagrun for tutorial_objectstorage to None, run_after=None
[2024-05-11T16:28:26.940-0300] {processor.py:183} INFO - Processing /home/patricia/Documentos/airflow/airflow_venv/lib/python3.10/site-packages/airflow/example_dags/tutorial_objectstorage.py took 0.369 seconds
[2024-05-11T16:30:41.871-0300] {processor.py:161} INFO - Started process (PID=11276) to work on /home/patricia/Documentos/airflow/airflow_venv/lib/python3.10/site-packages/airflow/example_dags/tutorial_objectstorage.py
[2024-05-11T16:30:41.887-0300] {processor.py:830} INFO - Processing file /home/patricia/Documentos/airflow/airflow_venv/lib/python3.10/site-packages/airflow/example_dags/tutorial_objectstorage.py for tasks to queue
[2024-05-11T16:30:41.909-0300] {logging_mixin.py:188} INFO - [2024-05-11T16:30:41.903-0300] {dagbag.py:545} INFO - Filling up the DagBag from /home/patricia/Documentos/airflow/airflow_venv/lib/python3.10/site-packages/airflow/example_dags/tutorial_objectstorage.py
[2024-05-11T16:30:41.952-0300] {processor.py:840} INFO - DAG(s) 'tutorial_objectstorage' retrieved from /home/patricia/Documentos/airflow/airflow_venv/lib/python3.10/site-packages/airflow/example_dags/tutorial_objectstorage.py
[2024-05-11T16:30:41.992-0300] {logging_mixin.py:188} INFO - [2024-05-11T16:30:41.991-0300] {dag.py:3096} INFO - Sync 1 DAGs
[2024-05-11T16:30:42.018-0300] {logging_mixin.py:188} INFO - [2024-05-11T16:30:42.018-0300] {dag.py:3954} INFO - Setting next_dagrun for tutorial_objectstorage to None, run_after=None
[2024-05-11T16:30:42.082-0300] {processor.py:183} INFO - Processing /home/patricia/Documentos/airflow/airflow_venv/lib/python3.10/site-packages/airflow/example_dags/tutorial_objectstorage.py took 0.248 seconds
[2024-05-11T16:32:06.858-0300] {processor.py:161} INFO - Started process (PID=11417) to work on /home/patricia/Documentos/airflow/airflow_venv/lib/python3.10/site-packages/airflow/example_dags/tutorial_objectstorage.py
[2024-05-11T16:32:06.866-0300] {processor.py:830} INFO - Processing file /home/patricia/Documentos/airflow/airflow_venv/lib/python3.10/site-packages/airflow/example_dags/tutorial_objectstorage.py for tasks to queue
[2024-05-11T16:32:06.874-0300] {logging_mixin.py:188} INFO - [2024-05-11T16:32:06.873-0300] {dagbag.py:545} INFO - Filling up the DagBag from /home/patricia/Documentos/airflow/airflow_venv/lib/python3.10/site-packages/airflow/example_dags/tutorial_objectstorage.py
[2024-05-11T16:32:06.900-0300] {processor.py:840} INFO - DAG(s) 'tutorial_objectstorage' retrieved from /home/patricia/Documentos/airflow/airflow_venv/lib/python3.10/site-packages/airflow/example_dags/tutorial_objectstorage.py
[2024-05-11T16:32:07.055-0300] {logging_mixin.py:188} INFO - [2024-05-11T16:32:07.055-0300] {dag.py:3096} INFO - Sync 1 DAGs
[2024-05-11T16:32:07.366-0300] {logging_mixin.py:188} INFO - [2024-05-11T16:32:07.365-0300] {dag.py:3954} INFO - Setting next_dagrun for tutorial_objectstorage to None, run_after=None
[2024-05-11T16:32:07.519-0300] {processor.py:183} INFO - Processing /home/patricia/Documentos/airflow/airflow_venv/lib/python3.10/site-packages/airflow/example_dags/tutorial_objectstorage.py took 0.757 seconds
[2024-05-11T16:33:57.822-0300] {processor.py:161} INFO - Started process (PID=11675) to work on /home/patricia/Documentos/airflow/airflow_venv/lib/python3.10/site-packages/airflow/example_dags/tutorial_objectstorage.py
[2024-05-11T16:33:57.832-0300] {processor.py:830} INFO - Processing file /home/patricia/Documentos/airflow/airflow_venv/lib/python3.10/site-packages/airflow/example_dags/tutorial_objectstorage.py for tasks to queue
[2024-05-11T16:33:57.845-0300] {logging_mixin.py:188} INFO - [2024-05-11T16:33:57.843-0300] {dagbag.py:545} INFO - Filling up the DagBag from /home/patricia/Documentos/airflow/airflow_venv/lib/python3.10/site-packages/airflow/example_dags/tutorial_objectstorage.py
[2024-05-11T16:33:57.882-0300] {processor.py:840} INFO - DAG(s) 'tutorial_objectstorage' retrieved from /home/patricia/Documentos/airflow/airflow_venv/lib/python3.10/site-packages/airflow/example_dags/tutorial_objectstorage.py
[2024-05-11T16:33:57.930-0300] {logging_mixin.py:188} INFO - [2024-05-11T16:33:57.929-0300] {dag.py:3096} INFO - Sync 1 DAGs
[2024-05-11T16:33:57.964-0300] {logging_mixin.py:188} INFO - [2024-05-11T16:33:57.964-0300] {dag.py:3954} INFO - Setting next_dagrun for tutorial_objectstorage to None, run_after=None
[2024-05-11T16:33:58.073-0300] {processor.py:183} INFO - Processing /home/patricia/Documentos/airflow/airflow_venv/lib/python3.10/site-packages/airflow/example_dags/tutorial_objectstorage.py took 0.265 seconds
[2024-05-11T16:35:35.798-0300] {processor.py:161} INFO - Started process (PID=11826) to work on /home/patricia/Documentos/airflow/airflow_venv/lib/python3.10/site-packages/airflow/example_dags/tutorial_objectstorage.py
[2024-05-11T16:35:35.803-0300] {processor.py:830} INFO - Processing file /home/patricia/Documentos/airflow/airflow_venv/lib/python3.10/site-packages/airflow/example_dags/tutorial_objectstorage.py for tasks to queue
[2024-05-11T16:35:35.810-0300] {logging_mixin.py:188} INFO - [2024-05-11T16:35:35.809-0300] {dagbag.py:545} INFO - Filling up the DagBag from /home/patricia/Documentos/airflow/airflow_venv/lib/python3.10/site-packages/airflow/example_dags/tutorial_objectstorage.py
[2024-05-11T16:35:35.830-0300] {processor.py:840} INFO - DAG(s) 'tutorial_objectstorage' retrieved from /home/patricia/Documentos/airflow/airflow_venv/lib/python3.10/site-packages/airflow/example_dags/tutorial_objectstorage.py
[2024-05-11T16:35:35.875-0300] {logging_mixin.py:188} INFO - [2024-05-11T16:35:35.874-0300] {dag.py:3096} INFO - Sync 1 DAGs
[2024-05-11T16:35:35.912-0300] {logging_mixin.py:188} INFO - [2024-05-11T16:35:35.911-0300] {dag.py:3954} INFO - Setting next_dagrun for tutorial_objectstorage to None, run_after=None
[2024-05-11T16:35:36.086-0300] {processor.py:183} INFO - Processing /home/patricia/Documentos/airflow/airflow_venv/lib/python3.10/site-packages/airflow/example_dags/tutorial_objectstorage.py took 0.316 seconds
[2024-05-11T16:37:11.851-0300] {processor.py:161} INFO - Started process (PID=11974) to work on /home/patricia/Documentos/airflow/airflow_venv/lib/python3.10/site-packages/airflow/example_dags/tutorial_objectstorage.py
[2024-05-11T16:37:11.864-0300] {processor.py:830} INFO - Processing file /home/patricia/Documentos/airflow/airflow_venv/lib/python3.10/site-packages/airflow/example_dags/tutorial_objectstorage.py for tasks to queue
[2024-05-11T16:37:11.873-0300] {logging_mixin.py:188} INFO - [2024-05-11T16:37:11.872-0300] {dagbag.py:545} INFO - Filling up the DagBag from /home/patricia/Documentos/airflow/airflow_venv/lib/python3.10/site-packages/airflow/example_dags/tutorial_objectstorage.py
[2024-05-11T16:37:11.911-0300] {processor.py:840} INFO - DAG(s) 'tutorial_objectstorage' retrieved from /home/patricia/Documentos/airflow/airflow_venv/lib/python3.10/site-packages/airflow/example_dags/tutorial_objectstorage.py
[2024-05-11T16:37:11.960-0300] {logging_mixin.py:188} INFO - [2024-05-11T16:37:11.960-0300] {dag.py:3096} INFO - Sync 1 DAGs
[2024-05-11T16:37:11.990-0300] {logging_mixin.py:188} INFO - [2024-05-11T16:37:11.989-0300] {dag.py:3954} INFO - Setting next_dagrun for tutorial_objectstorage to None, run_after=None
[2024-05-11T16:37:12.055-0300] {processor.py:183} INFO - Processing /home/patricia/Documentos/airflow/airflow_venv/lib/python3.10/site-packages/airflow/example_dags/tutorial_objectstorage.py took 0.229 seconds
