[2024-05-11T15:11:46.010-0300] {processor.py:161} INFO - Started process (PID=4568) to work on /home/patricia/Documentos/airflow/airflow_venv/lib/python3.10/site-packages/airflow/example_dags/tutorial_taskflow_api.py
[2024-05-11T15:11:46.011-0300] {processor.py:830} INFO - Processing file /home/patricia/Documentos/airflow/airflow_venv/lib/python3.10/site-packages/airflow/example_dags/tutorial_taskflow_api.py for tasks to queue
[2024-05-11T15:11:46.017-0300] {logging_mixin.py:188} INFO - [2024-05-11T15:11:46.017-0300] {dagbag.py:545} INFO - Filling up the DagBag from /home/patricia/Documentos/airflow/airflow_venv/lib/python3.10/site-packages/airflow/example_dags/tutorial_taskflow_api.py
[2024-05-11T15:11:46.099-0300] {processor.py:840} INFO - DAG(s) 'tutorial_taskflow_api' retrieved from /home/patricia/Documentos/airflow/airflow_venv/lib/python3.10/site-packages/airflow/example_dags/tutorial_taskflow_api.py
[2024-05-11T15:11:47.819-0300] {logging_mixin.py:188} INFO - [2024-05-11T15:11:47.819-0300] {dag.py:3096} INFO - Sync 1 DAGs
[2024-05-11T15:11:47.880-0300] {logging_mixin.py:188} INFO - [2024-05-11T15:11:47.879-0300] {dag.py:3954} INFO - Setting next_dagrun for tutorial_taskflow_api to None, run_after=None
[2024-05-11T15:11:48.312-0300] {processor.py:183} INFO - Processing /home/patricia/Documentos/airflow/airflow_venv/lib/python3.10/site-packages/airflow/example_dags/tutorial_taskflow_api.py took 2.405 seconds
[2024-05-11T15:14:12.032-0300] {processor.py:161} INFO - Started process (PID=4824) to work on /home/patricia/Documentos/airflow/airflow_venv/lib/python3.10/site-packages/airflow/example_dags/tutorial_taskflow_api.py
[2024-05-11T15:14:12.060-0300] {processor.py:830} INFO - Processing file /home/patricia/Documentos/airflow/airflow_venv/lib/python3.10/site-packages/airflow/example_dags/tutorial_taskflow_api.py for tasks to queue
[2024-05-11T15:14:12.070-0300] {logging_mixin.py:188} INFO - [2024-05-11T15:14:12.070-0300] {dagbag.py:545} INFO - Filling up the DagBag from /home/patricia/Documentos/airflow/airflow_venv/lib/python3.10/site-packages/airflow/example_dags/tutorial_taskflow_api.py
[2024-05-11T15:14:12.083-0300] {processor.py:840} INFO - DAG(s) 'tutorial_taskflow_api' retrieved from /home/patricia/Documentos/airflow/airflow_venv/lib/python3.10/site-packages/airflow/example_dags/tutorial_taskflow_api.py
[2024-05-11T15:14:12.109-0300] {logging_mixin.py:188} INFO - [2024-05-11T15:14:12.109-0300] {dag.py:3096} INFO - Sync 1 DAGs
[2024-05-11T15:14:12.125-0300] {logging_mixin.py:188} INFO - [2024-05-11T15:14:12.125-0300] {dag.py:3954} INFO - Setting next_dagrun for tutorial_taskflow_api to None, run_after=None
[2024-05-11T15:14:12.222-0300] {processor.py:183} INFO - Processing /home/patricia/Documentos/airflow/airflow_venv/lib/python3.10/site-packages/airflow/example_dags/tutorial_taskflow_api.py took 0.203 seconds
[2024-05-11T15:15:35.019-0300] {processor.py:161} INFO - Started process (PID=5013) to work on /home/patricia/Documentos/airflow/airflow_venv/lib/python3.10/site-packages/airflow/example_dags/tutorial_taskflow_api.py
[2024-05-11T15:15:35.027-0300] {processor.py:830} INFO - Processing file /home/patricia/Documentos/airflow/airflow_venv/lib/python3.10/site-packages/airflow/example_dags/tutorial_taskflow_api.py for tasks to queue
[2024-05-11T15:15:35.034-0300] {logging_mixin.py:188} INFO - [2024-05-11T15:15:35.031-0300] {dagbag.py:545} INFO - Filling up the DagBag from /home/patricia/Documentos/airflow/airflow_venv/lib/python3.10/site-packages/airflow/example_dags/tutorial_taskflow_api.py
[2024-05-11T15:15:35.054-0300] {processor.py:840} INFO - DAG(s) 'tutorial_taskflow_api' retrieved from /home/patricia/Documentos/airflow/airflow_venv/lib/python3.10/site-packages/airflow/example_dags/tutorial_taskflow_api.py
[2024-05-11T15:15:35.085-0300] {logging_mixin.py:188} INFO - [2024-05-11T15:15:35.084-0300] {dag.py:3096} INFO - Sync 1 DAGs
[2024-05-11T15:15:35.103-0300] {logging_mixin.py:188} INFO - [2024-05-11T15:15:35.102-0300] {dag.py:3954} INFO - Setting next_dagrun for tutorial_taskflow_api to None, run_after=None
[2024-05-11T15:15:35.189-0300] {processor.py:183} INFO - Processing /home/patricia/Documentos/airflow/airflow_venv/lib/python3.10/site-packages/airflow/example_dags/tutorial_taskflow_api.py took 0.181 seconds
[2024-05-11T15:16:34.650-0300] {processor.py:161} INFO - Started process (PID=5137) to work on /home/patricia/Documentos/airflow/airflow_venv/lib/python3.10/site-packages/airflow/example_dags/tutorial_taskflow_api.py
[2024-05-11T15:16:34.653-0300] {processor.py:830} INFO - Processing file /home/patricia/Documentos/airflow/airflow_venv/lib/python3.10/site-packages/airflow/example_dags/tutorial_taskflow_api.py for tasks to queue
[2024-05-11T15:16:34.655-0300] {logging_mixin.py:188} INFO - [2024-05-11T15:16:34.654-0300] {dagbag.py:545} INFO - Filling up the DagBag from /home/patricia/Documentos/airflow/airflow_venv/lib/python3.10/site-packages/airflow/example_dags/tutorial_taskflow_api.py
[2024-05-11T15:16:34.663-0300] {processor.py:840} INFO - DAG(s) 'tutorial_taskflow_api' retrieved from /home/patricia/Documentos/airflow/airflow_venv/lib/python3.10/site-packages/airflow/example_dags/tutorial_taskflow_api.py
[2024-05-11T15:16:34.683-0300] {logging_mixin.py:188} INFO - [2024-05-11T15:16:34.683-0300] {dag.py:3096} INFO - Sync 1 DAGs
[2024-05-11T15:16:34.698-0300] {logging_mixin.py:188} INFO - [2024-05-11T15:16:34.698-0300] {dag.py:3954} INFO - Setting next_dagrun for tutorial_taskflow_api to None, run_after=None
[2024-05-11T15:16:34.738-0300] {processor.py:183} INFO - Processing /home/patricia/Documentos/airflow/airflow_venv/lib/python3.10/site-packages/airflow/example_dags/tutorial_taskflow_api.py took 0.096 seconds
[2024-05-11T15:17:39.938-0300] {processor.py:161} INFO - Started process (PID=5294) to work on /home/patricia/Documentos/airflow/airflow_venv/lib/python3.10/site-packages/airflow/example_dags/tutorial_taskflow_api.py
[2024-05-11T15:17:39.941-0300] {processor.py:830} INFO - Processing file /home/patricia/Documentos/airflow/airflow_venv/lib/python3.10/site-packages/airflow/example_dags/tutorial_taskflow_api.py for tasks to queue
[2024-05-11T15:17:39.944-0300] {logging_mixin.py:188} INFO - [2024-05-11T15:17:39.943-0300] {dagbag.py:545} INFO - Filling up the DagBag from /home/patricia/Documentos/airflow/airflow_venv/lib/python3.10/site-packages/airflow/example_dags/tutorial_taskflow_api.py
[2024-05-11T15:17:39.953-0300] {processor.py:840} INFO - DAG(s) 'tutorial_taskflow_api' retrieved from /home/patricia/Documentos/airflow/airflow_venv/lib/python3.10/site-packages/airflow/example_dags/tutorial_taskflow_api.py
[2024-05-11T15:17:39.972-0300] {logging_mixin.py:188} INFO - [2024-05-11T15:17:39.971-0300] {dag.py:3096} INFO - Sync 1 DAGs
[2024-05-11T15:17:39.986-0300] {logging_mixin.py:188} INFO - [2024-05-11T15:17:39.986-0300] {dag.py:3954} INFO - Setting next_dagrun for tutorial_taskflow_api to None, run_after=None
[2024-05-11T15:17:40.020-0300] {processor.py:183} INFO - Processing /home/patricia/Documentos/airflow/airflow_venv/lib/python3.10/site-packages/airflow/example_dags/tutorial_taskflow_api.py took 0.090 seconds
[2024-05-11T15:18:50.659-0300] {processor.py:161} INFO - Started process (PID=5907) to work on /home/patricia/Documentos/airflow/airflow_venv/lib/python3.10/site-packages/airflow/example_dags/tutorial_taskflow_api.py
[2024-05-11T15:18:50.663-0300] {processor.py:830} INFO - Processing file /home/patricia/Documentos/airflow/airflow_venv/lib/python3.10/site-packages/airflow/example_dags/tutorial_taskflow_api.py for tasks to queue
[2024-05-11T15:18:50.666-0300] {logging_mixin.py:188} INFO - [2024-05-11T15:18:50.665-0300] {dagbag.py:545} INFO - Filling up the DagBag from /home/patricia/Documentos/airflow/airflow_venv/lib/python3.10/site-packages/airflow/example_dags/tutorial_taskflow_api.py
[2024-05-11T15:18:50.675-0300] {processor.py:840} INFO - DAG(s) 'tutorial_taskflow_api' retrieved from /home/patricia/Documentos/airflow/airflow_venv/lib/python3.10/site-packages/airflow/example_dags/tutorial_taskflow_api.py
[2024-05-11T15:18:50.698-0300] {logging_mixin.py:188} INFO - [2024-05-11T15:18:50.698-0300] {dag.py:3096} INFO - Sync 1 DAGs
[2024-05-11T15:18:50.713-0300] {logging_mixin.py:188} INFO - [2024-05-11T15:18:50.713-0300] {dag.py:3954} INFO - Setting next_dagrun for tutorial_taskflow_api to None, run_after=None
[2024-05-11T15:18:50.753-0300] {processor.py:183} INFO - Processing /home/patricia/Documentos/airflow/airflow_venv/lib/python3.10/site-packages/airflow/example_dags/tutorial_taskflow_api.py took 0.105 seconds
[2024-05-11T15:19:59.793-0300] {processor.py:161} INFO - Started process (PID=6049) to work on /home/patricia/Documentos/airflow/airflow_venv/lib/python3.10/site-packages/airflow/example_dags/tutorial_taskflow_api.py
[2024-05-11T15:19:59.797-0300] {processor.py:830} INFO - Processing file /home/patricia/Documentos/airflow/airflow_venv/lib/python3.10/site-packages/airflow/example_dags/tutorial_taskflow_api.py for tasks to queue
[2024-05-11T15:19:59.800-0300] {logging_mixin.py:188} INFO - [2024-05-11T15:19:59.799-0300] {dagbag.py:545} INFO - Filling up the DagBag from /home/patricia/Documentos/airflow/airflow_venv/lib/python3.10/site-packages/airflow/example_dags/tutorial_taskflow_api.py
[2024-05-11T15:19:59.810-0300] {processor.py:840} INFO - DAG(s) 'tutorial_taskflow_api' retrieved from /home/patricia/Documentos/airflow/airflow_venv/lib/python3.10/site-packages/airflow/example_dags/tutorial_taskflow_api.py
[2024-05-11T15:19:59.833-0300] {logging_mixin.py:188} INFO - [2024-05-11T15:19:59.833-0300] {dag.py:3096} INFO - Sync 1 DAGs
[2024-05-11T15:19:59.853-0300] {logging_mixin.py:188} INFO - [2024-05-11T15:19:59.853-0300] {dag.py:3954} INFO - Setting next_dagrun for tutorial_taskflow_api to None, run_after=None
[2024-05-11T15:19:59.897-0300] {processor.py:183} INFO - Processing /home/patricia/Documentos/airflow/airflow_venv/lib/python3.10/site-packages/airflow/example_dags/tutorial_taskflow_api.py took 0.114 seconds
[2024-05-11T15:21:53.866-0300] {processor.py:161} INFO - Started process (PID=6245) to work on /home/patricia/Documentos/airflow/airflow_venv/lib/python3.10/site-packages/airflow/example_dags/tutorial_taskflow_api.py
[2024-05-11T15:21:53.875-0300] {processor.py:830} INFO - Processing file /home/patricia/Documentos/airflow/airflow_venv/lib/python3.10/site-packages/airflow/example_dags/tutorial_taskflow_api.py for tasks to queue
[2024-05-11T15:21:53.880-0300] {logging_mixin.py:188} INFO - [2024-05-11T15:21:53.879-0300] {dagbag.py:545} INFO - Filling up the DagBag from /home/patricia/Documentos/airflow/airflow_venv/lib/python3.10/site-packages/airflow/example_dags/tutorial_taskflow_api.py
[2024-05-11T15:21:53.943-0300] {processor.py:840} INFO - DAG(s) 'tutorial_taskflow_api' retrieved from /home/patricia/Documentos/airflow/airflow_venv/lib/python3.10/site-packages/airflow/example_dags/tutorial_taskflow_api.py
[2024-05-11T15:21:54.069-0300] {logging_mixin.py:188} INFO - [2024-05-11T15:21:54.068-0300] {dag.py:3096} INFO - Sync 1 DAGs
[2024-05-11T15:21:54.128-0300] {logging_mixin.py:188} INFO - [2024-05-11T15:21:54.128-0300] {dag.py:3954} INFO - Setting next_dagrun for tutorial_taskflow_api to None, run_after=None
[2024-05-11T15:21:54.189-0300] {processor.py:183} INFO - Processing /home/patricia/Documentos/airflow/airflow_venv/lib/python3.10/site-packages/airflow/example_dags/tutorial_taskflow_api.py took 0.349 seconds
[2024-05-11T15:22:59.580-0300] {processor.py:161} INFO - Started process (PID=6387) to work on /home/patricia/Documentos/airflow/airflow_venv/lib/python3.10/site-packages/airflow/example_dags/tutorial_taskflow_api.py
[2024-05-11T15:22:59.582-0300] {processor.py:830} INFO - Processing file /home/patricia/Documentos/airflow/airflow_venv/lib/python3.10/site-packages/airflow/example_dags/tutorial_taskflow_api.py for tasks to queue
[2024-05-11T15:22:59.585-0300] {logging_mixin.py:188} INFO - [2024-05-11T15:22:59.584-0300] {dagbag.py:545} INFO - Filling up the DagBag from /home/patricia/Documentos/airflow/airflow_venv/lib/python3.10/site-packages/airflow/example_dags/tutorial_taskflow_api.py
[2024-05-11T15:22:59.593-0300] {processor.py:840} INFO - DAG(s) 'tutorial_taskflow_api' retrieved from /home/patricia/Documentos/airflow/airflow_venv/lib/python3.10/site-packages/airflow/example_dags/tutorial_taskflow_api.py
[2024-05-11T15:22:59.611-0300] {logging_mixin.py:188} INFO - [2024-05-11T15:22:59.611-0300] {dag.py:3096} INFO - Sync 1 DAGs
[2024-05-11T15:22:59.624-0300] {logging_mixin.py:188} INFO - [2024-05-11T15:22:59.624-0300] {dag.py:3954} INFO - Setting next_dagrun for tutorial_taskflow_api to None, run_after=None
[2024-05-11T15:22:59.661-0300] {processor.py:183} INFO - Processing /home/patricia/Documentos/airflow/airflow_venv/lib/python3.10/site-packages/airflow/example_dags/tutorial_taskflow_api.py took 0.090 seconds
[2024-05-11T15:24:01.494-0300] {processor.py:161} INFO - Started process (PID=6515) to work on /home/patricia/Documentos/airflow/airflow_venv/lib/python3.10/site-packages/airflow/example_dags/tutorial_taskflow_api.py
[2024-05-11T15:24:01.497-0300] {processor.py:830} INFO - Processing file /home/patricia/Documentos/airflow/airflow_venv/lib/python3.10/site-packages/airflow/example_dags/tutorial_taskflow_api.py for tasks to queue
[2024-05-11T15:24:01.501-0300] {logging_mixin.py:188} INFO - [2024-05-11T15:24:01.500-0300] {dagbag.py:545} INFO - Filling up the DagBag from /home/patricia/Documentos/airflow/airflow_venv/lib/python3.10/site-packages/airflow/example_dags/tutorial_taskflow_api.py
[2024-05-11T15:24:01.511-0300] {processor.py:840} INFO - DAG(s) 'tutorial_taskflow_api' retrieved from /home/patricia/Documentos/airflow/airflow_venv/lib/python3.10/site-packages/airflow/example_dags/tutorial_taskflow_api.py
[2024-05-11T15:24:01.533-0300] {logging_mixin.py:188} INFO - [2024-05-11T15:24:01.532-0300] {dag.py:3096} INFO - Sync 1 DAGs
[2024-05-11T15:24:01.548-0300] {logging_mixin.py:188} INFO - [2024-05-11T15:24:01.548-0300] {dag.py:3954} INFO - Setting next_dagrun for tutorial_taskflow_api to None, run_after=None
[2024-05-11T15:24:01.594-0300] {processor.py:183} INFO - Processing /home/patricia/Documentos/airflow/airflow_venv/lib/python3.10/site-packages/airflow/example_dags/tutorial_taskflow_api.py took 0.111 seconds
[2024-05-11T15:24:59.244-0300] {processor.py:161} INFO - Started process (PID=6627) to work on /home/patricia/Documentos/airflow/airflow_venv/lib/python3.10/site-packages/airflow/example_dags/tutorial_taskflow_api.py
[2024-05-11T15:24:59.258-0300] {processor.py:830} INFO - Processing file /home/patricia/Documentos/airflow/airflow_venv/lib/python3.10/site-packages/airflow/example_dags/tutorial_taskflow_api.py for tasks to queue
[2024-05-11T15:24:59.263-0300] {logging_mixin.py:188} INFO - [2024-05-11T15:24:59.262-0300] {dagbag.py:545} INFO - Filling up the DagBag from /home/patricia/Documentos/airflow/airflow_venv/lib/python3.10/site-packages/airflow/example_dags/tutorial_taskflow_api.py
[2024-05-11T15:24:59.274-0300] {processor.py:840} INFO - DAG(s) 'tutorial_taskflow_api' retrieved from /home/patricia/Documentos/airflow/airflow_venv/lib/python3.10/site-packages/airflow/example_dags/tutorial_taskflow_api.py
[2024-05-11T15:24:59.292-0300] {logging_mixin.py:188} INFO - [2024-05-11T15:24:59.292-0300] {dag.py:3096} INFO - Sync 1 DAGs
[2024-05-11T15:24:59.304-0300] {logging_mixin.py:188} INFO - [2024-05-11T15:24:59.304-0300] {dag.py:3954} INFO - Setting next_dagrun for tutorial_taskflow_api to None, run_after=None
[2024-05-11T15:24:59.364-0300] {processor.py:183} INFO - Processing /home/patricia/Documentos/airflow/airflow_venv/lib/python3.10/site-packages/airflow/example_dags/tutorial_taskflow_api.py took 0.139 seconds
[2024-05-11T15:26:49.226-0300] {processor.py:161} INFO - Started process (PID=7564) to work on /home/patricia/Documentos/airflow/airflow_venv/lib/python3.10/site-packages/airflow/example_dags/tutorial_taskflow_api.py
[2024-05-11T15:26:49.229-0300] {processor.py:830} INFO - Processing file /home/patricia/Documentos/airflow/airflow_venv/lib/python3.10/site-packages/airflow/example_dags/tutorial_taskflow_api.py for tasks to queue
[2024-05-11T15:26:49.231-0300] {logging_mixin.py:188} INFO - [2024-05-11T15:26:49.230-0300] {dagbag.py:545} INFO - Filling up the DagBag from /home/patricia/Documentos/airflow/airflow_venv/lib/python3.10/site-packages/airflow/example_dags/tutorial_taskflow_api.py
[2024-05-11T15:26:49.240-0300] {processor.py:840} INFO - DAG(s) 'tutorial_taskflow_api' retrieved from /home/patricia/Documentos/airflow/airflow_venv/lib/python3.10/site-packages/airflow/example_dags/tutorial_taskflow_api.py
[2024-05-11T15:26:49.338-0300] {logging_mixin.py:188} INFO - [2024-05-11T15:26:49.338-0300] {dag.py:3096} INFO - Sync 1 DAGs
[2024-05-11T15:26:49.349-0300] {logging_mixin.py:188} INFO - [2024-05-11T15:26:49.348-0300] {dag.py:3954} INFO - Setting next_dagrun for tutorial_taskflow_api to None, run_after=None
[2024-05-11T15:26:49.479-0300] {processor.py:183} INFO - Processing /home/patricia/Documentos/airflow/airflow_venv/lib/python3.10/site-packages/airflow/example_dags/tutorial_taskflow_api.py took 0.261 seconds
[2024-05-11T15:28:23.079-0300] {processor.py:161} INFO - Started process (PID=7759) to work on /home/patricia/Documentos/airflow/airflow_venv/lib/python3.10/site-packages/airflow/example_dags/tutorial_taskflow_api.py
[2024-05-11T15:28:23.082-0300] {processor.py:830} INFO - Processing file /home/patricia/Documentos/airflow/airflow_venv/lib/python3.10/site-packages/airflow/example_dags/tutorial_taskflow_api.py for tasks to queue
[2024-05-11T15:28:23.084-0300] {logging_mixin.py:188} INFO - [2024-05-11T15:28:23.084-0300] {dagbag.py:545} INFO - Filling up the DagBag from /home/patricia/Documentos/airflow/airflow_venv/lib/python3.10/site-packages/airflow/example_dags/tutorial_taskflow_api.py
[2024-05-11T15:28:23.096-0300] {processor.py:840} INFO - DAG(s) 'tutorial_taskflow_api' retrieved from /home/patricia/Documentos/airflow/airflow_venv/lib/python3.10/site-packages/airflow/example_dags/tutorial_taskflow_api.py
[2024-05-11T15:28:23.131-0300] {logging_mixin.py:188} INFO - [2024-05-11T15:28:23.131-0300] {dag.py:3096} INFO - Sync 1 DAGs
[2024-05-11T15:28:23.160-0300] {logging_mixin.py:188} INFO - [2024-05-11T15:28:23.160-0300] {dag.py:3954} INFO - Setting next_dagrun for tutorial_taskflow_api to None, run_after=None
[2024-05-11T15:28:23.212-0300] {processor.py:183} INFO - Processing /home/patricia/Documentos/airflow/airflow_venv/lib/python3.10/site-packages/airflow/example_dags/tutorial_taskflow_api.py took 0.141 seconds
[2024-05-11T15:29:42.301-0300] {processor.py:161} INFO - Started process (PID=7914) to work on /home/patricia/Documentos/airflow/airflow_venv/lib/python3.10/site-packages/airflow/example_dags/tutorial_taskflow_api.py
[2024-05-11T15:29:42.306-0300] {processor.py:830} INFO - Processing file /home/patricia/Documentos/airflow/airflow_venv/lib/python3.10/site-packages/airflow/example_dags/tutorial_taskflow_api.py for tasks to queue
[2024-05-11T15:29:42.310-0300] {logging_mixin.py:188} INFO - [2024-05-11T15:29:42.309-0300] {dagbag.py:545} INFO - Filling up the DagBag from /home/patricia/Documentos/airflow/airflow_venv/lib/python3.10/site-packages/airflow/example_dags/tutorial_taskflow_api.py
[2024-05-11T15:29:42.322-0300] {processor.py:840} INFO - DAG(s) 'tutorial_taskflow_api' retrieved from /home/patricia/Documentos/airflow/airflow_venv/lib/python3.10/site-packages/airflow/example_dags/tutorial_taskflow_api.py
[2024-05-11T15:29:42.389-0300] {logging_mixin.py:188} INFO - [2024-05-11T15:29:42.389-0300] {dag.py:3096} INFO - Sync 1 DAGs
[2024-05-11T15:29:42.419-0300] {logging_mixin.py:188} INFO - [2024-05-11T15:29:42.419-0300] {dag.py:3954} INFO - Setting next_dagrun for tutorial_taskflow_api to None, run_after=None
[2024-05-11T15:29:42.477-0300] {processor.py:183} INFO - Processing /home/patricia/Documentos/airflow/airflow_venv/lib/python3.10/site-packages/airflow/example_dags/tutorial_taskflow_api.py took 0.186 seconds
[2024-05-11T15:31:11.583-0300] {processor.py:161} INFO - Started process (PID=8134) to work on /home/patricia/Documentos/airflow/airflow_venv/lib/python3.10/site-packages/airflow/example_dags/tutorial_taskflow_api.py
[2024-05-11T15:31:11.586-0300] {processor.py:830} INFO - Processing file /home/patricia/Documentos/airflow/airflow_venv/lib/python3.10/site-packages/airflow/example_dags/tutorial_taskflow_api.py for tasks to queue
[2024-05-11T15:31:11.589-0300] {logging_mixin.py:188} INFO - [2024-05-11T15:31:11.589-0300] {dagbag.py:545} INFO - Filling up the DagBag from /home/patricia/Documentos/airflow/airflow_venv/lib/python3.10/site-packages/airflow/example_dags/tutorial_taskflow_api.py
[2024-05-11T15:31:11.598-0300] {processor.py:840} INFO - DAG(s) 'tutorial_taskflow_api' retrieved from /home/patricia/Documentos/airflow/airflow_venv/lib/python3.10/site-packages/airflow/example_dags/tutorial_taskflow_api.py
[2024-05-11T15:31:11.619-0300] {logging_mixin.py:188} INFO - [2024-05-11T15:31:11.619-0300] {dag.py:3096} INFO - Sync 1 DAGs
[2024-05-11T15:31:11.635-0300] {logging_mixin.py:188} INFO - [2024-05-11T15:31:11.635-0300] {dag.py:3954} INFO - Setting next_dagrun for tutorial_taskflow_api to None, run_after=None
[2024-05-11T15:31:11.677-0300] {processor.py:183} INFO - Processing /home/patricia/Documentos/airflow/airflow_venv/lib/python3.10/site-packages/airflow/example_dags/tutorial_taskflow_api.py took 0.102 seconds
[2024-05-11T15:32:15.630-0300] {processor.py:161} INFO - Started process (PID=8366) to work on /home/patricia/Documentos/airflow/airflow_venv/lib/python3.10/site-packages/airflow/example_dags/tutorial_taskflow_api.py
[2024-05-11T15:32:15.632-0300] {processor.py:830} INFO - Processing file /home/patricia/Documentos/airflow/airflow_venv/lib/python3.10/site-packages/airflow/example_dags/tutorial_taskflow_api.py for tasks to queue
[2024-05-11T15:32:15.635-0300] {logging_mixin.py:188} INFO - [2024-05-11T15:32:15.634-0300] {dagbag.py:545} INFO - Filling up the DagBag from /home/patricia/Documentos/airflow/airflow_venv/lib/python3.10/site-packages/airflow/example_dags/tutorial_taskflow_api.py
[2024-05-11T15:32:15.643-0300] {processor.py:840} INFO - DAG(s) 'tutorial_taskflow_api' retrieved from /home/patricia/Documentos/airflow/airflow_venv/lib/python3.10/site-packages/airflow/example_dags/tutorial_taskflow_api.py
[2024-05-11T15:32:15.662-0300] {logging_mixin.py:188} INFO - [2024-05-11T15:32:15.662-0300] {dag.py:3096} INFO - Sync 1 DAGs
[2024-05-11T15:32:15.675-0300] {logging_mixin.py:188} INFO - [2024-05-11T15:32:15.674-0300] {dag.py:3954} INFO - Setting next_dagrun for tutorial_taskflow_api to None, run_after=None
[2024-05-11T15:32:15.708-0300] {processor.py:183} INFO - Processing /home/patricia/Documentos/airflow/airflow_venv/lib/python3.10/site-packages/airflow/example_dags/tutorial_taskflow_api.py took 0.086 seconds
[2024-05-11T15:33:21.556-0300] {processor.py:161} INFO - Started process (PID=8683) to work on /home/patricia/Documentos/airflow/airflow_venv/lib/python3.10/site-packages/airflow/example_dags/tutorial_taskflow_api.py
[2024-05-11T15:33:21.561-0300] {processor.py:830} INFO - Processing file /home/patricia/Documentos/airflow/airflow_venv/lib/python3.10/site-packages/airflow/example_dags/tutorial_taskflow_api.py for tasks to queue
[2024-05-11T15:33:21.563-0300] {logging_mixin.py:188} INFO - [2024-05-11T15:33:21.562-0300] {dagbag.py:545} INFO - Filling up the DagBag from /home/patricia/Documentos/airflow/airflow_venv/lib/python3.10/site-packages/airflow/example_dags/tutorial_taskflow_api.py
[2024-05-11T15:33:21.570-0300] {processor.py:840} INFO - DAG(s) 'tutorial_taskflow_api' retrieved from /home/patricia/Documentos/airflow/airflow_venv/lib/python3.10/site-packages/airflow/example_dags/tutorial_taskflow_api.py
[2024-05-11T15:33:21.586-0300] {logging_mixin.py:188} INFO - [2024-05-11T15:33:21.586-0300] {dag.py:3096} INFO - Sync 1 DAGs
[2024-05-11T15:33:21.597-0300] {logging_mixin.py:188} INFO - [2024-05-11T15:33:21.597-0300] {dag.py:3954} INFO - Setting next_dagrun for tutorial_taskflow_api to None, run_after=None
[2024-05-11T15:33:21.630-0300] {processor.py:183} INFO - Processing /home/patricia/Documentos/airflow/airflow_venv/lib/python3.10/site-packages/airflow/example_dags/tutorial_taskflow_api.py took 0.080 seconds
[2024-05-11T15:34:39.813-0300] {processor.py:161} INFO - Started process (PID=9340) to work on /home/patricia/Documentos/airflow/airflow_venv/lib/python3.10/site-packages/airflow/example_dags/tutorial_taskflow_api.py
[2024-05-11T15:34:39.816-0300] {processor.py:830} INFO - Processing file /home/patricia/Documentos/airflow/airflow_venv/lib/python3.10/site-packages/airflow/example_dags/tutorial_taskflow_api.py for tasks to queue
[2024-05-11T15:34:39.819-0300] {logging_mixin.py:188} INFO - [2024-05-11T15:34:39.818-0300] {dagbag.py:545} INFO - Filling up the DagBag from /home/patricia/Documentos/airflow/airflow_venv/lib/python3.10/site-packages/airflow/example_dags/tutorial_taskflow_api.py
[2024-05-11T15:34:39.831-0300] {processor.py:840} INFO - DAG(s) 'tutorial_taskflow_api' retrieved from /home/patricia/Documentos/airflow/airflow_venv/lib/python3.10/site-packages/airflow/example_dags/tutorial_taskflow_api.py
[2024-05-11T15:34:39.858-0300] {logging_mixin.py:188} INFO - [2024-05-11T15:34:39.858-0300] {dag.py:3096} INFO - Sync 1 DAGs
[2024-05-11T15:34:39.877-0300] {logging_mixin.py:188} INFO - [2024-05-11T15:34:39.876-0300] {dag.py:3954} INFO - Setting next_dagrun for tutorial_taskflow_api to None, run_after=None
[2024-05-11T15:34:39.941-0300] {processor.py:183} INFO - Processing /home/patricia/Documentos/airflow/airflow_venv/lib/python3.10/site-packages/airflow/example_dags/tutorial_taskflow_api.py took 0.137 seconds
[2024-05-11T15:35:55.103-0300] {processor.py:161} INFO - Started process (PID=9544) to work on /home/patricia/Documentos/airflow/airflow_venv/lib/python3.10/site-packages/airflow/example_dags/tutorial_taskflow_api.py
[2024-05-11T15:35:55.112-0300] {processor.py:830} INFO - Processing file /home/patricia/Documentos/airflow/airflow_venv/lib/python3.10/site-packages/airflow/example_dags/tutorial_taskflow_api.py for tasks to queue
[2024-05-11T15:35:55.118-0300] {logging_mixin.py:188} INFO - [2024-05-11T15:35:55.117-0300] {dagbag.py:545} INFO - Filling up the DagBag from /home/patricia/Documentos/airflow/airflow_venv/lib/python3.10/site-packages/airflow/example_dags/tutorial_taskflow_api.py
[2024-05-11T15:35:55.150-0300] {processor.py:840} INFO - DAG(s) 'tutorial_taskflow_api' retrieved from /home/patricia/Documentos/airflow/airflow_venv/lib/python3.10/site-packages/airflow/example_dags/tutorial_taskflow_api.py
[2024-05-11T15:35:55.210-0300] {logging_mixin.py:188} INFO - [2024-05-11T15:35:55.209-0300] {dag.py:3096} INFO - Sync 1 DAGs
[2024-05-11T15:35:55.252-0300] {logging_mixin.py:188} INFO - [2024-05-11T15:35:55.252-0300] {dag.py:3954} INFO - Setting next_dagrun for tutorial_taskflow_api to None, run_after=None
[2024-05-11T15:35:55.364-0300] {processor.py:183} INFO - Processing /home/patricia/Documentos/airflow/airflow_venv/lib/python3.10/site-packages/airflow/example_dags/tutorial_taskflow_api.py took 0.279 seconds
[2024-05-11T15:37:18.346-0300] {processor.py:161} INFO - Started process (PID=9820) to work on /home/patricia/Documentos/airflow/airflow_venv/lib/python3.10/site-packages/airflow/example_dags/tutorial_taskflow_api.py
[2024-05-11T15:37:18.366-0300] {processor.py:830} INFO - Processing file /home/patricia/Documentos/airflow/airflow_venv/lib/python3.10/site-packages/airflow/example_dags/tutorial_taskflow_api.py for tasks to queue
[2024-05-11T15:37:18.377-0300] {logging_mixin.py:188} INFO - [2024-05-11T15:37:18.376-0300] {dagbag.py:545} INFO - Filling up the DagBag from /home/patricia/Documentos/airflow/airflow_venv/lib/python3.10/site-packages/airflow/example_dags/tutorial_taskflow_api.py
[2024-05-11T15:37:18.390-0300] {processor.py:840} INFO - DAG(s) 'tutorial_taskflow_api' retrieved from /home/patricia/Documentos/airflow/airflow_venv/lib/python3.10/site-packages/airflow/example_dags/tutorial_taskflow_api.py
[2024-05-11T15:37:18.419-0300] {logging_mixin.py:188} INFO - [2024-05-11T15:37:18.418-0300] {dag.py:3096} INFO - Sync 1 DAGs
[2024-05-11T15:37:18.466-0300] {logging_mixin.py:188} INFO - [2024-05-11T15:37:18.466-0300] {dag.py:3954} INFO - Setting next_dagrun for tutorial_taskflow_api to None, run_after=None
[2024-05-11T15:37:18.624-0300] {processor.py:183} INFO - Processing /home/patricia/Documentos/airflow/airflow_venv/lib/python3.10/site-packages/airflow/example_dags/tutorial_taskflow_api.py took 0.290 seconds
[2024-05-11T15:39:04.808-0300] {processor.py:161} INFO - Started process (PID=10007) to work on /home/patricia/Documentos/airflow/airflow_venv/lib/python3.10/site-packages/airflow/example_dags/tutorial_taskflow_api.py
[2024-05-11T15:39:04.816-0300] {processor.py:830} INFO - Processing file /home/patricia/Documentos/airflow/airflow_venv/lib/python3.10/site-packages/airflow/example_dags/tutorial_taskflow_api.py for tasks to queue
[2024-05-11T15:39:04.829-0300] {logging_mixin.py:188} INFO - [2024-05-11T15:39:04.828-0300] {dagbag.py:545} INFO - Filling up the DagBag from /home/patricia/Documentos/airflow/airflow_venv/lib/python3.10/site-packages/airflow/example_dags/tutorial_taskflow_api.py
[2024-05-11T15:39:04.875-0300] {processor.py:840} INFO - DAG(s) 'tutorial_taskflow_api' retrieved from /home/patricia/Documentos/airflow/airflow_venv/lib/python3.10/site-packages/airflow/example_dags/tutorial_taskflow_api.py
[2024-05-11T15:39:05.002-0300] {logging_mixin.py:188} INFO - [2024-05-11T15:39:05.002-0300] {dag.py:3096} INFO - Sync 1 DAGs
[2024-05-11T15:39:05.077-0300] {logging_mixin.py:188} INFO - [2024-05-11T15:39:05.076-0300] {dag.py:3954} INFO - Setting next_dagrun for tutorial_taskflow_api to None, run_after=None
[2024-05-11T15:39:05.140-0300] {processor.py:183} INFO - Processing /home/patricia/Documentos/airflow/airflow_venv/lib/python3.10/site-packages/airflow/example_dags/tutorial_taskflow_api.py took 0.362 seconds
[2024-05-11T15:40:22.908-0300] {processor.py:161} INFO - Started process (PID=10506) to work on /home/patricia/Documentos/airflow/airflow_venv/lib/python3.10/site-packages/airflow/example_dags/tutorial_taskflow_api.py
[2024-05-11T15:40:22.917-0300] {processor.py:830} INFO - Processing file /home/patricia/Documentos/airflow/airflow_venv/lib/python3.10/site-packages/airflow/example_dags/tutorial_taskflow_api.py for tasks to queue
[2024-05-11T15:40:22.925-0300] {logging_mixin.py:188} INFO - [2024-05-11T15:40:22.920-0300] {dagbag.py:545} INFO - Filling up the DagBag from /home/patricia/Documentos/airflow/airflow_venv/lib/python3.10/site-packages/airflow/example_dags/tutorial_taskflow_api.py
[2024-05-11T15:40:22.967-0300] {processor.py:840} INFO - DAG(s) 'tutorial_taskflow_api' retrieved from /home/patricia/Documentos/airflow/airflow_venv/lib/python3.10/site-packages/airflow/example_dags/tutorial_taskflow_api.py
[2024-05-11T15:40:23.005-0300] {logging_mixin.py:188} INFO - [2024-05-11T15:40:23.005-0300] {dag.py:3096} INFO - Sync 1 DAGs
[2024-05-11T15:40:23.040-0300] {logging_mixin.py:188} INFO - [2024-05-11T15:40:23.040-0300] {dag.py:3954} INFO - Setting next_dagrun for tutorial_taskflow_api to None, run_after=None
[2024-05-11T15:40:23.133-0300] {processor.py:183} INFO - Processing /home/patricia/Documentos/airflow/airflow_venv/lib/python3.10/site-packages/airflow/example_dags/tutorial_taskflow_api.py took 0.258 seconds
[2024-05-11T16:28:49.519-0300] {processor.py:161} INFO - Started process (PID=11050) to work on /home/patricia/Documentos/airflow/airflow_venv/lib/python3.10/site-packages/airflow/example_dags/tutorial_taskflow_api.py
[2024-05-11T16:28:49.524-0300] {processor.py:830} INFO - Processing file /home/patricia/Documentos/airflow/airflow_venv/lib/python3.10/site-packages/airflow/example_dags/tutorial_taskflow_api.py for tasks to queue
[2024-05-11T16:28:49.528-0300] {logging_mixin.py:188} INFO - [2024-05-11T16:28:49.527-0300] {dagbag.py:545} INFO - Filling up the DagBag from /home/patricia/Documentos/airflow/airflow_venv/lib/python3.10/site-packages/airflow/example_dags/tutorial_taskflow_api.py
[2024-05-11T16:28:49.584-0300] {processor.py:840} INFO - DAG(s) 'tutorial_taskflow_api' retrieved from /home/patricia/Documentos/airflow/airflow_venv/lib/python3.10/site-packages/airflow/example_dags/tutorial_taskflow_api.py
[2024-05-11T16:28:50.193-0300] {logging_mixin.py:188} INFO - [2024-05-11T16:28:50.193-0300] {dag.py:3096} INFO - Sync 1 DAGs
[2024-05-11T16:28:50.219-0300] {logging_mixin.py:188} INFO - [2024-05-11T16:28:50.218-0300] {dag.py:3954} INFO - Setting next_dagrun for tutorial_taskflow_api to None, run_after=None
[2024-05-11T16:28:50.756-0300] {processor.py:183} INFO - Processing /home/patricia/Documentos/airflow/airflow_venv/lib/python3.10/site-packages/airflow/example_dags/tutorial_taskflow_api.py took 1.319 seconds
[2024-05-11T16:30:59.831-0300] {processor.py:161} INFO - Started process (PID=11307) to work on /home/patricia/Documentos/airflow/airflow_venv/lib/python3.10/site-packages/airflow/example_dags/tutorial_taskflow_api.py
[2024-05-11T16:30:59.838-0300] {processor.py:830} INFO - Processing file /home/patricia/Documentos/airflow/airflow_venv/lib/python3.10/site-packages/airflow/example_dags/tutorial_taskflow_api.py for tasks to queue
[2024-05-11T16:30:59.847-0300] {logging_mixin.py:188} INFO - [2024-05-11T16:30:59.843-0300] {dagbag.py:545} INFO - Filling up the DagBag from /home/patricia/Documentos/airflow/airflow_venv/lib/python3.10/site-packages/airflow/example_dags/tutorial_taskflow_api.py
[2024-05-11T16:30:59.867-0300] {processor.py:840} INFO - DAG(s) 'tutorial_taskflow_api' retrieved from /home/patricia/Documentos/airflow/airflow_venv/lib/python3.10/site-packages/airflow/example_dags/tutorial_taskflow_api.py
[2024-05-11T16:30:59.921-0300] {logging_mixin.py:188} INFO - [2024-05-11T16:30:59.920-0300] {dag.py:3096} INFO - Sync 1 DAGs
[2024-05-11T16:31:00.060-0300] {logging_mixin.py:188} INFO - [2024-05-11T16:31:00.059-0300] {dag.py:3954} INFO - Setting next_dagrun for tutorial_taskflow_api to None, run_after=None
[2024-05-11T16:31:00.169-0300] {processor.py:183} INFO - Processing /home/patricia/Documentos/airflow/airflow_venv/lib/python3.10/site-packages/airflow/example_dags/tutorial_taskflow_api.py took 0.360 seconds
[2024-05-11T16:33:03.934-0300] {processor.py:161} INFO - Started process (PID=11533) to work on /home/patricia/Documentos/airflow/airflow_venv/lib/python3.10/site-packages/airflow/example_dags/tutorial_taskflow_api.py
[2024-05-11T16:33:03.945-0300] {processor.py:830} INFO - Processing file /home/patricia/Documentos/airflow/airflow_venv/lib/python3.10/site-packages/airflow/example_dags/tutorial_taskflow_api.py for tasks to queue
[2024-05-11T16:33:03.971-0300] {logging_mixin.py:188} INFO - [2024-05-11T16:33:03.958-0300] {dagbag.py:545} INFO - Filling up the DagBag from /home/patricia/Documentos/airflow/airflow_venv/lib/python3.10/site-packages/airflow/example_dags/tutorial_taskflow_api.py
[2024-05-11T16:33:04.133-0300] {processor.py:840} INFO - DAG(s) 'tutorial_taskflow_api' retrieved from /home/patricia/Documentos/airflow/airflow_venv/lib/python3.10/site-packages/airflow/example_dags/tutorial_taskflow_api.py
[2024-05-11T16:33:04.175-0300] {logging_mixin.py:188} INFO - [2024-05-11T16:33:04.175-0300] {dag.py:3096} INFO - Sync 1 DAGs
[2024-05-11T16:33:04.207-0300] {logging_mixin.py:188} INFO - [2024-05-11T16:33:04.207-0300] {dag.py:3954} INFO - Setting next_dagrun for tutorial_taskflow_api to None, run_after=None
[2024-05-11T16:33:04.363-0300] {processor.py:183} INFO - Processing /home/patricia/Documentos/airflow/airflow_venv/lib/python3.10/site-packages/airflow/example_dags/tutorial_taskflow_api.py took 0.460 seconds
[2024-05-11T16:34:45.323-0300] {processor.py:161} INFO - Started process (PID=11754) to work on /home/patricia/Documentos/airflow/airflow_venv/lib/python3.10/site-packages/airflow/example_dags/tutorial_taskflow_api.py
[2024-05-11T16:34:45.332-0300] {processor.py:830} INFO - Processing file /home/patricia/Documentos/airflow/airflow_venv/lib/python3.10/site-packages/airflow/example_dags/tutorial_taskflow_api.py for tasks to queue
[2024-05-11T16:34:45.337-0300] {logging_mixin.py:188} INFO - [2024-05-11T16:34:45.336-0300] {dagbag.py:545} INFO - Filling up the DagBag from /home/patricia/Documentos/airflow/airflow_venv/lib/python3.10/site-packages/airflow/example_dags/tutorial_taskflow_api.py
[2024-05-11T16:34:45.358-0300] {processor.py:840} INFO - DAG(s) 'tutorial_taskflow_api' retrieved from /home/patricia/Documentos/airflow/airflow_venv/lib/python3.10/site-packages/airflow/example_dags/tutorial_taskflow_api.py
[2024-05-11T16:34:45.499-0300] {logging_mixin.py:188} INFO - [2024-05-11T16:34:45.499-0300] {dag.py:3096} INFO - Sync 1 DAGs
[2024-05-11T16:34:45.537-0300] {logging_mixin.py:188} INFO - [2024-05-11T16:34:45.536-0300] {dag.py:3954} INFO - Setting next_dagrun for tutorial_taskflow_api to None, run_after=None
[2024-05-11T16:34:45.614-0300] {processor.py:183} INFO - Processing /home/patricia/Documentos/airflow/airflow_venv/lib/python3.10/site-packages/airflow/example_dags/tutorial_taskflow_api.py took 0.329 seconds
[2024-05-11T16:36:24.756-0300] {processor.py:161} INFO - Started process (PID=11905) to work on /home/patricia/Documentos/airflow/airflow_venv/lib/python3.10/site-packages/airflow/example_dags/tutorial_taskflow_api.py
[2024-05-11T16:36:24.761-0300] {processor.py:830} INFO - Processing file /home/patricia/Documentos/airflow/airflow_venv/lib/python3.10/site-packages/airflow/example_dags/tutorial_taskflow_api.py for tasks to queue
[2024-05-11T16:36:24.766-0300] {logging_mixin.py:188} INFO - [2024-05-11T16:36:24.765-0300] {dagbag.py:545} INFO - Filling up the DagBag from /home/patricia/Documentos/airflow/airflow_venv/lib/python3.10/site-packages/airflow/example_dags/tutorial_taskflow_api.py
[2024-05-11T16:36:24.785-0300] {processor.py:840} INFO - DAG(s) 'tutorial_taskflow_api' retrieved from /home/patricia/Documentos/airflow/airflow_venv/lib/python3.10/site-packages/airflow/example_dags/tutorial_taskflow_api.py
[2024-05-11T16:36:24.826-0300] {logging_mixin.py:188} INFO - [2024-05-11T16:36:24.826-0300] {dag.py:3096} INFO - Sync 1 DAGs
[2024-05-11T16:36:24.864-0300] {logging_mixin.py:188} INFO - [2024-05-11T16:36:24.863-0300] {dag.py:3954} INFO - Setting next_dagrun for tutorial_taskflow_api to None, run_after=None
[2024-05-11T16:36:24.941-0300] {processor.py:183} INFO - Processing /home/patricia/Documentos/airflow/airflow_venv/lib/python3.10/site-packages/airflow/example_dags/tutorial_taskflow_api.py took 0.204 seconds
