[2024-05-07T17:59:02.770-0300] {local_task_job_runner.py:120} INFO - ::group::Pre task execution logs
[2024-05-07T17:59:02.807-0300] {taskinstance.py:2076} INFO - Dependencies all met for dep_context=non-requeueable deps ti=<TaskInstance: meu_dag.Cria_pasta scheduled__2024-05-06T00:00:00+00:00 [queued]>
[2024-05-07T17:59:02.820-0300] {taskinstance.py:2076} INFO - Dependencies all met for dep_context=requeueable deps ti=<TaskInstance: meu_dag.Cria_pasta scheduled__2024-05-06T00:00:00+00:00 [queued]>
[2024-05-07T17:59:02.820-0300] {taskinstance.py:2306} INFO - Starting attempt 1 of 1
[2024-05-07T17:59:02.899-0300] {taskinstance.py:2330} INFO - Executing <Task(BashOperator): Cria_pasta> on 2024-05-06 00:00:00+00:00
[2024-05-07T17:59:02.912-0300] {standard_task_runner.py:90} INFO - Running: ['airflow', 'tasks', 'run', 'meu_dag', 'Cria_pasta', 'scheduled__2024-05-06T00:00:00+00:00', '--job-id', '17', '--raw', '--subdir', 'DAGS_FOLDER/meu_dag.py', '--cfg-path', '/tmp/tmpo_dcrsrf']
[2024-05-07T17:59:02.913-0300] {standard_task_runner.py:91} INFO - Job 17: Subtask Cria_pasta
[2024-05-07T17:59:02.914-0300] {standard_task_runner.py:63} INFO - Started process 53661 to run task
[2024-05-07T17:59:03.011-0300] {task_command.py:426} INFO - Running <TaskInstance: meu_dag.Cria_pasta scheduled__2024-05-06T00:00:00+00:00 [running]> on host patricia-VirtualBox
[2024-05-07T17:59:03.275-0300] {taskinstance.py:2648} INFO - Exporting env vars: AIRFLOW_CTX_DAG_OWNER='airflow' AIRFLOW_CTX_DAG_ID='meu_dag' AIRFLOW_CTX_TASK_ID='Cria_pasta' AIRFLOW_CTX_EXECUTION_DATE='2024-05-06T00:00:00+00:00' AIRFLOW_CTX_TRY_NUMBER='1' AIRFLOW_CTX_DAG_RUN_ID='scheduled__2024-05-06T00:00:00+00:00'
[2024-05-07T17:59:03.282-0300] {taskinstance.py:430} INFO - ::endgroup::
[2024-05-07T17:59:03.285-0300] {subprocess.py:63} INFO - Tmp dir root location: /tmp
[2024-05-07T17:59:03.287-0300] {subprocess.py:75} INFO - Running command: ['/usr/bin/bash', '-c', 'mkdir -p "/home/patricia/Documentos/airflow/pasta"']
[2024-05-07T17:59:03.315-0300] {subprocess.py:86} INFO - Output:
[2024-05-07T17:59:03.364-0300] {subprocess.py:97} INFO - Command exited with return code 0
[2024-05-07T17:59:03.368-0300] {taskinstance.py:441} INFO - ::group::Post task execution logs
[2024-05-07T17:59:03.431-0300] {taskinstance.py:1206} INFO - Marking task as SUCCESS. dag_id=meu_dag, task_id=Cria_pasta, run_id=scheduled__2024-05-06T00:00:00+00:00, execution_date=20240506T000000, start_date=20240507T205902, end_date=20240507T205903
[2024-05-07T17:59:03.518-0300] {local_task_job_runner.py:240} INFO - Task exited with return code 0
[2024-05-07T17:59:03.533-0300] {taskinstance.py:3498} INFO - 0 downstream tasks scheduled from follow-on schedule check
[2024-05-07T17:59:03.538-0300] {local_task_job_runner.py:222} INFO - ::endgroup::
[2024-05-07T20:06:46.603-0300] {local_task_job_runner.py:120} INFO - ::group::Pre task execution logs
[2024-05-07T20:06:46.622-0300] {taskinstance.py:2076} INFO - Dependencies all met for dep_context=non-requeueable deps ti=<TaskInstance: meu_dag.Cria_pasta scheduled__2024-05-06T00:00:00+00:00 [queued]>
[2024-05-07T20:06:46.629-0300] {taskinstance.py:2076} INFO - Dependencies all met for dep_context=requeueable deps ti=<TaskInstance: meu_dag.Cria_pasta scheduled__2024-05-06T00:00:00+00:00 [queued]>
[2024-05-07T20:06:46.630-0300] {taskinstance.py:2306} INFO - Starting attempt 1 of 1
[2024-05-07T20:06:46.666-0300] {taskinstance.py:2330} INFO - Executing <Task(BashOperator): Cria_pasta> on 2024-05-06 00:00:00+00:00
[2024-05-07T20:06:46.671-0300] {standard_task_runner.py:63} INFO - Started process 65791 to run task
[2024-05-07T20:06:46.676-0300] {standard_task_runner.py:90} INFO - Running: ['airflow', 'tasks', 'run', 'meu_dag', 'Cria_pasta', 'scheduled__2024-05-06T00:00:00+00:00', '--job-id', '21', '--raw', '--subdir', 'DAGS_FOLDER/meu_dag.py', '--cfg-path', '/tmp/tmpxfwysiww']
[2024-05-07T20:06:46.678-0300] {standard_task_runner.py:91} INFO - Job 21: Subtask Cria_pasta
[2024-05-07T20:06:46.751-0300] {task_command.py:426} INFO - Running <TaskInstance: meu_dag.Cria_pasta scheduled__2024-05-06T00:00:00+00:00 [running]> on host patricia-VirtualBox
[2024-05-07T20:06:46.861-0300] {taskinstance.py:2648} INFO - Exporting env vars: AIRFLOW_CTX_DAG_OWNER='airflow' AIRFLOW_CTX_DAG_ID='meu_dag' AIRFLOW_CTX_TASK_ID='Cria_pasta' AIRFLOW_CTX_EXECUTION_DATE='2024-05-06T00:00:00+00:00' AIRFLOW_CTX_TRY_NUMBER='1' AIRFLOW_CTX_DAG_RUN_ID='scheduled__2024-05-06T00:00:00+00:00'
[2024-05-07T20:06:46.862-0300] {taskinstance.py:430} INFO - ::endgroup::
[2024-05-07T20:06:46.863-0300] {subprocess.py:63} INFO - Tmp dir root location: /tmp
[2024-05-07T20:06:46.863-0300] {subprocess.py:75} INFO - Running command: ['/usr/bin/bash', '-c', 'mkdir -p "/home/patricia/Documentos/airflow/pasta=2024-05-07 00:00:00+00:00"']
[2024-05-07T20:06:46.873-0300] {subprocess.py:86} INFO - Output:
[2024-05-07T20:06:46.880-0300] {subprocess.py:97} INFO - Command exited with return code 0
[2024-05-07T20:06:46.881-0300] {taskinstance.py:441} INFO - ::group::Post task execution logs
[2024-05-07T20:06:46.928-0300] {taskinstance.py:1206} INFO - Marking task as SUCCESS. dag_id=meu_dag, task_id=Cria_pasta, run_id=scheduled__2024-05-06T00:00:00+00:00, execution_date=20240506T000000, start_date=20240507T230646, end_date=20240507T230646
[2024-05-07T20:06:46.988-0300] {local_task_job_runner.py:240} INFO - Task exited with return code 0
[2024-05-07T20:06:47.005-0300] {taskinstance.py:3498} INFO - 0 downstream tasks scheduled from follow-on schedule check
[2024-05-07T20:06:47.006-0300] {local_task_job_runner.py:222} INFO - ::endgroup::
[2024-05-13T13:01:30.727-0300] {local_task_job_runner.py:120} INFO - ::group::Pre task execution logs
[2024-05-13T13:01:30.746-0300] {taskinstance.py:2076} INFO - Dependencies all met for dep_context=non-requeueable deps ti=<TaskInstance: meu_dag.Cria_pasta scheduled__2024-05-06T00:00:00+00:00 [queued]>
[2024-05-13T13:01:30.754-0300] {taskinstance.py:2076} INFO - Dependencies all met for dep_context=requeueable deps ti=<TaskInstance: meu_dag.Cria_pasta scheduled__2024-05-06T00:00:00+00:00 [queued]>
[2024-05-13T13:01:30.759-0300] {taskinstance.py:2306} INFO - Starting attempt 1 of 1
[2024-05-13T13:01:30.875-0300] {taskinstance.py:2330} INFO - Executing <Task(BashOperator): Cria_pasta> on 2024-05-06 00:00:00+00:00
[2024-05-13T13:01:30.887-0300] {standard_task_runner.py:63} INFO - Started process 22404 to run task
[2024-05-13T13:01:30.901-0300] {standard_task_runner.py:90} INFO - Running: ['airflow', 'tasks', 'run', 'meu_dag', 'Cria_pasta', 'scheduled__2024-05-06T00:00:00+00:00', '--job-id', '73', '--raw', '--subdir', 'DAGS_FOLDER/dados_climaticos.py', '--cfg-path', '/tmp/tmpfuit1rhi']
[2024-05-13T13:01:30.903-0300] {standard_task_runner.py:91} INFO - Job 73: Subtask Cria_pasta
[2024-05-13T13:01:31.130-0300] {task_command.py:426} INFO - Running <TaskInstance: meu_dag.Cria_pasta scheduled__2024-05-06T00:00:00+00:00 [running]> on host patricia-VirtualBox
[2024-05-13T13:01:31.425-0300] {taskinstance.py:2648} INFO - Exporting env vars: AIRFLOW_CTX_DAG_OWNER='airflow' AIRFLOW_CTX_DAG_ID='meu_dag' AIRFLOW_CTX_TASK_ID='Cria_pasta' AIRFLOW_CTX_EXECUTION_DATE='2024-05-06T00:00:00+00:00' AIRFLOW_CTX_TRY_NUMBER='1' AIRFLOW_CTX_DAG_RUN_ID='scheduled__2024-05-06T00:00:00+00:00'
[2024-05-13T13:01:31.427-0300] {taskinstance.py:430} INFO - ::endgroup::
[2024-05-13T13:01:31.428-0300] {subprocess.py:63} INFO - Tmp dir root location: /tmp
[2024-05-13T13:01:31.429-0300] {subprocess.py:75} INFO - Running command: ['/usr/bin/bash', '-c', 'mkdir -p "/home/patricia/Documentos/airflow/pasta_2024-05-06"']
[2024-05-13T13:01:31.459-0300] {subprocess.py:86} INFO - Output:
[2024-05-13T13:01:31.494-0300] {subprocess.py:97} INFO - Command exited with return code 0
[2024-05-13T13:01:31.495-0300] {taskinstance.py:441} INFO - ::group::Post task execution logs
[2024-05-13T13:01:31.581-0300] {taskinstance.py:1206} INFO - Marking task as SUCCESS. dag_id=meu_dag, task_id=Cria_pasta, run_id=scheduled__2024-05-06T00:00:00+00:00, execution_date=20240506T000000, start_date=20240513T160130, end_date=20240513T160131
[2024-05-13T13:01:31.704-0300] {local_task_job_runner.py:240} INFO - Task exited with return code 0
[2024-05-13T13:01:31.759-0300] {taskinstance.py:3498} INFO - 1 downstream tasks scheduled from follow-on schedule check
[2024-05-13T13:01:31.814-0300] {local_task_job_runner.py:222} INFO - ::endgroup::
