[2024-05-11T15:14:21.295-0300] {local_task_job_runner.py:120} INFO - ::group::Pre task execution logs
[2024-05-11T15:14:21.315-0300] {taskinstance.py:2076} INFO - Dependencies all met for dep_context=non-requeueable deps ti=<TaskInstance: meu_dag.Cria_pasta scheduled__2024-05-10T00:00:00+00:00 [queued]>
[2024-05-11T15:14:21.322-0300] {taskinstance.py:2076} INFO - Dependencies all met for dep_context=requeueable deps ti=<TaskInstance: meu_dag.Cria_pasta scheduled__2024-05-10T00:00:00+00:00 [queued]>
[2024-05-11T15:14:21.323-0300] {taskinstance.py:2306} INFO - Starting attempt 1 of 1
[2024-05-11T15:14:21.374-0300] {taskinstance.py:2330} INFO - Executing <Task(BashOperator): Cria_pasta> on 2024-05-10 00:00:00+00:00
[2024-05-11T15:14:21.401-0300] {standard_task_runner.py:63} INFO - Started process 4852 to run task
[2024-05-11T15:14:21.413-0300] {standard_task_runner.py:90} INFO - Running: ['airflow', 'tasks', 'run', 'meu_dag', 'Cria_pasta', 'scheduled__2024-05-10T00:00:00+00:00', '--job-id', '37', '--raw', '--subdir', 'DAGS_FOLDER/meu_dag.py', '--cfg-path', '/tmp/tmpg7rnvrau']
[2024-05-11T15:14:21.417-0300] {standard_task_runner.py:91} INFO - Job 37: Subtask Cria_pasta
[2024-05-11T15:14:21.624-0300] {task_command.py:426} INFO - Running <TaskInstance: meu_dag.Cria_pasta scheduled__2024-05-10T00:00:00+00:00 [running]> on host patricia-VirtualBox
[2024-05-11T15:14:21.856-0300] {taskinstance.py:2648} INFO - Exporting env vars: AIRFLOW_CTX_DAG_OWNER='airflow' AIRFLOW_CTX_DAG_ID='meu_dag' AIRFLOW_CTX_TASK_ID='Cria_pasta' AIRFLOW_CTX_EXECUTION_DATE='2024-05-10T00:00:00+00:00' AIRFLOW_CTX_TRY_NUMBER='1' AIRFLOW_CTX_DAG_RUN_ID='scheduled__2024-05-10T00:00:00+00:00'
[2024-05-11T15:14:21.860-0300] {taskinstance.py:430} INFO - ::endgroup::
[2024-05-11T15:14:21.861-0300] {subprocess.py:63} INFO - Tmp dir root location: /tmp
[2024-05-11T15:14:21.862-0300] {subprocess.py:75} INFO - Running command: ['/usr/bin/bash', '-c', 'mkdir -p "/home/patricia/Documentos/airflow/pasta=2024-05-11 00:00:00+00:00"']
[2024-05-11T15:14:21.880-0300] {subprocess.py:86} INFO - Output:
[2024-05-11T15:14:21.941-0300] {subprocess.py:97} INFO - Command exited with return code 0
[2024-05-11T15:14:21.942-0300] {taskinstance.py:441} INFO - ::group::Post task execution logs
[2024-05-11T15:14:22.053-0300] {taskinstance.py:1206} INFO - Marking task as SUCCESS. dag_id=meu_dag, task_id=Cria_pasta, run_id=scheduled__2024-05-10T00:00:00+00:00, execution_date=20240510T000000, start_date=20240511T181421, end_date=20240511T181422
[2024-05-11T15:14:22.190-0300] {local_task_job_runner.py:240} INFO - Task exited with return code 0
[2024-05-11T15:14:22.251-0300] {taskinstance.py:3498} INFO - 0 downstream tasks scheduled from follow-on schedule check
[2024-05-11T15:14:22.252-0300] {local_task_job_runner.py:222} INFO - ::endgroup::
[2024-05-13T13:03:13.323-0300] {local_task_job_runner.py:120} INFO - ::group::Pre task execution logs
[2024-05-13T13:03:13.344-0300] {taskinstance.py:2076} INFO - Dependencies all met for dep_context=non-requeueable deps ti=<TaskInstance: meu_dag.Cria_pasta scheduled__2024-05-10T00:00:00+00:00 [queued]>
[2024-05-13T13:03:13.352-0300] {taskinstance.py:2076} INFO - Dependencies all met for dep_context=requeueable deps ti=<TaskInstance: meu_dag.Cria_pasta scheduled__2024-05-10T00:00:00+00:00 [queued]>
[2024-05-13T13:03:13.353-0300] {taskinstance.py:2306} INFO - Starting attempt 1 of 1
[2024-05-13T13:03:13.415-0300] {taskinstance.py:2330} INFO - Executing <Task(BashOperator): Cria_pasta> on 2024-05-10 00:00:00+00:00
[2024-05-13T13:03:13.457-0300] {standard_task_runner.py:63} INFO - Started process 22551 to run task
[2024-05-13T13:03:13.473-0300] {standard_task_runner.py:90} INFO - Running: ['airflow', 'tasks', 'run', 'meu_dag', 'Cria_pasta', 'scheduled__2024-05-10T00:00:00+00:00', '--job-id', '82', '--raw', '--subdir', 'DAGS_FOLDER/dados_climaticos.py', '--cfg-path', '/tmp/tmpu0tuqy73']
[2024-05-13T13:03:13.474-0300] {standard_task_runner.py:91} INFO - Job 82: Subtask Cria_pasta
[2024-05-13T13:03:13.729-0300] {task_command.py:426} INFO - Running <TaskInstance: meu_dag.Cria_pasta scheduled__2024-05-10T00:00:00+00:00 [running]> on host patricia-VirtualBox
[2024-05-13T13:03:13.977-0300] {taskinstance.py:2648} INFO - Exporting env vars: AIRFLOW_CTX_DAG_OWNER='airflow' AIRFLOW_CTX_DAG_ID='meu_dag' AIRFLOW_CTX_TASK_ID='Cria_pasta' AIRFLOW_CTX_EXECUTION_DATE='2024-05-10T00:00:00+00:00' AIRFLOW_CTX_TRY_NUMBER='1' AIRFLOW_CTX_DAG_RUN_ID='scheduled__2024-05-10T00:00:00+00:00'
[2024-05-13T13:03:13.979-0300] {taskinstance.py:430} INFO - ::endgroup::
[2024-05-13T13:03:13.980-0300] {subprocess.py:63} INFO - Tmp dir root location: /tmp
[2024-05-13T13:03:13.981-0300] {subprocess.py:75} INFO - Running command: ['/usr/bin/bash', '-c', 'mkdir -p "/home/patricia/Documentos/airflow/pasta_2024-05-10"']
[2024-05-13T13:03:13.994-0300] {subprocess.py:86} INFO - Output:
[2024-05-13T13:03:14.034-0300] {subprocess.py:97} INFO - Command exited with return code 0
[2024-05-13T13:03:14.035-0300] {taskinstance.py:441} INFO - ::group::Post task execution logs
[2024-05-13T13:03:14.078-0300] {taskinstance.py:1206} INFO - Marking task as SUCCESS. dag_id=meu_dag, task_id=Cria_pasta, run_id=scheduled__2024-05-10T00:00:00+00:00, execution_date=20240510T000000, start_date=20240513T160313, end_date=20240513T160314
[2024-05-13T13:03:14.233-0300] {local_task_job_runner.py:240} INFO - Task exited with return code 0
[2024-05-13T13:03:14.287-0300] {taskinstance.py:3498} INFO - 1 downstream tasks scheduled from follow-on schedule check
[2024-05-13T13:03:14.353-0300] {local_task_job_runner.py:222} INFO - ::endgroup::
