[2024-06-04T16:07:26.682-0300] {local_task_job_runner.py:120} INFO - ::group::Pre task execution logs
[2024-06-04T16:07:26.702-0300] {taskinstance.py:2076} INFO - Dependencies all met for dep_context=non-requeueable deps ti=<TaskInstance: meu_dag.Cria_pasta scheduled__2024-05-27T09:00:00+00:00 [queued]>
[2024-06-04T16:07:26.723-0300] {taskinstance.py:2076} INFO - Dependencies all met for dep_context=requeueable deps ti=<TaskInstance: meu_dag.Cria_pasta scheduled__2024-05-27T09:00:00+00:00 [queued]>
[2024-06-04T16:07:26.724-0300] {taskinstance.py:2306} INFO - Starting attempt 1 of 1
[2024-06-04T16:07:26.770-0300] {taskinstance.py:2330} INFO - Executing <Task(BashOperator): Cria_pasta> on 2024-05-27 09:00:00+00:00
[2024-06-04T16:07:26.777-0300] {standard_task_runner.py:63} INFO - Started process 24949 to run task
[2024-06-04T16:07:26.781-0300] {standard_task_runner.py:90} INFO - Running: ['airflow', 'tasks', 'run', 'meu_dag', 'Cria_pasta', 'scheduled__2024-05-27T09:00:00+00:00', '--job-id', '113', '--raw', '--subdir', 'DAGS_FOLDER/dados_climaticos.py', '--cfg-path', '/tmp/tmpsifkkewf']
[2024-06-04T16:07:26.782-0300] {standard_task_runner.py:91} INFO - Job 113: Subtask Cria_pasta
[2024-06-04T16:07:26.851-0300] {task_command.py:426} INFO - Running <TaskInstance: meu_dag.Cria_pasta scheduled__2024-05-27T09:00:00+00:00 [running]> on host patricia-VirtualBox
[2024-06-04T16:07:26.963-0300] {taskinstance.py:2648} INFO - Exporting env vars: AIRFLOW_CTX_DAG_OWNER='airflow' AIRFLOW_CTX_DAG_ID='meu_dag' AIRFLOW_CTX_TASK_ID='Cria_pasta' AIRFLOW_CTX_EXECUTION_DATE='2024-05-27T09:00:00+00:00' AIRFLOW_CTX_TRY_NUMBER='1' AIRFLOW_CTX_DAG_RUN_ID='scheduled__2024-05-27T09:00:00+00:00'
[2024-06-04T16:07:26.964-0300] {taskinstance.py:430} INFO - ::endgroup::
[2024-06-04T16:07:26.968-0300] {subprocess.py:63} INFO - Tmp dir root location: /tmp
[2024-06-04T16:07:26.971-0300] {subprocess.py:75} INFO - Running command: ['/usr/bin/bash', '-c', 'mkdir -p "/home/patricia/Documentos/airflow/pasta_2024-05-27"']
[2024-06-04T16:07:26.985-0300] {subprocess.py:86} INFO - Output:
[2024-06-04T16:07:27.004-0300] {subprocess.py:97} INFO - Command exited with return code 0
[2024-06-04T16:07:27.005-0300] {taskinstance.py:441} INFO - ::group::Post task execution logs
[2024-06-04T16:07:27.056-0300] {taskinstance.py:1206} INFO - Marking task as SUCCESS. dag_id=meu_dag, task_id=Cria_pasta, run_id=scheduled__2024-05-27T09:00:00+00:00, execution_date=20240527T090000, start_date=20240604T190726, end_date=20240604T190727
[2024-06-04T16:07:27.138-0300] {local_task_job_runner.py:240} INFO - Task exited with return code 0
[2024-06-04T16:07:27.181-0300] {taskinstance.py:3498} INFO - 1 downstream tasks scheduled from follow-on schedule check
[2024-06-04T16:07:27.222-0300] {local_task_job_runner.py:222} INFO - ::endgroup::
[2024-06-04T16:59:05.055-0300] {local_task_job_runner.py:120} INFO - ::group::Pre task execution logs
[2024-06-04T16:59:05.072-0300] {taskinstance.py:2076} INFO - Dependencies all met for dep_context=non-requeueable deps ti=<TaskInstance: meu_dag.Cria_pasta scheduled__2024-05-27T09:00:00+00:00 [queued]>
[2024-06-04T16:59:05.079-0300] {taskinstance.py:2076} INFO - Dependencies all met for dep_context=requeueable deps ti=<TaskInstance: meu_dag.Cria_pasta scheduled__2024-05-27T09:00:00+00:00 [queued]>
[2024-06-04T16:59:05.079-0300] {taskinstance.py:2306} INFO - Starting attempt 1 of 1
[2024-06-04T16:59:05.107-0300] {taskinstance.py:2330} INFO - Executing <Task(BashOperator): Cria_pasta> on 2024-05-27 09:00:00+00:00
[2024-06-04T16:59:05.112-0300] {standard_task_runner.py:63} INFO - Started process 28038 to run task
[2024-06-04T16:59:05.117-0300] {standard_task_runner.py:90} INFO - Running: ['airflow', 'tasks', 'run', 'meu_dag', 'Cria_pasta', 'scheduled__2024-05-27T09:00:00+00:00', '--job-id', '119', '--raw', '--subdir', 'DAGS_FOLDER/dados_climaticos.py', '--cfg-path', '/tmp/tmptrbd98se']
[2024-06-04T16:59:05.118-0300] {standard_task_runner.py:91} INFO - Job 119: Subtask Cria_pasta
[2024-06-04T16:59:05.176-0300] {task_command.py:426} INFO - Running <TaskInstance: meu_dag.Cria_pasta scheduled__2024-05-27T09:00:00+00:00 [running]> on host patricia-VirtualBox
[2024-06-04T16:59:05.263-0300] {taskinstance.py:2648} INFO - Exporting env vars: AIRFLOW_CTX_DAG_OWNER='airflow' AIRFLOW_CTX_DAG_ID='meu_dag' AIRFLOW_CTX_TASK_ID='Cria_pasta' AIRFLOW_CTX_EXECUTION_DATE='2024-05-27T09:00:00+00:00' AIRFLOW_CTX_TRY_NUMBER='1' AIRFLOW_CTX_DAG_RUN_ID='scheduled__2024-05-27T09:00:00+00:00'
[2024-06-04T16:59:05.264-0300] {taskinstance.py:430} INFO - ::endgroup::
[2024-06-04T16:59:05.265-0300] {subprocess.py:63} INFO - Tmp dir root location: /tmp
[2024-06-04T16:59:05.266-0300] {subprocess.py:75} INFO - Running command: ['/usr/bin/bash', '-c', 'mkdir -p "/home/patricia/Documentos/airflow/pasta_2024-05-27"']
[2024-06-04T16:59:05.276-0300] {subprocess.py:86} INFO - Output:
[2024-06-04T16:59:05.293-0300] {subprocess.py:97} INFO - Command exited with return code 0
[2024-06-04T16:59:05.295-0300] {taskinstance.py:441} INFO - ::group::Post task execution logs
[2024-06-04T16:59:05.322-0300] {taskinstance.py:1206} INFO - Marking task as SUCCESS. dag_id=meu_dag, task_id=Cria_pasta, run_id=scheduled__2024-05-27T09:00:00+00:00, execution_date=20240527T090000, start_date=20240604T195905, end_date=20240604T195905
[2024-06-04T16:59:05.382-0300] {local_task_job_runner.py:240} INFO - Task exited with return code 0
[2024-06-04T16:59:05.399-0300] {taskinstance.py:3498} INFO - 1 downstream tasks scheduled from follow-on schedule check
[2024-06-04T16:59:05.415-0300] {local_task_job_runner.py:222} INFO - ::endgroup::
