[2024-05-07T20:06:42.819-0300] {local_task_job_runner.py:120} INFO - ::group::Pre task execution logs
[2024-05-07T20:06:42.837-0300] {taskinstance.py:2076} INFO - Dependencies all met for dep_context=non-requeueable deps ti=<TaskInstance: meu_dag.Cria_pasta scheduled__2024-05-05T00:00:00+00:00 [queued]>
[2024-05-07T20:06:42.843-0300] {taskinstance.py:2076} INFO - Dependencies all met for dep_context=requeueable deps ti=<TaskInstance: meu_dag.Cria_pasta scheduled__2024-05-05T00:00:00+00:00 [queued]>
[2024-05-07T20:06:42.844-0300] {taskinstance.py:2306} INFO - Starting attempt 1 of 1
[2024-05-07T20:06:42.879-0300] {taskinstance.py:2330} INFO - Executing <Task(BashOperator): Cria_pasta> on 2024-05-05 00:00:00+00:00
[2024-05-07T20:06:42.885-0300] {standard_task_runner.py:63} INFO - Started process 65775 to run task
[2024-05-07T20:06:42.889-0300] {standard_task_runner.py:90} INFO - Running: ['airflow', 'tasks', 'run', 'meu_dag', 'Cria_pasta', 'scheduled__2024-05-05T00:00:00+00:00', '--job-id', '20', '--raw', '--subdir', 'DAGS_FOLDER/meu_dag.py', '--cfg-path', '/tmp/tmpgav33x6f']
[2024-05-07T20:06:42.890-0300] {standard_task_runner.py:91} INFO - Job 20: Subtask Cria_pasta
[2024-05-07T20:06:42.945-0300] {task_command.py:426} INFO - Running <TaskInstance: meu_dag.Cria_pasta scheduled__2024-05-05T00:00:00+00:00 [running]> on host patricia-VirtualBox
[2024-05-07T20:06:43.052-0300] {taskinstance.py:2648} INFO - Exporting env vars: AIRFLOW_CTX_DAG_OWNER='airflow' AIRFLOW_CTX_DAG_ID='meu_dag' AIRFLOW_CTX_TASK_ID='Cria_pasta' AIRFLOW_CTX_EXECUTION_DATE='2024-05-05T00:00:00+00:00' AIRFLOW_CTX_TRY_NUMBER='1' AIRFLOW_CTX_DAG_RUN_ID='scheduled__2024-05-05T00:00:00+00:00'
[2024-05-07T20:06:43.053-0300] {taskinstance.py:430} INFO - ::endgroup::
[2024-05-07T20:06:43.054-0300] {subprocess.py:63} INFO - Tmp dir root location: /tmp
[2024-05-07T20:06:43.054-0300] {subprocess.py:75} INFO - Running command: ['/usr/bin/bash', '-c', 'mkdir -p "/home/patricia/Documentos/airflow/pasta=2024-05-06 00:00:00+00:00"']
[2024-05-07T20:06:43.063-0300] {subprocess.py:86} INFO - Output:
[2024-05-07T20:06:43.083-0300] {subprocess.py:97} INFO - Command exited with return code 0
[2024-05-07T20:06:43.086-0300] {taskinstance.py:441} INFO - ::group::Post task execution logs
[2024-05-07T20:06:43.181-0300] {taskinstance.py:1206} INFO - Marking task as SUCCESS. dag_id=meu_dag, task_id=Cria_pasta, run_id=scheduled__2024-05-05T00:00:00+00:00, execution_date=20240505T000000, start_date=20240507T230642, end_date=20240507T230643
[2024-05-07T20:06:43.293-0300] {local_task_job_runner.py:240} INFO - Task exited with return code 0
[2024-05-07T20:06:43.321-0300] {taskinstance.py:3498} INFO - 0 downstream tasks scheduled from follow-on schedule check
[2024-05-07T20:06:43.322-0300] {local_task_job_runner.py:222} INFO - ::endgroup::
[2024-05-13T13:01:18.603-0300] {local_task_job_runner.py:120} INFO - ::group::Pre task execution logs
[2024-05-13T13:01:18.640-0300] {taskinstance.py:2076} INFO - Dependencies all met for dep_context=non-requeueable deps ti=<TaskInstance: meu_dag.Cria_pasta scheduled__2024-05-05T00:00:00+00:00 [queued]>
[2024-05-13T13:01:18.648-0300] {taskinstance.py:2076} INFO - Dependencies all met for dep_context=requeueable deps ti=<TaskInstance: meu_dag.Cria_pasta scheduled__2024-05-05T00:00:00+00:00 [queued]>
[2024-05-13T13:01:18.648-0300] {taskinstance.py:2306} INFO - Starting attempt 1 of 1
[2024-05-13T13:01:18.726-0300] {taskinstance.py:2330} INFO - Executing <Task(BashOperator): Cria_pasta> on 2024-05-05 00:00:00+00:00
[2024-05-13T13:01:18.751-0300] {standard_task_runner.py:63} INFO - Started process 22381 to run task
[2024-05-13T13:01:18.756-0300] {standard_task_runner.py:90} INFO - Running: ['airflow', 'tasks', 'run', 'meu_dag', 'Cria_pasta', 'scheduled__2024-05-05T00:00:00+00:00', '--job-id', '71', '--raw', '--subdir', 'DAGS_FOLDER/dados_climaticos.py', '--cfg-path', '/tmp/tmpbucghc53']
[2024-05-13T13:01:18.757-0300] {standard_task_runner.py:91} INFO - Job 71: Subtask Cria_pasta
[2024-05-13T13:01:18.901-0300] {task_command.py:426} INFO - Running <TaskInstance: meu_dag.Cria_pasta scheduled__2024-05-05T00:00:00+00:00 [running]> on host patricia-VirtualBox
[2024-05-13T13:01:19.201-0300] {taskinstance.py:2648} INFO - Exporting env vars: AIRFLOW_CTX_DAG_OWNER='airflow' AIRFLOW_CTX_DAG_ID='meu_dag' AIRFLOW_CTX_TASK_ID='Cria_pasta' AIRFLOW_CTX_EXECUTION_DATE='2024-05-05T00:00:00+00:00' AIRFLOW_CTX_TRY_NUMBER='1' AIRFLOW_CTX_DAG_RUN_ID='scheduled__2024-05-05T00:00:00+00:00'
[2024-05-13T13:01:19.207-0300] {taskinstance.py:430} INFO - ::endgroup::
[2024-05-13T13:01:19.226-0300] {subprocess.py:63} INFO - Tmp dir root location: /tmp
[2024-05-13T13:01:19.253-0300] {subprocess.py:75} INFO - Running command: ['/usr/bin/bash', '-c', 'mkdir -p "/home/patricia/Documentos/airflow/pasta_2024-05-05"']
[2024-05-13T13:01:19.314-0300] {subprocess.py:86} INFO - Output:
[2024-05-13T13:01:19.327-0300] {subprocess.py:97} INFO - Command exited with return code 0
[2024-05-13T13:01:19.329-0300] {taskinstance.py:441} INFO - ::group::Post task execution logs
[2024-05-13T13:01:19.498-0300] {taskinstance.py:1206} INFO - Marking task as SUCCESS. dag_id=meu_dag, task_id=Cria_pasta, run_id=scheduled__2024-05-05T00:00:00+00:00, execution_date=20240505T000000, start_date=20240513T160118, end_date=20240513T160119
[2024-05-13T13:01:19.600-0300] {local_task_job_runner.py:240} INFO - Task exited with return code 0
[2024-05-13T13:01:19.648-0300] {taskinstance.py:3498} INFO - 1 downstream tasks scheduled from follow-on schedule check
[2024-05-13T13:01:19.709-0300] {local_task_job_runner.py:222} INFO - ::endgroup::
