[2024-05-07T21:01:33.950-0300] {processor.py:161} INFO - Started process (PID=71440) to work on /home/patricia/Documentos/airflow/airflow_venv/lib/python3.10/site-packages/airflow/example_dags/plugins/workday.py
[2024-05-07T21:01:33.953-0300] {processor.py:830} INFO - Processing file /home/patricia/Documentos/airflow/airflow_venv/lib/python3.10/site-packages/airflow/example_dags/plugins/workday.py for tasks to queue
[2024-05-07T21:01:33.956-0300] {logging_mixin.py:188} INFO - [2024-05-07T21:01:33.956-0300] {dagbag.py:545} INFO - Filling up the DagBag from /home/patricia/Documentos/airflow/airflow_venv/lib/python3.10/site-packages/airflow/example_dags/plugins/workday.py
[2024-05-07T21:01:33.965-0300] {logging_mixin.py:188} INFO - [2024-05-07T21:01:33.964-0300] {workday.py:41} WARNING - Could not import pandas. Holidays will not be considered.
[2024-05-07T21:01:33.965-0300] {processor.py:842} WARNING - No viable dags retrieved from /home/patricia/Documentos/airflow/airflow_venv/lib/python3.10/site-packages/airflow/example_dags/plugins/workday.py
[2024-05-07T21:01:34.021-0300] {processor.py:183} INFO - Processing /home/patricia/Documentos/airflow/airflow_venv/lib/python3.10/site-packages/airflow/example_dags/plugins/workday.py took 0.087 seconds
[2024-05-07T21:02:54.675-0300] {processor.py:161} INFO - Started process (PID=71563) to work on /home/patricia/Documentos/airflow/airflow_venv/lib/python3.10/site-packages/airflow/example_dags/plugins/workday.py
[2024-05-07T21:02:54.680-0300] {processor.py:830} INFO - Processing file /home/patricia/Documentos/airflow/airflow_venv/lib/python3.10/site-packages/airflow/example_dags/plugins/workday.py for tasks to queue
[2024-05-07T21:02:54.684-0300] {logging_mixin.py:188} INFO - [2024-05-07T21:02:54.683-0300] {dagbag.py:545} INFO - Filling up the DagBag from /home/patricia/Documentos/airflow/airflow_venv/lib/python3.10/site-packages/airflow/example_dags/plugins/workday.py
[2024-05-07T21:02:54.690-0300] {logging_mixin.py:188} INFO - [2024-05-07T21:02:54.690-0300] {workday.py:41} WARNING - Could not import pandas. Holidays will not be considered.
[2024-05-07T21:02:54.691-0300] {processor.py:842} WARNING - No viable dags retrieved from /home/patricia/Documentos/airflow/airflow_venv/lib/python3.10/site-packages/airflow/example_dags/plugins/workday.py
[2024-05-07T21:02:54.720-0300] {processor.py:183} INFO - Processing /home/patricia/Documentos/airflow/airflow_venv/lib/python3.10/site-packages/airflow/example_dags/plugins/workday.py took 0.059 seconds
[2024-05-07T21:04:23.321-0300] {processor.py:161} INFO - Started process (PID=71709) to work on /home/patricia/Documentos/airflow/airflow_venv/lib/python3.10/site-packages/airflow/example_dags/plugins/workday.py
[2024-05-07T21:04:23.402-0300] {processor.py:830} INFO - Processing file /home/patricia/Documentos/airflow/airflow_venv/lib/python3.10/site-packages/airflow/example_dags/plugins/workday.py for tasks to queue
[2024-05-07T21:04:23.406-0300] {logging_mixin.py:188} INFO - [2024-05-07T21:04:23.405-0300] {dagbag.py:545} INFO - Filling up the DagBag from /home/patricia/Documentos/airflow/airflow_venv/lib/python3.10/site-packages/airflow/example_dags/plugins/workday.py
[2024-05-07T21:04:23.411-0300] {logging_mixin.py:188} INFO - [2024-05-07T21:04:23.410-0300] {workday.py:41} WARNING - Could not import pandas. Holidays will not be considered.
[2024-05-07T21:04:23.418-0300] {processor.py:842} WARNING - No viable dags retrieved from /home/patricia/Documentos/airflow/airflow_venv/lib/python3.10/site-packages/airflow/example_dags/plugins/workday.py
[2024-05-07T21:04:23.445-0300] {processor.py:183} INFO - Processing /home/patricia/Documentos/airflow/airflow_venv/lib/python3.10/site-packages/airflow/example_dags/plugins/workday.py took 0.176 seconds
[2024-05-07T21:05:51.914-0300] {processor.py:161} INFO - Started process (PID=71854) to work on /home/patricia/Documentos/airflow/airflow_venv/lib/python3.10/site-packages/airflow/example_dags/plugins/workday.py
[2024-05-07T21:05:51.917-0300] {processor.py:830} INFO - Processing file /home/patricia/Documentos/airflow/airflow_venv/lib/python3.10/site-packages/airflow/example_dags/plugins/workday.py for tasks to queue
[2024-05-07T21:05:51.919-0300] {logging_mixin.py:188} INFO - [2024-05-07T21:05:51.919-0300] {dagbag.py:545} INFO - Filling up the DagBag from /home/patricia/Documentos/airflow/airflow_venv/lib/python3.10/site-packages/airflow/example_dags/plugins/workday.py
[2024-05-07T21:05:51.924-0300] {logging_mixin.py:188} INFO - [2024-05-07T21:05:51.924-0300] {workday.py:41} WARNING - Could not import pandas. Holidays will not be considered.
[2024-05-07T21:05:51.926-0300] {processor.py:842} WARNING - No viable dags retrieved from /home/patricia/Documentos/airflow/airflow_venv/lib/python3.10/site-packages/airflow/example_dags/plugins/workday.py
[2024-05-07T21:05:51.949-0300] {processor.py:183} INFO - Processing /home/patricia/Documentos/airflow/airflow_venv/lib/python3.10/site-packages/airflow/example_dags/plugins/workday.py took 0.077 seconds
