[2024-05-07T21:00:08.708-0300] {local_task_job_runner.py:120} INFO - ::group::Pre task execution logs
[2024-05-07T21:00:08.731-0300] {taskinstance.py:2076} INFO - Dependencies all met for dep_context=non-requeueable deps ti=<TaskInstance: meu_dag.Cria_pasta scheduled__2024-05-07T00:00:00+00:00 [queued]>
[2024-05-07T21:00:08.765-0300] {taskinstance.py:2076} INFO - Dependencies all met for dep_context=requeueable deps ti=<TaskInstance: meu_dag.Cria_pasta scheduled__2024-05-07T00:00:00+00:00 [queued]>
[2024-05-07T21:00:08.765-0300] {taskinstance.py:2306} INFO - Starting attempt 1 of 1
[2024-05-07T21:00:08.889-0300] {taskinstance.py:2330} INFO - Executing <Task(BashOperator): Cria_pasta> on 2024-05-07 00:00:00+00:00
[2024-05-07T21:00:08.895-0300] {standard_task_runner.py:63} INFO - Started process 71293 to run task
[2024-05-07T21:00:08.903-0300] {standard_task_runner.py:90} INFO - Running: ['airflow', 'tasks', 'run', 'meu_dag', 'Cria_pasta', 'scheduled__2024-05-07T00:00:00+00:00', '--job-id', '22', '--raw', '--subdir', 'DAGS_FOLDER/meu_dag.py', '--cfg-path', '/tmp/tmp2s1nylwq']
[2024-05-07T21:00:08.910-0300] {standard_task_runner.py:91} INFO - Job 22: Subtask Cria_pasta
[2024-05-07T21:00:09.071-0300] {task_command.py:426} INFO - Running <TaskInstance: meu_dag.Cria_pasta scheduled__2024-05-07T00:00:00+00:00 [running]> on host patricia-VirtualBox
[2024-05-07T21:00:09.324-0300] {taskinstance.py:2648} INFO - Exporting env vars: AIRFLOW_CTX_DAG_OWNER='airflow' AIRFLOW_CTX_DAG_ID='meu_dag' AIRFLOW_CTX_TASK_ID='Cria_pasta' AIRFLOW_CTX_EXECUTION_DATE='2024-05-07T00:00:00+00:00' AIRFLOW_CTX_TRY_NUMBER='1' AIRFLOW_CTX_DAG_RUN_ID='scheduled__2024-05-07T00:00:00+00:00'
[2024-05-07T21:00:09.326-0300] {taskinstance.py:430} INFO - ::endgroup::
[2024-05-07T21:00:09.327-0300] {subprocess.py:63} INFO - Tmp dir root location: /tmp
[2024-05-07T21:00:09.328-0300] {subprocess.py:75} INFO - Running command: ['/usr/bin/bash', '-c', 'mkdir -p "/home/patricia/Documentos/airflow/pasta=2024-05-08 00:00:00+00:00"']
[2024-05-07T21:00:09.376-0300] {subprocess.py:86} INFO - Output:
[2024-05-07T21:00:09.404-0300] {subprocess.py:97} INFO - Command exited with return code 0
[2024-05-07T21:00:09.406-0300] {taskinstance.py:441} INFO - ::group::Post task execution logs
[2024-05-07T21:00:09.534-0300] {taskinstance.py:1206} INFO - Marking task as SUCCESS. dag_id=meu_dag, task_id=Cria_pasta, run_id=scheduled__2024-05-07T00:00:00+00:00, execution_date=20240507T000000, start_date=20240508T000008, end_date=20240508T000009
[2024-05-07T21:00:09.639-0300] {local_task_job_runner.py:240} INFO - Task exited with return code 0
[2024-05-07T21:00:09.730-0300] {taskinstance.py:3498} INFO - 0 downstream tasks scheduled from follow-on schedule check
[2024-05-07T21:00:09.733-0300] {local_task_job_runner.py:222} INFO - ::endgroup::
[2024-05-13T13:01:42.806-0300] {local_task_job_runner.py:120} INFO - ::group::Pre task execution logs
[2024-05-13T13:01:42.896-0300] {taskinstance.py:2076} INFO - Dependencies all met for dep_context=non-requeueable deps ti=<TaskInstance: meu_dag.Cria_pasta scheduled__2024-05-07T00:00:00+00:00 [queued]>
[2024-05-13T13:01:42.906-0300] {taskinstance.py:2076} INFO - Dependencies all met for dep_context=requeueable deps ti=<TaskInstance: meu_dag.Cria_pasta scheduled__2024-05-07T00:00:00+00:00 [queued]>
[2024-05-13T13:01:42.908-0300] {taskinstance.py:2306} INFO - Starting attempt 1 of 1
[2024-05-13T13:01:43.018-0300] {taskinstance.py:2330} INFO - Executing <Task(BashOperator): Cria_pasta> on 2024-05-07 00:00:00+00:00
[2024-05-13T13:01:43.027-0300] {standard_task_runner.py:63} INFO - Started process 22425 to run task
[2024-05-13T13:01:43.034-0300] {standard_task_runner.py:90} INFO - Running: ['airflow', 'tasks', 'run', 'meu_dag', 'Cria_pasta', 'scheduled__2024-05-07T00:00:00+00:00', '--job-id', '75', '--raw', '--subdir', 'DAGS_FOLDER/dados_climaticos.py', '--cfg-path', '/tmp/tmpj9nbq9k9']
[2024-05-13T13:01:43.084-0300] {standard_task_runner.py:91} INFO - Job 75: Subtask Cria_pasta
[2024-05-13T13:01:43.185-0300] {task_command.py:426} INFO - Running <TaskInstance: meu_dag.Cria_pasta scheduled__2024-05-07T00:00:00+00:00 [running]> on host patricia-VirtualBox
[2024-05-13T13:01:43.463-0300] {taskinstance.py:2648} INFO - Exporting env vars: AIRFLOW_CTX_DAG_OWNER='airflow' AIRFLOW_CTX_DAG_ID='meu_dag' AIRFLOW_CTX_TASK_ID='Cria_pasta' AIRFLOW_CTX_EXECUTION_DATE='2024-05-07T00:00:00+00:00' AIRFLOW_CTX_TRY_NUMBER='1' AIRFLOW_CTX_DAG_RUN_ID='scheduled__2024-05-07T00:00:00+00:00'
[2024-05-13T13:01:43.464-0300] {taskinstance.py:430} INFO - ::endgroup::
[2024-05-13T13:01:43.466-0300] {subprocess.py:63} INFO - Tmp dir root location: /tmp
[2024-05-13T13:01:43.467-0300] {subprocess.py:75} INFO - Running command: ['/usr/bin/bash', '-c', 'mkdir -p "/home/patricia/Documentos/airflow/pasta_2024-05-07"']
[2024-05-13T13:01:43.495-0300] {subprocess.py:86} INFO - Output:
[2024-05-13T13:01:43.512-0300] {subprocess.py:97} INFO - Command exited with return code 0
[2024-05-13T13:01:43.529-0300] {taskinstance.py:441} INFO - ::group::Post task execution logs
[2024-05-13T13:01:43.572-0300] {taskinstance.py:1206} INFO - Marking task as SUCCESS. dag_id=meu_dag, task_id=Cria_pasta, run_id=scheduled__2024-05-07T00:00:00+00:00, execution_date=20240507T000000, start_date=20240513T160142, end_date=20240513T160143
[2024-05-13T13:01:43.720-0300] {local_task_job_runner.py:240} INFO - Task exited with return code 0
[2024-05-13T13:01:43.761-0300] {taskinstance.py:3498} INFO - 1 downstream tasks scheduled from follow-on schedule check
[2024-05-13T13:01:43.777-0300] {local_task_job_runner.py:222} INFO - ::endgroup::
