[2024-05-09T22:03:26.578-0300] {processor.py:161} INFO - Started process (PID=4215) to work on /home/patricia/Documentos/airflow/dags/meu_dag.py
[2024-05-09T22:03:26.579-0300] {processor.py:830} INFO - Processing file /home/patricia/Documentos/airflow/dags/meu_dag.py for tasks to queue
[2024-05-09T22:03:26.598-0300] {logging_mixin.py:188} INFO - [2024-05-09T22:03:26.597-0300] {dagbag.py:545} INFO - Filling up the DagBag from /home/patricia/Documentos/airflow/dags/meu_dag.py
[2024-05-09T22:03:26.648-0300] {processor.py:840} INFO - DAG(s) 'meu_dag' retrieved from /home/patricia/Documentos/airflow/dags/meu_dag.py
[2024-05-09T22:03:26.688-0300] {logging_mixin.py:188} INFO - [2024-05-09T22:03:26.687-0300] {dag.py:3096} INFO - Sync 1 DAGs
[2024-05-09T22:03:26.728-0300] {logging_mixin.py:188} INFO - [2024-05-09T22:03:26.727-0300] {dag.py:3954} INFO - Setting next_dagrun for meu_dag to 2024-05-09 00:00:00+00:00, run_after=2024-05-10 00:00:00+00:00
[2024-05-09T22:03:26.762-0300] {processor.py:183} INFO - Processing /home/patricia/Documentos/airflow/dags/meu_dag.py took 0.200 seconds
[2024-05-09T22:04:53.224-0300] {processor.py:161} INFO - Started process (PID=5090) to work on /home/patricia/Documentos/airflow/dags/meu_dag.py
[2024-05-09T22:04:53.230-0300] {processor.py:830} INFO - Processing file /home/patricia/Documentos/airflow/dags/meu_dag.py for tasks to queue
[2024-05-09T22:04:53.235-0300] {logging_mixin.py:188} INFO - [2024-05-09T22:04:53.232-0300] {dagbag.py:545} INFO - Filling up the DagBag from /home/patricia/Documentos/airflow/dags/meu_dag.py
[2024-05-09T22:04:53.266-0300] {processor.py:840} INFO - DAG(s) 'meu_dag' retrieved from /home/patricia/Documentos/airflow/dags/meu_dag.py
[2024-05-09T22:04:53.454-0300] {logging_mixin.py:188} INFO - [2024-05-09T22:04:53.454-0300] {dag.py:3096} INFO - Sync 1 DAGs
[2024-05-09T22:04:53.595-0300] {logging_mixin.py:188} INFO - [2024-05-09T22:04:53.595-0300] {dag.py:3954} INFO - Setting next_dagrun for meu_dag to 2024-05-10 00:00:00+00:00, run_after=2024-05-11 00:00:00+00:00
[2024-05-09T22:04:53.653-0300] {processor.py:183} INFO - Processing /home/patricia/Documentos/airflow/dags/meu_dag.py took 0.443 seconds
[2024-05-09T22:05:31.465-0300] {processor.py:161} INFO - Started process (PID=5151) to work on /home/patricia/Documentos/airflow/dags/meu_dag.py
[2024-05-09T22:05:31.471-0300] {processor.py:830} INFO - Processing file /home/patricia/Documentos/airflow/dags/meu_dag.py for tasks to queue
[2024-05-09T22:05:31.474-0300] {logging_mixin.py:188} INFO - [2024-05-09T22:05:31.473-0300] {dagbag.py:545} INFO - Filling up the DagBag from /home/patricia/Documentos/airflow/dags/meu_dag.py
[2024-05-09T22:05:31.488-0300] {processor.py:840} INFO - DAG(s) 'meu_dag' retrieved from /home/patricia/Documentos/airflow/dags/meu_dag.py
[2024-05-09T22:05:31.511-0300] {logging_mixin.py:188} INFO - [2024-05-09T22:05:31.511-0300] {dag.py:3096} INFO - Sync 1 DAGs
[2024-05-09T22:05:31.586-0300] {logging_mixin.py:188} INFO - [2024-05-09T22:05:31.585-0300] {dag.py:3954} INFO - Setting next_dagrun for meu_dag to 2024-05-10 00:00:00+00:00, run_after=2024-05-11 00:00:00+00:00
[2024-05-09T22:05:31.691-0300] {processor.py:183} INFO - Processing /home/patricia/Documentos/airflow/dags/meu_dag.py took 0.236 seconds
[2024-05-09T22:06:09.043-0300] {processor.py:161} INFO - Started process (PID=5209) to work on /home/patricia/Documentos/airflow/dags/meu_dag.py
[2024-05-09T22:06:09.046-0300] {processor.py:830} INFO - Processing file /home/patricia/Documentos/airflow/dags/meu_dag.py for tasks to queue
[2024-05-09T22:06:09.050-0300] {logging_mixin.py:188} INFO - [2024-05-09T22:06:09.049-0300] {dagbag.py:545} INFO - Filling up the DagBag from /home/patricia/Documentos/airflow/dags/meu_dag.py
[2024-05-09T22:06:09.068-0300] {processor.py:840} INFO - DAG(s) 'meu_dag' retrieved from /home/patricia/Documentos/airflow/dags/meu_dag.py
[2024-05-09T22:06:09.092-0300] {logging_mixin.py:188} INFO - [2024-05-09T22:06:09.092-0300] {dag.py:3096} INFO - Sync 1 DAGs
[2024-05-09T22:06:09.140-0300] {logging_mixin.py:188} INFO - [2024-05-09T22:06:09.140-0300] {dag.py:3954} INFO - Setting next_dagrun for meu_dag to 2024-05-10 00:00:00+00:00, run_after=2024-05-11 00:00:00+00:00
[2024-05-09T22:06:09.221-0300] {processor.py:183} INFO - Processing /home/patricia/Documentos/airflow/dags/meu_dag.py took 0.197 seconds
[2024-05-09T22:06:43.327-0300] {processor.py:161} INFO - Started process (PID=5269) to work on /home/patricia/Documentos/airflow/dags/meu_dag.py
[2024-05-09T22:06:43.330-0300] {processor.py:830} INFO - Processing file /home/patricia/Documentos/airflow/dags/meu_dag.py for tasks to queue
[2024-05-09T22:06:43.333-0300] {logging_mixin.py:188} INFO - [2024-05-09T22:06:43.333-0300] {dagbag.py:545} INFO - Filling up the DagBag from /home/patricia/Documentos/airflow/dags/meu_dag.py
[2024-05-09T22:06:43.343-0300] {processor.py:840} INFO - DAG(s) 'meu_dag' retrieved from /home/patricia/Documentos/airflow/dags/meu_dag.py
[2024-05-09T22:06:43.383-0300] {logging_mixin.py:188} INFO - [2024-05-09T22:06:43.383-0300] {dag.py:3096} INFO - Sync 1 DAGs
[2024-05-09T22:06:43.409-0300] {logging_mixin.py:188} INFO - [2024-05-09T22:06:43.408-0300] {dag.py:3954} INFO - Setting next_dagrun for meu_dag to 2024-05-10 00:00:00+00:00, run_after=2024-05-11 00:00:00+00:00
[2024-05-09T22:06:43.578-0300] {processor.py:183} INFO - Processing /home/patricia/Documentos/airflow/dags/meu_dag.py took 0.258 seconds
[2024-05-09T22:07:36.874-0300] {processor.py:161} INFO - Started process (PID=5340) to work on /home/patricia/Documentos/airflow/dags/meu_dag.py
[2024-05-09T22:07:37.069-0300] {processor.py:830} INFO - Processing file /home/patricia/Documentos/airflow/dags/meu_dag.py for tasks to queue
[2024-05-09T22:07:37.083-0300] {logging_mixin.py:188} INFO - [2024-05-09T22:07:37.082-0300] {dagbag.py:545} INFO - Filling up the DagBag from /home/patricia/Documentos/airflow/dags/meu_dag.py
[2024-05-09T22:07:37.115-0300] {processor.py:840} INFO - DAG(s) 'meu_dag' retrieved from /home/patricia/Documentos/airflow/dags/meu_dag.py
[2024-05-09T22:07:37.351-0300] {logging_mixin.py:188} INFO - [2024-05-09T22:07:37.351-0300] {dag.py:3096} INFO - Sync 1 DAGs
[2024-05-09T22:07:37.374-0300] {logging_mixin.py:188} INFO - [2024-05-09T22:07:37.374-0300] {dag.py:3954} INFO - Setting next_dagrun for meu_dag to 2024-05-10 00:00:00+00:00, run_after=2024-05-11 00:00:00+00:00
[2024-05-09T22:07:38.478-0300] {processor.py:183} INFO - Processing /home/patricia/Documentos/airflow/dags/meu_dag.py took 1.617 seconds
[2024-05-09T22:08:48.591-0300] {processor.py:161} INFO - Started process (PID=5447) to work on /home/patricia/Documentos/airflow/dags/meu_dag.py
[2024-05-09T22:08:48.594-0300] {processor.py:830} INFO - Processing file /home/patricia/Documentos/airflow/dags/meu_dag.py for tasks to queue
[2024-05-09T22:08:48.598-0300] {logging_mixin.py:188} INFO - [2024-05-09T22:08:48.597-0300] {dagbag.py:545} INFO - Filling up the DagBag from /home/patricia/Documentos/airflow/dags/meu_dag.py
[2024-05-09T22:08:48.611-0300] {processor.py:840} INFO - DAG(s) 'meu_dag' retrieved from /home/patricia/Documentos/airflow/dags/meu_dag.py
[2024-05-09T22:08:48.657-0300] {logging_mixin.py:188} INFO - [2024-05-09T22:08:48.657-0300] {dag.py:3096} INFO - Sync 1 DAGs
[2024-05-09T22:08:48.681-0300] {logging_mixin.py:188} INFO - [2024-05-09T22:08:48.681-0300] {dag.py:3954} INFO - Setting next_dagrun for meu_dag to 2024-05-10 00:00:00+00:00, run_after=2024-05-11 00:00:00+00:00
[2024-05-09T22:08:48.732-0300] {processor.py:183} INFO - Processing /home/patricia/Documentos/airflow/dags/meu_dag.py took 0.149 seconds
[2024-05-09T22:09:26.228-0300] {processor.py:161} INFO - Started process (PID=5512) to work on /home/patricia/Documentos/airflow/dags/meu_dag.py
[2024-05-09T22:09:26.261-0300] {processor.py:830} INFO - Processing file /home/patricia/Documentos/airflow/dags/meu_dag.py for tasks to queue
[2024-05-09T22:09:26.272-0300] {logging_mixin.py:188} INFO - [2024-05-09T22:09:26.270-0300] {dagbag.py:545} INFO - Filling up the DagBag from /home/patricia/Documentos/airflow/dags/meu_dag.py
[2024-05-09T22:09:26.293-0300] {processor.py:840} INFO - DAG(s) 'meu_dag' retrieved from /home/patricia/Documentos/airflow/dags/meu_dag.py
[2024-05-09T22:09:26.316-0300] {logging_mixin.py:188} INFO - [2024-05-09T22:09:26.315-0300] {dag.py:3096} INFO - Sync 1 DAGs
[2024-05-09T22:09:26.380-0300] {logging_mixin.py:188} INFO - [2024-05-09T22:09:26.380-0300] {dag.py:3954} INFO - Setting next_dagrun for meu_dag to 2024-05-10 00:00:00+00:00, run_after=2024-05-11 00:00:00+00:00
[2024-05-09T22:09:26.423-0300] {processor.py:183} INFO - Processing /home/patricia/Documentos/airflow/dags/meu_dag.py took 0.206 seconds
[2024-05-09T22:10:04.584-0300] {processor.py:161} INFO - Started process (PID=5574) to work on /home/patricia/Documentos/airflow/dags/meu_dag.py
[2024-05-09T22:10:04.587-0300] {processor.py:830} INFO - Processing file /home/patricia/Documentos/airflow/dags/meu_dag.py for tasks to queue
[2024-05-09T22:10:04.590-0300] {logging_mixin.py:188} INFO - [2024-05-09T22:10:04.590-0300] {dagbag.py:545} INFO - Filling up the DagBag from /home/patricia/Documentos/airflow/dags/meu_dag.py
[2024-05-09T22:10:04.603-0300] {processor.py:840} INFO - DAG(s) 'meu_dag' retrieved from /home/patricia/Documentos/airflow/dags/meu_dag.py
[2024-05-09T22:10:04.631-0300] {logging_mixin.py:188} INFO - [2024-05-09T22:10:04.631-0300] {dag.py:3096} INFO - Sync 1 DAGs
[2024-05-09T22:10:04.684-0300] {logging_mixin.py:188} INFO - [2024-05-09T22:10:04.684-0300] {dag.py:3954} INFO - Setting next_dagrun for meu_dag to 2024-05-10 00:00:00+00:00, run_after=2024-05-11 00:00:00+00:00
[2024-05-09T22:10:04.729-0300] {processor.py:183} INFO - Processing /home/patricia/Documentos/airflow/dags/meu_dag.py took 0.179 seconds
[2024-05-09T22:10:43.187-0300] {processor.py:161} INFO - Started process (PID=5637) to work on /home/patricia/Documentos/airflow/dags/meu_dag.py
[2024-05-09T22:10:43.191-0300] {processor.py:830} INFO - Processing file /home/patricia/Documentos/airflow/dags/meu_dag.py for tasks to queue
[2024-05-09T22:10:43.194-0300] {logging_mixin.py:188} INFO - [2024-05-09T22:10:43.193-0300] {dagbag.py:545} INFO - Filling up the DagBag from /home/patricia/Documentos/airflow/dags/meu_dag.py
[2024-05-09T22:10:43.226-0300] {processor.py:840} INFO - DAG(s) 'meu_dag' retrieved from /home/patricia/Documentos/airflow/dags/meu_dag.py
[2024-05-09T22:10:43.257-0300] {logging_mixin.py:188} INFO - [2024-05-09T22:10:43.257-0300] {dag.py:3096} INFO - Sync 1 DAGs
[2024-05-09T22:10:43.307-0300] {logging_mixin.py:188} INFO - [2024-05-09T22:10:43.307-0300] {dag.py:3954} INFO - Setting next_dagrun for meu_dag to 2024-05-10 00:00:00+00:00, run_after=2024-05-11 00:00:00+00:00
[2024-05-09T22:10:43.369-0300] {processor.py:183} INFO - Processing /home/patricia/Documentos/airflow/dags/meu_dag.py took 0.229 seconds
[2024-05-09T22:11:18.658-0300] {processor.py:161} INFO - Started process (PID=5705) to work on /home/patricia/Documentos/airflow/dags/meu_dag.py
[2024-05-09T22:11:18.662-0300] {processor.py:830} INFO - Processing file /home/patricia/Documentos/airflow/dags/meu_dag.py for tasks to queue
[2024-05-09T22:11:18.665-0300] {logging_mixin.py:188} INFO - [2024-05-09T22:11:18.665-0300] {dagbag.py:545} INFO - Filling up the DagBag from /home/patricia/Documentos/airflow/dags/meu_dag.py
[2024-05-09T22:11:18.678-0300] {processor.py:840} INFO - DAG(s) 'meu_dag' retrieved from /home/patricia/Documentos/airflow/dags/meu_dag.py
[2024-05-09T22:11:18.701-0300] {logging_mixin.py:188} INFO - [2024-05-09T22:11:18.700-0300] {dag.py:3096} INFO - Sync 1 DAGs
[2024-05-09T22:11:18.733-0300] {logging_mixin.py:188} INFO - [2024-05-09T22:11:18.733-0300] {dag.py:3954} INFO - Setting next_dagrun for meu_dag to 2024-05-10 00:00:00+00:00, run_after=2024-05-11 00:00:00+00:00
[2024-05-09T22:11:18.776-0300] {processor.py:183} INFO - Processing /home/patricia/Documentos/airflow/dags/meu_dag.py took 0.126 seconds
[2024-05-09T22:12:20.246-0300] {processor.py:161} INFO - Started process (PID=5795) to work on /home/patricia/Documentos/airflow/dags/meu_dag.py
[2024-05-09T22:12:20.249-0300] {processor.py:830} INFO - Processing file /home/patricia/Documentos/airflow/dags/meu_dag.py for tasks to queue
[2024-05-09T22:12:20.253-0300] {logging_mixin.py:188} INFO - [2024-05-09T22:12:20.252-0300] {dagbag.py:545} INFO - Filling up the DagBag from /home/patricia/Documentos/airflow/dags/meu_dag.py
[2024-05-09T22:12:20.267-0300] {processor.py:840} INFO - DAG(s) 'meu_dag' retrieved from /home/patricia/Documentos/airflow/dags/meu_dag.py
[2024-05-09T22:12:20.286-0300] {logging_mixin.py:188} INFO - [2024-05-09T22:12:20.286-0300] {dag.py:3096} INFO - Sync 1 DAGs
[2024-05-09T22:12:20.308-0300] {logging_mixin.py:188} INFO - [2024-05-09T22:12:20.307-0300] {dag.py:3954} INFO - Setting next_dagrun for meu_dag to 2024-05-10 00:00:00+00:00, run_after=2024-05-11 00:00:00+00:00
[2024-05-09T22:12:20.340-0300] {processor.py:183} INFO - Processing /home/patricia/Documentos/airflow/dags/meu_dag.py took 0.101 seconds
[2024-05-09T22:12:53.118-0300] {processor.py:161} INFO - Started process (PID=5847) to work on /home/patricia/Documentos/airflow/dags/meu_dag.py
[2024-05-09T22:12:53.120-0300] {processor.py:830} INFO - Processing file /home/patricia/Documentos/airflow/dags/meu_dag.py for tasks to queue
[2024-05-09T22:12:53.122-0300] {logging_mixin.py:188} INFO - [2024-05-09T22:12:53.122-0300] {dagbag.py:545} INFO - Filling up the DagBag from /home/patricia/Documentos/airflow/dags/meu_dag.py
[2024-05-09T22:12:53.133-0300] {processor.py:840} INFO - DAG(s) 'meu_dag' retrieved from /home/patricia/Documentos/airflow/dags/meu_dag.py
[2024-05-09T22:12:53.151-0300] {logging_mixin.py:188} INFO - [2024-05-09T22:12:53.151-0300] {dag.py:3096} INFO - Sync 1 DAGs
[2024-05-09T22:12:53.176-0300] {logging_mixin.py:188} INFO - [2024-05-09T22:12:53.176-0300] {dag.py:3954} INFO - Setting next_dagrun for meu_dag to 2024-05-10 00:00:00+00:00, run_after=2024-05-11 00:00:00+00:00
[2024-05-09T22:12:53.209-0300] {processor.py:183} INFO - Processing /home/patricia/Documentos/airflow/dags/meu_dag.py took 0.101 seconds
[2024-05-09T22:13:56.590-0300] {processor.py:161} INFO - Started process (PID=5948) to work on /home/patricia/Documentos/airflow/dags/meu_dag.py
[2024-05-09T22:13:56.592-0300] {processor.py:830} INFO - Processing file /home/patricia/Documentos/airflow/dags/meu_dag.py for tasks to queue
[2024-05-09T22:13:56.595-0300] {logging_mixin.py:188} INFO - [2024-05-09T22:13:56.594-0300] {dagbag.py:545} INFO - Filling up the DagBag from /home/patricia/Documentos/airflow/dags/meu_dag.py
[2024-05-09T22:13:56.606-0300] {processor.py:840} INFO - DAG(s) 'meu_dag' retrieved from /home/patricia/Documentos/airflow/dags/meu_dag.py
[2024-05-09T22:13:56.633-0300] {logging_mixin.py:188} INFO - [2024-05-09T22:13:56.632-0300] {dag.py:3096} INFO - Sync 1 DAGs
[2024-05-09T22:13:56.659-0300] {logging_mixin.py:188} INFO - [2024-05-09T22:13:56.658-0300] {dag.py:3954} INFO - Setting next_dagrun for meu_dag to 2024-05-10 00:00:00+00:00, run_after=2024-05-11 00:00:00+00:00
[2024-05-09T22:13:56.689-0300] {processor.py:183} INFO - Processing /home/patricia/Documentos/airflow/dags/meu_dag.py took 0.109 seconds
[2024-05-09T22:14:28.980-0300] {processor.py:161} INFO - Started process (PID=6008) to work on /home/patricia/Documentos/airflow/dags/meu_dag.py
[2024-05-09T22:14:28.981-0300] {processor.py:830} INFO - Processing file /home/patricia/Documentos/airflow/dags/meu_dag.py for tasks to queue
[2024-05-09T22:14:28.985-0300] {logging_mixin.py:188} INFO - [2024-05-09T22:14:28.984-0300] {dagbag.py:545} INFO - Filling up the DagBag from /home/patricia/Documentos/airflow/dags/meu_dag.py
[2024-05-09T22:14:28.995-0300] {processor.py:840} INFO - DAG(s) 'meu_dag' retrieved from /home/patricia/Documentos/airflow/dags/meu_dag.py
[2024-05-09T22:14:29.012-0300] {logging_mixin.py:188} INFO - [2024-05-09T22:14:29.011-0300] {dag.py:3096} INFO - Sync 1 DAGs
[2024-05-09T22:14:29.033-0300] {logging_mixin.py:188} INFO - [2024-05-09T22:14:29.032-0300] {dag.py:3954} INFO - Setting next_dagrun for meu_dag to 2024-05-10 00:00:00+00:00, run_after=2024-05-11 00:00:00+00:00
[2024-05-09T22:14:29.066-0300] {processor.py:183} INFO - Processing /home/patricia/Documentos/airflow/dags/meu_dag.py took 0.093 seconds
[2024-05-09T22:15:00.287-0300] {processor.py:161} INFO - Started process (PID=6056) to work on /home/patricia/Documentos/airflow/dags/meu_dag.py
[2024-05-09T22:15:00.290-0300] {processor.py:830} INFO - Processing file /home/patricia/Documentos/airflow/dags/meu_dag.py for tasks to queue
[2024-05-09T22:15:00.293-0300] {logging_mixin.py:188} INFO - [2024-05-09T22:15:00.292-0300] {dagbag.py:545} INFO - Filling up the DagBag from /home/patricia/Documentos/airflow/dags/meu_dag.py
[2024-05-09T22:15:00.304-0300] {processor.py:840} INFO - DAG(s) 'meu_dag' retrieved from /home/patricia/Documentos/airflow/dags/meu_dag.py
[2024-05-09T22:15:00.333-0300] {logging_mixin.py:188} INFO - [2024-05-09T22:15:00.332-0300] {dag.py:3096} INFO - Sync 1 DAGs
[2024-05-09T22:15:00.360-0300] {logging_mixin.py:188} INFO - [2024-05-09T22:15:00.360-0300] {dag.py:3954} INFO - Setting next_dagrun for meu_dag to 2024-05-10 00:00:00+00:00, run_after=2024-05-11 00:00:00+00:00
[2024-05-09T22:15:00.403-0300] {processor.py:183} INFO - Processing /home/patricia/Documentos/airflow/dags/meu_dag.py took 0.125 seconds
[2024-05-10T14:17:13.157-0300] {processor.py:161} INFO - Started process (PID=2982) to work on /home/patricia/Documentos/airflow/dags/meu_dag.py
[2024-05-10T14:17:13.165-0300] {processor.py:830} INFO - Processing file /home/patricia/Documentos/airflow/dags/meu_dag.py for tasks to queue
[2024-05-10T14:17:13.174-0300] {logging_mixin.py:188} INFO - [2024-05-10T14:17:13.172-0300] {dagbag.py:545} INFO - Filling up the DagBag from /home/patricia/Documentos/airflow/dags/meu_dag.py
[2024-05-10T14:17:13.202-0300] {processor.py:840} INFO - DAG(s) 'meu_dag' retrieved from /home/patricia/Documentos/airflow/dags/meu_dag.py
[2024-05-10T14:17:13.211-0300] {logging_mixin.py:188} INFO - [2024-05-10T14:17:13.211-0300] {dag.py:3096} INFO - Sync 1 DAGs
[2024-05-10T14:17:13.236-0300] {logging_mixin.py:188} INFO - [2024-05-10T14:17:13.236-0300] {dag.py:3954} INFO - Setting next_dagrun for meu_dag to 2024-05-10 00:00:00+00:00, run_after=2024-05-11 00:00:00+00:00
[2024-05-10T14:17:13.316-0300] {processor.py:183} INFO - Processing /home/patricia/Documentos/airflow/dags/meu_dag.py took 0.196 seconds
[2024-05-10T14:18:27.228-0300] {processor.py:161} INFO - Started process (PID=3838) to work on /home/patricia/Documentos/airflow/dags/meu_dag.py
[2024-05-10T14:18:27.231-0300] {processor.py:830} INFO - Processing file /home/patricia/Documentos/airflow/dags/meu_dag.py for tasks to queue
[2024-05-10T14:18:27.233-0300] {logging_mixin.py:188} INFO - [2024-05-10T14:18:27.233-0300] {dagbag.py:545} INFO - Filling up the DagBag from /home/patricia/Documentos/airflow/dags/meu_dag.py
[2024-05-10T14:18:27.243-0300] {processor.py:840} INFO - DAG(s) 'meu_dag' retrieved from /home/patricia/Documentos/airflow/dags/meu_dag.py
[2024-05-10T14:18:27.332-0300] {logging_mixin.py:188} INFO - [2024-05-10T14:18:27.332-0300] {dag.py:3096} INFO - Sync 1 DAGs
[2024-05-10T14:18:27.463-0300] {logging_mixin.py:188} INFO - [2024-05-10T14:18:27.463-0300] {dag.py:3954} INFO - Setting next_dagrun for meu_dag to 2024-05-10 00:00:00+00:00, run_after=2024-05-11 00:00:00+00:00
[2024-05-10T14:18:27.525-0300] {processor.py:183} INFO - Processing /home/patricia/Documentos/airflow/dags/meu_dag.py took 0.304 seconds
[2024-05-10T14:19:05.406-0300] {processor.py:161} INFO - Started process (PID=3915) to work on /home/patricia/Documentos/airflow/dags/meu_dag.py
[2024-05-10T14:19:05.416-0300] {processor.py:830} INFO - Processing file /home/patricia/Documentos/airflow/dags/meu_dag.py for tasks to queue
[2024-05-10T14:19:05.419-0300] {logging_mixin.py:188} INFO - [2024-05-10T14:19:05.418-0300] {dagbag.py:545} INFO - Filling up the DagBag from /home/patricia/Documentos/airflow/dags/meu_dag.py
[2024-05-10T14:19:05.433-0300] {processor.py:840} INFO - DAG(s) 'meu_dag' retrieved from /home/patricia/Documentos/airflow/dags/meu_dag.py
[2024-05-10T14:19:05.454-0300] {logging_mixin.py:188} INFO - [2024-05-10T14:19:05.453-0300] {dag.py:3096} INFO - Sync 1 DAGs
[2024-05-10T14:19:05.475-0300] {logging_mixin.py:188} INFO - [2024-05-10T14:19:05.474-0300] {dag.py:3954} INFO - Setting next_dagrun for meu_dag to 2024-05-10 00:00:00+00:00, run_after=2024-05-11 00:00:00+00:00
[2024-05-10T14:19:05.506-0300] {processor.py:183} INFO - Processing /home/patricia/Documentos/airflow/dags/meu_dag.py took 0.110 seconds
[2024-05-10T14:19:38.750-0300] {processor.py:161} INFO - Started process (PID=3967) to work on /home/patricia/Documentos/airflow/dags/meu_dag.py
[2024-05-10T14:19:38.752-0300] {processor.py:830} INFO - Processing file /home/patricia/Documentos/airflow/dags/meu_dag.py for tasks to queue
[2024-05-10T14:19:38.755-0300] {logging_mixin.py:188} INFO - [2024-05-10T14:19:38.754-0300] {dagbag.py:545} INFO - Filling up the DagBag from /home/patricia/Documentos/airflow/dags/meu_dag.py
[2024-05-10T14:19:38.764-0300] {processor.py:840} INFO - DAG(s) 'meu_dag' retrieved from /home/patricia/Documentos/airflow/dags/meu_dag.py
[2024-05-10T14:19:38.783-0300] {logging_mixin.py:188} INFO - [2024-05-10T14:19:38.783-0300] {dag.py:3096} INFO - Sync 1 DAGs
[2024-05-10T14:19:38.802-0300] {logging_mixin.py:188} INFO - [2024-05-10T14:19:38.802-0300] {dag.py:3954} INFO - Setting next_dagrun for meu_dag to 2024-05-10 00:00:00+00:00, run_after=2024-05-11 00:00:00+00:00
[2024-05-10T14:19:38.833-0300] {processor.py:183} INFO - Processing /home/patricia/Documentos/airflow/dags/meu_dag.py took 0.090 seconds
[2024-05-10T14:20:43.585-0300] {processor.py:161} INFO - Started process (PID=4062) to work on /home/patricia/Documentos/airflow/dags/meu_dag.py
[2024-05-10T14:20:43.588-0300] {processor.py:830} INFO - Processing file /home/patricia/Documentos/airflow/dags/meu_dag.py for tasks to queue
[2024-05-10T14:20:43.590-0300] {logging_mixin.py:188} INFO - [2024-05-10T14:20:43.590-0300] {dagbag.py:545} INFO - Filling up the DagBag from /home/patricia/Documentos/airflow/dags/meu_dag.py
[2024-05-10T14:20:43.599-0300] {processor.py:840} INFO - DAG(s) 'meu_dag' retrieved from /home/patricia/Documentos/airflow/dags/meu_dag.py
[2024-05-10T14:20:43.710-0300] {logging_mixin.py:188} INFO - [2024-05-10T14:20:43.709-0300] {dag.py:3096} INFO - Sync 1 DAGs
[2024-05-10T14:20:43.728-0300] {logging_mixin.py:188} INFO - [2024-05-10T14:20:43.727-0300] {dag.py:3954} INFO - Setting next_dagrun for meu_dag to 2024-05-10 00:00:00+00:00, run_after=2024-05-11 00:00:00+00:00
[2024-05-10T14:20:43.760-0300] {processor.py:183} INFO - Processing /home/patricia/Documentos/airflow/dags/meu_dag.py took 0.181 seconds
[2024-05-10T14:21:23.578-0300] {processor.py:161} INFO - Started process (PID=4125) to work on /home/patricia/Documentos/airflow/dags/meu_dag.py
[2024-05-10T14:21:23.581-0300] {processor.py:830} INFO - Processing file /home/patricia/Documentos/airflow/dags/meu_dag.py for tasks to queue
[2024-05-10T14:21:23.584-0300] {logging_mixin.py:188} INFO - [2024-05-10T14:21:23.583-0300] {dagbag.py:545} INFO - Filling up the DagBag from /home/patricia/Documentos/airflow/dags/meu_dag.py
[2024-05-10T14:21:23.597-0300] {processor.py:840} INFO - DAG(s) 'meu_dag' retrieved from /home/patricia/Documentos/airflow/dags/meu_dag.py
[2024-05-10T14:21:23.617-0300] {logging_mixin.py:188} INFO - [2024-05-10T14:21:23.617-0300] {dag.py:3096} INFO - Sync 1 DAGs
[2024-05-10T14:21:23.650-0300] {logging_mixin.py:188} INFO - [2024-05-10T14:21:23.649-0300] {dag.py:3954} INFO - Setting next_dagrun for meu_dag to 2024-05-10 00:00:00+00:00, run_after=2024-05-11 00:00:00+00:00
[2024-05-10T14:21:23.882-0300] {processor.py:183} INFO - Processing /home/patricia/Documentos/airflow/dags/meu_dag.py took 0.319 seconds
[2024-05-10T14:22:00.571-0300] {processor.py:161} INFO - Started process (PID=4185) to work on /home/patricia/Documentos/airflow/dags/meu_dag.py
[2024-05-10T14:22:00.582-0300] {processor.py:830} INFO - Processing file /home/patricia/Documentos/airflow/dags/meu_dag.py for tasks to queue
[2024-05-10T14:22:00.585-0300] {logging_mixin.py:188} INFO - [2024-05-10T14:22:00.585-0300] {dagbag.py:545} INFO - Filling up the DagBag from /home/patricia/Documentos/airflow/dags/meu_dag.py
[2024-05-10T14:22:00.596-0300] {processor.py:840} INFO - DAG(s) 'meu_dag' retrieved from /home/patricia/Documentos/airflow/dags/meu_dag.py
[2024-05-10T14:22:00.614-0300] {logging_mixin.py:188} INFO - [2024-05-10T14:22:00.614-0300] {dag.py:3096} INFO - Sync 1 DAGs
[2024-05-10T14:22:00.634-0300] {logging_mixin.py:188} INFO - [2024-05-10T14:22:00.634-0300] {dag.py:3954} INFO - Setting next_dagrun for meu_dag to 2024-05-10 00:00:00+00:00, run_after=2024-05-11 00:00:00+00:00
[2024-05-10T14:22:00.668-0300] {processor.py:183} INFO - Processing /home/patricia/Documentos/airflow/dags/meu_dag.py took 0.103 seconds
[2024-05-10T14:22:55.626-0300] {processor.py:161} INFO - Started process (PID=4285) to work on /home/patricia/Documentos/airflow/dags/meu_dag.py
[2024-05-10T14:22:55.631-0300] {processor.py:830} INFO - Processing file /home/patricia/Documentos/airflow/dags/meu_dag.py for tasks to queue
[2024-05-10T14:22:55.641-0300] {logging_mixin.py:188} INFO - [2024-05-10T14:22:55.640-0300] {dagbag.py:545} INFO - Filling up the DagBag from /home/patricia/Documentos/airflow/dags/meu_dag.py
[2024-05-10T14:22:55.682-0300] {processor.py:840} INFO - DAG(s) 'meu_dag' retrieved from /home/patricia/Documentos/airflow/dags/meu_dag.py
[2024-05-10T14:22:55.745-0300] {logging_mixin.py:188} INFO - [2024-05-10T14:22:55.744-0300] {dag.py:3096} INFO - Sync 1 DAGs
[2024-05-10T14:22:55.806-0300] {logging_mixin.py:188} INFO - [2024-05-10T14:22:55.806-0300] {dag.py:3954} INFO - Setting next_dagrun for meu_dag to 2024-05-10 00:00:00+00:00, run_after=2024-05-11 00:00:00+00:00
[2024-05-10T14:22:55.905-0300] {processor.py:183} INFO - Processing /home/patricia/Documentos/airflow/dags/meu_dag.py took 0.286 seconds
[2024-05-10T14:23:30.463-0300] {processor.py:161} INFO - Started process (PID=4849) to work on /home/patricia/Documentos/airflow/dags/meu_dag.py
[2024-05-10T14:23:30.545-0300] {processor.py:830} INFO - Processing file /home/patricia/Documentos/airflow/dags/meu_dag.py for tasks to queue
[2024-05-10T14:23:30.549-0300] {logging_mixin.py:188} INFO - [2024-05-10T14:23:30.549-0300] {dagbag.py:545} INFO - Filling up the DagBag from /home/patricia/Documentos/airflow/dags/meu_dag.py
[2024-05-10T14:23:30.584-0300] {processor.py:840} INFO - DAG(s) 'meu_dag' retrieved from /home/patricia/Documentos/airflow/dags/meu_dag.py
[2024-05-10T14:23:30.660-0300] {logging_mixin.py:188} INFO - [2024-05-10T14:23:30.659-0300] {dag.py:3096} INFO - Sync 1 DAGs
[2024-05-10T14:23:30.837-0300] {logging_mixin.py:188} INFO - [2024-05-10T14:23:30.836-0300] {dag.py:3954} INFO - Setting next_dagrun for meu_dag to 2024-05-10 00:00:00+00:00, run_after=2024-05-11 00:00:00+00:00
[2024-05-10T14:23:31.014-0300] {processor.py:183} INFO - Processing /home/patricia/Documentos/airflow/dags/meu_dag.py took 0.564 seconds
[2024-05-10T14:24:13.641-0300] {processor.py:161} INFO - Started process (PID=5243) to work on /home/patricia/Documentos/airflow/dags/meu_dag.py
[2024-05-10T14:24:13.643-0300] {processor.py:830} INFO - Processing file /home/patricia/Documentos/airflow/dags/meu_dag.py for tasks to queue
[2024-05-10T14:24:13.646-0300] {logging_mixin.py:188} INFO - [2024-05-10T14:24:13.645-0300] {dagbag.py:545} INFO - Filling up the DagBag from /home/patricia/Documentos/airflow/dags/meu_dag.py
[2024-05-10T14:24:13.657-0300] {processor.py:840} INFO - DAG(s) 'meu_dag' retrieved from /home/patricia/Documentos/airflow/dags/meu_dag.py
[2024-05-10T14:24:13.674-0300] {logging_mixin.py:188} INFO - [2024-05-10T14:24:13.674-0300] {dag.py:3096} INFO - Sync 1 DAGs
[2024-05-10T14:24:13.698-0300] {logging_mixin.py:188} INFO - [2024-05-10T14:24:13.698-0300] {dag.py:3954} INFO - Setting next_dagrun for meu_dag to 2024-05-10 00:00:00+00:00, run_after=2024-05-11 00:00:00+00:00
[2024-05-10T14:24:13.736-0300] {processor.py:183} INFO - Processing /home/patricia/Documentos/airflow/dags/meu_dag.py took 0.103 seconds
[2024-05-10T14:30:50.976-0300] {processor.py:161} INFO - Started process (PID=6943) to work on /home/patricia/Documentos/airflow/dags/meu_dag.py
[2024-05-10T14:30:50.980-0300] {processor.py:830} INFO - Processing file /home/patricia/Documentos/airflow/dags/meu_dag.py for tasks to queue
[2024-05-10T14:30:50.986-0300] {logging_mixin.py:188} INFO - [2024-05-10T14:30:50.985-0300] {dagbag.py:545} INFO - Filling up the DagBag from /home/patricia/Documentos/airflow/dags/meu_dag.py
[2024-05-10T14:30:51.005-0300] {processor.py:840} INFO - DAG(s) 'meu_dag' retrieved from /home/patricia/Documentos/airflow/dags/meu_dag.py
[2024-05-10T14:30:51.014-0300] {logging_mixin.py:188} INFO - [2024-05-10T14:30:51.014-0300] {dag.py:3096} INFO - Sync 1 DAGs
[2024-05-10T14:30:51.042-0300] {logging_mixin.py:188} INFO - [2024-05-10T14:30:51.041-0300] {dag.py:3954} INFO - Setting next_dagrun for meu_dag to 2024-05-10 00:00:00+00:00, run_after=2024-05-11 00:00:00+00:00
[2024-05-10T14:30:51.076-0300] {processor.py:183} INFO - Processing /home/patricia/Documentos/airflow/dags/meu_dag.py took 0.110 seconds
[2024-05-10T14:32:04.602-0300] {processor.py:161} INFO - Started process (PID=7806) to work on /home/patricia/Documentos/airflow/dags/meu_dag.py
[2024-05-10T14:32:04.606-0300] {processor.py:830} INFO - Processing file /home/patricia/Documentos/airflow/dags/meu_dag.py for tasks to queue
[2024-05-10T14:32:04.613-0300] {logging_mixin.py:188} INFO - [2024-05-10T14:32:04.613-0300] {dagbag.py:545} INFO - Filling up the DagBag from /home/patricia/Documentos/airflow/dags/meu_dag.py
[2024-05-10T14:32:04.623-0300] {processor.py:840} INFO - DAG(s) 'meu_dag' retrieved from /home/patricia/Documentos/airflow/dags/meu_dag.py
[2024-05-10T14:32:04.807-0300] {logging_mixin.py:188} INFO - [2024-05-10T14:32:04.807-0300] {dag.py:3096} INFO - Sync 1 DAGs
[2024-05-10T14:32:04.988-0300] {logging_mixin.py:188} INFO - [2024-05-10T14:32:04.988-0300] {dag.py:3954} INFO - Setting next_dagrun for meu_dag to 2024-05-10 00:00:00+00:00, run_after=2024-05-11 00:00:00+00:00
[2024-05-10T14:32:05.166-0300] {processor.py:183} INFO - Processing /home/patricia/Documentos/airflow/dags/meu_dag.py took 0.581 seconds
[2024-05-10T14:32:57.426-0300] {processor.py:161} INFO - Started process (PID=7889) to work on /home/patricia/Documentos/airflow/dags/meu_dag.py
[2024-05-10T14:32:57.429-0300] {processor.py:830} INFO - Processing file /home/patricia/Documentos/airflow/dags/meu_dag.py for tasks to queue
[2024-05-10T14:32:57.432-0300] {logging_mixin.py:188} INFO - [2024-05-10T14:32:57.431-0300] {dagbag.py:545} INFO - Filling up the DagBag from /home/patricia/Documentos/airflow/dags/meu_dag.py
[2024-05-10T14:32:57.441-0300] {processor.py:840} INFO - DAG(s) 'meu_dag' retrieved from /home/patricia/Documentos/airflow/dags/meu_dag.py
[2024-05-10T14:32:57.457-0300] {logging_mixin.py:188} INFO - [2024-05-10T14:32:57.456-0300] {dag.py:3096} INFO - Sync 1 DAGs
[2024-05-10T14:32:57.478-0300] {logging_mixin.py:188} INFO - [2024-05-10T14:32:57.478-0300] {dag.py:3954} INFO - Setting next_dagrun for meu_dag to 2024-05-10 00:00:00+00:00, run_after=2024-05-11 00:00:00+00:00
[2024-05-10T14:32:57.514-0300] {processor.py:183} INFO - Processing /home/patricia/Documentos/airflow/dags/meu_dag.py took 0.095 seconds
[2024-05-10T14:33:32.168-0300] {processor.py:161} INFO - Started process (PID=7941) to work on /home/patricia/Documentos/airflow/dags/meu_dag.py
[2024-05-10T14:33:32.173-0300] {processor.py:830} INFO - Processing file /home/patricia/Documentos/airflow/dags/meu_dag.py for tasks to queue
[2024-05-10T14:33:32.180-0300] {logging_mixin.py:188} INFO - [2024-05-10T14:33:32.179-0300] {dagbag.py:545} INFO - Filling up the DagBag from /home/patricia/Documentos/airflow/dags/meu_dag.py
[2024-05-10T14:33:32.200-0300] {processor.py:840} INFO - DAG(s) 'meu_dag' retrieved from /home/patricia/Documentos/airflow/dags/meu_dag.py
[2024-05-10T14:33:32.236-0300] {logging_mixin.py:188} INFO - [2024-05-10T14:33:32.235-0300] {dag.py:3096} INFO - Sync 1 DAGs
[2024-05-10T14:33:32.272-0300] {logging_mixin.py:188} INFO - [2024-05-10T14:33:32.271-0300] {dag.py:3954} INFO - Setting next_dagrun for meu_dag to 2024-05-10 00:00:00+00:00, run_after=2024-05-11 00:00:00+00:00
[2024-05-10T14:33:32.317-0300] {processor.py:183} INFO - Processing /home/patricia/Documentos/airflow/dags/meu_dag.py took 0.162 seconds
[2024-05-10T16:34:15.563-0300] {processor.py:161} INFO - Started process (PID=11758) to work on /home/patricia/Documentos/airflow/dags/meu_dag.py
[2024-05-10T16:34:15.567-0300] {processor.py:830} INFO - Processing file /home/patricia/Documentos/airflow/dags/meu_dag.py for tasks to queue
[2024-05-10T16:34:15.571-0300] {logging_mixin.py:188} INFO - [2024-05-10T16:34:15.570-0300] {dagbag.py:545} INFO - Filling up the DagBag from /home/patricia/Documentos/airflow/dags/meu_dag.py
[2024-05-10T16:34:15.580-0300] {processor.py:840} INFO - DAG(s) 'meu_dag' retrieved from /home/patricia/Documentos/airflow/dags/meu_dag.py
[2024-05-10T16:34:15.679-0300] {logging_mixin.py:188} INFO - [2024-05-10T16:34:15.678-0300] {dag.py:3096} INFO - Sync 1 DAGs
[2024-05-10T16:34:15.811-0300] {logging_mixin.py:188} INFO - [2024-05-10T16:34:15.811-0300] {dag.py:3954} INFO - Setting next_dagrun for meu_dag to 2024-05-10 00:00:00+00:00, run_after=2024-05-11 00:00:00+00:00
[2024-05-10T16:34:15.842-0300] {processor.py:183} INFO - Processing /home/patricia/Documentos/airflow/dags/meu_dag.py took 0.286 seconds
[2024-05-10T16:35:32.857-0300] {processor.py:161} INFO - Started process (PID=11911) to work on /home/patricia/Documentos/airflow/dags/meu_dag.py
[2024-05-10T16:35:32.860-0300] {processor.py:830} INFO - Processing file /home/patricia/Documentos/airflow/dags/meu_dag.py for tasks to queue
[2024-05-10T16:35:32.863-0300] {logging_mixin.py:188} INFO - [2024-05-10T16:35:32.862-0300] {dagbag.py:545} INFO - Filling up the DagBag from /home/patricia/Documentos/airflow/dags/meu_dag.py
[2024-05-10T16:35:32.873-0300] {processor.py:840} INFO - DAG(s) 'meu_dag' retrieved from /home/patricia/Documentos/airflow/dags/meu_dag.py
[2024-05-10T16:35:32.893-0300] {logging_mixin.py:188} INFO - [2024-05-10T16:35:32.893-0300] {dag.py:3096} INFO - Sync 1 DAGs
[2024-05-10T16:35:33.026-0300] {logging_mixin.py:188} INFO - [2024-05-10T16:35:33.026-0300] {dag.py:3954} INFO - Setting next_dagrun for meu_dag to 2024-05-10 00:00:00+00:00, run_after=2024-05-11 00:00:00+00:00
[2024-05-10T16:35:33.056-0300] {processor.py:183} INFO - Processing /home/patricia/Documentos/airflow/dags/meu_dag.py took 0.207 seconds
[2024-05-10T16:36:43.990-0300] {processor.py:161} INFO - Started process (PID=12069) to work on /home/patricia/Documentos/airflow/dags/meu_dag.py
[2024-05-10T16:36:43.993-0300] {processor.py:830} INFO - Processing file /home/patricia/Documentos/airflow/dags/meu_dag.py for tasks to queue
[2024-05-10T16:36:43.996-0300] {logging_mixin.py:188} INFO - [2024-05-10T16:36:43.996-0300] {dagbag.py:545} INFO - Filling up the DagBag from /home/patricia/Documentos/airflow/dags/meu_dag.py
[2024-05-10T16:36:44.011-0300] {processor.py:840} INFO - DAG(s) 'meu_dag' retrieved from /home/patricia/Documentos/airflow/dags/meu_dag.py
[2024-05-10T16:36:44.028-0300] {logging_mixin.py:188} INFO - [2024-05-10T16:36:44.027-0300] {dag.py:3096} INFO - Sync 1 DAGs
[2024-05-10T16:36:44.060-0300] {logging_mixin.py:188} INFO - [2024-05-10T16:36:44.060-0300] {dag.py:3954} INFO - Setting next_dagrun for meu_dag to 2024-05-10 00:00:00+00:00, run_after=2024-05-11 00:00:00+00:00
[2024-05-10T16:36:44.124-0300] {processor.py:183} INFO - Processing /home/patricia/Documentos/airflow/dags/meu_dag.py took 0.145 seconds
[2024-05-10T16:37:54.540-0300] {processor.py:161} INFO - Started process (PID=12231) to work on /home/patricia/Documentos/airflow/dags/meu_dag.py
[2024-05-10T16:37:54.545-0300] {processor.py:830} INFO - Processing file /home/patricia/Documentos/airflow/dags/meu_dag.py for tasks to queue
[2024-05-10T16:37:54.550-0300] {logging_mixin.py:188} INFO - [2024-05-10T16:37:54.549-0300] {dagbag.py:545} INFO - Filling up the DagBag from /home/patricia/Documentos/airflow/dags/meu_dag.py
[2024-05-10T16:37:54.573-0300] {processor.py:840} INFO - DAG(s) 'meu_dag' retrieved from /home/patricia/Documentos/airflow/dags/meu_dag.py
[2024-05-10T16:37:54.621-0300] {logging_mixin.py:188} INFO - [2024-05-10T16:37:54.621-0300] {dag.py:3096} INFO - Sync 1 DAGs
[2024-05-10T16:37:54.667-0300] {logging_mixin.py:188} INFO - [2024-05-10T16:37:54.666-0300] {dag.py:3954} INFO - Setting next_dagrun for meu_dag to 2024-05-10 00:00:00+00:00, run_after=2024-05-11 00:00:00+00:00
[2024-05-10T16:37:54.738-0300] {processor.py:183} INFO - Processing /home/patricia/Documentos/airflow/dags/meu_dag.py took 0.217 seconds
[2024-05-10T16:38:57.365-0300] {processor.py:161} INFO - Started process (PID=12446) to work on /home/patricia/Documentos/airflow/dags/meu_dag.py
[2024-05-10T16:38:57.368-0300] {processor.py:830} INFO - Processing file /home/patricia/Documentos/airflow/dags/meu_dag.py for tasks to queue
[2024-05-10T16:38:57.370-0300] {logging_mixin.py:188} INFO - [2024-05-10T16:38:57.370-0300] {dagbag.py:545} INFO - Filling up the DagBag from /home/patricia/Documentos/airflow/dags/meu_dag.py
[2024-05-10T16:38:57.380-0300] {processor.py:840} INFO - DAG(s) 'meu_dag' retrieved from /home/patricia/Documentos/airflow/dags/meu_dag.py
[2024-05-10T16:38:57.399-0300] {logging_mixin.py:188} INFO - [2024-05-10T16:38:57.399-0300] {dag.py:3096} INFO - Sync 1 DAGs
[2024-05-10T16:38:57.427-0300] {logging_mixin.py:188} INFO - [2024-05-10T16:38:57.426-0300] {dag.py:3954} INFO - Setting next_dagrun for meu_dag to 2024-05-10 00:00:00+00:00, run_after=2024-05-11 00:00:00+00:00
[2024-05-10T16:38:57.461-0300] {processor.py:183} INFO - Processing /home/patricia/Documentos/airflow/dags/meu_dag.py took 0.103 seconds
[2024-05-10T16:40:01.396-0300] {processor.py:161} INFO - Started process (PID=12590) to work on /home/patricia/Documentos/airflow/dags/meu_dag.py
[2024-05-10T16:40:01.399-0300] {processor.py:830} INFO - Processing file /home/patricia/Documentos/airflow/dags/meu_dag.py for tasks to queue
[2024-05-10T16:40:01.402-0300] {logging_mixin.py:188} INFO - [2024-05-10T16:40:01.401-0300] {dagbag.py:545} INFO - Filling up the DagBag from /home/patricia/Documentos/airflow/dags/meu_dag.py
[2024-05-10T16:40:01.418-0300] {processor.py:840} INFO - DAG(s) 'meu_dag' retrieved from /home/patricia/Documentos/airflow/dags/meu_dag.py
[2024-05-10T16:40:01.440-0300] {logging_mixin.py:188} INFO - [2024-05-10T16:40:01.440-0300] {dag.py:3096} INFO - Sync 1 DAGs
[2024-05-10T16:40:01.470-0300] {logging_mixin.py:188} INFO - [2024-05-10T16:40:01.470-0300] {dag.py:3954} INFO - Setting next_dagrun for meu_dag to 2024-05-10 00:00:00+00:00, run_after=2024-05-11 00:00:00+00:00
[2024-05-10T16:40:01.518-0300] {processor.py:183} INFO - Processing /home/patricia/Documentos/airflow/dags/meu_dag.py took 0.135 seconds
[2024-05-10T16:41:53.682-0300] {processor.py:161} INFO - Started process (PID=12840) to work on /home/patricia/Documentos/airflow/dags/meu_dag.py
[2024-05-10T16:41:53.688-0300] {processor.py:830} INFO - Processing file /home/patricia/Documentos/airflow/dags/meu_dag.py for tasks to queue
[2024-05-10T16:41:53.690-0300] {logging_mixin.py:188} INFO - [2024-05-10T16:41:53.690-0300] {dagbag.py:545} INFO - Filling up the DagBag from /home/patricia/Documentos/airflow/dags/meu_dag.py
[2024-05-10T16:41:53.701-0300] {processor.py:840} INFO - DAG(s) 'meu_dag' retrieved from /home/patricia/Documentos/airflow/dags/meu_dag.py
[2024-05-10T16:41:53.826-0300] {logging_mixin.py:188} INFO - [2024-05-10T16:41:53.826-0300] {dag.py:3096} INFO - Sync 1 DAGs
[2024-05-10T16:41:53.929-0300] {logging_mixin.py:188} INFO - [2024-05-10T16:41:53.928-0300] {dag.py:3954} INFO - Setting next_dagrun for meu_dag to 2024-05-10 00:00:00+00:00, run_after=2024-05-11 00:00:00+00:00
[2024-05-10T16:41:53.965-0300] {processor.py:183} INFO - Processing /home/patricia/Documentos/airflow/dags/meu_dag.py took 0.289 seconds
[2024-05-10T16:42:58.403-0300] {processor.py:161} INFO - Started process (PID=12973) to work on /home/patricia/Documentos/airflow/dags/meu_dag.py
[2024-05-10T16:42:58.405-0300] {processor.py:830} INFO - Processing file /home/patricia/Documentos/airflow/dags/meu_dag.py for tasks to queue
[2024-05-10T16:42:58.407-0300] {logging_mixin.py:188} INFO - [2024-05-10T16:42:58.406-0300] {dagbag.py:545} INFO - Filling up the DagBag from /home/patricia/Documentos/airflow/dags/meu_dag.py
[2024-05-10T16:42:58.417-0300] {processor.py:840} INFO - DAG(s) 'meu_dag' retrieved from /home/patricia/Documentos/airflow/dags/meu_dag.py
[2024-05-10T16:42:58.434-0300] {logging_mixin.py:188} INFO - [2024-05-10T16:42:58.434-0300] {dag.py:3096} INFO - Sync 1 DAGs
[2024-05-10T16:42:58.456-0300] {logging_mixin.py:188} INFO - [2024-05-10T16:42:58.456-0300] {dag.py:3954} INFO - Setting next_dagrun for meu_dag to 2024-05-10 00:00:00+00:00, run_after=2024-05-11 00:00:00+00:00
[2024-05-10T16:42:58.589-0300] {processor.py:183} INFO - Processing /home/patricia/Documentos/airflow/dags/meu_dag.py took 0.194 seconds
[2024-05-10T16:44:36.083-0300] {processor.py:161} INFO - Started process (PID=13126) to work on /home/patricia/Documentos/airflow/dags/meu_dag.py
[2024-05-10T16:44:36.086-0300] {processor.py:830} INFO - Processing file /home/patricia/Documentos/airflow/dags/meu_dag.py for tasks to queue
[2024-05-10T16:44:36.088-0300] {logging_mixin.py:188} INFO - [2024-05-10T16:44:36.087-0300] {dagbag.py:545} INFO - Filling up the DagBag from /home/patricia/Documentos/airflow/dags/meu_dag.py
[2024-05-10T16:44:36.098-0300] {processor.py:840} INFO - DAG(s) 'meu_dag' retrieved from /home/patricia/Documentos/airflow/dags/meu_dag.py
[2024-05-10T16:44:36.126-0300] {logging_mixin.py:188} INFO - [2024-05-10T16:44:36.126-0300] {dag.py:3096} INFO - Sync 1 DAGs
[2024-05-10T16:44:36.149-0300] {logging_mixin.py:188} INFO - [2024-05-10T16:44:36.149-0300] {dag.py:3954} INFO - Setting next_dagrun for meu_dag to 2024-05-10 00:00:00+00:00, run_after=2024-05-11 00:00:00+00:00
[2024-05-10T16:44:36.184-0300] {processor.py:183} INFO - Processing /home/patricia/Documentos/airflow/dags/meu_dag.py took 0.109 seconds
[2024-05-10T16:45:40.569-0300] {processor.py:161} INFO - Started process (PID=13270) to work on /home/patricia/Documentos/airflow/dags/meu_dag.py
[2024-05-10T16:45:40.577-0300] {processor.py:830} INFO - Processing file /home/patricia/Documentos/airflow/dags/meu_dag.py for tasks to queue
[2024-05-10T16:45:40.582-0300] {logging_mixin.py:188} INFO - [2024-05-10T16:45:40.581-0300] {dagbag.py:545} INFO - Filling up the DagBag from /home/patricia/Documentos/airflow/dags/meu_dag.py
[2024-05-10T16:45:40.601-0300] {processor.py:840} INFO - DAG(s) 'meu_dag' retrieved from /home/patricia/Documentos/airflow/dags/meu_dag.py
[2024-05-10T16:45:40.632-0300] {logging_mixin.py:188} INFO - [2024-05-10T16:45:40.632-0300] {dag.py:3096} INFO - Sync 1 DAGs
[2024-05-10T16:45:40.676-0300] {logging_mixin.py:188} INFO - [2024-05-10T16:45:40.675-0300] {dag.py:3954} INFO - Setting next_dagrun for meu_dag to 2024-05-10 00:00:00+00:00, run_after=2024-05-11 00:00:00+00:00
[2024-05-10T16:45:40.740-0300] {processor.py:183} INFO - Processing /home/patricia/Documentos/airflow/dags/meu_dag.py took 0.193 seconds
[2024-05-10T16:46:41.505-0300] {processor.py:161} INFO - Started process (PID=13415) to work on /home/patricia/Documentos/airflow/dags/meu_dag.py
[2024-05-10T16:46:41.509-0300] {processor.py:830} INFO - Processing file /home/patricia/Documentos/airflow/dags/meu_dag.py for tasks to queue
[2024-05-10T16:46:41.514-0300] {logging_mixin.py:188} INFO - [2024-05-10T16:46:41.513-0300] {dagbag.py:545} INFO - Filling up the DagBag from /home/patricia/Documentos/airflow/dags/meu_dag.py
[2024-05-10T16:46:41.537-0300] {processor.py:840} INFO - DAG(s) 'meu_dag' retrieved from /home/patricia/Documentos/airflow/dags/meu_dag.py
[2024-05-10T16:46:41.583-0300] {logging_mixin.py:188} INFO - [2024-05-10T16:46:41.582-0300] {dag.py:3096} INFO - Sync 1 DAGs
[2024-05-10T16:46:41.631-0300] {logging_mixin.py:188} INFO - [2024-05-10T16:46:41.630-0300] {dag.py:3954} INFO - Setting next_dagrun for meu_dag to 2024-05-10 00:00:00+00:00, run_after=2024-05-11 00:00:00+00:00
[2024-05-10T16:46:41.710-0300] {processor.py:183} INFO - Processing /home/patricia/Documentos/airflow/dags/meu_dag.py took 0.222 seconds
[2024-05-10T16:47:46.299-0300] {processor.py:161} INFO - Started process (PID=13552) to work on /home/patricia/Documentos/airflow/dags/meu_dag.py
[2024-05-10T16:47:46.304-0300] {processor.py:830} INFO - Processing file /home/patricia/Documentos/airflow/dags/meu_dag.py for tasks to queue
[2024-05-10T16:47:46.307-0300] {logging_mixin.py:188} INFO - [2024-05-10T16:47:46.306-0300] {dagbag.py:545} INFO - Filling up the DagBag from /home/patricia/Documentos/airflow/dags/meu_dag.py
[2024-05-10T16:47:46.320-0300] {processor.py:840} INFO - DAG(s) 'meu_dag' retrieved from /home/patricia/Documentos/airflow/dags/meu_dag.py
[2024-05-10T16:47:46.341-0300] {logging_mixin.py:188} INFO - [2024-05-10T16:47:46.341-0300] {dag.py:3096} INFO - Sync 1 DAGs
[2024-05-10T16:47:46.370-0300] {logging_mixin.py:188} INFO - [2024-05-10T16:47:46.370-0300] {dag.py:3954} INFO - Setting next_dagrun for meu_dag to 2024-05-10 00:00:00+00:00, run_after=2024-05-11 00:00:00+00:00
[2024-05-10T16:47:46.416-0300] {processor.py:183} INFO - Processing /home/patricia/Documentos/airflow/dags/meu_dag.py took 0.130 seconds
[2024-05-10T16:48:44.734-0300] {processor.py:161} INFO - Started process (PID=13684) to work on /home/patricia/Documentos/airflow/dags/meu_dag.py
[2024-05-10T16:48:44.737-0300] {processor.py:830} INFO - Processing file /home/patricia/Documentos/airflow/dags/meu_dag.py for tasks to queue
[2024-05-10T16:48:44.740-0300] {logging_mixin.py:188} INFO - [2024-05-10T16:48:44.739-0300] {dagbag.py:545} INFO - Filling up the DagBag from /home/patricia/Documentos/airflow/dags/meu_dag.py
[2024-05-10T16:48:44.751-0300] {processor.py:840} INFO - DAG(s) 'meu_dag' retrieved from /home/patricia/Documentos/airflow/dags/meu_dag.py
[2024-05-10T16:48:44.770-0300] {logging_mixin.py:188} INFO - [2024-05-10T16:48:44.769-0300] {dag.py:3096} INFO - Sync 1 DAGs
[2024-05-10T16:48:44.795-0300] {logging_mixin.py:188} INFO - [2024-05-10T16:48:44.795-0300] {dag.py:3954} INFO - Setting next_dagrun for meu_dag to 2024-05-10 00:00:00+00:00, run_after=2024-05-11 00:00:00+00:00
[2024-05-10T16:48:44.835-0300] {processor.py:183} INFO - Processing /home/patricia/Documentos/airflow/dags/meu_dag.py took 0.108 seconds
[2024-05-10T16:50:08.976-0300] {processor.py:161} INFO - Started process (PID=13870) to work on /home/patricia/Documentos/airflow/dags/meu_dag.py
[2024-05-10T16:50:08.979-0300] {processor.py:830} INFO - Processing file /home/patricia/Documentos/airflow/dags/meu_dag.py for tasks to queue
[2024-05-10T16:50:08.981-0300] {logging_mixin.py:188} INFO - [2024-05-10T16:50:08.981-0300] {dagbag.py:545} INFO - Filling up the DagBag from /home/patricia/Documentos/airflow/dags/meu_dag.py
[2024-05-10T16:50:08.991-0300] {processor.py:840} INFO - DAG(s) 'meu_dag' retrieved from /home/patricia/Documentos/airflow/dags/meu_dag.py
[2024-05-10T16:50:09.010-0300] {logging_mixin.py:188} INFO - [2024-05-10T16:50:09.010-0300] {dag.py:3096} INFO - Sync 1 DAGs
[2024-05-10T16:50:09.032-0300] {logging_mixin.py:188} INFO - [2024-05-10T16:50:09.031-0300] {dag.py:3954} INFO - Setting next_dagrun for meu_dag to 2024-05-10 00:00:00+00:00, run_after=2024-05-11 00:00:00+00:00
[2024-05-10T16:50:09.065-0300] {processor.py:183} INFO - Processing /home/patricia/Documentos/airflow/dags/meu_dag.py took 0.096 seconds
[2024-05-10T16:51:17.310-0300] {processor.py:161} INFO - Started process (PID=14010) to work on /home/patricia/Documentos/airflow/dags/meu_dag.py
[2024-05-10T16:51:17.312-0300] {processor.py:830} INFO - Processing file /home/patricia/Documentos/airflow/dags/meu_dag.py for tasks to queue
[2024-05-10T16:51:17.315-0300] {logging_mixin.py:188} INFO - [2024-05-10T16:51:17.314-0300] {dagbag.py:545} INFO - Filling up the DagBag from /home/patricia/Documentos/airflow/dags/meu_dag.py
[2024-05-10T16:51:17.325-0300] {processor.py:840} INFO - DAG(s) 'meu_dag' retrieved from /home/patricia/Documentos/airflow/dags/meu_dag.py
[2024-05-10T16:51:17.344-0300] {logging_mixin.py:188} INFO - [2024-05-10T16:51:17.343-0300] {dag.py:3096} INFO - Sync 1 DAGs
[2024-05-10T16:51:17.366-0300] {logging_mixin.py:188} INFO - [2024-05-10T16:51:17.366-0300] {dag.py:3954} INFO - Setting next_dagrun for meu_dag to 2024-05-10 00:00:00+00:00, run_after=2024-05-11 00:00:00+00:00
[2024-05-10T16:51:17.398-0300] {processor.py:183} INFO - Processing /home/patricia/Documentos/airflow/dags/meu_dag.py took 0.097 seconds
[2024-05-10T16:53:06.686-0300] {processor.py:161} INFO - Started process (PID=14314) to work on /home/patricia/Documentos/airflow/dags/meu_dag.py
[2024-05-10T16:53:06.690-0300] {processor.py:830} INFO - Processing file /home/patricia/Documentos/airflow/dags/meu_dag.py for tasks to queue
[2024-05-10T16:53:06.694-0300] {logging_mixin.py:188} INFO - [2024-05-10T16:53:06.693-0300] {dagbag.py:545} INFO - Filling up the DagBag from /home/patricia/Documentos/airflow/dags/meu_dag.py
[2024-05-10T16:53:06.714-0300] {processor.py:840} INFO - DAG(s) 'meu_dag' retrieved from /home/patricia/Documentos/airflow/dags/meu_dag.py
[2024-05-10T16:53:06.743-0300] {logging_mixin.py:188} INFO - [2024-05-10T16:53:06.743-0300] {dag.py:3096} INFO - Sync 1 DAGs
[2024-05-10T16:53:06.786-0300] {logging_mixin.py:188} INFO - [2024-05-10T16:53:06.785-0300] {dag.py:3954} INFO - Setting next_dagrun for meu_dag to 2024-05-10 00:00:00+00:00, run_after=2024-05-11 00:00:00+00:00
[2024-05-10T16:53:06.835-0300] {processor.py:183} INFO - Processing /home/patricia/Documentos/airflow/dags/meu_dag.py took 0.162 seconds
[2024-05-10T16:54:06.845-0300] {processor.py:161} INFO - Started process (PID=14447) to work on /home/patricia/Documentos/airflow/dags/meu_dag.py
[2024-05-10T16:54:06.848-0300] {processor.py:830} INFO - Processing file /home/patricia/Documentos/airflow/dags/meu_dag.py for tasks to queue
[2024-05-10T16:54:06.851-0300] {logging_mixin.py:188} INFO - [2024-05-10T16:54:06.850-0300] {dagbag.py:545} INFO - Filling up the DagBag from /home/patricia/Documentos/airflow/dags/meu_dag.py
[2024-05-10T16:54:06.864-0300] {processor.py:840} INFO - DAG(s) 'meu_dag' retrieved from /home/patricia/Documentos/airflow/dags/meu_dag.py
[2024-05-10T16:54:06.886-0300] {logging_mixin.py:188} INFO - [2024-05-10T16:54:06.885-0300] {dag.py:3096} INFO - Sync 1 DAGs
[2024-05-10T16:54:06.913-0300] {logging_mixin.py:188} INFO - [2024-05-10T16:54:06.913-0300] {dag.py:3954} INFO - Setting next_dagrun for meu_dag to 2024-05-10 00:00:00+00:00, run_after=2024-05-11 00:00:00+00:00
[2024-05-10T16:54:06.951-0300] {processor.py:183} INFO - Processing /home/patricia/Documentos/airflow/dags/meu_dag.py took 0.115 seconds
[2024-05-10T16:55:24.632-0300] {processor.py:161} INFO - Started process (PID=14603) to work on /home/patricia/Documentos/airflow/dags/meu_dag.py
[2024-05-10T16:55:24.634-0300] {processor.py:830} INFO - Processing file /home/patricia/Documentos/airflow/dags/meu_dag.py for tasks to queue
[2024-05-10T16:55:24.637-0300] {logging_mixin.py:188} INFO - [2024-05-10T16:55:24.637-0300] {dagbag.py:545} INFO - Filling up the DagBag from /home/patricia/Documentos/airflow/dags/meu_dag.py
[2024-05-10T16:55:24.651-0300] {processor.py:840} INFO - DAG(s) 'meu_dag' retrieved from /home/patricia/Documentos/airflow/dags/meu_dag.py
[2024-05-10T16:55:24.676-0300] {logging_mixin.py:188} INFO - [2024-05-10T16:55:24.676-0300] {dag.py:3096} INFO - Sync 1 DAGs
[2024-05-10T16:55:24.719-0300] {logging_mixin.py:188} INFO - [2024-05-10T16:55:24.719-0300] {dag.py:3954} INFO - Setting next_dagrun for meu_dag to 2024-05-10 00:00:00+00:00, run_after=2024-05-11 00:00:00+00:00
[2024-05-10T16:55:24.765-0300] {processor.py:183} INFO - Processing /home/patricia/Documentos/airflow/dags/meu_dag.py took 0.143 seconds
[2024-05-10T16:56:25.892-0300] {processor.py:161} INFO - Started process (PID=14743) to work on /home/patricia/Documentos/airflow/dags/meu_dag.py
[2024-05-10T16:56:25.895-0300] {processor.py:830} INFO - Processing file /home/patricia/Documentos/airflow/dags/meu_dag.py for tasks to queue
[2024-05-10T16:56:25.899-0300] {logging_mixin.py:188} INFO - [2024-05-10T16:56:25.898-0300] {dagbag.py:545} INFO - Filling up the DagBag from /home/patricia/Documentos/airflow/dags/meu_dag.py
[2024-05-10T16:56:25.912-0300] {processor.py:840} INFO - DAG(s) 'meu_dag' retrieved from /home/patricia/Documentos/airflow/dags/meu_dag.py
[2024-05-10T16:56:25.931-0300] {logging_mixin.py:188} INFO - [2024-05-10T16:56:25.931-0300] {dag.py:3096} INFO - Sync 1 DAGs
[2024-05-10T16:56:25.955-0300] {logging_mixin.py:188} INFO - [2024-05-10T16:56:25.954-0300] {dag.py:3954} INFO - Setting next_dagrun for meu_dag to 2024-05-10 00:00:00+00:00, run_after=2024-05-11 00:00:00+00:00
[2024-05-10T16:56:26.024-0300] {processor.py:183} INFO - Processing /home/patricia/Documentos/airflow/dags/meu_dag.py took 0.140 seconds
[2024-05-10T16:57:54.130-0300] {processor.py:161} INFO - Started process (PID=15053) to work on /home/patricia/Documentos/airflow/dags/meu_dag.py
[2024-05-10T16:57:54.133-0300] {processor.py:830} INFO - Processing file /home/patricia/Documentos/airflow/dags/meu_dag.py for tasks to queue
[2024-05-10T16:57:54.135-0300] {logging_mixin.py:188} INFO - [2024-05-10T16:57:54.135-0300] {dagbag.py:545} INFO - Filling up the DagBag from /home/patricia/Documentos/airflow/dags/meu_dag.py
[2024-05-10T16:57:54.149-0300] {processor.py:840} INFO - DAG(s) 'meu_dag' retrieved from /home/patricia/Documentos/airflow/dags/meu_dag.py
[2024-05-10T16:57:54.166-0300] {logging_mixin.py:188} INFO - [2024-05-10T16:57:54.166-0300] {dag.py:3096} INFO - Sync 1 DAGs
[2024-05-10T16:57:54.196-0300] {logging_mixin.py:188} INFO - [2024-05-10T16:57:54.196-0300] {dag.py:3954} INFO - Setting next_dagrun for meu_dag to 2024-05-10 00:00:00+00:00, run_after=2024-05-11 00:00:00+00:00
[2024-05-10T16:57:54.290-0300] {processor.py:183} INFO - Processing /home/patricia/Documentos/airflow/dags/meu_dag.py took 0.186 seconds
[2024-05-10T16:59:06.050-0300] {processor.py:161} INFO - Started process (PID=15210) to work on /home/patricia/Documentos/airflow/dags/meu_dag.py
[2024-05-10T16:59:06.058-0300] {processor.py:830} INFO - Processing file /home/patricia/Documentos/airflow/dags/meu_dag.py for tasks to queue
[2024-05-10T16:59:06.061-0300] {logging_mixin.py:188} INFO - [2024-05-10T16:59:06.060-0300] {dagbag.py:545} INFO - Filling up the DagBag from /home/patricia/Documentos/airflow/dags/meu_dag.py
[2024-05-10T16:59:06.075-0300] {processor.py:840} INFO - DAG(s) 'meu_dag' retrieved from /home/patricia/Documentos/airflow/dags/meu_dag.py
[2024-05-10T16:59:06.107-0300] {logging_mixin.py:188} INFO - [2024-05-10T16:59:06.107-0300] {dag.py:3096} INFO - Sync 1 DAGs
[2024-05-10T16:59:06.131-0300] {logging_mixin.py:188} INFO - [2024-05-10T16:59:06.131-0300] {dag.py:3954} INFO - Setting next_dagrun for meu_dag to 2024-05-10 00:00:00+00:00, run_after=2024-05-11 00:00:00+00:00
[2024-05-10T16:59:06.169-0300] {processor.py:183} INFO - Processing /home/patricia/Documentos/airflow/dags/meu_dag.py took 0.136 seconds
[2024-05-10T17:00:15.448-0300] {processor.py:161} INFO - Started process (PID=15365) to work on /home/patricia/Documentos/airflow/dags/meu_dag.py
[2024-05-10T17:00:15.456-0300] {processor.py:830} INFO - Processing file /home/patricia/Documentos/airflow/dags/meu_dag.py for tasks to queue
[2024-05-10T17:00:15.458-0300] {logging_mixin.py:188} INFO - [2024-05-10T17:00:15.458-0300] {dagbag.py:545} INFO - Filling up the DagBag from /home/patricia/Documentos/airflow/dags/meu_dag.py
[2024-05-10T17:00:15.489-0300] {processor.py:840} INFO - DAG(s) 'meu_dag' retrieved from /home/patricia/Documentos/airflow/dags/meu_dag.py
[2024-05-10T17:00:15.546-0300] {logging_mixin.py:188} INFO - [2024-05-10T17:00:15.546-0300] {dag.py:3096} INFO - Sync 1 DAGs
[2024-05-10T17:00:15.574-0300] {logging_mixin.py:188} INFO - [2024-05-10T17:00:15.574-0300] {dag.py:3954} INFO - Setting next_dagrun for meu_dag to 2024-05-10 00:00:00+00:00, run_after=2024-05-11 00:00:00+00:00
[2024-05-10T17:00:15.614-0300] {processor.py:183} INFO - Processing /home/patricia/Documentos/airflow/dags/meu_dag.py took 0.178 seconds
[2024-05-10T17:01:37.817-0300] {processor.py:161} INFO - Started process (PID=15554) to work on /home/patricia/Documentos/airflow/dags/meu_dag.py
[2024-05-10T17:01:37.820-0300] {processor.py:830} INFO - Processing file /home/patricia/Documentos/airflow/dags/meu_dag.py for tasks to queue
[2024-05-10T17:01:37.823-0300] {logging_mixin.py:188} INFO - [2024-05-10T17:01:37.823-0300] {dagbag.py:545} INFO - Filling up the DagBag from /home/patricia/Documentos/airflow/dags/meu_dag.py
[2024-05-10T17:01:37.833-0300] {processor.py:840} INFO - DAG(s) 'meu_dag' retrieved from /home/patricia/Documentos/airflow/dags/meu_dag.py
[2024-05-10T17:01:37.851-0300] {logging_mixin.py:188} INFO - [2024-05-10T17:01:37.851-0300] {dag.py:3096} INFO - Sync 1 DAGs
[2024-05-10T17:01:37.888-0300] {logging_mixin.py:188} INFO - [2024-05-10T17:01:37.888-0300] {dag.py:3954} INFO - Setting next_dagrun for meu_dag to 2024-05-10 00:00:00+00:00, run_after=2024-05-11 00:00:00+00:00
[2024-05-10T17:01:37.926-0300] {processor.py:183} INFO - Processing /home/patricia/Documentos/airflow/dags/meu_dag.py took 0.116 seconds
[2024-05-10T17:03:12.574-0300] {processor.py:161} INFO - Started process (PID=15765) to work on /home/patricia/Documentos/airflow/dags/meu_dag.py
[2024-05-10T17:03:12.584-0300] {processor.py:830} INFO - Processing file /home/patricia/Documentos/airflow/dags/meu_dag.py for tasks to queue
[2024-05-10T17:03:12.631-0300] {logging_mixin.py:188} INFO - [2024-05-10T17:03:12.631-0300] {dagbag.py:545} INFO - Filling up the DagBag from /home/patricia/Documentos/airflow/dags/meu_dag.py
[2024-05-10T17:03:12.655-0300] {processor.py:840} INFO - DAG(s) 'meu_dag' retrieved from /home/patricia/Documentos/airflow/dags/meu_dag.py
[2024-05-10T17:03:12.947-0300] {logging_mixin.py:188} INFO - [2024-05-10T17:03:12.946-0300] {dag.py:3096} INFO - Sync 1 DAGs
[2024-05-10T17:03:13.103-0300] {logging_mixin.py:188} INFO - [2024-05-10T17:03:13.103-0300] {dag.py:3954} INFO - Setting next_dagrun for meu_dag to 2024-05-10 00:00:00+00:00, run_after=2024-05-11 00:00:00+00:00
[2024-05-10T17:03:13.333-0300] {processor.py:183} INFO - Processing /home/patricia/Documentos/airflow/dags/meu_dag.py took 0.780 seconds
[2024-05-10T17:05:43.950-0300] {processor.py:161} INFO - Started process (PID=16018) to work on /home/patricia/Documentos/airflow/dags/meu_dag.py
[2024-05-10T17:05:43.953-0300] {processor.py:830} INFO - Processing file /home/patricia/Documentos/airflow/dags/meu_dag.py for tasks to queue
[2024-05-10T17:05:43.954-0300] {logging_mixin.py:188} INFO - [2024-05-10T17:05:43.954-0300] {dagbag.py:545} INFO - Filling up the DagBag from /home/patricia/Documentos/airflow/dags/meu_dag.py
[2024-05-10T17:05:43.966-0300] {processor.py:840} INFO - DAG(s) 'meu_dag' retrieved from /home/patricia/Documentos/airflow/dags/meu_dag.py
[2024-05-10T17:05:43.986-0300] {logging_mixin.py:188} INFO - [2024-05-10T17:05:43.986-0300] {dag.py:3096} INFO - Sync 1 DAGs
[2024-05-10T17:05:44.011-0300] {logging_mixin.py:188} INFO - [2024-05-10T17:05:44.011-0300] {dag.py:3954} INFO - Setting next_dagrun for meu_dag to 2024-05-10 00:00:00+00:00, run_after=2024-05-11 00:00:00+00:00
[2024-05-10T17:05:44.051-0300] {processor.py:183} INFO - Processing /home/patricia/Documentos/airflow/dags/meu_dag.py took 0.113 seconds
[2024-05-10T17:07:15.022-0300] {processor.py:161} INFO - Started process (PID=16562) to work on /home/patricia/Documentos/airflow/dags/meu_dag.py
[2024-05-10T17:07:15.027-0300] {processor.py:830} INFO - Processing file /home/patricia/Documentos/airflow/dags/meu_dag.py for tasks to queue
[2024-05-10T17:07:15.028-0300] {logging_mixin.py:188} INFO - [2024-05-10T17:07:15.028-0300] {dagbag.py:545} INFO - Filling up the DagBag from /home/patricia/Documentos/airflow/dags/meu_dag.py
[2024-05-10T17:07:15.048-0300] {processor.py:840} INFO - DAG(s) 'meu_dag' retrieved from /home/patricia/Documentos/airflow/dags/meu_dag.py
[2024-05-10T17:07:15.074-0300] {logging_mixin.py:188} INFO - [2024-05-10T17:07:15.074-0300] {dag.py:3096} INFO - Sync 1 DAGs
[2024-05-10T17:07:15.099-0300] {logging_mixin.py:188} INFO - [2024-05-10T17:07:15.099-0300] {dag.py:3954} INFO - Setting next_dagrun for meu_dag to 2024-05-10 00:00:00+00:00, run_after=2024-05-11 00:00:00+00:00
[2024-05-10T17:07:15.173-0300] {processor.py:183} INFO - Processing /home/patricia/Documentos/airflow/dags/meu_dag.py took 0.160 seconds
[2024-05-10T17:08:25.675-0300] {processor.py:161} INFO - Started process (PID=16713) to work on /home/patricia/Documentos/airflow/dags/meu_dag.py
[2024-05-10T17:08:25.700-0300] {processor.py:830} INFO - Processing file /home/patricia/Documentos/airflow/dags/meu_dag.py for tasks to queue
[2024-05-10T17:08:25.703-0300] {logging_mixin.py:188} INFO - [2024-05-10T17:08:25.702-0300] {dagbag.py:545} INFO - Filling up the DagBag from /home/patricia/Documentos/airflow/dags/meu_dag.py
[2024-05-10T17:08:25.713-0300] {processor.py:840} INFO - DAG(s) 'meu_dag' retrieved from /home/patricia/Documentos/airflow/dags/meu_dag.py
[2024-05-10T17:08:25.733-0300] {logging_mixin.py:188} INFO - [2024-05-10T17:08:25.733-0300] {dag.py:3096} INFO - Sync 1 DAGs
[2024-05-10T17:08:25.754-0300] {logging_mixin.py:188} INFO - [2024-05-10T17:08:25.754-0300] {dag.py:3954} INFO - Setting next_dagrun for meu_dag to 2024-05-10 00:00:00+00:00, run_after=2024-05-11 00:00:00+00:00
[2024-05-10T17:08:25.788-0300] {processor.py:183} INFO - Processing /home/patricia/Documentos/airflow/dags/meu_dag.py took 0.125 seconds
[2024-05-10T17:09:50.762-0300] {processor.py:161} INFO - Started process (PID=17060) to work on /home/patricia/Documentos/airflow/dags/meu_dag.py
[2024-05-10T17:09:50.767-0300] {processor.py:830} INFO - Processing file /home/patricia/Documentos/airflow/dags/meu_dag.py for tasks to queue
[2024-05-10T17:09:50.770-0300] {logging_mixin.py:188} INFO - [2024-05-10T17:09:50.769-0300] {dagbag.py:545} INFO - Filling up the DagBag from /home/patricia/Documentos/airflow/dags/meu_dag.py
[2024-05-10T17:09:50.790-0300] {processor.py:840} INFO - DAG(s) 'meu_dag' retrieved from /home/patricia/Documentos/airflow/dags/meu_dag.py
[2024-05-10T17:09:50.822-0300] {logging_mixin.py:188} INFO - [2024-05-10T17:09:50.821-0300] {dag.py:3096} INFO - Sync 1 DAGs
[2024-05-10T17:09:50.912-0300] {logging_mixin.py:188} INFO - [2024-05-10T17:09:50.912-0300] {dag.py:3954} INFO - Setting next_dagrun for meu_dag to 2024-05-10 00:00:00+00:00, run_after=2024-05-11 00:00:00+00:00
[2024-05-10T17:09:50.984-0300] {processor.py:183} INFO - Processing /home/patricia/Documentos/airflow/dags/meu_dag.py took 0.237 seconds
[2024-05-10T17:11:01.460-0300] {processor.py:161} INFO - Started process (PID=17183) to work on /home/patricia/Documentos/airflow/dags/meu_dag.py
[2024-05-10T17:11:01.463-0300] {processor.py:830} INFO - Processing file /home/patricia/Documentos/airflow/dags/meu_dag.py for tasks to queue
[2024-05-10T17:11:01.465-0300] {logging_mixin.py:188} INFO - [2024-05-10T17:11:01.464-0300] {dagbag.py:545} INFO - Filling up the DagBag from /home/patricia/Documentos/airflow/dags/meu_dag.py
[2024-05-10T17:11:01.476-0300] {processor.py:840} INFO - DAG(s) 'meu_dag' retrieved from /home/patricia/Documentos/airflow/dags/meu_dag.py
[2024-05-10T17:11:01.495-0300] {logging_mixin.py:188} INFO - [2024-05-10T17:11:01.494-0300] {dag.py:3096} INFO - Sync 1 DAGs
[2024-05-10T17:11:01.520-0300] {logging_mixin.py:188} INFO - [2024-05-10T17:11:01.520-0300] {dag.py:3954} INFO - Setting next_dagrun for meu_dag to 2024-05-10 00:00:00+00:00, run_after=2024-05-11 00:00:00+00:00
[2024-05-10T17:11:01.554-0300] {processor.py:183} INFO - Processing /home/patricia/Documentos/airflow/dags/meu_dag.py took 0.101 seconds
[2024-05-10T17:12:25.247-0300] {processor.py:161} INFO - Started process (PID=17325) to work on /home/patricia/Documentos/airflow/dags/meu_dag.py
[2024-05-10T17:12:25.250-0300] {processor.py:830} INFO - Processing file /home/patricia/Documentos/airflow/dags/meu_dag.py for tasks to queue
[2024-05-10T17:12:25.252-0300] {logging_mixin.py:188} INFO - [2024-05-10T17:12:25.251-0300] {dagbag.py:545} INFO - Filling up the DagBag from /home/patricia/Documentos/airflow/dags/meu_dag.py
[2024-05-10T17:12:25.263-0300] {processor.py:840} INFO - DAG(s) 'meu_dag' retrieved from /home/patricia/Documentos/airflow/dags/meu_dag.py
[2024-05-10T17:12:25.281-0300] {logging_mixin.py:188} INFO - [2024-05-10T17:12:25.281-0300] {dag.py:3096} INFO - Sync 1 DAGs
[2024-05-10T17:12:25.304-0300] {logging_mixin.py:188} INFO - [2024-05-10T17:12:25.304-0300] {dag.py:3954} INFO - Setting next_dagrun for meu_dag to 2024-05-10 00:00:00+00:00, run_after=2024-05-11 00:00:00+00:00
[2024-05-10T17:12:25.339-0300] {processor.py:183} INFO - Processing /home/patricia/Documentos/airflow/dags/meu_dag.py took 0.099 seconds
[2024-05-10T17:13:42.958-0300] {processor.py:161} INFO - Started process (PID=17454) to work on /home/patricia/Documentos/airflow/dags/meu_dag.py
[2024-05-10T17:13:42.963-0300] {processor.py:830} INFO - Processing file /home/patricia/Documentos/airflow/dags/meu_dag.py for tasks to queue
[2024-05-10T17:13:42.967-0300] {logging_mixin.py:188} INFO - [2024-05-10T17:13:42.965-0300] {dagbag.py:545} INFO - Filling up the DagBag from /home/patricia/Documentos/airflow/dags/meu_dag.py
[2024-05-10T17:13:43.011-0300] {processor.py:840} INFO - DAG(s) 'meu_dag' retrieved from /home/patricia/Documentos/airflow/dags/meu_dag.py
[2024-05-10T17:13:43.051-0300] {logging_mixin.py:188} INFO - [2024-05-10T17:13:43.050-0300] {dag.py:3096} INFO - Sync 1 DAGs
[2024-05-10T17:13:43.104-0300] {logging_mixin.py:188} INFO - [2024-05-10T17:13:43.103-0300] {dag.py:3954} INFO - Setting next_dagrun for meu_dag to 2024-05-10 00:00:00+00:00, run_after=2024-05-11 00:00:00+00:00
[2024-05-10T17:13:43.168-0300] {processor.py:183} INFO - Processing /home/patricia/Documentos/airflow/dags/meu_dag.py took 0.223 seconds
[2024-05-10T17:15:01.293-0300] {processor.py:161} INFO - Started process (PID=17613) to work on /home/patricia/Documentos/airflow/dags/meu_dag.py
[2024-05-10T17:15:01.297-0300] {processor.py:830} INFO - Processing file /home/patricia/Documentos/airflow/dags/meu_dag.py for tasks to queue
[2024-05-10T17:15:01.299-0300] {logging_mixin.py:188} INFO - [2024-05-10T17:15:01.298-0300] {dagbag.py:545} INFO - Filling up the DagBag from /home/patricia/Documentos/airflow/dags/meu_dag.py
[2024-05-10T17:15:01.315-0300] {processor.py:840} INFO - DAG(s) 'meu_dag' retrieved from /home/patricia/Documentos/airflow/dags/meu_dag.py
[2024-05-10T17:15:01.341-0300] {logging_mixin.py:188} INFO - [2024-05-10T17:15:01.341-0300] {dag.py:3096} INFO - Sync 1 DAGs
[2024-05-10T17:15:01.377-0300] {logging_mixin.py:188} INFO - [2024-05-10T17:15:01.377-0300] {dag.py:3954} INFO - Setting next_dagrun for meu_dag to 2024-05-10 00:00:00+00:00, run_after=2024-05-11 00:00:00+00:00
[2024-05-10T17:15:01.436-0300] {processor.py:183} INFO - Processing /home/patricia/Documentos/airflow/dags/meu_dag.py took 0.151 seconds
[2024-05-10T17:16:24.405-0300] {processor.py:161} INFO - Started process (PID=17802) to work on /home/patricia/Documentos/airflow/dags/meu_dag.py
[2024-05-10T17:16:24.407-0300] {processor.py:830} INFO - Processing file /home/patricia/Documentos/airflow/dags/meu_dag.py for tasks to queue
[2024-05-10T17:16:24.408-0300] {logging_mixin.py:188} INFO - [2024-05-10T17:16:24.408-0300] {dagbag.py:545} INFO - Filling up the DagBag from /home/patricia/Documentos/airflow/dags/meu_dag.py
[2024-05-10T17:16:24.419-0300] {processor.py:840} INFO - DAG(s) 'meu_dag' retrieved from /home/patricia/Documentos/airflow/dags/meu_dag.py
[2024-05-10T17:16:24.435-0300] {logging_mixin.py:188} INFO - [2024-05-10T17:16:24.435-0300] {dag.py:3096} INFO - Sync 1 DAGs
[2024-05-10T17:16:24.457-0300] {logging_mixin.py:188} INFO - [2024-05-10T17:16:24.456-0300] {dag.py:3954} INFO - Setting next_dagrun for meu_dag to 2024-05-10 00:00:00+00:00, run_after=2024-05-11 00:00:00+00:00
[2024-05-10T17:16:24.494-0300] {processor.py:183} INFO - Processing /home/patricia/Documentos/airflow/dags/meu_dag.py took 0.097 seconds
[2024-05-10T17:17:51.575-0300] {processor.py:161} INFO - Started process (PID=17949) to work on /home/patricia/Documentos/airflow/dags/meu_dag.py
[2024-05-10T17:17:51.577-0300] {processor.py:830} INFO - Processing file /home/patricia/Documentos/airflow/dags/meu_dag.py for tasks to queue
[2024-05-10T17:17:51.579-0300] {logging_mixin.py:188} INFO - [2024-05-10T17:17:51.578-0300] {dagbag.py:545} INFO - Filling up the DagBag from /home/patricia/Documentos/airflow/dags/meu_dag.py
[2024-05-10T17:17:51.628-0300] {processor.py:840} INFO - DAG(s) 'meu_dag' retrieved from /home/patricia/Documentos/airflow/dags/meu_dag.py
[2024-05-10T17:17:51.679-0300] {logging_mixin.py:188} INFO - [2024-05-10T17:17:51.671-0300] {dag.py:3096} INFO - Sync 1 DAGs
[2024-05-10T17:17:51.735-0300] {logging_mixin.py:188} INFO - [2024-05-10T17:17:51.735-0300] {dag.py:3954} INFO - Setting next_dagrun for meu_dag to 2024-05-10 00:00:00+00:00, run_after=2024-05-11 00:00:00+00:00
[2024-05-10T17:17:51.862-0300] {processor.py:183} INFO - Processing /home/patricia/Documentos/airflow/dags/meu_dag.py took 0.301 seconds
[2024-05-10T17:19:27.309-0300] {processor.py:161} INFO - Started process (PID=18067) to work on /home/patricia/Documentos/airflow/dags/meu_dag.py
[2024-05-10T17:19:27.311-0300] {processor.py:830} INFO - Processing file /home/patricia/Documentos/airflow/dags/meu_dag.py for tasks to queue
[2024-05-10T17:19:27.313-0300] {logging_mixin.py:188} INFO - [2024-05-10T17:19:27.312-0300] {dagbag.py:545} INFO - Filling up the DagBag from /home/patricia/Documentos/airflow/dags/meu_dag.py
[2024-05-10T17:19:27.323-0300] {processor.py:840} INFO - DAG(s) 'meu_dag' retrieved from /home/patricia/Documentos/airflow/dags/meu_dag.py
[2024-05-10T17:19:27.341-0300] {logging_mixin.py:188} INFO - [2024-05-10T17:19:27.341-0300] {dag.py:3096} INFO - Sync 1 DAGs
[2024-05-10T17:19:27.367-0300] {logging_mixin.py:188} INFO - [2024-05-10T17:19:27.367-0300] {dag.py:3954} INFO - Setting next_dagrun for meu_dag to 2024-05-10 00:00:00+00:00, run_after=2024-05-11 00:00:00+00:00
[2024-05-10T17:19:27.398-0300] {processor.py:183} INFO - Processing /home/patricia/Documentos/airflow/dags/meu_dag.py took 0.096 seconds
[2024-05-10T17:20:34.026-0300] {processor.py:161} INFO - Started process (PID=18188) to work on /home/patricia/Documentos/airflow/dags/meu_dag.py
[2024-05-10T17:20:34.028-0300] {processor.py:830} INFO - Processing file /home/patricia/Documentos/airflow/dags/meu_dag.py for tasks to queue
[2024-05-10T17:20:34.030-0300] {logging_mixin.py:188} INFO - [2024-05-10T17:20:34.029-0300] {dagbag.py:545} INFO - Filling up the DagBag from /home/patricia/Documentos/airflow/dags/meu_dag.py
[2024-05-10T17:20:34.040-0300] {processor.py:840} INFO - DAG(s) 'meu_dag' retrieved from /home/patricia/Documentos/airflow/dags/meu_dag.py
[2024-05-10T17:20:34.058-0300] {logging_mixin.py:188} INFO - [2024-05-10T17:20:34.058-0300] {dag.py:3096} INFO - Sync 1 DAGs
[2024-05-10T17:20:34.081-0300] {logging_mixin.py:188} INFO - [2024-05-10T17:20:34.081-0300] {dag.py:3954} INFO - Setting next_dagrun for meu_dag to 2024-05-10 00:00:00+00:00, run_after=2024-05-11 00:00:00+00:00
[2024-05-10T17:20:34.117-0300] {processor.py:183} INFO - Processing /home/patricia/Documentos/airflow/dags/meu_dag.py took 0.099 seconds
[2024-05-10T17:21:51.374-0300] {processor.py:161} INFO - Started process (PID=18322) to work on /home/patricia/Documentos/airflow/dags/meu_dag.py
[2024-05-10T17:21:51.377-0300] {processor.py:830} INFO - Processing file /home/patricia/Documentos/airflow/dags/meu_dag.py for tasks to queue
[2024-05-10T17:21:51.378-0300] {logging_mixin.py:188} INFO - [2024-05-10T17:21:51.377-0300] {dagbag.py:545} INFO - Filling up the DagBag from /home/patricia/Documentos/airflow/dags/meu_dag.py
[2024-05-10T17:21:51.389-0300] {processor.py:840} INFO - DAG(s) 'meu_dag' retrieved from /home/patricia/Documentos/airflow/dags/meu_dag.py
[2024-05-10T17:21:51.406-0300] {logging_mixin.py:188} INFO - [2024-05-10T17:21:51.405-0300] {dag.py:3096} INFO - Sync 1 DAGs
[2024-05-10T17:21:51.427-0300] {logging_mixin.py:188} INFO - [2024-05-10T17:21:51.426-0300] {dag.py:3954} INFO - Setting next_dagrun for meu_dag to 2024-05-10 00:00:00+00:00, run_after=2024-05-11 00:00:00+00:00
[2024-05-10T17:21:51.460-0300] {processor.py:183} INFO - Processing /home/patricia/Documentos/airflow/dags/meu_dag.py took 0.093 seconds
[2024-05-10T17:22:47.329-0300] {processor.py:161} INFO - Started process (PID=18424) to work on /home/patricia/Documentos/airflow/dags/meu_dag.py
[2024-05-10T17:22:47.331-0300] {processor.py:830} INFO - Processing file /home/patricia/Documentos/airflow/dags/meu_dag.py for tasks to queue
[2024-05-10T17:22:47.332-0300] {logging_mixin.py:188} INFO - [2024-05-10T17:22:47.332-0300] {dagbag.py:545} INFO - Filling up the DagBag from /home/patricia/Documentos/airflow/dags/meu_dag.py
[2024-05-10T17:22:47.343-0300] {processor.py:840} INFO - DAG(s) 'meu_dag' retrieved from /home/patricia/Documentos/airflow/dags/meu_dag.py
[2024-05-10T17:22:47.361-0300] {logging_mixin.py:188} INFO - [2024-05-10T17:22:47.360-0300] {dag.py:3096} INFO - Sync 1 DAGs
[2024-05-10T17:22:47.382-0300] {logging_mixin.py:188} INFO - [2024-05-10T17:22:47.382-0300] {dag.py:3954} INFO - Setting next_dagrun for meu_dag to 2024-05-10 00:00:00+00:00, run_after=2024-05-11 00:00:00+00:00
[2024-05-10T17:22:47.415-0300] {processor.py:183} INFO - Processing /home/patricia/Documentos/airflow/dags/meu_dag.py took 0.094 seconds
[2024-05-10T17:24:07.066-0300] {processor.py:161} INFO - Started process (PID=18580) to work on /home/patricia/Documentos/airflow/dags/meu_dag.py
[2024-05-10T17:24:07.069-0300] {processor.py:830} INFO - Processing file /home/patricia/Documentos/airflow/dags/meu_dag.py for tasks to queue
[2024-05-10T17:24:07.070-0300] {logging_mixin.py:188} INFO - [2024-05-10T17:24:07.070-0300] {dagbag.py:545} INFO - Filling up the DagBag from /home/patricia/Documentos/airflow/dags/meu_dag.py
[2024-05-10T17:24:07.080-0300] {processor.py:840} INFO - DAG(s) 'meu_dag' retrieved from /home/patricia/Documentos/airflow/dags/meu_dag.py
[2024-05-10T17:24:07.097-0300] {logging_mixin.py:188} INFO - [2024-05-10T17:24:07.097-0300] {dag.py:3096} INFO - Sync 1 DAGs
[2024-05-10T17:24:07.118-0300] {logging_mixin.py:188} INFO - [2024-05-10T17:24:07.118-0300] {dag.py:3954} INFO - Setting next_dagrun for meu_dag to 2024-05-10 00:00:00+00:00, run_after=2024-05-11 00:00:00+00:00
[2024-05-10T17:24:07.151-0300] {processor.py:183} INFO - Processing /home/patricia/Documentos/airflow/dags/meu_dag.py took 0.091 seconds
[2024-05-10T17:25:28.230-0300] {processor.py:161} INFO - Started process (PID=18710) to work on /home/patricia/Documentos/airflow/dags/meu_dag.py
[2024-05-10T17:25:28.233-0300] {processor.py:830} INFO - Processing file /home/patricia/Documentos/airflow/dags/meu_dag.py for tasks to queue
[2024-05-10T17:25:28.235-0300] {logging_mixin.py:188} INFO - [2024-05-10T17:25:28.235-0300] {dagbag.py:545} INFO - Filling up the DagBag from /home/patricia/Documentos/airflow/dags/meu_dag.py
[2024-05-10T17:25:28.250-0300] {processor.py:840} INFO - DAG(s) 'meu_dag' retrieved from /home/patricia/Documentos/airflow/dags/meu_dag.py
[2024-05-10T17:25:28.269-0300] {logging_mixin.py:188} INFO - [2024-05-10T17:25:28.269-0300] {dag.py:3096} INFO - Sync 1 DAGs
[2024-05-10T17:25:28.300-0300] {logging_mixin.py:188} INFO - [2024-05-10T17:25:28.300-0300] {dag.py:3954} INFO - Setting next_dagrun for meu_dag to 2024-05-10 00:00:00+00:00, run_after=2024-05-11 00:00:00+00:00
[2024-05-10T17:25:28.338-0300] {processor.py:183} INFO - Processing /home/patricia/Documentos/airflow/dags/meu_dag.py took 0.131 seconds
[2024-05-10T17:26:49.759-0300] {processor.py:161} INFO - Started process (PID=18855) to work on /home/patricia/Documentos/airflow/dags/meu_dag.py
[2024-05-10T17:26:49.762-0300] {processor.py:830} INFO - Processing file /home/patricia/Documentos/airflow/dags/meu_dag.py for tasks to queue
[2024-05-10T17:26:49.763-0300] {logging_mixin.py:188} INFO - [2024-05-10T17:26:49.762-0300] {dagbag.py:545} INFO - Filling up the DagBag from /home/patricia/Documentos/airflow/dags/meu_dag.py
[2024-05-10T17:26:49.774-0300] {processor.py:840} INFO - DAG(s) 'meu_dag' retrieved from /home/patricia/Documentos/airflow/dags/meu_dag.py
[2024-05-10T17:26:49.792-0300] {logging_mixin.py:188} INFO - [2024-05-10T17:26:49.792-0300] {dag.py:3096} INFO - Sync 1 DAGs
[2024-05-10T17:26:49.814-0300] {logging_mixin.py:188} INFO - [2024-05-10T17:26:49.813-0300] {dag.py:3954} INFO - Setting next_dagrun for meu_dag to 2024-05-10 00:00:00+00:00, run_after=2024-05-11 00:00:00+00:00
[2024-05-10T17:26:49.847-0300] {processor.py:183} INFO - Processing /home/patricia/Documentos/airflow/dags/meu_dag.py took 0.095 seconds
[2024-05-10T17:28:07.975-0300] {processor.py:161} INFO - Started process (PID=18978) to work on /home/patricia/Documentos/airflow/dags/meu_dag.py
[2024-05-10T17:28:07.978-0300] {processor.py:830} INFO - Processing file /home/patricia/Documentos/airflow/dags/meu_dag.py for tasks to queue
[2024-05-10T17:28:07.980-0300] {logging_mixin.py:188} INFO - [2024-05-10T17:28:07.979-0300] {dagbag.py:545} INFO - Filling up the DagBag from /home/patricia/Documentos/airflow/dags/meu_dag.py
[2024-05-10T17:28:07.990-0300] {processor.py:840} INFO - DAG(s) 'meu_dag' retrieved from /home/patricia/Documentos/airflow/dags/meu_dag.py
[2024-05-10T17:28:08.008-0300] {logging_mixin.py:188} INFO - [2024-05-10T17:28:08.008-0300] {dag.py:3096} INFO - Sync 1 DAGs
[2024-05-10T17:28:08.031-0300] {logging_mixin.py:188} INFO - [2024-05-10T17:28:08.030-0300] {dag.py:3954} INFO - Setting next_dagrun for meu_dag to 2024-05-10 00:00:00+00:00, run_after=2024-05-11 00:00:00+00:00
[2024-05-10T17:28:08.063-0300] {processor.py:183} INFO - Processing /home/patricia/Documentos/airflow/dags/meu_dag.py took 0.095 seconds
[2024-05-10T17:29:15.798-0300] {processor.py:161} INFO - Started process (PID=19098) to work on /home/patricia/Documentos/airflow/dags/meu_dag.py
[2024-05-10T17:29:15.800-0300] {processor.py:830} INFO - Processing file /home/patricia/Documentos/airflow/dags/meu_dag.py for tasks to queue
[2024-05-10T17:29:15.801-0300] {logging_mixin.py:188} INFO - [2024-05-10T17:29:15.801-0300] {dagbag.py:545} INFO - Filling up the DagBag from /home/patricia/Documentos/airflow/dags/meu_dag.py
[2024-05-10T17:29:15.813-0300] {processor.py:840} INFO - DAG(s) 'meu_dag' retrieved from /home/patricia/Documentos/airflow/dags/meu_dag.py
[2024-05-10T17:29:15.831-0300] {logging_mixin.py:188} INFO - [2024-05-10T17:29:15.831-0300] {dag.py:3096} INFO - Sync 1 DAGs
[2024-05-10T17:29:15.855-0300] {logging_mixin.py:188} INFO - [2024-05-10T17:29:15.854-0300] {dag.py:3954} INFO - Setting next_dagrun for meu_dag to 2024-05-10 00:00:00+00:00, run_after=2024-05-11 00:00:00+00:00
[2024-05-10T17:29:15.889-0300] {processor.py:183} INFO - Processing /home/patricia/Documentos/airflow/dags/meu_dag.py took 0.099 seconds
[2024-05-10T17:30:33.464-0300] {processor.py:161} INFO - Started process (PID=19231) to work on /home/patricia/Documentos/airflow/dags/meu_dag.py
[2024-05-10T17:30:33.467-0300] {processor.py:830} INFO - Processing file /home/patricia/Documentos/airflow/dags/meu_dag.py for tasks to queue
[2024-05-10T17:30:33.469-0300] {logging_mixin.py:188} INFO - [2024-05-10T17:30:33.469-0300] {dagbag.py:545} INFO - Filling up the DagBag from /home/patricia/Documentos/airflow/dags/meu_dag.py
[2024-05-10T17:30:33.480-0300] {processor.py:840} INFO - DAG(s) 'meu_dag' retrieved from /home/patricia/Documentos/airflow/dags/meu_dag.py
[2024-05-10T17:30:33.497-0300] {logging_mixin.py:188} INFO - [2024-05-10T17:30:33.497-0300] {dag.py:3096} INFO - Sync 1 DAGs
[2024-05-10T17:30:33.518-0300] {logging_mixin.py:188} INFO - [2024-05-10T17:30:33.517-0300] {dag.py:3954} INFO - Setting next_dagrun for meu_dag to 2024-05-10 00:00:00+00:00, run_after=2024-05-11 00:00:00+00:00
[2024-05-10T17:30:33.553-0300] {processor.py:183} INFO - Processing /home/patricia/Documentos/airflow/dags/meu_dag.py took 0.095 seconds
[2024-05-10T17:31:50.678-0300] {processor.py:161} INFO - Started process (PID=19357) to work on /home/patricia/Documentos/airflow/dags/meu_dag.py
[2024-05-10T17:31:50.680-0300] {processor.py:830} INFO - Processing file /home/patricia/Documentos/airflow/dags/meu_dag.py for tasks to queue
[2024-05-10T17:31:50.681-0300] {logging_mixin.py:188} INFO - [2024-05-10T17:31:50.681-0300] {dagbag.py:545} INFO - Filling up the DagBag from /home/patricia/Documentos/airflow/dags/meu_dag.py
[2024-05-10T17:31:50.694-0300] {processor.py:840} INFO - DAG(s) 'meu_dag' retrieved from /home/patricia/Documentos/airflow/dags/meu_dag.py
[2024-05-10T17:31:50.712-0300] {logging_mixin.py:188} INFO - [2024-05-10T17:31:50.712-0300] {dag.py:3096} INFO - Sync 1 DAGs
[2024-05-10T17:31:50.734-0300] {logging_mixin.py:188} INFO - [2024-05-10T17:31:50.734-0300] {dag.py:3954} INFO - Setting next_dagrun for meu_dag to 2024-05-10 00:00:00+00:00, run_after=2024-05-11 00:00:00+00:00
[2024-05-10T17:31:50.768-0300] {processor.py:183} INFO - Processing /home/patricia/Documentos/airflow/dags/meu_dag.py took 0.100 seconds
[2024-05-10T17:33:13.930-0300] {processor.py:161} INFO - Started process (PID=19498) to work on /home/patricia/Documentos/airflow/dags/meu_dag.py
[2024-05-10T17:33:13.932-0300] {processor.py:830} INFO - Processing file /home/patricia/Documentos/airflow/dags/meu_dag.py for tasks to queue
[2024-05-10T17:33:13.934-0300] {logging_mixin.py:188} INFO - [2024-05-10T17:33:13.934-0300] {dagbag.py:545} INFO - Filling up the DagBag from /home/patricia/Documentos/airflow/dags/meu_dag.py
[2024-05-10T17:33:13.947-0300] {processor.py:840} INFO - DAG(s) 'meu_dag' retrieved from /home/patricia/Documentos/airflow/dags/meu_dag.py
[2024-05-10T17:33:13.971-0300] {logging_mixin.py:188} INFO - [2024-05-10T17:33:13.971-0300] {dag.py:3096} INFO - Sync 1 DAGs
[2024-05-10T17:33:13.998-0300] {logging_mixin.py:188} INFO - [2024-05-10T17:33:13.998-0300] {dag.py:3954} INFO - Setting next_dagrun for meu_dag to 2024-05-10 00:00:00+00:00, run_after=2024-05-11 00:00:00+00:00
[2024-05-10T17:33:14.036-0300] {processor.py:183} INFO - Processing /home/patricia/Documentos/airflow/dags/meu_dag.py took 0.114 seconds
[2024-05-10T17:34:14.613-0300] {processor.py:161} INFO - Started process (PID=19600) to work on /home/patricia/Documentos/airflow/dags/meu_dag.py
[2024-05-10T17:34:14.617-0300] {processor.py:830} INFO - Processing file /home/patricia/Documentos/airflow/dags/meu_dag.py for tasks to queue
[2024-05-10T17:34:14.618-0300] {logging_mixin.py:188} INFO - [2024-05-10T17:34:14.617-0300] {dagbag.py:545} INFO - Filling up the DagBag from /home/patricia/Documentos/airflow/dags/meu_dag.py
[2024-05-10T17:34:14.629-0300] {processor.py:840} INFO - DAG(s) 'meu_dag' retrieved from /home/patricia/Documentos/airflow/dags/meu_dag.py
[2024-05-10T17:34:14.649-0300] {logging_mixin.py:188} INFO - [2024-05-10T17:34:14.648-0300] {dag.py:3096} INFO - Sync 1 DAGs
[2024-05-10T17:34:14.674-0300] {logging_mixin.py:188} INFO - [2024-05-10T17:34:14.673-0300] {dag.py:3954} INFO - Setting next_dagrun for meu_dag to 2024-05-10 00:00:00+00:00, run_after=2024-05-11 00:00:00+00:00
[2024-05-10T17:34:14.710-0300] {processor.py:183} INFO - Processing /home/patricia/Documentos/airflow/dags/meu_dag.py took 0.105 seconds
[2024-05-10T17:35:16.741-0300] {processor.py:161} INFO - Started process (PID=19701) to work on /home/patricia/Documentos/airflow/dags/meu_dag.py
[2024-05-10T17:35:16.744-0300] {processor.py:830} INFO - Processing file /home/patricia/Documentos/airflow/dags/meu_dag.py for tasks to queue
[2024-05-10T17:35:16.746-0300] {logging_mixin.py:188} INFO - [2024-05-10T17:35:16.745-0300] {dagbag.py:545} INFO - Filling up the DagBag from /home/patricia/Documentos/airflow/dags/meu_dag.py
[2024-05-10T17:35:16.758-0300] {processor.py:840} INFO - DAG(s) 'meu_dag' retrieved from /home/patricia/Documentos/airflow/dags/meu_dag.py
[2024-05-10T17:35:16.778-0300] {logging_mixin.py:188} INFO - [2024-05-10T17:35:16.777-0300] {dag.py:3096} INFO - Sync 1 DAGs
[2024-05-10T17:35:16.804-0300] {logging_mixin.py:188} INFO - [2024-05-10T17:35:16.804-0300] {dag.py:3954} INFO - Setting next_dagrun for meu_dag to 2024-05-10 00:00:00+00:00, run_after=2024-05-11 00:00:00+00:00
[2024-05-10T17:35:16.841-0300] {processor.py:183} INFO - Processing /home/patricia/Documentos/airflow/dags/meu_dag.py took 0.109 seconds
[2024-05-10T17:36:40.601-0300] {processor.py:161} INFO - Started process (PID=19850) to work on /home/patricia/Documentos/airflow/dags/meu_dag.py
[2024-05-10T17:36:40.604-0300] {processor.py:830} INFO - Processing file /home/patricia/Documentos/airflow/dags/meu_dag.py for tasks to queue
[2024-05-10T17:36:40.606-0300] {logging_mixin.py:188} INFO - [2024-05-10T17:36:40.605-0300] {dagbag.py:545} INFO - Filling up the DagBag from /home/patricia/Documentos/airflow/dags/meu_dag.py
[2024-05-10T17:36:40.618-0300] {processor.py:840} INFO - DAG(s) 'meu_dag' retrieved from /home/patricia/Documentos/airflow/dags/meu_dag.py
[2024-05-10T17:36:40.638-0300] {logging_mixin.py:188} INFO - [2024-05-10T17:36:40.638-0300] {dag.py:3096} INFO - Sync 1 DAGs
[2024-05-10T17:36:40.662-0300] {logging_mixin.py:188} INFO - [2024-05-10T17:36:40.662-0300] {dag.py:3954} INFO - Setting next_dagrun for meu_dag to 2024-05-10 00:00:00+00:00, run_after=2024-05-11 00:00:00+00:00
[2024-05-10T17:36:40.698-0300] {processor.py:183} INFO - Processing /home/patricia/Documentos/airflow/dags/meu_dag.py took 0.105 seconds
[2024-05-10T17:38:06.659-0300] {processor.py:161} INFO - Started process (PID=19997) to work on /home/patricia/Documentos/airflow/dags/meu_dag.py
[2024-05-10T17:38:06.662-0300] {processor.py:830} INFO - Processing file /home/patricia/Documentos/airflow/dags/meu_dag.py for tasks to queue
[2024-05-10T17:38:06.663-0300] {logging_mixin.py:188} INFO - [2024-05-10T17:38:06.663-0300] {dagbag.py:545} INFO - Filling up the DagBag from /home/patricia/Documentos/airflow/dags/meu_dag.py
[2024-05-10T17:38:06.675-0300] {processor.py:840} INFO - DAG(s) 'meu_dag' retrieved from /home/patricia/Documentos/airflow/dags/meu_dag.py
[2024-05-10T17:38:06.692-0300] {logging_mixin.py:188} INFO - [2024-05-10T17:38:06.692-0300] {dag.py:3096} INFO - Sync 1 DAGs
[2024-05-10T17:38:06.715-0300] {logging_mixin.py:188} INFO - [2024-05-10T17:38:06.714-0300] {dag.py:3954} INFO - Setting next_dagrun for meu_dag to 2024-05-10 00:00:00+00:00, run_after=2024-05-11 00:00:00+00:00
[2024-05-10T17:38:06.747-0300] {processor.py:183} INFO - Processing /home/patricia/Documentos/airflow/dags/meu_dag.py took 0.095 seconds
[2024-05-10T17:40:00.138-0300] {processor.py:161} INFO - Started process (PID=20116) to work on /home/patricia/Documentos/airflow/dags/meu_dag.py
[2024-05-10T17:40:00.141-0300] {processor.py:830} INFO - Processing file /home/patricia/Documentos/airflow/dags/meu_dag.py for tasks to queue
[2024-05-10T17:40:00.142-0300] {logging_mixin.py:188} INFO - [2024-05-10T17:40:00.141-0300] {dagbag.py:545} INFO - Filling up the DagBag from /home/patricia/Documentos/airflow/dags/meu_dag.py
[2024-05-10T17:40:00.152-0300] {processor.py:840} INFO - DAG(s) 'meu_dag' retrieved from /home/patricia/Documentos/airflow/dags/meu_dag.py
[2024-05-10T17:40:00.169-0300] {logging_mixin.py:188} INFO - [2024-05-10T17:40:00.169-0300] {dag.py:3096} INFO - Sync 1 DAGs
[2024-05-10T17:40:00.190-0300] {logging_mixin.py:188} INFO - [2024-05-10T17:40:00.190-0300] {dag.py:3954} INFO - Setting next_dagrun for meu_dag to 2024-05-10 00:00:00+00:00, run_after=2024-05-11 00:00:00+00:00
[2024-05-10T17:40:00.222-0300] {processor.py:183} INFO - Processing /home/patricia/Documentos/airflow/dags/meu_dag.py took 0.091 seconds
[2024-05-10T17:41:19.522-0300] {processor.py:161} INFO - Started process (PID=20247) to work on /home/patricia/Documentos/airflow/dags/meu_dag.py
[2024-05-10T17:41:19.525-0300] {processor.py:830} INFO - Processing file /home/patricia/Documentos/airflow/dags/meu_dag.py for tasks to queue
[2024-05-10T17:41:19.527-0300] {logging_mixin.py:188} INFO - [2024-05-10T17:41:19.526-0300] {dagbag.py:545} INFO - Filling up the DagBag from /home/patricia/Documentos/airflow/dags/meu_dag.py
[2024-05-10T17:41:19.539-0300] {processor.py:840} INFO - DAG(s) 'meu_dag' retrieved from /home/patricia/Documentos/airflow/dags/meu_dag.py
[2024-05-10T17:41:19.556-0300] {logging_mixin.py:188} INFO - [2024-05-10T17:41:19.556-0300] {dag.py:3096} INFO - Sync 1 DAGs
[2024-05-10T17:41:19.578-0300] {logging_mixin.py:188} INFO - [2024-05-10T17:41:19.577-0300] {dag.py:3954} INFO - Setting next_dagrun for meu_dag to 2024-05-10 00:00:00+00:00, run_after=2024-05-11 00:00:00+00:00
[2024-05-10T17:41:19.609-0300] {processor.py:183} INFO - Processing /home/patricia/Documentos/airflow/dags/meu_dag.py took 0.094 seconds
[2024-05-10T17:42:49.915-0300] {processor.py:161} INFO - Started process (PID=20408) to work on /home/patricia/Documentos/airflow/dags/meu_dag.py
[2024-05-10T17:42:49.917-0300] {processor.py:830} INFO - Processing file /home/patricia/Documentos/airflow/dags/meu_dag.py for tasks to queue
[2024-05-10T17:42:49.918-0300] {logging_mixin.py:188} INFO - [2024-05-10T17:42:49.918-0300] {dagbag.py:545} INFO - Filling up the DagBag from /home/patricia/Documentos/airflow/dags/meu_dag.py
[2024-05-10T17:42:49.930-0300] {processor.py:840} INFO - DAG(s) 'meu_dag' retrieved from /home/patricia/Documentos/airflow/dags/meu_dag.py
[2024-05-10T17:42:49.948-0300] {logging_mixin.py:188} INFO - [2024-05-10T17:42:49.947-0300] {dag.py:3096} INFO - Sync 1 DAGs
[2024-05-10T17:42:49.968-0300] {logging_mixin.py:188} INFO - [2024-05-10T17:42:49.968-0300] {dag.py:3954} INFO - Setting next_dagrun for meu_dag to 2024-05-10 00:00:00+00:00, run_after=2024-05-11 00:00:00+00:00
[2024-05-10T17:42:50.002-0300] {processor.py:183} INFO - Processing /home/patricia/Documentos/airflow/dags/meu_dag.py took 0.095 seconds
[2024-05-10T17:44:06.964-0300] {processor.py:161} INFO - Started process (PID=20536) to work on /home/patricia/Documentos/airflow/dags/meu_dag.py
[2024-05-10T17:44:06.966-0300] {processor.py:830} INFO - Processing file /home/patricia/Documentos/airflow/dags/meu_dag.py for tasks to queue
[2024-05-10T17:44:06.968-0300] {logging_mixin.py:188} INFO - [2024-05-10T17:44:06.967-0300] {dagbag.py:545} INFO - Filling up the DagBag from /home/patricia/Documentos/airflow/dags/meu_dag.py
[2024-05-10T17:44:06.979-0300] {processor.py:840} INFO - DAG(s) 'meu_dag' retrieved from /home/patricia/Documentos/airflow/dags/meu_dag.py
[2024-05-10T17:44:06.998-0300] {logging_mixin.py:188} INFO - [2024-05-10T17:44:06.998-0300] {dag.py:3096} INFO - Sync 1 DAGs
[2024-05-10T17:44:07.021-0300] {logging_mixin.py:188} INFO - [2024-05-10T17:44:07.021-0300] {dag.py:3954} INFO - Setting next_dagrun for meu_dag to 2024-05-10 00:00:00+00:00, run_after=2024-05-11 00:00:00+00:00
[2024-05-10T17:44:07.057-0300] {processor.py:183} INFO - Processing /home/patricia/Documentos/airflow/dags/meu_dag.py took 0.101 seconds
[2024-05-10T17:45:29.517-0300] {processor.py:161} INFO - Started process (PID=20673) to work on /home/patricia/Documentos/airflow/dags/meu_dag.py
[2024-05-10T17:45:29.519-0300] {processor.py:830} INFO - Processing file /home/patricia/Documentos/airflow/dags/meu_dag.py for tasks to queue
[2024-05-10T17:45:29.521-0300] {logging_mixin.py:188} INFO - [2024-05-10T17:45:29.521-0300] {dagbag.py:545} INFO - Filling up the DagBag from /home/patricia/Documentos/airflow/dags/meu_dag.py
[2024-05-10T17:45:29.533-0300] {processor.py:840} INFO - DAG(s) 'meu_dag' retrieved from /home/patricia/Documentos/airflow/dags/meu_dag.py
[2024-05-10T17:45:29.551-0300] {logging_mixin.py:188} INFO - [2024-05-10T17:45:29.551-0300] {dag.py:3096} INFO - Sync 1 DAGs
[2024-05-10T17:45:29.576-0300] {logging_mixin.py:188} INFO - [2024-05-10T17:45:29.576-0300] {dag.py:3954} INFO - Setting next_dagrun for meu_dag to 2024-05-10 00:00:00+00:00, run_after=2024-05-11 00:00:00+00:00
[2024-05-10T17:45:29.611-0300] {processor.py:183} INFO - Processing /home/patricia/Documentos/airflow/dags/meu_dag.py took 0.100 seconds
[2024-05-10T17:46:26.815-0300] {processor.py:161} INFO - Started process (PID=20771) to work on /home/patricia/Documentos/airflow/dags/meu_dag.py
[2024-05-10T17:46:26.817-0300] {processor.py:830} INFO - Processing file /home/patricia/Documentos/airflow/dags/meu_dag.py for tasks to queue
[2024-05-10T17:46:26.819-0300] {logging_mixin.py:188} INFO - [2024-05-10T17:46:26.818-0300] {dagbag.py:545} INFO - Filling up the DagBag from /home/patricia/Documentos/airflow/dags/meu_dag.py
[2024-05-10T17:46:26.830-0300] {processor.py:840} INFO - DAG(s) 'meu_dag' retrieved from /home/patricia/Documentos/airflow/dags/meu_dag.py
[2024-05-10T17:46:26.847-0300] {logging_mixin.py:188} INFO - [2024-05-10T17:46:26.847-0300] {dag.py:3096} INFO - Sync 1 DAGs
[2024-05-10T17:46:26.871-0300] {logging_mixin.py:188} INFO - [2024-05-10T17:46:26.871-0300] {dag.py:3954} INFO - Setting next_dagrun for meu_dag to 2024-05-10 00:00:00+00:00, run_after=2024-05-11 00:00:00+00:00
[2024-05-10T17:46:26.909-0300] {processor.py:183} INFO - Processing /home/patricia/Documentos/airflow/dags/meu_dag.py took 0.101 seconds
[2024-05-10T17:47:49.043-0300] {processor.py:161} INFO - Started process (PID=20918) to work on /home/patricia/Documentos/airflow/dags/meu_dag.py
[2024-05-10T17:47:49.047-0300] {processor.py:830} INFO - Processing file /home/patricia/Documentos/airflow/dags/meu_dag.py for tasks to queue
[2024-05-10T17:47:49.048-0300] {logging_mixin.py:188} INFO - [2024-05-10T17:47:49.048-0300] {dagbag.py:545} INFO - Filling up the DagBag from /home/patricia/Documentos/airflow/dags/meu_dag.py
[2024-05-10T17:47:49.066-0300] {processor.py:840} INFO - DAG(s) 'meu_dag' retrieved from /home/patricia/Documentos/airflow/dags/meu_dag.py
[2024-05-10T17:47:49.095-0300] {logging_mixin.py:188} INFO - [2024-05-10T17:47:49.094-0300] {dag.py:3096} INFO - Sync 1 DAGs
[2024-05-10T17:47:49.124-0300] {logging_mixin.py:188} INFO - [2024-05-10T17:47:49.124-0300] {dag.py:3954} INFO - Setting next_dagrun for meu_dag to 2024-05-10 00:00:00+00:00, run_after=2024-05-11 00:00:00+00:00
[2024-05-10T17:47:49.182-0300] {processor.py:183} INFO - Processing /home/patricia/Documentos/airflow/dags/meu_dag.py took 0.150 seconds
[2024-05-10T17:48:47.076-0300] {processor.py:161} INFO - Started process (PID=21014) to work on /home/patricia/Documentos/airflow/dags/meu_dag.py
[2024-05-10T17:48:47.078-0300] {processor.py:830} INFO - Processing file /home/patricia/Documentos/airflow/dags/meu_dag.py for tasks to queue
[2024-05-10T17:48:47.080-0300] {logging_mixin.py:188} INFO - [2024-05-10T17:48:47.079-0300] {dagbag.py:545} INFO - Filling up the DagBag from /home/patricia/Documentos/airflow/dags/meu_dag.py
[2024-05-10T17:48:47.090-0300] {processor.py:840} INFO - DAG(s) 'meu_dag' retrieved from /home/patricia/Documentos/airflow/dags/meu_dag.py
[2024-05-10T17:48:47.107-0300] {logging_mixin.py:188} INFO - [2024-05-10T17:48:47.107-0300] {dag.py:3096} INFO - Sync 1 DAGs
[2024-05-10T17:48:47.129-0300] {logging_mixin.py:188} INFO - [2024-05-10T17:48:47.129-0300] {dag.py:3954} INFO - Setting next_dagrun for meu_dag to 2024-05-10 00:00:00+00:00, run_after=2024-05-11 00:00:00+00:00
[2024-05-10T17:48:47.161-0300] {processor.py:183} INFO - Processing /home/patricia/Documentos/airflow/dags/meu_dag.py took 0.092 seconds
[2024-05-10T17:50:45.099-0300] {processor.py:161} INFO - Started process (PID=21171) to work on /home/patricia/Documentos/airflow/dags/meu_dag.py
[2024-05-10T17:50:45.101-0300] {processor.py:830} INFO - Processing file /home/patricia/Documentos/airflow/dags/meu_dag.py for tasks to queue
[2024-05-10T17:50:45.103-0300] {logging_mixin.py:188} INFO - [2024-05-10T17:50:45.102-0300] {dagbag.py:545} INFO - Filling up the DagBag from /home/patricia/Documentos/airflow/dags/meu_dag.py
[2024-05-10T17:50:45.113-0300] {processor.py:840} INFO - DAG(s) 'meu_dag' retrieved from /home/patricia/Documentos/airflow/dags/meu_dag.py
[2024-05-10T17:50:45.130-0300] {logging_mixin.py:188} INFO - [2024-05-10T17:50:45.130-0300] {dag.py:3096} INFO - Sync 1 DAGs
[2024-05-10T17:50:45.154-0300] {logging_mixin.py:188} INFO - [2024-05-10T17:50:45.153-0300] {dag.py:3954} INFO - Setting next_dagrun for meu_dag to 2024-05-10 00:00:00+00:00, run_after=2024-05-11 00:00:00+00:00
[2024-05-10T17:50:45.192-0300] {processor.py:183} INFO - Processing /home/patricia/Documentos/airflow/dags/meu_dag.py took 0.101 seconds
[2024-05-10T17:51:58.010-0300] {processor.py:161} INFO - Started process (PID=21407) to work on /home/patricia/Documentos/airflow/dags/meu_dag.py
[2024-05-10T17:51:58.014-0300] {processor.py:830} INFO - Processing file /home/patricia/Documentos/airflow/dags/meu_dag.py for tasks to queue
[2024-05-10T17:51:58.016-0300] {logging_mixin.py:188} INFO - [2024-05-10T17:51:58.015-0300] {dagbag.py:545} INFO - Filling up the DagBag from /home/patricia/Documentos/airflow/dags/meu_dag.py
[2024-05-10T17:51:58.064-0300] {processor.py:840} INFO - DAG(s) 'meu_dag' retrieved from /home/patricia/Documentos/airflow/dags/meu_dag.py
[2024-05-10T17:51:58.109-0300] {logging_mixin.py:188} INFO - [2024-05-10T17:51:58.109-0300] {dag.py:3096} INFO - Sync 1 DAGs
[2024-05-10T17:51:58.171-0300] {logging_mixin.py:188} INFO - [2024-05-10T17:51:58.170-0300] {dag.py:3954} INFO - Setting next_dagrun for meu_dag to 2024-05-10 00:00:00+00:00, run_after=2024-05-11 00:00:00+00:00
[2024-05-10T17:51:58.293-0300] {processor.py:183} INFO - Processing /home/patricia/Documentos/airflow/dags/meu_dag.py took 0.314 seconds
[2024-05-10T17:53:02.158-0300] {processor.py:161} INFO - Started process (PID=21548) to work on /home/patricia/Documentos/airflow/dags/meu_dag.py
[2024-05-10T17:53:02.160-0300] {processor.py:830} INFO - Processing file /home/patricia/Documentos/airflow/dags/meu_dag.py for tasks to queue
[2024-05-10T17:53:02.163-0300] {logging_mixin.py:188} INFO - [2024-05-10T17:53:02.162-0300] {dagbag.py:545} INFO - Filling up the DagBag from /home/patricia/Documentos/airflow/dags/meu_dag.py
[2024-05-10T17:53:02.179-0300] {processor.py:840} INFO - DAG(s) 'meu_dag' retrieved from /home/patricia/Documentos/airflow/dags/meu_dag.py
[2024-05-10T17:53:02.204-0300] {logging_mixin.py:188} INFO - [2024-05-10T17:53:02.203-0300] {dag.py:3096} INFO - Sync 1 DAGs
[2024-05-10T17:53:02.233-0300] {logging_mixin.py:188} INFO - [2024-05-10T17:53:02.233-0300] {dag.py:3954} INFO - Setting next_dagrun for meu_dag to 2024-05-10 00:00:00+00:00, run_after=2024-05-11 00:00:00+00:00
[2024-05-10T17:53:02.285-0300] {processor.py:183} INFO - Processing /home/patricia/Documentos/airflow/dags/meu_dag.py took 0.136 seconds
