[2024-05-13T13:00:32.578-0300] {local_task_job_runner.py:120} INFO - ::group::Pre task execution logs
[2024-05-13T13:00:32.599-0300] {taskinstance.py:2076} INFO - Dependencies all met for dep_context=non-requeueable deps ti=<TaskInstance: meu_dag.Cria_pasta scheduled__2024-05-01T00:00:00+00:00 [queued]>
[2024-05-13T13:00:32.607-0300] {taskinstance.py:2076} INFO - Dependencies all met for dep_context=requeueable deps ti=<TaskInstance: meu_dag.Cria_pasta scheduled__2024-05-01T00:00:00+00:00 [queued]>
[2024-05-13T13:00:32.607-0300] {taskinstance.py:2306} INFO - Starting attempt 1 of 1
[2024-05-13T13:00:32.651-0300] {taskinstance.py:2330} INFO - Executing <Task(BashOperator): Cria_pasta> on 2024-05-01 00:00:00+00:00
[2024-05-13T13:00:32.658-0300] {standard_task_runner.py:63} INFO - Started process 22281 to run task
[2024-05-13T13:00:32.667-0300] {standard_task_runner.py:90} INFO - Running: ['airflow', 'tasks', 'run', 'meu_dag', 'Cria_pasta', 'scheduled__2024-05-01T00:00:00+00:00', '--job-id', '63', '--raw', '--subdir', 'DAGS_FOLDER/dados_climaticos.py', '--cfg-path', '/tmp/tmp0kegnal9']
[2024-05-13T13:00:32.668-0300] {standard_task_runner.py:91} INFO - Job 63: Subtask Cria_pasta
[2024-05-13T13:00:32.802-0300] {task_command.py:426} INFO - Running <TaskInstance: meu_dag.Cria_pasta scheduled__2024-05-01T00:00:00+00:00 [running]> on host patricia-VirtualBox
[2024-05-13T13:00:33.013-0300] {taskinstance.py:2648} INFO - Exporting env vars: AIRFLOW_CTX_DAG_OWNER='airflow' AIRFLOW_CTX_DAG_ID='meu_dag' AIRFLOW_CTX_TASK_ID='Cria_pasta' AIRFLOW_CTX_EXECUTION_DATE='2024-05-01T00:00:00+00:00' AIRFLOW_CTX_TRY_NUMBER='1' AIRFLOW_CTX_DAG_RUN_ID='scheduled__2024-05-01T00:00:00+00:00'
[2024-05-13T13:00:33.021-0300] {taskinstance.py:430} INFO - ::endgroup::
[2024-05-13T13:00:33.022-0300] {subprocess.py:63} INFO - Tmp dir root location: /tmp
[2024-05-13T13:00:33.023-0300] {subprocess.py:75} INFO - Running command: ['/usr/bin/bash', '-c', 'mkdir -p "/home/patricia/Documentos/airflow/pasta_2024-05-01"']
[2024-05-13T13:00:33.037-0300] {subprocess.py:86} INFO - Output:
[2024-05-13T13:00:33.051-0300] {subprocess.py:97} INFO - Command exited with return code 0
[2024-05-13T13:00:33.052-0300] {taskinstance.py:441} INFO - ::group::Post task execution logs
[2024-05-13T13:00:33.112-0300] {taskinstance.py:1206} INFO - Marking task as SUCCESS. dag_id=meu_dag, task_id=Cria_pasta, run_id=scheduled__2024-05-01T00:00:00+00:00, execution_date=20240501T000000, start_date=20240513T160032, end_date=20240513T160033
[2024-05-13T13:00:33.214-0300] {local_task_job_runner.py:240} INFO - Task exited with return code 0
[2024-05-13T13:00:33.254-0300] {taskinstance.py:3498} INFO - 1 downstream tasks scheduled from follow-on schedule check
[2024-05-13T13:00:33.275-0300] {local_task_job_runner.py:222} INFO - ::endgroup::
