[2024-06-04T19:27:16.375-0300] {local_task_job_runner.py:120} INFO - ::group::Pre task execution logs
[2024-06-04T19:27:16.410-0300] {taskinstance.py:2076} INFO - Dependencies all met for dep_context=non-requeueable deps ti=<TaskInstance: meu_primeiro_dag.cria_pasta scheduled__2024-06-03T00:00:00+00:00 [queued]>
[2024-06-04T19:27:16.425-0300] {taskinstance.py:2076} INFO - Dependencies all met for dep_context=requeueable deps ti=<TaskInstance: meu_primeiro_dag.cria_pasta scheduled__2024-06-03T00:00:00+00:00 [queued]>
[2024-06-04T19:27:16.425-0300] {taskinstance.py:2306} INFO - Starting attempt 1 of 1
[2024-06-04T19:27:16.489-0300] {taskinstance.py:2330} INFO - Executing <Task(BashOperator): cria_pasta> on 2024-06-03 00:00:00+00:00
[2024-06-04T19:27:16.497-0300] {standard_task_runner.py:63} INFO - Started process 48686 to run task
[2024-06-04T19:27:16.514-0300] {standard_task_runner.py:90} INFO - Running: ['airflow', 'tasks', 'run', 'meu_primeiro_dag', 'cria_pasta', 'scheduled__2024-06-03T00:00:00+00:00', '--job-id', '159', '--raw', '--subdir', 'DAGS_FOLDER/meu_dag.py', '--cfg-path', '/tmp/tmp2rf4froc']
[2024-06-04T19:27:16.519-0300] {standard_task_runner.py:91} INFO - Job 159: Subtask cria_pasta
[2024-06-04T19:27:16.724-0300] {task_command.py:426} INFO - Running <TaskInstance: meu_primeiro_dag.cria_pasta scheduled__2024-06-03T00:00:00+00:00 [running]> on host patricia-VirtualBox
[2024-06-04T19:27:17.107-0300] {taskinstance.py:2648} INFO - Exporting env vars: AIRFLOW_CTX_DAG_OWNER='airflow' AIRFLOW_CTX_DAG_ID='meu_primeiro_dag' AIRFLOW_CTX_TASK_ID='cria_pasta' AIRFLOW_CTX_EXECUTION_DATE='2024-06-03T00:00:00+00:00' AIRFLOW_CTX_TRY_NUMBER='1' AIRFLOW_CTX_DAG_RUN_ID='scheduled__2024-06-03T00:00:00+00:00'
[2024-06-04T19:27:17.111-0300] {taskinstance.py:430} INFO - ::endgroup::
[2024-06-04T19:27:17.132-0300] {subprocess.py:63} INFO - Tmp dir root location: /tmp
[2024-06-04T19:27:17.133-0300] {subprocess.py:75} INFO - Running command: ['/usr/bin/bash', '-c', 'mkdir -p "/home/patricia/Documentos/airflow/pasta"']
[2024-06-04T19:27:17.230-0300] {subprocess.py:86} INFO - Output:
[2024-06-04T19:27:17.232-0300] {subprocess.py:97} INFO - Command exited with return code 0
[2024-06-04T19:27:17.233-0300] {taskinstance.py:441} INFO - ::group::Post task execution logs
[2024-06-04T19:27:17.284-0300] {taskinstance.py:1206} INFO - Marking task as SUCCESS. dag_id=meu_primeiro_dag, task_id=cria_pasta, run_id=scheduled__2024-06-03T00:00:00+00:00, execution_date=20240603T000000, start_date=20240604T222716, end_date=20240604T222717
[2024-06-04T19:27:17.413-0300] {local_task_job_runner.py:240} INFO - Task exited with return code 0
[2024-06-04T19:27:17.534-0300] {taskinstance.py:3498} INFO - 0 downstream tasks scheduled from follow-on schedule check
[2024-06-04T19:27:17.537-0300] {local_task_job_runner.py:222} INFO - ::endgroup::
