[2024-06-04T17:06:22.260-0300] {local_task_job_runner.py:120} INFO - ::group::Pre task execution logs
[2024-06-04T17:06:22.326-0300] {taskinstance.py:2076} INFO - Dependencies all met for dep_context=non-requeueable deps ti=<TaskInstance: meu_dag.extrai_dados scheduled__2024-05-14T09:00:00+00:00 [queued]>
[2024-06-04T17:06:22.337-0300] {taskinstance.py:2076} INFO - Dependencies all met for dep_context=requeueable deps ti=<TaskInstance: meu_dag.extrai_dados scheduled__2024-05-14T09:00:00+00:00 [queued]>
[2024-06-04T17:06:22.338-0300] {taskinstance.py:2306} INFO - Starting attempt 1 of 1
[2024-06-04T17:06:22.426-0300] {taskinstance.py:2330} INFO - Executing <Task(PythonOperator): extrai_dados> on 2024-05-14 09:00:00+00:00
[2024-06-04T17:06:22.432-0300] {standard_task_runner.py:63} INFO - Started process 29891 to run task
[2024-06-04T17:06:22.438-0300] {standard_task_runner.py:90} INFO - Running: ['airflow', 'tasks', 'run', 'meu_dag', 'extrai_dados', 'scheduled__2024-05-14T09:00:00+00:00', '--job-id', '126', '--raw', '--subdir', 'DAGS_FOLDER/meu_dag.py', '--cfg-path', '/tmp/tmpi32slwlt']
[2024-06-04T17:06:22.440-0300] {standard_task_runner.py:91} INFO - Job 126: Subtask extrai_dados
[2024-06-04T17:06:22.543-0300] {task_command.py:426} INFO - Running <TaskInstance: meu_dag.extrai_dados scheduled__2024-05-14T09:00:00+00:00 [running]> on host patricia-VirtualBox
[2024-06-04T17:06:22.815-0300] {taskinstance.py:2648} INFO - Exporting env vars: AIRFLOW_CTX_DAG_OWNER='airflow' AIRFLOW_CTX_DAG_ID='meu_dag' AIRFLOW_CTX_TASK_ID='extrai_dados' AIRFLOW_CTX_EXECUTION_DATE='2024-05-14T09:00:00+00:00' AIRFLOW_CTX_TRY_NUMBER='1' AIRFLOW_CTX_DAG_RUN_ID='scheduled__2024-05-14T09:00:00+00:00'
[2024-06-04T17:06:22.828-0300] {taskinstance.py:430} INFO - ::endgroup::
[2024-06-04T17:06:22.830-0300] {meu_dag.py:41} INFO - Baixando dados de https://weather.visualcrossing.com/VisualCrossingWebServices/rest/services/timeline/Boston/2024-05-14/2024-05-14?unitGroup=metric&include=days&key=LBGDWPHK4ZVDH8AJL5KDVAJC5&contentType=csv
[2024-06-04T17:06:24.018-0300] {meu_dag.py:47} INFO - Dados salvos em /home/patricia/Documentos/airflow/pasta_2024-05-14/
[2024-06-04T17:06:24.043-0300] {python.py:237} INFO - Done. Returned value was: None
[2024-06-04T17:06:24.043-0300] {taskinstance.py:441} INFO - ::group::Post task execution logs
[2024-06-04T17:06:24.049-0300] {taskinstance.py:1206} INFO - Marking task as SUCCESS. dag_id=meu_dag, task_id=extrai_dados, run_id=scheduled__2024-05-14T09:00:00+00:00, execution_date=20240514T090000, start_date=20240604T200622, end_date=20240604T200624
[2024-06-04T17:06:24.209-0300] {local_task_job_runner.py:240} INFO - Task exited with return code 0
[2024-06-04T17:06:24.289-0300] {taskinstance.py:3498} INFO - 0 downstream tasks scheduled from follow-on schedule check
[2024-06-04T17:06:24.290-0300] {local_task_job_runner.py:222} INFO - ::endgroup::
[2024-06-04T19:52:26.555-0300] {local_task_job_runner.py:120} INFO - ::group::Pre task execution logs
[2024-06-04T19:52:26.619-0300] {taskinstance.py:2076} INFO - Dependencies all met for dep_context=non-requeueable deps ti=<TaskInstance: meu_dag.extrai_dados scheduled__2024-05-14T09:00:00+00:00 [queued]>
[2024-06-04T19:52:26.640-0300] {taskinstance.py:2076} INFO - Dependencies all met for dep_context=requeueable deps ti=<TaskInstance: meu_dag.extrai_dados scheduled__2024-05-14T09:00:00+00:00 [queued]>
[2024-06-04T19:52:26.641-0300] {taskinstance.py:2306} INFO - Starting attempt 1 of 1
[2024-06-04T19:52:26.772-0300] {taskinstance.py:2330} INFO - Executing <Task(PythonOperator): extrai_dados> on 2024-05-14 09:00:00+00:00
[2024-06-04T19:52:26.789-0300] {standard_task_runner.py:63} INFO - Started process 53239 to run task
[2024-06-04T19:52:26.806-0300] {standard_task_runner.py:90} INFO - Running: ['airflow', 'tasks', 'run', 'meu_dag', 'extrai_dados', 'scheduled__2024-05-14T09:00:00+00:00', '--job-id', '173', '--raw', '--subdir', 'DAGS_FOLDER/meu_dag.py', '--cfg-path', '/tmp/tmpqqt4jein']
[2024-06-04T19:52:26.808-0300] {standard_task_runner.py:91} INFO - Job 173: Subtask extrai_dados
[2024-06-04T19:52:27.014-0300] {task_command.py:426} INFO - Running <TaskInstance: meu_dag.extrai_dados scheduled__2024-05-14T09:00:00+00:00 [running]> on host patricia-VirtualBox
[2024-06-04T19:52:27.245-0300] {taskinstance.py:2648} INFO - Exporting env vars: AIRFLOW_CTX_DAG_OWNER='airflow' AIRFLOW_CTX_DAG_ID='meu_dag' AIRFLOW_CTX_TASK_ID='extrai_dados' AIRFLOW_CTX_EXECUTION_DATE='2024-05-14T09:00:00+00:00' AIRFLOW_CTX_TRY_NUMBER='1' AIRFLOW_CTX_DAG_RUN_ID='scheduled__2024-05-14T09:00:00+00:00'
[2024-06-04T19:52:27.248-0300] {taskinstance.py:430} INFO - ::endgroup::
[2024-06-04T19:52:27.249-0300] {meu_dag.py:41} INFO - Baixando dados de https://weather.visualcrossing.com/VisualCrossingWebServices/rest/services/timeline/Boston/2024-05-14/2024-05-14?unitGroup=metric&include=days&key=LBGDWPHK4ZVDH8AJL5KDVAJC5&contentType=csv
[2024-06-04T19:52:28.118-0300] {meu_dag.py:47} INFO - Dados salvos em /home/patricia/Documentos/airflow/pasta_2024-05-14/
[2024-06-04T19:52:28.119-0300] {python.py:237} INFO - Done. Returned value was: None
[2024-06-04T19:52:28.120-0300] {taskinstance.py:441} INFO - ::group::Post task execution logs
[2024-06-04T19:52:28.130-0300] {taskinstance.py:1206} INFO - Marking task as SUCCESS. dag_id=meu_dag, task_id=extrai_dados, run_id=scheduled__2024-05-14T09:00:00+00:00, execution_date=20240514T090000, start_date=20240604T225226, end_date=20240604T225228
[2024-06-04T19:52:28.266-0300] {local_task_job_runner.py:240} INFO - Task exited with return code 0
[2024-06-04T19:52:28.292-0300] {taskinstance.py:3498} INFO - 0 downstream tasks scheduled from follow-on schedule check
[2024-06-04T19:52:28.295-0300] {local_task_job_runner.py:222} INFO - ::endgroup::
