[2024-06-04T17:06:54.477-0300] {local_task_job_runner.py:120} INFO - ::group::Pre task execution logs
[2024-06-04T17:06:54.518-0300] {taskinstance.py:2076} INFO - Dependencies all met for dep_context=non-requeueable deps ti=<TaskInstance: meu_dag.extrai_dados scheduled__2024-05-28T09:00:00+00:00 [queued]>
[2024-06-04T17:06:54.525-0300] {taskinstance.py:2076} INFO - Dependencies all met for dep_context=requeueable deps ti=<TaskInstance: meu_dag.extrai_dados scheduled__2024-05-28T09:00:00+00:00 [queued]>
[2024-06-04T17:06:54.525-0300] {taskinstance.py:2306} INFO - Starting attempt 1 of 1
[2024-06-04T17:06:54.589-0300] {taskinstance.py:2330} INFO - Executing <Task(PythonOperator): extrai_dados> on 2024-05-28 09:00:00+00:00
[2024-06-04T17:06:54.598-0300] {standard_task_runner.py:63} INFO - Started process 29988 to run task
[2024-06-04T17:06:54.604-0300] {standard_task_runner.py:90} INFO - Running: ['airflow', 'tasks', 'run', 'meu_dag', 'extrai_dados', 'scheduled__2024-05-28T09:00:00+00:00', '--job-id', '130', '--raw', '--subdir', 'DAGS_FOLDER/meu_dag.py', '--cfg-path', '/tmp/tmpfx1hrp3f']
[2024-06-04T17:06:54.606-0300] {standard_task_runner.py:91} INFO - Job 130: Subtask extrai_dados
[2024-06-04T17:06:54.865-0300] {task_command.py:426} INFO - Running <TaskInstance: meu_dag.extrai_dados scheduled__2024-05-28T09:00:00+00:00 [running]> on host patricia-VirtualBox
[2024-06-04T17:06:55.088-0300] {taskinstance.py:2648} INFO - Exporting env vars: AIRFLOW_CTX_DAG_OWNER='airflow' AIRFLOW_CTX_DAG_ID='meu_dag' AIRFLOW_CTX_TASK_ID='extrai_dados' AIRFLOW_CTX_EXECUTION_DATE='2024-05-28T09:00:00+00:00' AIRFLOW_CTX_TRY_NUMBER='1' AIRFLOW_CTX_DAG_RUN_ID='scheduled__2024-05-28T09:00:00+00:00'
[2024-06-04T17:06:55.097-0300] {taskinstance.py:430} INFO - ::endgroup::
[2024-06-04T17:06:55.098-0300] {meu_dag.py:41} INFO - Baixando dados de https://weather.visualcrossing.com/VisualCrossingWebServices/rest/services/timeline/Boston/2024-05-28/2024-05-28?unitGroup=metric&include=days&key=LBGDWPHK4ZVDH8AJL5KDVAJC5&contentType=csv
[2024-06-04T17:06:55.835-0300] {meu_dag.py:47} INFO - Dados salvos em /home/patricia/Documentos/airflow/pasta_2024-05-28/
[2024-06-04T17:06:55.836-0300] {python.py:237} INFO - Done. Returned value was: None
[2024-06-04T17:06:55.836-0300] {taskinstance.py:441} INFO - ::group::Post task execution logs
[2024-06-04T17:06:55.851-0300] {taskinstance.py:1206} INFO - Marking task as SUCCESS. dag_id=meu_dag, task_id=extrai_dados, run_id=scheduled__2024-05-28T09:00:00+00:00, execution_date=20240528T090000, start_date=20240604T200654, end_date=20240604T200655
[2024-06-04T17:06:55.975-0300] {local_task_job_runner.py:240} INFO - Task exited with return code 0
[2024-06-04T17:06:55.991-0300] {taskinstance.py:3498} INFO - 0 downstream tasks scheduled from follow-on schedule check
[2024-06-04T17:06:55.992-0300] {local_task_job_runner.py:222} INFO - ::endgroup::
[2024-06-04T20:13:16.844-0300] {local_task_job_runner.py:120} INFO - ::group::Pre task execution logs
[2024-06-04T20:13:16.868-0300] {taskinstance.py:2076} INFO - Dependencies all met for dep_context=non-requeueable deps ti=<TaskInstance: meu_dag.extrai_dados scheduled__2024-05-28T09:00:00+00:00 [queued]>
[2024-06-04T20:13:16.876-0300] {taskinstance.py:2076} INFO - Dependencies all met for dep_context=requeueable deps ti=<TaskInstance: meu_dag.extrai_dados scheduled__2024-05-28T09:00:00+00:00 [queued]>
[2024-06-04T20:13:16.876-0300] {taskinstance.py:2306} INFO - Starting attempt 1 of 1
[2024-06-04T20:13:16.946-0300] {taskinstance.py:2330} INFO - Executing <Task(PythonOperator): extrai_dados> on 2024-05-28 09:00:00+00:00
[2024-06-04T20:13:16.952-0300] {standard_task_runner.py:63} INFO - Started process 58133 to run task
[2024-06-04T20:13:16.956-0300] {standard_task_runner.py:90} INFO - Running: ['airflow', 'tasks', 'run', 'meu_dag', 'extrai_dados', 'scheduled__2024-05-28T09:00:00+00:00', '--job-id', '186', '--raw', '--subdir', 'DAGS_FOLDER/dados_climaticos.py', '--cfg-path', '/tmp/tmp4bjclq94']
[2024-06-04T20:13:16.957-0300] {standard_task_runner.py:91} INFO - Job 186: Subtask extrai_dados
[2024-06-04T20:13:17.030-0300] {task_command.py:426} INFO - Running <TaskInstance: meu_dag.extrai_dados scheduled__2024-05-28T09:00:00+00:00 [running]> on host patricia-VirtualBox
[2024-06-04T20:13:17.147-0300] {taskinstance.py:2648} INFO - Exporting env vars: AIRFLOW_CTX_DAG_OWNER='airflow' AIRFLOW_CTX_DAG_ID='meu_dag' AIRFLOW_CTX_TASK_ID='extrai_dados' AIRFLOW_CTX_EXECUTION_DATE='2024-05-28T09:00:00+00:00' AIRFLOW_CTX_TRY_NUMBER='1' AIRFLOW_CTX_DAG_RUN_ID='scheduled__2024-05-28T09:00:00+00:00'
[2024-06-04T20:13:17.149-0300] {taskinstance.py:430} INFO - ::endgroup::
[2024-06-04T20:13:17.156-0300] {logging_mixin.py:188} WARNING - /home/patricia/Documentos/airflow/airflow_venv/lib/python3.10/site-packages/airflow/utils/context.py:212 AirflowContextDeprecationWarning: Accessing 'execution_date' from the template is deprecated and will be removed in a future version. Please use 'data_interval_start' or 'logical_date' instead.
[2024-06-04T20:13:17.157-0300] {dados_climaticos.py:43} INFO - Baixando dados de https://weather.visualcrossing.com/VisualCrossingWebServices/rest/services/timeline/Boston/2024-05-28 09:00:00+00:00/2024-05-28 09:00:00+00:00?unitGroup=metric&include=days&key=LBGDWPHK4ZVDH8AJL5KDVAJC5&contentType=csv
[2024-06-04T20:13:17.162-0300] {dados_climaticos.py:53} ERROR - Erro durante a execução: URL can't contain control characters. '/VisualCrossingWebServices/rest/services/timeline/Boston/2024-05-28 09:00:00+00:00/2024-05-28 09:00:00+00:00?unitGroup=metric&include=days&key=LBGDWPHK4ZVDH8AJL5KDVAJC5&contentType=csv' (found at least ' ')
[2024-06-04T20:13:17.163-0300] {python.py:237} INFO - Done. Returned value was: None
[2024-06-04T20:13:17.163-0300] {taskinstance.py:441} INFO - ::group::Post task execution logs
[2024-06-04T20:13:17.167-0300] {taskinstance.py:1206} INFO - Marking task as SUCCESS. dag_id=meu_dag, task_id=extrai_dados, run_id=scheduled__2024-05-28T09:00:00+00:00, execution_date=20240528T090000, start_date=20240604T231316, end_date=20240604T231317
[2024-06-04T20:13:17.217-0300] {local_task_job_runner.py:240} INFO - Task exited with return code 0
[2024-06-04T20:13:17.261-0300] {taskinstance.py:3498} INFO - 0 downstream tasks scheduled from follow-on schedule check
[2024-06-04T20:13:17.262-0300] {local_task_job_runner.py:222} INFO - ::endgroup::
[2024-06-04T20:15:26.234-0300] {local_task_job_runner.py:120} INFO - ::group::Pre task execution logs
[2024-06-04T20:15:26.253-0300] {taskinstance.py:2076} INFO - Dependencies all met for dep_context=non-requeueable deps ti=<TaskInstance: meu_dag.extrai_dados scheduled__2024-05-28T09:00:00+00:00 [queued]>
[2024-06-04T20:15:26.260-0300] {taskinstance.py:2076} INFO - Dependencies all met for dep_context=requeueable deps ti=<TaskInstance: meu_dag.extrai_dados scheduled__2024-05-28T09:00:00+00:00 [queued]>
[2024-06-04T20:15:26.261-0300] {taskinstance.py:2306} INFO - Starting attempt 1 of 1
[2024-06-04T20:15:26.290-0300] {taskinstance.py:2330} INFO - Executing <Task(PythonOperator): extrai_dados> on 2024-05-28 09:00:00+00:00
[2024-06-04T20:15:26.295-0300] {standard_task_runner.py:63} INFO - Started process 58708 to run task
[2024-06-04T20:15:26.299-0300] {standard_task_runner.py:90} INFO - Running: ['airflow', 'tasks', 'run', 'meu_dag', 'extrai_dados', 'scheduled__2024-05-28T09:00:00+00:00', '--job-id', '188', '--raw', '--subdir', 'DAGS_FOLDER/dados_climaticos.py', '--cfg-path', '/tmp/tmpj7rgwf2f']
[2024-06-04T20:15:26.300-0300] {standard_task_runner.py:91} INFO - Job 188: Subtask extrai_dados
[2024-06-04T20:15:26.357-0300] {task_command.py:426} INFO - Running <TaskInstance: meu_dag.extrai_dados scheduled__2024-05-28T09:00:00+00:00 [running]> on host patricia-VirtualBox
[2024-06-04T20:15:26.441-0300] {taskinstance.py:2648} INFO - Exporting env vars: AIRFLOW_CTX_DAG_OWNER='airflow' AIRFLOW_CTX_DAG_ID='meu_dag' AIRFLOW_CTX_TASK_ID='extrai_dados' AIRFLOW_CTX_EXECUTION_DATE='2024-05-28T09:00:00+00:00' AIRFLOW_CTX_TRY_NUMBER='1' AIRFLOW_CTX_DAG_RUN_ID='scheduled__2024-05-28T09:00:00+00:00'
[2024-06-04T20:15:26.442-0300] {taskinstance.py:430} INFO - ::endgroup::
[2024-06-04T20:15:26.448-0300] {logging_mixin.py:188} WARNING - /home/patricia/Documentos/airflow/airflow_venv/lib/python3.10/site-packages/airflow/utils/context.py:212 AirflowContextDeprecationWarning: Accessing 'execution_date' from the template is deprecated and will be removed in a future version. Please use 'data_interval_start' or 'logical_date' instead.
[2024-06-04T20:15:26.449-0300] {dados_climaticos.py:43} INFO - Baixando dados de https://weather.visualcrossing.com/VisualCrossingWebServices/rest/services/timeline/Boston/2024-05-28 09:00:00+00:00/2024-05-28 09:00:00+00:00?unitGroup=metric&include=days&key=LBGDWPHK4ZVDH8AJL5KDVAJC5&contentType=csv
[2024-06-04T20:15:26.454-0300] {dados_climaticos.py:53} ERROR - Erro durante a execução: URL can't contain control characters. '/VisualCrossingWebServices/rest/services/timeline/Boston/2024-05-28 09:00:00+00:00/2024-05-28 09:00:00+00:00?unitGroup=metric&include=days&key=LBGDWPHK4ZVDH8AJL5KDVAJC5&contentType=csv' (found at least ' ')
[2024-06-04T20:15:26.454-0300] {python.py:237} INFO - Done. Returned value was: None
[2024-06-04T20:15:26.454-0300] {taskinstance.py:441} INFO - ::group::Post task execution logs
[2024-06-04T20:15:26.459-0300] {taskinstance.py:1206} INFO - Marking task as SUCCESS. dag_id=meu_dag, task_id=extrai_dados, run_id=scheduled__2024-05-28T09:00:00+00:00, execution_date=20240528T090000, start_date=20240604T231526, end_date=20240604T231526
[2024-06-04T20:15:26.519-0300] {local_task_job_runner.py:240} INFO - Task exited with return code 0
[2024-06-04T20:15:26.530-0300] {taskinstance.py:3498} INFO - 0 downstream tasks scheduled from follow-on schedule check
[2024-06-04T20:15:26.532-0300] {local_task_job_runner.py:222} INFO - ::endgroup::
[2024-06-04T20:44:18.899-0300] {local_task_job_runner.py:120} INFO - ::group::Pre task execution logs
[2024-06-04T20:44:18.941-0300] {taskinstance.py:2076} INFO - Dependencies all met for dep_context=non-requeueable deps ti=<TaskInstance: meu_dag.extrai_dados scheduled__2024-05-28T09:00:00+00:00 [queued]>
[2024-06-04T20:44:18.948-0300] {taskinstance.py:2076} INFO - Dependencies all met for dep_context=requeueable deps ti=<TaskInstance: meu_dag.extrai_dados scheduled__2024-05-28T09:00:00+00:00 [queued]>
[2024-06-04T20:44:18.949-0300] {taskinstance.py:2306} INFO - Starting attempt 1 of 1
[2024-06-04T20:44:19.007-0300] {taskinstance.py:2330} INFO - Executing <Task(PythonOperator): extrai_dados> on 2024-05-28 09:00:00+00:00
[2024-06-04T20:44:19.014-0300] {standard_task_runner.py:63} INFO - Started process 62680 to run task
[2024-06-04T20:44:19.028-0300] {standard_task_runner.py:90} INFO - Running: ['airflow', 'tasks', 'run', 'meu_dag', 'extrai_dados', 'scheduled__2024-05-28T09:00:00+00:00', '--job-id', '196', '--raw', '--subdir', 'DAGS_FOLDER/meu_dag.py', '--cfg-path', '/tmp/tmpyqtscj_1']
[2024-06-04T20:44:19.029-0300] {standard_task_runner.py:91} INFO - Job 196: Subtask extrai_dados
[2024-06-04T20:44:19.144-0300] {task_command.py:426} INFO - Running <TaskInstance: meu_dag.extrai_dados scheduled__2024-05-28T09:00:00+00:00 [running]> on host patricia-VirtualBox
[2024-06-04T20:44:19.295-0300] {taskinstance.py:2648} INFO - Exporting env vars: AIRFLOW_CTX_DAG_OWNER='airflow' AIRFLOW_CTX_DAG_ID='meu_dag' AIRFLOW_CTX_TASK_ID='extrai_dados' AIRFLOW_CTX_EXECUTION_DATE='2024-05-28T09:00:00+00:00' AIRFLOW_CTX_TRY_NUMBER='1' AIRFLOW_CTX_DAG_RUN_ID='scheduled__2024-05-28T09:00:00+00:00'
[2024-06-04T20:44:19.297-0300] {taskinstance.py:430} INFO - ::endgroup::
[2024-06-04T20:44:19.298-0300] {meu_dag.py:35} INFO - Baixando dados de https://weather.visualcrossing.com/VisualCrossingWebServices/rest/services/timeline/Boston/2024-05-28?unitGroup=metric&include=days&key=LBGDWPHK4ZVDH8AJL5KDVAJC5&contentType=csv
[2024-06-04T20:44:20.520-0300] {meu_dag.py:49} ERROR - Erro ao baixar ou salvar dados: Expected file path name or file-like object, got <class 'bytes'> type
[2024-06-04T20:44:20.522-0300] {python.py:237} INFO - Done. Returned value was: None
[2024-06-04T20:44:20.523-0300] {taskinstance.py:441} INFO - ::group::Post task execution logs
[2024-06-04T20:44:20.528-0300] {taskinstance.py:1206} INFO - Marking task as SUCCESS. dag_id=meu_dag, task_id=extrai_dados, run_id=scheduled__2024-05-28T09:00:00+00:00, execution_date=20240528T090000, start_date=20240604T234418, end_date=20240604T234420
[2024-06-04T20:44:20.634-0300] {local_task_job_runner.py:240} INFO - Task exited with return code 0
[2024-06-04T20:44:20.678-0300] {taskinstance.py:3498} INFO - 0 downstream tasks scheduled from follow-on schedule check
[2024-06-04T20:44:20.685-0300] {local_task_job_runner.py:222} INFO - ::endgroup::
[2024-06-04T20:49:32.342-0300] {local_task_job_runner.py:120} INFO - ::group::Pre task execution logs
[2024-06-04T20:49:32.436-0300] {taskinstance.py:2076} INFO - Dependencies all met for dep_context=non-requeueable deps ti=<TaskInstance: meu_dag.extrai_dados scheduled__2024-05-28T09:00:00+00:00 [queued]>
[2024-06-04T20:49:32.445-0300] {taskinstance.py:2076} INFO - Dependencies all met for dep_context=requeueable deps ti=<TaskInstance: meu_dag.extrai_dados scheduled__2024-05-28T09:00:00+00:00 [queued]>
[2024-06-04T20:49:32.446-0300] {taskinstance.py:2306} INFO - Starting attempt 1 of 1
[2024-06-04T20:49:32.517-0300] {taskinstance.py:2330} INFO - Executing <Task(PythonOperator): extrai_dados> on 2024-05-28 09:00:00+00:00
[2024-06-04T20:49:32.524-0300] {standard_task_runner.py:63} INFO - Started process 63728 to run task
[2024-06-04T20:49:32.534-0300] {standard_task_runner.py:90} INFO - Running: ['airflow', 'tasks', 'run', 'meu_dag', 'extrai_dados', 'scheduled__2024-05-28T09:00:00+00:00', '--job-id', '202', '--raw', '--subdir', 'DAGS_FOLDER/meu_dag.py', '--cfg-path', '/tmp/tmpc0wkw23n']
[2024-06-04T20:49:32.535-0300] {standard_task_runner.py:91} INFO - Job 202: Subtask extrai_dados
[2024-06-04T20:49:32.643-0300] {task_command.py:426} INFO - Running <TaskInstance: meu_dag.extrai_dados scheduled__2024-05-28T09:00:00+00:00 [running]> on host patricia-VirtualBox
[2024-06-04T20:49:32.886-0300] {taskinstance.py:2648} INFO - Exporting env vars: AIRFLOW_CTX_DAG_OWNER='airflow' AIRFLOW_CTX_DAG_ID='meu_dag' AIRFLOW_CTX_TASK_ID='extrai_dados' AIRFLOW_CTX_EXECUTION_DATE='2024-05-28T09:00:00+00:00' AIRFLOW_CTX_TRY_NUMBER='1' AIRFLOW_CTX_DAG_RUN_ID='scheduled__2024-05-28T09:00:00+00:00'
[2024-06-04T20:49:32.887-0300] {taskinstance.py:430} INFO - ::endgroup::
[2024-06-04T20:49:32.888-0300] {meu_dag.py:35} INFO - Baixando dados de https://weather.visualcrossing.com/VisualCrossingWebServices/rest/services/timeline/Boston/2024-05-28?unitGroup=metric&include=days&key=LBGDWPHK4ZVDH8AJL5KDVAJC5&contentType=csv
[2024-06-04T20:49:33.849-0300] {meu_dag.py:49} ERROR - Erro ao baixar ou salvar dados: Expected file path name or file-like object, got <class 'bytes'> type
[2024-06-04T20:49:33.853-0300] {python.py:237} INFO - Done. Returned value was: None
[2024-06-04T20:49:33.860-0300] {taskinstance.py:441} INFO - ::group::Post task execution logs
[2024-06-04T20:49:33.871-0300] {taskinstance.py:1206} INFO - Marking task as SUCCESS. dag_id=meu_dag, task_id=extrai_dados, run_id=scheduled__2024-05-28T09:00:00+00:00, execution_date=20240528T090000, start_date=20240604T234932, end_date=20240604T234933
[2024-06-04T20:49:33.928-0300] {local_task_job_runner.py:240} INFO - Task exited with return code 0
[2024-06-04T20:49:33.950-0300] {taskinstance.py:3498} INFO - 0 downstream tasks scheduled from follow-on schedule check
[2024-06-04T20:49:33.963-0300] {local_task_job_runner.py:222} INFO - ::endgroup::
[2024-06-04T20:59:04.604-0300] {local_task_job_runner.py:120} INFO - ::group::Pre task execution logs
[2024-06-04T20:59:04.638-0300] {taskinstance.py:2076} INFO - Dependencies all met for dep_context=non-requeueable deps ti=<TaskInstance: meu_dag.extrai_dados scheduled__2024-05-28T09:00:00+00:00 [queued]>
[2024-06-04T20:59:04.650-0300] {taskinstance.py:2076} INFO - Dependencies all met for dep_context=requeueable deps ti=<TaskInstance: meu_dag.extrai_dados scheduled__2024-05-28T09:00:00+00:00 [queued]>
[2024-06-04T20:59:04.650-0300] {taskinstance.py:2306} INFO - Starting attempt 1 of 1
[2024-06-04T20:59:04.737-0300] {taskinstance.py:2330} INFO - Executing <Task(PythonOperator): extrai_dados> on 2024-05-28 09:00:00+00:00
[2024-06-04T20:59:04.779-0300] {standard_task_runner.py:63} INFO - Started process 66065 to run task
[2024-06-04T20:59:04.795-0300] {standard_task_runner.py:90} INFO - Running: ['airflow', 'tasks', 'run', 'meu_dag', 'extrai_dados', 'scheduled__2024-05-28T09:00:00+00:00', '--job-id', '208', '--raw', '--subdir', 'DAGS_FOLDER/meu_dag.py', '--cfg-path', '/tmp/tmp0qygrjin']
[2024-06-04T20:59:04.796-0300] {standard_task_runner.py:91} INFO - Job 208: Subtask extrai_dados
[2024-06-04T20:59:04.944-0300] {task_command.py:426} INFO - Running <TaskInstance: meu_dag.extrai_dados scheduled__2024-05-28T09:00:00+00:00 [running]> on host patricia-VirtualBox
[2024-06-04T20:59:05.061-0300] {taskinstance.py:2648} INFO - Exporting env vars: AIRFLOW_CTX_DAG_OWNER='airflow' AIRFLOW_CTX_DAG_ID='meu_dag' AIRFLOW_CTX_TASK_ID='extrai_dados' AIRFLOW_CTX_EXECUTION_DATE='2024-05-28T09:00:00+00:00' AIRFLOW_CTX_TRY_NUMBER='1' AIRFLOW_CTX_DAG_RUN_ID='scheduled__2024-05-28T09:00:00+00:00'
[2024-06-04T20:59:05.073-0300] {taskinstance.py:430} INFO - ::endgroup::
[2024-06-04T20:59:05.074-0300] {meu_dag.py:35} INFO - Baixando dados de https://weather.visualcrossing.com/VisualCrossingWebServices/rest/services/timeline/Boston/2024-05-28?unitGroup=metric&include=days&key=LBGDWPHK4ZVDH8AJL5KDVAJC5&contentType=csv
[2024-06-04T20:59:06.124-0300] {meu_dag.py:49} ERROR - Erro ao baixar ou salvar dados: Expected file path name or file-like object, got <class 'bytes'> type
[2024-06-04T20:59:06.129-0300] {python.py:237} INFO - Done. Returned value was: None
[2024-06-04T20:59:06.131-0300] {taskinstance.py:441} INFO - ::group::Post task execution logs
[2024-06-04T20:59:06.150-0300] {taskinstance.py:1206} INFO - Marking task as SUCCESS. dag_id=meu_dag, task_id=extrai_dados, run_id=scheduled__2024-05-28T09:00:00+00:00, execution_date=20240528T090000, start_date=20240604T235904, end_date=20240604T235906
[2024-06-04T20:59:06.231-0300] {local_task_job_runner.py:240} INFO - Task exited with return code 0
[2024-06-04T20:59:06.291-0300] {taskinstance.py:3498} INFO - 0 downstream tasks scheduled from follow-on schedule check
[2024-06-04T20:59:06.294-0300] {local_task_job_runner.py:222} INFO - ::endgroup::
