[2024-05-07T21:00:21.354-0300] {processor.py:161} INFO - Started process (PID=71317) to work on /home/patricia/Documentos/airflow/dags/meu_dag.py
[2024-05-07T21:00:21.370-0300] {processor.py:830} INFO - Processing file /home/patricia/Documentos/airflow/dags/meu_dag.py for tasks to queue
[2024-05-07T21:00:21.375-0300] {logging_mixin.py:188} INFO - [2024-05-07T21:00:21.374-0300] {dagbag.py:545} INFO - Filling up the DagBag from /home/patricia/Documentos/airflow/dags/meu_dag.py
[2024-05-07T21:00:21.397-0300] {processor.py:840} INFO - DAG(s) 'meu_dag' retrieved from /home/patricia/Documentos/airflow/dags/meu_dag.py
[2024-05-07T21:00:21.739-0300] {logging_mixin.py:188} INFO - [2024-05-07T21:00:21.739-0300] {dag.py:3096} INFO - Sync 1 DAGs
[2024-05-07T21:00:21.805-0300] {logging_mixin.py:188} INFO - [2024-05-07T21:00:21.805-0300] {dag.py:3954} INFO - Setting next_dagrun for meu_dag to 2024-05-08 00:00:00+00:00, run_after=2024-05-09 00:00:00+00:00
[2024-05-07T21:00:21.914-0300] {processor.py:183} INFO - Processing /home/patricia/Documentos/airflow/dags/meu_dag.py took 0.595 seconds
[2024-05-07T21:01:11.219-0300] {processor.py:161} INFO - Started process (PID=71393) to work on /home/patricia/Documentos/airflow/dags/meu_dag.py
[2024-05-07T21:01:11.258-0300] {processor.py:830} INFO - Processing file /home/patricia/Documentos/airflow/dags/meu_dag.py for tasks to queue
[2024-05-07T21:01:11.267-0300] {logging_mixin.py:188} INFO - [2024-05-07T21:01:11.265-0300] {dagbag.py:545} INFO - Filling up the DagBag from /home/patricia/Documentos/airflow/dags/meu_dag.py
[2024-05-07T21:01:11.282-0300] {processor.py:840} INFO - DAG(s) 'meu_dag' retrieved from /home/patricia/Documentos/airflow/dags/meu_dag.py
[2024-05-07T21:01:11.315-0300] {logging_mixin.py:188} INFO - [2024-05-07T21:01:11.315-0300] {dag.py:3096} INFO - Sync 1 DAGs
[2024-05-07T21:01:11.374-0300] {logging_mixin.py:188} INFO - [2024-05-07T21:01:11.374-0300] {dag.py:3954} INFO - Setting next_dagrun for meu_dag to 2024-05-08 00:00:00+00:00, run_after=2024-05-09 00:00:00+00:00
[2024-05-07T21:01:11.477-0300] {processor.py:183} INFO - Processing /home/patricia/Documentos/airflow/dags/meu_dag.py took 0.284 seconds
[2024-05-07T21:01:51.141-0300] {processor.py:161} INFO - Started process (PID=71466) to work on /home/patricia/Documentos/airflow/dags/meu_dag.py
[2024-05-07T21:01:51.148-0300] {processor.py:830} INFO - Processing file /home/patricia/Documentos/airflow/dags/meu_dag.py for tasks to queue
[2024-05-07T21:01:51.152-0300] {logging_mixin.py:188} INFO - [2024-05-07T21:01:51.150-0300] {dagbag.py:545} INFO - Filling up the DagBag from /home/patricia/Documentos/airflow/dags/meu_dag.py
[2024-05-07T21:01:51.178-0300] {processor.py:840} INFO - DAG(s) 'meu_dag' retrieved from /home/patricia/Documentos/airflow/dags/meu_dag.py
[2024-05-07T21:01:51.226-0300] {logging_mixin.py:188} INFO - [2024-05-07T21:01:51.226-0300] {dag.py:3096} INFO - Sync 1 DAGs
[2024-05-07T21:01:51.257-0300] {logging_mixin.py:188} INFO - [2024-05-07T21:01:51.257-0300] {dag.py:3954} INFO - Setting next_dagrun for meu_dag to 2024-05-08 00:00:00+00:00, run_after=2024-05-09 00:00:00+00:00
[2024-05-07T21:01:51.299-0300] {processor.py:183} INFO - Processing /home/patricia/Documentos/airflow/dags/meu_dag.py took 0.199 seconds
[2024-05-07T21:02:30.118-0300] {processor.py:161} INFO - Started process (PID=71525) to work on /home/patricia/Documentos/airflow/dags/meu_dag.py
[2024-05-07T21:02:30.123-0300] {processor.py:830} INFO - Processing file /home/patricia/Documentos/airflow/dags/meu_dag.py for tasks to queue
[2024-05-07T21:02:30.126-0300] {logging_mixin.py:188} INFO - [2024-05-07T21:02:30.125-0300] {dagbag.py:545} INFO - Filling up the DagBag from /home/patricia/Documentos/airflow/dags/meu_dag.py
[2024-05-07T21:02:30.165-0300] {processor.py:840} INFO - DAG(s) 'meu_dag' retrieved from /home/patricia/Documentos/airflow/dags/meu_dag.py
[2024-05-07T21:02:30.218-0300] {logging_mixin.py:188} INFO - [2024-05-07T21:02:30.213-0300] {dag.py:3096} INFO - Sync 1 DAGs
[2024-05-07T21:02:30.300-0300] {logging_mixin.py:188} INFO - [2024-05-07T21:02:30.300-0300] {dag.py:3954} INFO - Setting next_dagrun for meu_dag to 2024-05-08 00:00:00+00:00, run_after=2024-05-09 00:00:00+00:00
[2024-05-07T21:02:30.507-0300] {processor.py:183} INFO - Processing /home/patricia/Documentos/airflow/dags/meu_dag.py took 0.402 seconds
[2024-05-07T21:03:14.176-0300] {processor.py:161} INFO - Started process (PID=71594) to work on /home/patricia/Documentos/airflow/dags/meu_dag.py
[2024-05-07T21:03:14.179-0300] {processor.py:830} INFO - Processing file /home/patricia/Documentos/airflow/dags/meu_dag.py for tasks to queue
[2024-05-07T21:03:14.184-0300] {logging_mixin.py:188} INFO - [2024-05-07T21:03:14.183-0300] {dagbag.py:545} INFO - Filling up the DagBag from /home/patricia/Documentos/airflow/dags/meu_dag.py
[2024-05-07T21:03:14.203-0300] {processor.py:840} INFO - DAG(s) 'meu_dag' retrieved from /home/patricia/Documentos/airflow/dags/meu_dag.py
[2024-05-07T21:03:14.256-0300] {logging_mixin.py:188} INFO - [2024-05-07T21:03:14.255-0300] {dag.py:3096} INFO - Sync 1 DAGs
[2024-05-07T21:03:14.301-0300] {logging_mixin.py:188} INFO - [2024-05-07T21:03:14.300-0300] {dag.py:3954} INFO - Setting next_dagrun for meu_dag to 2024-05-08 00:00:00+00:00, run_after=2024-05-09 00:00:00+00:00
[2024-05-07T21:03:14.408-0300] {processor.py:183} INFO - Processing /home/patricia/Documentos/airflow/dags/meu_dag.py took 0.273 seconds
[2024-05-07T21:03:54.747-0300] {processor.py:161} INFO - Started process (PID=71663) to work on /home/patricia/Documentos/airflow/dags/meu_dag.py
[2024-05-07T21:03:54.750-0300] {processor.py:830} INFO - Processing file /home/patricia/Documentos/airflow/dags/meu_dag.py for tasks to queue
[2024-05-07T21:03:54.754-0300] {logging_mixin.py:188} INFO - [2024-05-07T21:03:54.753-0300] {dagbag.py:545} INFO - Filling up the DagBag from /home/patricia/Documentos/airflow/dags/meu_dag.py
[2024-05-07T21:03:54.794-0300] {processor.py:840} INFO - DAG(s) 'meu_dag' retrieved from /home/patricia/Documentos/airflow/dags/meu_dag.py
[2024-05-07T21:03:54.853-0300] {logging_mixin.py:188} INFO - [2024-05-07T21:03:54.852-0300] {dag.py:3096} INFO - Sync 1 DAGs
[2024-05-07T21:03:54.897-0300] {logging_mixin.py:188} INFO - [2024-05-07T21:03:54.896-0300] {dag.py:3954} INFO - Setting next_dagrun for meu_dag to 2024-05-08 00:00:00+00:00, run_after=2024-05-09 00:00:00+00:00
[2024-05-07T21:03:54.944-0300] {processor.py:183} INFO - Processing /home/patricia/Documentos/airflow/dags/meu_dag.py took 0.219 seconds
[2024-05-07T21:04:46.631-0300] {processor.py:161} INFO - Started process (PID=71747) to work on /home/patricia/Documentos/airflow/dags/meu_dag.py
[2024-05-07T21:04:46.634-0300] {processor.py:830} INFO - Processing file /home/patricia/Documentos/airflow/dags/meu_dag.py for tasks to queue
[2024-05-07T21:04:46.652-0300] {logging_mixin.py:188} INFO - [2024-05-07T21:04:46.647-0300] {dagbag.py:545} INFO - Filling up the DagBag from /home/patricia/Documentos/airflow/dags/meu_dag.py
[2024-05-07T21:04:46.702-0300] {processor.py:840} INFO - DAG(s) 'meu_dag' retrieved from /home/patricia/Documentos/airflow/dags/meu_dag.py
[2024-05-07T21:04:46.800-0300] {logging_mixin.py:188} INFO - [2024-05-07T21:04:46.799-0300] {dag.py:3096} INFO - Sync 1 DAGs
[2024-05-07T21:04:46.905-0300] {logging_mixin.py:188} INFO - [2024-05-07T21:04:46.905-0300] {dag.py:3954} INFO - Setting next_dagrun for meu_dag to 2024-05-08 00:00:00+00:00, run_after=2024-05-09 00:00:00+00:00
[2024-05-07T21:04:47.006-0300] {processor.py:183} INFO - Processing /home/patricia/Documentos/airflow/dags/meu_dag.py took 0.399 seconds
[2024-05-07T21:05:32.798-0300] {processor.py:161} INFO - Started process (PID=71827) to work on /home/patricia/Documentos/airflow/dags/meu_dag.py
[2024-05-07T21:05:32.805-0300] {processor.py:830} INFO - Processing file /home/patricia/Documentos/airflow/dags/meu_dag.py for tasks to queue
[2024-05-07T21:05:32.808-0300] {logging_mixin.py:188} INFO - [2024-05-07T21:05:32.807-0300] {dagbag.py:545} INFO - Filling up the DagBag from /home/patricia/Documentos/airflow/dags/meu_dag.py
[2024-05-07T21:05:32.828-0300] {processor.py:840} INFO - DAG(s) 'meu_dag' retrieved from /home/patricia/Documentos/airflow/dags/meu_dag.py
[2024-05-07T21:05:32.854-0300] {logging_mixin.py:188} INFO - [2024-05-07T21:05:32.854-0300] {dag.py:3096} INFO - Sync 1 DAGs
[2024-05-07T21:05:32.880-0300] {logging_mixin.py:188} INFO - [2024-05-07T21:05:32.879-0300] {dag.py:3954} INFO - Setting next_dagrun for meu_dag to 2024-05-08 00:00:00+00:00, run_after=2024-05-09 00:00:00+00:00
[2024-05-07T21:05:32.957-0300] {processor.py:183} INFO - Processing /home/patricia/Documentos/airflow/dags/meu_dag.py took 0.176 seconds
