[2024-05-11T15:11:53.827-0300] {processor.py:161} INFO - Started process (PID=4603) to work on /home/patricia/Documentos/airflow/airflow_venv/lib/python3.10/site-packages/airflow/example_dags/subdags/subdag.py
[2024-05-11T15:11:53.911-0300] {processor.py:830} INFO - Processing file /home/patricia/Documentos/airflow/airflow_venv/lib/python3.10/site-packages/airflow/example_dags/subdags/subdag.py for tasks to queue
[2024-05-11T15:11:53.927-0300] {logging_mixin.py:188} INFO - [2024-05-11T15:11:53.927-0300] {dagbag.py:545} INFO - Filling up the DagBag from /home/patricia/Documentos/airflow/airflow_venv/lib/python3.10/site-packages/airflow/example_dags/subdags/subdag.py
[2024-05-11T15:11:53.941-0300] {processor.py:842} WARNING - No viable dags retrieved from /home/patricia/Documentos/airflow/airflow_venv/lib/python3.10/site-packages/airflow/example_dags/subdags/subdag.py
[2024-05-11T15:11:54.003-0300] {processor.py:183} INFO - Processing /home/patricia/Documentos/airflow/airflow_venv/lib/python3.10/site-packages/airflow/example_dags/subdags/subdag.py took 0.208 seconds
[2024-05-11T15:14:15.940-0300] {processor.py:161} INFO - Started process (PID=4835) to work on /home/patricia/Documentos/airflow/airflow_venv/lib/python3.10/site-packages/airflow/example_dags/subdags/subdag.py
[2024-05-11T15:14:15.945-0300] {processor.py:830} INFO - Processing file /home/patricia/Documentos/airflow/airflow_venv/lib/python3.10/site-packages/airflow/example_dags/subdags/subdag.py for tasks to queue
[2024-05-11T15:14:15.948-0300] {logging_mixin.py:188} INFO - [2024-05-11T15:14:15.948-0300] {dagbag.py:545} INFO - Filling up the DagBag from /home/patricia/Documentos/airflow/airflow_venv/lib/python3.10/site-packages/airflow/example_dags/subdags/subdag.py
[2024-05-11T15:14:15.951-0300] {processor.py:842} WARNING - No viable dags retrieved from /home/patricia/Documentos/airflow/airflow_venv/lib/python3.10/site-packages/airflow/example_dags/subdags/subdag.py
[2024-05-11T15:14:15.964-0300] {processor.py:183} INFO - Processing /home/patricia/Documentos/airflow/airflow_venv/lib/python3.10/site-packages/airflow/example_dags/subdags/subdag.py took 0.040 seconds
[2024-05-11T15:15:39.088-0300] {processor.py:161} INFO - Started process (PID=5024) to work on /home/patricia/Documentos/airflow/airflow_venv/lib/python3.10/site-packages/airflow/example_dags/subdags/subdag.py
[2024-05-11T15:15:39.095-0300] {processor.py:830} INFO - Processing file /home/patricia/Documentos/airflow/airflow_venv/lib/python3.10/site-packages/airflow/example_dags/subdags/subdag.py for tasks to queue
[2024-05-11T15:15:39.112-0300] {logging_mixin.py:188} INFO - [2024-05-11T15:15:39.107-0300] {dagbag.py:545} INFO - Filling up the DagBag from /home/patricia/Documentos/airflow/airflow_venv/lib/python3.10/site-packages/airflow/example_dags/subdags/subdag.py
[2024-05-11T15:15:39.124-0300] {processor.py:842} WARNING - No viable dags retrieved from /home/patricia/Documentos/airflow/airflow_venv/lib/python3.10/site-packages/airflow/example_dags/subdags/subdag.py
[2024-05-11T15:15:39.217-0300] {processor.py:183} INFO - Processing /home/patricia/Documentos/airflow/airflow_venv/lib/python3.10/site-packages/airflow/example_dags/subdags/subdag.py took 0.148 seconds
[2024-05-11T15:16:37.259-0300] {processor.py:161} INFO - Started process (PID=5141) to work on /home/patricia/Documentos/airflow/airflow_venv/lib/python3.10/site-packages/airflow/example_dags/subdags/subdag.py
[2024-05-11T15:16:37.267-0300] {processor.py:830} INFO - Processing file /home/patricia/Documentos/airflow/airflow_venv/lib/python3.10/site-packages/airflow/example_dags/subdags/subdag.py for tasks to queue
[2024-05-11T15:16:37.276-0300] {logging_mixin.py:188} INFO - [2024-05-11T15:16:37.275-0300] {dagbag.py:545} INFO - Filling up the DagBag from /home/patricia/Documentos/airflow/airflow_venv/lib/python3.10/site-packages/airflow/example_dags/subdags/subdag.py
[2024-05-11T15:16:37.279-0300] {processor.py:842} WARNING - No viable dags retrieved from /home/patricia/Documentos/airflow/airflow_venv/lib/python3.10/site-packages/airflow/example_dags/subdags/subdag.py
[2024-05-11T15:16:37.299-0300] {processor.py:183} INFO - Processing /home/patricia/Documentos/airflow/airflow_venv/lib/python3.10/site-packages/airflow/example_dags/subdags/subdag.py took 0.072 seconds
[2024-05-11T15:17:42.235-0300] {processor.py:161} INFO - Started process (PID=5298) to work on /home/patricia/Documentos/airflow/airflow_venv/lib/python3.10/site-packages/airflow/example_dags/subdags/subdag.py
[2024-05-11T15:17:42.239-0300] {processor.py:830} INFO - Processing file /home/patricia/Documentos/airflow/airflow_venv/lib/python3.10/site-packages/airflow/example_dags/subdags/subdag.py for tasks to queue
[2024-05-11T15:17:42.245-0300] {logging_mixin.py:188} INFO - [2024-05-11T15:17:42.244-0300] {dagbag.py:545} INFO - Filling up the DagBag from /home/patricia/Documentos/airflow/airflow_venv/lib/python3.10/site-packages/airflow/example_dags/subdags/subdag.py
[2024-05-11T15:17:42.251-0300] {processor.py:842} WARNING - No viable dags retrieved from /home/patricia/Documentos/airflow/airflow_venv/lib/python3.10/site-packages/airflow/example_dags/subdags/subdag.py
[2024-05-11T15:17:42.286-0300] {processor.py:183} INFO - Processing /home/patricia/Documentos/airflow/airflow_venv/lib/python3.10/site-packages/airflow/example_dags/subdags/subdag.py took 0.068 seconds
[2024-05-11T15:18:53.971-0300] {processor.py:161} INFO - Started process (PID=5911) to work on /home/patricia/Documentos/airflow/airflow_venv/lib/python3.10/site-packages/airflow/example_dags/subdags/subdag.py
[2024-05-11T15:18:53.974-0300] {processor.py:830} INFO - Processing file /home/patricia/Documentos/airflow/airflow_venv/lib/python3.10/site-packages/airflow/example_dags/subdags/subdag.py for tasks to queue
[2024-05-11T15:18:53.976-0300] {logging_mixin.py:188} INFO - [2024-05-11T15:18:53.975-0300] {dagbag.py:545} INFO - Filling up the DagBag from /home/patricia/Documentos/airflow/airflow_venv/lib/python3.10/site-packages/airflow/example_dags/subdags/subdag.py
[2024-05-11T15:18:53.979-0300] {processor.py:842} WARNING - No viable dags retrieved from /home/patricia/Documentos/airflow/airflow_venv/lib/python3.10/site-packages/airflow/example_dags/subdags/subdag.py
[2024-05-11T15:18:54.006-0300] {processor.py:183} INFO - Processing /home/patricia/Documentos/airflow/airflow_venv/lib/python3.10/site-packages/airflow/example_dags/subdags/subdag.py took 0.053 seconds
[2024-05-11T15:20:02.883-0300] {processor.py:161} INFO - Started process (PID=6058) to work on /home/patricia/Documentos/airflow/airflow_venv/lib/python3.10/site-packages/airflow/example_dags/subdags/subdag.py
[2024-05-11T15:20:02.886-0300] {processor.py:830} INFO - Processing file /home/patricia/Documentos/airflow/airflow_venv/lib/python3.10/site-packages/airflow/example_dags/subdags/subdag.py for tasks to queue
[2024-05-11T15:20:02.889-0300] {logging_mixin.py:188} INFO - [2024-05-11T15:20:02.888-0300] {dagbag.py:545} INFO - Filling up the DagBag from /home/patricia/Documentos/airflow/airflow_venv/lib/python3.10/site-packages/airflow/example_dags/subdags/subdag.py
[2024-05-11T15:20:02.899-0300] {processor.py:842} WARNING - No viable dags retrieved from /home/patricia/Documentos/airflow/airflow_venv/lib/python3.10/site-packages/airflow/example_dags/subdags/subdag.py
[2024-05-11T15:20:02.919-0300] {processor.py:183} INFO - Processing /home/patricia/Documentos/airflow/airflow_venv/lib/python3.10/site-packages/airflow/example_dags/subdags/subdag.py took 0.042 seconds
[2024-05-11T15:21:57.710-0300] {processor.py:161} INFO - Started process (PID=6256) to work on /home/patricia/Documentos/airflow/airflow_venv/lib/python3.10/site-packages/airflow/example_dags/subdags/subdag.py
[2024-05-11T15:21:57.714-0300] {processor.py:830} INFO - Processing file /home/patricia/Documentos/airflow/airflow_venv/lib/python3.10/site-packages/airflow/example_dags/subdags/subdag.py for tasks to queue
[2024-05-11T15:21:57.718-0300] {logging_mixin.py:188} INFO - [2024-05-11T15:21:57.717-0300] {dagbag.py:545} INFO - Filling up the DagBag from /home/patricia/Documentos/airflow/airflow_venv/lib/python3.10/site-packages/airflow/example_dags/subdags/subdag.py
[2024-05-11T15:21:57.722-0300] {processor.py:842} WARNING - No viable dags retrieved from /home/patricia/Documentos/airflow/airflow_venv/lib/python3.10/site-packages/airflow/example_dags/subdags/subdag.py
[2024-05-11T15:21:57.754-0300] {processor.py:183} INFO - Processing /home/patricia/Documentos/airflow/airflow_venv/lib/python3.10/site-packages/airflow/example_dags/subdags/subdag.py took 0.069 seconds
[2024-05-11T15:23:02.423-0300] {processor.py:161} INFO - Started process (PID=6391) to work on /home/patricia/Documentos/airflow/airflow_venv/lib/python3.10/site-packages/airflow/example_dags/subdags/subdag.py
[2024-05-11T15:23:02.426-0300] {processor.py:830} INFO - Processing file /home/patricia/Documentos/airflow/airflow_venv/lib/python3.10/site-packages/airflow/example_dags/subdags/subdag.py for tasks to queue
[2024-05-11T15:23:02.428-0300] {logging_mixin.py:188} INFO - [2024-05-11T15:23:02.427-0300] {dagbag.py:545} INFO - Filling up the DagBag from /home/patricia/Documentos/airflow/airflow_venv/lib/python3.10/site-packages/airflow/example_dags/subdags/subdag.py
[2024-05-11T15:23:02.431-0300] {processor.py:842} WARNING - No viable dags retrieved from /home/patricia/Documentos/airflow/airflow_venv/lib/python3.10/site-packages/airflow/example_dags/subdags/subdag.py
[2024-05-11T15:23:02.443-0300] {processor.py:183} INFO - Processing /home/patricia/Documentos/airflow/airflow_venv/lib/python3.10/site-packages/airflow/example_dags/subdags/subdag.py took 0.029 seconds
[2024-05-11T15:24:05.230-0300] {processor.py:161} INFO - Started process (PID=6521) to work on /home/patricia/Documentos/airflow/airflow_venv/lib/python3.10/site-packages/airflow/example_dags/subdags/subdag.py
[2024-05-11T15:24:05.232-0300] {processor.py:830} INFO - Processing file /home/patricia/Documentos/airflow/airflow_venv/lib/python3.10/site-packages/airflow/example_dags/subdags/subdag.py for tasks to queue
[2024-05-11T15:24:05.236-0300] {logging_mixin.py:188} INFO - [2024-05-11T15:24:05.235-0300] {dagbag.py:545} INFO - Filling up the DagBag from /home/patricia/Documentos/airflow/airflow_venv/lib/python3.10/site-packages/airflow/example_dags/subdags/subdag.py
[2024-05-11T15:24:05.239-0300] {processor.py:842} WARNING - No viable dags retrieved from /home/patricia/Documentos/airflow/airflow_venv/lib/python3.10/site-packages/airflow/example_dags/subdags/subdag.py
[2024-05-11T15:24:05.266-0300] {processor.py:183} INFO - Processing /home/patricia/Documentos/airflow/airflow_venv/lib/python3.10/site-packages/airflow/example_dags/subdags/subdag.py took 0.045 seconds
[2024-05-11T15:25:03.163-0300] {processor.py:161} INFO - Started process (PID=6634) to work on /home/patricia/Documentos/airflow/airflow_venv/lib/python3.10/site-packages/airflow/example_dags/subdags/subdag.py
[2024-05-11T15:25:03.169-0300] {processor.py:830} INFO - Processing file /home/patricia/Documentos/airflow/airflow_venv/lib/python3.10/site-packages/airflow/example_dags/subdags/subdag.py for tasks to queue
[2024-05-11T15:25:03.196-0300] {logging_mixin.py:188} INFO - [2024-05-11T15:25:03.174-0300] {dagbag.py:545} INFO - Filling up the DagBag from /home/patricia/Documentos/airflow/airflow_venv/lib/python3.10/site-packages/airflow/example_dags/subdags/subdag.py
[2024-05-11T15:25:03.267-0300] {processor.py:842} WARNING - No viable dags retrieved from /home/patricia/Documentos/airflow/airflow_venv/lib/python3.10/site-packages/airflow/example_dags/subdags/subdag.py
[2024-05-11T15:25:03.312-0300] {processor.py:183} INFO - Processing /home/patricia/Documentos/airflow/airflow_venv/lib/python3.10/site-packages/airflow/example_dags/subdags/subdag.py took 0.162 seconds
[2024-05-11T15:26:53.174-0300] {processor.py:161} INFO - Started process (PID=7575) to work on /home/patricia/Documentos/airflow/airflow_venv/lib/python3.10/site-packages/airflow/example_dags/subdags/subdag.py
[2024-05-11T15:26:53.177-0300] {processor.py:830} INFO - Processing file /home/patricia/Documentos/airflow/airflow_venv/lib/python3.10/site-packages/airflow/example_dags/subdags/subdag.py for tasks to queue
[2024-05-11T15:26:53.181-0300] {logging_mixin.py:188} INFO - [2024-05-11T15:26:53.180-0300] {dagbag.py:545} INFO - Filling up the DagBag from /home/patricia/Documentos/airflow/airflow_venv/lib/python3.10/site-packages/airflow/example_dags/subdags/subdag.py
[2024-05-11T15:26:53.183-0300] {processor.py:842} WARNING - No viable dags retrieved from /home/patricia/Documentos/airflow/airflow_venv/lib/python3.10/site-packages/airflow/example_dags/subdags/subdag.py
[2024-05-11T15:26:53.200-0300] {processor.py:183} INFO - Processing /home/patricia/Documentos/airflow/airflow_venv/lib/python3.10/site-packages/airflow/example_dags/subdags/subdag.py took 0.036 seconds
[2024-05-11T15:28:26.119-0300] {processor.py:161} INFO - Started process (PID=7766) to work on /home/patricia/Documentos/airflow/airflow_venv/lib/python3.10/site-packages/airflow/example_dags/subdags/subdag.py
[2024-05-11T15:28:26.122-0300] {processor.py:830} INFO - Processing file /home/patricia/Documentos/airflow/airflow_venv/lib/python3.10/site-packages/airflow/example_dags/subdags/subdag.py for tasks to queue
[2024-05-11T15:28:26.125-0300] {logging_mixin.py:188} INFO - [2024-05-11T15:28:26.125-0300] {dagbag.py:545} INFO - Filling up the DagBag from /home/patricia/Documentos/airflow/airflow_venv/lib/python3.10/site-packages/airflow/example_dags/subdags/subdag.py
[2024-05-11T15:28:26.128-0300] {processor.py:842} WARNING - No viable dags retrieved from /home/patricia/Documentos/airflow/airflow_venv/lib/python3.10/site-packages/airflow/example_dags/subdags/subdag.py
[2024-05-11T15:28:26.145-0300] {processor.py:183} INFO - Processing /home/patricia/Documentos/airflow/airflow_venv/lib/python3.10/site-packages/airflow/example_dags/subdags/subdag.py took 0.034 seconds
[2024-05-11T15:29:46.558-0300] {processor.py:161} INFO - Started process (PID=7923) to work on /home/patricia/Documentos/airflow/airflow_venv/lib/python3.10/site-packages/airflow/example_dags/subdags/subdag.py
[2024-05-11T15:29:46.672-0300] {processor.py:830} INFO - Processing file /home/patricia/Documentos/airflow/airflow_venv/lib/python3.10/site-packages/airflow/example_dags/subdags/subdag.py for tasks to queue
[2024-05-11T15:29:46.675-0300] {logging_mixin.py:188} INFO - [2024-05-11T15:29:46.674-0300] {dagbag.py:545} INFO - Filling up the DagBag from /home/patricia/Documentos/airflow/airflow_venv/lib/python3.10/site-packages/airflow/example_dags/subdags/subdag.py
[2024-05-11T15:29:46.680-0300] {processor.py:842} WARNING - No viable dags retrieved from /home/patricia/Documentos/airflow/airflow_venv/lib/python3.10/site-packages/airflow/example_dags/subdags/subdag.py
[2024-05-11T15:29:46.722-0300] {processor.py:183} INFO - Processing /home/patricia/Documentos/airflow/airflow_venv/lib/python3.10/site-packages/airflow/example_dags/subdags/subdag.py took 0.180 seconds
[2024-05-11T15:31:14.439-0300] {processor.py:161} INFO - Started process (PID=8151) to work on /home/patricia/Documentos/airflow/airflow_venv/lib/python3.10/site-packages/airflow/example_dags/subdags/subdag.py
[2024-05-11T15:31:14.443-0300] {processor.py:830} INFO - Processing file /home/patricia/Documentos/airflow/airflow_venv/lib/python3.10/site-packages/airflow/example_dags/subdags/subdag.py for tasks to queue
[2024-05-11T15:31:14.446-0300] {logging_mixin.py:188} INFO - [2024-05-11T15:31:14.445-0300] {dagbag.py:545} INFO - Filling up the DagBag from /home/patricia/Documentos/airflow/airflow_venv/lib/python3.10/site-packages/airflow/example_dags/subdags/subdag.py
[2024-05-11T15:31:14.450-0300] {processor.py:842} WARNING - No viable dags retrieved from /home/patricia/Documentos/airflow/airflow_venv/lib/python3.10/site-packages/airflow/example_dags/subdags/subdag.py
[2024-05-11T15:31:14.464-0300] {processor.py:183} INFO - Processing /home/patricia/Documentos/airflow/airflow_venv/lib/python3.10/site-packages/airflow/example_dags/subdags/subdag.py took 0.032 seconds
[2024-05-11T15:32:19.315-0300] {processor.py:161} INFO - Started process (PID=8382) to work on /home/patricia/Documentos/airflow/airflow_venv/lib/python3.10/site-packages/airflow/example_dags/subdags/subdag.py
[2024-05-11T15:32:19.320-0300] {processor.py:830} INFO - Processing file /home/patricia/Documentos/airflow/airflow_venv/lib/python3.10/site-packages/airflow/example_dags/subdags/subdag.py for tasks to queue
[2024-05-11T15:32:19.326-0300] {logging_mixin.py:188} INFO - [2024-05-11T15:32:19.323-0300] {dagbag.py:545} INFO - Filling up the DagBag from /home/patricia/Documentos/airflow/airflow_venv/lib/python3.10/site-packages/airflow/example_dags/subdags/subdag.py
[2024-05-11T15:32:19.330-0300] {processor.py:842} WARNING - No viable dags retrieved from /home/patricia/Documentos/airflow/airflow_venv/lib/python3.10/site-packages/airflow/example_dags/subdags/subdag.py
[2024-05-11T15:32:19.349-0300] {processor.py:183} INFO - Processing /home/patricia/Documentos/airflow/airflow_venv/lib/python3.10/site-packages/airflow/example_dags/subdags/subdag.py took 0.042 seconds
[2024-05-11T15:33:25.724-0300] {processor.py:161} INFO - Started process (PID=8693) to work on /home/patricia/Documentos/airflow/airflow_venv/lib/python3.10/site-packages/airflow/example_dags/subdags/subdag.py
[2024-05-11T15:33:25.726-0300] {processor.py:830} INFO - Processing file /home/patricia/Documentos/airflow/airflow_venv/lib/python3.10/site-packages/airflow/example_dags/subdags/subdag.py for tasks to queue
[2024-05-11T15:33:25.729-0300] {logging_mixin.py:188} INFO - [2024-05-11T15:33:25.729-0300] {dagbag.py:545} INFO - Filling up the DagBag from /home/patricia/Documentos/airflow/airflow_venv/lib/python3.10/site-packages/airflow/example_dags/subdags/subdag.py
[2024-05-11T15:33:25.732-0300] {processor.py:842} WARNING - No viable dags retrieved from /home/patricia/Documentos/airflow/airflow_venv/lib/python3.10/site-packages/airflow/example_dags/subdags/subdag.py
[2024-05-11T15:33:25.745-0300] {processor.py:183} INFO - Processing /home/patricia/Documentos/airflow/airflow_venv/lib/python3.10/site-packages/airflow/example_dags/subdags/subdag.py took 0.028 seconds
[2024-05-11T15:34:43.502-0300] {processor.py:161} INFO - Started process (PID=9344) to work on /home/patricia/Documentos/airflow/airflow_venv/lib/python3.10/site-packages/airflow/example_dags/subdags/subdag.py
[2024-05-11T15:34:43.505-0300] {processor.py:830} INFO - Processing file /home/patricia/Documentos/airflow/airflow_venv/lib/python3.10/site-packages/airflow/example_dags/subdags/subdag.py for tasks to queue
[2024-05-11T15:34:43.507-0300] {logging_mixin.py:188} INFO - [2024-05-11T15:34:43.507-0300] {dagbag.py:545} INFO - Filling up the DagBag from /home/patricia/Documentos/airflow/airflow_venv/lib/python3.10/site-packages/airflow/example_dags/subdags/subdag.py
[2024-05-11T15:34:43.510-0300] {processor.py:842} WARNING - No viable dags retrieved from /home/patricia/Documentos/airflow/airflow_venv/lib/python3.10/site-packages/airflow/example_dags/subdags/subdag.py
[2024-05-11T15:34:43.524-0300] {processor.py:183} INFO - Processing /home/patricia/Documentos/airflow/airflow_venv/lib/python3.10/site-packages/airflow/example_dags/subdags/subdag.py took 0.029 seconds
[2024-05-11T15:35:58.867-0300] {processor.py:161} INFO - Started process (PID=9548) to work on /home/patricia/Documentos/airflow/airflow_venv/lib/python3.10/site-packages/airflow/example_dags/subdags/subdag.py
[2024-05-11T15:35:58.878-0300] {processor.py:830} INFO - Processing file /home/patricia/Documentos/airflow/airflow_venv/lib/python3.10/site-packages/airflow/example_dags/subdags/subdag.py for tasks to queue
[2024-05-11T15:35:58.884-0300] {logging_mixin.py:188} INFO - [2024-05-11T15:35:58.883-0300] {dagbag.py:545} INFO - Filling up the DagBag from /home/patricia/Documentos/airflow/airflow_venv/lib/python3.10/site-packages/airflow/example_dags/subdags/subdag.py
[2024-05-11T15:35:58.895-0300] {processor.py:842} WARNING - No viable dags retrieved from /home/patricia/Documentos/airflow/airflow_venv/lib/python3.10/site-packages/airflow/example_dags/subdags/subdag.py
[2024-05-11T15:35:58.941-0300] {processor.py:183} INFO - Processing /home/patricia/Documentos/airflow/airflow_venv/lib/python3.10/site-packages/airflow/example_dags/subdags/subdag.py took 0.152 seconds
[2024-05-11T15:37:22.163-0300] {processor.py:161} INFO - Started process (PID=9827) to work on /home/patricia/Documentos/airflow/airflow_venv/lib/python3.10/site-packages/airflow/example_dags/subdags/subdag.py
[2024-05-11T15:37:22.165-0300] {processor.py:830} INFO - Processing file /home/patricia/Documentos/airflow/airflow_venv/lib/python3.10/site-packages/airflow/example_dags/subdags/subdag.py for tasks to queue
[2024-05-11T15:37:22.168-0300] {logging_mixin.py:188} INFO - [2024-05-11T15:37:22.167-0300] {dagbag.py:545} INFO - Filling up the DagBag from /home/patricia/Documentos/airflow/airflow_venv/lib/python3.10/site-packages/airflow/example_dags/subdags/subdag.py
[2024-05-11T15:37:22.171-0300] {processor.py:842} WARNING - No viable dags retrieved from /home/patricia/Documentos/airflow/airflow_venv/lib/python3.10/site-packages/airflow/example_dags/subdags/subdag.py
[2024-05-11T15:37:22.184-0300] {processor.py:183} INFO - Processing /home/patricia/Documentos/airflow/airflow_venv/lib/python3.10/site-packages/airflow/example_dags/subdags/subdag.py took 0.030 seconds
[2024-05-11T15:39:08.512-0300] {processor.py:161} INFO - Started process (PID=10010) to work on /home/patricia/Documentos/airflow/airflow_venv/lib/python3.10/site-packages/airflow/example_dags/subdags/subdag.py
[2024-05-11T15:39:08.514-0300] {processor.py:830} INFO - Processing file /home/patricia/Documentos/airflow/airflow_venv/lib/python3.10/site-packages/airflow/example_dags/subdags/subdag.py for tasks to queue
[2024-05-11T15:39:08.517-0300] {logging_mixin.py:188} INFO - [2024-05-11T15:39:08.516-0300] {dagbag.py:545} INFO - Filling up the DagBag from /home/patricia/Documentos/airflow/airflow_venv/lib/python3.10/site-packages/airflow/example_dags/subdags/subdag.py
[2024-05-11T15:39:08.520-0300] {processor.py:842} WARNING - No viable dags retrieved from /home/patricia/Documentos/airflow/airflow_venv/lib/python3.10/site-packages/airflow/example_dags/subdags/subdag.py
[2024-05-11T15:39:08.540-0300] {processor.py:183} INFO - Processing /home/patricia/Documentos/airflow/airflow_venv/lib/python3.10/site-packages/airflow/example_dags/subdags/subdag.py took 0.035 seconds
[2024-05-11T15:40:26.875-0300] {processor.py:161} INFO - Started process (PID=10538) to work on /home/patricia/Documentos/airflow/airflow_venv/lib/python3.10/site-packages/airflow/example_dags/subdags/subdag.py
[2024-05-11T15:40:26.878-0300] {processor.py:830} INFO - Processing file /home/patricia/Documentos/airflow/airflow_venv/lib/python3.10/site-packages/airflow/example_dags/subdags/subdag.py for tasks to queue
[2024-05-11T15:40:26.881-0300] {logging_mixin.py:188} INFO - [2024-05-11T15:40:26.880-0300] {dagbag.py:545} INFO - Filling up the DagBag from /home/patricia/Documentos/airflow/airflow_venv/lib/python3.10/site-packages/airflow/example_dags/subdags/subdag.py
[2024-05-11T15:40:26.897-0300] {processor.py:842} WARNING - No viable dags retrieved from /home/patricia/Documentos/airflow/airflow_venv/lib/python3.10/site-packages/airflow/example_dags/subdags/subdag.py
[2024-05-11T15:40:26.923-0300] {processor.py:183} INFO - Processing /home/patricia/Documentos/airflow/airflow_venv/lib/python3.10/site-packages/airflow/example_dags/subdags/subdag.py took 0.062 seconds
[2024-05-11T16:28:58.519-0300] {processor.py:161} INFO - Started process (PID=11073) to work on /home/patricia/Documentos/airflow/airflow_venv/lib/python3.10/site-packages/airflow/example_dags/subdags/subdag.py
[2024-05-11T16:28:58.590-0300] {processor.py:830} INFO - Processing file /home/patricia/Documentos/airflow/airflow_venv/lib/python3.10/site-packages/airflow/example_dags/subdags/subdag.py for tasks to queue
[2024-05-11T16:28:58.623-0300] {logging_mixin.py:188} INFO - [2024-05-11T16:28:58.622-0300] {dagbag.py:545} INFO - Filling up the DagBag from /home/patricia/Documentos/airflow/airflow_venv/lib/python3.10/site-packages/airflow/example_dags/subdags/subdag.py
[2024-05-11T16:28:58.631-0300] {processor.py:842} WARNING - No viable dags retrieved from /home/patricia/Documentos/airflow/airflow_venv/lib/python3.10/site-packages/airflow/example_dags/subdags/subdag.py
[2024-05-11T16:28:58.683-0300] {processor.py:183} INFO - Processing /home/patricia/Documentos/airflow/airflow_venv/lib/python3.10/site-packages/airflow/example_dags/subdags/subdag.py took 0.181 seconds
[2024-05-11T16:31:05.133-0300] {processor.py:161} INFO - Started process (PID=11323) to work on /home/patricia/Documentos/airflow/airflow_venv/lib/python3.10/site-packages/airflow/example_dags/subdags/subdag.py
[2024-05-11T16:31:05.195-0300] {processor.py:830} INFO - Processing file /home/patricia/Documentos/airflow/airflow_venv/lib/python3.10/site-packages/airflow/example_dags/subdags/subdag.py for tasks to queue
[2024-05-11T16:31:05.200-0300] {logging_mixin.py:188} INFO - [2024-05-11T16:31:05.199-0300] {dagbag.py:545} INFO - Filling up the DagBag from /home/patricia/Documentos/airflow/airflow_venv/lib/python3.10/site-packages/airflow/example_dags/subdags/subdag.py
[2024-05-11T16:31:05.206-0300] {processor.py:842} WARNING - No viable dags retrieved from /home/patricia/Documentos/airflow/airflow_venv/lib/python3.10/site-packages/airflow/example_dags/subdags/subdag.py
[2024-05-11T16:31:05.270-0300] {processor.py:183} INFO - Processing /home/patricia/Documentos/airflow/airflow_venv/lib/python3.10/site-packages/airflow/example_dags/subdags/subdag.py took 0.194 seconds
[2024-05-11T16:33:09.050-0300] {processor.py:161} INFO - Started process (PID=11559) to work on /home/patricia/Documentos/airflow/airflow_venv/lib/python3.10/site-packages/airflow/example_dags/subdags/subdag.py
[2024-05-11T16:33:09.056-0300] {processor.py:830} INFO - Processing file /home/patricia/Documentos/airflow/airflow_venv/lib/python3.10/site-packages/airflow/example_dags/subdags/subdag.py for tasks to queue
[2024-05-11T16:33:09.063-0300] {logging_mixin.py:188} INFO - [2024-05-11T16:33:09.062-0300] {dagbag.py:545} INFO - Filling up the DagBag from /home/patricia/Documentos/airflow/airflow_venv/lib/python3.10/site-packages/airflow/example_dags/subdags/subdag.py
[2024-05-11T16:33:09.074-0300] {processor.py:842} WARNING - No viable dags retrieved from /home/patricia/Documentos/airflow/airflow_venv/lib/python3.10/site-packages/airflow/example_dags/subdags/subdag.py
[2024-05-11T16:33:09.113-0300] {processor.py:183} INFO - Processing /home/patricia/Documentos/airflow/airflow_venv/lib/python3.10/site-packages/airflow/example_dags/subdags/subdag.py took 0.087 seconds
[2024-05-11T16:34:49.274-0300] {processor.py:161} INFO - Started process (PID=11757) to work on /home/patricia/Documentos/airflow/airflow_venv/lib/python3.10/site-packages/airflow/example_dags/subdags/subdag.py
[2024-05-11T16:34:49.279-0300] {processor.py:830} INFO - Processing file /home/patricia/Documentos/airflow/airflow_venv/lib/python3.10/site-packages/airflow/example_dags/subdags/subdag.py for tasks to queue
[2024-05-11T16:34:49.284-0300] {logging_mixin.py:188} INFO - [2024-05-11T16:34:49.284-0300] {dagbag.py:545} INFO - Filling up the DagBag from /home/patricia/Documentos/airflow/airflow_venv/lib/python3.10/site-packages/airflow/example_dags/subdags/subdag.py
[2024-05-11T16:34:49.291-0300] {processor.py:842} WARNING - No viable dags retrieved from /home/patricia/Documentos/airflow/airflow_venv/lib/python3.10/site-packages/airflow/example_dags/subdags/subdag.py
[2024-05-11T16:34:49.339-0300] {processor.py:183} INFO - Processing /home/patricia/Documentos/airflow/airflow_venv/lib/python3.10/site-packages/airflow/example_dags/subdags/subdag.py took 0.119 seconds
[2024-05-11T16:36:29.397-0300] {processor.py:161} INFO - Started process (PID=11908) to work on /home/patricia/Documentos/airflow/airflow_venv/lib/python3.10/site-packages/airflow/example_dags/subdags/subdag.py
[2024-05-11T16:36:29.416-0300] {processor.py:830} INFO - Processing file /home/patricia/Documentos/airflow/airflow_venv/lib/python3.10/site-packages/airflow/example_dags/subdags/subdag.py for tasks to queue
[2024-05-11T16:36:29.452-0300] {logging_mixin.py:188} INFO - [2024-05-11T16:36:29.449-0300] {dagbag.py:545} INFO - Filling up the DagBag from /home/patricia/Documentos/airflow/airflow_venv/lib/python3.10/site-packages/airflow/example_dags/subdags/subdag.py
[2024-05-11T16:36:29.475-0300] {processor.py:842} WARNING - No viable dags retrieved from /home/patricia/Documentos/airflow/airflow_venv/lib/python3.10/site-packages/airflow/example_dags/subdags/subdag.py
[2024-05-11T16:36:29.509-0300] {processor.py:183} INFO - Processing /home/patricia/Documentos/airflow/airflow_venv/lib/python3.10/site-packages/airflow/example_dags/subdags/subdag.py took 0.139 seconds
