[2024-06-05T12:28:29.627-0300] {local_task_job_runner.py:120} INFO - ::group::Pre task execution logs
[2024-06-05T12:28:29.676-0300] {taskinstance.py:2076} INFO - Dependencies all met for dep_context=non-requeueable deps ti=<TaskInstance: dag_patricia.extract_data scheduled__2024-06-04T00:00:00+00:00 [queued]>
[2024-06-05T12:28:29.686-0300] {taskinstance.py:2076} INFO - Dependencies all met for dep_context=requeueable deps ti=<TaskInstance: dag_patricia.extract_data scheduled__2024-06-04T00:00:00+00:00 [queued]>
[2024-06-05T12:28:29.686-0300] {taskinstance.py:2306} INFO - Starting attempt 1 of 1
[2024-06-05T12:28:29.817-0300] {taskinstance.py:2330} INFO - Executing <Task(PythonOperator): extract_data> on 2024-06-04 00:00:00+00:00
[2024-06-05T12:28:29.899-0300] {standard_task_runner.py:63} INFO - Started process 13996 to run task
[2024-06-05T12:28:29.910-0300] {standard_task_runner.py:90} INFO - Running: ['airflow', 'tasks', 'run', 'dag_patricia', 'extract_data', 'scheduled__2024-06-04T00:00:00+00:00', '--job-id', '244', '--raw', '--subdir', 'DAGS_FOLDER/meu_dag.py', '--cfg-path', '/tmp/tmpasbsi7sl']
[2024-06-05T12:28:29.911-0300] {standard_task_runner.py:91} INFO - Job 244: Subtask extract_data
[2024-06-05T12:28:30.073-0300] {task_command.py:426} INFO - Running <TaskInstance: dag_patricia.extract_data scheduled__2024-06-04T00:00:00+00:00 [running]> on host patricia-VirtualBox
[2024-06-05T12:28:30.328-0300] {taskinstance.py:2648} INFO - Exporting env vars: AIRFLOW_CTX_DAG_OWNER='airflow' AIRFLOW_CTX_DAG_ID='dag_patricia' AIRFLOW_CTX_TASK_ID='extract_data' AIRFLOW_CTX_EXECUTION_DATE='2024-06-04T00:00:00+00:00' AIRFLOW_CTX_TRY_NUMBER='1' AIRFLOW_CTX_DAG_RUN_ID='scheduled__2024-06-04T00:00:00+00:00'
[2024-06-05T12:28:30.335-0300] {taskinstance.py:430} INFO - ::endgroup::
[2024-06-05T12:28:30.341-0300] {meu_dag.py:19} INFO - Folder created at: /home/patricia/Documentos/airflow/pasta_2024-06-04
[2024-06-05T12:28:30.342-0300] {meu_dag.py:23} INFO - Downloading data from: https://weather.visualcrossing.com/VisualCrossingWebServices/rest/services/timeline/Boston/2024-06-04?unitGroup=metric&include=days&key=LBGDWPHK4ZVDH8AJL5KDVAJC5&contentType=csv
[2024-06-05T12:28:31.628-0300] {meu_dag.py:29} INFO - Data saved at: /home/patricia/Documentos/airflow/pasta_2024-06-04/weather_data.csv
[2024-06-05T12:28:31.628-0300] {python.py:237} INFO - Done. Returned value was: None
[2024-06-05T12:28:31.630-0300] {taskinstance.py:441} INFO - ::group::Post task execution logs
[2024-06-05T12:28:31.654-0300] {taskinstance.py:1206} INFO - Marking task as SUCCESS. dag_id=dag_patricia, task_id=extract_data, run_id=scheduled__2024-06-04T00:00:00+00:00, execution_date=20240604T000000, start_date=20240605T152829, end_date=20240605T152831
[2024-06-05T12:28:31.831-0300] {local_task_job_runner.py:240} INFO - Task exited with return code 0
[2024-06-05T12:28:31.864-0300] {taskinstance.py:3498} INFO - 0 downstream tasks scheduled from follow-on schedule check
[2024-06-05T12:28:31.884-0300] {local_task_job_runner.py:222} INFO - ::endgroup::
[2024-06-05T15:51:27.212-0300] {local_task_job_runner.py:120} INFO - ::group::Pre task execution logs
[2024-06-05T15:51:27.259-0300] {taskinstance.py:2076} INFO - Dependencies all met for dep_context=non-requeueable deps ti=<TaskInstance: dag_patricia.extract_data scheduled__2024-06-04T00:00:00+00:00 [queued]>
[2024-06-05T15:51:27.268-0300] {taskinstance.py:2076} INFO - Dependencies all met for dep_context=requeueable deps ti=<TaskInstance: dag_patricia.extract_data scheduled__2024-06-04T00:00:00+00:00 [queued]>
[2024-06-05T15:51:27.268-0300] {taskinstance.py:2306} INFO - Starting attempt 1 of 1
[2024-06-05T15:51:27.306-0300] {taskinstance.py:2330} INFO - Executing <Task(PythonOperator): extract_data> on 2024-06-04 00:00:00+00:00
[2024-06-05T15:51:27.313-0300] {standard_task_runner.py:63} INFO - Started process 82538 to run task
[2024-06-05T15:51:27.317-0300] {standard_task_runner.py:90} INFO - Running: ['airflow', 'tasks', 'run', 'dag_patricia', 'extract_data', 'scheduled__2024-06-04T00:00:00+00:00', '--job-id', '258', '--raw', '--subdir', 'DAGS_FOLDER/meu_dag.py', '--cfg-path', '/tmp/tmppdqjsawq']
[2024-06-05T15:51:27.318-0300] {standard_task_runner.py:91} INFO - Job 258: Subtask extract_data
[2024-06-05T15:51:27.821-0300] {task_command.py:426} INFO - Running <TaskInstance: dag_patricia.extract_data scheduled__2024-06-04T00:00:00+00:00 [running]> on host patricia-VirtualBox
[2024-06-05T15:51:28.219-0300] {taskinstance.py:2648} INFO - Exporting env vars: AIRFLOW_CTX_DAG_OWNER='airflow' AIRFLOW_CTX_DAG_ID='dag_patricia' AIRFLOW_CTX_TASK_ID='extract_data' AIRFLOW_CTX_EXECUTION_DATE='2024-06-04T00:00:00+00:00' AIRFLOW_CTX_TRY_NUMBER='1' AIRFLOW_CTX_DAG_RUN_ID='scheduled__2024-06-04T00:00:00+00:00'
[2024-06-05T15:51:28.221-0300] {taskinstance.py:430} INFO - ::endgroup::
[2024-06-05T15:51:28.222-0300] {meu_dag.py:19} INFO - Folder created at: /home/patricia/Documentos/airflow/pasta_2024-06-04
[2024-06-05T15:51:28.223-0300] {meu_dag.py:23} INFO - Downloading data from: https://weather.visualcrossing.com/VisualCrossingWebServices/rest/services/timeline/Boston/2024-06-04?unitGroup=metric&include=days&key=LBGDWPHK4ZVDH8AJL5KDVAJC5&contentType=csv
[2024-06-05T15:51:29.254-0300] {meu_dag.py:29} INFO - Data saved at: /home/patricia/Documentos/airflow/pasta_2024-06-04/weather_data.csv
[2024-06-05T15:51:29.255-0300] {python.py:237} INFO - Done. Returned value was: None
[2024-06-05T15:51:29.255-0300] {taskinstance.py:441} INFO - ::group::Post task execution logs
[2024-06-05T15:51:29.267-0300] {taskinstance.py:1206} INFO - Marking task as SUCCESS. dag_id=dag_patricia, task_id=extract_data, run_id=scheduled__2024-06-04T00:00:00+00:00, execution_date=20240604T000000, start_date=20240605T185127, end_date=20240605T185129
[2024-06-05T15:51:29.336-0300] {local_task_job_runner.py:240} INFO - Task exited with return code 0
[2024-06-05T15:51:29.360-0300] {taskinstance.py:3498} INFO - 0 downstream tasks scheduled from follow-on schedule check
[2024-06-05T15:51:29.361-0300] {local_task_job_runner.py:222} INFO - ::endgroup::
