[2024-05-13T12:55:06.844-0300] {local_task_job_runner.py:120} INFO - ::group::Pre task execution logs
[2024-05-13T12:55:06.860-0300] {taskinstance.py:2076} INFO - Dependencies all met for dep_context=non-requeueable deps ti=<TaskInstance: meu_primeiro_dag.cria_pasta scheduled__2024-05-12T00:00:00+00:00 [queued]>
[2024-05-13T12:55:06.870-0300] {taskinstance.py:2076} INFO - Dependencies all met for dep_context=requeueable deps ti=<TaskInstance: meu_primeiro_dag.cria_pasta scheduled__2024-05-12T00:00:00+00:00 [queued]>
[2024-05-13T12:55:06.871-0300] {taskinstance.py:2306} INFO - Starting attempt 1 of 1
[2024-05-13T12:55:06.903-0300] {taskinstance.py:2330} INFO - Executing <Task(BashOperator): cria_pasta> on 2024-05-12 00:00:00+00:00
[2024-05-13T12:55:06.913-0300] {standard_task_runner.py:63} INFO - Started process 21693 to run task
[2024-05-13T12:55:06.923-0300] {standard_task_runner.py:90} INFO - Running: ['airflow', 'tasks', 'run', 'meu_primeiro_dag', 'cria_pasta', 'scheduled__2024-05-12T00:00:00+00:00', '--job-id', '60', '--raw', '--subdir', 'DAGS_FOLDER/meu_dag.py', '--cfg-path', '/tmp/tmpu__3s5vm']
[2024-05-13T12:55:06.926-0300] {standard_task_runner.py:91} INFO - Job 60: Subtask cria_pasta
[2024-05-13T12:55:06.986-0300] {task_command.py:426} INFO - Running <TaskInstance: meu_primeiro_dag.cria_pasta scheduled__2024-05-12T00:00:00+00:00 [running]> on host patricia-VirtualBox
[2024-05-13T12:55:07.121-0300] {taskinstance.py:2648} INFO - Exporting env vars: AIRFLOW_CTX_DAG_OWNER='airflow' AIRFLOW_CTX_DAG_ID='meu_primeiro_dag' AIRFLOW_CTX_TASK_ID='cria_pasta' AIRFLOW_CTX_EXECUTION_DATE='2024-05-12T00:00:00+00:00' AIRFLOW_CTX_TRY_NUMBER='1' AIRFLOW_CTX_DAG_RUN_ID='scheduled__2024-05-12T00:00:00+00:00'
[2024-05-13T12:55:07.124-0300] {taskinstance.py:430} INFO - ::endgroup::
[2024-05-13T12:55:07.125-0300] {subprocess.py:63} INFO - Tmp dir root location: /tmp
[2024-05-13T12:55:07.130-0300] {subprocess.py:75} INFO - Running command: ['/usr/bin/bash', '-c', 'mkdir -p "/home/millenagena/Documents/airflowalura/pasta"']
[2024-05-13T12:55:07.152-0300] {subprocess.py:86} INFO - Output:
[2024-05-13T12:55:07.180-0300] {subprocess.py:93} INFO - mkdir: não foi possível criar o diretório “/home/millenagena”: Permissão negada
[2024-05-13T12:55:07.181-0300] {subprocess.py:97} INFO - Command exited with return code 1
[2024-05-13T12:55:07.181-0300] {taskinstance.py:441} INFO - ::group::Post task execution logs
[2024-05-13T12:55:07.188-0300] {taskinstance.py:2905} ERROR - Task failed with exception
Traceback (most recent call last):
  File "/home/patricia/Documentos/airflow/airflow_venv/lib/python3.10/site-packages/airflow/models/taskinstance.py", line 465, in _execute_task
    result = _execute_callable(context=context, **execute_callable_kwargs)
  File "/home/patricia/Documentos/airflow/airflow_venv/lib/python3.10/site-packages/airflow/models/taskinstance.py", line 432, in _execute_callable
    return execute_callable(context=context, **execute_callable_kwargs)
  File "/home/patricia/Documentos/airflow/airflow_venv/lib/python3.10/site-packages/airflow/models/baseoperator.py", line 400, in wrapper
    return func(self, *args, **kwargs)
  File "/home/patricia/Documentos/airflow/airflow_venv/lib/python3.10/site-packages/airflow/operators/bash.py", line 243, in execute
    raise AirflowException(
airflow.exceptions.AirflowException: Bash command failed. The command returned a non-zero exit code 1.
[2024-05-13T12:55:07.193-0300] {taskinstance.py:1206} INFO - Marking task as FAILED. dag_id=meu_primeiro_dag, task_id=cria_pasta, run_id=scheduled__2024-05-12T00:00:00+00:00, execution_date=20240512T000000, start_date=20240513T155506, end_date=20240513T155507
[2024-05-13T12:55:07.533-0300] {standard_task_runner.py:110} ERROR - Failed to execute job 60 for task cria_pasta (Bash command failed. The command returned a non-zero exit code 1.; 21693)
[2024-05-13T12:55:07.575-0300] {local_task_job_runner.py:240} INFO - Task exited with return code 1
[2024-05-13T12:55:07.593-0300] {taskinstance.py:3498} INFO - 0 downstream tasks scheduled from follow-on schedule check
[2024-05-13T12:55:07.597-0300] {local_task_job_runner.py:222} INFO - ::endgroup::
